Gurobi Optimizer version 11.0.1 build v11.0.1rc0 (linux64 - "CentOS Linux 7 (Core)")

CPU model: Intel(R) Xeon(R) Gold 6230R CPU @ 2.10GHz, instruction set [SSE2|AVX|AVX2|AVX512]
Thread count: 52 physical cores, 52 logical processors, using up to 1 threads

Optimize a model with 35331 rows, 11250 columns and 107362 nonzeros
Model fingerprint: 0xd6ccbe9b
Variable types: 5600 continuous, 5650 integer (5650 binary)
Coefficient statistics:
  Matrix range     [7e-07, 5e+01]
  Objective range  [2e+01, 2e+03]
  Bounds range     [1e+00, 1e+00]
  RHS range        [1e+00, 7e+00]
Found heuristic solution: objective -0.0000000
Presolve added 0 rows and 21 columns
Presolve removed 8934 rows and 0 columns
Presolve time: 0.44s
Presolved: 26397 rows, 11271 columns, 74651 nonzeros
Variable types: 5561 continuous, 5710 integer (5609 binary)

Root relaxation: objective 3.695898e+04, 16312 iterations, 2.63 seconds (3.39 work units)

    Nodes    |    Current Node    |     Objective Bounds      |     Work
 Expl Unexpl |  Obj  Depth IntInf | Incumbent    BestBd   Gap | It/Node Time

     0     0 36958.9751    0 5701   -0.00000 36958.9751      -     -    5s
     0     0 36032.2880    0 5598   -0.00000 36032.2880      -     -   11s
H    0     0                    7388.2084060 36029.5575   388%     -   11s
H    0     0                    8171.6495457 36029.5575   341%     -   12s
     0     0 34670.6630    0 4884 8171.64955 34670.6630   324%     -   14s
     0     0 34129.6348    0 4972 8171.64955 34129.6348   318%     -   15s
     0     0 34128.4204    0 4972 8171.64955 34128.4204   318%     -   15s
     0     0 33716.5654    0 4917 8171.64955 33716.5654   313%     -   20s
H    0     0                    11219.725995 33699.9860   200%     -   21s
     0     0 33598.7642    0 4939 11219.7260 33598.7642   199%     -   21s
     0     0 33598.7430    0 4939 11219.7260 33598.7430   199%     -   21s
     0     0 33431.4639    0 5211 11219.7260 33431.4639   198%     -   28s
     0     0 33414.0868    0 5249 11219.7260 33414.0868   198%     -   29s
     0     0 33411.6208    0 5254 11219.7260 33411.6208   198%     -   29s
     0     0 33411.6070    0 5255 11219.7260 33411.6070   198%     -   30s
     0     0 33200.2272    0 5183 11219.7260 33200.2272   196%     -   38s
H    0     0                    12111.293428 33197.9250   174%     -   38s
     0     0 33176.5111    0 5201 12111.2934 33176.5111   174%     -   39s
     0     0 33175.0889    0 5205 12111.2934 33175.0889   174%     -   39s
     0     0 33175.0546    0 5204 12111.2934 33175.0546   174%     -   39s
     0     0 33139.2105    0 5103 12111.2934 33139.2105   174%     -   49s
     0     0 33131.5060    0 5262 12111.2934 33131.5060   174%     -   50s
     0     0 33130.8624    0 5368 12111.2934 33130.8624   174%     -   50s
     0     0 33114.0676    0 5230 12111.2934 33114.0676   173%     -   60s
H    0     0                    12161.030142 33111.6085   172%     -   61s
     0     0 33111.6085    0 5357 12161.0301 33111.6085   172%     -   61s
     0     0 33111.6085    0 5350 12161.0301 33111.6085   172%     -   61s
     0     0 33105.0743    0 5387 12161.0301 33105.0743   172%     -   72s
     0     0 33103.7064    0 5450 12161.0301 33103.7064   172%     -   73s
     0     0 33086.5610    0 5488 12161.0301 33086.5610   172%     -   85s
     0     0 33085.5108    0 5433 12161.0301 33085.5108   172%     -   85s
     0     0 33073.6352    0 5382 12161.0301 33073.6352   172%     -   97s
     0     0 33071.7522    0 5444 12161.0301 33071.7522   172%     -   97s
     0     0 33071.6035    0 5437 12161.0301 33071.6035   172%     -   97s
     0     0 33068.8253    0 5324 12161.0301 33068.8253   172%     -  108s
     0     0 33068.0976    0 5324 12161.0301 33068.0976   172%     -  112s
H    0     0                    14863.006269 33068.0976   122%     -  159s
H    0     0                    15530.395619 33068.0976   113%     -  159s
H    0     0                    16419.257537 33068.0976   101%     -  159s
     0     2 33067.5592    0 5324 16419.2575 33067.5592   101%     -  159s
     1     3 33056.3514    1 5307 16419.2575 33067.5592   101%  1565  160s
     7     9 31915.8907    4 4870 16419.2575 33067.5592   101%  1663  165s
    13    15 31312.9574    7 4600 16419.2575 33067.5592   101%  1525  170s
    24    26 30458.6020   13 4424 16419.2575 33067.5592   101%  1181  175s
H   26    26                    16686.118666 33067.5592  98.2%  1132  175s
H   27    27                    16686.119214 33067.5592  98.2%  1104  176s
    38    40 29165.2959   21 3643 16686.1192 33067.5592  98.2%  1011  180s
H   52    52                    16837.195943 33067.5592  96.4%   928  184s
H   54    54                    16837.196950 33067.5592  96.4%   924  185s
    73    75 22171.7833   40 2223 16837.1969 33067.5592  96.4%   916  190s
H   81    79                    16837.197286 33067.5592  96.4%   857  191s
   107    99 20413.1151   60 2115 16837.1973 33067.5592  96.4%   740  195s
H  135   125                    16837.201792 33067.5592  96.4%   705  200s
   195   176     cutoff  113      16837.2018 33067.5592  96.4%   589  205s
H  216   179                    16870.946062 33067.5592  96.0%   559  208s
   224   181 32243.7706    1 4861 16870.9461 32243.7706  91.1%   559  211s
   230   187 30638.8954    6 4868 16870.9461 32243.7706  91.1%   576  215s
H  234   180                    17249.185066 32243.7706  86.9%   578  217s
   242   190 27932.6684   15 4321 17249.1851 32243.7706  86.9%   587  220s
H  260   206                    17266.806197 32243.7706  86.7%   574  225s
H  286   231                    17291.798410 32243.7706  86.5%   555  229s
   292   239 22664.8256   59 1983 17291.7984 32243.7706  86.5%   549  230s
H  312   254                    17315.497515 32243.7706  86.2%   528  231s
   440   373 18263.0237  178  870 17315.4975 32243.7706  86.2%   390  235s
   467   380 24077.0548    3 3876 17315.4975 32203.4643  86.0%   395  240s
H  469   366                    17544.264710 32203.4643  83.6%   396  245s
   482   381 20611.4601   15 3344 17544.2647 32203.4643  83.6%   412  250s
   507   397 31806.3170    3 5198 17544.2647 32144.9658  83.2%   409  255s
   513   403 29749.2877    7 4894 17544.2647 32144.9658  83.2%   420  260s
   530   420 26448.8656   22 3851 17544.2647 32144.9658  83.2%   427  265s
   547   437 22752.3049   33 2837 17544.2647 32144.9658  83.2%   434  270s
   562   451 23344.1601   54 5324 17544.2647 32144.9658  83.2%   432  302s
   564   452 21438.5040   43 5682 17544.2647 32144.9658  83.2%   430  324s
   565   453 19771.3782   93 4673 17544.2647 32144.9658  83.2%   429  345s
   570   456 23309.6100   56 5105 17544.2647 32144.9658  83.2%   426  369s
   571   457 24944.0770   35 5125 17544.2647 32144.9658  83.2%   425  395s
   574   459 22489.0575   44 5307 17544.2647 32144.9658  83.2%   423  413s
   575   460 17874.2214  156 5329 17544.2647 32144.9658  83.2%   422  427s
   577   461 20229.4749   20 5376 17544.2647 32144.9658  83.2%   420  431s
   578   462 29417.9050   22 5486 17544.2647 32144.9658  83.2%   420  442s
H  578   438                    17572.953398 32144.9658  82.9%   420  457s
   581   440 23660.4448   46 5480 17572.9534 32144.9658  82.9%   418  469s
   582   440 30222.6415    5 5383 17572.9534 32144.9658  82.9%   417  485s
   583   441 18550.5870  104 5425 17572.9534 32144.9658  82.9%   416  498s
H  583   419                    17594.386137 32100.0585  82.4%   416  517s
   586   421 22325.4975   58 5383 17594.3861 32089.2341  82.4%   414  532s
   587   422 19390.7920  103 5430 17594.3861 32035.1534  82.1%   413  552s
   589   423 24643.5689   31 5462 17594.3861 32022.9253  82.0%   412  568s
   590   424 21642.2127   42 5422 17594.3861 31977.8642  81.8%   411  579s
   591   424 23443.5361   31 5425 17594.3861 31973.0503  81.7%   410  581s
   592   425 24308.8808   32 5428 17594.3861 31971.3629  81.7%   410  589s
   593   426 29953.0640   15 5392 17594.3861 31961.2498  81.7%   409  600s
   594   426 27711.9105   17 5404 17594.3861 31959.1534  81.6%   408  608s
   595   427 29453.3256    9 5332 17594.3861 31946.8986  81.6%   408  617s
   596   428 30603.1774   13 5332 17594.3861 31946.8986  81.6%   407  631s
H  596   406                    17594.563049 31946.8986  81.6%   407  743s
H  596   385                    17624.560073 31946.8986  81.3%   407  743s
   598   388 31658.0100   13 5319 17624.5601 31942.8140  81.2%   526  752s
   599   389 31493.1322   13 5010 17624.5601 31657.3337  79.6%   533  761s
   600   389 31551.5548   14 5251 17624.5601 31650.0799  79.6%   537  766s
   601   390 30699.0421   14 4841 17624.5601 31551.4704  79.0%   543  772s
   602   391 30943.8032   15 4990 17624.5601 31549.6595  79.0%   557  785s
   603   391 30864.8550   15 4765 17624.5601 31492.9808  78.7%   564  791s
   604   392 30566.8680   16 4700 17624.5601 31492.9808  78.7%   567  795s
   607   394 29332.4961   17 4447 17624.5601 31492.9808  78.7%   578  803s
   608   395 29873.2645   18 4703 17624.5601 31492.9808  78.7%   580  805s
   611   397 28627.9552   19 4433 17624.5601 31492.9808  78.7%   587  812s
   614   399 28465.3598   21 4487 17624.5601 31492.9808  78.7%   592  815s
   617   401 27285.7584   22 4439 17624.5601 31492.9808  78.7%   598  820s
   620   403 27817.3988   24 4331 17624.5601 31492.9808  78.7%   604  826s
   622   404 27692.9074   25 4218 17624.5601 31492.9808  78.7%   607  831s
H  624   383                    17624.564151 31492.9808  78.7%   608  835s
   627   387 26076.0811   27 3880 17624.5642 31492.9808  78.7%   612  840s
   630   389 26478.4644   29 3784 17624.5642 31492.9808  78.7%   614  846s
   633   391 25329.0909   30 3602 17624.5642 31492.9808  78.7%   617  850s
   637   394 24360.2520   32 3388 17624.5642 31492.9808  78.7%   619  855s
   640   396 24298.0370   34 3318 17624.5642 31492.9808  78.7%   620  860s
   644   399 23851.6593   36 3137 17624.5642 31492.9808  78.7%   621  865s
   649   402 22183.7425   38 2938 17624.5642 31492.9808  78.7%   623  871s
   665   413 20714.4503   46 2014 17624.5642 31492.9808  78.7%   619  875s
H  678   400                    17624.564776 31492.9808  78.7%   615  878s
   694   400 31189.5877   14 5146 17624.5648 31486.1108  78.6%   609  902s
   695   401 30873.2229   15 4848 17624.5648 31486.1108  78.6%   613  906s
   696   401 30029.2679   15 4715 17624.5648 31486.1108  78.6%   618  911s
   698   403 29653.9230   16 4596 17624.5648 31486.1108  78.6%   623  916s
   700   404 29145.1998   17 4595 17624.5648 31486.1108  78.6%   627  921s
   701   405 29819.9911   18 4792 17624.5648 31486.1108  78.6%   628  925s
   703   406 28981.2220   19 4519 17624.5648 31486.1108  78.6%   634  932s
   705   407 28845.5311   20 4539 17624.5648 31486.1108  78.6%   637  938s
   706   408 27569.2599   20 4404 17624.5648 31486.1108  78.6%   640  940s
   708   409 27383.8859   21 4437 17624.5648 31486.1108  78.6%   644  945s
   710   411 26930.8958   22 4281 17624.5648 31486.1108  78.6%   646  950s
   713   413 27734.1599   24 3987 17624.5648 31486.1108  78.6%   648  957s
   715   414 27315.5715   25 3794 17624.5648 31486.1108  78.6%   651  961s
   718   416 25986.0798   26 3689 17624.5648 31486.1108  78.6%   654  965s
   721   418 26230.3778   28 3843 17624.5648 31486.1108  78.6%   655  972s
   723   419 26113.7247   29 3683 17624.5648 31486.1108  78.6%   657  975s
   727   422 25501.6119   31 3599 17624.5648 31486.1108  78.6%   659  982s
   729   423 24855.1817   32 3517 17624.5648 31486.1108  78.6%   660  985s
   733   426 24027.6000   34 3333 17624.5648 31486.1108  78.6%   662  991s
   737   429 23388.0259   36 3139 17624.5648 31486.1108  78.6%   663  996s
   740   431 22590.1374   37 2893 17624.5648 31486.1108  78.6%   666 1000s
   758   443 20610.6325   46 2030 17624.5648 31486.1108  78.6%   664 1005s
   787   458 17826.8053   61  699 17624.5648 31486.1108  78.6%   651 1012s
   793   454 29898.4424   14 4725 17624.5648 30943.7304  75.6%   652 1016s
   795   455 28823.7457   15 4452 17624.5648 30943.7304  75.6%   656 1020s
   800   459 27990.4062   18 4425 17624.5648 30943.7304  75.6%   659 1025s
   807   463 25577.8299   21 4153 17624.5648 30943.7304  75.6%   664 1030s
   814   468 25712.2238   25 3770 17624.5648 30943.7304  75.6%   668 1035s
   827   477 23541.8129   31 3402 17624.5648 30943.7304  75.6%   667 1040s
   844   488 21797.0558   40 2487 17624.5648 30943.7304  75.6%   665 1045s
   864   501 19004.3119   50 1539 17624.5648 30943.7304  75.6%   661 1050s
   897   497 30442.9055   16 4904 17624.5648 30943.4279  75.6%   647 1072s
   899   499 29206.3253   17 4598 17624.5648 30943.4279  75.6%   654 1080s
   902   501 29697.5204   19 4514 17624.5648 30943.4279  75.6%   659 1086s
   904   502 28980.1766   20 4324 17624.5648 30943.4279  75.6%   664 1092s
   905   503 28518.0031   20 4531 17624.5648 30943.4279  75.6%   667 1096s
   907   504 28080.6046   21 4341 17624.5648 30943.4279  75.6%   671 1100s
   910   506 27973.1148   23 4243 17624.5648 30943.4279  75.6%   674 1107s
   912   507 27803.8523   24 4068 17624.5648 30943.4279  75.6%   676 1111s
   914   509 27668.3938   25 3976 17624.5648 30943.4279  75.6%   677 1115s
   916   510 27277.7203   26 3840 17624.5648 30943.4279  75.6%   679 1120s
   920   513 26666.5113   28 3744 17624.5648 30943.4279  75.6%   681 1127s
   922   514 26475.1042   29 3642 17624.5648 30943.4279  75.6%   682 1130s
   926   517 25937.5026   31 3549 17624.5648 30943.4279  75.6%   685 1138s
   928   518 25703.5391   32 3459 17624.5648 30943.4279  75.6%   686 1141s
H  930   486                    17900.052405 30943.4279  72.9%   686 1145s
   934   491 24122.3602   35 3212 17900.0524 30943.4279  72.9%   688 1152s
H  936   473                    17900.195079 30943.4279  72.9%   688 1157s
   938   477 23273.6071   37 2996 17900.1951 30943.4279  72.9%   689 1160s
   942   479 22508.0967   39 2802 17900.1951 30943.4279  72.9%   691 1165s
   946   482 22215.1444   41 2712 17900.1951 30943.4279  72.9%   691 1170s
   950   485 21675.6499   43 2394 17900.1951 30943.4279  72.9%   692 1176s
   954   487 21189.0281   45 2267 17900.1951 30943.4279  72.9%   693 1180s
   959   491 19488.9795   47 1826 17900.1951 30943.4279  72.9%   693 1185s
H  962   475                    17900.226784 30943.4279  72.9%   693 1191s
H  966   461                    17900.228152 30943.4279  72.9%   693 1197s
   970   466 19134.0302   53 1552 17900.2282 30943.4279  72.9%   693 1200s
   978   465 18197.7088   57 1101 17900.2282 30943.4279  72.9%   691 1205s
   982   462 29698.0107   16 4718 17900.2282 30697.5849  71.5%   694 1227s
   983   463 29593.2519   17 4602 17900.2282 30697.5849  71.5%   694 1231s
   985   464 29080.4946   18 4525 17900.2282 30697.5849  71.5%   699 1238s
   986   465 28283.0284   18 4347 17900.2282 30697.5849  71.5%   702 1241s
   987   465 28354.4792   19 4550 17900.2282 30697.5849  71.5%   704 1246s
   989   467 28210.4751   20 4271 17900.2282 30697.5849  71.5%   706 1250s
   991   468 27499.9270   21 4137 17900.2282 30697.5849  71.5%   708 1255s
   993   469 27392.8668   22 4043 17900.2282 30697.5849  71.5%   710 1261s
   995   471 27309.1204   23 4051 17900.2282 30697.5849  71.5%   712 1265s
   998   473 26149.9881   24 3900 17900.2282 30697.5849  71.5%   714 1270s
  1000   474 25849.0189   25 3720 17900.2282 30697.5849  71.5%   715 1275s
  1003   476 26235.4575   27 3635 17900.2282 30697.5849  71.5%   716 1281s
  1005   477 25820.3883   28 3559 17900.2282 30697.5849  71.5%   717 1285s
  1009   480 24991.0219   30 3472 17900.2282 30697.5849  71.5%   719 1290s
  1013   483 24178.9751   32 3273 17900.2282 30697.5849  71.5%   720 1297s
H 1014   466                    17900.230526 30697.5849  71.5%   719 1303s
  1015   469 23716.4569   33 3195 17900.2305 30697.5849  71.5%   720 1306s
  1019   472 22690.2346   35 3031 17900.2305 30697.5849  71.5%   722 1311s
H 1020   448                    17958.296504 30697.5849  70.9%   721 1313s
  1021   451 22177.5320   36 2938 17958.2965 30697.5849  70.9%   722 1316s
  1026   454 21157.0398   38 2721 17958.2965 30697.5849  70.9%   723 1321s
  1029   456 20558.1908   40 2544 17958.2965 30697.5849  70.9%   724 1326s
  1033   459 20027.1269   42 2332 17958.2965 30697.5849  70.9%   725 1331s
  1037   462 19418.3354   44 2122 17958.2965 30697.5849  70.9%   725 1336s
H 1040   449                    18007.049028 30697.5849  70.5%   724 1338s
  1041   451 18949.6410   46 1925 18007.0490 30697.5849  70.5%   725 1340s
  1049   447 30302.9761   15 4650 18007.0490 30696.7791  70.5%   725 1363s
  1050   447 29793.9063   16 4674 18007.0490 30696.7791  70.5%   726 1366s
  1052   449 29523.3785   17 4568 18007.0490 30696.7791  70.5%   727 1371s
  1054   450 28828.8338   18 4617 18007.0490 30696.7791  70.5%   731 1378s
  1055   451 28390.0907   18 4491 18007.0490 30696.7791  70.5%   733 1381s
  1058   453 28641.0620   20 4447 18007.0490 30696.7791  70.5%   734 1386s
  1060   454 27820.6196   21 4333 18007.0490 30696.7791  70.5%   737 1392s
  1062   455 27788.5720   22 4342 18007.0490 30696.7791  70.5%   738 1395s
  1064   457 27701.3578   23 4338 18007.0490 30696.7791  70.5%   742 1400s
H 1066   443                    18007.050103 30696.7791  70.5%   742 1411s
  1068   446 27419.8395   25 4055 18007.0501 30696.7791  70.5%   744 1415s
  1071   448 26076.2843   26 3970 18007.0501 30696.7791  70.5%   746 1420s
  1075   451 25686.3245   28 3702 18007.0501 30696.7791  70.5%   747 1425s
  1078   453 25690.5753   30 3764 18007.0501 30696.7791  70.5%   748 1430s
  1083   456 24295.5647   32 3502 18007.0501 30696.7791  70.5%   749 1435s
  1102   469 21870.9227   42 2556 18007.0501 30696.7791  70.5%   747 1440s
  1117   479 19193.0641   49 1835 18007.0501 30696.7791  70.5%   745 1445s
  1136   481 29273.9847   15 4490 18007.0501 30029.1477  66.8%   741 1453s
  1137   481 28673.7271   16 4565 18007.0501 30029.1477  66.8%   742 1461s
  1141   484 28262.7623   18 4564 18007.0501 30029.1477  66.8%   744 1465s
  1146   487 26709.7792   20 4531 18007.0501 30029.1477  66.8%   746 1470s
  1152   491 20072.1681   23 3049 18007.0501 30029.1477  66.8%   751 1476s
  1157   495 26727.3672   26 3971 18007.0501 30029.1477  66.8%   751 1482s
  1164   499 25551.3307   29 3623 18007.0501 30029.1477  66.8%   751 1485s
  1178   507     cutoff   36      18007.0501 30029.1477  66.8%   751 1490s
  1187   513 23594.0049   41 2753 18007.0501 30029.1477  66.8%   749 1495s
  1189   514 23403.3937   42 2556 18007.0501 30029.1477  66.8%   749 1502s
  1200   521 21343.7124   47 2028 18007.0501 30029.1477  66.8%   747 1505s
  1216   532 18369.7835   55 1057 18007.0501 30029.1477  66.8%   743 1510s
  1254   525 28934.8721   16 4243 18007.0501 30026.4067  66.7%   727 1528s
  1255   526 28486.0884   17 4368 18007.0501 30026.4067  66.7%   728 1530s
  1261   530 27233.1812   20 3933 18007.0501 30026.4067  66.7%   731 1535s
H 1266   529                    18007.053303 30026.4067  66.7%   731 1541s
  1272   537 25783.1743   25 3676 18007.0533 30026.4067  66.7%   735 1545s
  1284   549 24807.0659   31 3322 18007.0533 30026.4067  66.7%   735 1550s
  1293   556 23875.9558   36 3077 18007.0533 30026.4067  66.7%   735 1555s
  1295   558 23806.4480   37 2985 18007.0533 30026.4067  66.7%   734 1562s
  1306   569 21861.6017   42 2566 18007.0533 30026.4067  66.7%   732 1565s
  1320   583 20036.6894   49 1787 18007.0533 30026.4067  66.7%   731 1570s
  1374   611 29850.2549   16 4650 18007.0533 29850.2549  65.8%   710 1590s
  1377   614 28804.4026   17 4112 18007.0533 29652.9631  64.7%   714 1595s
  1380   617 27437.5906   20 4013 18007.0533 29652.9631  64.7%   716 1600s
  1383   620 26766.4590   20 3776 18007.0533 29652.9631  64.7%   719 1605s
  1395   632 25668.2480   28 3368 18007.0533 29652.9631  64.7%   717 1610s
H 1401   631                    18079.871951 29652.9631  64.0%   716 1614s
  1403   635 25352.5240   34 2969 18079.8720 29652.9631  64.0%   716 1615s
  1421   653 21981.6689   44 2097 18079.8720 29652.9631  64.0%   713 1620s
H 1455   683                    18079.871969 29652.9631  64.0%   702 1625s
  1465   687 27843.1334   19 4231 18079.8720 29651.5666  64.0%   701 1630s
H 1467   687                    18081.410255 29651.5666  64.0%   700 1640s
  1471   693 26116.4615   21 3737 18081.4103 29651.5666  64.0%   704 1645s
  1482   704 24870.1621   28 3630 18081.4103 29651.5666  64.0%   702 1650s
  1500   722 21834.6652   42 2440 18081.4103 29651.5666  64.0%   698 1655s
  1527   749 18428.1970   67  323 18081.4103 29651.5666  64.0%   690 1660s
  1544   749 29438.6109   17 4641 18081.4103 29507.4100  63.2%   683 1674s
  1545   750 28888.2818   18 4508 18081.4103 29507.4100  63.2%   684 1676s
  1548   753 27977.5987   19 4006 18081.4103 29507.4100  63.2%   687 1681s
  1552   757 27251.5860   20 3834 18081.4103 29507.4100  63.2%   689 1685s
  1560   765 26189.3422   28 3448 18081.4103 29507.4100  63.2%   689 1690s
  1566   771 25151.8715   32 3191 18081.4103 29507.4100  63.2%   689 1695s
  1586   791 21789.4739   44 2108 18081.4103 29507.4100  63.2%   686 1700s
H 1590   793                    18081.419722 29507.4100  63.2%   685 1702s
  1590   795 21280.4014   44 2149 18081.4197 29507.4100  63.2%   686 1710s
H 1617   817                    18104.896559 29507.4100  63.0%   678 1715s
  1623   818 28763.8469   17 4421 18104.8966 29460.0935  62.7%   678 1732s
  1626   821 28060.8873   20 4473 18104.8966 29460.0935  62.7%   679 1735s
  1631   826 27060.8066   23 4190 18104.8966 29460.0935  62.7%   681 1740s
  1642   837 25103.6325   31 3370 18104.8966 29460.0935  62.7%   681 1745s
H 1644   831                    18180.306879 29460.0935  62.0%   680 1748s
  1649   838 24368.0015   35 3096 18180.3069 29460.0935  62.0%   680 1750s
  1665   854 21361.2842   46 1777 18180.3069 29460.0935  62.0%   679 1755s
  1685   874 18917.3793   58  680 18180.3069 29460.0935  62.0%   677 1760s
  1696   877 26655.2579   21 3928 18180.3069 29313.9939  61.2%   678 1766s
H 1698   875                    18221.350130 29313.9939  60.9%   678 1769s
  1698   877 26135.8049   21 3880 18221.3501 29313.9939  60.9%   678 1770s
  1705   884 26324.1375   24 3935 18221.3501 29313.9939  60.9%   680 1775s
  1717   896 24788.6349   31 3253 18221.3501 29313.9939  60.9%   679 1780s
  1728   907 23002.4472   39 2524 18221.3501 29313.9939  60.9%   678 1785s
  1752   931 18932.6004   53 1130 18221.3501 29313.9939  60.9%   674 1793s
  1762   933 28596.1711   18 4423 18221.3501 29292.1671  60.8%   672 1800s
  1766   937 27328.8532   19 4046 18221.3501 29292.1671  60.8%   675 1805s
  1770   941 26867.4060   20 4016 18221.3501 29292.1671  60.8%   678 1810s
  1780   951 25330.2700   28 3199 18221.3501 29292.1671  60.8%   678 1815s
  1790   961 24163.4093   35 2970 18221.3501 29292.1671  60.8%   677 1820s
  1818   989 19464.4448   56 1143 18221.3501 29292.1671  60.8%   674 1825s
  1828   992 28276.2110   18 4295 18221.3501 29206.2648  60.3%   673 1830s
  1831   995 27063.9674   21 3961 18221.3501 29206.2648  60.3%   675 1836s
H 1832   994                    18231.714910 29206.2648  60.2%   675 1839s
H 1833   988                    18286.947403 29206.2648  59.7%   676 1848s
  1834   991 26667.0280   20 3846 18286.9474 29206.2648  59.7%   677 1850s
  1843  1000 25719.4537   29 3304 18286.9474 29206.2648  59.7%   677 1855s
  1853  1010 24057.0686   31 3159 18286.9474 29206.2648  59.7%   678 1860s
  1869  1026 21759.3474   40 2574 18286.9474 29206.2648  59.7%   677 1865s
  1896  1043 28969.9919   18 4488 18286.9474 29197.7634  59.7%   673 1876s
H 1897  1042                    18286.947702 29197.7634  59.7%   673 1881s
  1898  1045 27823.1779   20 4418 18286.9477 29197.7634  59.7%   674 1885s
  1901  1048 27785.9570   21 4334 18286.9477 29197.7634  59.7%   676 1891s
  1903  1050 27618.6903   23 4035 18286.9477 29197.7634  59.7%   676 1896s
  1905  1052 27321.4403   25 3944 18286.9477 29197.7634  59.7%   676 1902s
  1906  1053 26845.9342   26 3848 18286.9477 29197.7634  59.7%   676 1905s
  1909  1056 26220.3855   28 3766 18286.9477 29197.7634  59.7%   677 1912s
  1911  1058 25741.0516   29 3769 18286.9477 29197.7634  59.7%   677 1915s
  1918  1065 25609.4622   30 3690 18286.9477 29197.7634  59.7%   678 1921s
H 1924  1069                    18286.947807 29197.7634  59.7%   676 1927s
  1936  1083 21770.1631   41 2611 18286.9478 29197.7634  59.7%   676 1930s
  1955  1102 19474.2943   55 1256 18286.9478 29197.7634  59.7%   673 1935s
  1970  1107 27655.5925   18 4524 18286.9478 29153.6339  59.4%   672 1940s
  1980  1117 26429.9955   28 3641 18286.9478 29153.6339  59.4%   672 1945s
  1999  1136 19743.6627   47 1922 18286.9478 29153.6339  59.4%   669 1950s
  2011  1138 28798.0038   19 4381 18286.9478 29147.8146  59.4%   667 1957s
  2012  1139 28475.2864   20 4347 18286.9478 29147.8146  59.4%   668 1961s
  2013  1140 27725.5238   21 4168 18286.9478 29147.8146  59.4%   669 1966s
  2015  1142 27474.2296   23 4173 18286.9478 29147.8146  59.4%   669 1970s
  2017  1144 27244.9001   25 3981 18286.9478 29147.8146  59.4%   669 1976s
  2020  1147 26916.8000   28 3699 18286.9478 29147.8146  59.4%   669 1982s
  2021  1148 26805.2893   29 3613 18286.9478 29147.8146  59.4%   669 1985s
  2022  1149 26592.7026   30 3517 18286.9478 29147.8146  59.4%   669 1991s
  2024  1151 26152.4041   32 3534 18286.9478 29147.8146  59.4%   670 1997s
  2025  1152 26017.7815   33 3449 18286.9478 29147.8146  59.4%   670 2000s
  2027  1154 25699.1268   35 3156 18286.9478 29147.8146  59.4%   670 2005s
  2029  1156 25332.1207   37 3016 18286.9478 29147.8146  59.4%   671 2011s
  2031  1158 24708.4796   39 2816 18286.9478 29147.8146  59.4%   671 2016s
  2033  1160 24129.6629   41 2625 18286.9478 29147.8146  59.4%   671 2021s
  2035  1162 23496.6836   43 2550 18286.9478 29147.8146  59.4%   671 2026s
  2037  1164 22524.4615   45 2352 18286.9478 29147.8146  59.4%   672 2030s
  2040  1167 21109.9219   48 2057 18286.9478 29147.8146  59.4%   671 2036s
  2043  1170 19600.2515   51 1763 18286.9478 29147.8146  59.4%   671 2041s
  2046  1173 18974.9746   54 1431 18286.9478 29147.8146  59.4%   671 2045s
  2055  1174 26764.9829   19 4006 18286.9478 29145.0678  59.4%   670 2050s
  2059  1178 26131.4907   21 3864 18286.9478 29145.0678  59.4%   671 2055s
  2069  1186 25169.9895   26 3494 18286.9478 29145.0678  59.4%   673 2060s
  2081  1198 23062.7515   32 2919 18286.9478 29145.0678  59.4%   672 2065s
  2100  1217 21702.3448   42 2271 18286.9478 29145.0678  59.4%   670 2070s
H 2116  1231                    18286.949357 29145.0678  59.4%   669 2074s
  2119  1236 19024.7042   51 1398 18286.9494 29145.0678  59.4%   669 2075s
  2137  1237 26757.7532   20 3891 18286.9494 29143.1633  59.4%   667 2080s
  2146  1246 25368.5880   29 3141 18286.9494 29143.1633  59.4%   667 2085s
  2161  1261 20910.6725   44 1928 18286.9494 29143.1633  59.4%   666 2090s
H 2176  1266                    18286.949779 29143.1633  59.4%   664 2099s
  2177  1269 27276.8048   19 4161 18286.9498 29121.6326  59.2%   666 2101s
  2183  1275 26147.3221   25 3653 18286.9498 29121.6326  59.2%   666 2105s
  2199  1291 22424.0095   41 2377 18286.9498 29121.6326  59.2%   665 2110s
H 2210  1300                    18287.920240 29121.6326  59.2%   663 2121s
  2230  1315 27618.3466   19 4248 18287.9202 29041.3132  58.8%   660 2126s
  2232  1317 26627.7878   21 4010 18287.9202 29041.3132  58.8%   661 2131s
  2238  1323 25879.3780   24 3758 18287.9202 29041.3132  58.8%   662 2135s
  2248  1333 24148.3802   31 3071 18287.9202 29041.3132  58.8%   663 2140s
  2262  1347 22278.7777   39 2523 18287.9202 29041.3132  58.8%   662 2145s
  2293  1372 28447.8541   20 4247 18287.9202 29040.1537  58.8%   660 2157s
  2295  1374 26868.8686   22 4330 18287.9202 29040.1537  58.8%   661 2160s
  2307  1386 22018.7142   34 3155 18287.9202 29040.1537  58.8%   660 2165s
  2324  1395 27503.2229   20 4120 18287.9202 28873.2274  57.9%   660 2172s
  2326  1397 26526.6431   22 3760 18287.9202 28873.2274  57.9%   661 2175s
  2336  1407 25127.1516   32 2898 18287.9202 28873.2274  57.9%   661 2180s
  2342  1413 23307.3955   38 2301 18287.9202 28873.2274  57.9%   661 2186s
  2353  1424 19293.6876   49 1656 18287.9202 28873.2274  57.9%   661 2190s
  2363  1426 27844.1369   19 4095 18287.9202 28837.7751  57.7%   661 2195s
  2367  1430 26538.4443   23 3785 18287.9202 28837.7751  57.7%   662 2200s
  2377  1440 22424.5271   33 2711 18287.9202 28837.7751  57.7%   662 2205s
  2406  1460 28200.0995   19 4483 18287.9202 28825.1993  57.6%   658 2213s
  2408  1462 26975.5264   20 4080 18287.9202 28825.1993  57.6%   659 2215s
  2415  1469 25890.5462   23 3747 18287.9202 28825.1993  57.6%   660 2220s
  2426  1480 23018.6561   27 3193 18287.9202 28825.1993  57.6%   660 2225s
  2452  1498 19666.7086   37 2641 18287.9202 28825.1993  57.6%   657 2230s
  2473  1499 28400.7976   17 4428 18287.9202 28815.0492  57.6%   655 2238s
  2475  1501 27534.1056   19 4227 18287.9202 28815.0492  57.6%   656 2240s
  2482  1508 26069.8680   26 3708 18287.9202 28815.0492  57.6%   657 2245s
  2490  1516 22762.4331   34 3031 18287.9202 28815.0492  57.6%   656 2250s
  2515  1533 27814.3646   19 4319 18287.9202 28810.5167  57.5%   654 2258s
  2518  1536 26173.6799   22 4050 18287.9202 28810.5167  57.5%   654 2260s
  2531  1549 22870.7498   35 2896 18287.9202 28810.5167  57.5%   654 2265s
  2558  1568 27433.2480   16 4057 18287.9202 28808.7192  57.5%   652 2272s
  2560  1570 26487.2523   18 3768 18287.9202 28808.7192  57.5%   653 2275s
  2567  1577 23837.9119   25 3137 18287.9202 28808.7192  57.5%   653 2280s
  2576  1586 19592.4423   34 2450 18287.9202 28808.7192  57.5%   653 2287s
  2583  1593 18797.5728   41 1872 18287.9202 28808.7192  57.5%   652 2298s
  2591  1592 27616.4336   17 4080 18287.9202 28808.3851  57.5%   652 2300s
  2595  1596 26387.0857   21 3644 18287.9202 28808.3851  57.5%   653 2305s
  2601  1602 24818.8930   27 3249 18287.9202 28808.3851  57.5%   654 2310s
  2612  1613 20487.2272   38 2407 18287.9202 28808.3851  57.5%   654 2315s
  2641  1615 28321.1118   16 4204 18287.9202 28802.8439  57.5%   651 2325s
  2645  1619 26972.5289   20 3943 18287.9202 28802.8439  57.5%   653 2330s
  2654  1628 25784.5532   29 3060 18287.9202 28802.8439  57.5%   652 2335s
  2669  1643 20702.1852   44 1816 18287.9202 28802.8439  57.5%   652 2340s
  2685  1651 26469.2278   21 3918 18287.9202 28794.1615  57.4%   652 2346s
  2692  1658 25638.2022   28 3422 18287.9202 28794.1615  57.4%   652 2350s
  2704  1670 22863.3328   40 2391 18287.9202 28794.1615  57.4%   651 2355s
  2720  1678 26512.6489   21 3735 18287.9202 28785.0988  57.4%   652 2363s
  2722  1680 26009.1637   21 3877 18287.9202 28785.0988  57.4%   653 2365s
  2735  1693 23768.4312   31 3120 18287.9202 28785.0988  57.4%   652 2370s
  2748  1706 22176.2606   40 2404 18287.9202 28785.0988  57.4%   652 2385s
  2781  1730 28174.4154   18 4289 18287.9202 28785.0462  57.4%   650 2394s
  2782  1731 27461.7290   19 4386 18287.9202 28785.0462  57.4%   650 2395s
  2786  1735 26298.3274   23 3998 18287.9202 28785.0462  57.4%   651 2400s
  2798  1747 22385.6402   35 2863 18287.9202 28785.0462  57.4%   651 2405s
  2818  1757 27463.9239   18 3888 18287.9202 28761.5217  57.3%   650 2410s
  2827  1766 23982.7719   27 3023 18287.9202 28761.5217  57.3%   650 2415s
  2851  1790 20174.5672   51 1482 18287.9202 28761.5217  57.3%   648 2420s
  2865  1798 26455.4165   20 3804 18287.9202 28742.7131  57.2%   648 2426s
  2873  1806 25673.7555   28 3327 18287.9202 28742.7131  57.2%   648 2430s
  2893  1826 21158.4411   48 1698 18287.9202 28742.7131  57.2%   647 2435s
  2908  1833 26447.6859   21 3657 18287.9202 28727.4499  57.1%   646 2440s
  2917  1842 24370.9276   30 3086 18287.9202 28727.4499  57.1%   647 2445s
  2927  1852 20483.9602   40 2192 18287.9202 28727.4499  57.1%   647 2450s
  2945  1857 28097.7012   17 4275 18287.9202 28713.1618  57.0%   645 2459s
  2946  1858 27401.8708   18 4295 18287.9202 28713.1618  57.0%   646 2460s
  2950  1862 26092.7081   20 3827 18287.9202 28713.1618  57.0%   647 2465s
  2958  1870 25365.8927   24 3448 18287.9202 28713.1618  57.0%   648 2470s
  2968  1880 24329.2448   29 3182 18287.9202 28713.1618  57.0%   648 2475s
  2983  1895 21131.6199   36 2687 18287.9202 28713.1618  57.0%   648 2480s
  3002  1913 19327.9875   46 1711 18287.9202 28713.1618  57.0%   647 2485s
  3024  1914 27338.7019   17 3865 18287.9202 28627.2882  56.5%   645 2490s
  3032  1920 25528.4371   20 3482 18287.9202 28627.2882  56.5%   645 2495s
  3045  1931 21386.9661   27 2973 18287.9202 28627.2882  56.5%   645 2500s
  3060  1946 18428.6662   33 2382 18287.9202 28627.2882  56.5%   644 2505s
H 3067  1943                    18287.921999 28627.2882  56.5%   643 2513s
  3069  1947 26952.6395   22 3944 18287.9220 28620.4934  56.5%   645 2516s
  3077  1955 25431.8471   30 3348 18287.9220 28620.4934  56.5%   645 2520s
  3090  1968 21063.8594   43 2252 18287.9220 28620.4934  56.5%   646 2525s
  3111  1975 27166.5680   20 4193 18287.9220 28570.2109  56.2%   645 2530s
  3119  1983 25563.9218   28 3322 18287.9220 28570.2109  56.2%   645 2535s
  3129  1993 23450.7560   38 2578 18287.9220 28570.2109  56.2%   645 2540s
  3146  2003 28096.5370   20 4263 18287.9220 28570.1523  56.2%   645 2548s
  3147  2004 27257.4192   21 3962 18287.9220 28570.1523  56.2%   645 2550s
  3154  2011 26161.6929   28 3505 18287.9220 28570.1523  56.2%   646 2555s
H 3158  2013                    18287.923305 28570.1523  56.2%   646 2560s
  3177  2034 20699.5958   51 1300 18287.9233 28570.1523  56.2%   645 2565s
  3197  2040 25397.4563   22 3825 18287.9233 28549.5492  56.1%   644 2570s
  3209  2052 21260.5014   34 2697 18287.9233 28549.5492  56.1%   644 2575s
  3234  2064 28290.8352   19 4449 18287.9233 28544.6408  56.1%   642 2583s
  3236  2066 27323.8550   21 3949 18287.9233 28544.6408  56.1%   643 2585s
  3242  2072 26557.7495   24 3744 18287.9233 28544.6408  56.1%   643 2592s
  3248  2078 25197.2337   27 3600 18287.9233 28544.6408  56.1%   644 2595s
  3263  2093 23660.3707   35 2981 18287.9233 28544.6408  56.1%   643 2600s
  3282  2112 21776.1085   48 1866 18287.9233 28544.6408  56.1%   642 2605s
  3344  2152 28285.4918   19 4461 18287.9233 28526.9794  56.0%   633 2612s
  3347  2155 27242.2703   22 4133 18287.9233 28526.9794  56.0%   634 2615s
  3350  2158 26637.0399   25 3850 18287.9233 28526.9794  56.0%   634 2621s
  3357  2165 24078.9063   32 3357 18287.9233 28526.9794  56.0%   635 2625s
  3379  2187 18617.1978   54 1136 18287.9233 28526.9794  56.0%   634 2630s
  3388  2188 26308.2429   22 3776 18287.9233 28513.9571  55.9%   634 2635s
  3395  2195 23892.2787   29 3516 18287.9233 28513.9571  55.9%   635 2640s
  3407  2207 19392.1298   41 2572 18287.9233 28513.9571  55.9%   635 2645s
  3420  2212 28086.0204   18 4252 18287.9233 28511.5387  55.9%   634 2650s
  3423  2215 26886.4416   21 3928 18287.9233 28511.5387  55.9%   635 2655s
  3427  2219 26459.1317   25 3698 18287.9233 28511.5387  55.9%   636 2660s
  3436  2228 23447.8010   34 2952 18287.9233 28511.5387  55.9%   636 2673s
  3442  2234 21127.6588   40 2375 18287.9233 28511.5387  55.9%   636 2675s
  3463  2245 27575.0530   21 4563 18287.9233 28495.6116  55.8%   635 2686s
  3465  2247 27248.9448   23 4363 18287.9233 28495.6116  55.8%   635 2692s
  3466  2248 27099.4835   24 4253 18287.9233 28495.6116  55.8%   636 2697s
  3468  2250 26813.7113   26 4069 18287.9233 28495.6116  55.8%   635 2702s
  3470  2252 26226.5067   28 3883 18287.9233 28495.6116  55.8%   635 2707s
  3472  2254 25085.8382   30 3703 18287.9233 28495.6116  55.8%   636 2711s
  3474  2256 24298.5299   32 3518 18287.9233 28495.6116  55.8%   636 2716s
  3476  2258 23119.0379   34 3350 18287.9233 28495.6116  55.8%   636 2721s
  3478  2260 22322.4315   36 3150 18287.9233 28495.6116  55.8%   636 2725s
  3481  2263 20791.9020   39 2834 18287.9233 28495.6116  55.8%   636 2731s
  3483  2265 20449.0395   41 2642 18287.9233 28495.6116  55.8%   636 2736s
  3485  2267 20228.3888   43 2541 18287.9233 28495.6116  55.8%   635 2740s
  3488  2270 19589.8118   46 2233 18287.9233 28495.6116  55.8%   635 2746s
  3492  2272 18643.7488   49 1903 18287.9233 28495.6116  55.8%   635 2750s
  3497  2271 26986.6689   21 4047 18287.9233 28471.9521  55.7%   635 2756s
  3503  2277 25071.2617   27 3512 18287.9233 28471.9521  55.7%   635 2760s
  3520  2294 21167.9090   44 2288 18287.9233 28471.9521  55.7%   635 2766s
  3539  2305 26858.5107   21 4046 18287.9233 28460.4156  55.6%   634 2770s
  3548  2314 25229.7495   30 3392 18287.9233 28460.4156  55.6%   634 2778s
  3552  2318 23504.5640   34 3107 18287.9233 28460.4156  55.6%   635 2780s
  3568  2334 19745.0874   50 1639 18287.9233 28460.4156  55.6%   634 2785s
H 3577  2333                    18287.928688 28460.4156  55.6%   633 2807s
  3580  2338 25837.2671   21 3781 18287.9287 28446.8891  55.6%   635 2810s
  3589  2347 23688.1482   30 3055 18287.9287 28446.8891  55.6%   635 2815s
  3607  2363 19315.4543   47 1837 18287.9287 28446.8891  55.6%   635 2820s
  3618  2366 27573.7625   21 4216 18287.9287 28400.5110  55.3%   635 2829s
  3619  2367 26429.4185   22 4261 18287.9287 28400.5110  55.3%   635 2830s
  3622  2370 25377.2519   24 3876 18287.9287 28400.5110  55.3%   635 2835s
  3632  2378 22521.1182   26 3291 18287.9287 28400.5110  55.3%   636 2840s
  3645  2391 18348.4894   31 2818 18287.9287 28400.5110  55.3%   638 2845s
  3664  2396 18376.0603   35 2544 18287.9287 28400.5110  55.3%   638 2850s
  3670  2394 27844.4283   18 4328 18287.9287 28400.4774  55.3%   638 2855s
  3679  2403 24711.9573   27 3501 18287.9287 28400.4774  55.3%   638 2860s
  3691  2415 21315.1544   39 2606 18287.9287 28400.4774  55.3%   638 2865s
  3720  2426 26914.5702   18 4047 18287.9287 28400.0001  55.3%   635 2870s
  3728  2434 25169.8793   26 3363 18287.9287 28400.0001  55.3%   636 2875s
  3738  2444 23039.1262   36 2638 18287.9287 28400.0001  55.3%   636 2880s
  3757  2455     cutoff   50      18287.9287 28400.0001  55.3%   635 2885s
  3761  2459 25754.0176   20 3974 18287.9287 28372.1279  55.1%   636 2890s
  3769  2467 24637.2069   26 3491 18287.9287 28372.1279  55.1%   637 2895s
  3781  2479 23263.1061   32 3110 18287.9287 28372.1279  55.1%   636 2900s
  3813  2511 18544.5728   56  654 18287.9287 28372.1279  55.1%   634 2905s
  3822  2512 26526.0179   20 3885 18287.9287 28370.5007  55.1%   634 2910s
  3829  2519 24470.1705   27 3402 18287.9287 28370.5007  55.1%   634 2915s
  3853  2543 19957.9396   51 1525 18287.9287 28370.5007  55.1%   633 2920s
  3867  2551 25655.8191   19 3746 18287.9287 28358.2011  55.1%   633 2925s
  3875  2559 24652.9449   23 3275 18287.9287 28358.2011  55.1%   634 2930s
  3886  2570 24603.8487   29 2861 18287.9287 28358.2011  55.1%   634 2935s
  3897  2581 23040.9534   34 2478 18287.9287 28358.2011  55.1%   634 2940s
  3910  2594 21516.3377   41 1965 18287.9287 28358.2011  55.1%   634 2945s
  3931  2615 18647.7075   51 1272 18287.9287 28358.2011  55.1%   633 2959s
  3939  2617     cutoff   55      18287.9287 28358.2011  55.1%   633 2960s
  3950  2620 26230.8192   23 3624 18287.9287 28355.8880  55.1%   633 2965s
  3963  2633 21559.6113   36 2662 18287.9287 28355.8880  55.1%   632 2970s
  3988  2651 26828.5400   19 4015 18287.9287 28320.6938  54.9%   631 2976s
  3993  2656 24564.7152   24 3537 18287.9287 28320.6938  54.9%   631 2980s
  4010  2673 20719.1260   41 2277 18287.9287 28320.6938  54.9%   631 2985s
  4022  2677 27975.6055   22 4294 18287.9287 28316.0492  54.8%   631 2992s
  4025  2680 27659.9250   25 4116 18287.9287 28316.0492  54.8%   631 2995s
  4032  2687 26174.2359   32 3380 18287.9287 28316.0492  54.8%   632 3001s
  4043  2698 23022.2031   43 2440 18287.9287 28316.0492  54.8%   632 3005s
  4058  2703 26986.0310   18 3821 18287.9287 28312.0283  54.8%   632 3010s
  4062  2707 25130.8422   22 3442 18287.9287 28312.0283  54.8%   633 3015s
  4069  2714 23997.2665   29 3053 18287.9287 28312.0283  54.8%   633 3020s
  4080  2725 21202.5352   40 2257 18287.9287 28312.0283  54.8%   634 3025s
  4096  2733 27090.9068   22 4215 18287.9287 28282.2014  54.6%   633 3031s
  4098  2735 26857.5910   24 4101 18287.9287 28282.2014  54.6%   633 3036s
  4100  2737 26624.3641   26 4007 18287.9287 28282.2014  54.6%   633 3040s
  4102  2739 26360.3751   28 3604 18287.9287 28282.2014  54.6%   634 3045s
  4105  2742 25609.4807   31 3402 18287.9287 28282.2014  54.6%   634 3051s
  4107  2744 24952.4444   33 3227 18287.9287 28282.2014  54.6%   634 3056s
  4110  2747 24362.6517   36 3021 18287.9287 28282.2014  54.6%   633 3060s
  4113  2750 23168.5000   39 2857 18287.9287 28282.2014  54.6%   633 3065s
  4116  2753 22530.9335   42 2546 18287.9287 28282.2014  54.6%   633 3070s
  4119  2756 21403.6257   45 2254 18287.9287 28282.2014  54.6%   633 3075s
  4122  2759 20239.2044   48 1961 18287.9287 28282.2014  54.6%   633 3080s
  4126  2763 19603.3735   52 1554 18287.9287 28282.2014  54.6%   633 3085s
  4135  2764 27593.8147   19 4308 18287.9287 28276.2853  54.6%   633 3095s
  4143  2772 24667.2654   27 3596 18287.9287 28276.2853  54.6%   633 3100s
  4163  2792 21169.9926   47 1856 18287.9287 28276.2853  54.6%   632 3105s
  4180  2801 26008.9926   21 3782 18287.9287 28263.1568  54.5%   632 3111s
  4187  2808 25066.3683   28 3199 18287.9287 28263.1568  54.5%   632 3115s
  4196  2817 23186.5241   37 2534 18287.9287 28263.1568  54.5%   633 3120s
  4215  2828 26845.9196   20 4395 18287.9287 28173.2309  54.1%   632 3125s
  4220  2833 26683.3977   21 4077 18287.9287 28173.2309  54.1%   632 3130s
  4229  2842 23190.7390   26 3481 18287.9287 28173.2309  54.1%   633 3135s
  4245  2858 19861.8688   31 2925 18287.9287 28173.2309  54.1%   632 3140s
  4275  2864 27073.7101   19 4021 18287.9287 28146.7346  53.9%   631 3148s
  4277  2866 26150.2688   21 3732 18287.9287 28146.7346  53.9%   631 3150s
  4288  2877 24238.8408   28 3371 18287.9287 28146.7346  53.9%   631 3155s
  4305  2894 21400.0749   35 2876 18287.9287 28146.7346  53.9%   631 3160s
  4327  2916 18881.2052   51 1366 18287.9287 28146.7346  53.9%   630 3165s
  4344  2925 26174.3299   25 3723 18287.9287 28126.9095  53.8%   629 3170s
  4361  2942 20855.5027   42 2289 18287.9287 28126.9095  53.8%   629 3175s
  4380  2954 27858.8149   20 4411 18287.9287 28124.2255  53.8%   627 3181s
  4384  2958 26655.6118   24 4002 18287.9287 28124.2255  53.8%   628 3185s
  4393  2967 23893.5925   33 3162 18287.9287 28124.2255  53.8%   628 3190s
  4403  2977 19345.2594   43 2293 18287.9287 28124.2255  53.8%   629 3195s
  4417  2979 25286.1225   23 3882 18287.9287 28104.3014  53.7%   629 3200s
  4431  2993 20153.6696   37 2716 18287.9287 28104.3014  53.7%   628 3205s
H 4447  2998                    18287.938311 28087.1580  53.6%   627 3212s
  4455  3008 24249.1289   30 3197 18287.9383 28087.1580  53.6%   627 3215s
  4490  3035 26743.3785   21 4054 18287.9383 28086.0041  53.6%   626 3221s
  4496  3041 25118.7893   27 3413 18287.9383 28086.0041  53.6%   626 3225s
  4506  3051 21996.5549   37 2457 18287.9383 28086.0041  53.6%   625 3241s
  4529  3066 27526.6743   17 4092 18287.9383 28084.6168  53.6%   624 3249s
  4530  3067 27318.0336   18 4064 18287.9383 28084.6168  53.6%   624 3250s
  4536  3073 25851.5348   24 3622 18287.9383 28084.6168  53.6%   625 3255s
  4542  3079 25110.0046   30 3068 18287.9383 28084.6168  53.6%   624 3260s
  4557  3094 19242.5226   45 1813 18287.9383 28084.6168  53.6%   624 3265s
  4568  3096 25041.8710   20 3819 18287.9383 28065.7219  53.5%   624 3270s
H 4570  3096                    18287.942595 28065.7219  53.5%   624 3285s
  4583  3109     cutoff   35      18287.9426 28065.7219  53.5%   624 3290s
  4606  3121 26375.8430   19 3831 18287.9426 28052.5714  53.4%   623 3295s
  4616  3131 24825.3314   29 3057 18287.9426 28052.5714  53.4%   623 3300s
  4639  3154 18389.5529   52 1200 18287.9426 28052.5714  53.4%   621 3305s
  4653  3160 24811.1911   30 3375 18287.9426 28031.3112  53.3%   621 3310s
  4670  3177 19435.3349   47 1965 18287.9426 28031.3112  53.3%   621 3315s
  4682  3183 25796.1475   20 3688 18287.9426 27990.6572  53.1%   621 3321s
  4689  3190 24403.7326   23 3351 18287.9426 27990.6572  53.1%   622 3325s
  4699  3200 23952.2294   28 3102 18287.9426 27990.6572  53.1%   622 3330s
  4714  3215 22682.3636   36 2372 18287.9426 27990.6572  53.1%   622 3335s
  4736  3237 19594.8256   47 1595 18287.9426 27990.6572  53.1%   622 3340s
  4760  3247 25977.0364   21 3702 18287.9426 27975.9628  53.0%   622 3347s
  4765  3252 25405.1907   22 3610 18287.9426 27975.9628  53.0%   622 3350s
  4776  3263 23685.7218   32 3028 18287.9426 27975.9628  53.0%   622 3355s
  4790  3277 21823.7709   37 2572 18287.9426 27975.9628  53.0%   623 3360s
  4823  3306 infeasible   60      18287.9426 27975.9628  53.0%   621 3365s
  4831  3312 25091.4850   24 3613 18287.9426 27970.9184  52.9%   622 3370s
  4843  3322     cutoff   28      18287.9426 27970.9184  52.9%   622 3375s
  4864  3326 27581.6554   20 4121 18287.9426 27970.7135  52.9%   621 3381s
  4868  3330 25403.7272   24 3632 18287.9426 27970.7135  52.9%   621 3385s
  4877  3339 24018.3031   33 2861 18287.9426 27970.7135  52.9%   621 3390s
  4891  3353 19289.4515   47 1538 18287.9426 27970.7135  52.9%   621 3395s
  4904  3358 26049.5883   23 3880 18287.9426 27964.8806  52.9%   621 3400s
  4916  3370 21769.9653   35 2879 18287.9426 27964.8806  52.9%   621 3405s
  4937  3383 27763.6213   20 4145 18287.9426 27960.8389  52.9%   621 3412s
  4941  3387 26651.2807   24 3697 18287.9426 27960.8389  52.9%   621 3415s
  4955  3401 22777.9823   38 2492 18287.9426 27960.8389  52.9%   621 3420s
  4975  3413 26433.0911   24 3741 18287.9426 27943.4307  52.8%   620 3425s
  4984  3422 23326.0191   33 3225 18287.9426 27943.4307  52.8%   621 3430s
  4993  3431 20828.2185   42 2375 18287.9426 27943.4307  52.8%   621 3435s
  5013  3443 27045.6316   23 4242 18287.9426 27914.9501  52.6%   620 3443s
  5014  3444 26889.1976   24 4030 18287.9426 27914.9501  52.6%   620 3446s
  5016  3446 26689.2466   26 4001 18287.9426 27914.9501  52.6%   620 3452s
  5018  3448 26367.3748   28 3706 18287.9426 27914.9501  52.6%   621 3457s
  5019  3449 26236.6450   29 3712 18287.9426 27914.9501  52.6%   621 3460s
  5021  3451 25714.2914   31 3520 18287.9426 27914.9501  52.6%   621 3466s
  5024  3454 24589.8122   34 3228 18287.9426 27914.9501  52.6%   621 3472s
  5027  3457 22159.5486   37 2842 18287.9426 27914.9501  52.6%   622 3476s
  5043  3466 26534.2552   19 3975 18287.9426 27905.9883  52.6%   622 3481s
  5048  3471 25043.4744   24 3440 18287.9426 27905.9883  52.6%   622 3485s
  5076  3499 20002.2962   52 1287 18287.9426 27905.9883  52.6%   620 3490s
  5096  3510 24700.4072   29 3537 18287.9426 27846.8565  52.3%   619 3495s
  5111  3525 20609.7792   44 2269 18287.9426 27846.8565  52.3%   619 3501s
  5127  3535 26211.6702   23 4008 18287.9426 27835.1677  52.2%   618 3505s
  5138  3546 21920.2407   34 3255 18287.9426 27835.1677  52.2%   619 3510s
  5156  3558 26570.2235   19 4089 18287.9426 27825.2033  52.2%   618 3515s
  5169  3571 23286.8936   32 3115 18287.9426 27825.2033  52.2%   618 3520s
  5199  3593 26209.9478   20 4101 18287.9426 27818.8423  52.1%   617 3526s
  5202  3596 25962.1127   23 3838 18287.9426 27818.8423  52.1%   616 3530s
  5215  3609 23740.2391   30 3331 18287.9426 27818.8423  52.1%   616 3535s
  5233  3627 21474.3616   39 2540 18287.9426 27818.8423  52.1%   616 3540s
  5264  3651 26086.0594   22 3741 18287.9426 27817.4298  52.1%   615 3545s
  5281  3668 21171.8778   39 2294 18287.9426 27817.4298  52.1%   614 3550s
  5304  3684 26936.0363   24 4253 18287.9426 27803.5211  52.0%   613 3559s
  5305  3685 26695.1302   25 3942 18287.9426 27803.5211  52.0%   613 3562s
  5306  3686 26539.9072   26 3866 18287.9426 27803.5211  52.0%   613 3565s
  5308  3688 25840.8916   28 3738 18287.9426 27803.5211  52.0%   613 3570s
  5310  3690 24965.1866   30 3661 18287.9426 27803.5211  52.0%   613 3575s
  5313  3693 23908.4724   33 3388 18287.9426 27803.5211  52.0%   613 3580s
  5315  3695 22727.9467   35 3207 18287.9426 27803.5211  52.0%   613 3585s
  5318  3698 21457.2567   38 2915 18287.9426 27803.5211  52.0%   613 3591s
  5320  3700 20602.8075   40 2702 18287.9426 27803.5211  52.0%   613 3595s
  5323  3703 19965.0563   43 2394 18287.9426 27803.5211  52.0%   613 3601s
  5326  3706 19194.1725   46 2078 18287.9426 27803.5211  52.0%   613 3606s
  5329  3709 18773.6758   49 1874 18287.9426 27803.5211  52.0%   612 3611s
  5336  3708 26349.6726   20 3924 18287.9426 27793.5848  52.0%   612 3616s
  5342  3714 24385.5217   26 3388 18287.9426 27793.5848  52.0%   612 3620s
  5356  3728 21881.0910   40 2437 18287.9426 27793.5848  52.0%   612 3625s
  5385  3749 25807.4469   22 3904 18287.9426 27783.8023  51.9%   610 3630s
  5398  3762 21406.4508   35 2857 18287.9426 27783.8023  51.9%   610 3635s
  5413  3769 19293.5083   22 2911 18287.9426 27757.0548  51.8%   611 3641s
  5426  3772 26374.6720   21 3882 18287.9426 27753.4710  51.8%   610 3648s
  5430  3776 26003.6916   25 3738 18287.9426 27753.4710  51.8%   610 3650s
  5440  3786 22513.7497   35 2863 18287.9426 27753.4710  51.8%   610 3656s
  5463  3801 26423.5251   22 3874 18287.9426 27752.3904  51.8%   610 3660s
  5472  3810 25727.6979   27 3542 18287.9426 27752.3904  51.8%   610 3665s
  5488  3826 23353.6252   35 3006 18287.9426 27752.3904  51.8%   610 3670s
  5514  3852 20594.7069   48 1897 18287.9426 27752.3904  51.8%   610 3675s
  5547  3873 26129.2039   23 4010 18287.9426 27746.9311  51.7%   609 3680s
  5557  3883 22946.0951   33 3050 18287.9426 27746.9311  51.7%   609 3685s
  5563  3889 20898.6268   39 2616 18287.9426 27746.9311  51.7%   610 3703s
  5571  3897 19338.4242   47 2014 18287.9426 27746.9311  51.7%   609 3705s
  5586  3902 24703.5935   26 3483 18287.9426 27743.1959  51.7%   609 3732s
  5594  3910 21682.2392   34 2860 18287.9426 27743.1959  51.7%   609 3735s
  5621  3927 26793.3443   25 4064 18287.9426 27734.9419  51.7%   608 3741s
  5623  3929 26331.4338   27 3755 18287.9426 27734.9419  51.7%   608 3746s
  5625  3931 25789.3596   29 3539 18287.9426 27734.9419  51.7%   608 3751s
  5639  3945 21979.6935   43 2346 18287.9426 27734.9419  51.7%   608 3755s
  5659  3956 25809.6689   21 3628 18287.9426 27698.9567  51.5%   607 3760s
  5667  3964 24551.3835   22 3468 18287.9426 27698.9567  51.5%   608 3765s
  5676  3973 24265.6423   24 3220 18287.9426 27698.9567  51.5%   608 3770s
  5692  3989 23454.8141   31 2757 18287.9426 27698.9567  51.5%   608 3775s
  5709  4006 21723.1890   38 2020 18287.9426 27698.9567  51.5%   607 3780s
  5771  4042 26121.0964   22 3900 18287.9426 27674.0568  51.3%   603 3785s
  5782  4053 23494.8526   33 3074 18287.9426 27674.0568  51.3%   603 3790s
  5801  4072 19414.1253   52 1351 18287.9426 27674.0568  51.3%   603 3795s
  5815  4074 26594.1767   22 4050 18287.9426 27666.2785  51.3%   602 3800s
  5830  4089 21528.1246   37 2822 18287.9426 27666.2785  51.3%   602 3805s
  5847  4096 26120.7519   22 3552 18287.9426 27663.2367  51.3%   602 3810s
  5858  4107 23833.3575   33 2573 18287.9426 27663.2367  51.3%   602 3815s
  5876  4125 19936.9640   51 1366 18287.9426 27663.2367  51.3%   602 3820s
  5892  4131 25392.9358   22 3828 18287.9426 27645.8753  51.2%   601 3825s
  5904  4143 21982.6563   34 2858 18287.9426 27645.8753  51.2%   602 3830s
  5927  4156 26869.0745   20 4074 18287.9426 27643.7207  51.2%   600 3836s
  5932  4161 25656.5825   22 3925 18287.9426 27643.7207  51.2%   601 3840s
  5942  4171 19459.4653   28 2983 18287.9426 27643.7207  51.2%   601 3845s
  5960  4179     cutoff   33      18287.9426 27643.7207  51.2%   601 3850s
  5983  4182 25892.5237   24 3632 18287.9426 27641.6481  51.1%   600 3855s
  5997  4196 21928.2479   38 2394 18287.9426 27641.6481  51.1%   600 3860s
  6027  4217 26454.3025   24 4079 18287.9426 27612.8238  51.0%   599 3865s
  6040  4230 24099.2336   37 2940 18287.9426 27612.8238  51.0%   599 3870s
  6065  4245 25899.8483   20 3902 18287.9426 27611.9167  51.0%   598 3875s
  6078  4258 22446.3102   33 2867 18287.9426 27611.9167  51.0%   598 3880s
  6104  4277 26274.4953   24 3978 18287.9426 27604.8297  50.9%   597 3885s
  6121  4294 22279.1956   41 2677 18287.9426 27604.8297  50.9%   597 3890s
  6144  4308 26194.0520   20 3915 18287.9426 27593.5940  50.9%   596 3895s
  6153  4317 25132.2459   29 3331 18287.9426 27593.5940  50.9%   596 3900s
  6175  4339 18778.3765   51 1482 18287.9426 27593.5940  50.9%   596 3905s
  6182  4338 27006.3495   19 3794 18287.9426 27593.4784  50.9%   596 3910s
  6186  4342 25959.8407   21 3500 18287.9426 27593.4784  50.9%   597 3915s
  6196  4352 25155.3801   27 3163 18287.9426 27593.4784  50.9%   597 3920s
  6208  4364 23431.6436   35 2435 18287.9426 27593.4784  50.9%   597 3925s
  6221  4377 21467.4674   42 1951 18287.9426 27593.4784  50.9%   598 3930s
  6248  4392 27393.3676   20 4182 18287.9426 27592.0160  50.9%   597 3936s
  6252  4396 25240.6675   24 3910 18287.9426 27592.0160  50.9%   597 3941s
  6261  4405 22120.2305   33 2989 18287.9426 27592.0160  50.9%   597 3945s
  6290  4423 26988.1109   20 4380 18287.9426 27587.3200  50.8%   596 3953s
  6293  4426 26645.3643   23 4109 18287.9426 27587.3200  50.8%   596 3955s
  6299  4432 24817.6854   29 3455 18287.9426 27587.3200  50.8%   597 3960s
  6325  4458 18716.9096   55 1099 18287.9426 27587.3200  50.8%   596 3965s
  6340  4465 23995.2525   30 3287 18287.9426 27583.4895  50.8%   596 3970s
  6370  4481 26820.9052   22 4142 18287.9426 27581.6341  50.8%   595 3978s
  6372  4483 25918.2368   23 3944 18287.9426 27581.6341  50.8%   595 3980s
  6385  4496 24951.5389   30 3300 18287.9426 27581.6341  50.8%   596 3985s
  6399  4510 22994.3327   37 2827 18287.9426 27581.6341  50.8%   596 3990s
  6443  4540 26258.5034   21 3859 18287.9426 27579.8462  50.8%   595 3995s
  6453  4550 22585.6649   31 2966 18287.9426 27579.8462  50.8%   595 4000s
  6474  4564 26416.8994   26 3864 18287.9426 27578.9349  50.8%   594 4006s
  6476  4566 26256.1338   28 3737 18287.9426 27578.9349  50.8%   594 4010s
  6478  4568 25969.7807   30 3536 18287.9426 27578.9349  50.8%   594 4015s
  6480  4570 25673.4065   32 3250 18287.9426 27578.9349  50.8%   594 4021s
  6482  4572 25128.6778   34 3138 18287.9426 27578.9349  50.8%   594 4025s
  6485  4575 23823.7232   37 2947 18287.9426 27578.9349  50.8%   594 4030s
  6488  4578 22803.2813   40 2683 18287.9426 27578.9349  50.8%   594 4036s
  6491  4581 21248.0197   43 2403 18287.9426 27578.9349  50.8%   594 4040s
  6494  4584 19831.5697   46 2078 18287.9426 27578.9349  50.8%   594 4046s
  6503  4585     cutoff   50      18287.9426 27578.9349  50.8%   594 4050s
  6507  4585 25527.4190   19 3871 18287.9426 27576.6462  50.8%   594 4057s
  6514  4592 24391.6361   21 3725 18287.9426 27576.6462  50.8%   594 4060s
  6528  4602 20251.1963   26 2977 18287.9426 27576.6462  50.8%   594 4065s
  6544  4605 25881.5648   18 3953 18287.9426 27569.4295  50.8%   594 4070s
  6548  4609 24626.6807   22 3663 18287.9426 27569.4295  50.8%   595 4077s
  6556  4617 23878.2746   30 2969 18287.9426 27569.4295  50.8%   595 4087s
  6567  4628 21554.7977   41 2078 18287.9426 27569.4295  50.8%   595 4090s
  6585  4636 25496.8023   26 3840 18287.9426 27567.7682  50.7%   595 4095s
  6601  4652 21729.2509   42 2386 18287.9426 27567.7682  50.7%   595 4100s
  6621  4664 25586.7208   25 3734 18287.9426 27565.4734  50.7%   594 4106s
  6633  4676 22406.6620   37 2622 18287.9426 27565.4734  50.7%   594 4110s
  6655  4690 27082.7205   21 4183 18287.9426 27565.2134  50.7%   594 4116s
  6660  4695 25864.0137   23 3932 18287.9426 27565.2134  50.7%   594 4120s
  6670  4705 25113.6113   29 3490 18287.9426 27565.2134  50.7%   594 4125s
  6685  4720 22140.5826   37 2666 18287.9426 27565.2134  50.7%   594 4130s
  6708  4743 19775.7463   53 1454 18287.9426 27565.2134  50.7%   594 4135s
  6725  4751 26862.3104   21 4249 18287.9426 27538.5911  50.6%   594 4140s
  6741  4767 21431.7650   37 2918 18287.9426 27538.5911  50.6%   594 4145s
  6772  4770 26129.0134   18 3547 18287.9426 27536.8097  50.6%   593 4151s
  6775  4773 24890.1533   21 3158 18287.9426 27536.8097  50.6%   593 4155s
  6786  4784 22927.0290   32 2423 18287.9426 27536.8097  50.6%   593 4160s
  6815  4802 25622.1787   20 3578 18287.9426 27532.1238  50.5%   593 4167s
  6822  4809 24641.6791   27 3092 18287.9426 27532.1238  50.5%   593 4170s
  6835  4822 20510.9441   40 2185 18287.9426 27532.1238  50.5%   593 4175s
  6853  4833 25661.5910   22 4060 18287.9426 27528.3409  50.5%   592 4180s
  6866  4846 20987.5834   35 3009 18287.9426 27528.3409  50.5%   592 4185s
  6878  4850 25796.5751   21 3652 18287.9426 27526.6370  50.5%   593 4190s
  6888  4860 22775.4599   31 2912 18287.9426 27526.6370  50.5%   593 4195s
  6910  4882 20182.2309   53 1316 18287.9426 27526.6370  50.5%   592 4200s
  6928  4888 25316.1779   20 3636 18287.9426 27523.1903  50.5%   592 4205s
  6932  4892 24870.2734   24 3389 18287.9426 27523.1903  50.5%   592 4210s
  6944  4904 21333.7385   36 2470 18287.9426 27523.1903  50.5%   592 4215s
  6960  4910 20332.9516   23 2808 18287.9426 27520.8209  50.5%   592 4222s
  6978  4919 25967.6676   21 4191 18287.9426 27520.6585  50.5%   592 4226s
  6986  4927 23768.9661   29 3506 18287.9426 27520.6585  50.5%   592 4230s
  7011  4938 25905.8828   21 4145 18287.9426 27502.9724  50.4%   592 4236s
  7019  4946 22363.4525   25 3358 18287.9426 27502.9724  50.4%   592 4240s
  7041  4954 18968.9983   35 2789 18287.9426 27502.9724  50.4%   592 4245s
  7052  4954 25782.9267   22 3892 18287.9426 27501.9389  50.4%   592 4251s
  7061  4963 24041.1382   31 3146 18287.9426 27501.9389  50.4%   592 4255s
  7091  4983 26370.2163   18 3830 18287.9426 27487.3793  50.3%   591 4261s
  7094  4986 25175.1392   21 3570 18287.9426 27487.3793  50.3%   592 4265s
  7099  4991 24585.4241   22 3555 18287.9426 27487.3793  50.3%   592 4270s
  7109  5001 23047.2940   31 2868 18287.9426 27487.3793  50.3%   592 4275s
  7126  5018 20140.3367   43 1880 18287.9426 27487.3793  50.3%   592 4280s
  7147  5029 26165.7950   23 3651 18287.9426 27483.2245  50.3%   592 4285s
  7154  5036 23930.9972   30 3362 18287.9426 27483.2245  50.3%   592 4290s
H 7166  4970                    18534.551939 27483.2245  48.3%   592 4295s
  7186  4984 27030.1121   20 4295 18534.5519 27480.1909  48.3%   591 4302s
  7191  4989 25768.9112   25 3707 18534.5519 27480.1909  48.3%   592 4305s
  7206  5004 19451.3195   40 2609 18534.5519 27480.1909  48.3%   592 4310s
H 7215  5002                    18535.569935 27469.1487  48.2%   592 4316s
  7224  5013 22969.6677   31 3324 18535.5699 27469.1487  48.2%   592 4320s
  7243  5025 27316.6666   23 4126 18535.5699 27467.3903  48.2%   592 4329s
  7244  5026 27258.3416   24 4112 18535.5699 27467.3903  48.2%   592 4332s
  7245  5027 27132.9487   25 3911 18535.5699 27467.3903  48.2%   592 4335s
  7247  5029 26756.1070   27 3625 18535.5699 27467.3903  48.2%   592 4340s
H 7249  5029                    18535.674340 27467.3903  48.2%   592 4347s
  7251  5033 25835.4353   31 3338 18535.6743 27467.3903  48.2%   592 4350s
  7253  5035 24971.9905   33 3196 18535.6743 27467.3903  48.2%   592 4355s
  7255  5037 24164.7068   35 3113 18535.6743 27467.3903  48.2%   592 4360s
  7257  5039 23208.2738   37 2927 18535.6743 27467.3903  48.2%   592 4365s
  7260  5042 22279.1271   40 2651 18535.6743 27467.3903  48.2%   593 4371s
  7265  5047 20145.6060   45 2068 18535.6743 27467.3903  48.2%   593 4375s
  7276  5050 26510.2553   28 3728 18535.6743 27461.5934  48.2%   593 4383s
  7279  5053 25260.4152   31 3278 18535.6743 27461.5934  48.2%   593 4385s
  7300  5074 18744.4948   52 1385 18535.6743 27461.5934  48.2%   593 4390s
  7306  5072 27085.8285   19 3768 18535.6743 27460.0973  48.1%   593 4395s
H 7327  5075                    18535.733428 27460.0973  48.1%   592 4405s
  7334  5084 25330.9254   26 3165 18535.7334 27458.2464  48.1%   593 4410s
  7349  5099 20072.9658   41 2167 18535.7334 27458.2464  48.1%   593 4415s
  7363  5103 26003.1927   27 3675 18535.7334 27452.7480  48.1%   593 4420s
  7380  5120 21842.3950   44 2176 18535.7334 27452.7480  48.1%   593 4425s
  7400  5134 25639.5213   23 3947 18535.7334 27441.2700  48.0%   593 4430s
H 7401  5133                    18535.733562 27441.2700  48.0%   593 4431s
  7408  5142 23354.9939   31 3211 18535.7336 27441.2700  48.0%   593 4435s
  7430  5154 26357.6907   23 4019 18535.7336 27438.9701  48.0%   592 4442s
  7433  5157 25925.7822   26 3737 18535.7336 27438.9701  48.0%   593 4445s
  7440  5164 24326.5391   33 3020 18535.7336 27438.9701  48.0%   593 4450s
  7448  5172 21324.5089   41 2355 18535.7336 27438.9701  48.0%   594 4455s
  7465  5181 25232.9841   30 3526 18535.7336 27433.5897  48.0%   594 4461s
H 7478  5192                    18536.010836 27433.5897  48.0%   594 4464s
  7479  5195 23332.6435   36 3155 18536.0108 27433.5897  48.0%   594 4465s
  7504  5220 19709.0972   47 2031 18536.0108 27433.5897  48.0%   594 4470s
  7527  5230 26068.4445   20 3903 18536.0108 27432.8348  48.0%   593 4476s
  7532  5235 25458.4019   25 3499 18536.0108 27432.8348  48.0%   593 4480s
  7547  5250 21410.9708   40 2205 18536.0108 27432.8348  48.0%   594 4485s
H 7549  5250                    18536.020769 27432.8348  48.0%   594 4498s
  7556  5259 19428.7431   49 1647 18536.0208 27432.8348  48.0%   593 4516s
  7564  5259 25741.0827   17 3790 18536.0208 27428.9566  48.0%   594 4520s
  7574  5269 23971.6914   27 2914 18536.0208 27428.9566  48.0%   594 4525s
  7592  5287 19098.6942   45 1893 18536.0208 27428.9566  48.0%   593 4530s
  7610  5291 24404.3735   26 3473 18536.0208 27428.5744  48.0%   593 4535s
  7628  5302 25672.3579   20 4033 18536.0208 27423.1199  47.9%   593 4542s
  7635  5309 22214.1210   27 3184 18536.0208 27423.1199  47.9%   593 4545s
  7651  5325 19561.9995   43 1955 18536.0208 27423.1199  47.9%   593 4550s
  7668  5334 19534.0218   28 2314 18536.0208 27422.6118  47.9%   593 4555s
  7682  5340 25403.5771   22 3540 18536.0208 27401.4667  47.8%   593 4560s
  7692  5350 23461.0094   32 2649 18536.0208 27401.4667  47.8%   593 4565s
  7718  5362 27203.0531   19 4133 18536.0208 27398.9058  47.8%   592 4572s
  7721  5365 26155.7499   22 3842 18536.0208 27398.9058  47.8%   593 4575s
  7731  5375 21920.8490   32 3086 18536.0208 27398.9058  47.8%   593 4580s
  7748  5380 25661.8936   19 3906 18536.0208 27392.2812  47.8%   593 4586s
  7756  5388 24504.5854   27 3247 18536.0208 27392.2812  47.8%   593 4590s
  7765  5397 20493.0904   36 2750 18536.0208 27392.2812  47.8%   593 4595s
  7777  5401 25143.7079   22 3903 18536.0208 27389.8979  47.8%   594 4600s
  7787  5411 24701.2900   27 3573 18536.0208 27389.8979  47.8%   594 4605s
  7808  5432 22578.7622   38 2601 18536.0208 27389.8979  47.8%   594 4610s
  7846  5454 25416.3791   19 3567 18536.0208 27389.2997  47.8%   594 4617s
  7850  5458 22559.4486   23 2710 18536.0208 27389.2997  47.8%   594 4620s
  7867  5475 19934.9391   40 1843 18536.0208 27389.2997  47.8%   593 4625s
  7889  5483 25411.6395   21 3937 18536.0208 27385.4506  47.7%   593 4630s
  7899  5493 23918.0012   26 3366 18536.0208 27385.4506  47.7%   593 4635s
  7916  5510 21878.1065   31 3133 18536.0208 27385.4506  47.7%   593 4640s
  7934  5528 19665.1994   43 2045 18536.0208 27385.4506  47.7%   592 4645s
  7949  5533 24326.6613   22 3415 18536.0208 27381.0596  47.7%   592 4650s
  7962  5546 21304.1188   35 2651 18536.0208 27381.0596  47.7%   592 4655s
  7988  5556 25661.1209   19 3674 18536.0208 27379.7894  47.7%   591 4660s
  7992  5560 24716.3323   21 3459 18536.0208 27379.7894  47.7%   592 4665s
  8004  5570 19435.9206   26 2828 18536.0208 27379.7894  47.7%   592 4670s
  8025  5578 26884.6191   22 4155 18536.0208 27376.4296  47.7%   592 4677s
  8029  5582 25943.9016   26 3728 18536.0208 27376.4296  47.7%   592 4680s
  8046  5599 18849.2363   43 2477 18536.0208 27376.4296  47.7%   592 4685s
  8056  5601 26784.3361   19 3851 18536.0208 27375.7885  47.7%   592 4690s
  8060  5605 25509.5970   23 3495 18536.0208 27375.7885  47.7%   593 4695s
  8071  5616 23158.9492   34 2694 18536.0208 27375.7885  47.7%   593 4703s
  8076  5621 21450.5255   39 2381 18536.0208 27375.7885  47.7%   593 4705s
  8090  5627 25708.4504   22 3932 18536.0208 27374.0500  47.7%   593 4710s
  8105  5642 22885.6391   37 2661 18536.0208 27374.0500  47.7%   593 4715s
  8128  5658 25539.0782   19 3540 18536.0208 27371.6584  47.7%   593 4720s
  8134  5664 24028.6750   25 3087 18536.0208 27371.6584  47.7%   593 4725s
  8150  5680 21114.5366   41 1826 18536.0208 27371.6584  47.7%   593 4730s
  8170  5688 23074.0380   29 3324 18536.0208 27371.3028  47.7%   592 4735s
  8192  5710 18777.3649   51 1550 18536.0208 27371.3028  47.7%   592 4740s
H 8202  5711                    18536.073489 27371.3028  47.7%   592 4742s
  8208  5719 24247.8818   29 3654 18536.0735 27365.7214  47.6%   592 4745s
  8232  5735 26582.5422   19 3634 18536.0735 27360.8179  47.6%   592 4755s
  8240  5743 22747.8992   27 3030 18536.0735 27360.8179  47.6%   592 4760s
  8265  5756 26476.7763   22 3975 18536.0735 27355.1464  47.6%   591 4765s
H 8272  5761                    18536.076264 27355.1464  47.6%   591 4770s
  8289  5780 19231.5128   46 1984 18536.0763 27355.1464  47.6%   591 4775s
  8303  5786 24574.7712   19 3518 18536.0763 27352.1556  47.6%   591 4780s
H 8304  5785                    18536.078104 27352.1556  47.6%   591 4783s
  8310  5793 24210.7227   27 2852 18536.0781 27352.1556  47.6%   591 4785s
  8328  5811 20925.3471   41 1914 18536.0781 27352.1556  47.6%   591 4790s
  8353  5822 26227.5491   21 3693 18536.0781 27342.6285  47.5%   591 4795s
  8361  5830 25405.0792   29 3032 18536.0781 27342.6285  47.5%   591 4800s
  8368  5837 22862.7286   36 2654 18536.0781 27342.6285  47.5%   591 4805s
  8385  5846 26954.5371   21 3958 18536.0781 27342.1226  47.5%   591 4813s
  8389  5850 26492.3877   25 3575 18536.0781 27342.1226  47.5%   591 4815s
  8401  5862 21216.3252   37 2720 18536.0781 27342.1226  47.5%   592 4820s
  8419  5872 24442.7300   25 3427 18536.0781 27335.6854  47.5%   591 4826s
  8434  5887 21351.4876   40 2469 18536.0781 27335.6854  47.5%   591 4830s
  8464  5897 25435.7747   20 3778 18536.0781 27331.8087  47.5%   590 4835s
  8475  5904     cutoff   24      18536.0781 27331.8087  47.5%   591 4840s
  8488  5909 19059.5522   31 2456 18536.0781 27331.8087  47.5%   591 4845s
  8498  5909 24912.7527   20 3367 18536.0781 27331.4091  47.4%   591 4850s
  8509  5920 22620.7691   31 2631 18536.0781 27331.4091  47.4%   591 4855s
H 8519  5928                    18536.496103 27331.4091  47.4%   591 4860s
  8527  5930 26324.4729   29 3663 18536.4961 27328.5002  47.4%   591 4865s
  8531  5934 26027.6926   31 3363 18536.4961 27328.5002  47.4%   591 4871s
  8535  5938 25487.9701   33 3249 18536.4961 27328.5002  47.4%   591 4876s
  8539  5942 24443.9076   35 3064 18536.4961 27328.5002  47.4%   591 4881s
  8542  5945 23246.4865   36 2869 18536.4961 27328.5002  47.4%   591 4901s
  8545  5948 23415.8068   38 2879 18536.4961 27328.5002  47.4%   591 4905s
  8567  5970 20154.8740   49 1763 18536.4961 27328.5002  47.4%   591 4910s
  8588  5983 25533.1857   27 3397 18536.4961 27324.4710  47.4%   591 4915s
  8601  5996 22357.9077   40 2382 18536.4961 27324.4710  47.4%   591 4920s
  8627  6006 25653.7142   21 3922 18536.4961 27322.5031  47.4%   590 4926s
  8633  6012 24660.3319   27 3288 18536.4961 27322.5031  47.4%   591 4930s
  8649  6028 19758.7501   43 2167 18536.4961 27322.5031  47.4%   590 4935s
  8670  6036 25755.4455   25 3644 18536.4961 27310.1356  47.3%   590 4940s
  8679  6045 22324.5242   34 2991 18536.4961 27310.1356  47.3%   590 4945s
  8691  6057 19532.7677   46 1918 18536.4961 27310.1356  47.3%   591 4950s
  8705  6063 24044.3995   30 3181 18536.4961 27309.6474  47.3%   591 4955s
  8727  6077 25381.4124   20 3645 18536.4961 27305.2427  47.3%   591 4962s
  8734  6084 24544.5257   27 3168 18536.4961 27305.2427  47.3%   591 4965s
  8752  6102 21490.7316   35 2416 18536.4961 27305.2427  47.3%   591 4970s
  8783  6125 25836.0982   21 3788 18536.4961 27303.3737  47.3%   590 4976s
  8791  6133 23747.9576   29 2743 18536.4961 27303.3737  47.3%   590 4980s
  8808  6150 20465.2639   46 1654 18536.4961 27303.3737  47.3%   590 4985s
  8827  6158 25472.5938   22 3728 18536.4961 27302.3111  47.3%   590 4990s
  8838  6169 22321.9123   33 2811 18536.4961 27302.3111  47.3%   590 4995s
  8852  6176 25868.4383   21 4068 18536.4961 27299.4243  47.3%   590 5000s
H 8854  6176                    18536.497054 27299.4243  47.3%   590 5028s
  8857  6181 25242.2206   26 3686 18536.4971 27299.4243  47.3%   590 5030s
  8875  6199 19852.0742   44 2173 18536.4971 27299.4243  47.3%   590 5035s
  8888  6204 25332.5234   22 3628 18536.4971 27279.5196  47.2%   590 5040s
  8896  6212 24061.0933   30 3141 18536.4971 27279.5196  47.2%   590 5045s
  8917  6225 26501.9553   23 3985 18536.4971 27272.1693  47.1%   590 5053s
  8920  6228 22942.8667   26 3523 18536.4971 27272.1693  47.1%   590 5055s
  8941  6233 25536.5762   27 3566 18536.4971 27268.4081  47.1%   590 5060s
  8956  6248 21257.3954   42 2071 18536.4971 27268.4081  47.1%   590 5065s
  8970  6254 25598.6179   26 3496 18536.4971 27266.4178  47.1%   590 5070s
  8979  6263 22061.3410   35 2715 18536.4971 27266.4178  47.1%   590 5076s
  9008  6281 26141.9617   22 3840 18536.4971 27266.2920  47.1%   589 5081s
  9015  6288 25320.5093   29 3297 18536.4971 27266.2920  47.1%   589 5085s
  9028  6301 21701.5171   42 2288 18536.4971 27266.2920  47.1%   590 5090s
  9044  6307 25281.6907   23 3680 18536.4971 27262.3656  47.1%   590 5095s
  9059  6322 21150.1510   38 2392 18536.4971 27262.3656  47.1%   590 5100s
  9080  6331 25716.0792   22 3831 18536.4971 27252.7431  47.0%   589 5105s
  9089  6340 23117.3043   31 3214 18536.4971 27252.7431  47.0%   589 5110s
  9097  6348 20278.4410   39 2695 18536.4971 27252.7431  47.0%   590 5115s
  9112  6355 25973.3537   26 3959 18536.4971 27249.9281  47.0%   590 5120s
  9122  6365 23780.6839   33 3113 18536.4971 27249.9281  47.0%   590 5125s
  9135  6378 21654.3487   39 2518 18536.4971 27249.9281  47.0%   590 5130s
  9150  6393 20436.4252   45 1807 18536.4971 27249.9281  47.0%   591 5135s
  9174  6403 25413.1227   20 3668 18536.4971 27244.3415  47.0%   591 5140s
  9187  6416 23680.1244   33 2787 18536.4971 27244.3415  47.0%   591 5145s
  9209  6430 25814.6704   27 3564 18536.4971 27244.2478  47.0%   590 5150s
  9231  6452 19624.3006   49 1803 18536.4971 27244.2478  47.0%   590 5155s
  9243  6457 24208.0219   25 3737 18536.4971 27243.4159  47.0%   590 5160s
  9258  6472 23279.7886   33 3073 18536.4971 27243.4159  47.0%   591 5165s
  9283  6497 20142.3125   45 2073 18536.4971 27243.4159  47.0%   591 5170s
  9297  6502 25778.4826   26 3957 18536.4971 27238.8558  46.9%   590 5175s
  9319  6524 18837.0496   48 1876 18536.4971 27238.8558  46.9%   590 5180s
  9337  6528 24934.9781   30 3258 18536.4971 27234.2944  46.9%   590 5185s
  9352  6543 20126.8131   45 1949 18536.4971 27234.2944  46.9%   590 5190s
  9363  6546 26915.6127   23 4155 18536.4971 27233.0291  46.9%   590 5195s
  9373  6556 24634.1180   33 3176 18536.4971 27233.0291  46.9%   590 5200s
  9381  6564 21990.5242   41 2450 18536.4971 27233.0291  46.9%   590 5205s
  9395  6570 25369.2191   21 3516 18536.4971 27211.6607  46.8%   590 5210s
  9404  6579 23612.1312   30 2873 18536.4971 27211.6607  46.8%   590 5215s
  9419  6594 19177.9983   45 1701 18536.4971 27211.6607  46.8%   590 5220s
  9428  6595 24733.4710   25 3746 18536.4971 27194.5633  46.7%   590 5225s
  9441  6608 20564.0414   31 2977 18536.4971 27194.5633  46.7%   590 5230s
  9458  6625 19727.0013   40 2105 18536.4971 27194.5633  46.7%   590 5235s
  9480  6626 24256.8492   20 3945 18536.4971 27186.5915  46.7%   590 5240s
  9492  6638 20049.5154   32 2917 18536.4971 27186.5915  46.7%   590 5245s
  9503  6642 25719.3218   23 3529 18536.4971 27183.8952  46.7%   590 5250s
  9515  6654 23455.1650   35 2675 18536.4971 27183.8952  46.7%   590 5255s
H 9536  6663                    18536.498703 27183.8952  46.7%   590 5279s
  9537  6666 25833.9817   22 3774 18536.4987 27182.4146  46.6%   590 5280s
  9547  6676 24155.0572   30 3268 18536.4987 27182.4146  46.6%   590 5285s
  9563  6692 22505.0339   37 2749 18536.4987 27182.4146  46.6%   590 5290s
  9589  6718 19713.1736   53 1392 18536.4987 27182.4146  46.6%   590 5295s
  9604  6724 23959.1607   25 3248 18536.4987 27182.0995  46.6%   590 5300s
  9635  6748 25999.1116   23 3825 18536.4987 27163.6907  46.5%   589 5307s
  9640  6753 25377.7476   28 3481 18536.4987 27163.6907  46.5%   590 5310s
  9663  6772     cutoff   50      18536.4987 27163.6907  46.5%   589 5315s
  9673  6774 26029.5368   30 3551 18536.4987 27163.3305  46.5%   589 5320s
  9675  6776 25722.6413   32 3425 18536.4987 27163.3305  46.5%   589 5325s
  9678  6779 25189.8454   35 3141 18536.4987 27163.3305  46.5%   589 5331s
  9687  6788 22021.5871   44 2233 18536.4987 27163.3305  46.5%   589 5335s
  9706  6799 24763.2083   25 3482 18536.4987 27160.8225  46.5%   589 5340s
  9717  6810 19414.7434   36 2767 18536.4987 27160.8225  46.5%   589 5345s
  9730  6813 24000.5159   24 3569 18536.4987 27151.9627  46.5%   589 5350s
  9748  6831 18933.1693   42 2003 18536.4987 27151.9627  46.5%   589 5355s
  9761  6836 25326.2202   26 3165 18536.4987 27151.3968  46.5%   589 5360s
  9771  6846 22173.3107   36 2541 18536.4987 27151.3968  46.5%   589 5365s
  9789  6858     cutoff   51      18536.4987 27151.3968  46.5%   589 5370s
  9798  6865 23802.0832   27 2991 18536.4987 27150.5873  46.5%   589 5375s
  9812  6879 19612.7205   41 2154 18536.4987 27150.5873  46.5%   589 5380s
  9825  6882 25361.7158   27 3349 18536.4987 27133.9776  46.4%   589 5385s
  9840  6897 21048.9013   42 2100 18536.4987 27133.9776  46.4%   589 5390s
  9858  6905 25527.6781   26 3403 18536.4987 27133.1029  46.4%   589 5395s
  9870  6917 21264.2404   29 3102 18536.4987 27133.1029  46.4%   589 5400s
  9893  6928 18963.8521   39 2048 18536.4987 27133.1029  46.4%   589 5405s
  9909  6935 24458.3604   35 3017 18536.4987 27123.3867  46.3%   589 5410s
  9929  6955 21907.0438   44 2222 18536.4987 27123.3867  46.3%   589 5415s
  9962  6983 25505.5928   21 3858 18536.4987 27123.2371  46.3%   588 5420s
  9970  6991 23313.5943   29 3131 18536.4987 27123.2371  46.3%   588 5425s
  9981  7002 20885.3246   40 2459 18536.4987 27123.2371  46.3%   588 5430s
  9998  7011 26760.5287   25 3523 18536.4987 27117.4904  46.3%   588 5435s
 10009  7022 22108.2777   36 2776 18536.4987 27117.4904  46.3%   588 5440s
 10033  7037 25912.5451   25 3429 18536.4987 27115.9234  46.3%   588 5445s
 10039  7043 24225.0886   31 3193 18536.4987 27115.9234  46.3%   588 5450s
 10049  7053 20346.0007   41 2452 18536.4987 27115.9234  46.3%   589 5455s
 10064  7054 25656.0897   26 3548 18536.4987 27106.4121  46.2%   589 5460s
 10084  7074 19186.3801   46 1659 18536.4987 27106.4121  46.2%   588 5465s
 10097  7079 24469.7644   27 3353 18536.4987 27103.9017  46.2%   588 5470s
 10113  7095 19511.6262   43 1902 18536.4987 27103.9017  46.2%   588 5475s
 10143  7094 25334.1074   27 3479 18536.4987 27103.2604  46.2%   587 5480s
 10159  7110 19845.4352   43 1819 18536.4987 27103.2604  46.2%   587 5485s
 10172  7116 24883.4791   24 3358 18536.4987 27102.7753  46.2%   587 5490s
 10190  7134 20120.0341   42 2095 18536.4987 27102.7753  46.2%   587 5495s
 10202  7138 26647.0357   21 3881 18536.4987 27096.7713  46.2%   587 5500s
 10220  7156 19829.8997   39 2543 18536.4987 27096.7713  46.2%   587 5505s
 10240  7168 26171.0590   25 3815 18536.4987 27094.7039  46.2%   587 5510s
 10256  7184 19148.5656   41 2475 18536.4987 27094.7039  46.2%   587 5515s
 10270  7190 23738.4322   28 3556 18536.4987 27094.4434  46.2%   587 5520s
 10295  7207 25875.7928   21 3820 18536.4987 27093.0567  46.2%   586 5526s
 10302  7214 24621.6408   27 3371 18536.4987 27093.0567  46.2%   586 5530s
 10316  7228 23032.1481   35 2588 18536.4987 27093.0567  46.2%   586 5535s
 10336  7248 20014.6784   49 1486 18536.4987 27093.0567  46.2%   586 5540s
 10358  7259 26558.9972   21 4182 18536.4987 27091.1750  46.2%   586 5545s
 10370  7271 21024.4399   28 3180 18536.4987 27091.1750  46.2%   586 5550s
 10402  7285 26499.3464   20 3922 18536.4987 27089.9898  46.1%   586 5557s
 10406  7289 25468.4406   24 3720 18536.4987 27089.9898  46.1%   586 5560s
 10417  7300 23522.2217   35 2788 18536.4987 27089.9898  46.1%   586 5565s
 10434  7307 25850.8140   21 4081 18536.4987 27089.9269  46.1%   586 5570s
 10446  7319 20616.9494   33 3000 18536.4987 27089.9269  46.1%   586 5575s
 10464  7329 25081.7025   20 3450 18536.4987 27088.0009  46.1%   586 5580s
 10472  7337 21541.8968   28 2774 18536.4987 27088.0009  46.1%   586 5585s
 10500  7357 25735.7038   25 3882 18536.4987 27084.7637  46.1%   586 5590s
 10516  7373 20323.4507   41 2460 18536.4987 27084.7637  46.1%   586 5595s
 10530  7379 25738.0675   22 3497 18536.4987 27084.4723  46.1%   586 5600s
 10540  7389 23267.2620   32 2876 18536.4987 27084.4723  46.1%   586 5605s
 10548  7397 20881.8041   40 2425 18536.4987 27084.4723  46.1%   586 5610s
 10561  7400 25463.6338   22 3793 18536.4987 27081.6626  46.1%   586 5615s
 10577  7416 20684.4928   38 2588 18536.4987 27081.6626  46.1%   586 5620s
 10593  7419 25546.7584   18 3611 18536.4987 27077.9584  46.1%   586 5625s
 10601  7427 23621.0313   22 3213 18536.4987 27077.9584  46.1%   586 5630s
 10613  7439 22916.7305   28 2905 18536.4987 27077.9584  46.1%   586 5635s
 10630  7456 21021.4395   37 2172 18536.4987 27077.9584  46.1%   586 5640s
 10654  7478 19364.4543   49 1505 18536.4987 27077.9584  46.1%   586 5645s
 10668  7477 25997.6673   20 3775 18536.4987 27072.8282  46.1%   586 5650s
 10678  7487 24605.1800   30 3032 18536.4987 27072.8282  46.1%   586 5655s
 10704  7505 25649.6898   23 4012 18536.4987 27066.3116  46.0%   586 5661s
 10715  7516 22419.4045   34 3149 18536.4987 27066.3116  46.0%   586 5665s
 10739  7532 25463.5801   21 3875 18536.4987 27064.6443  46.0%   586 5670s
 10748  7541 23804.1372   26 3455 18536.4987 27064.6443  46.0%   586 5675s
 10766  7559 20972.7050   39 2391 18536.4987 27064.6443  46.0%   586 5680s
 10794  7579 25839.0792   25 3703 18536.4987 27061.3241  46.0%   585 5685s
 10810  7595 20399.7758   41 2345 18536.4987 27061.3241  46.0%   585 5690s
 10825  7602 23716.4077   27 3392 18536.4987 27055.6916  46.0%   585 5695s
 10845  7622 20510.8059   47 1625 18536.4987 27055.6916  46.0%   584 5700s
 10860  7629 22919.9491   24 3109 18536.4987 27048.9143  45.9%   584 5705s
 10872  7641 21515.4754   29 2709 18536.4987 27048.9143  45.9%   585 5710s
 10890  7647 24650.9820   23 3551 18536.4987 27048.4272  45.9%   584 5715s
 10907  7664 19679.5715   40 2399 18536.4987 27048.4272  45.9%   584 5720s
 10923  7672 25282.0541   25 3267 18536.4987 27046.7443  45.9%   584 5725s
 10934  7683 22038.4536   36 2535 18536.4987 27046.7443  45.9%   584 5730s
 10948  7697 18622.9599   50 1533 18536.4987 27046.7443  45.9%   584 5735s
 10961  7704 24390.3029   32 2973 18536.4987 27044.2317  45.9%   584 5740s
 10979  7716 18864.4831   45 1929 18536.4987 27044.2317  45.9%   584 5745s
 11007  7716 25287.5855   26 3574 18536.4987 27036.1667  45.9%   584 5750s
 11024  7733 20441.3500   43 2091 18536.4987 27036.1667  45.9%   583 5755s
 11044  7745 25357.5298   28 3569 18536.4987 27033.0911  45.8%   583 5760s
 11059  7760 21364.0628   43 2192 18536.4987 27033.0911  45.8%   583 5765s
 11079  7772 25596.6383   29 3452 18536.4987 27032.3252  45.8%   583 5770s
 11091  7784 22231.2067   41 2381 18536.4987 27032.3252  45.8%   583 5775s
 11109  7794 25571.4044   27 3376 18536.4987 27030.5610  45.8%   583 5780s
 11124  7809 21507.9346   42 2145 18536.4987 27030.5610  45.8%   583 5785s
 11139  7815 25304.0715   23 3661 18536.4987 27024.6580  45.8%   583 5790s
 11152  7828 23454.4765   29 3102 18536.4987 27024.6580  45.8%   583 5795s
 11173  7849 20637.7113   44 1928 18536.4987 27024.6580  45.8%   583 5800s
 11195  7859 25558.2618   24 3542 18536.4987 27021.0248  45.8%   583 5805s
 11211  7875 20315.5218   40 2460 18536.4987 27021.0248  45.8%   583 5810s
 11234  7888 24835.6377   31 3458 18536.4987 27020.3222  45.8%   582 5815s
 11256  7910 18881.3691   53 1268 18536.4987 27020.3222  45.8%   582 5820s
 11271  7917 23529.6852   31 2815 18536.4987 27007.3509  45.7%   582 5825s
 11301  7939 19769.4453   22 2628 18536.4987 27003.0905  45.7%   582 5832s
 11315  7946 25335.6224   22 3881 18536.4987 27000.1763  45.7%   582 5835s
 11324  7955 21290.3226   27 3131 18536.4987 27000.1763  45.7%   582 5840s
 11345  7959 26234.3868   30 3559 18536.4987 27000.0794  45.7%   582 5848s
 11346  7960 26164.1068   31 3456 18536.4987 27000.0794  45.7%   582 5850s
 11348  7962 25835.6861   33 3248 18536.4987 27000.0794  45.7%   582 5855s
 11351  7965 24351.6922   36 2954 18536.4987 27000.0794  45.7%   582 5861s
 11353  7967 23846.4246   38 2847 18536.4987 27000.0794  45.7%   582 5865s
 11356  7970 22215.6745   41 2593 18536.4987 27000.0794  45.7%   582 5870s
 11359  7973 20797.3170   44 2274 18536.4987 27000.0794  45.7%   582 5876s
 11361  7975 19128.6648   46 2081 18536.4987 27000.0794  45.7%   582 5880s
 11372  7976 22133.4544   24 2839 18536.4987 26994.8623  45.6%   582 5885s
 11395  7991 25703.7655   20 3896 18536.4987 26992.5764  45.6%   582 5890s
 11404  8000 24405.2588   29 3246 18536.4987 26992.5764  45.6%   582 5895s
 11426  8014 26027.3337   24 3702 18536.4987 26985.3883  45.6%   582 5901s
 11436  8024 24239.3268   34 3091 18536.4987 26985.3883  45.6%   582 5905s
 11448  8036 18895.8036   46 1836 18536.4987 26985.3883  45.6%   582 5910s
 11463  8039 24405.8626   23 3642 18536.4987 26984.2928  45.6%   582 5915s
 11483  8059 18790.7969   43 2027 18536.4987 26984.2928  45.6%   581 5920s
 11492  8060 24583.4567   21 3530 18536.4987 26981.4788  45.6%   581 5925s
 11503  8071 23416.7964   30 2834 18536.4987 26981.4788  45.6%   582 5930s
 11524  8092 19645.2677   42 1778 18536.4987 26981.4788  45.6%   581 5935s
 11547  8099 24683.4033   21 3556 18536.4987 26978.5346  45.5%   581 5941s
 11555  8107 23701.5732   29 3063 18536.4987 26978.5346  45.5%   581 5945s
 11582  8122 26006.5007   20 3648 18536.4987 26977.5919  45.5%   581 5950s
 11593  8133 22484.7945   31 2671 18536.4987 26977.5919  45.5%   581 5955s
 11613  8145 25500.3228   20 3679 18536.4987 26972.1915  45.5%   580 5960s
 11625  8157 22723.6562   32 3015 18536.4987 26972.1915  45.5%   580 5965s
 11646  8168 25830.2583   22 3899 18536.4987 26969.7498  45.5%   580 5971s
 11654  8176 23066.9818   30 3198 18536.4987 26969.7498  45.5%   580 5975s
 11678  8192 25898.6052   25 3585 18536.4987 26968.7791  45.5%   580 5980s
 11689  8203 23623.6157   36 2747 18536.4987 26968.7791  45.5%   580 5985s
 11706  8212 25792.5952   21 3626 18536.4987 26959.2015  45.4%   580 5990s
 11720  8226 21189.9193   35 2355 18536.4987 26959.2015  45.4%   580 5995s
 11742  8240 25657.0782   27 3578 18536.4987 26951.7761  45.4%   580 6000s
 11756  8254 24201.9516   31 3242 18536.4987 26951.7761  45.4%   580 6005s
 11773  8271 22006.8423   32 2876 18536.4987 26951.7761  45.4%   580 6010s
 11789  8287 21927.9346   34 2808 18536.4987 26951.7761  45.4%   580 6015s
 11816  8300 20614.1141   38 2744 18536.4987 26951.7761  45.4%   580 6020s
 11840  8304 25132.9484   27 3402 18536.4987 26949.7685  45.4%   580 6025s
 11862  8324 19219.5437   48 1835 18536.4987 26949.7685  45.4%   580 6030s
 11886  8340 21877.1400   41 2486 18536.4987 26949.7434  45.4%   579 6035s
 11910  8354 24502.9347   27 3456 18536.4987 26949.1164  45.4%   579 6040s
 11925  8369 20187.9964   42 2052 18536.4987 26949.1164  45.4%   579 6045s
 11945  8375 25112.6615   22 3331 18536.4987 26938.6841  45.3%   578 6050s
 11957  8387 23161.6820   27 3023 18536.4987 26938.6841  45.3%   579 6055s
 11968  8398 21292.2882   36 2309 18536.4987 26938.6841  45.3%   578 6060s
 12000  8416 25791.3483   22 4059 18536.4987 26936.8542  45.3%   578 6066s
 12004  8420 24254.1130   26 3496 18536.4987 26936.8542  45.3%   578 6070s
 12024  8440 20975.3518   46 2049 18536.4987 26936.8542  45.3%   578 6075s
 12039  8447 25127.1080   26 3363 18536.4987 26932.9309  45.3%   578 6080s
 12052  8460 21537.1347   39 2296 18536.4987 26932.9309  45.3%   578 6085s
 12073  8474 25422.6677   21 3998 18536.4987 26932.5998  45.3%   578 6090s
 12093  8478 26486.1380   21 4101 18536.4987 26932.5316  45.3%   578 6096s
 12103  8488 22879.0836   31 3148 18536.4987 26932.5316  45.3%   578 6100s
 12119  8496 26787.2425   21 3943 18536.4987 26930.8302  45.3%   578 6106s
 12127  8504 22880.1292   29 2788 18536.4987 26930.8302  45.3%   578 6110s
 12158  8522 26486.5153   23 4004 18536.4987 26930.7601  45.3%   577 6118s
 12162  8526 25593.9831   27 3693 18536.4987 26930.7601  45.3%   577 6120s
 12174  8538 20684.0525   39 2668 18536.4987 26930.7601  45.3%   578 6125s
 12193  8544 24592.0978   27 3414 18536.4987 26930.3032  45.3%   578 6130s
 12211  8562 18765.2726   45 1541 18536.4987 26930.3032  45.3%   578 6135s
 12225  8568 24430.6712   30 3046 18536.4987 26925.4642  45.3%   578 6140s
 12246  8589 19368.4753   51 1551 18536.4987 26925.4642  45.3%   577 6145s
 12269  8598 23718.2619   35 2732 18536.4987 26921.1203  45.2%   577 6150s
 12290  8612 25447.7849   20 3785 18536.4987 26916.7947  45.2%   577 6155s
 12300  8622 24146.0120   30 2943 18536.4987 26916.7947  45.2%   577 6160s
 12316  8638 19186.4981   46 1743 18536.4987 26916.7947  45.2%   577 6165s
 12330  8644 24461.4730   33 3040 18536.4987 26916.7722  45.2%   577 6170s
 12344  8658 22493.5697   39 2526 18536.4987 26916.7722  45.2%   577 6175s
 12358  8672 19949.3366   47 1599 18536.4987 26916.7722  45.2%   577 6180s
 12381  8681 25645.2188   26 3840 18536.4987 26912.7752  45.2%   577 6185s
 12397  8697 22042.7514   42 2294 18536.4987 26912.7752  45.2%   577 6190s
 12415  8707 24128.4027   27 3099 18536.4987 26909.4306  45.2%   577 6195s
 12430  8722 20141.8118   42 1745 18536.4987 26909.4306  45.2%   577 6200s
 12447  8727 24915.9135   29 3268 18536.4987 26909.2508  45.2%   577 6205s
 12454  8734 22467.5288   36 2919 18536.4987 26909.2508  45.2%   577 6210s
 12469  8741     cutoff   47      18536.4987 26909.2508  45.2%   577 6215s
 12483  8747 23965.4652   29 3197 18536.4987 26906.9898  45.2%   577 6220s
 12502  8766 19226.1177   48 1560 18536.4987 26906.9898  45.2%   577 6225s
 12520  8777 23057.2027   28 3410 18536.4987 26906.6458  45.2%   577 6230s
 12543  8792 25873.4861   26 3648 18536.4987 26905.3200  45.1%   577 6235s
 12557  8806 21397.6781   40 2347 18536.4987 26905.3200  45.1%   577 6240s
 12573  8814 25252.0493   26 3595 18536.4987 26904.1585  45.1%   577 6245s
 12587  8828 19700.5090   40 2604 18536.4987 26904.1585  45.1%   577 6250s
 12603  8836 23174.6575   33 2982 18536.4987 26903.5031  45.1%   577 6255s
 12636  8848 19056.4691   46 1643 18536.4987 26903.5031  45.1%   576 6260s
 12663  8853 24401.5988   33 3042 18536.4987 26901.6992  45.1%   575 6265s
 12675  8865 19668.3298   45 1906 18536.4987 26901.6992  45.1%   575 6270s
 12688  8871 25183.6118   26 3648 18536.4987 26900.7824  45.1%   576 6275s
 12701  8884 23190.0558   32 3160 18536.4987 26900.7824  45.1%   576 6280s
 12719  8902 20881.2155   41 2302 18536.4987 26900.7824  45.1%   576 6285s
 12756  8927 26636.5922   22 3959 18536.4987 26892.3794  45.1%   576 6292s
 12762  8933 25561.9717   28 3445 18536.4987 26892.3794  45.1%   576 6295s
 12777  8948 22779.4282   35 2683 18536.4987 26892.3794  45.1%   576 6300s
 12799  8970 19901.3469   50 1436 18536.4987 26892.3794  45.1%   576 6305s
 12826  8983 24670.2515   27 3293 18536.4987 26891.4225  45.1%   575 6310s
 12849  9006 19514.7273   50 1684 18536.4987 26891.4225  45.1%   575 6315s
 12864  9013 24353.1589   30 3329 18536.4987 26883.3260  45.0%   575 6320s
 12885  9034 18921.0346   51 1475 18536.4987 26883.3260  45.0%   575 6325s
 12896  9035 25099.3210   25 3692 18536.4987 26883.2104  45.0%   575 6330s
 12908  9047 21655.0215   37 2793 18536.4987 26883.2104  45.0%   575 6335s
 12927  9058 25586.8248   21 3814 18536.4987 26881.1726  45.0%   575 6340s
 12943  9074 21930.2033   37 2751 18536.4987 26881.1726  45.0%   575 6345s
 12958  9081 25391.0536   20 3749 18536.4987 26877.9812  45.0%   575 6350s
 12964  9087 22528.8884   26 3096 18536.4987 26877.9812  45.0%   575 6356s
 12975  9098 19885.7555   37 2090 18536.4987 26877.9812  45.0%   575 6360s
 12994  9110 24466.7375   36 2816 18536.4987 26873.1433  45.0%   575 6365s
 13020  9123 25444.8854   23 3802 18536.4987 26870.4489  45.0%   575 6371s
 13028  9131 24504.1969   31 3204 18536.4987 26870.4489  45.0%   575 6375s
 13051  9146 25343.4151   22 4031 18536.4987 26864.8369  44.9%   575 6381s
 13063  9158 22531.7570   34 2988 18536.4987 26864.8369  44.9%   575 6385s
 13084  9171 26367.0800   21 3699 18536.4987 26863.9446  44.9%   574 6391s
 13095  9182 23909.5243   32 2963 18536.4987 26863.9446  44.9%   574 6395s
 13118  9197 26006.1077   23 3980 18536.4987 26862.7320  44.9%   574 6400s
 13128  9207 22723.4296   33 3307 18536.4987 26862.7320  44.9%   574 6405s
 13153  9222 19847.1196   22 2652 18536.4987 26862.1951  44.9%   574 6412s
 13171  9228 25203.7288   22 3906 18536.4987 26862.0128  44.9%   574 6415s
 13182  9239 21624.3995   33 2996 18536.4987 26862.0128  44.9%   574 6420s
 13195  9244 24414.5545   24 3649 18536.4987 26858.8336  44.9%   574 6425s
 13231  9254 18702.6351   39 2218 18536.4987 26858.8336  44.9%   574 6430s
 13245  9262 23555.5130   32 3082 18536.4987 26857.5286  44.9%   574 6435s
 13268  9279 25642.7387   24 3753 18536.4987 26853.7731  44.9%   573 6440s
 13281  9292 22826.9933   37 2698 18536.4987 26853.7731  44.9%   573 6445s
 13302  9305 24968.5878   21 3686 18536.4987 26853.7456  44.9%   573 6450s
 13315  9318 21199.2439   34 2729 18536.4987 26853.7456  44.9%   573 6455s
 13334  9329 25448.4132   23 3775 18536.4987 26845.0314  44.8%   573 6460s
 13357  9352 19781.1858   46 2052 18536.4987 26845.0314  44.8%   573 6465s
 13376  9363 25215.7086   25 3523 18536.4987 26844.9708  44.8%   573 6470s
 13387  9374 22675.8573   30 3046 18536.4987 26844.9708  44.8%   573 6475s
 13405  9392 20376.7524   39 2257 18536.4987 26844.9708  44.8%   573 6480s
 13428  9413 19252.3507   51 1300 18536.4987 26844.9708  44.8%   573 6485s
 13442  9415 23999.0224   21 3398 18536.4987 26840.8879  44.8%   573 6490s
 13454  9427 21016.5217   33 2443 18536.4987 26840.8879  44.8%   573 6495s
 13474  9439 24999.8654   26 3632 18536.4987 26839.9858  44.8%   573 6500s
 13503  9460 18972.3464   48 1723 18536.4987 26839.9858  44.8%   573 6505s
 13529  9460 25645.0803   25 3826 18536.4987 26838.2084  44.8%   572 6510s
 13551  9482 20549.6271   47 1947 18536.4987 26838.2084  44.8%   572 6515s
 13568  9490 19121.5204   24 2499 18536.4987 26836.9501  44.8%   572 6520s
 13586  9500 21997.9666   29 3417 18536.4987 26836.2387  44.8%   572 6525s
 13607  9513 26368.4736   21 3795 18536.4987 26832.7090  44.8%   572 6530s
 13639  9517 25671.5443   25 3610 18536.4987 26832.2395  44.8%   571 6535s
 13652  9530 22467.3744   38 2555 18536.4987 26832.2395  44.8%   571 6540s
 13668  9539 24578.8028   26 3687 18536.4987 26829.9820  44.7%   571 6545s
 13678  9549 20127.8732   33 2613 18536.4987 26829.9820  44.7%   571 6550s
 13708  9559 25480.7940   25 3739 18536.4987 26826.6941  44.7%   571 6555s
 13726  9577 21606.8629   43 2268 18536.4987 26826.6941  44.7%   571 6560s
 13750  9594 24534.9491   31 3056 18536.4987 26824.7377  44.7%   571 6565s
 13764  9608 20237.9255   45 1916 18536.4987 26824.7377  44.7%   571 6570s
 13786  9619 23451.9668   30 3282 18536.4987 26822.0488  44.7%   571 6575s
 13813  9638 26333.9984   24 3774 18536.4987 26818.9469  44.7%   570 6581s
 13824  9649 22113.2436   35 3054 18536.4987 26818.9469  44.7%   570 6585s
 13842  9657 25187.2614   26 3372 18536.4987 26818.8922  44.7%   570 6590s
 13859  9674 19429.6707   43 2036 18536.4987 26818.8922  44.7%   570 6595s
 13876  9684 24374.4712   32 3239 18536.4987 26814.9614  44.7%   570 6600s
 13891  9699 19248.6893   47 1837 18536.4987 26814.9614  44.7%   570 6605s
 13906  9704 24036.5171   26 3328 18536.4987 26810.5565  44.6%   570 6610s
 13915  9713 23031.5396   28 3257 18536.4987 26810.5565  44.6%   570 6615s
 13933  9731 20522.8081   37 2583 18536.4987 26810.5565  44.6%   570 6620s
 13958  9749 25254.5469   26 3170 18536.4987 26808.8956  44.6%   570 6626s
H13961  9750                    18536.521047 26808.8956  44.6%   570 6630s
 13969  9760 22308.6349   37 2401 18536.5210 26808.8956  44.6%   570 6635s
 13983  9766 26456.5423   20 3946 18536.5210 26808.7340  44.6%   570 6641s
 13989  9772 23813.5095   26 3051 18536.5210 26808.7340  44.6%   570 6645s
 14013  9794 18959.1701   49 1444 18536.5210 26808.7340  44.6%   570 6650s
 14035  9808 21560.9191   34 2837 18536.5210 26808.3160  44.6%   570 6655s
 14055  9821 25092.8000   29 3638 18536.5210 26805.4727  44.6%   570 6660s
 14075  9841 22793.5264   39 2801 18536.5210 26805.4727  44.6%   570 6665s
 14109  9869 18786.4449   56  994 18536.5210 26805.4727  44.6%   570 6670s
 14120  9872 25350.1224   30 3318 18536.5210 26803.9894  44.6%   570 6675s
 14132  9884 21471.5844   42 2352 18536.5210 26803.9894  44.6%   570 6680s
 14146  9890 26305.2115   21 3932 18536.5210 26797.3585  44.6%   570 6685s
 14153  9897 24808.4537   24 3499 18536.5210 26797.3585  44.6%   570 6690s
 14166  9908 19254.5919   31 2475 18536.5210 26797.3585  44.6%   570 6695s
 14195  9907 19580.0556   20 2720 18536.5210 26797.2481  44.6%   570 6700s
 14214  9918 24329.4709   25 3585 18536.5210 26793.1680  44.5%   570 6705s
 14238  9932 25284.3819   21 3817 18536.5210 26787.3873  44.5%   570 6711s
 14243  9937 24724.1340   26 3449 18536.5210 26787.3873  44.5%   570 6715s
 14253  9947 21847.7200   36 2541 18536.5210 26787.3873  44.5%   570 6720s
 14270  9956 25608.7293   25 3674 18536.5210 26783.6822  44.5%   570 6725s
 14290  9976 21518.4298   45 2052 18536.5210 26783.6822  44.5%   570 6730s
 14334  9982 26660.2663   22 3929 18536.5210 26776.9341  44.5%   569 6735s
 14348  9996 24251.2100   31 3005 18536.5210 26776.9341  44.5%   569 6740s
 14366 10014 21773.7616   44 2027 18536.5210 26776.9341  44.5%   569 6745s
 14397 10037 25618.5075   23 3735 18536.5210 26772.1962  44.4%   568 6750s
 14411 10051 19902.0858   37 2498 18536.5210 26772.1962  44.4%   568 6755s
 14426 10058 26030.9970   26 3656 18536.5210 26771.1551  44.4%   568 6760s
 14441 10073 20300.8558   41 2454 18536.5210 26771.1551  44.4%   568 6765s
 14458 10080 23927.8111   29 3395 18536.5210 26768.0271  44.4%   568 6770s
 14473 10095 19545.5069   44 2289 18536.5210 26768.0271  44.4%   568 6775s
 14488 10101 24892.6433   24 3571 18536.5210 26767.6634  44.4%   568 6780s
 14505 10118 20686.7380   41 2237 18536.5210 26767.6634  44.4%   569 6785s
 14524 10130 24290.9570   25 3592 18536.5210 26766.4393  44.4%   569 6790s
 14541 10147 20114.8124   42 2187 18536.5210 26766.4393  44.4%   568 6795s
 14555 10153 26126.0663   22 3439 18536.5210 26765.5727  44.4%   568 6800s
 14570 10168 22562.7806   37 2265 18536.5210 26765.5727  44.4%   568 6805s
 14598 10190 24230.1747   26 3562 18536.5210 26764.9394  44.4%   568 6810s
H14607 10197                    18536.526197 26764.9394  44.4%   568 6944s
 14610 10202 21445.7130   38 2606 18536.5262 26764.9394  44.4%   568 6945s
 14633 10212 25040.2249   24 3876 18536.5262 26764.4055  44.4%   568 6950s
 14645 10224 22589.8915   28 3387 18536.5262 26764.4055  44.4%   568 6955s
 14677 10234 19110.3197   21 2505 18536.5262 26763.1965  44.4%   568 6963s
 14687 10238 26246.8647   20 3751 18536.5262 26762.9188  44.4%   568 6967s
 14691 10242 24972.4877   24 3393 18536.5262 26762.9188  44.4%   568 6970s
 14704 10255 21332.1166   37 2370 18536.5262 26762.9188  44.4%   568 6975s
 14721 10262 25181.1862   28 3534 18536.5262 26762.3271  44.4%   568 6980s
 14744 10285 21836.5833   44 2093 18536.5262 26762.3271  44.4%   568 6985s
 14775 10308 25539.7688   31 3249 18536.5262 26758.9844  44.4%   567 6990s
 14791 10324 23846.1063   39 2637 18536.5262 26758.9844  44.4%   568 6995s
 14820 10353 18920.3265   53 1385 18536.5262 26758.9844  44.4%   568 7000s
 14831 10356 23152.8983   26 3315 18536.5262 26758.7418  44.4%   568 7005s
 14843 10368 20249.8457   38 2264 18536.5262 26758.7418  44.4%   568 7010s
 14857 10376 24789.3244   30 3388 18536.5262 26757.4254  44.3%   568 7015s
 14872 10391 20285.4695   45 2096 18536.5262 26757.4254  44.3%   568 7020s
 14890 10401 24937.3198   25 3135 18536.5262 26754.3125  44.3%   568 7025s
 14902 10413 21594.3294   37 2508 18536.5262 26754.3125  44.3%   568 7030s
 14922 10425 25257.4459   23 3540 18536.5262 26750.1979  44.3%   568 7035s
 14935 10438 22258.6252   36 2535 18536.5262 26750.1979  44.3%   568 7040s
 14956 10443 25136.3466   27 3305 18536.5262 26746.2839  44.3%   568 7045s
 14963 10450 22775.3925   34 2832 18536.5262 26746.2839  44.3%   568 7050s
 14978 10459 25123.6381   25 3791 18536.5262 26746.2358  44.3%   568 7055s
 15005 10486 19022.6830   52 1345 18536.5262 26746.2358  44.3%   568 7060s
 15014 10487 25673.7773   25 3756 18536.5262 26744.2423  44.3%   568 7065s
 15040 10505 25458.8272   24 3628 18536.5262 26742.4549  44.3%   568 7071s
 15055 10520 20297.8565   39 2442 18536.5262 26742.4549  44.3%   568 7075s
 15074 10531 24161.5792   24 3868 18536.5262 26741.4870  44.3%   567 7080s
 15089 10544 21748.5049   28 3338 18536.5262 26741.4870  44.3%   568 7085s
 15111 10551 25591.0920   26 3580 18536.5262 26736.9064  44.2%   568 7091s
 15118 10558 24422.5113   29 3387 18536.5262 26736.9064  44.2%   568 7095s
 15129 10569 24108.8376   31 3100 18536.5262 26736.9064  44.2%   568 7100s
 15144 10584 23092.1527   32 2840 18536.5262 26736.9064  44.2%   568 7105s
 15161 10601 22213.3740   38 2316 18536.5262 26736.9064  44.2%   568 7110s
 15181 10621 20190.8829   44 1639 18536.5262 26736.9064  44.2%   568 7115s
 15216 10635 25850.5272   26 3557 18536.5262 26733.1390  44.2%   568 7120s
 15236 10640 25496.1770   26 3785 18536.5262 26727.6257  44.2%   567 7125s
 15251 10655 21355.3729   41 2387 18536.5262 26727.6257  44.2%   567 7130s
 15273 10669 24646.6852   29 3113 18536.5262 26723.6875  44.2%   567 7135s
 15298 10686 25743.5457   22 3888 18536.5262 26719.0752  44.1%   567 7141s
 15305 10693 24810.1682   29 3339 18536.5262 26719.0752  44.1%   567 7145s
 15320 10708 21209.4626   44 2056 18536.5262 26719.0752  44.1%   567 7150s
 15338 10718 25148.7280   24 3537 18536.5262 26718.7883  44.1%   567 7155s
 15356 10736 19914.1131   42 2101 18536.5262 26718.7883  44.1%   567 7160s
 15373 10745 24985.3773   22 3584 18536.5262 26715.5168  44.1%   567 7165s
 15386 10758 22468.0443   35 2733 18536.5262 26715.5168  44.1%   567 7170s
 15404 10768 25643.5205   24 3552 18536.5262 26710.0784  44.1%   567 7175s
 15426 10790 20798.7181   46 1945 18536.5262 26710.0784  44.1%   567 7180s
 15441 10797 24690.3092   22 3408 18536.5262 26710.0248  44.1%   567 7185s
 15451 10807 21100.6835   32 3079 18536.5262 26710.0248  44.1%   567 7190s
 15464 10812 24773.6542   20 3595 18536.5262 26707.7968  44.1%   567 7195s

Cutting planes:
  Gomory: 21
  Lift-and-project: 37
  Cover: 137
  Implied bound: 65
  Projected implied bound: 11
  Clique: 13
  MIR: 152
  Mixing: 1
  StrongCG: 1
  Flow cover: 180
  Inf proof: 67
  Zero half: 587
  RLT: 1916
  Relax-and-lift: 135
  BQP: 134

Explored 15473 nodes (8822621 simplex iterations) in 7200.00 seconds (9361.03 work units)
Thread count was 1 (of 52 available processors)

Solution count 10: 18536.5 18536.1 18536 ... 18231.7

Time limit reached
Best objective 1.853652619726e+04, best bound 2.670779678209e+04, gap 44.0820%

User-callback calls 1024793, time in user-callback 1.19 sec
Setting Gurobi: Solving MILP formulation (H.6) of the CFLPJLCR by the B&C algorithm of Gurobi.


Total CPU time: 7200.01 sec
Termination status: TIME_LIMIT
Percentage optimality gap: 30.60 %
Number of explored nodes: 15473
Objective value of the returned solution: 18536.526197
Optimal facility locations: [4, 12, 25, 26, 30, 37, 46]

@end of file
