Gurobi Optimizer version 11.0.1 build v11.0.1rc0 (linux64 - "CentOS Linux 7 (Core)")

CPU model: Intel(R) Xeon(R) Gold 6230R CPU @ 2.10GHz, instruction set [SSE2|AVX|AVX2|AVX512]
Thread count: 52 physical cores, 52 logical processors, using up to 1 threads

Optimize a model with 31385 rows, 11625 columns and 99170 nonzeros
Model fingerprint: 0x0c574240
Variable types: 5800 continuous, 5825 integer (5825 binary)
Coefficient statistics:
  Matrix range     [6e-07, 2e+01]
  Objective range  [2e+01, 2e+03]
  Bounds range     [1e+00, 1e+00]
  RHS range        [1e+00, 4e+00]
Found heuristic solution: objective -0.0000000
Presolve removed 4311 rows and 46 columns
Presolve time: 0.95s
Presolved: 27074 rows, 11579 columns, 96415 nonzeros
Variable types: 5777 continuous, 5802 integer (5802 binary)

Root simplex log...

Iteration    Objective       Primal Inf.    Dual Inf.      Time
   20619    8.5227793e+04   1.701716e+03   0.000000e+00      5s
   22340    8.5141344e+04   0.000000e+00   0.000000e+00      6s

Root relaxation: objective 8.514134e+04, 22340 iterations, 4.63 seconds (4.59 work units)

    Nodes    |    Current Node    |     Objective Bounds      |     Work
 Expl Unexpl |  Obj  Depth IntInf | Incumbent    BestBd   Gap | It/Node Time

     0     0 85141.3439    0 5486   -0.00000 85141.3439      -     -    8s
H    0     0                    34807.437639 85141.3439   145%     -    8s
H    0     0                    35142.651732 85141.3439   142%     -    8s
     0     0 83537.5490    0 5240 35142.6517 83537.5490   138%     -   18s
     0     0 81681.9123    0 4922 35142.6517 81681.9123   132%     -   20s
     0     0 81679.7808    0 4920 35142.6517 81679.7808   132%     -   20s
     0     0 81156.1944    0 4795 35142.6517 81156.1944   131%     -   22s
     0     0 81156.1433    0 4799 35142.6517 81156.1433   131%     -   22s
     0     0 81156.1433    0 4799 35142.6517 81156.1433   131%     -   22s
     0     0 81153.1392    0 4797 35142.6517 81153.1392   131%     -   23s
     0     0 80717.6008    0 4564 35142.6517 80717.6008   130%     -   29s
     0     0 80717.1629    0 4557 35142.6517 80717.1629   130%     -   29s
H    0     0                    37494.922117 80709.1356   115%     -   30s
     0     0 80670.0606    0 4492 37494.9221 80670.0606   115%     -   30s
     0     0 80669.8105    0 4492 37494.9221 80669.8105   115%     -   31s
     0     0 80611.5014    0 4408 37494.9221 80611.5014   115%     -   36s
     0     0 80611.4836    0 4403 37494.9221 80611.4836   115%     -   36s
H    0     0                    37864.950167 80602.5881   113%     -   37s
     0     0 80602.5881    0 4372 37864.9502 80602.5881   113%     -   37s
     0     0 80602.5881    0 4371 37864.9502 80602.5881   113%     -   37s
     0     0 80570.0910    0 4347 37864.9502 80570.0910   113%     -   43s
     0     0 80570.0910    0 4343 37864.9502 80570.0910   113%     -   43s
H    0     0                    40452.224426 80551.0532  99.1%     -   44s
     0     0 80551.0532    0 4308 40452.2244 80551.0532  99.1%     -   44s
     0     0 80551.0532    0 4306 40452.2244 80551.0532  99.1%     -   45s
     0     0 80551.0532    0 4300 40452.2244 80551.0532  99.1%     -   45s
     0     0 80423.6293    0 4299 40452.2244 80423.6293  98.8%     -   52s
     0     0 80423.2769    0 4283 40452.2244 80423.2769  98.8%     -   52s
     0     0 80390.9598    0 4266 40452.2244 80390.9598  98.7%     -   53s
     0     0 80390.9598    0 5219 40452.2244 80390.9598  98.7%     -   61s
H    0     0                    40475.707438 80390.9598  98.6%     -   61s
     0     0 80390.9598    0 4617 40475.7074 80390.9598  98.6%     -   69s
     0     0 80283.0038    0 4476 40475.7074 80283.0038  98.3%     -   72s
     0     0 80282.5378    0 4471 40475.7074 80282.5378  98.3%     -   72s
     0     0 80225.0968    0 4288 40475.7074 80225.0968  98.2%     -   72s
     0     0 80224.7944    0 4285 40475.7074 80224.7944  98.2%     -   73s
     0     0 80214.7625    0 4266 40475.7074 80214.7625  98.2%     -   73s
     0     0 80214.4376    0 4266 40475.7074 80214.4376  98.2%     -   73s
     0     0 80182.2259    0 4221 40475.7074 80182.2259  98.1%     -   80s
     0     0 80182.2258    0 4219 40475.7074 80182.2258  98.1%     -   80s
H    0     0                    43727.079881 80177.9245  83.4%     -   81s
     0     0 80175.0523    0 4202 43727.0799 80175.0523  83.4%     -   81s
     0     0 80174.8858    0 4197 43727.0799 80174.8858  83.4%     -   81s
     0     0 80166.2701    0 4197 43727.0799 80166.2701  83.3%     -   88s
     0     0 80166.1340    0 4193 43727.0799 80166.1340  83.3%     -   88s
     0     0 80157.8832    0 4194 43727.0799 80157.8832  83.3%     -   89s
     0     0 80157.8832    0 4192 43727.0799 80157.8832  83.3%     -   89s
     0     0 80157.8832    0 4189 43727.0799 80157.8832  83.3%     -   89s
     0     0 80157.8832    0 4177 43727.0799 80157.8832  83.3%     -   95s
     0     0 80141.7214    0 4176 43727.0799 80141.7214  83.3%     -   99s
H    0     0                    52592.343510 80141.7214  52.4%     -  106s
H    0     0                    53272.305654 80141.7214  50.4%     -  107s
     0     2 80141.7214    0 4170 53272.3057 80141.7214  50.4%     -  108s
     3     5 78458.0438    3 3988 53272.3057 80105.6132  50.4%  2010  111s
     7     9 77945.3913    5 3792 53272.3057 80105.6132  50.4%  2130  115s
    13    15 76298.6777    8 3459 53272.3057 80105.6132  50.4%  2219  120s
    19    21 74162.3682   11 3046 53272.3057 80105.6132  50.4%  2133  125s
H   26    26                    54194.353367 80105.6132  47.8%  1935  129s
    27    29 70147.6976   15 2479 54194.3534 80105.6132  47.8%  1958  130s
H   52    48                    54716.685565 80105.6132  46.4%  1210  133s
H   78    69                    55545.630141 80105.6132  44.2%   831  134s
    97    90 64080.5747   63 1188 55545.6301 80105.6132  44.2%   678  135s
H  104    95                    55649.531647 80105.6132  43.9%   633  135s
H  130   115                    55796.328719 80105.6132  43.6%   515  136s
H  157   132                    56091.142263 80105.6132  42.8%   428  137s
H  183   151                    56098.521063 80105.6132  42.8%   368  137s
H  209   173                    56172.175300 80105.6132  42.6%   323  138s
H  235   199                    56353.240323 80105.6132  42.1%   288  139s
   245   206 61841.5959  173  946 56353.2403 80105.6132  42.1%   277  140s
H  261   219                    56509.210334 80105.6132  41.8%   260  140s
H  270   228                    56509.377624 80105.6132  41.8%   252  142s
H  287   243                    57146.901225 80105.6132  40.2%   238  142s
H  297   248                    57252.299714 80105.6132  39.9%   230  144s
H  313   264                    57880.068536 80105.6132  38.4%   219  145s
H  324   271                    58019.400316 80105.6132  38.1%   212  146s
H  339   286                    59245.213323 80105.6132  35.2%   203  147s
H  351   297                    59418.710982 80105.6132  34.8%   196  148s
H  365   306                    60045.403547 80105.6132  33.4%   189  149s
H  378   319                    60047.585745 80105.6132  33.4%   182  150s
H  405   344                    60047.590494 80105.6132  33.4%   170  152s
H  417   356                    60116.900028 80105.6132  33.2%   166  153s
H  433   367                    60124.665299 80105.6132  33.2%   160  154s
H  443   376                    60126.684475 80105.6132  33.2%   156  155s
H  461   386                    60126.700896 80105.6132  33.2%   150  157s
H  488   408                    60126.701603 80105.6132  33.2%   142  160s
   520   423 77556.5652    3 4094 60126.7016 80097.1547  33.2%   148  166s
   523   426 77580.0335    5 3968 60126.7016 80097.1547  33.2%   160  171s
   531   434 75265.2051   11 3754 60126.7016 80097.1547  33.2%   174  175s
   537   440 73151.4649   14 3296 60126.7016 80097.1547  33.2%   194  180s
H  547   402                    60293.242897 80097.1547  32.8%   204  185s
H  547   293                    60945.211630 80097.1547  31.4%   204  186s
   569   316 75046.9025   12 4266 60945.2116 80097.1547  31.4%   214  209s
   571   317 68452.7851   25 4959 60945.2116 80097.1547  31.4%   214  226s
   572   318 65057.6275   34 4453 60945.2116 80097.1547  31.4%   213  237s
   575   320 77914.2246    6 4245 60945.2116 80097.1547  31.4%   212  240s
   582   325 62543.2741  117 4168 60945.2116 80097.1547  31.4%   210  248s
   583   325 65047.9812   62 4126 60945.2116 80097.1547  31.4%   209  255s
   589   329 60952.5385  232 4136 60945.2116 80097.1547  31.4%   207  261s
   590   330 61098.6977  220 4131 60945.2116 80097.1547  31.4%   207  268s
   595   333 60952.0476  229 4145 60945.2116 80097.1547  31.4%   205  274s
H  595   315                    61042.688133 80077.2509  31.2%   205  281s
   600   319 65818.5364   33 4132 61042.6881 80077.2509  31.2%   203  287s
   601   319 62366.9111  121 4111 61042.6881 80075.3371  31.2%   203  295s
   604   321 65123.7662   60 4123 61042.6881 80075.0099  31.2%   202  301s
H  604   305                    61049.926920 80073.3404  31.2%   202  310s
   609   309 64493.4057   80 4121 61049.9269 80073.3404  31.2%   200  320s
   610   309 65051.4113   62 4127 61049.9269 79909.1828  30.9%   200  334s
   614   312 66142.6937   36 4142 61049.9269 79908.2867  30.9%   199  344s
   615   313 62240.8139  150 4107 61049.9269 79710.7880  30.6%   198  356s
   622   317 74601.8741   13 4126 61049.9269 79706.6996  30.6%   196  366s
   623   318 61390.2739  209 4116 61049.9269 79668.5920  30.5%   196  374s
   624   319 61742.0517  181 4115 61049.9269 79667.5569  30.5%   196  375s
   628   321 66171.2463   31 4123 61049.9269 79665.6484  30.5%   194  382s
   629   322 67008.9974   29 4100 61049.9269 79661.0654  30.5%   194  390s
   634   325 62090.2937  161 4122 61049.9269 79660.1731  30.5%   193  397s
   635   326 62865.5389  104 4088 61049.9269 79650.0247  30.5%   192  406s
   639   329 61079.6569  220 4108 61049.9269 79647.7317  30.5%   191  413s
   640   329 63191.6341   87 4081 61049.9269 79633.1479  30.4%   191  423s
   642   331 69073.0471   18 4093 61049.9269 79633.1479  30.4%   190  429s
   643   331 68759.8817   26 4100 61049.9269 79631.2859  30.4%   190  439s
   645   333 77556.2480    4 4101 61049.9269 79631.2859  30.4%   189  440s
   647   334 62814.9780   91 4107 61049.9269 79631.2730  30.4%   189  446s
   648   335 69898.3309   23 4078 61049.9269 79630.1919  30.4%   188  453s
   653   338 78452.8275    4 4102 61049.9269 79629.7252  30.4%   187  460s
   654   339 61559.1639  189 4112 61049.9269 79628.9957  30.4%   187  477s
   656   340 65057.6275   34 4109 61049.9269 79628.9957  30.4%   186  492s
H  656   321                    61049.934338 79450.6689  30.1%   186  515s
   661   324 69901.1339   23 4054 61049.9343 79438.7000  30.1%   185  529s
   662   325 69968.6357   20 3993 61049.9343 79286.9148  29.9%   184  542s
   663   326 61938.8422   81 4033 61049.9343 79259.6238  29.8%   184  546s
   667   328 71269.1149   20 4043 61049.9343 79252.6681  29.8%   183  552s
   668   329 61923.5336  167 4010 61049.9343 79238.6194  29.8%   183  559s
   670   330 62576.4482  121 4020 61049.9343 79238.6194  29.8%   182  560s
   673   332 61944.8740  168 4008 61049.9343 79220.5542  29.8%   181  572s
   678   336 70078.9723   19 4014 61049.9343 79218.4113  29.8%   180  576s
   679   336 68345.1453   27 4013 61049.9343 79205.1185  29.7%   180  583s
   682   338 62543.2741  117 4030 61049.9343 79205.1185  29.7%   179  588s
   683   339 65047.9812   62 4020 61049.9343 79184.2615  29.7%   179  593s
   684   340 61454.7488  197 4027 61049.9343 79184.2615  29.7%   178  597s
   685   340 77574.1620    6 4014 61049.9343 79099.4938  29.6%   178  605s
   689   343 61049.9343  232 4023 61049.9343 79093.0328  29.6%   177  611s
   690   344 61098.6977  220 4008 61049.9343 79073.0651  29.5%   177  622s
   693   346 67661.2091   29 4039 61049.9343 79072.4262  29.5%   176  627s
   694   346 61049.9343  230 4015 61049.9343 79067.9106  29.5%   176  633s
   696   348 61516.7430  197 4017 61049.9343 79067.9106  29.5%   175  637s
   697   348 70483.2520   23 3998 61049.9343 79066.0355  29.5%   175  643s
   700   350 65818.5364   33 4011 61049.9343 79066.0355  29.5%   174  646s
   701   351 62366.9111  121 4003 61049.9343 79065.0342  29.5%   174  652s
   703   352 61696.6170  179 4012 61049.9343 79065.0342  29.5%   174  655s
   704   353 65123.7662   60 4008 61049.9343 79064.7232  29.5%   173  662s
   706   354 62148.1732  156 4008 61049.9343 79064.7232  29.5%   173  671s
   711   359 69822.3244   23 4958 61049.9343 79064.7232  29.5%   343  698s
   712   360 61559.1639  189 4410 61049.9343 79064.7232  29.5%   343  715s
   714   361 66142.6937   36 4163 61049.9343 79064.7232  29.5%   342  721s
   716   363 78452.8275    4 4146 61049.9343 79064.7232  29.5%   341  726s
   718   364 61049.9343  232 4051 61049.9343 79064.7232  29.5%   340  730s
   723   367 61390.2739  209 4034 61049.9343 79064.7232  29.5%   338  748s
   724   368 61742.0517  181 4016 61049.9343 79001.1076  29.4%   337  770s
   728   371 66171.2463   31 4034 61049.9343 79000.9307  29.4%   335  783s
   729   371 67008.9974   29 3996 61049.9343 78953.0702  29.3%   335  802s
   733   374 61501.2369  176 4020 61049.9343 78947.4477  29.3%   333  805s
   734   375 62090.2937  161 4021 61049.9343 78947.4460  29.3%   332  819s
   735   375 62865.5389  104 3986 61049.9343 78914.3617  29.3%   332  839s
   736   376 71269.1149   20 3994 61049.9343 78908.3525  29.3%   332  841s
   739   378 61079.6569  220 4005 61049.9343 78907.2413  29.3%   330  857s
   740   379 63191.6341   87 4006 61049.9343 78884.1409  29.2%   330  880s
   744   381 61390.2739  209 4015 61049.9343 78882.2446  29.2%   328  897s
   745   382 77556.2480    4 3982 61049.9343 78833.9378  29.1%   328  919s
   746   383 70743.8863   21 3982 61049.9343 78825.0801  29.1%   327  921s
   749   385 74551.1632   14 3999 61049.9343 78822.7932  29.1%   326  925s
   750   385 62589.9641  109 3999 61049.9343 78822.7762  29.1%   325  941s
   751   386 61092.4262  223 4000 61049.9343 78802.1369  29.1%   325  955s
   755   389 63314.6165   83 4005 61049.9343 78797.4432  29.1%   323  960s
   756   389 65057.6275   34 4006 61049.9343 78797.4409  29.1%   323  966s
   757   390 61820.9094  172 3995 61049.9343 78752.0722  29.0%   322  986s
   761   393 69901.1339   23 4017 61049.9343 78744.4992  29.0%   321  990s
   762   393 69968.6357   20 4020 61049.9343 78744.4906  29.0%   320  997s
   763   394 61938.8422   81 4019 61049.9343 78734.1040  29.0%   320 1013s
   765   395 71678.1343   15 4002 61049.9343 78734.1040  29.0%   319 1015s
   768   397 61923.5336  167 4001 61049.9343 78734.0493  29.0%   318 1024s
   769   398 75046.9025   12 3981 61049.9343 78724.5336  29.0%   317 1034s
   770   399 62576.4482  121 4001 61049.9343 78723.2589  28.9%   317 1036s
   773   401 61944.8740  168 4001 61049.9343 78722.6023  28.9%   316 1045s
   774   401 61486.8179  201 3994 61049.9343 78719.0062  28.9%   315 1058s
   775   402 77914.2246    6 4004 61049.9343 78717.7487  28.9%   315 1060s
   778   404 70078.9723   19 3998 61049.9343 78717.4351  28.9%   314 1070s
   779   405 68345.1453   27 4001 61049.9343 78714.5227  28.9%   313 1083s
   781   406 70078.9723   19 4021 61049.9343 78714.5227  28.9%   312 1085s
   782   407 62543.2741  117 4023 61049.9343 78714.5227  28.9%   312 1091s
   783   407 65047.9812   62 4014 61049.9343 78714.0062  28.9%   312 1106s
   785   409 77574.1620    6 4005 61049.9343 78712.6803  28.9%   311 1110s
   787   410 61668.2411  177 4018 61049.9343 78712.6303  28.9%   310 1117s
   788   411 64556.5795   46 3999 61049.9343 78711.0074  28.9%   310 1128s
   790   412 61098.6977  220 4011 61049.9343 78711.0074  28.9%   309 1136s
   791   413 64848.7684   66 4006 61049.9343 78708.2175  28.9%   309 1162s
   793   414 67661.2091   29 4015 61049.9343 78708.2175  28.9%   308 1181s
   794   415 61049.9343  230 4000 61049.9343 78703.6492  28.9%   307 1208s
   797   417 70483.2520   23 4016 61049.9343 78703.5172  28.9%   306 1229s
   798   417 64929.8159   59 3999 61049.9343 78693.3033  28.9%   306 1248s
   800   419 65818.5364   33 4016 61049.9343 78693.0616  28.9%   305 1250s
   802   420 62248.4498  147 4010 61049.9343 78693.0137  28.9%   304 1258s
   803   421 61696.6170  179 4005 61049.9343 78678.6539  28.9%   304 1271s
   806   423 62148.1732  156 4011 61049.9343 78678.6539  28.9%   303 1281s
   807   423 63125.5990   82 4030 61049.9343 78676.8981  28.9%   302 1297s
   809   425 64493.4057   80 4039 61049.9343 78676.7029  28.9%   302 1306s
   810   425 65051.4113   62 4018 61049.9343 78676.1994  28.9%   301 1316s
   812   427 61559.1639  189 4029 61049.9343 78676.1915  28.9%   301 1323s
   813   427 61921.0991  166 4008 61049.9343 78673.6999  28.9%   300 1334s
   814   428 66142.6937   36 4015 61049.9343 78673.4021  28.9%   300 1335s
   816   429 78452.8275    4 4022 61049.9343 78673.3356  28.9%   299 1344s
   817   430 62554.0889  127 4016 61049.9343 78671.5669  28.9%   299 1356s
   820   432 64493.4057   80 4020 61049.9343 78671.5328  28.9%   298 1366s
   821   433 64385.0703   56 4003 61049.9343 78670.6856  28.9%   297 1381s
   824   435 61742.0517  181 4012 61049.9343 78670.6856  28.9%   296 1389s
   825   435 61049.9343  138 4015 61049.9343 78670.0513  28.9%   296 1399s
   826   436 72441.9436   14 4009 61049.9343 78669.5071  28.9%   295 1400s
   828   437 66171.2463   31 4010 61049.9343 78669.4507  28.9%   295 1407s
   829   438 67008.9974   29 3996 61049.9343 78669.0883  28.9%   294 1415s
   830   439 62814.9780   91 4013 61049.9343 78669.0883  28.9%   294 1423s
   831   439 74662.5371   13 4000 61049.9343 78668.8461  28.9%   294 1431s
   832   440 64114.6296   48 4012 61049.9343 78668.8461  28.9%   293 1439s
   833   441 61501.2369  176 3998 61049.9343 78668.7153  28.9%   293 1448s
   838   445 73149.0765   15 4955 61049.9343 78668.7153  28.9%   460 1476s
   839   446 61079.6569  220 4425 61049.9343 78668.7153  28.9%   459 1495s
   841   447 61600.9343  189 4164 61049.9343 78668.7153  28.9%   458 1503s
   842   448 69073.0471   18 4174 61049.9343 78668.7153  28.9%   458 1508s
   843   449 68759.8817   26 4147 61049.9343 78668.7153  28.9%   457 1511s
   845   450 77556.2480    4 4126 61049.9343 78668.7153  28.9%   456 1518s
   846   451 70743.8863   21 4122 61049.9343 78668.7153  28.9%   456 1522s
   847   451 62814.9780   91 4101 61049.9343 78668.7153  28.9%   455 1525s
   848   452 69898.3309   23 4098 61049.9343 78668.7153  28.9%   455 1530s
   849   453 74551.1632   14 4054 61049.9343 78668.4220  28.9%   454 1535s
   851   454 61092.4262  223 4003 61049.9343 78659.3278  28.8%   453 1542s
   855   457 63314.6165   83 4017 61049.9343 78658.8087  28.8%   451 1571s
H  855   433                    61049.935177 78652.6065  28.8%   451 1607s
   859   435 61049.9352  225 4024 61049.9352 78652.6065  28.8%   449 1634s
   860   436 77564.3370    6 3990 61049.9352 78611.9667  28.8%   448 1683s
   861   437 69901.1339   23 4027 61049.9352 78608.9613  28.8%   448 1686s
   865   439 71678.1343   15 4025 61049.9352 78608.7735  28.8%   446 1714s
   866   440 62721.5951  111 3999 61049.9352 78583.4996  28.7%   445 1750s
   869   442 75046.9025   12 4010 61049.9352 78582.6361  28.7%   444 1772s
   870   443 62576.4482  121 3999 61049.9352 78569.4209  28.7%   443 1806s
   874   445 61486.8179  201 4016 61049.9352 78567.4687  28.7%   441 1830s
   875   446 77914.2246    6 4028 61049.9352 78548.4955  28.7%   441 1862s
   877   447 62978.4252   94 4019 61049.9352 78544.4761  28.7%   440 1866s
   879   449 68345.1453   27 4016 61049.9352 78544.1400  28.7%   439 1887s
   880   449 65244.0434   57 3966 61049.9352 78514.8752  28.6%   438 1926s
   882   451 62543.2741  117 4003 61049.9352 78509.3597  28.6%   437 1932s
   884   452 61454.7488  197 3996 61049.9352 78508.6966  28.6%   436 1935s
   885   453 77574.1620    6 3998 61049.9352 78508.6811  28.6%   436 1955s
   886   453 64788.9128   73 3969 61049.9352 78483.9621  28.6%   435 1976s
   888   455 64556.5795   46 3985 61049.9352 78483.9621  28.6%   434 1980s
   890   456 61098.6977  220 3986 61049.9352 78483.9621  28.6%   433 1989s
   891   457 64848.7684   66 3985 61049.9352 78482.6966  28.6%   433 2006s
   894   459 61049.9352  230 3984 61049.9352 78481.3485  28.6%   431 2010s
   895   459 61049.9352  229 3983 61049.9352 78481.3436  28.6%   431 2021s
   896   460 61516.7430  197 3976 61049.9352 78478.3714  28.5%   430 2034s
   897   461 70483.2520   23 3971 61049.9352 78477.2418  28.5%   430 2036s
   900   463 65818.5364   33 3985 61049.9352 78477.0469  28.5%   428 2046s
   901   463 62366.9111  121 3985 61049.9352 78474.9681  28.5%   428 2067s
   903   465 61696.6170  179 3990 61049.9352 78474.3882  28.5%   427 2070s
   904   465 65123.7662   60 3994 61049.9352 78474.3668  28.5%   426 2077s
   905   466 62654.2337  108 3980 61049.9352 78473.8212  28.5%   426 2093s
   907   467 63125.5990   82 3987 61049.9352 78473.7113  28.5%   425 2103s
   908   468 66022.5860   32 3978 61049.9352 78472.8169  28.5%   425 2114s
   909   469 64493.4057   80 3985 61049.9352 78472.7805  28.5%   424 2116s
   911   470 69822.3244   23 3987 61049.9352 78472.7110  28.5%   423 2126s
   912   471 61559.1639  189 3983 61049.9352 78472.1201  28.5%   423 2136s
   914   472 66142.6937   36 3999 61049.9352 78471.9434  28.5%   422 2147s
H  914   447                    61049.935350 78467.5166  28.5%   422 2170s
   917   449 62554.0889  127 3986 61049.9354 78467.4250  28.5%   420 2192s
   918   450 61049.9354  232 3987 61049.9354 78461.9208  28.5%   420 2218s
   919   450 66071.3628   31 3988 61049.9354 78461.5996  28.5%   419 2220s
   920   451 64493.4057   80 3987 61049.9354 78461.5785  28.5%   419 2240s
   921   452 64385.0703   56 3965 61049.9354 78460.0932  28.5%   419 2257s
   923   453 61390.2739  209 3978 61049.9354 78460.0932  28.5%   418 2263s
   924   454 61742.0517  181 3968 61049.9354 78455.5065  28.5%   417 2281s
   927   456 62554.1760  109 3989 61049.9354 78455.1977  28.5%   416 2291s
H  927   432                    61049.937507 78454.9849  28.5%   416 2300s
   929   433 67008.9974   29 3991 61049.9375 78454.9848  28.5%   415 2307s
   930   434 62814.9780   91 3986 61049.9375 78454.8884  28.5%   415 2327s
   931   434 74662.5371   13 3986 61049.9375 78454.8732  28.5%   414 2333s
   932   435 64114.6296   48 3983 61049.9375 78454.7842  28.5%   414 2342s
   933   436 61501.2369  176 3977 61049.9375 78454.5892  28.5%   413 2353s
H  933   413                    61049.937694 78454.5892  28.5%   413 2417s
H  933   390                    61049.937895 78454.5892  28.5%   413 2421s
   935   393 77982.4916   35 3976 61049.9379 78448.6311  28.5%   605 2471s
   936   394 77764.0662   35 3827 61049.9379 77979.8403  27.7%   647 2548s
   937   394 77112.3403   36 3950 61049.9379 77979.8403  27.7%   664 2576s
   938   395 77397.6754   36 3876 61049.9379 77759.2867  27.4%   688 2618s
   939   396 76538.2954   37 3775 61049.9379 77759.2867  27.4%   708 2653s
   940   396 76346.5599   37 3818 61049.9379 77759.2867  27.4%   716 2666s
   941   397 75956.8991   38 3652 61049.9379 77759.2867  27.4%   725 2683s
   942   398 75466.6403   38 3716 61049.9379 77759.2867  27.4%   728 2691s
   943   398 75491.9246   39 3481 61049.9379 77759.2867  27.4%   739 2704s
   944   399 75072.4636   39 3557 61049.9379 77759.2867  27.4%   745 2713s
   945   400 74873.0573   40 3463 61049.9379 77759.2867  27.4%   746 2716s
   946   400 73763.3097   40 3514 61049.9379 77759.2867  27.4%   748 2722s
   947   401 74479.7455   41 3379 61049.9379 77759.2867  27.4%   751 2725s
   948   402 73363.6451   41 3429 61049.9379 77759.2867  27.4%   753 2730s
   949   402 74113.9594   42 3299 61049.9379 77759.2867  27.4%   755 2736s
   950   403 73597.3494   42 3360 61049.9379 77759.2867  27.4%   757 2742s
   951   404 73747.0016   43 3239 61049.9379 77759.2867  27.4%   759 2746s
   952   404 72922.5324   43 3275 61049.9379 77759.2867  27.4%   762 2753s
   953   405 73452.6992   44 3080 61049.9379 77759.2867  27.4%   763 2759s
   954   406 72469.4068   44 3210 61049.9379 77759.2867  27.4%   764 2765s
   955   406 72740.5275   45 2918 61049.9379 77759.2867  27.4%   768 2772s
   956   407 72205.2881   45 2975 61049.9379 77759.2867  27.4%   770 2776s
   957   408 72205.5078   46 2731 61049.9379 77759.2867  27.4%   771 2780s
   959   409 71647.8186   47 2537 61049.9379 77759.2867  27.4%   773 2786s
   960   410 71115.2560   47 2645 61049.9379 77759.2867  27.4%   774 2790s
H  961   387                    61049.938687 77759.2867  27.4%   773 2792s
   964   391 69492.2175   49 2374 61049.9387 77759.2867  27.4%   775 2795s
   979   401 65771.9942   57 1180 61049.9387 77759.2867  27.4%   770 2800s
  1038   441 63461.6053   86  886 61049.9387 77759.2867  27.4%   728 2805s
H 1090   453                    61050.212742 77759.2867  27.4%   694 2810s
  1135   485 63117.5798  135  774 61050.2127 77759.2867  27.4%   666 2815s
  1191   523 62974.0928  163  709 61050.2127 77759.2867  27.4%   635 2820s
H 1204   510                    61050.225416 77759.2867  27.4%   628 2824s
  1221   524 62858.2007  178  662 61050.2254 77759.2867  27.4%   620 2825s
  1258   548 62773.6038  196  625 61050.2254 77759.2867  27.4%   602 2831s
  1300   576 62727.5920  217  589 61050.2254 77759.2867  27.4%   582 2835s
H 1312   564                    61050.225620 77759.2867  27.4%   577 2837s
  1324   574 62679.9170  229  564 61050.2256 77759.2867  27.4%   572 2840s
  1366   602 62640.9084  250  527 61050.2256 77759.2867  27.4%   554 2845s
  1393   620 62590.9054  264  508 61050.2256 77759.2867  27.4%   544 2850s
  1428   644 62566.5418  281  475 61050.2256 77759.2867  27.4%   531 2855s
H 1474   654                    61050.228030 77759.2867  27.4%   514 2860s
  1528   692 62370.9593  331  420 61050.2280 77759.2867  27.4%   496 2866s
  1571   721 62382.5575  353  405 61050.2280 77759.2867  27.4%   483 2870s
H 1582   710                    61050.228099 77759.2867  27.4%   479 2872s
H 1609   713                    61050.232012 77759.2867  27.4%   471 2874s
  1617   721 62216.3361  376  387 61050.2320 77759.2867  27.4%   469 2875s
  1663   751 62090.3904  399  369 61050.2320 77759.2867  27.4%   456 2880s
  1717   787 61877.6190  426  346 61050.2320 77759.2867  27.4%   442 2887s
  1744   812 61774.7252  439  333 61050.2320 77759.2867  27.4%   435 2890s
  1771   839 61661.1683  453  319 61050.2320 77759.2867  27.4%   428 2896s
  1827   895 61550.5438  481  290 61050.2320 77759.2867  27.4%   415 2900s
H 1852   918                    61050.237866 77759.2867  27.4%   410 2903s
  1879   947 61354.0002  507  259 61050.2379 77759.2867  27.4%   404 2905s
  1927   993 61233.4795  531  229 61050.2379 77759.2867  27.4%   394 2911s
  1970  1034 61140.4968  552  204 61050.2379 77759.2867  27.4%   385 2915s
  2015  1051 77308.1621   36 3807 61050.2379 77759.2853  27.4%   380 2953s
  2016  1052 76903.7082   37 3635 61050.2379 77759.2853  27.4%   383 2962s
  2017  1053 76515.1841   37 3617 61050.2379 77759.2853  27.4%   387 2972s
  2018  1054 75566.0657   38 3483 61050.2379 77759.2853  27.4%   389 2976s
  2019  1055 76241.3955   38 3455 61050.2379 77759.2853  27.4%   390 2980s
  2020  1056 75415.9282   39 3322 61050.2379 77759.2853  27.4%   393 2986s
  2021  1057 75365.1916   39 3336 61050.2379 77759.2853  27.4%   394 2990s
  2022  1058 74626.9959   40 3208 61050.2379 77759.2853  27.4%   397 2997s
  2023  1059 74310.7187   40 3262 61050.2379 77759.2853  27.4%   399 3000s
  2024  1060 73844.9668   41 3204 61050.2379 77759.2853  27.4%   400 3005s
  2029  1065 72266.8123   43 3104 61050.2379 77759.2853  27.4%   403 3011s
  2032  1068 72359.9290   45 2652 61050.2379 77759.2853  27.4%   405 3015s
  2039  1075 70201.5792   48 2238 61050.2379 77759.2853  27.4%   408 3020s
H 2042   989                    61299.770118 77759.2853  26.9%   409 3026s
H 2067   954                    61457.150242 77759.2853  26.5%   408 3031s
H 2069   956                    61467.197206 77759.2853  26.5%   408 3034s
  2088   977 62306.2012   73  883 61467.1972 77759.2853  26.5%   404 3035s
H 2093   978                    61499.691267 77759.2853  26.4%   403 3037s
H 2096   979                    61506.798036 77759.2853  26.4%   403 3040s
H 2123  1003                    61518.626212 77759.2853  26.4%   397 3043s
H 2150  1030                    61518.629731 77759.2853  26.4%   393 3045s
H 2177  1055                    61518.632184 77759.2853  26.4%   388 3048s
  2234  1088 76998.3284   36 3712 61518.6322 77393.5040  25.8%   382 3070s
  2235  1089 76440.5552   37 3578 61518.6322 77393.5040  25.8%   385 3077s
  2236  1090 76368.8503   37 3628 61518.6322 77393.5040  25.8%   388 3085s
  2237  1091 75449.2898   38 3574 61518.6322 77393.5040  25.8%   390 3090s
  2238  1092 75695.0896   38 3506 61518.6322 77393.5040  25.8%   392 3096s
  2239  1093 75048.9850   39 3463 61518.6322 77393.5040  25.8%   394 3101s
  2241  1095 73804.1896   40 3319 61518.6322 77393.5040  25.8%   398 3109s
  2242  1096 73619.0497   40 3348 61518.6322 77393.5040  25.8%   399 3111s
  2245  1099 72917.4577   42 3128 61518.6322 77393.5040  25.8%   401 3115s
  2248  1102 71829.2812   43 3022 61518.6322 77393.5040  25.8%   404 3121s
  2251  1105 71449.0268   45 2748 61518.6322 77393.5040  25.8%   406 3125s
  2265  1119 67144.5867   52 1742 61518.6322 77393.5040  25.8%   409 3130s
  2424  1244 76783.0841   37 3771 61518.6322 77393.4120  25.8%   388 3158s
  2425  1245 76226.9572   38 3541 61518.6322 77393.4120  25.8%   391 3168s
  2426  1246 76004.5804   38 3641 61518.6322 77393.4120  25.8%   394 3176s
  2427  1247 75248.0102   39 3457 61518.6322 77393.4120  25.8%   396 3183s
  2428  1248 74981.9553   39 3573 61518.6322 77393.4120  25.8%   398 3187s
  2429  1249 74579.6097   40 3429 61518.6322 77393.4120  25.8%   399 3192s
  2430  1250 73924.1786   40 3453 61518.6322 77393.4120  25.8%   400 3195s
  2433  1253 73001.2444   42 3120 61518.6322 77393.4120  25.8%   403 3200s
  2437  1257 71334.4003   44 2915 61518.6322 77393.4120  25.8%   404 3205s
  2446  1266 68266.0324   48 2385 61518.6322 77393.4120  25.8%   406 3210s
  2542  1362 62817.7699   96 1003 61518.6322 77393.4120  25.8%   394 3215s
  2716  1535 62238.6995  183  813 61518.6322 77393.4120  25.8%   369 3220s
  2888  1707 61919.7427  269  633 61518.6322 77393.4120  25.8%   347 3225s
H 2958  1744                    61556.478881 77393.4120  25.7%   339 3265s
  3056  1811 76147.6658   37 3834 61556.4789 76902.5322  24.9%   332 3287s
  3057  1812 75624.5069   38 3671 61556.4789 76902.5322  24.9%   333 3293s
  3058  1813 75251.5144   38 3629 61556.4789 76902.5322  24.9%   335 3299s
  3059  1814 74782.5865   39 3456 61556.4789 76902.5322  24.9%   337 3305s
  3061  1816 73893.9033   40 3435 61556.4789 76902.5322  24.9%   339 3312s
  3062  1817 73152.8206   40 3442 61556.4789 76902.5322  24.9%   340 3315s
  3065  1820 71748.3996   42 3362 61556.4789 76902.5322  24.9%   342 3320s
  3072  1827 69332.6532   45 2983 61556.4789 76902.5322  24.9%   344 3325s
  3089  1844 66559.8447   54 1720 61556.4789 76902.5322  24.9%   345 3330s
  3240  1995 62980.4858  129  908 61556.4789 76902.5322  24.9%   330 3335s
  3419  2174 62509.7566  219  750 61556.4789 76902.5322  24.9%   313 3340s
  3606  2361 62087.3685  312  575 61556.4789 76902.5322  24.9%   297 3345s
  3798  2549 61845.7457  409  406 61556.4789 76902.5322  24.9%   283 3350s
H 3958  2699                    61556.481376 76902.5322  24.9%   271 3353s
  4004  2747 61642.2849  512  272 61556.4814 76902.5322  24.9%   268 3355s
  4067  2782 76168.4573   38 3465 61556.4814 76899.5030  24.9%   265 3367s
  4068  2783 75200.0054   39 3320 61556.4814 76899.5030  24.9%   266 3371s
  4070  2785 74386.1631   40 3140 61556.4814 76899.5030  24.9%   268 3377s
  4072  2787 73698.1341   41 3187 61556.4814 76899.5030  24.9%   268 3380s
  4078  2793 72229.8244   44 2803 61556.4814 76899.5030  24.9%   270 3385s
  4085  2800 69315.1259   47 2318 61556.4814 76899.5030  24.9%   271 3390s
  4159  2874 63352.1753   84  932 61556.4814 76899.5030  24.9%   268 3395s
  4348  3063 62370.9263  179  759 61556.4814 76899.5030  24.9%   257 3400s
  4538  3253 61788.2897  274  609 61556.4814 76899.5030  24.9%   246 3405s
  4643  3337 76345.2735   38 3461 61556.4814 76538.2407  24.3%   242 3418s
H 4644  3336                    61557.671249 76538.2407  24.3%   242 3433s
  4645  3339 75494.2293   39 3307 61557.6712 76538.2407  24.3%   244 3438s
  4646  3340 74630.6855   40 3230 61557.6712 76538.2407  24.3%   244 3441s
  4647  3341 74164.1530   40 3195 61557.6712 76538.2407  24.3%   245 3445s
  4651  3345 71945.4150   42 3141 61557.6712 76538.2407  24.3%   246 3451s
  4656  3350 70269.5625   45 2724 61557.6712 76538.2407  24.3%   247 3455s
  4679  3373 63121.4352   56 1239 61557.6712 76538.2407  24.3%   248 3460s
  4869  3558 61958.0864  152  761 61557.6712 76538.2407  24.3%   239 3465s
  5006  3661 75880.4920   38 3611 61557.6712 76515.4650  24.3%   234 3482s
  5007  3662 75309.5673   39 3378 61557.6712 76515.4650  24.3%   235 3486s
  5008  3663 75012.9255   39 3409 61557.6712 76515.4650  24.3%   236 3490s
  5011  3666 73614.1482   41 3212 61557.6712 76515.4650  24.3%   237 3496s
  5014  3669 72079.5459   42 3167 61557.6712 76515.4650  24.3%   238 3500s
  5020  3675 68956.6312   45 2860 61557.6712 76515.4650  24.3%   239 3505s
  5101  3756 61881.7113   86 1076 61557.6712 76515.4650  24.3%   238 3511s
  5157  3789 75713.2589   38 3559 61557.6712 76438.4682  24.2%   236 3524s
  5158  3790 75124.5270   39 3460 61557.6712 76438.4682  24.2%   237 3527s
  5160  3792 74413.7227   40 3362 61557.6712 76438.4682  24.2%   237 3530s
  5164  3796 73375.0429   41 3234 61557.6712 76438.4682  24.2%   238 3536s
  5167  3799 72246.0146   42 3154 61557.6712 76438.4682  24.2%   239 3540s
  5175  3807 69385.8417   45 2738 61557.6712 76438.4682  24.2%   240 3545s
  5189  3821 67035.4607   53 1726 61557.6712 76438.4682  24.2%   242 3550s
  5358  3990 62152.3438  149  841 61557.6712 76438.4682  24.2%   235 3555s
  5555  4159 75773.4628   38 3458 61557.6712 76432.3944  24.2%   228 3569s
  5556  4160 75250.9522   39 3319 61557.6712 76432.3944  24.2%   229 3572s
  5558  4162 74482.2108   41 2992 61557.6712 76432.3944  24.2%   229 3576s
  5561  4165 72783.6275   42 2907 61557.6712 76432.3944  24.2%   230 3581s
  5567  4171 69864.3307   45 2567 61557.6712 76432.3944  24.2%   232 3585s
H 5578  4180                    61557.672358 76432.3944  24.2%   232 3592s
  5619  4223 62296.7912   71  938 61557.6724 76432.3944  24.2%   232 3595s
  5637  4241 62088.0513   80  927 61557.6724 76432.3944  24.2%   231 3600s
  5725  4305 75546.1892   38 3472 61557.6724 76226.9248  23.8%   230 3616s
  5726  4306 74882.2909   39 3319 61557.6724 76226.9248  23.8%   230 3621s
  5727  4307 74563.4093   40 3153 61557.6724 76226.9248  23.8%   231 3625s
  5728  4308 73563.1650   41 3005 61557.6724 76226.9248  23.8%   231 3632s
  5729  4309 73786.1457   41 2974 61557.6724 76226.9248  23.8%   232 3635s
  5732  4312 72455.7091   43 2824 61557.6724 76226.9248  23.8%   233 3642s
  5733  4313 72087.5854   43 2922 61557.6724 76226.9248  23.8%   233 3646s
  5735  4315 70699.2119   45 2652 61557.6724 76226.9248  23.8%   233 3650s
  5740  4320 68286.5876   47 2521 61557.6724 76226.9248  23.8%   234 3655s
  5761  4341 62608.5517   58 1090 61557.6724 76226.9248  23.8%   235 3660s
  5817  4390 75658.6182   39 3390 61557.6724 76224.4002  23.8%   234 3671s
  5818  4391 74769.6353   40 3225 61557.6724 76224.4002  23.8%   235 3676s
  5820  4393 73786.4783   41 3109 61557.6724 76224.4002  23.8%   236 3680s
  5824  4397 71509.8786   44 2765 61557.6724 76224.4002  23.8%   238 3686s
  5831  4404 69718.9028   46 2430 61557.6724 76224.4002  23.8%   239 3690s
  5949  4522 61915.1210  111  907 61557.6724 76224.4002  23.8%   236 3695s
  6059  4603 75396.2452   39 3433 61557.6724 75772.7979  23.1%   232 3711s
  6060  4604 74239.9364   40 3270 61557.6724 75772.7979  23.1%   233 3715s
  6063  4607 73228.8737   42 3033 61557.6724 75772.7979  23.1%   234 3720s
  6067  4611 70627.0694   45 2586 61557.6724 75772.7979  23.1%   234 3725s
  6081  4625 66467.4907   52 1920 61557.6724 75772.7979  23.1%   236 3730s
  6249  4793 62112.9510  148  795 61557.6724 75772.7979  23.1%   230 3735s
  6445  4958 74882.3039   39 3279 61557.6724 75690.9849  23.0%   223 3744s
  6446  4959 73847.7475   40 3163 61557.6724 75690.9849  23.0%   224 3746s
  6452  4965 71087.9546   44 2872 61557.6724 75690.9849  23.0%   225 3750s
  6463  4976 69051.2615   47 2305 61557.6724 75690.9849  23.0%   226 3755s
  6535  5023 74350.8206   39 3476 61557.6724 75683.0995  22.9%   226 3767s
  6536  5024 73269.4365   40 3321 61557.6724 75683.0995  22.9%   226 3770s
  6546  5034 68207.5773   47 2348 61557.6724 75683.0995  22.9%   228 3775s
  6609  5068 74863.3807   39 3431 61557.6724 75658.6024  22.9%   228 3787s
  6611  5070 72934.0900   41 3154 61557.6724 75658.6024  22.9%   229 3791s
  6617  5076 68488.2041   46 2449 61557.6724 75658.6024  22.9%   230 3795s
H 6630  5082                    61560.357514 75658.6024  22.9%   230 3803s
  6674  5119 75113.0152   40 3215 61560.3575 75623.3735  22.8%   230 3812s
  6675  5120 74332.7118   41 3073 61560.3575 75623.3735  22.8%   230 3815s
  6678  5123 71844.3438   44 2660 61560.3575 75623.3735  22.8%   231 3821s
  6692  5130 74827.0861   39 3460 61560.3575 75564.7541  22.7%   233 3833s
  6693  5131 73938.9872   40 3303 61560.3575 75564.7541  22.7%   233 3836s
  6696  5134 72195.2965   43 2807 61560.3575 75564.7541  22.7%   234 3840s
  6719  5147 74649.9592   39 3273 61560.3575 75559.1302  22.7%   236 3852s
  6721  5149 73184.4564   40 3269 61560.3575 75559.1302  22.7%   237 3856s
  6726  5154 70682.3248   43 2712 61560.3575 75559.1302  22.7%   237 3860s
  6745  5173 66593.9357   52 1832 61560.3575 75559.1302  22.7%   238 3865s
  6901  5329 62443.2769  130  793 61560.3575 75559.1302  22.7%   233 3870s
  7092  5496 74182.3756   39 3401 61560.3575 75551.8867  22.7%   228 3880s
  7098  5502 71872.0936   45 2664 61560.3575 75551.8867  22.7%   229 3886s
  7127  5521 74758.5945   39 3535 61560.3575 75534.5342  22.7%   230 3897s
  7129  5523 73645.1990   41 3155 61560.3575 75534.5342  22.7%   230 3901s
  7132  5526 71595.8165   44 2704 61560.3575 75534.5342  22.7%   230 3905s
  7176  5563 74042.9133   39 3314 61560.3575 75491.6673  22.6%   231 3916s
  7178  5565 72899.6916   41 2962 61560.3575 75491.6673  22.6%   232 3923s
  7180  5567 71928.2124   42 2890 61560.3575 75491.6673  22.6%   233 3926s
  7181  5568 71060.7764   43 2740 61560.3575 75491.6673  22.6%   233 3932s
  7186  5573 68955.2905   47 2435 61560.3575 75491.6673  22.6%   233 3935s
  7209  5596 63290.8575   57 1193 61560.3575 75491.6673  22.6%   234 3940s
  7287  5662 73837.6013   40 3421 61560.3575 75491.1857  22.6%   233 3952s
  7288  5663 73138.1630   41 3207 61560.3575 75491.1857  22.6%   233 3955s
  7290  5665 70906.7046   43 2911 61560.3575 75491.1857  22.6%   234 3961s
  7295  5670 66627.2821   48 2199 61560.3575 75491.1857  22.6%   234 3965s
  7309  5673 74926.3737   40 3372 61560.3575 75487.6151  22.6%   235 3975s
  7311  5675 73154.2448   42 3021 61560.3575 75487.6151  22.6%   236 3982s
  7312  5676 72455.1192   43 2851 61560.3575 75487.6151  22.6%   236 3986s
  7313  5677 70577.8388   44 2684 61560.3575 75487.6151  22.6%   237 3990s
  7331  5687 62046.2502   55 1237 61560.3575 75487.6151  22.6%   238 3995s
H 7338  5682                    61560.358778 75487.6151  22.6%   238 4002s
  7340  5686 72569.5642   42 2840 61560.3588 75465.8935  22.6%   239 4005s
  7353  5699 62283.3602   55 1200 61560.3588 75465.8935  22.6%   239 4010s
  7361  5697 74931.0562   39 3600 61560.3588 75453.1086  22.6%   240 4018s
  7362  5698 74521.1336   40 3532 61560.3588 75453.1086  22.6%   240 4020s
  7365  5701 73969.4703   40 3534 61560.3588 75453.1086  22.6%   241 4028s
  7368  5704 71614.6999   43 3239 61560.3588 75453.1086  22.6%   241 4030s
  7381  5717 67337.3753   49 2334 61560.3588 75453.1086  22.6%   242 4035s
H 7392  5725                    61560.374190 75453.1086  22.6%   242 4038s
  7415  5733 61929.4968   65 1204 61560.3742 75453.1086  22.6%   242 4040s
  7430  5736 73681.8963   39 3652 61560.3742 75444.6310  22.6%   242 4047s
  7431  5737 73318.5374   40 3576 61560.3742 75444.6310  22.6%   242 4050s
  7443  5749 66944.3703   52 1836 61560.3742 75444.6310  22.6%   243 4055s
H 7513  5808                    61560.376342 75444.6310  22.6%   241 4068s
H 7514  5809                    61560.382112 75407.8329  22.5%   242 4070s
  7518  5815 70086.8279   45 2463 61560.3821 75407.8329  22.5%   243 4075s
H 7542  5823                    61560.382919 75407.8329  22.5%   243 4085s
  7545  5828 71617.3507   43 2807 61560.3829 75359.2092  22.4%   244 4091s
  7551  5834 66449.9794   49 2063 61560.3829 75359.2092  22.4%   245 4095s
  7567  5839 73830.3429   40 3266 61560.3829 75309.2035  22.3%   246 4101s
  7568  5840 73045.5903   41 3121 61560.3829 75309.2035  22.3%   246 4105s
H 7569  5839                    61560.388641 75309.2035  22.3%   246 4108s
  7571  5843 70679.7214   44 2635 61560.3886 75309.2035  22.3%   247 4110s
  7588  5851 63697.2093   53 1405 61560.3886 75309.2035  22.3%   247 4115s
  7614  5849 74556.1781   40 3255 61560.3886 75290.6282  22.3%   248 4121s
  7615  5850 72808.0238   41 3087 61560.3886 75290.6282  22.3%   248 4126s
  7617  5852 71423.6407   43 2872 61560.3886 75290.6282  22.3%   249 4130s
  7623  5858 67804.1698   49 2170 61560.3886 75290.6282  22.3%   250 4139s
  7626  5861 65704.9430   52 1827 61560.3886 75290.6282  22.3%   250 4140s
  7640  5863 74474.1578   40 3280 61560.3886 75244.2114  22.2%   250 4146s
  7642  5865 71965.4175   42 2947 61560.3886 75244.2114  22.2%   251 4150s
  7647  5870 67945.0388   47 2431 61560.3886 75244.2114  22.2%   251 4155s
  7670  5875 74700.1864   40 3288 61560.3886 75233.6083  22.2%   252 4165s
  7673  5878 72431.6804   43 2801 61560.3886 75233.6083  22.2%   253 4172s
  7676  5881 71371.8726   44 2691 61560.3886 75233.6083  22.2%   254 4175s
  7696  5901 65179.8415   53 1865 61560.3886 75233.6083  22.2%   255 4180s
  7878  6083 62014.0820  141  803 61560.3886 75233.6083  22.2%   249 4185s
  8050  6227 74174.0786   40 3265 61560.3886 75198.4207  22.2%   244 4194s
  8051  6228 73592.4325   41 3107 61560.3886 75198.4207  22.2%   244 4195s
  8054  6231 71705.8121   44 2609 61560.3886 75198.4207  22.2%   245 4200s
  8085  6251 74294.2051   40 3150 61560.3886 75186.7938  22.1%   245 4209s
  8086  6252 73239.7803   41 3085 61560.3886 75186.7938  22.1%   246 4210s
H 8092  6256                    61560.433583 75186.7938  22.1%   246 4216s
H 8147  6299                    61560.692466 75186.7938  22.1%   245 4230s
  8151  6305 71589.5065   44 2668 61560.6925 75124.4509  22.0%   246 4235s
  8171  6316 74710.7407   40 3301 61560.6925 75117.1622  22.0%   247 4243s
  8172  6317 73736.0845   41 3153 61560.6925 75117.1622  22.0%   247 4247s
  8174  6319 72577.1040   43 2778 61560.6925 75117.1622  22.0%   247 4250s
  8225  6369 61914.8805   94  702 61560.6925 75117.1622  22.0%   247 4255s
  8248  6380 74010.3680   40 3308 61560.6925 75107.1599  22.0%   247 4260s
  8254  6386 70671.6649   43 2786 61560.6925 75107.1599  22.0%   247 4265s
  8321  6453 62980.7547   77  955 61560.6925 75107.1599  22.0%   247 4270s
  8528  6660 62019.6167  180  782 61560.6925 75107.1599  22.0%   241 4275s
H 8536  6666                    61560.693067 75107.1599  22.0%   241 4276s
H 8616  6741                    61560.693760 75107.1599  22.0%   239 4280s
  8661  6768 73950.3913   41 3034 61560.6938 75048.9759  21.9%   238 4288s
  8663  6770 72226.0167   43 2783 61560.6938 75048.9759  21.9%   238 4291s
  8666  6773 71210.4329   44 2677 61560.6938 75048.9759  21.9%   239 4295s
  8684  6791 64719.8513   51 2084 61560.6938 75048.9759  21.9%   240 4300s
  8706  6797 74078.7333   40 3291 61560.6938 75048.8760  21.9%   240 4307s
  8709  6800 72444.2358   43 2883 61560.6938 75048.8760  21.9%   241 4310s
  8730  6810 73652.0554   40 3242 61560.6938 74926.2190  21.7%   242 4321s
  8733  6813 71261.7278   43 2836 61560.6938 74926.2190  21.7%   242 4325s
H 8756  6826                    61560.693770 74926.2190  21.7%   243 4331s
  8761  6827 73868.2412   41 3251 61560.6938 74879.2804  21.6%   243 4335s
  8764  6830 71920.5278   44 2803 61560.6938 74879.2804  21.6%   243 4340s
  8850  6916 62266.9814  130  668 61560.6938 74879.2804  21.6%   242 4345s
  8899  6952 72918.9723   41 2971 61560.6938 74873.7826  21.6%   241 4350s
  8910  6963 64357.5887   52 1734 61560.6938 74873.7826  21.6%   242 4355s
  8922  6965 73967.2535   40 3122 61560.6938 74853.3015  21.6%   242 4362s
  8924  6967 72934.6436   41 2983 61560.6938 74853.3015  21.6%   243 4365s
  8932  6975 69119.8104   47 2401 61560.6938 74853.3015  21.6%   243 4370s
  8997  7032 73761.6017   40 3241 61560.6938 74834.0900  21.6%   243 4379s
  8998  7033 72972.2800   41 3089 61560.6938 74834.0900  21.6%   243 4381s
  9002  7037 69213.6179   45 2543 61560.6938 74834.0900  21.6%   244 4386s
  9021  7048 61821.8053   57 1104 61560.6938 74834.0900  21.6%   244 4390s
  9033  7048 70857.0314   44 2656 61560.6938 74826.7821  21.5%   245 4395s
  9051  7059 74067.1911   40 3287 61560.6938 74792.6472  21.5%   246 4404s
  9052  7060 73202.3780   41 3111 61560.6938 74792.6472  21.5%   246 4407s
  9055  7063 71115.1230   44 2713 61560.6938 74792.6472  21.5%   246 4410s
  9063  7071 65007.1777   52 1724 61560.6938 74792.6472  21.5%   247 4415s
H 9081  7071                    61560.699462 74781.2029  21.5%   247 4426s
  9083  7075 71852.4753   44 2657 61560.6995 74781.2029  21.5%   248 4430s
H 9097  7085                    61560.701903 74781.2029  21.5%   249 4438s
  9106  7085 74369.9602   40 3334 61560.7019 74775.1641  21.5%   249 4447s
  9108  7087 72960.9984   42 3011 61560.7019 74775.1641  21.5%   249 4450s
  9123  7102 64337.5988   57 1189 61560.7019 74775.1641  21.5%   250 4455s
  9188  7155 73588.1415   40 3325 61560.7019 74753.4346  21.4%   249 4461s
H 9193  7158                    61560.712988 74753.4346  21.4%   249 4467s
  9211  7170 73734.9922   40 3495 61560.7130 74731.6875  21.4%   250 4473s
  9212  7171 73273.8817   41 3273 61560.7130 74731.6875  21.4%   250 4475s
  9214  7173 71770.2858   43 2876 61560.7130 74731.6875  21.4%   250 4480s
  9221  7180 64819.7970   50 1980 61560.7130 74731.6875  21.4%   251 4485s
  9232  7181 73510.5674   40 3392 61560.7130 74721.9434  21.4%   251 4491s
  9236  7185 72038.2427   43 3092 61560.7130 74721.9434  21.4%   252 4495s
H 9237  7184                    61560.713492 74721.9434  21.4%   252 4499s
  9238  7187 71968.9364   42 3149 61560.7135 74721.9434  21.4%   252 4501s
  9254  7203 68151.7182   49 2091 61560.7135 74721.9434  21.4%   252 4505s
  9283  7214 73567.4205   41 2968 61560.7135 74687.5527  21.3%   253 4511s
  9285  7216 71573.8845   43 2669 61560.7135 74687.5527  21.3%   253 4515s
  9312  7225 63532.9846   53 1552 61560.7135 74687.5527  21.3%   254 4520s
  9356  7224 73835.5231   41 3158 61560.7135 74665.3553  21.3%   253 4526s
  9360  7228 70687.4094   45 2664 61560.7135 74665.3553  21.3%   254 4530s
  9362  7230 68837.5056   47 2417 61560.7135 74665.3553  21.3%   254 4535s
  9376  7236 73644.8298   41 3142 61560.7135 74617.6164  21.2%   255 4541s
  9378  7238 72561.2123   42 3039 61560.7135 74617.6164  21.2%   255 4549s
  9379  7239 71993.2068   43 2870 61560.7135 74617.6164  21.2%   255 4550s
  9389  7249 67966.4156   48 2306 61560.7135 74617.6164  21.2%   256 4555s
  9497  7357 62363.3736  121  807 61560.7135 74617.6164  21.2%   254 4560s
  9609  7469 61887.3814  184  680 61560.7135 74617.6164  21.2%   251 4566s
  9752  7591 73500.4246   41 3089 61560.7135 74578.9528  21.1%   248 4574s
  9753  7592 72527.2117   42 2915 61560.7135 74578.9528  21.1%   248 4575s
  9759  7598 67268.8039   48 2090 61560.7135 74578.9528  21.1%   248 4580s
  9776  7605 73732.3439   41 3199 61560.7135 74574.2107  21.1%   249 4586s
  9778  7607 72729.3026   42 3015 61560.7135 74574.2107  21.1%   249 4590s
  9784  7613 70309.4119   45 2667 61560.7135 74574.2107  21.1%   250 4595s
  9830  7659 63396.4320   68  959 61560.7135 74574.2107  21.1%   250 4600s
 10080  7909 61804.5665  193  739 61560.7135 74574.2107  21.1%   244 4605s
 10169  7980 73327.4990   41 3232 61560.7135 74568.4911  21.1%   242 4611s
 10171  7982 72231.5398   43 2900 61560.7135 74568.4911  21.1%   242 4615s
 10177  7988 68899.7703   49 2092 61560.7135 74568.4911  21.1%   243 4620s
 10221  8017 72872.3232   41 2967 61560.7135 74559.0384  21.1%   243 4626s
 10225  8021 68085.1456   45 2440 61560.7135 74559.0384  21.1%   243 4630s
H10238  8012                    61564.857443 74559.0384  21.1%   243 4633s
 10241  8013 72932.5515   41 3176 61564.8574 74543.3239  21.1%   244 4636s
 10246  8018 70362.2833   46 2382 61564.8574 74543.3239  21.1%   244 4640s
 10266  8028 73707.2494   41 3131 61564.8574 74512.1896  21.0%   244 4646s
 10271  8033 70007.5061   46 2441 61564.8574 74512.1896  21.0%   245 4650s
 10293  8045 74233.5303   41 3435 61564.8574 74503.0152  21.0%   245 4655s
 10298  8050 71766.7109   46 2710 61564.8574 74503.0152  21.0%   246 4660s
 10350  8102 62233.5530   98  727 61564.8574 74503.0152  21.0%   245 4665s
 10468  8200 73330.8889   41 3261 61564.8574 74474.9296  21.0%   242 4670s
 10511  8243 63282.5906   84  926 61564.8574 74474.9296  21.0%   242 4675s
 10614  8330 72913.8996   43 2702 61564.8574 74472.5566  21.0%   240 4680s
 10643  8342 73349.0996   41 3177 61564.8574 74450.6965  20.9%   241 4687s
 10646  8345 70589.7734   44 2729 61564.8574 74450.6965  20.9%   241 4690s
 10699  8373 61600.7319   68 1170 61564.8574 74450.6965  20.9%   241 4695s
 10710  8378 68827.0168   47 2372 61564.8574 74432.7480  20.9%   242 4700s
 10744  8407 73949.9423   42 3090 61564.8574 74405.6100  20.9%   242 4707s
 10747  8410 72061.4069   45 2658 61564.8574 74405.6100  20.9%   243 4710s
 10764  8419 73227.4600   42 3114 61564.8574 74400.7784  20.8%   243 4717s
 10766  8421 72294.8123   44 2860 61564.8574 74400.7784  20.8%   243 4720s
 10776  8431 64458.1296   54 1476 61564.8574 74400.7784  20.8%   244 4725s
 10793  8433 72248.5207   42 2872 61564.8574 74364.6993  20.8%   244 4730s
 10816  8445 73413.6187   41 3065 61564.8574 74348.3707  20.8%   245 4738s
 10818  8447 72123.1734   43 2728 61564.8574 74348.3707  20.8%   245 4740s
 10838  8460 73799.4288   40 3294 61564.8574 74346.5203  20.8%   246 4748s
 10840  8462 72270.9080   42 2994 61564.8574 74346.5203  20.8%   246 4751s
 10845  8467 67263.3443   47 2269 61564.8574 74346.5203  20.8%   247 4755s
 10858  8473 73199.4368   41 3159 61564.8574 74343.0550  20.8%   247 4761s
 10861  8476 70466.8849   44 2778 61564.8574 74343.0550  20.8%   248 4765s
 10877  8484     cutoff   55      61564.8574 74343.0550  20.8%   248 4770s
 10880  8487 72218.4167   43 2881 61564.8574 74326.7721  20.7%   249 4776s
 10889  8496 65368.5934   52 1830 61564.8574 74326.7721  20.7%   249 4780s
 10903  8503 71636.4399   44 2659 61564.8574 74321.3618  20.7%   250 4785s
 10925  8515 72911.7131   41 3137 61564.8574 74299.2429  20.7%   250 4791s
 10931  8521 69217.0660   47 2298 61564.8574 74299.2429  20.7%   250 4795s
 10961  8543 73249.2101   41 3155 61564.8574 74283.9462  20.7%   251 4801s
 10964  8546 71722.4901   43 2987 61564.8574 74283.9462  20.7%   251 4805s
 10975  8557 68506.4440   48 2348 61564.8574 74283.9462  20.7%   252 4810s
 11074  8656 62006.1887   98  974 61564.8574 74283.9462  20.7%   250 4815s
 11158  8720 73449.0422   41 3296 61564.8574 74274.4415  20.6%   248 4820s
 11162  8724 71371.1564   45 2619 61564.8574 74274.4415  20.6%   249 4825s
 11171  8733 67223.2954   50 2129 61564.8574 74274.4415  20.6%   249 4830s
 11344  8906 62224.8738  155  746 61564.8574 74274.4415  20.6%   246 4835s
 11577  9111 73431.8509   41 2990 61564.8574 74237.9201  20.6%   241 4842s
 11580  9114 70434.9488   44 2657 61564.8574 74237.9201  20.6%   241 4845s
 11605  9127 73478.2158   41 3052 61564.8574 74227.3532  20.6%   242 4853s
 11607  9129 71629.5663   43 2778 61564.8574 74227.3532  20.6%   242 4856s
 11618  9140 65354.0251   54 1479 61564.8574 74227.3532  20.6%   243 4860s
 11629  9143 72980.3042   43 3165 61564.8574 74195.4229  20.5%   243 4865s
 11637  9151 68113.3344   51 1861 61564.8574 74195.4229  20.5%   243 4870s
 11852  9363 61793.6736  265  366 61564.8574 74195.4229  20.5%   239 4875s
 11928  9424 73077.4957   42 3044 61564.8574 74181.7156  20.5%   238 4881s
 11938  9434 66512.9845   52 1870 61564.8574 74181.7156  20.5%   238 4885s
 11951  9441 72999.0906   41 3221 61564.8574 74169.5777  20.5%   238 4890s
 11958  9448 69499.6136   48 2158 61564.8574 74169.5777  20.5%   239 4895s
 12100  9580 72995.6966   41 3179 61564.8574 74164.4233  20.5%   237 4902s
 12102  9582 71345.0182   43 2735 61564.8574 74164.4233  20.5%   237 4905s
 12136  9607 73275.6659   41 3145 61564.8574 74159.7455  20.5%   237 4912s
 12139  9610 70321.4656   44 2658 61564.8574 74159.7455  20.5%   237 4915s
 12178  9641 72879.1014   41 3029 61564.8574 74135.3294  20.4%   237 4923s
 12180  9643 71653.6881   43 2766 61564.8574 74135.3294  20.4%   238 4927s
 12184  9647 68206.4206   47 2233 61564.8574 74135.3294  20.4%   238 4930s
 12205  9655 73181.9238   41 3059 61564.8574 74134.6619  20.4%   238 4937s
 12207  9657 71110.1907   43 2718 61564.8574 74134.6619  20.4%   239 4940s
 12230  9668 73167.1226   41 3158 61564.8574 74064.2623  20.3%   239 4947s
 12232  9670 71749.1380   43 2845 61564.8574 74064.2623  20.3%   239 4950s
 12255  9685 73042.4396   41 3121 61564.8574 74029.9877  20.2%   240 4958s
 12258  9688 71368.0273   44 2831 61564.8574 74029.9877  20.2%   240 4960s
 12277  9707 65185.5528   55 1438 61564.8574 74029.9877  20.2%   241 4965s
 12469  9876 73212.9021   41 3135 61564.8574 74019.7848  20.2%   237 4973s
 12471  9878 72079.3114   43 2792 61564.8574 74019.7848  20.2%   238 4975s
 12491  9890 72006.5777   40 3080 61564.8574 73990.6626  20.2%   238 4985s
 12497  9896 68298.0968   46 2380 61564.8574 73990.6626  20.2%   239 4990s
 12517  9903 73550.8007   41 3116 61564.8574 73943.4952  20.1%   239 4995s
 12523  9909 67553.2999   47 2181 61564.8574 73943.4952  20.1%   240 5000s
 12540  9916 72915.6018   43 2925 61564.8574 73943.2936  20.1%   240 5005s
 12550  9926 66927.2368   53 1571 61564.8574 73943.2936  20.1%   241 5010s
 12575  9944 72205.9893   45 2838 61564.8574 73935.6372  20.1%   241 5015s
 12583  9952 65608.6353   53 1496 61564.8574 73935.6372  20.1%   241 5020s
 12597  9956 72989.0536   43 3074 61564.8574 73931.1472  20.1%   241 5026s
 12603  9962 69614.4211   49 2127 61564.8574 73931.1472  20.1%   242 5030s
 12692 10041 73390.4282   42 2855 61564.8574 73909.5802  20.1%   240 5035s
 12697 10046 70240.3989   45 2538 61564.8574 73909.5802  20.1%   241 5040s
 12748 10095 61827.2255   70  998 61564.8574 73909.5802  20.1%   241 5045s
 12778 10114 71704.9066   43 2816 61564.8574 73908.1616  20.0%   241 5050s
 12797 10126 72594.1373   41 3494 61564.8574 73903.1852  20.0%   241 5056s
 12801 10130 70964.4864   45 2811 61564.8574 73903.1852  20.0%   242 5060s
 12835 10148 72621.3565   42 3090 61564.8574 73892.8669  20.0%   242 5066s
 12847 10160 65721.9824   54 1533 61564.8574 73892.8669  20.0%   242 5070s
 12882 10181 71814.9464   43 2851 61564.8574 73884.4605  20.0%   242 5075s
 12900 10199 67639.9483   47 2404 61564.8574 73884.4605  20.0%   243 5080s
 12980 10279 62186.9463   70  986 61564.8574 73884.4605  20.0%   242 5085s
 13099 10376 73303.5274   41 3214 61564.8574 73879.0405  20.0%   240 5092s
 13102 10379 71588.2145   44 2725 61564.8574 73879.0405  20.0%   241 5095s
 13107 10384 68187.0442   49 2070 61564.8574 73879.0405  20.0%   241 5100s
 13139 10396 72633.8404   41 3314 61564.8574 73863.4724  20.0%   241 5106s
 13142 10399 71329.2608   44 2870 61564.8574 73863.4724  20.0%   241 5110s
 13161 10410 72648.0321   42 3172 61564.8574 73860.0426  20.0%   242 5118s
 13163 10412 71686.5410   44 2838 61564.8574 73860.0426  20.0%   242 5120s
 13193 10426 72734.6189   42 2924 61564.8574 73851.6895  20.0%   242 5127s
 13198 10431 68970.3504   47 2266 61564.8574 73851.6895  20.0%   243 5130s
 13217 10440 70632.8979   43 2671 61564.8574 73833.9904  19.9%   243 5135s
 13231 10454 64056.9462   49 2135 61564.8574 73833.9904  19.9%   244 5140s
 13250 10457 72755.0199   41 3290 61564.8574 73830.7306  19.9%   244 5145s
 13266 10473 64306.2548   57 1194 61564.8574 73830.7306  19.9%   244 5150s
 13334 10529 71710.6069   44 2831 61564.8574 73828.2989  19.9%   243 5155s
 13344 10539 64009.2614   54 1537 61564.8574 73828.2989  19.9%   244 5160s
 13354 10541 71894.0242   42 3039 61564.8574 73819.7454  19.9%   244 5165s
 13361 10548 67398.9514   49 2111 61564.8574 73819.7454  19.9%   244 5170s
 13381 10554 71971.0497   43 2764 61564.8574 73799.5174  19.9%   245 5178s
 13382 10555 71161.6294   44 2587 61564.8574 73799.5174  19.9%   245 5180s
 13405 10565 73023.0387   41 3062 61564.8574 73793.6553  19.9%   245 5187s
 13408 10568 70407.1656   44 2520 61564.8574 73793.6553  19.9%   246 5190s
 13427 10580 72950.9563   41 3117 61564.8574 73787.7850  19.9%   246 5198s
 13428 10581 72473.6530   42 3020 61564.8574 73787.7850  19.9%   246 5200s
 13435 10588 68485.3398   48 2225 61564.8574 73787.7850  19.9%   247 5205s
 13475 10616 72448.7272   41 3129 61564.8574 73776.1773  19.8%   247 5210s
 13486 10627 64848.6896   52 1678 61564.8574 73776.1773  19.8%   247 5215s
 13500 10630 72286.9799   42 2934 61564.8574 73775.9802  19.8%   248 5220s
 13540 10661 72547.3189   42 3005 61564.8574 73774.9252  19.8%   248 5225s
 13561 10674 72748.0486   41 3016 61564.8574 73773.8907  19.8%   248 5230s
 13569 10682 68125.8404   45 2444 61564.8574 73773.8907  19.8%   249 5235s
 13688 10801 62557.1617  105  890 61564.8574 73773.8907  19.8%   247 5240s
 13875 10969 72549.5873   41 3227 61564.8574 73773.1504  19.8%   244 5245s
 13919 11013 62000.4997   85  764 61564.8574 73773.1504  19.8%   244 5250s
 13963 11044 70439.7267   44 2748 61564.8574 73761.0400  19.8%   243 5255s
 13981 11056 72685.4897   41 3043 61564.8574 73748.2633  19.8%   244 5262s
 13985 11060 68377.6156   44 2521 61564.8574 73748.2633  19.8%   244 5265s
 14004 11079 62700.8485   54 1484 61564.8574 73748.2633  19.8%   245 5270s
 14021 11078 73021.9220   41 3399 61564.8574 73704.8578  19.7%   245 5275s
 14024 11081 71841.1787   44 2878 61564.8574 73704.8578  19.7%   245 5280s
 14049 11102 62005.4438   66  784 61564.8574 73704.8578  19.7%   245 5285s
 14082 11125 70524.2592   46 2498 61564.8574 73701.5558  19.7%   245 5290s
 14144 11176 72572.3543   42 3042 61564.8574 73698.6778  19.7%   245 5296s
 14159 11191 63937.6003   57  994 61564.8574 73698.6778  19.7%   245 5300s
 14312 11327 72628.8536   42 3007 61564.8574 73697.8730  19.7%   243 5305s
 14329 11344 66476.5582   51 1978 61564.8574 73697.8730  19.7%   243 5310s
 14534 11549 61868.7924  181  673 61564.8574 73697.8730  19.7%   240 5315s
 14643 11638 73148.6269   42 3124 61564.8574 73688.9126  19.7%   238 5320s
 14652 11647 68330.6023   51 1778 61564.8574 73688.9126  19.7%   239 5325s
H14680 11658                    61564.869199 73688.9126  19.7%   239 5333s
 14761 11714 72587.9031   41 3312 61564.8692 73681.3988  19.7%   238 5337s
 14766 11719 70364.4570   46 2742 61564.8692 73681.3988  19.7%   238 5340s
 14809 11753 72769.3774   40 3584 61564.8692 73679.5812  19.7%   238 5347s
 14812 11756 71897.6118   43 3121 61564.8692 73679.5812  19.7%   238 5350s
 14852 11796 61638.3296   83  720 61564.8692 73679.5812  19.7%   238 5355s
 14863 11800 71223.7004   44 2659 61564.8692 73678.8646  19.7%   238 5360s
 14886 11808 72132.5747   43 2671 61564.8692 73675.6542  19.7%   238 5365s
 14907 11817 72575.0433   44 3048 61564.8692 73671.4553  19.7%   239 5372s
 14913 11823 68289.9307   50 2083 61564.8692 73671.4553  19.7%   239 5375s
 15004 11891 72000.7550   43 2855 61564.8692 73650.8974  19.6%   238 5380s
 15012 11899 67031.1550   51 1733 61564.8692 73650.8974  19.6%   238 5385s
 15025 11902 71787.1754   42 2905 61564.8692 73638.8913  19.6%   239 5391s
 15031 11908 67960.9947   48 2121 61564.8692 73638.8913  19.6%   239 5395s
 15051 11915 70789.0155   43 3073 61564.8692 73636.3214  19.6%   239 5400s
 15080 11944 62682.1154   55 1294 61564.8692 73636.3214  19.6%   240 5405s
 15120 11969 71729.8626   44 2964 61564.8692 73612.2797  19.6%   240 5411s
 15159 11995 72636.1603   42 3055 61564.8692 73612.1712  19.6%   240 5418s
 15161 11997 71150.8671   44 2690 61564.8692 73612.1712  19.6%   240 5420s
 15181 12017 63276.5544   57 1252 61564.8692 73612.1712  19.6%   240 5425s
 15263 12080 71852.8326   41 3458 61564.8692 73591.1739  19.5%   239 5430s
 15270 12087 67938.5185   48 2438 61564.8692 73591.1739  19.5%   240 5435s
 15363 12162 72604.0047   42 3007 61564.8692 73588.3642  19.5%   239 5441s
 15368 12167 70175.1700   47 2412 61564.8692 73588.3642  19.5%   239 5445s
 15387 12174 72821.0868   42 2896 61564.8692 73587.7279  19.5%   239 5451s
 15397 12184 66805.6239   52 1645 61564.8692 73587.7279  19.5%   239 5455s
 15411 12189 71484.2072   44 2644 61564.8692 73582.5095  19.5%   240 5460s
 15438 12199 72510.0421   43 3002 61564.8692 73582.2482  19.5%   240 5466s
 15442 12203 70083.4721   47 2486 61564.8692 73582.2482  19.5%   240 5470s
 15537 12284 72942.5500   43 3085 61564.8692 73577.9094  19.5%   239 5478s
 15542 12289 66631.9808   48 2343 61564.8692 73577.9094  19.5%   239 5480s
 15556 12292 71341.0633   44 2990 61564.8692 73575.7235  19.5%   240 5485s
 15613 12341 72584.2401   41 3236 61564.8692 73567.2854  19.5%   239 5492s
 15616 12344 69307.6637   44 2726 61564.8692 73567.2854  19.5%   240 5495s
 15717 12425 72544.7004   42 2770 61564.8692 73551.6494  19.5%   239 5501s
 15726 12434 65273.6311   51 1930 61564.8692 73551.6494  19.5%   239 5505s
 15741 12443 71362.0300   44 2650 61564.8692 73551.5085  19.5%   239 5510s
 15749 12451 65883.7426   52 1696 61564.8692 73551.5085  19.5%   239 5515s
 15769 12455 71269.6829   44 2726 61564.8692 73549.5484  19.5%   240 5520s
 15787 12473 66626.0026   53 1719 61564.8692 73549.5484  19.5%   240 5525s
 16034 12704 72777.6288   42 2947 61564.8692 73541.8236  19.5%   237 5532s
 16037 12707 69484.5710   45 2466 61564.8692 73541.8236  19.5%   237 5535s
 16062 12716 71757.2360   42 2905 61564.8692 73540.5866  19.5%   237 5541s
 16068 12722 67560.5441   48 2228 61564.8692 73540.5866  19.5%   238 5545s
 16092 12734 71314.5393   46 2544 61564.8692 73520.5928  19.4%   238 5550s
 16292 12934 61677.2647  246  412 61564.8692 73520.5928  19.4%   235 5555s
 16327 12952 69504.3000   46 2407 61564.8692 73505.4747  19.4%   235 5560s
 16349 12960 72469.6411   43 2983 61564.8692 73501.5011  19.4%   235 5565s
 16359 12970 67018.3282   53 1648 61564.8692 73501.5011  19.4%   236 5570s
 16419 13021 71754.7488   43 2924 61564.8692 73481.9719  19.4%   235 5575s
 16443 13033 72378.4668   42 3008 61564.8692 73470.4787  19.3%   236 5581s
 16449 13039 69846.0147   48 2245 61564.8692 73470.4787  19.3%   236 5585s
 16466 13050 72672.5407   42 2887 61564.8692 73445.7823  19.3%   236 5590s
 16481 13065 62277.2110   57 1114 61564.8692 73445.7823  19.3%   236 5595s
 16489 13065 71233.0464   43 2957 61564.8692 73426.5069  19.3%   237 5600s
 16511 13087 64917.7041   54 1712 61564.8692 73426.5069  19.3%   237 5605s
 16763 13339 61978.0850  180  830 61564.8692 73426.5069  19.3%   234 5610s
 16898 13458 72422.4373   42 2925 61564.8692 73414.4755  19.2%   232 5615s
 16905 13465 67987.1588   49 2141 61564.8692 73414.4755  19.2%   232 5620s
 16936 13489 70968.0970   46 2636 61564.8692 73406.1265  19.2%   232 5626s
 16952 13505 67017.1254   53 1738 61564.8692 73406.1265  19.2%   233 5630s
 17195 13748 62041.1558  213  687 61564.8692 73406.1265  19.2%   230 5635s
 17406 13932 71308.0970   43 2905 61564.8692 73392.3903  19.2%   227 5641s
 17416 13942 63783.7864   53 1551 61564.8692 73392.3903  19.2%   227 5645s
 17429 13947 69694.2932   45 2621 61564.8692 73391.2840  19.2%   228 5650s
 17452 13970 66187.6491   52 1676 61564.8692 73391.2840  19.2%   228 5655s
 17536 14034 72282.0333   42 2852 61564.8692 73363.4425  19.2%   227 5660s
 17553 14045 63103.9891   54 1269 61564.8692 73363.4425  19.2%   228 5665s
 17564 14044 71761.2545   42 3324 61564.8692 73363.3213  19.2%   228 5670s
 17574 14054 66278.1035   52 1787 61564.8692 73363.3213  19.2%   228 5675s
 17595 14065 72778.4778   42 3307 61564.8692 73355.1490  19.2%   229 5681s
 17600 14070 69590.0820   47 2631 61564.8692 73355.1490  19.2%   229 5685s
 17644 14103 72505.0652   41 2917 61564.8692 73328.6283  19.1%   229 5691s
 17648 14107 68949.1150   45 2413 61564.8692 73328.6283  19.1%   229 5695s
 17666 14115 71953.5955   43 2962 61564.8692 73327.0729  19.1%   229 5700s
 17680 14129 64670.8112   57 1158 61564.8692 73327.0729  19.1%   230 5705s
 17762 14192 71877.1640   44 2735 61564.8692 73326.7590  19.1%   229 5710s
 17839 14250 72392.8476   42 2982 61564.8692 73314.9098  19.1%   228 5717s
 17842 14253 70342.5482   45 2647 61564.8692 73314.9098  19.1%   229 5720s
 17892 14294 71854.5544   44 2864 61564.8692 73311.5030  19.1%   228 5725s
 17900 14302 65111.3154   52 1556 61564.8692 73311.5030  19.1%   229 5730s
 17922 14304 72048.4945   42 3423 61564.8692 73296.3975  19.1%   229 5736s
 17927 14309 69517.5382   47 2579 61564.8692 73296.3975  19.1%   229 5740s
 18028 14410 63037.8047  114  902 61564.8692 73296.3975  19.1%   228 5745s
 18283 14665 62245.7118  250  676 61564.8692 73296.3975  19.1%   225 5750s
 18540 14922 61926.7150  350  535 61564.8692 73296.3975  19.1%   222 5755s
 18830 15211 61636.8682  438  404 61564.8692 73296.3975  19.1%   219 5760s
 18969 15332 71205.4079   44 2746 61564.8692 73293.4974  19.1%   217 5765s
 18990 15343 72001.0914   42 3408 61564.8692 73288.0963  19.0%   218 5770s
 19000 15353 67055.7993   52 1729 61564.8692 73288.0963  19.0%   218 5775s
 19035 15379 70765.6482   44 2757 61564.8692 73287.9054  19.0%   218 5780s
 19096 15400 70592.7557   45 2630 61564.8692 73278.7868  19.0%   218 5785s
 19163 15449 71723.2841   43 2933 61564.8692 73274.5512  19.0%   218 5790s
 19199 15469 72085.3134   42 3061 61564.8692 73270.6967  19.0%   218 5796s
 19208 15478 67546.6133   47 2374 61564.8692 73270.6967  19.0%   218 5800s
 19375 15629 72250.4826   42 3157 61564.8692 73266.2447  19.0%   217 5808s
 19377 15631 71677.0696   44 2885 61564.8692 73266.2447  19.0%   217 5810s
 19402 15642 72225.5713   42 3094 61564.8692 73266.0890  19.0%   217 5816s
 19412 15652 65265.7834   52 1791 61564.8692 73266.0890  19.0%   218 5820s
 19427 15659 69967.8354   47 2351 61564.8692 73265.9684  19.0%   218 5825s
 19445 15670 70961.5253   45 2667 61564.8692 73262.2792  19.0%   218 5830s
 19525 15742 72669.6631   44 2833 61564.8692 73260.7534  19.0%   218 5835s
 19536 15753 67135.2146   51 1955 61564.8692 73260.7534  19.0%   218 5840s
 19749 15948 72502.1180   45 2920 61564.8692 73259.2915  19.0%   216 5846s
 19764 15963 63642.3325   60 1037 61564.8692 73259.2915  19.0%   216 5850s
 19884 16069 72123.0509   43 2786 61564.8692 73251.6573  19.0%   215 5855s
 19906 16081 71991.6358   43 3218 61564.8692 73247.6878  19.0%   215 5860s
 19947 16122 62544.4255   84  816 61564.8692 73247.6878  19.0%   215 5865s
 20031 16185 71485.5440   42 2969 61564.8692 73246.5773  19.0%   215 5870s
 20055 16195 72329.4416   43 2914 61564.8692 73228.1068  18.9%   215 5876s
 20066 16202 62822.6062   52 1875 61564.8692 73228.1068  18.9%   215 5880s
 20110 16222 62443.0586   62  847 61564.8692 73222.8596  18.9%   216 5885s
 20143 16243 71354.8412   45 2783 61564.8692 73216.8655  18.9%   215 5890s
 20172 16258 72375.9117   43 2855 61564.8692 73206.4469  18.9%   216 5896s
 20179 16265 68245.6754   50 1978 61564.8692 73206.4469  18.9%   216 5900s
 20235 16308 71866.0224   43 2854 61564.8692 73203.8014  18.9%   216 5905s
 20260 16320 72410.2053   42 2851 61564.8692 73200.4137  18.9%   216 5912s
 20264 16324 68974.6682   46 2331 61564.8692 73200.4137  18.9%   216 5915s
 20284 16334 70651.5176   43 2821 61564.8692 73197.5031  18.9%   216 5920s
 20288 16338 68433.9366   46 2505 61564.8692 73197.5031  18.9%   217 5925s
 20310 16358     cutoff   59      61564.8692 73197.5031  18.9%   217 5930s
 20317 16359 70809.8760   45 2714 61564.8692 73182.2884  18.9%   217 5935s
 20353 16378 72104.3952   42 2895 61564.8692 73178.7785  18.9%   217 5940s
 20367 16392 62822.2994   56 1174 61564.8692 73178.7785  18.9%   218 5945s
 20379 16396 70991.4868   44 2816 61564.8692 73165.0675  18.8%   218 5950s
 20404 16421 64518.4148   56 1350 61564.8692 73165.0675  18.8%   218 5955s
 20547 16540 71878.6740   43 2846 61564.8692 73163.5151  18.8%   217 5960s
 20575 16552 62408.2860   56 1302 61564.8692 73163.5151  18.8%   217 5965s
 20602 16559 68245.1097   51 1835 61564.8692 73162.8218  18.8%   217 5970s
 20618 16565 70781.5595   44 2707 61564.8692 73141.7706  18.8%   217 5975s
 20642 16575 72190.3953   43 2886 61564.8692 73136.6462  18.8%   218 5980s
 20695 16618 72234.4699   42 2951 61564.8692 73130.9905  18.8%   218 5986s
 20705 16628 69279.7048   46 2293 61564.8692 73130.9905  18.8%   218 5990s
 20744 16657 71117.3781   45 2808 61564.8692 73124.0166  18.8%   218 5995s
 20853 16745 71978.0712   42 3066 61564.8692 73120.9596  18.8%   217 6001s
 20860 16752 67336.9208   49 2187 61564.8692 73120.9596  18.8%   218 6005s
 20885 16765 69670.8677   45 2600 61564.8692 73111.0900  18.8%   218 6010s
 21029 16884 72212.7865   43 2922 61564.8692 73106.9994  18.7%   217 6018s
 21030 16885 71023.5340   44 2765 61564.8692 73106.9994  18.7%   217 6020s
 21051 16894 71967.4830   43 2858 61564.8692 73105.2718  18.7%   217 6025s
 21071 16904 72262.8059   42 3066 61564.8692 73089.2182  18.7%   218 6031s
 21082 16915 65288.2192   53 1703 61564.8692 73089.2182  18.7%   218 6035s
 21107 16930 70273.6602   45 2516 61564.8692 73066.3685  18.7%   218 6040s
 21133 16943 70905.2879   44 2678 61564.8692 73063.5975  18.7%   218 6045s
 21153 16953 71933.9157   43 2951 61564.8692 73060.8840  18.7%   219 6051s
 21231 17019 72070.4816   43 2816 61564.8692 73050.9711  18.7%   218 6056s
 21240 17028 66586.6303   52 1713 61564.8692 73050.9711  18.7%   218 6060s
 21334 17100 70164.9971   44 2751 61564.8692 73047.6646  18.7%   218 6065s
 21357 17108 71495.0616   45 2917 61564.8692 73035.9700  18.6%   218 6070s
 21486 17226 71611.0420   43 2748 61564.8692 73032.1985  18.6%   217 6075s
 21496 17236 66133.5338   48 2234 61564.8692 73032.1985  18.6%   217 6080s
 21530 17251 72102.9320   43 2793 61564.8692 73020.5715  18.6%   218 6085s
 21542 17263 67103.3845   49 2238 61564.8692 73020.5715  18.6%   218 6090s
 21704 17415 71876.3583   42 3229 61564.8692 73020.4207  18.6%   217 6098s
 21708 17419 69496.9895   46 2670 61564.8692 73020.4207  18.6%   217 6100s
 21857 17544 71993.5977   43 2953 61564.8692 73016.5168  18.6%   216 6106s
 21868 17555 65744.0038   54 1489 61564.8692 73016.5168  18.6%   216 6110s
 21887 17563 68129.1155   49 2192 61564.8692 73012.0367  18.6%   216 6115s
 21911 17577 69832.5645   46 2343 61564.8692 73010.5837  18.6%   216 6120s
 21947 17604 72281.3302   44 2922 61564.8692 73009.9696  18.6%   216 6125s
 22014 17646 72179.1103   43 2865 61564.8692 73009.2906  18.6%   216 6131s
 22020 17652 67518.9910   49 2218 61564.8692 73009.2906  18.6%   216 6135s
 22069 17691 71437.7493   44 2610 61564.8692 73005.7874  18.6%   216 6140s
 22087 17701 71868.3646   42 2974 61564.8692 73003.4576  18.6%   216 6145s
 22117 17721 71764.1576   43 2805 61564.8692 72997.9399  18.6%   217 6150s
 22146 17735 71878.2993   43 2839 61564.8692 72995.4004  18.6%   217 6157s
 22155 17744 65955.0835   52 1727 61564.8692 72995.4004  18.6%   217 6160s
 22170 17751 70573.1409   45 2583 61564.8692 72988.1514  18.6%   217 6165s
 22178 17759 69295.8833   46 2622 61564.8692 72988.1514  18.6%   218 6170s
 22303 17883 61920.9716  125  874 61564.8692 72988.1514  18.6%   217 6175s
 22386 17950 67975.2563   45 2743 61564.8692 72987.5571  18.6%   216 6180s
 22425 17974 72013.6435   43 2835 61564.8692 72985.7369  18.6%   217 6186s
 22437 17986 64928.3155   55 1301 61564.8692 72985.7369  18.6%   217 6190s
 22477 18020 66024.0986   53 1567 61564.8692 72981.2307  18.5%   217 6195s
 22502 18027 67803.2836   48 2061 61564.8692 72971.9668  18.5%   217 6200s
 22528 18035 69570.2458   46 2463 61564.8692 72969.3791  18.5%   217 6205s
 22603 18094 71778.5172   44 2825 61564.8692 72950.4546  18.5%   217 6210s
 22657 18136 71833.5754   44 2977 61564.8692 72950.2329  18.5%   217 6216s
 22732 18211 62496.8611  119  776 61564.8692 72950.2329  18.5%   216 6220s
 22897 18353 70704.2966   44 2806 61564.8692 72944.0254  18.5%   215 6225s
 22940 18396 62967.7700   66  907 61564.8692 72944.0254  18.5%   215 6230s
 23234 18689 61793.4432  213  646 61564.8692 72944.0254  18.5%   213 6235s
 23356 18786 72002.0067   42 3039 61564.8692 72940.2300  18.5%   212 6240s
 23395 18814 71302.4249   43 3035 61564.8692 72938.8952  18.5%   212 6245s
 23417 18826 72202.0731   43 2837 61564.8692 72938.4495  18.5%   212 6251s
 23426 18835 69871.9460   45 2490 61564.8692 72938.4495  18.5%   212 6255s
 23544 18952 61857.1607  108  912 61564.8692 72938.4495  18.5%   212 6260s
 23607 18996 69762.3255   44 2585 61564.8692 72932.7789  18.5%   211 6265s
 23629 19004 71953.3166   43 2928 61564.8692 72929.0955  18.5%   212 6270s
 23735 19084 71925.3432   42 3052 61564.8692 72927.0803  18.5%   211 6276s
 23743 19092 69170.8407   45 2868 61564.8692 72927.0803  18.5%   211 6280s
 23769 19102 71342.9321   43 2949 61564.8692 72920.1501  18.4%   211 6285s
 23791 19114 71427.4985   42 3090 61564.8692 72918.4954  18.4%   212 6291s
 23796 19119 67851.5955   47 2237 61564.8692 72918.4954  18.4%   212 6295s
 23819 19129 69314.8595   46 2375 61564.8692 72918.1863  18.4%   212 6300s
 23889 19147 71291.9485   44 3131 61564.8692 72918.0271  18.4%   212 6305s
 24026 19271 61580.1828  169  710 61564.8692 72918.0271  18.4%   211 6310s
 24085 19311 72283.1826   44 3063 61564.8692 72916.1612  18.4%   211 6317s
 24091 19317 68619.9959   50 2008 61564.8692 72916.1612  18.4%   211 6320s
 24129 19347 69873.1208   48 2305 61564.8692 72912.3726  18.4%   211 6325s
 24182 19387 71305.2625   43 2783 61564.8692 72911.5592  18.4%   211 6330s
 24188 19393 68309.0035   47 2401 61564.8692 72911.5592  18.4%   211 6335s
 24240 19428 71941.6364   43 2911 61564.8692 72909.5877  18.4%   211 6342s
 24246 19434 67440.8564   49 2196 61564.8692 72909.5877  18.4%   211 6345s
 24264 19442 70434.1575   47 2511 61564.8692 72909.4717  18.4%   212 6350s
 24284 19455 70435.7463   44 2530 61564.8692 72906.8978  18.4%   212 6355s
 24340 19503 70611.5093   47 2547 61564.8692 72880.7504  18.4%   212 6360s
 24450 19589 71893.7937   44 2756 61564.8692 72875.7112  18.4%   211 6365s
 24468 19607 65618.6029   52 1874 61564.8692 72875.7112  18.4%   211 6370s
 24533 19653 70469.8430   45 2698 61564.8692 72875.6944  18.4%   211 6375s
 24555 19662 71598.6614   44 3032 61564.8692 72874.7661  18.4%   211 6380s
 24591 19686 71542.6669   42 2880 61564.8692 72863.4583  18.4%   212 6385s
 24595 19690 68851.7889   46 2410 61564.8692 72863.4583  18.4%   212 6391s
 24614 19695 71853.4408   45 2724 61564.8692 72856.8034  18.3%   212 6396s
 24668 19732 71867.6970   42 3031 61564.8692 72856.1578  18.3%   212 6402s
 24679 19743 66699.8251   53 1662 61564.8692 72856.1578  18.3%   212 6405s
 24741 19792 65330.6636   50 2027 61564.8692 72853.5151  18.3%   212 6410s
 24771 19813 70892.4448   45 2612 61564.8692 72838.5254  18.3%   212 6415s
 24821 19855 71634.0082   42 2831 61564.8692 72834.0244  18.3%   212 6420s
 24840 19864 71678.0258   43 2909 61564.8692 72818.5217  18.3%   212 6426s
 24876 19900 62589.6434   79  831 61564.8692 72818.5217  18.3%   212 6430s
 24961 19974 65928.2858   50 1821 61564.8692 72818.0167  18.3%   212 6435s
 24979 19983 67805.3875   49 2130 61564.8692 72813.0261  18.3%   212 6440s
 24997 19988 69019.6633   44 2555 61564.8692 72801.7686  18.3%   212 6445s
 25009 19990 71596.3663   43 2726 61564.8692 72799.8722  18.2%   213 6450s
 25021 20002 66356.0261   48 2399 61564.8692 72799.8722  18.2%   213 6455s
 25059 20034 63101.0306   53 1843 61564.8692 72799.8722  18.2%   213 6460s
 25110 20041 70851.2870   44 2716 61564.8692 72799.8658  18.2%   213 6465s
 25147 20062 70977.5241   45 2679 61564.8692 72796.1000  18.2%   213 6470s
 25186 20095 72163.1024   42 3188 61564.8692 72794.7755  18.2%   213 6476s
 25201 20110 62842.9095   57  990 61564.8692 72794.7755  18.2%   214 6480s
 25226 20124 67974.0061   47 2204 61564.8692 72790.9444  18.2%   214 6485s
 25350 20234 71979.3663   42 2957 61564.8692 72788.0710  18.2%   213 6491s
 25356 20240 67864.6055   48 2299 61564.8692 72788.0710  18.2%   213 6495s
 25377 20251 70271.1655   47 2449 61564.8692 72781.7900  18.2%   214 6500s
 25575 20449 61833.3062  245  522 61564.8692 72781.7900  18.2%   212 6505s
 25636 20484 66431.1021   46 2651 61564.8692 72778.2111  18.2%   212 6510s
 25650 20491 69203.0919   48 2371 61564.8692 72772.3634  18.2%   212 6515s
 25669 20500 69989.0338   45 2445 61564.8692 72762.6951  18.2%   212 6520s
 25693 20511 70127.5004   44 2959 61564.8692 72758.8989  18.2%   213 6525s
 25714 20520 71884.8595   42 2902 61564.8692 72751.5341  18.2%   213 6530s
 25739 20535 71161.7957   43 3148 61564.8692 72747.6233  18.2%   213 6535s
 25759 20547 71826.6060   43 2791 61564.8692 72746.6459  18.2%   213 6540s
 25780 20556 71513.5167   43 2986 61564.8692 72746.1059  18.2%   214 6545s
 25852 20627 61785.6484  115  724 61564.8692 72746.1059  18.2%   213 6550s
 25888 20647 70640.1978   44 2746 61564.8692 72745.1832  18.2%   213 6555s
 25908 20667 65997.8266   54 1648 61564.8692 72745.1832  18.2%   214 6560s
 26080 20839 61844.7561  175  738 61564.8692 72745.1832  18.2%   212 6565s
 26168 20916 62390.2746   63  796 61564.8692 72744.9762  18.2%   212 6570s
 26210 20952 68497.4209   46 2416 61564.8692 72743.4462  18.2%   212 6575s
 26228 20960 70804.3816   44 2740 61564.8692 72740.8752  18.2%   212 6580s
 26246 20968 71876.4046   44 2898 61564.8692 72737.3375  18.1%   213 6586s
 26296 21008 71481.6438   43 2919 61564.8692 72733.8939  18.1%   213 6590s
 26399 21089 72097.2008   43 3052 61564.8692 72732.2159  18.1%   212 6598s
 26402 21092 70878.5862   46 2512 61564.8692 72732.2159  18.1%   212 6600s
 26435 21107 71744.7652   43 2859 61564.8692 72731.3192  18.1%   212 6605s
 26457 21119 71669.1079   43 2812 61564.8692 72729.4277  18.1%   213 6610s
 26499 21137 71755.6757   43 2738 61564.8692 72727.4942  18.1%   213 6617s
 26505 21143 66466.7529   49 2022 61564.8692 72727.4942  18.1%   213 6620s
 26524 21149 70976.0115   43 2977 61564.8692 72723.0231  18.1%   213 6625s
 26543 21168 66865.2692   53 1753 61564.8692 72723.0231  18.1%   213 6630s
 26776 21401 62396.9652  169  837 61564.8692 72723.0231  18.1%   212 6635s
 27024 21630 71183.1863   42 2975 61564.8692 72720.0627  18.1%   210 6641s
 27034 21640 68803.3644   47 2312 61564.8692 72720.0627  18.1%   210 6645s
 27042 21648 66704.2247   53 1700 61564.8692 72720.0627  18.1%   210 6651s
 27044 21650 65949.0242   52 1885 61564.8692 72720.0627  18.1%   210 6655s
 27046 21652 65654.9781   54 1649 61564.8692 72720.0627  18.1%   210 6660s
 27049 21655 65262.5885   57 1281 61564.8692 72720.0627  18.1%   210 6666s
 27052 21658 63799.3735   58 1153 61564.8692 72720.0627  18.1%   210 6672s
 27053 21659 64009.7421   57 1311 61564.8692 72720.0627  18.1%   210 6675s
 27054 21660 63355.9102   59 1050 61564.8692 72720.0627  18.1%   210 6681s
 27065 21671 63178.2304   68 1033 61564.8692 72720.0627  18.1%   210 6685s
 27344 21936 71275.5399   43 2716 61564.8692 72719.9131  18.1%   208 6691s
 27353 21945 64548.2257   52 1656 61564.8692 72719.9131  18.1%   208 6695s
 27368 21950 69531.7909   47 2601 61564.8692 72718.3776  18.1%   208 6700s
 27410 21982 70899.6031   44 2651 61564.8692 72717.7024  18.1%   208 6705s
 27429 21993 71049.2487   44 2658 61564.8692 72716.7089  18.1%   209 6710s
 27446 22003 72341.5509   43 3138 61564.8692 72714.5874  18.1%   209 6715s
 27530 22075 71476.1071   43 3218 61564.8692 72692.1498  18.1%   209 6721s
 27550 22087 71578.8668   42 3084 61564.8692 72691.0236  18.1%   209 6726s
 27578 22103 70517.0591   44 2796 61564.8692 72687.9308  18.1%   209 6730s
 27702 22204 71526.0433   45 2943 61564.8692 72676.8378  18.0%   208 6735s
 27762 22251 71730.0508   42 2915 61564.8692 72668.5605  18.0%   208 6740s
 27791 22263 71391.0629   45 2704 61564.8692 72661.6463  18.0%   208 6745s
 27861 22333 63207.1709   89  853 61564.8692 72661.6463  18.0%   208 6750s
 28187 22659 62114.9862  268  541 61564.8692 72661.6463  18.0%   206 6755s
 28463 22935 61823.0214  378  380 61564.8692 72661.6463  18.0%   204 6760s
 28837 23255 infeasible  473      61564.8692 72661.6463  18.0%   202 6765s
 28856 23260 66863.9501   49 2060 61564.8692 72659.3799  18.0%   202 6770s
 28878 23272 68789.5928   48 2260 61564.8692 72656.0800  18.0%   202 6775s
 28918 23292 71968.5642   43 3120 61564.8692 72646.8475  18.0%   202 6780s
 28933 23307 62360.5102   58  811 61564.8692 72646.8475  18.0%   202 6785s
 29000 23354 61587.8463   72  787 61564.8692 72641.7118  18.0%   202 6790s
 29028 23370 70443.3053   44 2689 61564.8692 72628.9236  18.0%   202 6795s
 29049 23381 71306.8539   44 2742 61564.8692 72607.0875  17.9%   202 6800s
 29065 23397 66771.3880   52 1889 61564.8692 72607.0875  17.9%   203 6805s
 29324 23656 62101.6335  181  759 61564.8692 72607.0875  17.9%   201 6810s
 29568 23865 71830.7768   46 2765 61564.8692 72605.9343  17.9%   200 6815s
 29598 23878 70138.3481   46 2646 61564.8692 72604.8232  17.9%   200 6820s
 29664 23884 71426.7103   42 3177 61564.8692 72596.0004  17.9%   200 6825s
 29671 23891 67606.3964   49 2237 61564.8692 72596.0004  17.9%   200 6830s
 29784 23986 71869.0226   44 2808 61564.8692 72594.3563  17.9%   199 6835s
 29790 23992 69725.2780   47 2286 61564.8692 72594.3563  17.9%   200 6840s
 29834 24036 63390.7992   64  856 61564.8692 72594.3563  17.9%   200 6845s
 30164 24366 62058.2056  259  488 61564.8692 72594.3563  17.9%   198 6850s
 30405 24604 61790.7340  353  352 61564.8692 72594.3563  17.9%   196 6855s
 30628 24825 61651.9520  389  294 61564.8692 72594.3563  17.9%   195 6860s
 30836 24984 71062.9244   44 2825 61564.8692 72593.7654  17.9%   194 6865s
 30859 24997 68572.5451   45 2902 61564.8692 72592.8876  17.9%   194 6870s
 30874 25003 70678.0666   44 2884 61564.8692 72592.6274  17.9%   194 6875s
 30977 25095 71770.3509   42 3151 61564.8692 72592.3663  17.9%   194 6882s
 30986 25104 67954.6804   46 2364 61564.8692 72592.3663  17.9%   194 6885s
 31053 25154 71003.6691   44 2699 61564.8692 72590.3739  17.9%   194 6890s
 31062 25163 65696.4875   53 1597 61564.8692 72590.3739  17.9%   194 6902s
 31077 25166 70733.1639   45 2735 61564.8692 72587.3513  17.9%   194 6905s
 31108 25180 71707.3982   43 2932 61564.8692 72587.2607  17.9%   194 6911s
 31136 25208 62388.4584   71  874 61564.8692 72587.2607  17.9%   194 6915s
 31165 25231 68436.7435   51 1868 61564.8692 72587.1392  17.9%   194 6920s
 31290 25344 68344.4517   49 2241 61564.8692 72583.5566  17.9%   194 6925s
 31306 25353 71501.1438   43 3066 61564.8692 72578.4054  17.9%   194 6930s
 31327 25365 70855.7431   43 2810 61564.8692 72577.6323  17.9%   194 6935s
 31356 25394 62260.1148   56 1229 61564.8692 72577.6323  17.9%   194 6940s
 31374 25403 68083.9525   50 2072 61564.8692 72577.2093  17.9%   195 6945s
 31411 25428 70215.5172   44 2931 61564.8692 72576.0027  17.9%   195 6950s
 31468 25472 71132.2807   42 3095 61564.8692 72566.8683  17.9%   195 6956s
 31542 25530 71329.4506   43 2834 61564.8692 72566.0573  17.9%   195 6960s
 31561 25549 67031.0699   53 1725 61564.8692 72566.0573  17.9%   195 6965s
 31857 25820 71420.0091   43 2903 61564.8692 72558.0381  17.9%   193 6971s
 31879 25831 72097.6078   42 2958 61564.8692 72556.2491  17.9%   193 6977s
 31885 25837 70756.4206   44 2695 61564.8692 72556.2491  17.9%   193 6980s
 31947 25883 71555.0249   42 3022 61564.8692 72552.7386  17.8%   194 6986s
 31962 25898 63579.0086   57 1035 61564.8692 72552.7386  17.8%   194 6990s
 32001 25921 61873.7212   59  847 61564.8692 72548.2835  17.8%   194 6995s
 32158 26060 61617.0250  186  650 61564.8692 72546.9783  17.8%   193 7000s
 32178 26071 66109.1605   52 1826 61564.8692 72541.6092  17.8%   193 7005s
 32228 26100 70303.8637   45 2602 61564.8692 72541.1731  17.8%   193 7010s
 32326 26198 62489.5065   99  968 61564.8692 72541.1731  17.8%   193 7015s
 32551 26400 61574.3052   77  927 61564.8692 72536.5475  17.8%   192 7020s
 32611 26450 61601.5035   94  684 61564.8692 72534.7738  17.8%   192 7025s
 32621 26457 67555.4477   51 1794 61564.8692 72534.4753  17.8%   192 7030s
 32722 26536 61603.3800  102  679 61564.8692 72532.2717  17.8%   192 7035s
 32730 26535 69838.4545   45 2506 61564.8692 72525.8687  17.8%   192 7040s
 32753 26548 69116.9595   46 2398 61564.8692 72525.2018  17.8%   192 7045s
 32812 26590 70596.8523   46 2542 61564.8692 72520.8128  17.8%   192 7050s
 32848 26615 70639.9514   44 2659 61564.8692 72517.1459  17.8%   192 7055s
 32880 26638 72100.6612   43 2745 61564.8692 72512.9140  17.8%   192 7061s
 32905 26649 71415.1212   44 2683 61564.8692 72508.6640  17.8%   193 7065s
 32958 26691 71488.7917   45 2638 61564.8692 72508.4617  17.8%   192 7070s
 33086 26819 63042.6987  116  720 61564.8692 72508.4617  17.8%   192 7075s
 33395 27128 62059.0587  262  438 61564.8692 72508.4617  17.8%   190 7080s
 33744 27462 61671.8351  379  257 61564.8692 72508.4617  17.8%   188 7085s
 33953 27626 69802.3652   44 2850 61564.8692 72506.0013  17.8%   187 7090s
 33996 27669 62264.6515   66  833 61564.8692 72506.0013  17.8%   187 7095s
 34094 27744 69749.4597   47 2387 61564.8692 72501.8099  17.8%   187 7100s
 34156 27792 69005.4981   47 2283 61564.8692 72501.6749  17.8%   187 7105s
 34184 27811 67330.3027   53 1697 61564.8692 72500.2521  17.8%   187 7110s
 34205 27824 69361.9474   44 2520 61564.8692 72497.5394  17.8%   187 7115s
 34223 27834 70608.7697   44 2983 61564.8692 72491.2668  17.7%   188 7120s
 34281 27884 71522.2505   44 2932 61564.8692 72484.8039  17.7%   188 7125s
 34325 27916 70614.8363   45 2573 61564.8692 72480.1844  17.7%   188 7130s
 34351 27930 69938.3026   47 2519 61564.8692 72465.5772  17.7%   188 7135s
 34520 28081 70506.0659   44 2541 61564.8692 72462.9274  17.7%   187 7140s
 34547 28106 61744.6045   54 1442 61564.8692 72462.9274  17.7%   187 7145s
 34590 28125 69197.0370   45 2696 61564.8692 72462.2192  17.7%   187 7150s
 34611 28146 67744.6743   49 2269 61564.8692 72462.2192  17.7%   188 7155s
 34645 28180 65343.6814   52 1918 61564.8692 72462.2192  17.7%   188 7160s
 34855 28390 62296.4382  130  825 61564.8692 72462.2192  17.7%   187 7165s
 35088 28598 70074.6456   45 2911 61564.8692 72457.3359  17.7%   186 7170s
 35108 28611 65826.4622   52 1719 61564.8692 72453.5977  17.7%   186 7175s
 35139 28628 62706.4788   55 1178 61564.8692 72452.2642  17.7%   186 7180s
 35197 28663 71478.6103   44 2928 61564.8692 72446.0998  17.7%   186 7186s
 35240 28706 62723.0491   87  924 61564.8692 72446.0998  17.7%   186 7190s
 35335 28781 65630.9847   52 1512 61564.8692 72445.7413  17.7%   186 7195s

Cutting planes:
  Learned: 4
  Gomory: 79
  Lift-and-project: 90
  Cover: 910
  Implied bound: 2148
  Projected implied bound: 10
  Clique: 7
  MIR: 409
  Mixing: 6
  Flow cover: 564
  Zero half: 780
  Mod-K: 2
  RLT: 1298
  Relax-and-lift: 268
  BQP: 2

Explored 35350 nodes (6676507 simplex iterations) in 7200.01 seconds (7464.52 work units)
Thread count was 1 (of 52 available processors)

Solution count 10: 61564.9 61560.7 61560.4 ... 61557.7

Time limit reached
Best objective 6.156486919929e+04, best bound 7.244555290696e+04, gap 17.6735%

User-callback calls 878521, time in user-callback 1.17 sec
Setting Gurobi: Solving MILP formulation (H.6) of the CFLPJLCR by the B&C algorithm of Gurobi.


Total CPU time: 7200.01 sec
Termination status: TIME_LIMIT
Percentage optimality gap: 15.02 %
Number of explored nodes: 35350
Objective value of the returned solution: 61564.869199
Optimal facility locations: [4, 6, 12, 13, 16, 20, 23, 25]

@end of file
