Gurobi Optimizer version 11.0.1 build v11.0.1rc0 (linux64 - "CentOS Linux 7 (Core)")

CPU model: Intel(R) Xeon(R) Gold 6230R CPU @ 2.10GHz, instruction set [SSE2|AVX|AVX2|AVX512]
Thread count: 52 physical cores, 52 logical processors, using up to 1 threads

Optimize a model with 71943 rows, 22450 columns and 217286 nonzeros
Model fingerprint: 0xac0b1739
Variable types: 11200 continuous, 11250 integer (11250 binary)
Coefficient statistics:
  Matrix range     [5e-07, 5e+01]
  Objective range  [2e+01, 2e+03]
  Bounds range     [1e+00, 1e+00]
  RHS range        [1e+00, 7e+00]
Presolve removed 19138 rows and 3 columns
Presolve time: 1.29s
Presolved: 52805 rows, 22447 columns, 149183 nonzeros
Variable types: 11098 continuous, 11349 integer (11148 binary)
Found heuristic solution: objective 5799.6518987
Found heuristic solution: objective 8222.5577057
Root relaxation presolved: 52605 rows, 22247 columns, 148783 nonzeros


Root simplex log...

Iteration    Objective       Primal Inf.    Dual Inf.      Time
   20697    8.4443445e+04   2.005189e+03   0.000000e+00      5s
   29029    8.3000752e+04   6.191747e+03   0.000000e+00     10s
   35195    8.2482277e+04   2.211841e+00   0.000000e+00     15s
   35354    8.2482104e+04   0.000000e+00   0.000000e+00     15s
   35354    8.2482104e+04   0.000000e+00   0.000000e+00     15s

Root relaxation: objective 8.248210e+04, 35354 iterations, 13.60 seconds (13.77 work units)
Total elapsed time = 20.70s (DegenMoves)

    Nodes    |    Current Node    |     Objective Bounds      |     Work
 Expl Unexpl |  Obj  Depth IntInf | Incumbent    BestBd   Gap | It/Node Time

     0     0 82482.1043    0 11321 8222.55771 82482.1043   903%     -   22s
H    0     0                    24018.093930 82482.1043   243%     -   23s
H    0     0                    26482.866340 82482.1043   211%     -   23s
H    0     0                    26537.877095 82482.1043   211%     -   24s
     0     0 79630.3451    0 10604 26537.8771 79630.3451   200%     -   61s
     0     0 79621.2918    0 10603 26537.8771 79621.2918   200%     -   63s
     0     0 79548.5244    0 10606 26537.8771 79548.5244   200%     -   69s
     0     0 78104.1504    0 10580 26537.8771 78104.1504   194%     -   71s
     0     0 78101.6662    0 10579 26537.8771 78101.6662   194%     -   71s
     0     0 77216.6556    0 10289 26537.8771 77216.6556   191%     -   93s
H    0     0                    28861.568612 77169.4956   167%     -   96s
     0     0 77153.1096    0 10267 28861.5686 77153.1096   167%     -   96s
     0     0 77149.6979    0 10275 28861.5686 77149.6979   167%     -   97s
     0     0 77149.6260    0 10278 28861.5686 77149.6260   167%     -   97s
     0     0 77053.8064    0 10167 28861.5686 77053.8064   167%     -  119s
     0     0 77039.1460    0 10156 28861.5686 77039.1460   167%     -  122s
     0     0 77039.1460    0 10154 28861.5686 77039.1460   167%     -  122s
     0     0 76822.2845    0 9948 28861.5686 76822.2845   166%     -  145s
H    0     0                    30663.484515 76806.1727   150%     -  148s
     0     0 76806.1727    0 9963 30663.4845 76806.1727   150%     -  148s
     0     0 76806.1727    0 9954 30663.4845 76806.1727   150%     -  149s
     0     0 76776.3622    0 9935 30663.4845 76776.3622   150%     -  174s
H    0     0                    32195.804015 76764.3579   138%     -  177s
     0     0 76758.6513    0 9914 32195.8040 76758.6513   138%     -  177s
     0     0 76754.0803    0 9941 32195.8040 76754.0803   138%     -  178s
     0     0 76753.4340    0 9941 32195.8040 76753.4340   138%     -  178s
     0     0 76592.0731    0 9900 32195.8040 76592.0731   138%     -  205s
     0     0 76579.1133    0 9895 32195.8040 76579.1133   138%     -  206s
     0     0 76578.9777    0 9893 32195.8040 76578.9777   138%     -  206s
     0     0 76551.2443    0 9817 32195.8040 76551.2443   138%     -  232s
     0     0 76535.8143    0 9863 32195.8040 76535.8143   138%     -  236s
     0     0 76535.5177    0 9864 32195.8040 76535.5177   138%     -  236s
     0     0 76481.1233    0 9789 32195.8040 76481.1233   138%     -  267s
H    0     0                    34107.982869 76452.1390   124%     -  271s
     0     0 76452.1390    0 9814 34107.9829 76452.1390   124%     -  272s
     0     0 76452.1390    0 9821 34107.9829 76452.1390   124%     -  272s
     0     0 76452.1390    0 9793 34107.9829 76452.1390   124%     -  308s
H    0     0                    35504.148584 76451.9739   115%     -  312s
     0     0 76450.9307    0 9829 35504.1486 76450.9307   115%     -  312s
     0     0 76450.6665    0 9840 35504.1486 76450.6665   115%     -  313s
     0     0 76425.4430    0 9968 35504.1486 76425.4430   115%     -  345s
     0     0 76423.5001    0 10022 35504.1486 76423.5001   115%     -  346s
     0     0 76413.9164    0 9962 35504.1486 76413.9164   115%     -  383s
     0     0 76412.6024    0 9979 35504.1486 76412.6024   115%     -  388s
     0     0 76407.1961    0 9987 35504.1486 76407.1961   115%     -  427s
     0     0 76399.6981    0 9975 35504.1486 76399.6981   115%     -  446s
H    0     0                    45140.511551 76399.6981  69.2%     -  489s
H    0     0                    47782.157911 76399.6981  59.9%     -  492s
H    0     0                    49940.821214 76399.6981  53.0%     -  498s
     0     2 76399.6981    0 9975 49940.8212 76399.6981  53.0%     -  498s
     1     3 76072.8282    1 10037 49940.8212 76390.5398  53.0%  5368  502s
     2     4 75622.8502    1 9791 49940.8212 76072.7772  52.3%  5451  508s
     4     6 74784.4905    2 9525 49940.8212 76051.8430  52.3%  4071  514s
     6     8 74798.8112    3 9528 49940.8212 75988.2901  52.2%  3516  519s
     7     9 75414.6749    4 9906 49940.8212 75933.2560  52.0%  3640  524s
     8    10 75190.4046    4 9608 49940.8212 75622.8410  51.4%  3698  528s
     9    11 74817.0003    5 9409 49940.8212 75622.8410  51.4%  3901  534s
    10    12 73899.0138    5 9548 49940.8212 75622.8410  51.4%  4267  542s
    11    13 74694.4938    6 9498 49940.8212 75622.8410  51.4%  4185  547s
    12    14 73597.8528    6 9019 49940.8212 75622.8410  51.4%  4162  558s
    13    15 73757.7437    7 9366 49940.8212 75622.8410  51.4%  4039  561s
    14    16 73600.4055    7 9067 49940.8212 75622.8410  51.4%  4062  565s
    16    18 72608.0521    8 8934 49940.8212 75622.8410  51.4%  3949  570s
    17    19 72611.0120    9 9083 49940.8212 75622.8410  51.4%  3972  575s
    18    20 72644.7497    9 8850 49940.8212 75622.8410  51.4%  4044  580s
    19    21 71075.9447   10 8598 49940.8212 75622.8410  51.4%  4206  587s
    22    24 70825.3482   11 8458 49940.8212 75622.8410  51.4%  3841  591s
    24    26 70635.2006   12 8265 49940.8212 75622.8410  51.4%  3789  598s
H   26    26                    50054.333484 75622.8410  51.1%  3560  601s
H   27    27                    50769.424573 75622.8410  49.0%  3520  603s
    29    31 68629.1630   15 7897 50769.4246 75622.8410  49.0%  3377  605s
    37    39 68182.5819   20 7036 50769.4246 75622.8410  49.0%  2889  611s
    45    47 67212.3908   25 6169 50769.4246 75622.8410  49.0%  2548  615s
    50    52 66543.2827   28 5572 50769.4246 75622.8410  49.0%  2468  620s
H   52    52                    51659.713324 75622.8410  46.4%  2383  623s
H   54    54                    51683.487597 75622.8410  46.3%  2336  626s
    62    64 64354.8528   34 5218 51683.4876 75622.8410  46.3%  2170  630s
    71    73 62752.7094   39 4259 51683.4876 75622.8410  46.3%  2013  635s
H   78    78                    51684.682975 75622.8410  46.3%  1882  637s
H   81    81                    51709.728531 75622.8410  46.2%  1839  639s
    82    84 61557.4156   45 3429 51709.7285 75622.8410  46.2%  1832  640s
H  104   100                    51959.625624 75622.8410  45.5%  1503  643s
   108   106 58871.8174   63 2436 51959.6256 75622.8410  45.5%  1453  645s
H  130   122                    52013.200564 75622.8410  45.4%  1228  647s
H  135   125                    52016.555607 75622.8410  45.4%  1185  648s
   152   142 55762.3298   96 2036 52016.5556 75622.8410  45.4%  1074  650s
H  156   142                    52190.337223 75622.8410  44.9%  1046  651s
H  182   165                    52195.967785 75622.8410  44.9%   917  654s
   189   172 56884.2916  124 2166 52195.9678 75622.8410  44.9%   888  656s
H  208   186                    52229.791793 75622.8410  44.8%   818  658s
H  234   211                    52229.793799 75622.8410  44.8%   739  660s
H  243   218                    52229.796530 75622.8410  44.8%   712  661s
H  270   243                    52229.908797 75622.8410  44.8%   649  664s
   277   250 55207.8332  196 1819 52229.9088 75622.8410  44.8%   636  665s
H  338   309                    52230.284460 75622.8410  44.8%   526  669s
   344   316 53721.0812  258 1405 52230.2845 75622.8410  44.8%   518  670s
   510   478 54178.7819  412 1413 52230.2845 75622.8410  44.8%   356  675s
   666   611 53362.9485  548 1135 52230.2845 75622.8410  44.8%   279  684s
   701   642 53045.5450  576 1075 52230.2845 75622.8410  44.8%   267  685s
   767   691 75604.7525    2 9632 52230.2845 75621.0793  44.8%   246  694s
   769   692 56098.3222  137 9975 52230.2845 75621.0793  44.8%   245  792s
   771   693 54632.2965  292 11276 52230.2845 75621.0793  44.8%   244  867s
   772   694 64851.2183   34 10902 52230.2845 75621.0793  44.8%   244  926s
   773   695 54061.6469  276 9928 52230.2845 75621.0793  44.8%   244  933s
   774   695 64334.6251   35 10009 52230.2845 75621.0793  44.8%   243  939s
   775   696 54561.4078  309 9869 52230.2845 75621.0793  44.8%   243  943s
   776   697 53438.2384  524 10103 52230.2845 75621.0793  44.8%   243  948s
   777   697 55229.9883  185 9899 52230.2845 75621.0793  44.8%   243  985s
   778   698 55058.2957  203 9901 52230.2845 75621.0793  44.8%   242 1036s
   780   699 54133.8289  431 9961 52230.2845 75621.0793  44.8%   242 1040s
   781   700 54175.5966  284 9954 52230.2845 75621.0793  44.8%   241 1075s
   782   701 53244.0229  187 9908 52230.2845 75621.0793  44.8%   241 1109s
   783   701 53133.3027  569 10102 52230.2845 75621.0793  44.8%   241 1113s
   784   702 53864.7486  415 10291 52230.2845 75621.0793  44.8%   240 1115s
   785   703 54639.4796  290 10105 52230.2845 75621.0793  44.8%   240 1130s
   786   703 54371.2272  308 10033 52230.2845 75621.0793  44.8%   240 1154s
   787   704 54163.8124  286 9863 52230.2845 75621.0793  44.8%   239 1155s
   788   705 54707.3113  244 10061 52230.2845 75621.0793  44.8%   239 1173s
   789   705 54561.4078  309 9987 52230.2845 75621.0793  44.8%   239 1200s
   790   706 54031.2761  400 10027 52230.2845 75621.0793  44.8%   239 1218s
   791   707 56164.8055  130 10206 52230.2845 75621.0793  44.8%   238 1241s
   792   707 54417.9199  329 10176 52230.2845 75621.0793  44.8%   238 1283s
H  792   671                    52230.285327 75621.0793  44.8%   238 1362s
   794   675 74781.4666   16 9654 52230.2853 75621.0793  44.8%   393 1391s
   795   675 75424.6279   16 10204 52230.2853 75424.6279  44.4%   398 1400s
   796   676 74585.2500   17 9648 52230.2853 75414.3899  44.4%   406 1411s
   797   677 74841.3054   17 9750 52230.2853 74841.3054  43.3%   412 1424s
   798   677 73151.9516   18 9286 52230.2853 74839.7504  43.3%   419 1438s
   799   678 73868.5660   18 9154 52230.2853 74780.8507  43.2%   425 1446s
   800   679 73293.1411   19 8936 52230.2853 74780.8507  43.2%   428 1452s
   801   679 72950.2653   19 8939 52230.2853 74780.8507  43.2%   431 1460s
   803   681 71682.3719   20 8739 52230.2853 74780.8507  43.2%   435 1465s
   806   683 71566.6563   22 8310 52230.2853 74780.8507  43.2%   439 1472s
   807   683 70610.9181   22 7998 52230.2853 74780.8507  43.2%   442 1475s
   809   685 70466.3385   23 7947 52230.2853 74780.8507  43.2%   449 1485s
   812   687 69902.8761   25 7567 52230.2853 74780.8507  43.2%   454 1491s
   814   688 69594.3971   26 7393 52230.2853 74780.8507  43.2%   456 1495s
   817   690 68227.5771   27 7257 52230.2853 74780.8507  43.2%   461 1500s
   820   692 69139.1754   29 7062 52230.2853 74780.8507  43.2%   463 1505s
   823   694 68033.0297   30 6695 52230.2853 74780.8507  43.2%   468 1510s
   827   697 67513.8579   32 6404 52230.2853 74780.8507  43.2%   473 1515s
   833   701 67221.0626   35 6060 52230.2853 74780.8507  43.2%   478 1520s
   839   705 64908.6760   38 5455 52230.2853 74780.8507  43.2%   483 1525s
   845   709 64194.6696   41 4675 52230.2853 74780.8507  43.2%   487 1530s
   848   711 64487.2694   43 4722 52230.2853 74780.8507  43.2%   489 1535s
   857   717 62481.8548   47 4049 52230.2853 74780.8507  43.2%   494 1540s
   867   723 60169.3837   52 3320 52230.2853 74780.8507  43.2%   498 1545s
H  874   692                    52366.592149 74780.8507  42.8%   498 1551s
   891   705 54160.6657   64 1445 52366.5921 74780.8507  42.8%   498 1555s
H  897   674                    52392.567724 74780.8507  42.7%   496 1556s
H  901   647                    52392.568166 74780.8507  42.7%   495 1558s
   912   656 53829.5834   75  970 52392.5682 74780.8507  42.7%   492 1560s
H  924   629                    52402.217428 74780.8507  42.7%   488 1561s
H  956   599                    52402.222499 74780.8507  42.7%   473 1567s
H  976   565                    52446.443850 74780.8507  42.6%   464 1568s
H 1003   541                    52446.443922 74780.8507  42.6%   452 1570s
  1038   536 73651.7853   17 9001 52446.4439 74771.6512  42.6%   443 1646s
  1039   537 72739.2856   18 8776 52446.4439 74771.6512  42.6%   448 1653s
  1040   538 72478.8494   18 8664 52446.4439 74771.6512  42.6%   453 1662s
  1042   539 71665.2507   19 8313 52446.4439 74771.6512  42.6%   456 1667s
  1043   540 72018.2904   20 8363 52446.4439 74771.6512  42.6%   457 1670s
  1045   541 71145.6703   21 7868 52446.4439 74771.6512  42.6%   461 1676s
  1046   542 70542.1659   21 8078 52446.4439 74771.6512  42.6%   463 1680s
  1048   543 70128.7957   22 7565 52446.4439 74771.6512  42.6%   467 1686s
  1050   544 68949.3450   23 7124 52446.4439 74771.6512  42.6%   470 1690s
  1052   546 68432.0552   24 7005 52446.4439 74771.6512  42.6%   474 1695s
  1055   548 68303.0531   26 6944 52446.4439 74771.6512  42.6%   476 1701s
  1058   550 67144.4787   27 6673 52446.4439 74771.6512  42.6%   478 1705s
  1062   552 65946.8748   29 6505 52446.4439 74771.6512  42.6%   481 1710s
H 1065   528                    52446.552164 74771.6512  42.6%   483 1719s
  1066   531 65631.8154   31 6154 52446.5522 74771.6512  42.6%   485 1721s
  1070   534 65058.9173   33 5739 52446.5522 74771.6512  42.6%   487 1725s
  1074   536 64243.0341   35 5710 52446.5522 74771.6512  42.6%   489 1730s
  1079   540 63397.3516   38 5304 52446.5522 74771.6512  42.6%   493 1735s
H 1081   516                    52446.552236 74771.6512  42.6%   493 1738s
  1084   520 61607.0376   40 4604 52446.5522 74771.6512  42.6%   496 1740s
  1090   524 61003.3312   43 4477 52446.5522 74771.6512  42.6%   499 1745s
H 1092   502                    52446.555662 74771.6512  42.6%   498 1748s
  1095   506 60034.2508   46 3978 52446.5557 74771.6512  42.6%   501 1751s
  1103   512 58733.8621   50 3223 52446.5557 74771.6512  42.6%   504 1755s
  1112   518 56951.9707   54 2405 52446.5557 74771.6512  42.6%   508 1760s
H 1119   477                    52989.688804 74771.6512  41.1%   508 1766s
H 1133   455                    53412.371768 74771.6512  40.0%   506 1769s
H 1146   426                    53501.138294 74771.6512  39.8%   500 1776s
  1147   427 73629.9407   17 9291 53501.1383 74585.1957  39.4%   506 1844s
  1148   428 72697.6480   18 8777 53501.1383 74585.1957  39.4%   509 1851s
  1149   428 72073.6344   18 8949 53501.1383 74585.1957  39.4%   513 1862s
  1150   429 72495.6570   19 8602 53501.1383 74585.1957  39.4%   514 1865s
  1151   430 71667.6723   19 8420 53501.1383 74585.1957  39.4%   516 1870s
  1153   431 71467.0352   20 8252 53501.1383 74585.1957  39.4%   519 1875s
  1155   432 71336.1747   21 8186 53501.1383 74585.1957  39.4%   523 1882s
  1157   434 70336.9676   22 8016 53501.1383 74585.1957  39.4%   526 1887s
  1158   434 69518.3444   23 7905 53501.1383 74585.1957  39.4%   529 1892s
H 1159   406                    54036.959746 74585.1957  38.0%   529 1894s
  1160   409 68990.2350   24 7542 54036.9597 74585.1957  38.0%   531 1896s
  1162   410 68034.1829   25 6988 54036.9597 74585.1957  38.0%   534 1900s
  1165   412 66531.4302   26 6570 54036.9597 74585.1957  38.0%   536 1905s
  1168   414 66817.9800   28 6344 54036.9597 74585.1957  38.0%   539 1910s
  1171   416 65655.9285   29 5933 54036.9597 74585.1957  38.0%   544 1916s
  1176   419 65604.7203   32 5790 54036.9597 74585.1957  38.0%   545 1921s
  1179   421 64441.5490   33 5437 54036.9597 74585.1957  38.0%   548 1925s
H 1185   407                    54046.733950 74585.1957  38.0%   551 1931s
  1190   413 62696.6052   39 4477 54046.7340 74585.1957  38.0%   556 1935s
  1198   418 61274.8131   43 3898 54046.7340 74585.1957  38.0%   560 1940s
  1204   422 59749.6704   46 3512 54046.7340 74585.1957  38.0%   564 1945s
  1212   427 57874.2975   50 2825 54046.7340 74585.1957  38.0%   567 1950s
  1228   438 55815.8189   58 1347 54046.7340 74585.1957  38.0%   569 1955s
  1238   439 54214.3431   63  859 54046.7340 74585.1957  38.0%   568 1961s
  1244   435 72760.4143   18 9201 54046.7340 74584.5540  38.0%   573 2023s
  1245   435 71945.0770   19 8861 54046.7340 74584.5540  38.0%   575 2034s
  1246   436 71206.0494   19 8904 54046.7340 74584.5540  38.0%   579 2040s
  1248   437 71258.2212   20 8818 54046.7340 74584.5540  38.0%   581 2052s
  1250   439 70123.0088   21 8207 54046.7340 74584.5540  38.0%   584 2057s
  1252   440 68992.7741   22 7986 54046.7340 74584.5540  38.0%   586 2061s
  1254   441 67814.5565   23 7571 54046.7340 74584.5540  38.0%   588 2065s
  1257   443 67763.0497   25 7460 54046.7340 74584.5540  38.0%   591 2071s
  1260   445 66317.6658   26 6649 54046.7340 74584.5540  38.0%   594 2076s
  1263   447 65736.4026   28 6712 54046.7340 74584.5540  38.0%   596 2080s
  1265   449 65048.0062   29 6441 54046.7340 74584.5540  38.0%   597 2085s
  1267   450 64851.3450   30 6372 54046.7340 74584.5540  38.0%   599 2090s
  1269   451 64701.0984   31 6159 54046.7340 74584.5540  38.0%   601 2095s
  1271   453 64444.7378   32 6029 54046.7340 74584.5540  38.0%   603 2102s
  1273   454 63851.6876   33 5814 54046.7340 74584.5540  38.0%   605 2108s
  1274   455 63519.5559   33 5567 54046.7340 74584.5540  38.0%   605 2110s
  1277   457 63119.9685   35 5251 54046.7340 74584.5540  38.0%   607 2116s
  1279   458 62669.0912   36 5136 54046.7340 74584.5540  38.0%   608 2121s
  1282   460 61596.3245   37 4820 54046.7340 74584.5540  38.0%   610 2125s
  1287   463 60923.4200   40 4419 54046.7340 74584.5540  38.0%   611 2130s
  1292   467 59151.2974   42 4061 54046.7340 74584.5540  38.0%   612 2135s
  1297   470 59052.3553   45 3796 54046.7340 74584.5540  38.0%   614 2141s
  1302   473 57637.7347   47 3479 54046.7340 74584.5540  38.0%   615 2145s
  1310   479 55874.4693   51 2617 54046.7340 74584.5540  38.0%   616 2150s
H 1317   463                    54046.734170 74584.5540  38.0%   615 2153s
  1323   461 73492.0891   18 9183 54046.7342 73492.0891  36.0%   618 2211s
  1324   462 73047.5759   19 8909 54046.7342 73386.4816  35.8%   620 2232s
  1325   463 72342.3972   19 8665 54046.7342 73291.7362  35.6%   623 2239s
  1326   463 72105.8284   20 8483 54046.7342 73291.7362  35.6%   624 2242s
  1327   464 71310.6637   20 8207 54046.7342 73291.7362  35.6%   626 2246s
  1328   465 71077.5916   21 8268 54046.7342 73291.7362  35.6%   628 2250s
  1330   466 70197.9634   22 7710 54046.7342 73291.7362  35.6%   632 2258s
  1331   467 69659.8111   22 7822 54046.7342 73291.7362  35.6%   634 2264s
  1332   467 70012.3582   23 7564 54046.7342 73291.7362  35.6%   634 2265s
  1335   469 68828.8061   24 7387 54046.7342 73291.7362  35.6%   637 2272s
  1336   470 68851.4412   25 7239 54046.7342 73291.7362  35.6%   638 2275s
  1338   471 67961.3133   26 6829 54046.7342 73291.7362  35.6%   641 2280s
  1341   473 66040.1680   27 6373 54046.7342 73291.7362  35.6%   643 2285s
  1343   475 65863.2214   28 6174 54046.7342 73291.7362  35.6%   645 2291s
  1346   477 65364.7800   30 5680 54046.7342 73291.7362  35.6%   646 2295s
  1351   480 63941.9023   32 5286 54046.7342 73291.7362  35.6%   647 2303s
  1353   481 63520.9432   33 5272 54046.7342 73291.7362  35.6%   648 2305s
  1362   487 62058.2641   38 4642 54046.7342 73291.7362  35.6%   648 2310s
  1372   494 60375.1087   43 3729 54046.7342 73291.7362  35.6%   649 2315s
  1378   498 58114.7106   46 3349 54046.7342 73291.7362  35.6%   650 2321s
  1387   504 55775.6281   50 2795 54046.7342 73291.7362  35.6%   651 2325s
  1400   513 55171.8252   57 2011 54046.7342 73291.7362  35.6%   651 2330s
H 1406   496                    54046.738442 73291.7362  35.6%   650 2334s
  1415   493 71385.4597   20 8599 54046.7384 73274.3283  35.6%   651 2355s
  1417   494 70394.6726   21 8225 54046.7384 73274.3283  35.6%   655 2365s
  1419   495 68908.7669   22 8287 54046.7384 73274.3283  35.6%   659 2373s
  1420   496 69270.6455   23 7773 54046.7384 73274.3283  35.6%   660 2375s
  1422   497 68350.4854   24 7515 54046.7384 73274.3283  35.6%   662 2381s
  1424   499 67991.4783   25 7308 54046.7384 73274.3283  35.6%   664 2385s
  1426   500 67666.3675   26 7153 54046.7384 73274.3283  35.6%   666 2390s
  1429   502 66227.4245   27 7012 54046.7384 73274.3283  35.6%   668 2395s
  1432   504 66418.4674   29 6676 54046.7384 73274.3283  35.6%   670 2401s
  1434   505 66239.3161   30 6461 54046.7384 73274.3283  35.6%   672 2406s
  1438   508 65514.8667   32 6081 54046.7384 73274.3283  35.6%   674 2410s
  1442   511 64767.6816   34 6101 54046.7384 73274.3283  35.6%   675 2415s
  1449   515 62782.4406   37 5584 54046.7384 73274.3283  35.6%   678 2420s
  1455   519 61565.2522   40 4584 54046.7384 73274.3283  35.6%   680 2425s
  1460   523 61442.0813   43 4601 54046.7384 73274.3283  35.6%   683 2431s
  1465   526 59031.8241   45 3365 54046.7384 73274.3283  35.6%   685 2435s
  1475   533 57339.1667   50 3016 54046.7384 73274.3283  35.6%   687 2440s
  1487   541 55846.6838   56 1806 54046.7384 73274.3283  35.6%   688 2450s
  1519   543 72132.3948   20 8440 54046.7384 73141.0974  35.3%   684 2474s
  1520   544 70780.6675   21 8245 54046.7384 73141.0974  35.3%   686 2480s
  1522   545 70730.4619   22 7772 54046.7384 73141.0974  35.3%   689 2486s
  1523   546 69925.9519   22 7740 54046.7384 73141.0974  35.3%   690 2490s
  1525   547 69726.6012   23 7535 54046.7384 73141.0974  35.3%   694 2497s
  1526   548 69170.1013   24 7263 54046.7384 73141.0974  35.3%   696 2500s
  1528   549 68286.1751   25 6806 54046.7384 73141.0974  35.3%   698 2505s
  1531   551 66772.8624   26 6484 54046.7384 73141.0974  35.3%   700 2510s
  1535   554 66365.2376   28 6102 54046.7384 73141.0974  35.3%   701 2516s
  1539   556 65724.4500   30 5804 54046.7384 73141.0974  35.3%   702 2520s
  1543   559 65279.3553   32 5489 54046.7384 73141.0974  35.3%   704 2525s
H 1547   536                    54241.548995 73141.0974  34.8%   704 2531s
H 1551   529                    54254.496904 73141.0974  34.8%   704 2534s
  1553   533 63127.8369   37 4830 54254.4969 73141.0974  34.8%   705 2535s
  1563   543 60588.4882   42 3985 54254.4969 73141.0974  34.8%   705 2540s
  1574   554 59097.2899   48 3012 54254.4969 73141.0974  34.8%   705 2547s
H 1577   555                    54256.217108 73141.0974  34.8%   704 2548s
  1581   561 57164.8102   51 2464 54256.2171 73141.0974  34.8%   705 2550s
  1598   578 56234.6114   60 1045 54256.2171 73141.0974  34.8%   704 2555s
  1601   581 55192.5412   61  961 54256.2171 73141.0974  34.8%   703 2561s
  1630   586 54464.0089   77  621 54256.2171 73141.0974  34.8%   691 2602s
  1648   584 71886.7737   19 8645 54256.2171 73125.9628  34.8%   688 2622s
  1649   585 71044.1275   20 8326 54256.2171 73125.9628  34.8%   689 2625s
  1651   587 70551.1088   21 8329 54256.2171 73125.9628  34.8%   691 2632s
  1652   588 70142.5471   21 8190 54256.2171 73125.9628  34.8%   693 2637s
  1653   589 69617.8349   22 7968 54256.2171 73125.9628  34.8%   694 2640s
  1655   591 68935.9996   23 7549 54256.2171 73125.9628  34.8%   696 2645s
  1657   593 67985.1166   24 7355 54256.2171 73125.9628  34.8%   698 2651s
  1659   595 67421.7926   25 6804 54256.2171 73125.9628  34.8%   700 2657s
  1661   597 67099.0587   26 6650 54256.2171 73125.9628  34.8%   702 2660s
  1664   600 65635.5569   27 6389 54256.2171 73125.9628  34.8%   703 2665s
  1667   603 65966.6567   29 6249 54256.2171 73125.9628  34.8%   705 2671s
  1670   606 64862.2774   30 5837 54256.2171 73125.9628  34.8%   706 2675s
  1675   611 64975.3541   33 5574 54256.2171 73125.9628  34.8%   708 2680s
  1679   615 64465.8684   35 5541 54256.2171 73125.9628  34.8%   709 2687s
  1683   619 63747.5040   37 5146 54256.2171 73125.9628  34.8%   710 2690s
  1690   626 61845.3032   40 4667 54256.2171 73125.9628  34.8%   712 2695s
  1699   635 60423.8293   45 3882 54256.2171 73125.9628  34.8%   713 2700s
H 1706   640                    54257.967422 73125.9628  34.8%   714 2707s
  1713   649 57340.9737   52 2398 54257.9674 73125.9628  34.8%   714 2710s
  1737   663 71950.2857   19 8992 54257.9674 73046.6914  34.6%   713 2738s
H 1738   662                    54258.255073 73046.6914  34.6%   713 2748s
  1739   665 70388.1831   21 8358 54258.2551 73046.6914  34.6%   715 2751s
  1741   667 69436.6865   22 7911 54258.2551 73046.6914  34.6%   717 2757s
  1743   669 68244.2168   24 7568 54258.2551 73046.6914  34.6%   719 2762s
  1745   671 67712.7996   25 7119 54258.2551 73046.6914  34.6%   721 2767s
  1746   672 68266.0382   23 7450 54258.2551 73046.6914  34.6%   722 2770s
  1748   674 67490.5257   26 6965 54258.2551 73046.6914  34.6%   723 2775s
  1751   677 66760.3157   26 6739 54258.2551 73046.6914  34.6%   724 2780s
  1754   680 65990.8702   30 6361 54258.2551 73046.6914  34.6%   726 2786s
  1757   683 65552.4589   29 6361 54258.2551 73046.6914  34.6%   728 2791s
  1760   686 64968.0934   34 5650 54258.2551 73046.6914  34.6%   729 2795s
  1764   690 64638.8930   35 5630 54258.2551 73046.6914  34.6%   731 2800s
  1770   696 63640.0348   36 5025 54258.2551 73046.6914  34.6%   733 2806s
  1776   702 62675.1967   37 4920 54258.2551 73046.6914  34.6%   733 2810s
H 1786   709                    54288.516907 73046.6914  34.6%   733 2827s
  1791   716 59873.8545   42 3868 54288.5169 73046.6914  34.6%   733 2830s
  1804   729 57240.9756   50 2780 54288.5169 73046.6914  34.6%   733 2835s
  1824   742 72516.0595   20 8691 54288.5169 73037.4466  34.5%   731 2867s
  1825   743 71613.0820   21 8108 54288.5169 73037.4466  34.5%   732 2872s
  1826   744 70227.9208   22 7890 54288.5169 73037.4466  34.5%   734 2876s
  1827   745 70697.8906   22 7792 54288.5169 73037.4466  34.5%   735 2880s
  1829   747 69796.3025   24 7400 54288.5169 73037.4466  34.5%   737 2885s
H 1830   744                    54302.014916 73037.4466  34.5%   736 2892s
  1831   747 68986.7230   25 7268 54302.0149 73037.4466  34.5%   738 2895s
  1833   749 69188.8493   24 7552 54302.0149 73037.4466  34.5%   740 2901s
  1835   751 68422.8664   26 7042 54302.0149 73037.4466  34.5%   741 2906s
  1836   752 68401.4141   25 7233 54302.0149 73037.4466  34.5%   743 2910s
  1839   755 67094.6305   27 7124 54302.0149 73037.4466  34.5%   744 2916s
  1842   758 67616.1022   26 7109 54302.0149 73037.4466  34.5%   746 2921s
  1844   760 66037.9225   29 6235 54302.0149 73037.4466  34.5%   747 2925s
  1848   764 65362.6291   30 5663 54302.0149 73037.4466  34.5%   748 2930s
  1853   769 64735.2609   32 5300 54302.0149 73037.4466  34.5%   749 2935s
  1858   774 63398.4070   33 5183 54302.0149 73037.4466  34.5%   750 2940s
  1867   783 62012.2687   39 4443 54302.0149 73037.4466  34.5%   750 2945s
  1877   793 62079.6755   42 3980 54302.0149 73037.4466  34.5%   750 2950s
  1888   804 59214.2188   45 3382 54302.0149 73037.4466  34.5%   750 2955s
  1900   816 57672.3846   51 2496 54302.0149 73037.4466  34.5%   750 2960s
  1916   832 55001.9137   59 1377 54302.0149 73037.4466  34.5%   748 2965s
  1928   836 71968.2638   20 8336 54302.0149 72514.3599  33.5%   746 2984s
  1929   837 70948.3473   21 7755 54302.0149 72514.3599  33.5%   748 2988s
  1930   838 70535.7275   22 7579 54302.0149 72514.3599  33.5%   748 2990s
  1932   840 70085.7805   23 7450 54302.0149 72514.3599  33.5%   750 2996s
  1934   842 68434.7368   25 7083 54302.0149 72514.3599  33.5%   751 3001s
H 1936   841                    54315.457502 72514.3599  33.5%   751 3010s
H 1937   838                    54414.192046 72514.3599  33.3%   752 3017s
  1939   842 66134.0165   28 6510 54414.1920 72514.3599  33.3%   754 3020s
  1943   846 65967.5669   30 5957 54414.1920 72514.3599  33.3%   755 3025s
  1948   851 64719.5034   31 5633 54414.1920 72514.3599  33.3%   756 3030s
  1954   857 63691.6670   37 4735 54414.1920 72514.3599  33.3%   756 3035s
  1963   866 61733.2031   41 4085 54414.1920 72514.3599  33.3%   756 3040s
  1973   876 60572.2601   45 3408 54414.1920 72514.3599  33.3%   756 3045s
  1984   887 58223.9986   50 2684 54414.1920 72514.3599  33.3%   756 3050s
H 1991   865                    54668.195828 72514.3599  32.6%   756 3057s
  2008   882 54923.0930   65  797 54668.1958 72514.3599  32.6%   752 3060s
  2023   890 70963.5447   21 8365 54668.1958 72464.0643  32.6%   749 3086s
  2025   892 69311.2653   23 7724 54668.1958 72464.0643  32.6%   751 3091s
  2027   894 68425.2661   24 7334 54668.1958 72464.0643  32.6%   753 3096s
  2030   897 66099.2480   27 6790 54668.1958 72464.0643  32.6%   754 3101s
  2032   899 66482.0958   27 6926 54668.1958 72464.0643  32.6%   755 3105s
  2035   902 66576.7491   27 7004 54668.1958 72464.0643  32.6%   756 3110s
H 2038   903                    54668.242984 72464.0643  32.6%   756 3119s
  2039   906 65524.6893   31 6356 54668.2430 72464.0643  32.6%   757 3120s
  2042   909 64894.6330   31 6328 54668.2430 72464.0643  32.6%   759 3125s
  2045   912 64679.3926   31 6296 54668.2430 72464.0643  32.6%   760 3130s
  2049   916 63981.8137   35 5941 54668.2430 72464.0643  32.6%   761 3135s
  2055   922 62882.2939   40 4893 54668.2430 72464.0643  32.6%   762 3140s
  2064   931 61261.7424   45 3702 54668.2430 72464.0643  32.6%   762 3145s
H 2072   926                    54772.309650 72464.0643  32.3%   762 3150s
  2083   939 56180.8146   54 2093 54772.3096 72464.0643  32.3%   763 3155s
  2096   940 71871.9541   19 8294 54772.3096 72454.1300  32.3%   762 3172s
  2097   941 70963.0179   20 7894 54772.3096 72454.1300  32.3%   763 3175s
  2099   943 69159.3951   22 7498 54772.3096 72454.1300  32.3%   765 3181s
  2102   946 69248.1811   23 7340 54772.3096 72454.1300  32.3%   766 3186s
  2104   948 69174.8127   23 7286 54772.3096 72454.1300  32.3%   767 3190s
H 2105   947                    54772.320331 72454.1300  32.3%   766 3196s
  2107   951 68779.6036   24 7161 54772.3203 72454.1300  32.3%   769 3200s
H 2109   951                    54778.376737 72454.1300  32.3%   769 3207s
  2111   955 67427.4299   24 6758 54778.3767 72454.1300  32.3%   771 3211s
  2113   957 67567.2429   25 6972 54778.3767 72454.1300  32.3%   772 3215s
  2118   962 65922.8452   27 6085 54778.3767 72454.1300  32.3%   773 3220s
  2123   967 64105.4700   32 5630 54778.3767 72454.1300  32.3%   773 3225s
  2130   974 63287.7184   35 4754 54778.3767 72454.1300  32.3%   773 3230s
  2139   983 61330.8394   40 4064 54778.3767 72454.1300  32.3%   773 3238s
  2143   987 60608.2283   43 3674 54778.3767 72454.1300  32.3%   773 3240s
  2155   999 58280.2711   47 3019 54778.3767 72454.1300  32.3%   772 3245s
  2172  1016 55504.4130   55 2200 54778.3767 72454.1300  32.3%   770 3250s
  2181  1017 71217.2891   19 8181 54778.3767 72071.7701  31.6%   770 3265s
  2183  1019 69671.2513   21 7516 54778.3767 72071.7701  31.6%   772 3271s
  2185  1021 68974.6866   22 7303 54778.3767 72071.7701  31.6%   773 3276s
  2188  1024 67654.2096   24 6909 54778.3767 72071.7701  31.6%   774 3281s
  2191  1027 66266.3063   27 6481 54778.3767 72071.7701  31.6%   774 3288s
  2192  1028 66273.5883   26 6600 54778.3767 72071.7701  31.6%   775 3290s
  2196  1032 65183.1015   28 6285 54778.3767 72071.7701  31.6%   776 3295s
  2200  1036 64982.5850   29 6154 54778.3767 72071.7701  31.6%   777 3300s
  2206  1042 63279.5639   34 4868 54778.3767 72071.7701  31.6%   777 3305s
H 2211  1045                    54778.377321 72071.7701  31.6%   777 3309s
  2212  1048 62673.9253   35 4733 54778.3773 72071.7701  31.6%   777 3310s
  2222  1058 61332.1193   37 4450 54778.3773 72071.7701  31.6%   777 3315s
  2232  1068 60116.3585   42 3654 54778.3773 72071.7701  31.6%   777 3320s
  2237  1073 59341.4573   45 3200 54778.3773 72071.7701  31.6%   777 3349s
  2238  1074 58613.0310   43 3522 54778.3773 72071.7701  31.6%   777 3352s
  2244  1080 58041.8650   46 3264 54778.3773 72071.7701  31.6%   777 3355s
H 2265  1087                    54778.381560 72071.7701  31.6%   773 3385s
  2267  1091 69872.8511   21 7868 54778.3816 72050.6151  31.5%   776 3391s
  2269  1093 68720.7300   23 7763 54778.3816 72050.6151  31.5%   778 3396s
  2272  1096 67342.9286   26 7058 54778.3816 72050.6151  31.5%   779 3400s
  2275  1099 66249.5542   28 6779 54778.3816 72050.6151  31.5%   780 3405s
  2279  1103 65963.5099   27 6892 54778.3816 72050.6151  31.5%   781 3411s
  2282  1106 65761.0597   28 6717 54778.3816 72050.6151  31.5%   782 3415s
  2286  1110 65070.1100   32 6285 54778.3816 72050.6151  31.5%   783 3420s
  2290  1114 64794.1617   33 6111 54778.3816 72050.6151  31.5%   783 3425s
H 2292  1114                    54778.454041 72050.6151  31.5%   783 3432s
  2295  1119 64129.4080   34 5767 54778.4540 72050.6151  31.5%   785 3435s
  2301  1125 63152.8144   39 5207 54778.4540 72050.6151  31.5%   785 3440s
  2310  1134 62101.3781   43 4598 54778.4540 72050.6151  31.5%   785 3445s
  2319  1143 60125.2715   47 3500 54778.4540 72050.6151  31.5%   786 3452s
  2326  1150 58342.8311   50 2615 54778.4540 72050.6151  31.5%   786 3455s
  2342  1166 55393.3422   59 1661 54778.4540 72050.6151  31.5%   785 3460s
  2354  1162 70986.6853   19 8349 54778.4540 71896.1278  31.2%   785 3477s
  2355  1163 70178.0384   20 8070 54778.4540 71896.1278  31.2%   786 3480s
  2357  1165 69313.8619   21 7752 54778.4540 71896.1278  31.2%   787 3485s
  2359  1167 68243.3584   23 7508 54778.4540 71896.1278  31.2%   787 3491s
  2363  1171 66941.6961   27 6904 54778.4540 71896.1278  31.2%   788 3495s
  2367  1175 65589.4877   28 6752 54778.4540 71896.1278  31.2%   788 3500s
  2371  1179 65146.4659   33 6052 54778.4540 71896.1278  31.2%   790 3506s
  2376  1184 63875.0039   35 5878 54778.4540 71896.1278  31.2%   790 3510s
  2382  1190 63132.2432   36 5483 54778.4540 71896.1278  31.2%   791 3515s
  2390  1198 61798.8392   41 4284 54778.4540 71896.1278  31.2%   791 3520s
  2395  1203 61263.3342   43 4000 54778.4540 71896.1278  31.2%   792 3525s
  2407  1215 59384.7182   49 2893 54778.4540 71896.1278  31.2%   792 3530s
  2422  1230 55826.1406   58 1475 54778.4540 71896.1278  31.2%   791 3535s
  2432  1232 69958.9990   20 8734 54778.4540 71869.7916  31.2%   790 3554s
  2433  1233 69258.7799   21 8459 54778.4540 71869.7916  31.2%   791 3564s
  2434  1234 68567.4321   22 8209 54778.4540 71869.7916  31.2%   792 3565s
  2436  1236 66735.3410   24 7780 54778.4540 71869.7916  31.2%   793 3571s
  2438  1238 64696.3440   26 7352 54778.4540 71869.7916  31.2%   794 3576s
  2441  1241 63594.2578   29 6777 54778.4540 71869.7916  31.2%   795 3580s
  2446  1246 62394.0911   34 5783 54778.4540 71869.7916  31.2%   795 3586s
  2451  1251 59803.4245   39 5144 54778.4540 71869.7916  31.2%   796 3590s
  2462  1262 55673.2497   50 3186 54778.4540 71869.7916  31.2%   795 3595s
  2470  1263 70464.2597   20 8006 54778.4540 71677.0646  30.8%   795 3607s
  2472  1265 69094.6580   22 7578 54778.4540 71677.0646  30.8%   795 3611s
  2474  1267 67432.6731   24 7125 54778.4540 71677.0646  30.8%   797 3617s
  2476  1269 66528.3934   26 6833 54778.4540 71677.0646  30.8%   798 3620s
  2478  1271 64632.4719   28 6391 54778.4540 71677.0646  30.8%   799 3625s
  2483  1276 62518.6331   33 6046 54778.4540 71677.0646  30.8%   800 3630s
  2491  1284 58842.0013   41 4591 54778.4540 71677.0646  30.8%   800 3635s
  2501  1288 55524.8148   46 3826 54778.4540 71677.0646  30.8%   801 3640s
H 2506  1285                    54789.479377 71677.0646  30.8%   801 3666s
  2507  1288 69239.6463   22 7435 54789.4794 71676.4567  30.8%   805 3671s
  2509  1290 68853.4312   23 7194 54789.4794 71676.4567  30.8%   806 3676s
  2510  1291 68007.9338   23 6907 54789.4794 71676.4567  30.8%   807 3680s
  2513  1294 68116.6602   25 6980 54789.4794 71676.4567  30.8%   809 3687s
  2515  1296 67810.4536   26 6839 54789.4794 71676.4567  30.8%   810 3691s
  2518  1299 66366.0913   27 6722 54789.4794 71676.4567  30.8%   811 3697s
  2520  1301 66277.5276   28 6534 54789.4794 71676.4567  30.8%   812 3700s
  2524  1305 65593.5203   30 6183 54789.4794 71676.4567  30.8%   812 3706s
  2527  1308 65738.4750   32 6017 54789.4794 71676.4567  30.8%   813 3710s
  2532  1313 64377.8775   34 5516 54789.4794 71676.4567  30.8%   814 3715s
  2540  1321 62907.0551   38 5103 54789.4794 71676.4567  30.8%   814 3720s
  2549  1330 61038.7932   43 4010 54789.4794 71676.4567  30.8%   815 3725s
  2558  1339 58137.4639   47 3390 54789.4794 71676.4567  30.8%   815 3730s
  2571  1352 57131.6024   54 1960 54789.4794 71676.4567  30.8%   815 3735s
  2576  1357 55603.8401   56 1543 54789.4794 71676.4567  30.8%   815 3740s
  2589  1358 70722.8288   21 8079 54789.4794 71663.3234  30.8%   815 3758s
  2590  1359 69135.5315   22 7732 54789.4794 71663.3234  30.8%   817 3764s
  2591  1360 68522.9241   23 7520 54789.4794 71663.3234  30.8%   817 3766s
  2593  1362 67301.7314   25 7215 54789.4794 71663.3234  30.8%   818 3770s
  2597  1366 65686.0551   29 6575 54789.4794 71663.3234  30.8%   819 3775s
  2601  1370 63978.5150   33 6101 54789.4794 71663.3234  30.8%   819 3780s
  2603  1372 63021.2647   35 5886 54789.4794 71663.3234  30.8%   820 3785s
  2609  1378 60230.4498   41 4760 54789.4794 71663.3234  30.8%   821 3790s
  2616  1385 56180.0896   48 3535 54789.4794 71663.3234  30.8%   822 3795s
  2629  1384 69980.6864   20 7847 54789.4794 71656.0708  30.8%   823 3814s
  2630  1385 69574.5348   21 7479 54789.4794 71656.0708  30.8%   823 3817s
  2632  1387 67854.5737   23 7117 54789.4794 71656.0708  30.8%   824 3821s
  2634  1389 67213.1112   25 6789 54789.4794 71656.0708  30.8%   824 3825s
  2638  1393 65737.5744   29 6213 54789.4794 71656.0708  30.8%   825 3830s
H 2641  1394                    54795.690037 71656.0708  30.8%   824 3837s
  2646  1401 62867.6580   37 4761 54795.6900 71656.0708  30.8%   825 3840s
  2652  1407 57851.8785   43 3688 54795.6900 71656.0708  30.8%   825 3845s
  2662  1417 56264.8931   53 2605 54795.6900 71656.0708  30.8%   825 3850s
  2672  1421 70435.3201   20 7858 54795.6900 71655.0283  30.8%   825 3869s
  2673  1422 69958.0322   21 7607 54795.6900 71655.0283  30.8%   826 3872s
  2675  1424 69220.6327   21 7522 54795.6900 71655.0283  30.8%   828 3879s
  2676  1425 68702.7874   22 7331 54795.6900 71655.0283  30.8%   828 3881s
H 2677  1424                    54795.696139 71655.0283  30.8%   828 3885s
  2680  1429 66875.1501   24 6688 54795.6961 71655.0283  30.8%   830 3890s
  2684  1433 65343.3410   28 6153 54795.6961 71655.0283  30.8%   830 3895s
  2690  1439 64280.3454   33 5003 54795.6961 71655.0283  30.8%   830 3900s
  2697  1446 63159.1589   34 4940 54795.6961 71655.0283  30.8%   830 3905s
H 2704  1451                    54795.721409 71655.0283  30.8%   830 3910s
  2712  1461 60629.2568   43 3720 54795.7214 71655.0283  30.8%   830 3915s
  2724  1473 58028.3605   49 2831 54795.7214 71655.0283  30.8%   830 3920s
H 2735  1482                    54796.192724 71655.0283  30.8%   828 3926s
  2747  1482 70453.1109   20 7807 54796.1927 71651.7909  30.8%   828 3946s
  2749  1484 69525.9758   22 7419 54796.1927 71651.7909  30.8%   829 3950s
  2751  1486 67550.7059   24 6715 54796.1927 71651.7909  30.8%   830 3955s
  2755  1490 66521.7835   28 6186 54796.1927 71651.7909  30.8%   831 3960s
  2759  1494 65108.0870   32 5583 54796.1927 71651.7909  30.8%   831 3965s
  2765  1500 62895.4143   38 4692 54796.1927 71651.7909  30.8%   832 3970s
  2774  1509 58272.7398   47 3202 54796.1927 71651.7909  30.8%   833 3975s
H 2778  1511                    54796.248927 71651.7909  30.8%   833 3981s
H 2779  1512                    54796.318126 71651.7909  30.8%   833 4017s
  2787  1515 70260.1201   20 7514 54796.3181 71536.8362  30.6%   835 4035s
  2789  1517 69109.9980   22 6968 54796.3181 71536.8362  30.6%   836 4042s
  2791  1519 68487.3226   24 6697 54796.3181 71536.8362  30.6%   837 4045s
  2796  1524 65932.9808   29 6094 54796.3181 71536.8362  30.6%   837 4051s
  2801  1529 64614.8120   34 5657 54796.3181 71536.8362  30.6%   837 4055s
  2807  1535 61523.7727   40 4577 54796.3181 71536.8362  30.6%   838 4060s
  2817  1545 57424.2371   50 2751 54796.3181 71536.8362  30.6%   838 4065s
H 2827  1538                    54847.247445 71536.8362  30.4%   837 4095s
  2829  1542 68862.2994   22 7645 54847.2474 71453.3500  30.3%   839 4101s
  2831  1544 67262.1298   24 7373 54847.2474 71453.3500  30.3%   840 4105s
  2835  1548 65639.0927   28 6788 54847.2474 71453.3500  30.3%   841 4111s
  2838  1551 64944.5443   31 6294 54847.2474 71453.3500  30.3%   842 4115s
  2841  1554 63684.4481   34 6115 54847.2474 71453.3500  30.3%   843 4120s
  2847  1560 61617.0253   40 5026 54847.2474 71453.3500  30.3%   844 4125s
  2854  1567 57163.5895   47 3760 54847.2474 71453.3500  30.3%   846 4130s
  2865  1567 54901.7196   50 2966 54847.2474 71453.3500  30.3%   847 4135s
  2867  1567 70326.5229   21 7905 54847.2474 71451.1883  30.3%   849 4149s
  2868  1568 69524.1319   22 7436 54847.2474 71451.1883  30.3%   850 4153s
  2869  1569 69284.4643   22 7398 54847.2474 71451.1883  30.3%   851 4156s
  2871  1571 68284.1116   23 7133 54847.2474 71451.1883  30.3%   852 4162s
  2873  1573 65653.2003   25 6243 54847.2474 71451.1883  30.3%   853 4165s
  2877  1577 64090.4430   26 5959 54847.2474 71451.1883  30.3%   854 4170s
  2883  1583 62262.6224   30 5223 54847.2474 71451.1883  30.3%   854 4175s
  2892  1592 59133.6385   33 4785 54847.2474 71451.1883  30.3%   855 4180s
  2901  1601 56115.7536   35 4351 54847.2474 71451.1883  30.3%   855 4185s
  2916  1608 55481.7192   41 3834 54847.2474 71451.1883  30.3%   853 4190s
  2927  1605 70077.1380   21 7683 54847.2474 71309.6929  30.0%   854 4206s
  2929  1607 68923.8256   23 7215 54847.2474 71309.6929  30.0%   855 4211s
  2931  1609 67537.9618   25 6740 54847.2474 71309.6929  30.0%   856 4215s
  2934  1612 65385.3577   28 6277 54847.2474 71309.6929  30.0%   857 4220s
  2939  1617 62382.4893   33 5521 54847.2474 71309.6929  30.0%   858 4225s
  2943  1621 60724.9669   37 4885 54847.2474 71309.6929  30.0%   859 4230s
H 2958  1634                    54847.263965 71309.6929  30.0%   857 4397s
H 2962  1631                    54847.266854 71309.6929  30.0%   856 4455s
  2964  1635 67777.4876   23 7094 54847.2669 71308.1578  30.0%   859 4461s
  2966  1637 66326.8016   25 6343 54847.2669 71308.1578  30.0%   860 4466s
  2970  1641 64712.7497   29 5898 54847.2669 71308.1578  30.0%   861 4471s
  2974  1645 62156.2389   33 4959 54847.2669 71308.1578  30.0%   862 4475s
  2981  1652 58303.4539   40 3933 54847.2669 71308.1578  30.0%   863 4480s
  2994  1665 55621.4977   53 2626 54847.2669 71308.1578  30.0%   861 4485s
  3002  1665 69985.3342   21 7392 54847.2669 71264.6751  29.9%   862 4501s
  3004  1667 69185.5667   23 6975 54847.2669 71264.6751  29.9%   863 4506s
  3005  1668 68730.4980   24 6769 54847.2669 71264.6751  29.9%   864 4510s
  3009  1672 66929.1903   28 6139 54847.2669 71264.6751  29.9%   864 4515s
  3013  1676 63840.4556   32 5391 54847.2669 71264.6751  29.9%   865 4520s
  3019  1682 62573.0158   38 4533 54847.2669 71264.6751  29.9%   865 4525s
  3027  1690 59978.5756   46 3170 54847.2669 71264.6751  29.9%   865 4530s
  3047  1700 69307.8708   21 7598 54847.2669 71262.9901  29.9%   864 4540s
  3049  1702 67600.2677   23 7150 54847.2669 71262.9901  29.9%   865 4546s
  3051  1704 66265.2479   25 6847 54847.2669 71262.9901  29.9%   865 4550s
  3056  1709 64921.1167   30 6100 54847.2669 71262.9901  29.9%   865 4555s
  3063  1716 62624.1757   37 5254 54847.2669 71262.9901  29.9%   865 4560s
  3071  1724 58327.4886   45 3827 54847.2669 71262.9901  29.9%   866 4565s
  3083  1726 56204.5690   48 3436 54847.2669 71262.9901  29.9%   866 4570s
  3091  1726 55110.5494   49 3169 54847.2669 71262.9901  29.9%   866 4575s
  3108  1724 69851.0295   21 7526 54847.2669 71253.9347  29.9%   865 4592s
  3109  1725 68817.6085   22 7237 54847.2669 71253.9347  29.9%   866 4596s
  3111  1727 67429.1576   24 6799 54847.2669 71253.9347  29.9%   868 4602s
  3113  1729 65994.1565   26 6522 54847.2669 71253.9347  29.9%   868 4605s
  3116  1732 64786.3516   29 6189 54847.2669 71253.9347  29.9%   869 4613s
  3117  1733 64578.3394   30 6165 54847.2669 71253.9347  29.9%   869 4615s
  3121  1737 63315.2694   34 5615 54847.2669 71253.9347  29.9%   870 4620s
  3129  1745 61080.8255   42 4402 54847.2669 71253.9347  29.9%   870 4625s
  3137  1753 56297.8716   50 2957 54847.2669 71253.9347  29.9%   871 4630s
  3144  1752 68942.3448   21 8431 54847.2669 71238.1807  29.9%   872 4649s
  3145  1753 68361.5987   22 8068 54847.2669 71238.1807  29.9%   872 4659s
  3146  1754 67973.3337   23 8061 54847.2669 71238.1807  29.9%   873 4670s
  3147  1755 67546.0633   24 7631 54847.2669 71238.1807  29.9%   873 4680s
  3148  1756 67000.9162   25 7410 54847.2669 71238.1807  29.9%   873 4690s
  3151  1759 65200.0632   28 6769 54847.2669 71238.1807  29.9%   874 4695s
  3153  1761 63447.5235   30 6437 54847.2669 71238.1807  29.9%   875 4700s
  3157  1765 61814.2845   34 5999 54847.2669 71238.1807  29.9%   876 4705s
  3161  1769 60012.6446   38 5187 54847.2669 71238.1807  29.9%   877 4710s
  3167  1775 57049.2948   44 4014 54847.2669 71238.1807  29.9%   878 4715s
  3178  1778 70047.6659   21 8082 54847.2669 71215.7970  29.8%   879 4733s
  3179  1779 69565.4572   22 7818 54847.2669 71215.7970  29.8%   879 4735s
  3182  1782 68310.1122   23 7471 54847.2669 71215.7970  29.8%   880 4740s
  3185  1785 66901.3958   25 7077 54847.2669 71215.7970  29.8%   881 4746s
  3188  1788 66240.0512   27 6536 54847.2669 71215.7970  29.8%   882 4751s
  3191  1791 65540.8790   27 6410 54847.2669 71215.7970  29.8%   883 4755s
  3194  1794 64819.4440   29 6102 54847.2669 71215.7970  29.8%   884 4760s
  3198  1798 63890.6015   30 5695 54847.2669 71215.7970  29.8%   884 4769s
  3199  1799 63727.3610   31 5446 54847.2669 71215.7970  29.8%   884 4770s
  3206  1806 62682.3797   34 5265 54847.2669 71215.7970  29.8%   884 4775s
  3217  1817 61878.8310   41 4310 54847.2669 71215.7970  29.8%   884 4780s
  3225  1825 60225.8356   42 4129 54847.2669 71215.7970  29.8%   884 4789s
  3227  1827 59707.0438   43 3800 54847.2669 71215.7970  29.8%   884 4790s
  3240  1840 57234.6182   48 3178 54847.2669 71215.7970  29.8%   883 4795s
  3253  1850 54932.9739   57 1591 54847.2669 71215.7970  29.8%   882 4805s
  3257  1848 69650.8994   20 7778 54847.2669 71197.3924  29.8%   882 4817s
  3259  1850 68018.0405   22 7368 54847.2669 71197.3924  29.8%   883 4822s
  3261  1852 66758.9765   24 6968 54847.2669 71197.3924  29.8%   884 4825s
  3265  1856 65484.2136   28 6157 54847.2669 71197.3924  29.8%   885 4830s
  3270  1861 63258.2563   33 5617 54847.2669 71197.3924  29.8%   885 4835s
  3277  1868 59958.0617   40 4671 54847.2669 71197.3924  29.8%   885 4840s
  3288  1879 55035.7384   51 2568 54847.2669 71197.3924  29.8%   885 4845s
  3293  1876 70268.9242   20 8426 54847.2669 71187.5877  29.8%   885 4864s
  3294  1877 69522.7610   21 8294 54847.2669 71187.5877  29.8%   886 4875s
  3296  1879 68394.9323   23 7679 54847.2669 71187.5877  29.8%   887 4880s
  3299  1882 66924.1044   26 7100 54847.2669 71187.5877  29.8%   887 4887s
  3301  1884 64773.1520   28 6710 54847.2669 71187.5877  29.8%   888 4891s
  3304  1887 63060.9874   31 6329 54847.2669 71187.5877  29.8%   889 4895s
  3308  1891 60847.7295   35 5570 54847.2669 71187.5877  29.8%   890 4900s
  3316  1899 57930.9302   43 4741 54847.2669 71187.5877  29.8%   890 4905s
  3332  1905 69812.2670   20 8572 54847.2669 71139.4629  29.7%   890 4925s
  3333  1906 69128.3482   21 8482 54847.2669 71139.4629  29.7%   890 4941s
  3336  1909 66573.4732   24 7557 54847.2669 71139.4629  29.7%   892 4947s
  3338  1911 64944.8694   26 7197 54847.2669 71139.4629  29.7%   893 4951s
  3340  1913 62966.5560   28 6771 54847.2669 71139.4629  29.7%   893 4955s
  3345  1918 60435.2046   33 6166 54847.2669 71139.4629  29.7%   894 4961s
  3349  1922 58649.8667   37 5677 54847.2669 71139.4629  29.7%   895 4965s
  3356  1929 55140.7991   44 4307 54847.2669 71139.4629  29.7%   896 4970s
  3365  1926 68958.6681   21 8281 54847.2669 71074.5381  29.6%   896 4977s
  3366  1927 68364.3497   22 8037 54847.2669 71074.5381  29.6%   897 4980s
  3369  1930 66644.5378   25 7094 54847.2669 71074.5381  29.6%   898 4987s
  3371  1932 65547.6689   27 6858 54847.2669 71074.5381  29.6%   899 4992s
  3374  1935 64353.0372   30 6411 54847.2669 71074.5381  29.6%   899 4995s
  3378  1939 62939.2332   34 5604 54847.2669 71074.5381  29.6%   900 5000s
  3382  1943 61257.7628   38 5285 54847.2669 71074.5381  29.6%   901 5005s
  3387  1948 58958.1450   43 4138 54847.2669 71074.5381  29.6%   902 5010s
  3393  1954 55181.0841   49 3229 54847.2669 71074.5381  29.6%   903 5015s
  3402  1951 68937.7967   22 7746 54847.2669 71068.0146  29.6%   904 5031s
  3404  1953 68100.1867   23 7732 54847.2669 71068.0146  29.6%   904 5035s
  3407  1956 67194.3066   25 7126 54847.2669 71068.0146  29.6%   906 5041s
  3410  1959 65763.3323   26 6945 54847.2669 71068.0146  29.6%   906 5046s
  3413  1962 65949.8505   28 6782 54847.2669 71068.0146  29.6%   907 5050s
  3417  1966 64508.7064   30 6317 54847.2669 71068.0146  29.6%   908 5055s
  3421  1970 64343.4638   32 5978 54847.2669 71068.0146  29.6%   908 5060s
  3426  1975 63031.7969   34 5035 54847.2669 71068.0146  29.6%   909 5065s
  3431  1980 62547.5754   37 5313 54847.2669 71068.0146  29.6%   910 5070s
  3441  1990 61014.1955   42 4367 54847.2669 71068.0146  29.6%   910 5075s
  3453  2002 57144.2261   48 3334 54847.2669 71068.0146  29.6%   910 5080s
  3467  2012 55452.3461   55 2039 54847.2669 71068.0146  29.6%   909 5085s
  3475  2010 69893.9369   22 7513 54847.2669 70955.4010  29.4%   909 5099s
  3476  2011 68759.4132   23 7280 54847.2669 70955.4010  29.4%   910 5103s
  3478  2013 68589.4499   24 7098 54847.2669 70955.4010  29.4%   911 5106s
  3480  2015 66873.9459   26 6696 54847.2669 70955.4010  29.4%   912 5111s
  3482  2017 68065.6633   24 7242 54847.2669 70955.4010  29.4%   913 5116s
  3485  2020 66429.3076   28 6346 54847.2669 70955.4010  29.4%   914 5121s
  3489  2024 65247.2016   29 6143 54847.2669 70955.4010  29.4%   914 5125s
  3492  2027 64371.6560   30 5933 54847.2669 70955.4010  29.4%   914 5134s
  3493  2028 65528.1785   30 6082 54847.2669 70955.4010  29.4%   914 5135s
  3498  2033 63339.9324   33 5519 54847.2669 70955.4010  29.4%   915 5140s
  3503  2038 62843.0717   35 5243 54847.2669 70955.4010  29.4%   916 5145s
  3513  2048 58661.3061   40 4030 54847.2669 70955.4010  29.4%   915 5150s
  3530  2055 55496.4145   46 3077 54847.2669 70955.4010  29.4%   913 5155s
  3544  2054 69905.5893   20 8106 54847.2669 70913.9062  29.3%   912 5170s
H 3546  2054                    54847.268604 70913.9062  29.3%   913 5181s
  3549  2059 66819.6693   25 7166 54847.2686 70913.9062  29.3%   914 5186s
  3552  2062 65546.0913   28 6731 54847.2686 70913.9062  29.3%   914 5190s
  3556  2066 64312.6037   32 6236 54847.2686 70913.9062  29.3%   915 5195s
  3562  2072 62194.6507   38 5391 54847.2686 70913.9062  29.3%   915 5200s
  3563  2073 61890.0430   39 5188 54847.2686 70913.9062  29.3%   915 5208s
  3565  2075 60870.6079   41 4755 54847.2686 70913.9062  29.3%   916 5210s
  3571  2081 56990.8334   47 3741 54847.2686 70913.9062  29.3%   917 5215s
  3583  2081 70036.1066   22 8220 54847.2686 70837.4487  29.2%   918 5240s
  3585  2083 68355.3351   24 7544 54847.2686 70837.4487  29.2%   919 5246s
  3587  2085 66920.7309   26 6921 54847.2686 70837.4487  29.2%   921 5252s
  3590  2088 64665.3285   29 6479 54847.2686 70837.4487  29.2%   921 5256s
  3594  2092 63159.5448   33 6072 54847.2686 70837.4487  29.2%   922 5260s
  3600  2098 59876.2044   39 5337 54847.2686 70837.4487  29.2%   923 5265s
  3606  2104 56562.5343   45 4066 54847.2686 70837.4487  29.2%   923 5270s
  3617  2104 69668.3955   22 7402 54847.2686 70825.5009  29.1%   923 5285s
  3620  2107 68053.7565   25 6680 54847.2686 70825.5009  29.1%   924 5290s
  3624  2111 66158.7795   29 5901 54847.2686 70825.5009  29.1%   924 5302s
  3627  2114 64634.6423   32 5283 54847.2686 70825.5009  29.1%   925 5305s
  3635  2122 61114.4917   40 4282 54847.2686 70825.5009  29.1%   925 5310s
  3644  2131 57562.8884   49 3389 54847.2686 70825.5009  29.1%   924 5315s
H 3672  2147                    54847.269848 70825.5009  29.1%   919 5365s
  3674  2151 68991.0379   24 6734 54847.2698 70778.6200  29.0%   922 5370s
  3677  2154 67777.9864   27 6311 54847.2698 70778.6200  29.0%   923 5375s
  3681  2158 66446.0580   31 5696 54847.2698 70778.6200  29.0%   924 5380s
  3686  2163 63657.8642   36 5033 54847.2698 70778.6200  29.0%   924 5385s
  3694  2171 61503.3335   44 3886 54847.2698 70778.6200  29.0%   924 5390s
  3701  2178 57932.9144   51 2557 54847.2698 70778.6200  29.0%   925 5397s
  3713  2179 70015.1944   22 7938 54847.2698 70771.9340  29.0%   924 5413s
  3714  2180 69663.1687   23 7690 54847.2698 70771.9340  29.0%   925 5415s
  3716  2182 68721.4701   24 7271 54847.2698 70771.9340  29.0%   926 5420s
  3718  2184 67779.3409   26 7021 54847.2698 70771.9340  29.0%   927 5425s
  3720  2186 67539.5864   25 6602 54847.2698 70771.9340  29.0%   928 5431s
  3722  2188 66817.9618   25 6236 54847.2698 70771.9340  29.0%   929 5436s
  3725  2191 66336.8371   27 5988 54847.2698 70771.9340  29.0%   930 5441s
  3727  2193 65440.1835   29 5733 54847.2698 70771.9340  29.0%   930 5445s
  3728  2194 65300.2323   30 5485 54847.2698 70771.9340  29.0%   930 5452s
  3731  2197 64523.7737   33 5069 54847.2698 70771.9340  29.0%   931 5456s
  3735  2201 63776.3449   33 5101 54847.2698 70771.9340  29.0%   931 5460s
  3740  2206 63339.1638   35 4926 54847.2698 70771.9340  29.0%   931 5465s
  3747  2213 62631.1601   39 4148 54847.2698 70771.9340  29.0%   931 5470s
  3758  2224 60983.2031   42 3688 54847.2698 70771.9340  29.0%   931 5475s
  3768  2234 59592.6109   45 3309 54847.2698 70771.9340  29.0%   930 5480s
  3772  2238 59090.1105   49 2740 54847.2698 70771.9340  29.0%   930 5509s
  3774  2240 58643.1654   51 2209 54847.2698 70771.9340  29.0%   930 5510s
  3798  2258 69719.4838   22 7667 54847.2698 70751.9959  29.0%   927 5526s
  3800  2260 68282.5976   24 7268 54847.2698 70751.9959  29.0%   928 5533s
  3801  2261 67548.1073   25 7109 54847.2698 70751.9959  29.0%   929 5535s
  3804  2264 65697.6941   28 6632 54847.2698 70751.9959  29.0%   929 5540s
  3808  2268 64913.5111   32 6067 54847.2698 70751.9959  29.0%   930 5545s
  3816  2276 59546.0402   40 4344 54847.2698 70751.9959  29.0%   930 5550s
  3828  2288 55090.7455   52 2477 54847.2698 70751.9959  29.0%   929 5555s
  3833  2286 68904.6477   22 6942 54847.2698 70729.6882  29.0%   930 5563s
  3834  2287 68354.4387   23 6709 54847.2698 70729.6882  29.0%   931 5565s
  3836  2289 67607.9725   25 6314 54847.2698 70729.6882  29.0%   931 5570s
  3841  2294 65791.5919   30 5722 54847.2698 70729.6882  29.0%   932 5576s
  3845  2298 64930.2827   34 5349 54847.2698 70729.6882  29.0%   932 5580s
  3853  2306 61119.2395   42 3941 54847.2698 70729.6882  29.0%   932 5585s
  3866  2313     cutoff   52      54847.2698 70729.6882  29.0%   931 5590s
  3876  2317 69129.9972   21 7878 54847.2698 70717.3581  28.9%   931 5596s
  3879  2320 67262.6750   24 7333 54847.2698 70717.3581  28.9%   932 5600s
  3883  2324 65253.1366   28 6797 54847.2698 70717.3581  28.9%   932 5605s
  3889  2330 62113.2522   34 5790 54847.2698 70717.3581  28.9%   932 5610s
  3894  2335 60986.0683   39 5181 54847.2698 70717.3581  28.9%   933 5615s
  3901  2342 57729.2554   46 4044 54847.2698 70717.3581  28.9%   934 5620s
  3914  2346 69685.9451   22 7552 54847.2698 70610.7739  28.7%   934 5635s
  3916  2348 68406.1115   24 7035 54847.2698 70610.7739  28.7%   934 5640s
  3920  2352 66862.2762   28 6495 54847.2698 70610.7739  28.7%   935 5646s
  3924  2356 65750.2133   32 5995 54847.2698 70610.7739  28.7%   935 5650s
  3929  2361 64071.6451   37 5223 54847.2698 70610.7739  28.7%   936 5655s
  3937  2369 59824.1974   45 3800 54847.2698 70610.7739  28.7%   936 5660s
  3945  2373 55047.8057   50 2964 54847.2698 70610.7739  28.7%   937 5665s
  3958  2373 68775.8167   23 7097 54847.2698 70600.1872  28.7%   939 5678s
  3959  2374 67955.3835   24 6669 54847.2698 70600.1872  28.7%   939 5681s
  3963  2378 66416.7247   28 6074 54847.2698 70600.1872  28.7%   939 5685s
  3968  2383 63143.3283   33 5094 54847.2698 70600.1872  28.7%   939 5690s
  3977  2392 57862.7031   42 3798 54847.2698 70600.1872  28.7%   939 5695s
  3997  2406 68789.0095   23 6788 54847.2698 70552.6801  28.6%   938 5707s
  3999  2408 67720.6373   25 6362 54847.2698 70552.6801  28.6%   939 5711s
  4002  2411 66867.8799   28 5990 54847.2698 70552.6801  28.6%   939 5715s
  4007  2416 65380.3872   33 5519 54847.2698 70552.6801  28.6%   939 5720s
  4014  2423 62543.1951   40 4283 54847.2698 70552.6801  28.6%   939 5725s
  4022  2431 56059.9238   48 3144 54847.2698 70552.6801  28.6%   940 5730s
  4035  2431 55233.4703   50 2825 54847.2698 70552.6801  28.6%   940 5735s
  4040  2430 69294.9284   22 8038 54847.2698 70541.0412  28.6%   941 5751s
  4042  2432 67699.6927   24 7308 54847.2698 70541.0412  28.6%   941 5755s
  4045  2435 66352.6870   27 6671 54847.2698 70541.0412  28.6%   942 5760s
  4048  2438 64356.3271   30 6218 54847.2698 70541.0412  28.6%   943 5765s
  4052  2442 62626.7700   34 5696 54847.2698 70541.0412  28.6%   943 5770s
  4059  2449 59504.6323   41 4331 54847.2698 70541.0412  28.6%   944 5775s
  4065  2455 56860.0683   47 3452 54847.2698 70541.0412  28.6%   944 5780s
  4078  2454 69491.2427   22 7796 54847.2698 70536.5415  28.6%   944 5797s
  4079  2455 68715.8935   23 7420 54847.2698 70536.5415  28.6%   945 5800s
  4081  2457 67420.0324   25 6775 54847.2698 70536.5415  28.6%   945 5805s
  4085  2461 65555.1590   27 6497 54847.2698 70536.5415  28.6%   946 5810s
  4088  2464 65091.5628   28 6316 54847.2698 70536.5415  28.6%   947 5816s
  4092  2468 64885.7002   30 5986 54847.2698 70536.5415  28.6%   947 5820s
  4099  2475 62370.6743   35 4805 54847.2698 70536.5415  28.6%   947 5825s
  4107  2483 57265.2519   38 3727 54847.2698 70536.5415  28.6%   947 5830s
  4124  2493 54911.5544   46 3486 54847.2698 70536.5415  28.6%   945 5835s
  4128  2493 69947.8231   22 7892 54847.2698 70533.9304  28.6%   946 5849s
  4129  2494 69585.5916   23 7619 54847.2698 70533.9304  28.6%   946 5851s
  4131  2496 67698.3632   25 7099 54847.2698 70533.9304  28.6%   947 5856s
  4134  2499 65974.5815   28 6494 54847.2698 70533.9304  28.6%   948 5861s
  4136  2501 65202.8397   30 6314 54847.2698 70533.9304  28.6%   948 5865s
  4140  2505 63513.0470   34 6050 54847.2698 70533.9304  28.6%   949 5870s
  4146  2511 60845.5525   40 4973 54847.2698 70533.9304  28.6%   949 5875s
  4155  2520 56592.4432   49 2918 54847.2698 70533.9304  28.6%   949 5880s
H 4182  2516                    54847.274049 70533.9304  28.6%   944 5899s
  4183  2519 68396.6596   23 7354 54847.2740 70531.6777  28.6%   946 5901s
  4186  2522 66269.7881   26 6706 54847.2740 70531.6777  28.6%   946 5905s
  4191  2527 64739.0290   31 5784 54847.2740 70531.6777  28.6%   947 5910s
  4197  2533 62475.1434   37 5185 54847.2740 70531.6777  28.6%   947 5915s
  4205  2541 58074.1330   45 3821 54847.2740 70531.6777  28.6%   947 5920s
  4211  2543 55341.8217   48 3341 54847.2740 70531.6777  28.6%   947 5927s
  4216  2544 55464.7647   49 3293 54847.2740 70531.6777  28.6%   947 5930s
  4223  2543 69666.8424   22 7767 54847.2740 70526.9523  28.6%   948 5943s
  4224  2544 69334.6879   23 7605 54847.2740 70526.9523  28.6%   948 5945s
  4226  2546 68420.3792   24 7244 54847.2740 70526.9523  28.6%   949 5951s
  4229  2549 67105.7594   26 6812 54847.2740 70526.9523  28.6%   950 5955s
  4233  2553 66374.4490   26 6746 54847.2740 70526.9523  28.6%   950 5961s
  4237  2557 65804.3360   29 6351 54847.2740 70526.9523  28.6%   950 5965s
  4240  2560 64631.3674   32 5886 54847.2740 70526.9523  28.6%   950 5970s
  4245  2565 64081.4848   32 5628 54847.2740 70526.9523  28.6%   950 5975s
  4248  2568 63705.8934   33 5472 54847.2740 70526.9523  28.6%   950 6021s
  4255  2575 62636.2890   39 4604 54847.2740 70526.9523  28.6%   950 6025s
  4265  2585 60571.9259   44 3419 54847.2740 70526.9523  28.6%   949 6033s
  4270  2590 59673.3063   47 3029 54847.2740 70526.9523  28.6%   949 6035s
  4285  2605 56441.2268   53 2159 54847.2740 70526.9523  28.6%   948 6040s
  4300  2610 69369.0819   22 7970 54847.2740 70523.8061  28.6%   947 6057s
  4301  2611 68415.1420   23 7473 54847.2740 70523.8061  28.6%   948 6061s
  4304  2614 66877.8472   26 6842 54847.2740 70523.8061  28.6%   949 6066s
  4307  2617 65749.3097   29 6460 54847.2740 70523.8061  28.6%   949 6070s
  4312  2622 63107.5229   34 5298 54847.2740 70523.8061  28.6%   949 6075s
  4320  2630 60381.0348   42 4317 54847.2740 70523.8061  28.6%   949 6080s
  4330  2640 56647.6998   52 2955 54847.2740 70523.8061  28.6%   948 6085s
  4343  2646 69235.7449   23 7244 54847.2740 70510.7926  28.6%   948 6103s
  4344  2647 68647.5529   24 6945 54847.2740 70510.7926  28.6%   948 6106s
  4346  2649 67958.5984   25 6738 54847.2740 70510.7926  28.6%   949 6110s
  4349  2652 66787.8706   26 6422 54847.2740 70510.7926  28.6%   950 6115s
  4352  2655 66345.5822   28 6073 54847.2740 70510.7926  28.6%   950 6120s
  4354  2657 66089.1287   29 5956 54847.2740 70510.7926  28.6%   951 6126s
  4358  2661 65674.5142   31 5640 54847.2740 70510.7926  28.6%   951 6130s
  4363  2666 63668.7015   33 5090 54847.2740 70510.7926  28.6%   951 6135s
  4370  2673 63618.7402   37 4825 54847.2740 70510.7926  28.6%   951 6140s
  4375  2678 62195.4502   39 4580 54847.2740 70510.7926  28.6%   952 6145s
  4381  2684 60858.9640   42 4248 54847.2740 70510.7926  28.6%   953 6153s
  4383  2686 59685.5406   43 4046 54847.2740 70510.7926  28.6%   953 6155s
  4393  2696 58135.7741   48 3043 54847.2740 70510.7926  28.6%   953 6160s
  4408  2711 56787.4601   56 1523 54847.2740 70510.7926  28.6%   953 6172s
  4422  2717 68823.2299   24 7164 54847.2740 70510.6058  28.6%   953 6181s
  4425  2720 67561.7582   27 6609 54847.2740 70510.6058  28.6%   953 6186s
  4428  2723 66147.7195   30 6133 54847.2740 70510.6058  28.6%   954 6190s
  4433  2728 64096.0781   35 5534 54847.2740 70510.6058  28.6%   954 6195s
  4440  2735 60557.4026   42 4421 54847.2740 70510.6058  28.6%   954 6200s
  4448  2743 57119.9275   50 3046 54847.2740 70510.6058  28.6%   955 6205s
  4459  2746 68929.0509   22 7566 54847.2740 70501.9686  28.5%   955 6214s
  4460  2747 68038.1528   23 7247 54847.2740 70501.9686  28.5%   955 6216s
  4463  2750 66070.5072   26 6633 54847.2740 70501.9686  28.5%   956 6220s
  4467  2754 63294.0382   30 5807 54847.2740 70501.9686  28.5%   956 6225s
  4472  2759 61728.0331   35 5140 54847.2740 70501.9686  28.5%   956 6230s
  4483  2770 56682.4388   46 3165 54847.2740 70501.9686  28.5%   956 6235s
  4491  2771 69150.4993   22 7459 54847.2740 70493.5281  28.5%   956 6250s
  4493  2773 67349.2695   24 6924 54847.2740 70493.5281  28.5%   957 6255s
  4497  2777 66017.5781   28 6324 54847.2740 70493.5281  28.5%   958 6260s
  4502  2782 64353.4939   33 5866 54847.2740 70493.5281  28.5%   958 6265s
  4510  2790 60269.0252   41 4369 54847.2740 70493.5281  28.5%   957 6270s
  4518  2798 57324.4062   49 3068 54847.2740 70493.5281  28.5%   958 6279s
  4519  2799 55283.0536   50 2892 54847.2740 70493.5281  28.5%   958 6280s
  4531  2800 69584.9868   22 7687 54847.2740 70476.3591  28.5%   957 6292s
  4533  2802 68391.2600   24 7204 54847.2740 70476.3591  28.5%   957 6295s
  4536  2805 66089.1773   27 6716 54847.2740 70476.3591  28.5%   958 6300s
  4539  2808 63867.4954   30 6415 54847.2740 70476.3591  28.5%   959 6306s
  4541  2810 61972.3703   32 6241 54847.2740 70476.3591  28.5%   959 6310s
  4545  2814 60705.5261   36 6026 54847.2740 70476.3591  28.5%   960 6317s
  4549  2818 60080.4377   40 5260 54847.2740 70476.3591  28.5%   960 6320s
  4558  2827 55756.0369   49 3635 54847.2740 70476.3591  28.5%   960 6325s
  4565  2826 69431.7211   22 7492 54847.2740 70459.2145  28.5%   960 6339s
  4566  2827 68698.7355   23 7284 54847.2740 70459.2145  28.5%   961 6342s
  4568  2829 67711.3407   25 6965 54847.2740 70459.2145  28.5%   961 6345s
  4572  2833 65292.8885   29 6306 54847.2740 70459.2145  28.5%   962 6357s
  4575  2836 64139.4576   32 5926 54847.2740 70459.2145  28.5%   962 6360s
  4579  2840 62034.4841   36 5502 54847.2740 70459.2145  28.5%   963 6365s
  4588  2849 57461.7253   45 3728 54847.2740 70459.2145  28.5%   963 6370s
  4599  2852 69640.1454   21 7784 54847.2740 70437.0931  28.4%   963 6384s
  4600  2853 68424.8730   22 7724 54847.2740 70437.0931  28.4%   964 6387s
  4602  2855 66860.9143   24 7105 54847.2740 70437.0931  28.4%   964 6391s
  4605  2858 65511.3959   27 6721 54847.2740 70437.0931  28.4%   964 6395s
  4609  2862 62415.8045   31 6077 54847.2740 70437.0931  28.4%   965 6400s
  4614  2867 60391.3293   36 5380 54847.2740 70437.0931  28.4%   965 6405s
  4620  2873 57933.7983   42 4745 54847.2740 70437.0931  28.4%   965 6410s
  4634  2882 55234.9046   52 2864 54847.2740 70437.0931  28.4%   964 6415s
H 4639  2879                    54847.277788 70437.0931  28.4%   963 6433s
  4640  2882 68211.1540   22 7806 54847.2778 70415.4386  28.4%   965 6436s
  4642  2884 66547.1305   24 7290 54847.2778 70415.4386  28.4%   966 6441s
  4645  2887 65231.7996   27 6958 54847.2778 70415.4386  28.4%   966 6445s
  4649  2891 63346.3712   31 6358 54847.2778 70415.4386  28.4%   967 6450s
  4653  2895 61460.4558   35 5961 54847.2778 70415.4386  28.4%   967 6455s
  4661  2903 57540.5994   43 4563 54847.2778 70415.4386  28.4%   968 6460s
  4666  2908 55836.3321   48 3686 54847.2778 70415.4386  28.4%   968 6467s
  4674  2908 69467.8948   21 8146 54847.2778 70411.6461  28.4%   968 6482s
  4676  2910 67732.1047   23 7565 54847.2778 70411.6461  28.4%   969 6487s
  4678  2912 65433.1622   25 6516 54847.2778 70411.6461  28.4%   969 6490s
  4683  2917 64085.6078   27 6246 54847.2778 70411.6461  28.4%   969 6495s
  4688  2922 61069.0518   29 5445 54847.2778 70411.6461  28.4%   970 6500s
  4696  2930 62036.6874   31 5264 54847.2778 70411.6461  28.4%   970 6505s
  4704  2938 58254.0053   33 4829 54847.2778 70411.6461  28.4%   969 6510s
  4709  2943 58221.8901   35 4783 54847.2778 70411.6461  28.4%   969 6515s
  4723  2951     cutoff   40      54847.2778 70411.6461  28.4%   968 6520s
  4725  2951 68532.7016   24 6918 54847.2778 70395.5425  28.3%   969 6527s
  4727  2953 67712.3127   25 6642 54847.2778 70395.5425  28.3%   970 6532s
  4730  2956 66960.5560   28 6265 54847.2778 70395.5425  28.3%   970 6535s
  4735  2961 66035.6808   33 5549 54847.2778 70395.5425  28.3%   971 6540s
  4740  2966 65443.2790   34 5374 54847.2778 70395.5425  28.3%   971 6545s
  4747  2973 64227.6871   37 4737 54847.2778 70395.5425  28.3%   971 6550s
  4753  2979 63088.7705   42 3868 54847.2778 70395.5425  28.3%   971 6555s
  4763  2989 62018.0020   45 3390 54847.2778 70395.5425  28.3%   970 6560s
  4765  2991 61250.7746   45 3376 54847.2778 70395.5425  28.3%   970 6579s
  4767  2993 60295.7375   47 3107 54847.2778 70395.5425  28.3%   970 6580s
  4777  3003 59295.5209   51 2448 54847.2778 70395.5425  28.3%   970 6585s
  4822  3048 55910.0128   86  814 54847.2778 70395.5425  28.3%   963 6590s
  4911  3088 69355.2314   21 7207 54847.2778 70394.0178  28.3%   948 6604s
  4912  3089 68905.2499   22 7066 54847.2778 70394.0178  28.3%   948 6606s
  4915  3092 66100.4739   25 6466 54847.2778 70394.0178  28.3%   948 6611s
  4918  3095 65329.1664   28 6096 54847.2778 70394.0178  28.3%   949 6615s
  4925  3102 62725.4191   35 4844 54847.2778 70394.0178  28.3%   948 6620s
  4936  3113 57295.7559   46 3130 54847.2778 70394.0178  28.3%   948 6625s
  4948  3118 69536.7936   22 7940 54847.2778 70393.1846  28.3%   948 6641s
  4951  3121 67567.8026   25 7240 54847.2778 70393.1846  28.3%   948 6646s
  4954  3124 65477.0692   28 6681 54847.2778 70393.1846  28.3%   949 6650s
  4959  3129 63931.9538   33 6059 54847.2778 70393.1846  28.3%   949 6655s
  4966  3136 60707.7097   40 5011 54847.2778 70393.1846  28.3%   949 6660s
  4974  3144 57245.3549   48 3320 54847.2778 70393.1846  28.3%   950 6665s
  4990  3144 69473.8683   21 8469 54847.2778 70391.5355  28.3%   949 6680s
  4993  3147 67477.5529   24 7515 54847.2778 70391.5355  28.3%   950 6685s
  4996  3150 65333.1037   27 6884 54847.2778 70391.5355  28.3%   950 6690s
  4999  3153 63688.5869   30 6329 54847.2778 70391.5355  28.3%   951 6695s
  5003  3157 61339.0395   34 5831 54847.2778 70391.5355  28.3%   952 6700s
  5011  3165 58674.4826   42 4337 54847.2778 70391.5355  28.3%   952 6705s
  5027  3171 69262.5721   22 7688 54847.2778 70329.2920  28.2%   952 6722s
  5028  3172 67706.1907   23 7764 54847.2778 70329.2920  28.2%   952 6725s
  5031  3175 66306.0586   26 7002 54847.2778 70329.2920  28.2%   952 6730s
  5035  3179 64824.8454   30 6375 54847.2778 70329.2920  28.2%   953 6735s
  5038  3182 63949.6952   33 6094 54847.2778 70329.2920  28.2%   953 6740s
  5044  3188 62098.0699   39 4938 54847.2778 70329.2920  28.2%   954 6745s
  5055  3199 55607.7176   50 2909 54847.2778 70329.2920  28.2%   953 6750s
  5067  3201 68758.3775   23 7392 54847.2778 70313.5912  28.2%   953 6756s
  5069  3203 67358.7627   25 6959 54847.2778 70313.5912  28.2%   953 6760s
  5073  3207 63450.0617   29 6167 54847.2778 70313.5912  28.2%   954 6765s
  5078  3212 60168.7736   34 5639 54847.2778 70313.5912  28.2%   954 6770s
  5086  3220 57638.8705   42 4380 54847.2778 70313.5912  28.2%   955 6775s
  5096  3222 68837.0775   23 7040 54847.2778 70255.2113  28.1%   955 6789s
  5097  3223 68275.1513   24 6990 54847.2778 70255.2113  28.1%   955 6791s
  5100  3226 66002.0624   27 6382 54847.2778 70255.2113  28.1%   956 6795s
  5104  3230 63158.3665   31 5779 54847.2778 70255.2113  28.1%   956 6800s
  5112  3238 60217.7567   39 4780 54847.2778 70255.2113  28.1%   956 6805s
  5122  3248 55222.9210   49 3122 54847.2778 70255.2113  28.1%   956 6810s
  5129  3245 69253.8072   21 7930 54847.2778 70227.1122  28.0%   956 6822s
  5132  3248 67829.5427   24 7372 54847.2778 70227.1122  28.0%   957 6826s
  5135  3251 65361.0296   27 6748 54847.2778 70227.1122  28.0%   957 6830s
  5140  3256 63573.4729   32 6125 54847.2778 70227.1122  28.0%   958 6835s
  5147  3263 60063.4539   39 4873 54847.2778 70227.1122  28.0%   958 6840s
  5151  3267 59162.4140   43 4239 54847.2778 70227.1122  28.0%   958 6845s
  5163  3271 56055.4008   48 3301 54847.2778 70227.1122  28.0%   957 6850s
  5171  3272 69802.8994   23 7480 54847.2778 70195.2898  28.0%   957 6862s
  5173  3274 67444.2547   25 7121 54847.2778 70195.2898  28.0%   958 6868s
  5175  3276 65618.3750   27 6966 54847.2778 70195.2898  28.0%   959 6870s
  5179  3280 63230.6104   31 6069 54847.2778 70195.2898  28.0%   959 6875s
  5185  3286 60206.4180   37 5545 54847.2778 70195.2898  28.0%   959 6880s
  5194  3295 55563.7198   46 3882 54847.2778 70195.2898  28.0%   960 6885s
H 5201  3294                    54847.339445 70195.2898  28.0%   959 6889s
  5205  3292     cutoff   47      54847.3394 70195.2898  28.0%   959 6890s
  5206  3293 68960.1963   21 6894 54847.3394 70171.4293  27.9%   960 6901s
  5209  3296 68117.3760   24 6303 54847.3394 70171.4293  27.9%   960 6905s
  5214  3301 65849.8432   29 6016 54847.3394 70171.4293  27.9%   960 6910s
  5222  3309 63503.1517   37 4845 54847.3394 70171.4293  27.9%   959 6915s
  5231  3318 59590.6434   46 3543 54847.3394 70171.4293  27.9%   959 6920s
H 5232  3317                    54847.435406 70171.4293  27.9%   959 6923s
  5236  3323 55308.8325   51 2494 54847.4354 70171.4293  27.9%   960 6925s
  5243  3322 68747.7572   23 7465 54847.4354 70117.9827  27.8%   960 6938s
  5244  3323 68223.2848   24 7329 54847.4354 70117.9827  27.8%   960 6940s
  5246  3325 67461.8335   25 6989 54847.4354 70117.9827  27.8%   961 6945s
  5249  3328 66340.8590   26 6830 54847.4354 70117.9827  27.8%   961 6950s
  5253  3332 64587.6265   28 6201 54847.4354 70117.9827  27.8%   962 6955s
  5258  3337 63878.2894   31 5654 54847.4354 70117.9827  27.8%   963 6960s
H 5259  3336                    54847.456819 70117.9827  27.8%   962 6965s
  5266  3345 62534.4340   35 5322 54847.4568 70117.9827  27.8%   963 6970s
  5275  3354 60795.4614   39 4367 54847.4568 70117.9827  27.8%   963 6975s
  5285  3364 57368.6216   44 3003 54847.4568 70117.9827  27.8%   963 6980s
  5302  3379 55964.8783   53 2371 54847.4568 70117.9827  27.8%   962 6985s
  5314  3376 67992.5662   23 7482 54847.4568 70068.4684  27.8%   962 6992s
  5316  3378 66147.6750   25 7015 54847.4568 70068.4684  27.8%   962 6995s
H 5319  3379                    54847.458730 70068.4684  27.8%   962 6999s
  5320  3382 64735.8970   28 6728 54847.4587 70068.4684  27.8%   962 7000s
  5325  3387 63099.7750   32 6059 54847.4587 70068.4684  27.8%   963 7005s
  5331  3393 61651.2162   35 5697 54847.4587 70068.4684  27.8%   963 7010s
  5340  3402 60117.6931   42 4631 54847.4587 70068.4684  27.8%   963 7015s
  5347  3409 59249.1390   44 4299 54847.4587 70068.4684  27.8%   963 7020s
  5358  3420 57550.0214   48 3386 54847.4587 70068.4684  27.8%   963 7025s
H 5373  3426                    54876.031552 70068.4684  27.7%   962 7031s
  5377  3426 68991.5811   22 7331 54876.0316 70028.7745  27.6%   962 7041s
  5380  3429 65590.9898   25 6149 54876.0316 70028.7745  27.6%   963 7045s
  5384  3433 66226.9079   25 6509 54876.0316 70028.7745  27.6%   963 7050s
  5388  3437 65020.3267   27 5882 54876.0316 70028.7745  27.6%   963 7055s
  5394  3443 62753.6274   31 5125 54876.0316 70028.7745  27.6%   963 7060s
H 5400  3447                    54876.031934 70028.7745  27.6%   963 7064s
  5401  3450 60747.0315   36 4537 54876.0319 70028.7745  27.6%   963 7065s
  5412  3461 56222.6631   39 3869 54876.0319 70028.7745  27.6%   963 7070s
  5423  3470 55114.4146   46 3233 54876.0319 70028.7745  27.6%   963 7075s
H 5428  3467                    54883.674916 70028.7745  27.6%   962 7079s
  5433  3469 54945.3986   48 2855 54883.6749 70028.7745  27.6%   962 7080s
  5451  3468 68364.4052   23 8201 54883.6749 70024.1346  27.6%   961 7095s
  5454  3471 65823.6763   26 7102 54883.6749 70024.1346  27.6%   962 7101s
  5457  3474 64342.4889   29 6532 54883.6749 70024.1346  27.6%   962 7106s
  5461  3478 61867.8767   33 6068 54883.6749 70024.1346  27.6%   963 7114s
  5462  3479 60775.5677   34 5770 54883.6749 70024.1346  27.6%   963 7115s
  5469  3486 58218.3823   41 4722 54883.6749 70024.1346  27.6%   963 7120s
  5485  3492 68821.2937   24 6676 54883.6749 69976.0601  27.5%   964 7137s
  5487  3494 66969.5162   26 6277 54883.6749 69976.0601  27.5%   964 7141s
  5491  3498 63872.4110   30 5578 54883.6749 69976.0601  27.5%   964 7145s
  5496  3503 61495.1880   35 5208 54883.6749 69976.0601  27.5%   965 7150s
  5506  3513 57131.6080   45 3502 54883.6749 69976.0601  27.5%   965 7155s
H 5522  3513                    54884.763577 69976.0601  27.5%   964 7177s
  5523  3516 67940.8003   22 6808 54884.7636 69953.3941  27.5%   965 7180s
  5528  3521 64262.4360   27 6094 54884.7636 69953.3941  27.5%   965 7186s
  5532  3525 62353.5804   31 5401 54884.7636 69953.3941  27.5%   966 7190s
  5539  3532 60119.8934   38 4287 54884.7636 69953.3941  27.5%   965 7195s

Cutting planes:
  Lift-and-project: 31
  Cover: 113
  Implied bound: 117
  Projected implied bound: 14
  Clique: 3
  MIR: 120
  StrongCG: 3
  Flow cover: 314
  Inf proof: 23
  Zero half: 1289
  RLT: 4564
  Relax-and-lift: 56
  BQP: 125

Explored 5557 nodes (5458561 simplex iterations) in 7200.00 seconds (9245.34 work units)
Thread count was 1 (of 52 available processors)

Solution count 10: 54884.8 54883.7 54876 ... 54847.3

Time limit reached
Best objective 5.488476357676e+04, best bound 6.995339413159e+04, gap 27.4550%

User-callback calls 766276, time in user-callback 0.91 sec
Setting Gurobi: Solving MILP formulation (H.6) of the CFLPJLCR by the B&C algorithm of Gurobi.


Total CPU time: 7200.00 sec
Termination status: TIME_LIMIT
Percentage optimality gap: 21.54 %
Number of explored nodes: 5557
Objective value of the returned solution: 54884.763577
Optimal facility locations: [2, 4, 5, 9, 12, 19, 29, 31, 32, 33, 44]

@end of file
