Setting iB&C+LSI: Solve the CFLPJLCR by the iterative approach in Algorithm 1 in Appendix H of the online supplement, in which the CFLPLCR subproblems are solved by the proposed B&C algorithm based on the lifted submodular inequalities.

Iter     Best Incumbent        IterObj      Time      GammaChgs
1             62100.028      62100.028      0.50             31
2             62100.028      61141.329      0.69             18
3             62100.028      62100.028      0.94             18
4             62100.028      61141.329      1.14             18
5             62100.028      62100.028      1.40             18
6             62100.028      61141.329      1.58             18
7             62100.028      62100.028      1.83             18
8             62100.028      61141.329      2.00             18
9             62100.028      62100.028      2.26             18
10            62100.028      61141.329      2.45             18
11            62100.028      62100.028      2.70             18
12            62100.028      61141.329      2.88             18
13            62100.028      62100.028      3.14             18
14            62100.028      61141.329      3.32             18
15            62100.028      62100.028      3.58             18
16            62100.028      61141.329      3.76             18
17            62100.028      62100.028      4.00             18
18            62100.028      61141.329      4.18             18
19            62100.028      62100.028      4.44             18
20            62100.028      61141.329      4.62             18
21            62100.028      62100.028      4.90             18
22            62100.028      61141.329      5.08             18
23            62100.028      62100.028      5.33             18
24            62100.028      61141.329      5.51             18
25            62100.028      62100.028      5.76             18
26            62100.028      61141.329      5.94             18
27            62100.028      62100.028      6.19             18
28            62100.028      61141.329      6.37             18
29            62100.028      62100.028      6.62             18
30            62100.028      61141.329      6.79             18
31            62100.028      62100.028      7.05             18
32            62100.028      61141.329      7.26             18
33            62100.028      62100.028      7.51             18
34            62100.028      61141.329      7.69             18
35            62100.028      62100.028      7.94             18
36            62100.028      61141.329      8.12             18
37            62100.028      62100.028      8.37             18
38            62100.028      61141.329      8.55             18
39            62100.028      62100.028      8.80             18
40            62100.028      61141.329      8.98             18
41            62100.028      62100.028      9.22             18
42            62100.028      61141.329      9.40             18
43            62100.028      62100.028      9.65             18
44            62100.028      61141.329      9.85             18
45            62100.028      62100.028     10.10             18
46            62100.028      61141.329     10.28             18
47            62100.028      62100.028     10.53             18
48            62100.028      61141.329     10.73             18
49            62100.028      62100.028     10.99             18
50            62100.028      61141.329     11.17             18
51            62100.028      62100.028     11.42             18

Total CPU time: 11.42 sec
Number of iteration: 51
Termination status: Max Iter

@end of file
