Gurobi Optimizer version 11.0.1 build v11.0.1rc0 (linux64 - "CentOS Linux 7 (Core)")

CPU model: Intel(R) Xeon(R) Gold 6230R CPU @ 2.10GHz, instruction set [SSE2|AVX|AVX2|AVX512]
Thread count: 52 physical cores, 52 logical processors, using up to 1 threads

Optimize a model with 71943 rows, 22450 columns and 217286 nonzeros
Model fingerprint: 0xdc91c37a
Variable types: 11200 continuous, 11250 integer (11250 binary)
Coefficient statistics:
  Matrix range     [5e-07, 5e+01]
  Objective range  [2e+01, 2e+03]
  Bounds range     [1e+00, 1e+00]
  RHS range        [1e+00, 6e+00]
Found heuristic solution: objective -0.0000000
Presolve added 0 rows and 75 columns
Presolve removed 18423 rows and 0 columns
Presolve time: 1.84s
Presolved: 53520 rows, 22525 columns, 156996 nonzeros
Variable types: 11166 continuous, 11359 integer (11216 binary)
Root relaxation presolved: 53378 rows, 22383 columns, 156712 nonzeros


Root simplex log...

Iteration    Objective       Primal Inf.    Dual Inf.      Time
   19991    8.7053574e+04   3.570304e+03   0.000000e+00      5s
   27626    8.5732388e+04   1.857379e+03   0.000000e+00     10s
   33346    8.5251910e+04   6.126181e+03   0.000000e+00     15s
   38851    8.5018443e+04   2.049279e+02   0.000000e+00     20s
   39458    8.5015087e+04   0.000000e+00   0.000000e+00     21s
   39458    8.5015087e+04   0.000000e+00   0.000000e+00     21s

Root relaxation: objective 8.501509e+04, 39458 iterations, 18.61 seconds (18.94 work units)
Total elapsed time = 25.03s (DegenMoves)
Total elapsed time = 30.14s (DegenMoves)

    Nodes    |    Current Node    |     Objective Bounds      |     Work
 Expl Unexpl |  Obj  Depth IntInf | Incumbent    BestBd   Gap | It/Node Time

     0     0 84822.7312    0 11209   -0.00000 84822.7312      -     -   31s
H    0     0                    14600.166632 84822.7312   481%     -   33s
H    0     0                    15195.946652 84822.7312   458%     -   33s
     0     0 82389.9016    0 10456 15195.9467 82389.9016   442%     -   79s
     0     0 82373.6692    0 10461 15195.9467 82373.6692   442%     -   84s
     0     0 82287.2489    0 10492 15195.9467 82287.2489   442%     -   90s
     0     0 79013.9702    0 10313 15195.9467 79013.9702   420%     -   96s
H    0     0                    24052.580661 79013.9702   229%     -   96s
H    0     0                    24328.069905 79013.9702   225%     -   98s
H    0     0                    25685.346012 79013.9702   208%     -  100s
     0     0 78158.4043    0 9885 25685.3460 78158.4043   204%     -  103s
     0     0 78158.4043    0 10817 25685.3460 78158.4043   204%     -  127s
H    0     0                    25750.422607 78158.4043   204%     -  127s
     0     0 78158.4043    0 8918 25750.4226 78158.4043   204%     -  158s
     0     0 78158.4043    0 8920 25750.4226 78158.4043   204%     -  160s
     0     0 78158.4043    0 8923 25750.4226 78158.4043   204%     -  162s
     0     0 78158.4043    0 8789 25750.4226 78158.4043   204%     -  162s
H    0     0                    27731.303881 78158.4043   182%     -  164s
     0     0 77284.3728    0 8415 27731.3039 77284.3728   179%     -  168s
     0     0 77283.4488    0 8396 27731.3039 77283.4488   179%     -  168s
     0     0 76610.9218    0 8291 27731.3039 76610.9218   176%     -  197s
H    0     0                    35682.303593 76544.5305   115%     -  200s
     0     0 76415.4479    0 8228 35682.3036 76415.4479   114%     -  202s
     0     0 76412.6102    0 8233 35682.3036 76412.6102   114%     -  203s
     0     0 76024.2530    0 8047 35682.3036 76024.2530   113%     -  227s
H    0     0                    36561.680717 75920.3339   108%     -  230s
     0     0 75920.3339    0 8029 36561.6807 75920.3339   108%     -  231s
     0     0 75920.3339    0 8030 36561.6807 75920.3339   108%     -  231s
     0     0 75920.3339    0 8125 36561.6807 75920.3339   108%     -  258s
H    0     0                    42080.952127 75920.3339  80.4%     -  261s
     0     0 75920.3339    0 8122 42080.9521 75920.3339  80.4%     -  261s
     0     0 75920.3339    0 8122 42080.9521 75920.3339  80.4%     -  262s
     0     0 75920.3339    0 8105 42080.9521 75920.3339  80.4%     -  285s
H    0     0                    42171.194830 75920.3339  80.0%     -  288s
     0     0 75920.3339    0 8091 42171.1948 75920.3339  80.0%     -  289s
     0     0 75920.3339    0 8061 42171.1948 75920.3339  80.0%     -  310s
     0     0 75908.9139    0 8061 42171.1948 75908.9139  80.0%     -  321s
H    0     0                    44525.590095 75908.9139  70.5%     -  349s
H    0     0                    44573.712148 75908.9139  70.3%     -  351s
     0     2 75813.9229    0 8061 44573.7121 75813.9229  70.1%     -  351s
     1     3 75057.5221    1 7932 44573.7121 75807.4188  70.1%  4634  355s
     4     6 74932.3449    3 7912 44573.7121 75570.9574  69.5%  2241  360s
     6     8 74545.9769    4 7820 44573.7121 75570.9574  69.5%  2302  365s
     8    10 73624.9355    5 7677 44573.7121 75570.9574  69.5%  2164  370s
     9    11 72982.0670    6 7596 44573.7121 75570.9574  69.5%  2450  375s
    11    13 71747.1244    7 7392 44573.7121 75570.9574  69.5%  2673  386s
    13    15 72021.1531    8 7379 44573.7121 75570.9574  69.5%  2525  390s
    16    18 71145.0349    9 7243 44573.7121 75570.9574  69.5%  2400  396s
    21    23 70255.1190   13 6931 44573.7121 75570.9574  69.5%  2025  401s
    23    25 69726.1370   14 6868 44573.7121 75570.9574  69.5%  2034  405s
H   26    26                    44665.209488 75570.9574  69.2%  1898  410s
    31    33 67176.1390   18 5831 44665.2095 75570.9574  69.2%  1890  415s
    38    40 67576.8727   21 5849 44665.2095 75570.9574  69.2%  1721  420s
    44    46 66777.5093   24 5359 44665.2095 75570.9574  69.2%  1642  425s
    52    54 64526.4963   28 4830 44665.2095 75570.9574  69.2%  1547  430s
    62    64 61398.8036   33 4172 44665.2095 75570.9574  69.2%  1461  435s
    75    76 58284.9753   40 2939 44665.2095 75570.9574  69.2%  1365  440s
H   78    77                    50390.879903 75570.9574  50.0%  1335  442s
   101    95 56852.2405   58 2446 50390.8799 75570.9574  50.0%  1094  445s
H  104    94                    50631.139224 75570.9574  49.3%  1067  446s
H  130   112                    50725.330949 75570.9574  49.0%   873  448s
   155   128 54859.8501  100 1940 50725.3309 75570.9574  49.0%   746  450s
   197   157 53432.6990  130 1664 50725.3309 75570.9574  49.0%   630  455s
H  208   164                    50725.336023 75570.9574  49.0%   598  456s
   262   203 53318.3570  181 1604 50725.3360 75570.9574  49.0%   492  460s
   411   319 50847.9115  313  997 50725.3360 75570.9574  49.0%   327  465s
   426   320 74249.7034    2 7868 50725.3360 75039.1861  47.9%   322  475s
H  429   296                    50985.848600 75039.1861  47.2%   330  488s
   430   299 71330.8632    5 7255 50985.8486 75039.1861  47.2%   339  490s
   434   303 69958.3359    7 6763 50985.8486 75039.1861  47.2%   351  496s
   436   305 69378.8836    8 6616 50985.8486 75039.1861  47.2%   359  500s
   440   309 67597.4175   11 6245 50985.8486 75039.1861  47.2%   368  505s
   452   321 67327.3785   22 6001 50985.8486 75039.1861  47.2%   370  510s
H  453   248                    52710.315897 75039.1861  42.4%   369  512s
   457   254 65688.3968   26 5426 52710.3159 75039.1861  42.4%   374  515s
   467   264 65149.3264   34 4592 52710.3159 75039.1861  42.4%   381  520s
   473   270 64070.3398   38 4006 52710.3159 75039.1861  42.4%   389  525s
H  480   272                    53048.771205 75039.1861  41.5%   397  530s
H  507   296                    53055.377296 75039.1861  41.4%   392  535s
H  534   268                    53401.605589 75039.1861  40.5%   378  538s
H  561   281                    53520.188144 75039.1861  40.2%   363  541s
H  588   293                    53524.128294 75039.1861  40.2%   346  543s
   608   306 54184.4547  131 9885 53524.1283 75039.1861  40.2%   335  611s
   610   307 54493.7361  115 10623 53524.1283 75039.1861  40.2%   334  675s
   611   308 65929.0285   26 9147 53524.1283 75039.1861  40.2%   334  724s
   612   309 61899.6744   41 8268 53524.1283 75039.1861  40.2%   333  732s
   613   309 74511.9862    4 8073 53524.1283 75039.1861  40.2%   333  739s
   614   310 54257.7996  117 8132 53524.1283 75039.1861  40.2%   332  741s
   619   313 67252.5997   20 8138 53524.1283 75039.1861  40.2%   330  776s
H  619   297                    53660.409643 75039.1861  39.8%   330  811s
   622   299 53761.5394  156 8009 53660.4096 75039.1861  39.8%   328  839s
   623   300 69679.6910   14 7990 53660.4096 75039.1861  39.8%   327  878s
   624   301 54528.2364   99 7977 53660.4096 75039.1861  39.8%   327  880s
   628   303 57605.2860   63 8033 53660.4096 75039.1861  39.8%   325  909s
H  628   287                    53709.302869 75039.1861  39.7%   325  946s
   632   290 66965.7190   25 7914 53709.3029 75039.1861  39.7%   323  950s
   633   291 55025.9453   87 7910 53709.3029 75039.1861  39.7%   322  976s
   634   291 53813.5659  145 7844 53709.3029 75039.1861  39.7%   322 1002s
   636   293 53709.3029  157 8059 53709.3029 75039.1861  39.7%   321 1018s
H  636   278                    53800.794853 75039.1861  39.5%   321 1043s
   638   279 54088.2825  102 8055 53800.7949 75039.1861  39.5%   320 1045s
   643   282 53800.7949  151 8074 53800.7949 75039.1861  39.5%   317 1068s
   644   283 69378.1216    9 8025 53800.7949 75039.1861  39.5%   317 1095s
   647   285 54910.8022  102 8038 53800.7949 75039.1861  39.5%   315 1113s
H  647   270                    53801.848346 75039.1861  39.5%   315 1149s
   649   271 69194.6750   15 7843 53801.8483 75039.1861  39.5%   314 1151s
   652   273 57166.0877   48 8037 53801.8483 75039.1861  39.5%   313 1174s
   653   274 54184.4547  131 7888 53801.8483 75039.1861  39.5%   312 1206s
   656   276 61895.4344   48 7748 53801.8483 75039.1861  39.5%   311 1211s
   657   277 61369.0223   34 7932 53801.8483 75039.1861  39.5%   310 1232s
   658   277 57096.8893   43 7884 53801.8483 75039.1861  39.5%   310 1263s
   659   278 72977.8944    7 7748 53801.8483 75039.1861  39.5%   310 1266s
   661   279 56330.6924   59 7738 53801.8483 75039.1861  39.5%   309 1286s
H  661   264                    53840.235144 75039.1861  39.4%   309 1321s
   664   266 54910.8022  102 7732 53840.2351 75039.1861  39.4%   307 1325s
   667   268 67797.1772   19 7752 53840.2351 75039.1861  39.4%   306 1330s
   668   269 56286.4772   72 7758 53840.2351 75039.1861  39.4%   305 1349s
   669   270 56780.0458   62 8067 53840.2351 75039.1861  39.4%   305 1381s
   670   270 56270.7889   69 7885 53840.2351 75039.1861  39.4%   304 1386s
   672   272 64518.8777   29 8085 53840.2351 75039.1861  39.4%   304 1410s
H  672   258                    53902.427182 75039.1861  39.2%   304 1434s
   674   259 67280.4958   23 7707 53902.4272 75039.1861  39.2%   303 1456s
   675   260 57508.6658   68 7870 53902.4272 75039.1861  39.2%   302 1472s
   677   261 69194.6750   15 8096 53902.4272 75039.1861  39.2%   301 1490s
   678   262 54898.0474   91 8036 53902.4272 75039.1861  39.2%   301 1539s
   679   262 67829.1279   13 8036 53902.4272 75039.1861  39.2%   300 1608s
H  679   247                    54034.927167 75039.1861  38.9%   300 1720s
   681   251 74453.8039   15 7610 54034.9272 75039.1861  38.9%   542 1751s
   682   251 74131.1961   15 7703 54034.9272 74451.1923  37.8%   603 1842s
   683   252 74112.6374   16 7615 54034.9272 74450.4688  37.8%   608 1854s
   684   253 73555.4499   16 7483 54034.9272 74131.1088  37.2%   620 1873s
   685   253 72374.4299   17 7353 54034.9272 74131.1088  37.2%   638 1903s
   686   254 72597.6069   17 7300 54034.9272 74131.1088  37.2%   652 1922s
   687   255 72395.8507   18 7224 54034.9272 74131.1088  37.2%   654 1926s
   688   255 71275.3817   18 6881 54034.9272 74131.1088  37.2%   665 1941s
   690   257 71382.3410   19 7056 54034.9272 74131.1088  37.2%   672 1950s
   692   258 70373.1460   20 6593 54034.9272 74131.1088  37.2%   676 1955s
   693   259 70784.1667   21 6560 54034.9272 74131.1088  37.2%   680 1960s
   695   260 70221.2319   22 6987 54034.9272 74131.1088  37.2%   685 1969s
   696   261 69659.0628   22 6433 54034.9272 74131.1088  37.2%   688 1973s
   697   261 69211.3780   23 6224 54034.9272 74131.1088  37.2%   692 1977s
   698   262 68917.8035   23 6650 54034.9272 74131.1088  37.2%   695 1984s
   699   263 68803.6082   24 6104 54034.9272 74131.1088  37.2%   696 1985s
   702   265 67431.5103   25 6107 54034.9272 74131.1088  37.2%   699 1991s
   706   267 67007.3052   27 5727 54034.9272 74131.1088  37.2%   702 1996s
   708   269 66733.4628   28 5592 54034.9272 74131.1088  37.2%   706 2000s
   712   271 66046.6315   30 5427 54034.9272 74131.1088  37.2%   709 2005s
   717   275 66260.5382   33 5278 54034.9272 74131.1088  37.2%   713 2010s
   721   277 65623.0257   35 4938 54034.9272 74131.1088  37.2%   718 2015s
   727   281 64860.5841   38 4556 54034.9272 74131.1088  37.2%   722 2020s
   733   285 63706.0879   41 4237 54034.9272 74131.1088  37.2%   727 2025s
   738   289 60737.5390   43 3416 54034.9272 74131.1088  37.2%   734 2030s
   745   293 60813.4154   47 3316 54034.9272 74131.1088  37.2%   738 2036s
   754   299 58164.1132   51 2565 54034.9272 74131.1088  37.2%   738 2040s
   781   305 54451.7392   65 1050 54034.9272 74131.1088  37.2%   723 2045s
H  792   285                    54094.245401 74131.1088  37.0%   714 2151s
   793   287 72562.5654   17 7298 54094.2454 74130.7145  37.0%   729 2161s
   794   288 72009.1970   17 7378 54094.2454 74130.7145  37.0%   741 2176s
   795   289 71727.8197   18 7180 54094.2454 74130.7145  37.0%   746 2183s
   796   289 71552.3551   18 7166 54094.2454 74130.7145  37.0%   751 2191s
   797   290 71029.6378   19 7175 54094.2454 74130.7145  37.0%   756 2197s
   798   291 70915.7142   19 7161 54094.2454 74130.7145  37.0%   761 2204s
   799   291 70655.2259   20 7070 54094.2454 74130.7145  37.0%   763 2207s
   800   292 69758.1246   20 6862 54094.2454 74130.7145  37.0%   766 2213s
   801   293 70182.8297   21 6955 54094.2454 74130.7145  37.0%   769 2216s
   802   293 69432.2270   21 6772 54094.2454 74130.7145  37.0%   771 2220s
   804   295 68868.2611   22 6744 54094.2454 74130.7145  37.0%   774 2225s
   805   295 68427.3981   23 6649 54094.2454 74130.7145  37.0%   778 2231s
   806   296 68922.6492   23 6581 54094.2454 74130.7145  37.0%   781 2235s
   808   297 67778.9003   24 6107 54094.2454 74130.7145  37.0%   787 2243s
   809   298 67589.2313   25 5967 54094.2454 74130.7145  37.0%   787 2245s
   811   299 67340.8458   26 5867 54094.2454 74130.7145  37.0%   790 2250s
   814   301 66376.2016   27 5659 54094.2454 74130.7145  37.0%   792 2255s
   817   303 65867.8811   29 5534 54094.2454 74130.7145  37.0%   795 2260s
   821   306 65345.9331   31 5221 54094.2454 74130.7145  37.0%   798 2266s
   824   308 64354.0610   32 4996 54094.2454 74130.7145  37.0%   800 2270s
   829   311 64672.2816   35 4601 54094.2454 74130.7145  37.0%   801 2275s
   833   314 64036.2457   37 4441 54094.2454 74130.7145  37.0%   805 2280s
   839   318 62869.1617   40 3942 54094.2454 74130.7145  37.0%   808 2285s
   845   322 61262.9416   43 3430 54094.2454 74130.7145  37.0%   809 2290s
   853   327 59460.5459   47 2847 54094.2454 74130.7145  37.0%   809 2295s
   863   334 56752.0727   52 1890 54094.2454 74130.7145  37.0%   809 2300s
   890   337 73204.3649   16 7437 54094.2454 74112.5431  37.0%   802 2390s
   891   338 72335.4986   17 7264 54094.2454 74112.5431  37.0%   807 2398s
   892   338 71840.0893   17 7242 54094.2454 74112.5431  37.0%   814 2409s
   893   339 71513.1655   18 7159 54094.2454 74112.5431  37.0%   816 2412s
   894   340 71320.8085   18 7131 54094.2454 74112.5431  37.0%   819 2418s
   895   340 70997.7986   19 6979 54094.2454 74112.5431  37.0%   820 2424s
   896   341 70444.7763   19 6951 54094.2454 74112.5431  37.0%   823 2432s
   897   342 70241.2599   20 6753 54094.2454 74112.5431  37.0%   824 2435s
   898   342 69200.6858   20 6451 54094.2454 74112.5431  37.0%   826 2441s
   899   343 69364.2075   21 6738 54094.2454 74112.5431  37.0%   827 2445s
   901   344 68568.2358   22 6090 54094.2454 74112.5431  37.0%   829 2453s
   902   345 68160.9609   22 6015 54094.2454 74112.5431  37.0%   830 2458s
   903   346 67757.1576   23 5861 54094.2454 74112.5431  37.0%   831 2461s
   905   347 67633.7740   24 5878 54094.2454 74112.5431  37.0%   831 2466s
   907   348 67246.5701   25 5770 54094.2454 74112.5431  37.0%   831 2470s
   909   350 66537.7310   26 5646 54094.2454 74112.5431  37.0%   834 2566s
   911   351 66281.7093   27 5381 54094.2454 74112.5431  37.0%   834 2571s
   913   352 66026.1522   28 5460 54094.2454 74112.5431  37.0%   835 2575s
   916   354 65017.7582   29 5065 54094.2454 74112.5431  37.0%   836 2580s
   920   357 64474.9022   31 4972 54094.2454 74112.5431  37.0%   837 2585s
   923   359 64800.0324   33 5062 54094.2454 74112.5431  37.0%   838 2590s
   926   361 63648.2496   34 4857 54094.2454 74112.5431  37.0%   840 2595s
   931   364 62668.1176   37 4384 54094.2454 74112.5431  37.0%   839 2600s
   937   368 61920.6973   40 3961 54094.2454 74112.5431  37.0%   838 2605s
   943   372 60438.6709   43 3675 54094.2454 74112.5431  37.0%   839 2610s
   948   376 58084.7849   45 3286 54094.2454 74112.5431  37.0%   842 2616s
   952   378 57415.7547   47 3116 54094.2454 74112.5431  37.0%   842 2620s
   958   382 56505.6237   50 2579 54094.2454 74112.5431  37.0%   842 2625s
   969   388 55237.8318   56 1553 54094.2454 74112.5431  37.0%   840 2630s
H  997   363                    54122.280639 74112.5431  36.9%   821 2715s
   998   366 72228.2646   18 7185 54122.2806 74112.3570  36.9%   832 2721s
   999   367 71813.8252   18 7143 54122.2806 74112.3570  36.9%   835 2726s
  1000   367 70987.8484   19 7049 54122.2806 74112.3570  36.9%   837 2730s
  1001   368 70823.3414   19 7029 54122.2806 74112.3570  36.9%   840 2735s
  1003   369 69964.8337   20 6529 54122.2806 74112.3570  36.9%   843 2743s
  1004   370 69520.0354   21 6433 54122.2806 74112.3570  36.9%   844 2745s
  1007   372 68338.7347   22 6123 54122.2806 74112.3570  36.9%   846 2753s
  1008   373 68836.3232   23 6253 54122.2806 74112.3570  36.9%   848 2755s
  1011   375 67868.1151   24 6104 54122.2806 74112.3570  36.9%   850 2762s
  1014   377 67369.2376   26 5931 54122.2806 74112.3570  36.9%   850 2766s
  1016   378 66640.0338   27 5849 54122.2806 74112.3570  36.9%   852 2770s
  1019   380 65680.6029   28 5615 54122.2806 74112.3570  36.9%   854 2775s
  1023   383 64986.2166   30 5571 54122.2806 74112.3570  36.9%   856 2781s
  1026   385 65264.4563   32 5485 54122.2806 74112.3570  36.9%   858 2785s
  1030   387 64670.1964   34 5400 54122.2806 74112.3570  36.9%   859 2790s
  1033   389 63556.6063   35 4875 54122.2806 74112.3570  36.9%   861 2795s
  1037   392 62494.5296   37 4723 54122.2806 74112.3570  36.9%   862 2800s
  1041   395 63029.9807   39 4525 54122.2806 74112.3570  36.9%   863 2805s
  1047   399 61368.9403   42 4221 54122.2806 74112.3570  36.9%   864 2810s
  1055   404 59083.6410   46 3547 54122.2806 74112.3570  36.9%   865 2815s
  1064   410 58073.1724   51 2430 54122.2806 74112.3570  36.9%   863 2820s
  1078   419 55802.3703   58 1182 54122.2806 74112.3570  36.9%   861 2825s
  1122   423 73181.9773   17 7310 54122.2806 73181.9773  35.2%   838 2905s
  1123   423 72747.3418   18 7090 54122.2806 73178.0288  35.2%   839 2910s
  1125   425 71587.3340   19 6794 54122.2806 72745.0189  34.4%   843 2917s
  1126   425 70905.5921   19 6613 54122.2806 72745.0189  34.4%   844 2922s
  1128   427 69860.1507   20 6333 54122.2806 72745.0189  34.4%   847 2929s
  1130   428 68455.9822   21 6180 54122.2806 72745.0189  34.4%   848 2932s
  1132   429 68657.8501   22 5795 54122.2806 72745.0189  34.4%   849 2936s
  1134   431 68607.8574   23 5869 54122.2806 72745.0189  34.4%   849 2940s
  1138   433 67253.2236   25 5578 54122.2806 72745.0189  34.4%   850 2945s
  1142   436 66163.3789   27 5068 54122.2806 72745.0189  34.4%   852 2950s
  1146   439 65721.6566   29 5563 54122.2806 72745.0189  34.4%   853 2955s
H 1148   425                    54125.878430 72745.0189  34.4%   852 2961s
H 1149   415                    54125.918796 72745.0189  34.4%   852 2966s
  1153   419 65466.6564   33 4943 54125.9188 72745.0189  34.4%   854 2970s
  1159   423 64470.0288   36 4518 54125.9188 72745.0189  34.4%   855 2975s
  1165   427 63657.5629   39 4118 54125.9188 72745.0189  34.4%   855 2980s
  1172   432 61641.6818   42 3794 54125.9188 72745.0189  34.4%   856 2985s
H 1174   420                    54131.667329 72745.0189  34.4%   856 2989s
  1175   423 60416.6899   44 3409 54131.6673 72745.0189  34.4%   856 2990s
H 1176   411                    54132.015522 72745.0189  34.4%   856 2994s
  1178   414 59087.9388   45 3223 54132.0155 72745.0189  34.4%   857 2995s
  1187   420 57954.5606   50 2587 54132.0155 72745.0189  34.4%   857 3000s
H 1200   422                    54172.979143 72745.0189  34.3%   854 3008s
H 1203   425                    54173.348909 72745.0189  34.3%   854 3012s
H 1227   430                    54224.081639 72745.0189  34.2%   840 3017s
H 1231   430                    54224.082099 72745.0189  34.2%   838 3020s
H 1253   444                    54224.084064 72745.0189  34.2%   823 3026s
H 1258   445                    54224.084134 72745.0189  34.2%   820 3031s
  1267   446 71898.7076   19 6803 54224.0841 72742.4480  34.2%   817 3045s
  1268   447 71186.3670   20 6511 54224.0841 72742.4480  34.2%   818 3050s
  1270   449 69788.6009   21 6133 54224.0841 72742.4480  34.2%   821 3056s
  1272   451 69434.4770   22 6022 54224.0841 72742.4480  34.2%   822 3060s
  1275   454 68011.2880   23 5838 54224.0841 72742.4480  34.2%   823 3065s
  1278   457 68170.7640   25 5744 54224.0841 72742.4480  34.2%   824 3070s
  1279   458 67980.9893   25 5589 54224.0841 72742.4480  34.2%   824 3076s
  1282   461 67248.3566   27 5575 54224.0841 72742.4480  34.2%   824 3080s
H 1285   462                    54233.517125 72742.4480  34.1%   823 3086s
  1288   467 66389.5569   30 5263 54233.5171 72742.4480  34.1%   825 3091s
  1292   471 65865.7661   32 5052 54233.5171 72742.4480  34.1%   827 3095s
  1297   476 64466.0123   34 4829 54233.5171 72742.4480  34.1%   829 3100s
  1301   480 63861.9794   36 4647 54233.5171 72742.4480  34.1%   830 3105s
  1305   484 62545.3615   38 4189 54233.5171 72742.4480  34.1%   832 3115s
  1311   490 61995.4583   41 4133 54233.5171 72742.4480  34.1%   834 3120s
H 1312   482                    54367.900612 72742.4480  33.8%   833 3122s
  1316   488 62081.1860   44 3640 54367.9006 72742.4480  33.8%   834 3125s
  1325   497 60638.7089   48 2858 54367.9006 72742.4480  33.8%   834 3130s
H 1331   501                    54367.900841 72742.4480  33.8%   833 3132s
  1337   509 56929.8550   54 1838 54367.9008 72742.4480  33.8%   832 3135s
  1348   520 55754.1022   60 1243 54367.9008 72742.4480  33.8%   829 3140s
  1362   522 71605.8927   19 6937 54367.9008 72373.4919  33.1%   825 3156s
  1363   523 70837.8142   20 6843 54367.9008 72373.4919  33.1%   826 3161s
  1364   524 70577.7183   20 6804 54367.9008 72373.4919  33.1%   828 3166s
  1365   525 70035.8991   21 6587 54367.9008 72373.4919  33.1%   830 3170s
  1367   527 69246.2144   22 6409 54367.9008 72373.4919  33.1%   831 3177s
  1369   529 68423.1694   23 6139 54367.9008 72373.4919  33.1%   832 3181s
  1371   531 67816.7083   24 6005 54367.9008 72373.4919  33.1%   833 3185s
  1374   534 66240.7887   25 5803 54367.9008 72373.4919  33.1%   834 3190s
  1377   537 67070.0629   27 5880 54367.9008 72373.4919  33.1%   835 3195s
  1381   541 66496.3251   29 5625 54367.9008 72373.4919  33.1%   836 3200s
  1384   544 65479.5621   30 5421 54367.9008 72373.4919  33.1%   836 3210s
  1388   548 64799.1495   32 4950 54367.9008 72373.4919  33.1%   838 3216s
  1391   551 65290.5284   34 5073 54367.9008 72373.4919  33.1%   839 3220s
H 1393   550                    54383.921648 72373.4919  33.1%   838 3226s
  1398   557 63050.0488   37 4827 54383.9216 72373.4919  33.1%   840 3230s
  1405   564 63303.7224   41 3968 54383.9216 72373.4919  33.1%   840 3235s
H 1410   545                    54570.921184 72373.4919  32.6%   839 3243s
  1412   549 61628.0487   44 3708 54570.9212 72373.4919  32.6%   840 3245s
H 1420   539                    54677.302685 72373.4919  32.4%   839 3253s
  1424   545 59110.7506   50 2625 54677.3027 72373.4919  32.4%   839 3255s
  1441   562 55786.8525   59 1221 54677.3027 72373.4919  32.4%   836 3260s
H 1447   561                    54689.508099 72373.4919  32.3%   833 3264s
  1455   561     cutoff   66      54689.5081 72373.4919  32.3%   829 3265s
  1457   561 71435.2239   18 7161 54689.5081 72369.2154  32.3%   831 3281s
  1458   562 70557.6214   19 7001 54689.5081 72369.2154  32.3%   833 3286s
  1459   563 70376.6629   19 6822 54689.5081 72369.2154  32.3%   835 3291s
  1461   565 69306.8392   20 6436 54689.5081 72369.2154  32.3%   836 3297s
  1463   567 68010.1465   21 5829 54689.5081 72369.2154  32.3%   837 3301s
  1465   569 67773.9967   22 6107 54689.5081 72369.2154  32.3%   837 3305s
  1469   573 67010.4171   24 5944 54689.5081 72369.2154  32.3%   838 3311s
  1472   576 67182.1686   26 5866 54689.5081 72369.2154  32.3%   839 3316s
H 1474   573                    54752.260255 72369.2154  32.2%   838 3325s
  1478   579 66435.3808   29 5453 54752.2603 72369.2154  32.2%   840 3331s
H 1480   579                    54752.610078 72369.2154  32.2%   840 3335s
  1483   584 65105.9677   31 5081 54752.6101 72369.2154  32.2%   842 3340s
  1486   587 64558.2870   33 5072 54752.6101 72369.2154  32.2%   843 3345s
  1492   593 63985.9099   36 4563 54752.6101 72369.2154  32.2%   843 3350s
  1498   599 63057.1566   39 4226 54752.6101 72369.2154  32.2%   843 3355s
H 1501   600                    54753.416724 72369.2154  32.2%   844 3365s
  1507   608 60051.0991   43 3718 54753.4167 72369.2154  32.2%   845 3370s
  1514   615 58735.5329   47 3020 54753.4167 72369.2154  32.2%   845 3375s
  1524   623 57051.8858   52 2092 54753.4167 72369.2154  32.2%   845 3380s
H 1528   625                    54753.469435 72369.2154  32.2%   844 3386s
H 1529   624                    54777.759929 72369.2154  32.1%   844 3388s
  1536   630 55909.5623   58 1254 54777.7599 72369.2154  32.1%   843 3390s
  1551   630 71183.5635   18 7201 54777.7599 72172.6312  31.8%   840 3410s
  1553   632 70192.3658   19 6925 54777.7599 72172.6312  31.8%   842 3418s
  1554   633 69787.5596   20 6838 54777.7599 72172.6312  31.8%   843 3420s
H 1555   630                    54788.118305 72172.6312  31.7%   842 3427s
H 1556   627                    54895.919101 72172.6312  31.5%   843 3431s
  1558   631 67616.9998   22 6492 54895.9191 72172.6312  31.5%   846 3437s
  1559   632 67996.2980   21 6299 54895.9191 72172.6312  31.5%   847 3440s
  1563   636 66427.6637   25 5946 54895.9191 72172.6312  31.5%   848 3448s
  1564   637 66024.9747   26 5867 54895.9191 72172.6312  31.5%   849 3451s
  1567   640 65856.9190   26 5830 54895.9191 72172.6312  31.5%   849 3455s
  1572   645 64788.9955   31 4883 54895.9191 72172.6312  31.5%   849 3460s
  1578   651 63763.1284   34 4727 54895.9191 72172.6312  31.5%   849 3465s
H 1582   653                    54899.502611 72172.6312  31.5%   848 3470s
  1590   663 62392.4490   38 4331 54899.5026 72172.6312  31.5%   849 3475s
  1598   671 60714.0399   44 3369 54899.5026 72172.6312  31.5%   847 3480s
  1608   681 58178.6319   49 2422 54899.5026 72172.6312  31.5%   846 3485s
H 1609   679                    54906.819247 72172.6312  31.4%   845 3490s
H 1619   689                    54913.218150 72172.6312  31.4%   843 3501s
  1629   695 71404.4856   19 6912 54913.2181 72133.6074  31.4%   842 3517s
  1630   696 70515.9359   20 6695 54913.2181 72133.6074  31.4%   843 3521s
  1631   697 70431.2213   20 6658 54913.2181 72133.6074  31.4%   844 3525s
  1634   700 68955.8470   23 6282 54913.2181 72133.6074  31.4%   846 3532s
  1635   701 68385.6900   24 6153 54913.2181 72133.6074  31.4%   846 3535s
H 1636   700                    54918.497329 72133.6074  31.3%   846 3540s
  1639   705 67353.4448   25 6176 54918.4973 72133.6074  31.3%   848 3546s
  1643   709 65867.7390   30 5447 54918.4973 72133.6074  31.3%   848 3550s
  1647   713 64911.7691   31 5248 54918.4973 72133.6074  31.3%   849 3556s
  1651   717 63540.1264   32 4971 54918.4973 72133.6074  31.3%   850 3560s
  1656   722 62851.1132   34 4561 54918.4973 72133.6074  31.3%   851 3565s
  1661   727 62454.1440   36 4630 54918.4973 72133.6074  31.3%   852 3570s
H 1663   727                    54918.497777 72133.6074  31.3%   852 3576s
  1665   731 61981.7204   38 4662 54918.4978 72133.6074  31.3%   857 3581s
  1669   735 60983.8669   38 4300 54918.4978 72133.6074  31.3%   858 3585s
H 1673   735                    54924.182396 72133.6074  31.3%   859 3617s
  1676   740 61047.7098   41 4240 54924.1824 72133.6074  31.3%   860 3620s
  1682   746 60256.8447   43 3940 54924.1824 72133.6074  31.3%   861 3625s
  1690   754 58756.5764   48 3156 54924.1824 72133.6074  31.3%   860 3630s
  1707   763 70593.6886   19 6966 54924.1824 72004.7007  31.1%   860 3652s
  1708   764 69915.4274   20 6772 54924.1824 72004.7007  31.1%   861 3655s
  1710   766 68357.4496   22 6417 54924.1824 72004.7007  31.1%   863 3662s
  1711   767 68210.7399   22 6250 54924.1824 72004.7007  31.1%   864 3665s
  1713   769 66452.2940   24 6377 54924.1824 72004.7007  31.1%   865 3670s
  1716   772 67289.7328   23 6238 54924.1824 72004.7007  31.1%   866 3675s
  1720   776 66152.6510   27 6077 54924.1824 72004.7007  31.1%   866 3680s
  1723   779 65271.0725   30 5665 54924.1824 72004.7007  31.1%   866 3685s
  1727   783 64395.3336   31 5429 54924.1824 72004.7007  31.1%   867 3690s
  1731   787 63801.8955   33 4919 54924.1824 72004.7007  31.1%   868 3695s
  1736   792 63407.6847   36 4988 54924.1824 72004.7007  31.1%   869 3700s
  1743   799 62102.2897   41 3959 54924.1824 72004.7007  31.1%   867 3705s
  1746   802 60976.6539   42 3849 54924.1824 72004.7007  31.1%   867 3715s
  1753   809 59684.0630   45 3321 54924.1824 72004.7007  31.1%   867 3720s
  1765   821 57627.4651   50 2327 54924.1824 72004.7007  31.1%   865 3725s
  1780   828 70906.3493   18 7148 54924.1824 72004.6569  31.1%   865 3748s
  1781   829 70161.2823   19 6895 54924.1824 72004.6569  31.1%   866 3752s
  1782   830 70030.2060   19 6934 54924.1824 72004.6569  31.1%   867 3756s
  1783   831 69142.1115   20 6861 54924.1824 72004.6569  31.1%   868 3760s
  1786   834 68303.1019   22 6619 54924.1824 72004.6569  31.1%   869 3767s
  1787   835 68204.2518   21 6438 54924.1824 72004.6569  31.1%   870 3770s
  1790   838 67006.2344   24 6304 54924.1824 72004.6569  31.1%   871 3775s
  1793   841 65917.0736   24 5890 54924.1824 72004.6569  31.1%   872 3781s
H 1794   840                    54924.187640 72004.6569  31.1%   872 3786s
  1798   846 64494.9619   26 5664 54924.1876 72004.6569  31.1%   874 3790s
  1803   851 63196.9312   31 5098 54924.1876 72004.6569  31.1%   874 3795s
  1811   859 62238.3377   33 5075 54924.1876 72004.6569  31.1%   874 3800s
  1820   868 60884.2266   37 4483 54924.1876 72004.6569  31.1%   875 3805s
  1828   876 59357.7987   41 3714 54924.1876 72004.6569  31.1%   874 3810s
  1839   887 57691.0018   45 3220 54924.1876 72004.6569  31.1%   874 3815s
  1852   900 55654.0826   51 2455 54924.1876 72004.6569  31.1%   873 3820s
H 1861   899                    54924.249822 72004.6569  31.1%   869 3845s
  1862   902 70275.0999   19 6991 54924.2498 71837.7799  30.8%   874 3850s
  1864   904 69444.0323   20 6872 54924.2498 71837.7799  30.8%   875 3856s
  1865   905 68786.3013   21 6792 54924.2498 71837.7799  30.8%   877 3860s
  1867   907 68077.8035   22 6626 54924.2498 71837.7799  30.8%   878 3866s
  1868   908 66846.7179   23 6512 54924.2498 71837.7799  30.8%   880 3873s
  1869   909 67174.8367   23 6337 54924.2498 71837.7799  30.8%   881 3875s
  1873   913 66121.2729   27 5910 54924.2498 71837.7799  30.8%   881 3880s
  1876   916 64706.9799   28 5689 54924.2498 71837.7799  30.8%   882 3885s
  1881   921 64266.7033   30 5503 54924.2498 71837.7799  30.8%   882 3890s
  1884   924 64044.4737   34 4981 54924.2498 71837.7799  30.8%   883 3895s
  1891   931 62547.9450   36 4478 54924.2498 71837.7799  30.8%   883 3900s
  1901   941 61792.9766   41 3854 54924.2498 71837.7799  30.8%   883 3905s
  1910   950 59570.9787   46 3001 54924.2498 71837.7799  30.8%   882 3910s
  1921   961 58094.9138   49 2584 54924.2498 71837.7799  30.8%   882 3915s
  1931   971 56088.9364   52 2120 54924.2498 71837.7799  30.8%   881 3920s
  1943   976 71003.5170   18 7048 54924.2498 71832.6969  30.8%   881 3939s
  1944   977 70169.6051   19 6969 54924.2498 71832.6969  30.8%   882 3945s
  1946   979 69341.7722   20 6746 54924.2498 71832.6969  30.8%   883 3950s
  1948   981 68376.0510   22 6557 54924.2498 71832.6969  30.8%   885 3956s
H 1949   980                    54924.363077 71832.6969  30.8%   884 3963s
  1950   983 66958.4504   23 6161 54924.3631 71832.6969  30.8%   887 3966s
  1953   986 66442.8001   25 6104 54924.3631 71832.6969  30.8%   887 3970s
  1957   990 65114.5391   28 5826 54924.3631 71832.6969  30.8%   888 3976s
  1960   993 64908.0461   28 5754 54924.3631 71832.6969  30.8%   889 3980s
  1963   996 63678.9186   28 5651 54924.3631 71832.6969  30.8%   890 3986s
  1967  1000 63232.0026   32 5446 54924.3631 71832.6969  30.8%   891 3990s
H 1970  1001                    54927.309235 71832.6969  30.8%   891 4002s
  1972  1005 62525.2324   34 4956 54927.3092 71832.6969  30.8%   892 4005s
  1976  1009 61733.8840   38 4431 54927.3092 71832.6969  30.8%   892 4011s
  1982  1015 60352.5900   43 3524 54927.3092 71832.6969  30.8%   891 4015s
  1998  1031 57357.3019   49 2608 54927.3092 71832.6969  30.8%   889 4020s
  2013  1038 70926.7933   18 6954 54927.3092 71585.1277  30.3%   887 4038s
  2014  1039 70007.6824   19 6755 54927.3092 71585.1277  30.3%   888 4041s
  2016  1041 69214.0620   20 6662 54927.3092 71585.1277  30.3%   889 4046s
  2018  1043 68434.5894   22 6507 54927.3092 71585.1277  30.3%   889 4050s
H 2019  1042                    54927.353938 71585.1277  30.3%   889 4057s
  2021  1046 67516.5801   23 6125 54927.3539 71585.1277  30.3%   890 4062s
  2024  1049 66676.1407   26 5959 54927.3539 71585.1277  30.3%   891 4066s
  2028  1053 65264.3708   27 5773 54927.3539 71585.1277  30.3%   892 4071s
  2033  1058 64482.1230   33 5164 54927.3539 71585.1277  30.3%   892 4075s
  2038  1063 63938.8837   32 4733 54927.3539 71585.1277  30.3%   893 4080s
  2046  1071 62199.8578   36 4399 54927.3539 71585.1277  30.3%   893 4085s
  2055  1080 60561.6428   39 4124 54927.3539 71585.1277  30.3%   893 4090s
  2068  1093 57955.7264   47 2868 54927.3539 71585.1277  30.3%   891 4095s
  2087  1104 71011.7111   20 6483 54927.3539 71583.8532  30.3%   888 4113s
  2088  1105 69946.1228   21 6158 54927.3539 71583.8532  30.3%   889 4116s
  2091  1108 69820.7449   21 6271 54927.3539 71583.8532  30.3%   890 4123s
  2092  1109 69154.8751   24 5873 54927.3539 71583.8532  30.3%   890 4125s
H 2093  1108                    54927.432539 71583.8532  30.3%   890 4132s
  2095  1112 68266.7768   24 5723 54927.4325 71583.8532  30.3%   892 4136s
  2098  1115 67065.3571   26 5524 54927.4325 71583.8532  30.3%   892 4141s
  2102  1119 66151.2031   29 5302 54927.4325 71583.8532  30.3%   892 4145s
  2106  1123 65486.8269   33 4884 54927.4325 71583.8532  30.3%   893 4152s
  2108  1125 64822.7428   32 4914 54927.4325 71583.8532  30.3%   893 4156s
  2112  1129 64969.5284   35 4552 54927.4325 71583.8532  30.3%   894 4160s
  2117  1134 63869.1890   37 4305 54927.4325 71583.8532  30.3%   895 4166s
H 2121  1136                    54927.465918 71583.8532  30.3%   895 4171s
  2127  1144 62861.8623   40 3751 54927.4659 71583.8532  30.3%   895 4175s
  2138  1155 60516.5608   47 2834 54927.4659 71583.8532  30.3%   894 4180s
  2151  1168 57916.2792   52 1998 54927.4659 71583.8532  30.3%   893 4185s
  2168  1175 70288.1201   20 6455 54927.4659 71519.2838  30.2%   890 4205s
  2169  1176 69160.1592   21 5902 54927.4659 71519.2838  30.2%   891 4210s
  2172  1179 68435.3908   24 5635 54927.4659 71519.2838  30.2%   892 4215s
  2175  1182 66929.3159   27 5379 54927.4659 71519.2838  30.2%   892 4220s
  2180  1187 65178.3155   32 4729 54927.4659 71519.2838  30.2%   893 4225s
  2188  1195 60737.3783   40 3732 54927.4659 71519.2838  30.2%   892 4230s
  2213  1212 70929.5361   19 6948 54927.4659 71381.0232  30.0%   888 4248s
  2214  1213 70353.1765   20 6701 54927.4659 71381.0232  30.0%   889 4254s
  2215  1214 69668.1832   21 6630 54927.4659 71381.0232  30.0%   889 4257s
  2217  1216 68647.7441   23 6387 54927.4659 71381.0232  30.0%   890 4261s
H 2218  1215                    54929.017097 71381.0232  30.0%   889 4271s
  2222  1221 65100.5707   28 5607 54929.0171 71381.0232  30.0%   892 4276s
  2224  1223 64002.2950   30 5399 54929.0171 71381.0232  30.0%   893 4280s
  2229  1228 62266.1774   35 4959 54929.0171 71381.0232  30.0%   894 4285s
  2236  1235 57969.5717   42 3704 54929.0171 71381.0232  30.0%   895 4290s
  2241  1240 55742.6591   47 2686 54929.0171 71381.0232  30.0%   894 4295s
  2248  1239 70545.2347   20 6642 54929.0171 71348.3753  29.9%   894 4308s
  2249  1240 70058.6768   21 6456 54929.0171 71348.3753  29.9%   895 4310s
  2252  1243 68275.0585   22 6082 54929.0171 71348.3753  29.9%   896 4316s
  2254  1245 67084.5956   23 5817 54929.0171 71348.3753  29.9%   897 4321s
  2257  1248 66622.8000   25 5505 54929.0171 71348.3753  29.9%   898 4325s
  2262  1253 64979.4844   27 5192 54929.0171 71348.3753  29.9%   898 4330s
  2267  1258 64545.5502   30 4996 54929.0171 71348.3753  29.9%   899 4335s
  2268  1259 63389.8946   30 4849 54929.0171 71348.3753  29.9%   899 4341s
  2272  1263 63056.0020   32 4553 54929.0171 71348.3753  29.9%   900 4346s
  2276  1267 62378.0140   34 4387 54929.0171 71348.3753  29.9%   901 4350s
  2280  1271 61865.1627   36 4537 54929.0171 71348.3753  29.9%   903 4356s
  2284  1275 60368.3735   38 4282 54929.0171 71348.3753  29.9%   904 4360s
  2292  1283 59402.4403   42 3751 54929.0171 71348.3753  29.9%   905 4365s
  2305  1296 55943.9153   49 2415 54929.0171 71348.3753  29.9%   905 4370s
  2323  1296 70224.8874   19 6844 54929.0171 71295.6011  29.8%   902 4388s
  2324  1297 69459.3728   20 6701 54929.0171 71295.6011  29.8%   902 4391s
  2328  1301 67637.8334   24 6338 54929.0171 71295.6011  29.8%   903 4396s
  2332  1305 65113.5995   28 5593 54929.0171 71295.6011  29.8%   905 4402s
  2334  1307 64282.4431   30 5570 54929.0171 71295.6011  29.8%   905 4405s
  2338  1311 62577.1965   34 5090 54929.0171 71295.6011  29.8%   907 4410s
  2344  1317 59044.9829   40 4098 54929.0171 71295.6011  29.8%   908 4415s
  2352  1325 55891.6930   48 2775 54929.0171 71295.6011  29.8%   907 4420s
  2361  1323 69936.2846   20 6405 54929.0171 71282.7418  29.8%   907 4433s
  2362  1324 69430.7102   21 6260 54929.0171 71282.7418  29.8%   907 4435s
  2365  1327 67677.5395   24 5688 54929.0171 71282.7418  29.8%   907 4440s
  2368  1330 65027.6980   27 5202 54929.0171 71282.7418  29.8%   909 4445s
  2374  1336 62961.7108   33 4747 54929.0171 71282.7418  29.8%   909 4450s
H 2377  1337                    54929.017630 71282.7418  29.8%   908 4454s
  2378  1340 62090.0716   37 4250 54929.0176 71282.7418  29.8%   908 4455s
H 2383  1343                    54929.117416 71282.7418  29.8%   908 4468s
  2387  1349 58553.3240   46 2883 54929.1174 71282.7418  29.8%   908 4470s
  2405  1357 70709.5209   19 6812 54929.1174 71268.0727  29.7%   906 4488s
  2406  1358 70260.3614   20 6599 54929.1174 71268.0727  29.7%   906 4491s
  2408  1360 69182.1872   21 6254 54929.1174 71268.0727  29.7%   907 4496s
  2410  1362 68113.6442   22 6119 54929.1174 71268.0727  29.7%   908 4500s
  2413  1365 66912.3744   24 5923 54929.1174 71268.0727  29.7%   909 4505s
  2416  1368 66259.1222   24 5765 54929.1174 71268.0727  29.7%   910 4511s
  2419  1371 65421.0965   27 5321 54929.1174 71268.0727  29.7%   911 4515s
  2427  1379 63605.9199   32 4904 54929.1174 71268.0727  29.7%   911 4520s
H 2432  1382                    54929.117701 71268.0727  29.7%   910 4524s
  2433  1385 63314.7519   34 4670 54929.1177 71268.0727  29.7%   910 4525s
  2442  1394 62002.8938   35 4598 54929.1177 71268.0727  29.7%   910 4530s
  2450  1402 61162.4272   40 3973 54929.1177 71268.0727  29.7%   910 4535s
  2460  1412 59358.5796   44 3189 54929.1177 71268.0727  29.7%   910 4540s
  2481  1433 56168.5057   56 1501 54929.1177 71268.0727  29.7%   907 4545s
  2492  1435 69909.3871   19 6616 54929.1177 71233.9237  29.7%   906 4561s
  2494  1437 68993.4280   21 6293 54929.1177 71233.9237  29.7%   906 4565s
  2496  1439 66917.0601   23 5863 54929.1177 71233.9237  29.7%   908 4570s
  2499  1442 64393.1624   26 5675 54929.1177 71233.9237  29.7%   909 4576s
  2502  1445 62969.5418   29 5337 54929.1177 71233.9237  29.7%   910 4581s
  2508  1451 59866.5833   35 4635 54929.1177 71233.9237  29.7%   910 4585s
  2515  1458 57803.3325   42 3663 54929.1177 71233.9237  29.7%   910 4590s
  2525  1460 54946.4348   46 3023 54929.1177 71233.9237  29.7%   910 4595s
  2528  1460 70094.7253   19 6614 54929.1177 71172.4418  29.6%   911 4609s
  2529  1461 69724.5914   20 6268 54929.1177 71172.4418  29.6%   911 4610s
  2531  1463 67926.5095   22 6056 54929.1177 71172.4418  29.6%   912 4615s
  2536  1468 65262.8692   27 5637 54929.1177 71172.4418  29.6%   912 4622s
  2539  1471 64350.0079   30 5190 54929.1177 71172.4418  29.6%   912 4625s
  2544  1476 61794.6175   35 4537 54929.1177 71172.4418  29.6%   913 4630s
  2553  1485 57756.8426   44 3234 54929.1177 71172.4418  29.6%   913 4635s
H 2570  1487                    54929.121315 71172.4418  29.6%   910 4652s
  2572  1491 69210.0115   23 5947 54929.1213 71167.2930  29.6%   912 4658s
  2574  1493 67739.8578   25 5664 54929.1213 71167.2930  29.6%   912 4660s
  2578  1497 64933.7013   29 5215 54929.1213 71167.2930  29.6%   912 4665s
  2582  1501 64174.0449   33 4940 54929.1213 71167.2930  29.6%   913 4671s
  2585  1504 63416.9358   36 4426 54929.1213 71167.2930  29.6%   913 4675s
  2593  1512 60763.1670   44 3251 54929.1213 71167.2930  29.6%   913 4680s
  2597  1516 58146.7917   48 2570 54929.1213 71167.2930  29.6%   912 4685s
  2615  1520 70029.8966   21 6300 54929.1213 71022.8815  29.3%   910 4700s
  2617  1522 67749.6386   23 5694 54929.1213 71022.8815  29.3%   911 4705s
  2620  1525 66488.1425   24 5673 54929.1213 71022.8815  29.3%   911 4710s
  2623  1528 68179.9656   24 5753 54929.1213 71022.8815  29.3%   912 4715s
  2627  1532 65362.2102   25 5421 54929.1213 71022.8815  29.3%   912 4720s
  2632  1537 63970.8833   26 5188 54929.1213 71022.8815  29.3%   912 4725s
H 2635  1538                    54929.664461 71022.8815  29.3%   912 4738s
H 2636  1539                    54929.669561 71022.8815  29.3%   912 4742s
  2639  1544 62036.2752   30 5051 54929.6696 71022.8815  29.3%   913 4745s
  2645  1550 60877.6650   32 4691 54929.6696 71022.8815  29.3%   913 4750s
  2650  1555 59058.5277   36 4168 54929.6696 71022.8815  29.3%   913 4755s
  2656  1561 56739.2497   37 3798 54929.6696 71022.8815  29.3%   913 4760s
H 2666  1565                    54929.701337 71022.8815  29.3%   912 4796s
  2677  1568 56301.8827   42 3293 54929.7013 71022.8815  29.3%   910 4800s
  2696  1568 70485.4656   20 6821 54929.7013 70996.7499  29.3%   907 4815s
  2698  1570 68567.4474   22 6363 54929.7013 70996.7499  29.3%   909 4821s
  2701  1573 65934.9387   25 5899 54929.7013 70996.7499  29.3%   909 4825s
  2705  1577 65072.6890   29 5205 54929.7013 70996.7499  29.3%   909 4831s
  2710  1582 64128.9465   34 4671 54929.7013 70996.7499  29.3%   909 4836s
  2712  1584 63262.7786   36 4555 54929.7013 70996.7499  29.3%   910 4840s
  2718  1590 61070.2690   42 3693 54929.7013 70996.7499  29.3%   910 4845s
  2722  1594 59419.8615   46 3192 54929.7013 70996.7499  29.3%   911 4850s
  2737  1598     cutoff   54      54929.7013 70996.7499  29.3%   908 4855s
  2738  1599 69923.6048   19 6809 54929.7013 70996.2951  29.2%   910 4866s
  2740  1601 68634.1922   21 6492 54929.7013 70996.2951  29.2%   910 4871s
  2743  1604 66757.2954   24 6067 54929.7013 70996.2951  29.2%   911 4876s
  2746  1607 64591.1467   27 5753 54929.7013 70996.2951  29.2%   912 4881s
  2749  1610 62588.5617   30 5420 54929.7013 70996.2951  29.2%   913 4885s
  2755  1616 60164.7054   36 4788 54929.7013 70996.2951  29.2%   914 4890s
  2763  1624 56464.8636   44 3418 54929.7013 70996.2951  29.2%   914 4895s
  2773  1624 70221.9410   20 6596 54929.7013 70979.8198  29.2%   914 4909s
  2774  1625 69648.8802   21 6597 54929.7013 70979.8198  29.2%   915 4914s
  2775  1626 68344.5061   22 6309 54929.7013 70979.8198  29.2%   916 4919s
  2776  1627 67433.2905   23 6099 54929.7013 70979.8198  29.2%   917 4921s
  2779  1630 66358.4096   26 5909 54929.7013 70979.8198  29.2%   917 4925s
  2781  1632 65823.2508   28 5605 54929.7013 70979.8198  29.2%   918 4931s
  2784  1635 64259.0808   31 5104 54929.7013 70979.8198  29.2%   919 4935s
  2789  1640 61711.7855   36 4330 54929.7013 70979.8198  29.2%   919 4940s
  2798  1649 59014.1208   45 2845 54929.7013 70979.8198  29.2%   919 4945s
  2812  1652 69565.5014   20 6229 54929.7013 70941.8111  29.2%   918 4962s
  2813  1653 68998.5179   21 6156 54929.7013 70941.8111  29.2%   919 4966s
  2815  1655 68201.2408   23 5896 54929.7013 70941.8111  29.2%   920 4972s
  2817  1657 67515.5175   25 5660 54929.7013 70941.8111  29.2%   920 4975s
H 2818  1656                    54941.046992 70941.8111  29.1%   920 4991s
  2821  1661 65228.1023   29 5234 54941.0470 70941.8111  29.1%   922 4995s
  2827  1667 63385.9815   35 4584 54941.0470 70941.8111  29.1%   923 5000s
  2835  1675 59790.1507   43 3147 54941.0470 70941.8111  29.1%   923 5005s
  2862  1679 55093.0472   50 1876 54941.0470 70941.8111  29.1%   919 5010s
  2870  1678 69559.7003   20 6477 54941.0470 70925.8890  29.1%   919 5024s
  2871  1679 68992.7748   21 6356 54941.0470 70925.8890  29.1%   919 5026s
  2873  1681 67992.5622   23 5914 54941.0470 70925.8890  29.1%   920 5030s
  2877  1685 66664.0015   27 5577 54941.0470 70925.8890  29.1%   921 5036s
  2881  1689 65287.5235   31 5167 54941.0470 70925.8890  29.1%   921 5041s
  2885  1693 63937.5894   35 4690 54941.0470 70925.8890  29.1%   922 5045s
  2894  1702 60274.1271   44 3263 54941.0470 70925.8890  29.1%   922 5050s
  2914  1709 69738.2751   19 6690 54941.0470 70854.0024  29.0%   920 5065s
  2917  1712 67977.3740   22 6177 54941.0470 70854.0024  29.0%   921 5070s
  2921  1716 65429.6058   26 5899 54941.0470 70854.0024  29.0%   921 5075s
  2924  1719 62970.9766   29 5479 54941.0470 70854.0024  29.0%   923 5082s
  2930  1725 61104.1752   35 4901 54941.0470 70854.0024  29.0%   923 5085s
  2940  1735 56767.3406   45 3225 54941.0470 70854.0024  29.0%   923 5090s
  2953  1736 69941.2920   19 6614 54941.0470 70851.5258  29.0%   922 5102s
  2954  1737 69345.3284   20 6492 54941.0470 70851.5258  29.0%   922 5105s
  2956  1739 68363.3551   21 6300 54941.0470 70851.5258  29.0%   924 5112s
  2957  1740 67332.5420   22 6178 54941.0470 70851.5258  29.0%   925 5115s
  2961  1744 66698.8010   24 5719 54941.0470 70851.5258  29.0%   926 5123s
  2962  1745 66675.6633   23 6076 54941.0470 70851.5258  29.0%   926 5125s
  2967  1750 64939.6406   28 5393 54941.0470 70851.5258  29.0%   927 5131s
  2973  1756 63209.3639   31 4977 54941.0470 70851.5258  29.0%   927 5135s
  2983  1766 62755.4368   36 4555 54941.0470 70851.5258  29.0%   926 5140s
  2994  1777 61632.2099   41 3907 54941.0470 70851.5258  29.0%   926 5145s
  3005  1788 58819.7017   48 2661 54941.0470 70851.5258  29.0%   925 5150s
  3028  1803 69804.7819   20 6513 54941.0470 70795.3423  28.9%   923 5165s
  3030  1805 68606.1209   22 6206 54941.0470 70795.3423  28.9%   924 5170s
  3033  1808 66202.9334   25 5906 54941.0470 70795.3423  28.9%   925 5175s
  3036  1811 64145.2073   28 5653 54941.0470 70795.3423  28.9%   926 5180s
  3039  1814 61864.1937   31 5388 54941.0470 70795.3423  28.9%   927 5185s
  3048  1823 59041.3510   40 4083 54941.0470 70795.3423  28.9%   926 5190s
  3061  1828 70303.3595   20 6746 54941.0470 70722.0495  28.7%   926 5205s
  3064  1831 68352.2050   23 6230 54941.0470 70722.0495  28.7%   927 5212s
  3067  1834 66092.1773   26 5908 54941.0470 70722.0495  28.7%   927 5216s
  3071  1838 63132.4550   30 5399 54941.0470 70722.0495  28.7%   928 5221s
  3077  1844 61432.5576   36 4927 54941.0470 70722.0495  28.7%   928 5225s
  3086  1853 57593.5610   45 3453 54941.0470 70722.0495  28.7%   928 5230s
H 3099  1853                    54989.687238 70722.0495  28.6%   925 5259s
  3100  1856 68983.0521   21 6220 54989.6872 70593.1737  28.4%   927 5261s
  3102  1858 67265.0586   23 6044 54989.6872 70593.1737  28.4%   928 5266s
  3105  1861 66313.2508   26 5852 54989.6872 70593.1737  28.4%   929 5271s
  3108  1864 63872.0860   29 5408 54989.6872 70593.1737  28.4%   929 5275s
  3112  1868 61826.4570   33 5232 54989.6872 70593.1737  28.4%   930 5280s
  3118  1874 59215.6896   39 4243 54989.6872 70593.1737  28.4%   931 5285s
  3131  1881 55267.8893   47 2961 54989.6872 70593.1737  28.4%   930 5290s
H 3136  1878                    54989.688147 70593.1737  28.4%   929 5304s
  3137  1881 68531.6924   21 6570 54989.6881 70573.9681  28.3%   931 5307s
  3139  1883 66847.5367   23 6342 54989.6881 70573.9681  28.3%   931 5310s
  3141  1885 65709.6446   25 6429 54989.6881 70573.9681  28.3%   932 5316s
  3143  1887 64685.9069   27 6217 54989.6881 70573.9681  28.3%   933 5320s
  3146  1890 63037.4734   30 5930 54989.6881 70573.9681  28.3%   934 5326s
  3149  1893 61716.2145   33 5399 54989.6881 70573.9681  28.3%   935 5330s
  3153  1897 59894.7845   37 4754 54989.6881 70573.9681  28.3%   936 5335s
  3163  1905 infeasible   47      54989.6881 70573.9681  28.3%   935 5340s
  3177  1904 69514.3922   21 6325 54989.6881 70567.1875  28.3%   934 5353s
  3178  1905 68565.2946   22 6228 54989.6881 70567.1875  28.3%   934 5355s
  3181  1908 67376.8750   23 5951 54989.6881 70567.1875  28.3%   935 5360s
  3185  1912 66967.3262   25 5806 54989.6881 70567.1875  28.3%   935 5366s
  3188  1915 65886.1464   27 5665 54989.6881 70567.1875  28.3%   936 5370s
  3190  1917 65589.4918   28 5255 54989.6881 70567.1875  28.3%   936 5375s
  3197  1924 63718.6447   31 5079 54989.6881 70567.1875  28.3%   937 5380s
  3204  1931 63281.3871   35 4705 54989.6881 70567.1875  28.3%   937 5385s
  3212  1939 62346.2841   39 4120 54989.6881 70567.1875  28.3%   937 5390s
  3221  1948 60060.5524   43 3541 54989.6881 70567.1875  28.3%   937 5395s
  3233  1960 57483.8277   49 2712 54989.6881 70567.1875  28.3%   937 5400s
H 3244  1969                    54989.688564 70567.1875  28.3%   936 5406s
  3254  1972 69669.9664   21 6443 54989.6886 70543.5909  28.3%   936 5417s
  3256  1974 68070.3684   23 6200 54989.6886 70543.5909  28.3%   936 5421s
  3258  1976 68828.5091   22 6267 54989.6886 70543.5909  28.3%   937 5425s
  3261  1979 67019.5234   24 6194 54989.6886 70543.5909  28.3%   937 5430s
  3265  1983 63936.2210   28 5871 54989.6886 70543.5909  28.3%   938 5435s
  3269  1987 63369.2864   30 5473 54989.6886 70543.5909  28.3%   938 5440s
  3271  1989 62828.1995   31 5473 54989.6886 70543.5909  28.3%   939 5446s
  3276  1994 62199.0155   32 5231 54989.6886 70543.5909  28.3%   939 5450s
  3283  2001 61103.3813   33 5298 54989.6886 70543.5909  28.3%   940 5455s
  3291  2009 58754.5485   37 4077 54989.6886 70543.5909  28.3%   940 5460s
  3299  2015 57796.4141   38 3836 54989.6886 70543.5909  28.3%   940 5465s
  3324  2022 69504.0925   20 6549 54989.6886 70524.0840  28.2%   938 5480s
H 3326  2022                    54989.693850 70524.0840  28.2%   938 5486s
  3327  2025 67934.1876   23 6169 54989.6938 70524.0840  28.2%   939 5490s
  3331  2029 66450.7643   27 5699 54989.6938 70524.0840  28.2%   939 5495s
  3335  2033 65581.1221   31 5316 54989.6938 70524.0840  28.2%   939 5500s
  3340  2038 63514.3822   36 4556 54989.6938 70524.0840  28.2%   939 5505s
  3350  2048 58788.2514   46 2826 54989.6938 70524.0840  28.2%   939 5510s
  3365  2051 69787.4551   20 6731 54989.6938 70500.0699  28.2%   937 5523s
  3366  2052 69051.4020   21 6479 54989.6938 70500.0699  28.2%   937 5525s
  3368  2054 67994.1890   23 6492 54989.6938 70500.0699  28.2%   938 5530s
  3372  2058 65869.1637   27 5854 54989.6938 70500.0699  28.2%   938 5536s
  3376  2062 65070.0695   31 5398 54989.6938 70500.0699  28.2%   939 5542s
  3378  2064 64124.5716   33 5048 54989.6938 70500.0699  28.2%   939 5545s
  3380  2066 63496.4386   35 4653 54989.6938 70500.0699  28.2%   939 5550s
  3388  2074 60245.5882   43 3307 54989.6938 70500.0699  28.2%   939 5555s
  3410  2081 69391.0849   21 6548 54989.6938 70498.8795  28.2%   936 5571s
  3412  2083 68248.9781   23 6533 54989.6938 70498.8795  28.2%   937 5575s
  3414  2085 67399.9259   25 6248 54989.6938 70498.8795  28.2%   937 5580s
  3418  2089 63848.6150   29 5628 54989.6938 70498.8795  28.2%   938 5585s
  3422  2093 61899.5387   33 5382 54989.6938 70498.8795  28.2%   939 5590s
  3428  2099 59844.2611   39 4436 54989.6938 70498.8795  28.2%   939 5595s
  3436  2107 55631.2138   47 3038 54989.6938 70498.8795  28.2%   939 5600s
H 3437  2106                    54991.222424 70498.8795  28.2%   939 5603s
  3444  2105 69476.8201   21 6434 54991.2224 70417.9924  28.1%   939 5614s
  3445  2106 68790.7872   22 6544 54991.2224 70417.9924  28.1%   940 5618s
  3446  2107 67614.9045   23 6046 54991.2224 70417.9924  28.1%   940 5622s
  3448  2109 65768.2358   25 5801 54991.2224 70417.9924  28.1%   941 5627s
  3452  2113 64626.6148   29 5432 54991.2224 70417.9924  28.1%   941 5630s
  3457  2118 62876.2718   34 4944 54991.2224 70417.9924  28.1%   941 5635s
  3464  2125 60211.0121   41 3689 54991.2224 70417.9924  28.1%   942 5641s
H 3465  2123                    54995.596556 70417.9924  28.0%   941 5653s
  3468  2128 58811.4191   45 3038 54995.5966 70417.9924  28.0%   942 5655s
  3484  2131 69326.1107   21 6354 54995.5966 70395.6771  28.0%   940 5669s
  3485  2132 68772.1137   22 6276 54995.5966 70395.6771  28.0%   941 5671s
  3487  2134 67785.0542   24 5917 54995.5966 70395.6771  28.0%   941 5675s
  3489  2136 67441.1080   23 5964 54995.5966 70395.6771  28.0%   942 5680s
  3491  2138 67088.7392   25 5696 54995.5966 70395.6771  28.0%   942 5685s
  3495  2142 66141.5583   26 5550 54995.5966 70395.6771  28.0%   943 5691s
  3499  2146 65496.0857   30 5126 54995.5966 70395.6771  28.0%   943 5695s
  3505  2152 64418.6684   34 4841 54995.5966 70395.6771  28.0%   943 5700s
  3511  2158 64178.6913   35 4644 54995.5966 70395.6771  28.0%   943 5705s
H 3518  2163                    54995.597920 70395.6771  28.0%   943 5710s
  3526  2173 62364.7876   38 4173 54995.5979 70395.6771  28.0%   943 5715s
  3541  2188 60200.6391   44 3231 54995.5979 70395.6771  28.0%   942 5720s
  3548  2195 59369.3570   47 2748 54995.5979 70395.6771  28.0%   941 5725s
  3575  2210 69043.0903   21 6145 54995.5979 70380.4660  28.0%   938 5745s
  3577  2212 67611.1598   23 5758 54995.5979 70380.4660  28.0%   939 5750s
  3581  2216 65557.4162   27 5487 54995.5979 70380.4660  28.0%   939 5755s
  3588  2223 63289.0903   34 4318 54995.5979 70380.4660  28.0%   939 5760s
  3600  2235 59598.6388   46 2844 54995.5979 70380.4660  28.0%   938 5765s
  3614  2242 69323.2956   20 6542 54995.5979 70372.4854  28.0%   937 5777s
  3616  2244 68315.3175   22 6334 54995.5979 70372.4854  28.0%   937 5781s
  3618  2246 67225.6480   24 6308 54995.5979 70372.4854  28.0%   938 5786s
  3620  2248 65527.6066   26 5769 54995.5979 70372.4854  28.0%   938 5790s
  3623  2251 64236.1280   29 5545 54995.5979 70372.4854  28.0%   938 5795s
  3627  2255 62725.6013   33 4941 54995.5979 70372.4854  28.0%   939 5800s
  3634  2262 59358.9956   40 3933 54995.5979 70372.4854  28.0%   939 5805s
H 3647  2264                    55006.196947 70372.4854  27.9%   938 5812s
  3652  2265 69612.0616   21 6290 55006.1969 70370.3537  27.9%   938 5823s
  3653  2266 69451.5789   22 6195 55006.1969 70370.3537  27.9%   938 5825s
  3656  2269 68142.2651   25 5893 55006.1969 70370.3537  27.9%   939 5830s
H 3659  2269                    55009.679696 70370.3537  27.9%   939 5867s
  3662  2274 66092.5635   31 5093 55009.6797 70370.3537  27.9%   940 5871s
  3666  2278 64332.4422   35 4464 55009.6797 70370.3537  27.9%   940 5875s
  3673  2285 61794.4237   42 3172 55009.6797 70370.3537  27.9%   940 5880s
  3692  2296 68585.3488   21 5991 55009.6797 70348.5944  27.9%   939 5891s
  3695  2299 67399.0195   24 5499 55009.6797 70348.5944  27.9%   939 5896s
  3699  2303 65679.4775   28 5289 55009.6797 70348.5944  27.9%   940 5901s
  3703  2307 64811.6647   32 4958 55009.6797 70348.5944  27.9%   940 5905s
  3708  2312 63281.4118   37 4193 55009.6797 70348.5944  27.9%   940 5910s
  3720  2324 57422.3758   49 2178 55009.6797 70348.5944  27.9%   940 5915s
  3730  2324 69799.4749   20 6641 55009.6797 70340.0587  27.9%   939 5925s
  3732  2326 66683.0943   22 6378 55009.6797 70340.0587  27.9%   940 5931s
H 3734  2319                    55041.241439 70340.0587  27.8%   940 5949s
  3735  2322 64272.0594   25 6077 55041.2414 70340.0587  27.8%   940 5951s
  3737  2324 62403.5075   27 5769 55041.2414 70340.0587  27.8%   942 5957s
  3739  2326 60970.4568   29 5865 55041.2414 70340.0587  27.8%   942 5960s
  3743  2330 58928.7280   33 5143 55041.2414 70340.0587  27.8%   943 5965s
  3757  2334 69441.3310   21 6601 55041.2414 70296.5772  27.7%   942 5981s
  3759  2336 68098.4488   23 6172 55041.2414 70296.5772  27.7%   943 5986s
  3763  2340 66155.4450   27 5604 55041.2414 70296.5772  27.7%   944 5992s
  3765  2342 63975.7413   29 5399 55041.2414 70296.5772  27.7%   944 5995s
  3772  2349 61351.1299   36 4707 55041.2414 70296.5772  27.7%   945 6000s
  3783  2360 55562.9275   47 2774 55041.2414 70296.5772  27.7%   944 6005s
  3796  2358 69397.4722   21 6599 55041.2414 70287.8819  27.7%   943 6018s
  3797  2359 68480.6104   22 6059 55041.2414 70287.8819  27.7%   944 6022s
  3799  2361 66857.8656   24 5718 55041.2414 70287.8819  27.7%   944 6026s
  3804  2366 63139.2652   29 5082 55041.2414 70287.8819  27.7%   945 6030s
  3811  2373 58481.9780   36 4480 55041.2414 70287.8819  27.7%   945 6035s
  3820  2382 56278.6014   45 3393 55041.2414 70287.8819  27.7%   944 6040s
  3836  2388 68948.3034   21 6113 55041.2414 70268.2480  27.7%   943 6053s
  3837  2389 68502.3419   22 6022 55041.2414 70268.2480  27.7%   943 6055s
  3840  2392 68138.4690   23 5881 55041.2414 70268.2480  27.7%   944 6060s
  3844  2396 66296.0832   24 5664 55041.2414 70268.2480  27.7%   944 6066s
  3849  2401 64151.1620   28 5100 55041.2414 70268.2480  27.7%   945 6070s
  3854  2406 61907.4494   31 4393 55041.2414 70268.2480  27.7%   945 6075s
  3863  2415 58958.6248   34 4250 55041.2414 70268.2480  27.7%   945 6080s
  3871  2423 60088.4740   36 4015 55041.2414 70268.2480  27.7%   945 6085s
  3896  2427 69127.6466   21 6503 55041.2414 70267.3822  27.7%   942 6097s
  3899  2430 66576.3748   24 5929 55041.2414 70267.3822  27.7%   943 6105s
  3906  2437 63835.4800   31 5058 55041.2414 70267.3822  27.7%   943 6110s
  3917  2448 60160.0536   42 3671 55041.2414 70267.3822  27.7%   942 6115s
  3937  2457 55117.5653   53 2300 55041.2414 70267.3822  27.7%   940 6120s
  3943  2453 68793.7216   21 6254 55041.2414 70260.1677  27.7%   940 6131s
  3945  2455 67951.0709   23 5985 55041.2414 70260.1677  27.7%   940 6135s
  3947  2457 67298.0594   25 5857 55041.2414 70260.1677  27.7%   941 6140s
  3950  2460 65293.9720   28 5566 55041.2414 70260.1677  27.7%   941 6145s
  3957  2467 62885.8553   35 4924 55041.2414 70260.1677  27.7%   941 6150s
  3964  2474 60665.9489   42 3761 55041.2414 70260.1677  27.7%   941 6155s
  3982  2484 55727.1639   53 1883 55041.2414 70260.1677  27.7%   940 6160s
  3986  2482 68554.9856   21 6448 55041.2414 70249.3877  27.6%   940 6165s
  3990  2486 66423.6823   24 5931 55041.2414 70249.3877  27.6%   941 6170s
  3995  2491 65093.5305   26 5682 55041.2414 70249.3877  27.6%   941 6175s
  4000  2496 63739.6166   31 5075 55041.2414 70249.3877  27.6%   942 6180s
  4008  2504 62748.5233   34 4734 55041.2414 70249.3877  27.6%   942 6185s
  4015  2511 61301.3799   37 4109 55041.2414 70249.3877  27.6%   942 6190s
  4025  2521 59614.5176   41 3694 55041.2414 70249.3877  27.6%   942 6195s
  4034  2530 58540.1708   44 3320 55041.2414 70249.3877  27.6%   943 6200s
  4050  2544 55739.2596   52 2055 55041.2414 70249.3877  27.6%   942 6205s
  4060  2545 69554.7031   20 6726 55041.2414 70247.3289  27.6%   941 6216s
  4061  2546 68972.9017   21 6817 55041.2414 70247.3289  27.6%   942 6220s
  4063  2548 67872.5589   23 6458 55041.2414 70247.3289  27.6%   942 6226s
  4065  2550 66416.4265   25 5904 55041.2414 70247.3289  27.6%   943 6231s
  4067  2552 65703.2597   27 5848 55041.2414 70247.3289  27.6%   944 6235s
  4069  2554 64228.6142   29 5782 55041.2414 70247.3289  27.6%   944 6240s
  4073  2558 62285.8372   33 5209 55041.2414 70247.3289  27.6%   945 6245s
  4079  2564 60036.1299   39 4188 55041.2414 70247.3289  27.6%   945 6250s
  4091  2572     cutoff   50      55041.2414 70247.3289  27.6%   945 6255s
H 4100  2569                    55042.422483 70247.3289  27.6%   943 6281s
  4102  2573 68457.7150   21 6491 55042.4225 70225.6257  27.6%   945 6286s
  4104  2575 67488.2284   22 6080 55042.4225 70225.6257  27.6%   945 6290s
  4107  2578 66143.5059   24 5811 55042.4225 70225.6257  27.6%   945 6295s
  4112  2583 64399.0986   26 5561 55042.4225 70225.6257  27.6%   946 6301s
  4117  2588 64494.6358   29 5300 55042.4225 70225.6257  27.6%   946 6305s
  4124  2595 62445.4215   32 4908 55042.4225 70225.6257  27.6%   946 6310s
  4132  2603 61506.3691   36 4510 55042.4225 70225.6257  27.6%   947 6315s
  4140  2611 59805.4896   40 3886 55042.4225 70225.6257  27.6%   947 6320s
  4151  2622 58044.6664   46 2992 55042.4225 70225.6257  27.6%   947 6325s
  4169  2632 69197.3190   21 6261 55042.4225 70222.5950  27.6%   945 6337s
  4173  2636 67257.0286   25 5910 55042.4225 70222.5950  27.6%   945 6340s
  4176  2639 64513.6926   28 5435 55042.4225 70222.5950  27.6%   946 6345s
  4180  2643 62955.5831   32 5126 55042.4225 70222.5950  27.6%   947 6351s
  4186  2649 60683.3532   38 4300 55042.4225 70222.5950  27.6%   947 6355s
H 4193  2654                    55042.424664 70222.5950  27.6%   947 6363s
  4202  2657 56087.3847   47 2914 55042.4247 70222.5950  27.6%   947 6365s
  4213  2656 69226.7624   22 5747 55042.4247 70221.7610  27.6%   946 6376s
  4215  2658 67616.8000   24 5636 55042.4247 70221.7610  27.6%   947 6380s
  4218  2661 66887.2714   27 5508 55042.4247 70221.7610  27.6%   947 6385s
  4221  2664 65079.9599   30 4995 55042.4247 70221.7610  27.6%   947 6394s
  4222  2665 64916.4727   31 4860 55042.4247 70221.7610  27.6%   947 6395s
  4228  2671 63322.1326   37 4266 55042.4247 70221.7610  27.6%   947 6400s
  4234  2677 60427.8648   43 3373 55042.4247 70221.7610  27.6%   947 6405s
  4241  2684 55182.4619   50 2320 55042.4247 70221.7610  27.6%   948 6410s
  4247  2683 69191.5813   20 6648 55042.4247 70220.3970  27.6%   947 6419s
  4248  2684 68654.3311   21 6425 55042.4247 70220.3970  27.6%   948 6421s
  4251  2687 66627.3513   24 5840 55042.4247 70220.3970  27.6%   948 6426s
  4254  2690 65411.5238   27 5661 55042.4247 70220.3970  27.6%   948 6430s
  4258  2694 63362.9341   31 5334 55042.4247 70220.3970  27.6%   949 6435s
  4264  2700 60494.0938   37 4489 55042.4247 70220.3970  27.6%   949 6440s
  4272  2708 57249.7528   45 3135 55042.4247 70220.3970  27.6%   949 6445s
H 4280  2701                    55078.810386 70220.3970  27.5%   948 6458s
  4282  2705 66920.3766   24 5460 55078.8104 70213.6091  27.5%   949 6460s
  4289  2712 65538.9226   31 4579 55078.8104 70213.6091  27.5%   949 6465s
  4296  2719 62482.9964   38 4176 55078.8104 70213.6091  27.5%   949 6470s
  4301  2724 60782.6265   43 3553 55078.8104 70213.6091  27.5%   950 6475s
  4310  2733 56633.8345   52 2164 55078.8104 70213.6091  27.5%   950 6480s
  4319  2734 68892.1049   22 5833 55078.8104 70168.1643  27.4%   949 6491s
  4322  2737 67738.4971   25 5559 55078.8104 70168.1643  27.4%   950 6495s
  4327  2742 65829.2775   30 5051 55078.8104 70168.1643  27.4%   950 6501s
  4333  2748 64134.1616   36 4516 55078.8104 70168.1643  27.4%   950 6505s
  4343  2758 59193.4554   46 2916 55078.8104 70168.1643  27.4%   950 6510s
H 4354  2759                    55078.872569 70168.1643  27.4%   950 6531s
  4355  2762 66433.9875   21 6508 55078.8726 70160.0899  27.4%   952 6535s
  4358  2765 64818.2097   24 5994 55078.8726 70160.0899  27.4%   952 6540s
  4362  2769 62963.2156   28 5394 55078.8726 70160.0899  27.4%   953 6545s
  4368  2775 60865.7134   34 5108 55078.8726 70160.0899  27.4%   953 6550s
  4377  2784 57545.0001   43 3525 55078.8726 70160.0899  27.4%   953 6555s
  4389  2788 69056.1440   21 6158 55078.8726 70148.8699  27.4%   952 6566s
  4391  2790 67438.0799   23 5874 55078.8726 70148.8699  27.4%   952 6570s
  4396  2795 65106.2383   28 5414 55078.8726 70148.8699  27.4%   952 6575s
  4401  2800 62913.8233   33 4966 55078.8726 70148.8699  27.4%   952 6581s
  4409  2808 59253.1396   41 3777 55078.8726 70148.8699  27.4%   952 6585s
  4425  2816 69164.1250   20 6567 55078.8726 70134.5227  27.3%   951 6597s
  4427  2818 68345.3919   21 6518 55078.8726 70134.5227  27.3%   952 6601s
  4431  2822 67384.1446   23 6274 55078.8726 70134.5227  27.3%   952 6606s
  4435  2826 65555.5215   25 5932 55078.8726 70134.5227  27.3%   953 6610s
  4437  2828 66006.3325   25 5941 55078.8726 70134.5227  27.3%   953 6618s
  4439  2830 65151.4631   27 5730 55078.8726 70134.5227  27.3%   953 6620s
  4445  2836 63212.6552   29 5516 55078.8726 70134.5227  27.3%   954 6625s
  4451  2842 61186.5447   32 5072 55078.8726 70134.5227  27.3%   955 6630s
  4457  2848 61416.0477   32 5079 55078.8726 70134.5227  27.3%   955 6635s
H 4460  2849                    55082.366467 70134.5227  27.3%   955 6655s
  4465  2856 60145.4350   35 4555 55082.3665 70134.5227  27.3%   955 6660s
  4472  2863 56118.5478   38 3579 55082.3665 70134.5227  27.3%   956 6666s
  4484  2871 57006.9358   41 3520 55082.3665 70134.5227  27.3%   955 6670s
  4493  2869 69427.7633   20 6638 55082.3665 70057.0440  27.2%   954 6685s
  4496  2872 67166.7623   23 6292 55082.3665 70057.0440  27.2%   955 6691s
  4499  2875 66028.6892   25 5995 55082.3665 70057.0440  27.2%   956 6699s
  4500  2876 66292.8847   24 6247 55082.3665 70057.0440  27.2%   956 6701s
  4503  2879 64768.8668   27 5857 55082.3665 70057.0440  27.2%   957 6705s
  4508  2884 63935.1587   29 5526 55082.3665 70057.0440  27.2%   957 6710s
  4514  2890 62723.9235   33 5025 55082.3665 70057.0440  27.2%   957 6715s
  4520  2896 61705.0010   34 4759 55082.3665 70057.0440  27.2%   958 6720s
  4524  2900 61813.5432   35 4834 55082.3665 70057.0440  27.2%   958 6725s
  4530  2906 60564.8966   36 4332 55082.3665 70057.0440  27.2%   959 6730s
  4537  2913 60367.1969   37 4156 55082.3665 70057.0440  27.2%   959 6735s
  4547  2923 58865.8266   43 3485 55082.3665 70057.0440  27.2%   959 6740s
  4557  2933 57752.2139   44 3264 55082.3665 70057.0440  27.2%   959 6745s
  4567  2943 55611.3960   48 2873 55082.3665 70057.0440  27.2%   958 6750s
  4579  2944 69581.4878   22 6358 55082.3665 70034.4670  27.1%   957 6759s
  4580  2945 69002.3376   23 6205 55082.3665 70034.4670  27.1%   957 6760s
  4583  2948 65406.1803   26 5926 55082.3665 70034.4670  27.1%   958 6766s
  4586  2951 63542.7085   29 5628 55082.3665 70034.4670  27.1%   958 6770s
H 4589  2952                    55082.621947 70034.4670  27.1%   958 6777s
  4593  2958 60194.5994   36 4760 55082.6219 70034.4670  27.1%   959 6781s
  4599  2964 58388.8386   42 3680 55082.6219 70034.4670  27.1%   959 6785s
  4611  2968 68934.2649   22 6322 55082.6219 70023.4688  27.1%   958 6796s
  4613  2970 67954.0689   24 6111 55082.6219 70023.4688  27.1%   959 6800s
  4615  2972 67153.5998   26 5929 55082.6219 70023.4688  27.1%   959 6807s
  4617  2974 66147.0072   28 5777 55082.6219 70023.4688  27.1%   959 6810s
  4620  2977 64897.7984   31 5511 55082.6219 70023.4688  27.1%   960 6815s
  4624  2981 63033.1924   35 5040 55082.6219 70023.4688  27.1%   961 6820s
  4632  2989 60171.0533   43 3653 55082.6219 70023.4688  27.1%   961 6825s
H 4633  2988                    55083.515384 70023.4688  27.1%   960 6829s
  4635  2992 58608.7607   46 3167 55083.5154 70023.4688  27.1%   960 6830s
H 4652  2991                    55085.444037 70023.4688  27.1%   959 6883s
  4653  2994 67562.9639   23 5871 55085.4440 70012.6127  27.1%   961 6885s
  4657  2998 65917.9190   27 5612 55085.4440 70012.6127  27.1%   961 6890s
  4662  3003 65049.4895   32 5083 55085.4440 70012.6127  27.1%   960 6895s
  4670  3011 62440.7053   40 3963 55085.4440 70012.6127  27.1%   960 6900s
  4678  3019 58292.9252   48 2805 55085.4440 70012.6127  27.1%   961 6905s
  4694  3021 68826.9756   22 6090 55085.4440 70009.2161  27.1%   960 6919s
  4695  3022 68086.3693   23 5801 55085.4440 70009.2161  27.1%   960 6922s
  4697  3024 66720.6967   25 5642 55085.4440 70009.2161  27.1%   960 6925s
  4701  3028 65786.6706   29 5521 55085.4440 70009.2161  27.1%   961 6930s
  4706  3033 64424.4186   34 4937 55085.4440 70009.2161  27.1%   961 6936s
  4711  3038 62367.5444   39 4016 55085.4440 70009.2161  27.1%   961 6940s
  4724  3051 56618.5703   52 1894 55085.4440 70009.2161  27.1%   960 6945s
  4733  3053 69529.2506   22 6253 55085.4440 69938.5092  27.0%   959 6952s
  4734  3054 68981.2216   23 5958 55085.4440 69938.5092  27.0%   960 6956s
  4737  3057 66842.2190   26 5668 55085.4440 69938.5092  27.0%   960 6962s
  4739  3059 65747.0842   28 5506 55085.4440 69938.5092  27.0%   960 6965s
  4742  3062 64383.5905   31 5425 55085.4440 69938.5092  27.0%   961 6970s
  4748  3068 61320.6600   37 4582 55085.4440 69938.5092  27.0%   961 6976s
  4761  3081 57319.9490   50 2479 55085.4440 69938.5092  27.0%   960 6980s
  4774  3082 68392.3701   21 6487 55085.4440 69923.0049  26.9%   960 6987s
  4775  3083 67581.3013   22 6342 55085.4440 69923.0049  26.9%   960 6990s
  4779  3087 66513.9732   26 5856 55085.4440 69923.0049  26.9%   960 6995s
  4784  3092 64394.9643   31 5396 55085.4440 69923.0049  26.9%   960 7000s
  4790  3098 61884.7590   37 4559 55085.4440 69923.0049  26.9%   961 7005s
  4797  3105 57411.6803   44 3519 55085.4440 69923.0049  26.9%   961 7010s
  4807  3106 68762.3420   21 6213 55085.4440 69922.8072  26.9%   962 7023s
  4808  3107 68346.7208   22 5960 55085.4440 69922.8072  26.9%   962 7025s
  4813  3112 66778.4594   27 5466 55085.4440 69922.8072  26.9%   962 7031s
  4819  3118 63560.9128   33 4640 55085.4440 69922.8072  26.9%   962 7035s
  4830  3129 58094.0120   44 3083 55085.4440 69922.8072  26.9%   961 7040s
  4857  3143 68589.9693   21 6114 55085.4440 69913.6191  26.9%   959 7052s
  4860  3146 67241.0966   24 5834 55085.4440 69913.6191  26.9%   959 7057s
  4863  3149 66328.1780   27 5320 55085.4440 69913.6191  26.9%   959 7060s
  4866  3152 64422.0908   30 5079 55085.4440 69913.6191  26.9%   960 7065s
  4870  3156 62799.2475   34 4810 55085.4440 69913.6191  26.9%   960 7070s
  4879  3165 58759.5322   43 3341 55085.4440 69913.6191  26.9%   960 7076s
  4891  3169 56239.0857   48 2623 55085.4440 69913.6191  26.9%   960 7080s
  4899  3171 68684.3496   21 6486 55085.4440 69899.6159  26.9%   960 7093s
  4900  3172 67591.9414   22 6315 55085.4440 69899.6159  26.9%   960 7095s
  4904  3176 64717.8568   26 5966 55085.4440 69899.6159  26.9%   961 7103s
  4906  3178 63098.3161   28 5717 55085.4440 69899.6159  26.9%   961 7107s
H 4910  3180                    55095.119950 69899.6159  26.9%   961 7136s
  4912  3184 59488.8218   34 5262 55095.1200 69899.6159  26.9%   961 7140s
  4922  3194 56252.2698   44 3365 55095.1200 69899.6159  26.9%   961 7145s
  4930  3194 68640.4601   20 6398 55095.1200 69890.9166  26.9%   961 7153s
  4932  3196 67415.4215   21 6221 55095.1200 69890.9166  26.9%   961 7155s
  4936  3200 67142.7152   23 5789 55095.1200 69890.9166  26.9%   961 7160s
  4942  3206 65312.2149   26 5570 55095.1200 69890.9166  26.9%   961 7165s
  4945  3209 63932.3192   28 5032 55095.1200 69890.9166  26.9%   962 7170s
  4952  3216 62457.4832   31 4677 55095.1200 69890.9166  26.9%   963 7175s
  4962  3226 60995.7304   36 4235 55095.1200 69890.9166  26.9%   963 7180s
  4975  3239 57973.1721   43 3268 55095.1200 69890.9166  26.9%   962 7185s
  4991  3251 55798.1236   51 2235 55095.1200 69890.9166  26.9%   962 7190s
  5001  3249 68906.4337   22 6348 55095.1200 69890.2703  26.9%   961 7199s

Cutting planes:
  Lift-and-project: 29
  Cover: 226
  Implied bound: 860
  Clique: 10
  MIR: 192
  Mixing: 3
  StrongCG: 1
  Flow cover: 262
  Zero half: 1276
  RLT: 2560
  Relax-and-lift: 109
  BQP: 229

Explored 5002 nodes (4956135 simplex iterations) in 7200.00 seconds (8715.91 work units)
Thread count was 1 (of 52 available processors)

Solution count 10: 55095.1 55085.4 55083.5 ... 55009.7

Time limit reached
Best objective 5.509511995009e+04, best bound 6.989027031142e+04, gap 26.8538%

User-callback calls 832421, time in user-callback 1.02 sec
Setting Gurobi: Solving MILP formulation (H.6) of the CFLPJLCR by the B&C algorithm of Gurobi.


Total CPU time: 7200.00 sec
Termination status: TIME_LIMIT
Percentage optimality gap: 21.17 %
Number of explored nodes: 5002
Objective value of the returned solution: 55095.119950
Optimal facility locations: [2, 4, 5, 31, 32, 33, 34, 44, 45]

@end of file
