Gurobi Optimizer version 11.0.1 build v11.0.1rc0 (linux64 - "CentOS Linux 7 (Core)")

CPU model: Intel(R) Xeon(R) Gold 6230R CPU @ 2.10GHz, instruction set [SSE2|AVX|AVX2|AVX512]
Thread count: 52 physical cores, 52 logical processors, using up to 1 threads

Optimize a model with 71943 rows, 22450 columns and 217286 nonzeros
Model fingerprint: 0xeceee755
Variable types: 11200 continuous, 11250 integer (11250 binary)
Coefficient statistics:
  Matrix range     [5e-07, 5e+01]
  Objective range  [2e+01, 2e+03]
  Bounds range     [1e+00, 1e+00]
  RHS range        [1e+00, 5e+00]
Found heuristic solution: objective -0.0000000
Presolve removed 27837 rows and 3324 columns
Presolve time: 1.31s
Presolved: 44106 rows, 19126 columns, 143108 nonzeros
Variable types: 9538 continuous, 9588 integer (9588 binary)
Root relaxation presolved: 44106 rows, 19126 columns, 143108 nonzeros


Root simplex log...

Iteration    Objective       Primal Inf.    Dual Inf.      Time
   24238    8.3626053e+04   1.035363e+05   0.000000e+00      5s
   29840    8.1832756e+04   4.723214e+03   0.000000e+00     10s
   32087    8.1685425e+04   0.000000e+00   0.000000e+00     12s

Root relaxation: objective 8.168543e+04, 32087 iterations, 10.57 seconds (11.14 work units)
Total elapsed time = 15.99s (DegenMoves)

    Nodes    |    Current Node    |     Objective Bounds      |     Work
 Expl Unexpl |  Obj  Depth IntInf | Incumbent    BestBd   Gap | It/Node Time

     0     0 81685.4254    0 9361   -0.00000 81685.4254      -     -   17s
H    0     0                    16385.319410 81685.4254   399%     -   19s
H    0     0                    16396.932943 81685.4254   398%     -   19s
     0     0 79736.3634    0 8452 16396.9329 79736.3634   386%     -   43s
H    0     0                    21742.515192 79623.6537   266%     -   45s
H    0     0                    26245.907910 79623.6537   203%     -   47s
     0     0 79623.6537    0 8388 26245.9079 79623.6537   203%     -   51s
     0     0 79623.6537    0 8388 26245.9079 79623.6537   203%     -   51s
     0     0 78949.6343    0 8164 26245.9079 78949.6343   201%     -   70s
H    0     0                    31548.706673 78945.2114   150%     -   72s
     0     0 78847.2896    0 8085 31548.7067 78847.2896   150%     -   73s
     0     0 78844.3358    0 8067 31548.7067 78844.3358   150%     -   73s
     0     0 78843.8740    0 8066 31548.7067 78843.8740   150%     -   74s
     0     0 78681.7689    0 7941 31548.7067 78681.7689   149%     -   90s
H    0     0                    32133.201702 78553.0017   144%     -   93s
     0     0 78553.0017    0 7888 32133.2017 78553.0017   144%     -   93s
     0     0 78553.0017    0 7968 32133.2017 78553.0017   144%     -   93s
     0     0 78553.0017    0 7931 32133.2017 78553.0017   144%     -  113s
H    0     0                    34818.976670 78553.0017   126%     -  116s
     0     0 78553.0017    0 7917 34818.9767 78553.0017   126%     -  117s
     0     0 78553.0017    0 7915 34818.9767 78553.0017   126%     -  117s
     0     0 78553.0017    0 7893 34818.9767 78553.0017   126%     -  118s
     0     0 78553.0017    0 7867 34818.9767 78553.0017   126%     -  141s
H    0     0                    34993.836859 78553.0017   124%     -  144s
     0     0 78553.0017    0 7826 34993.8369 78553.0017   124%     -  145s
     0     0 78522.4712    0 7810 34993.8369 78522.4712   124%     -  170s
     0     0 78516.5594    0 7791 34993.8369 78516.5594   124%     -  171s
     0     0 78492.7984    0 7817 34993.8369 78492.7984   124%     -  199s
H    0     0                    35057.877489 78492.3609   124%     -  203s
     0     0 78491.0892    0 7827 35057.8775 78491.0892   124%     -  204s
     0     0 78484.5622    0 7763 35057.8775 78484.5622   124%     -  233s
     0     0 78480.5950    0 7763 35057.8775 78480.5950   124%     -  250s
H    0     0                    46650.250359 78478.0978  68.2%     -  277s
H    0     0                    46687.795950 78478.0978  68.1%     -  279s
     0     2 78478.0978    0 7763 46687.7959 78478.0978  68.1%     -  281s
     1     3 78384.8214    1 7770 46687.7959 78478.0978  68.1%  3712  285s
     2     4 77060.3643    1 7580 46687.7959 78380.3384  67.9%  3712  290s
     4     6 77475.2749    2 7615 46687.7959 77984.5563  67.0%  4042  301s
     5     7 76735.4811    3 7756 46687.7959 77980.2332  67.0%  4876  312s
     6     8 77021.8749    3 7650 46687.7959 77474.5020  65.9%  4664  316s
     8    10 75250.2749    5 7315 46687.7959 77474.5020  65.9%  4603  326s
     9    11 75972.4106    5 7374 46687.7959 77474.5020  65.9%  4481  330s
    10    12 74830.2731    6 7193 46687.7959 77474.5020  65.9%  4440  336s
    11    13 74392.6958    6 7256 46687.7959 77474.5020  65.9%  4399  341s
    13    15 73601.5987    7 6990 46687.7959 77474.5020  65.9%  4237  349s
    14    16 74520.2986    8 6999 46687.7959 77474.5020  65.9%  4023  351s
    17    19 74190.2241   10 6860 46687.7959 77474.5020  65.9%  3701  360s
    18    20 73172.8584   10 6862 46687.7959 77474.5020  65.9%  3694  366s
    20    22 73111.9982   11 6783 46687.7959 77474.5020  65.9%  3641  375s
    21    23 72075.5579   12 6589 46687.7959 77474.5020  65.9%  3776  384s
    22    24 72019.0639   12 6694 46687.7959 77474.5020  65.9%  3693  386s
    23    25 71545.9297   13 6369 46687.7959 77474.5020  65.9%  3775  391s
    25    27 71111.2371   14 6280 46687.7959 77474.5020  65.9%  3736  398s
H   26    26                    50087.225078 77474.5020  54.7%  3593  404s
    27    29 70781.7670   15 6141 50087.2251 77474.5020  54.7%  3667  406s
    29    31 70690.5678   16 6065 50087.2251 77474.5020  54.7%  3559  410s
    31    33 70036.2067   17 5966 50087.2251 77474.5020  54.7%  3525  415s
    34    35 68756.1542   18 5906 50087.2251 77474.5020  54.7%  3410  421s
    39    37 68568.6694   22 5526 50087.2251 77474.5020  54.7%  3127  425s
    43    41 67363.2857   24 5272 50087.2251 77474.5020  54.7%  2992  430s
    46    44 66226.2434   25 5188 50087.2251 77474.5020  54.7%  2962  436s
    52    50 64901.2230   28 4690 50087.2251 77474.5020  54.7%  2752  440s
H   54    50                    50845.801840 77474.5020  52.4%  2658  443s
    56    54 64987.1301   30 4379 50845.8018 77474.5020  52.4%  2625  445s
    63    61 65118.9071   34 3554 50845.8018 77474.5020  52.4%  2453  450s
    75    73 63127.7921   40 2977 50845.8018 77474.5020  52.4%  2175  455s
H   78    74                    51474.985178 77474.5020  50.5%  2110  457s
    89    83 61839.3776   50 2480 51474.9852 77474.5020  50.5%  1904  460s
H  104    96                    51837.291235 77474.5020  49.5%  1706  465s
H  130   106                    51949.447100 77474.5020  49.1%  1382  467s
H  135   106                    52239.293241 77474.5020  48.3%  1335  469s
   145   114 57729.3328   88 1554 52239.2932 77474.5020  48.3%  1244  470s
H  156   115                    52634.438135 77474.5020  47.2%  1157  470s
H  162   120                    52808.411162 77474.5020  46.7%  1117  472s
H  182   135                    52993.120062 77474.5020  46.2%  1000  474s
   190   140 56454.7950  118 1491 52993.1201 77474.5020  46.2%   958  475s
H  234   167                    53009.788764 77474.5020  46.2%   779  480s
H  244   174                    53028.689850 77474.5020  46.1%   747  481s
H  261   185                    53062.213993 77474.5020  46.0%   701  483s
   287   209 54981.4376  199 1336 53062.2140 77474.5020  46.0%   638  486s
H  325   241                    53062.344599 77474.5020  46.0%   567  489s
   330   248 54532.4187  233 1289 53062.3446 77474.5020  46.0%   558  490s
   420   316 53348.9665  307 1156 53062.3446 77474.5020  46.0%   441  495s
H  457   334                    53062.917819 77474.5020  46.0%   406  508s
   458   337 74827.5186    4 7235 53062.9178 77430.7453  45.9%   434  516s
   459   338 74546.6075    4 7215 53062.9178 77430.7453  45.9%   456  527s
H  460   337                    53068.931589 77430.7453  45.9%   455  530s
   462   341 73749.3525    6 7022 53068.9316 77430.7453  45.9%   473  539s
   464   343 73418.1827    8 6896 53068.9316 77430.7453  45.9%   473  540s
   467   346 72567.7854   10 6693 53068.9316 77430.7453  45.9%   485  546s
   469   348 71304.9822   11 6570 53068.9316 77430.7453  45.9%   492  550s
   472   351 71369.5593   13 6275 53068.9316 77430.7453  45.9%   502  555s
   473   352 70671.3982   13 6304 53068.9316 77430.7453  45.9%   505  562s
   474   353 70261.7585   14 6103 53068.9316 77430.7453  45.9%   512  565s
H  483   359                    53069.137991 77430.7453  45.9%   513  574s
   484   362 69426.9359   22 5705 53069.1380 77430.7453  45.9%   517  575s
H  487   342                    53264.567375 77430.7453  45.4%   525  582s
   495   352 67956.7730   31 5400 53264.5674 77430.7453  45.4%   530  585s
   502   359 66772.3789   37 4637 53264.5674 77430.7453  45.4%   537  590s
H  509   362                    53304.777097 77430.7453  45.3%   538  594s
   510   365 65183.2745   44 3556 53304.7771 77430.7453  45.3%   541  595s
H  514   365                    53329.707389 77430.7453  45.2%   540  597s
   524   375 62149.9075   54 2882 53329.7074 77430.7453  45.2%   539  600s
H  536   382                    53332.499691 77430.7453  45.2%   527  603s
   541   387 60657.9233   71 2710 53332.4997 77430.7453  45.2%   524  605s
H  568   403                    53332.820193 77430.7453  45.2%   508  608s
   595   421 57546.9212  120 1689 53332.8202 77430.7453  45.2%   486  611s
   610   430 54471.3638  233 7763 53332.8202 77430.7453  45.2%   474  681s
   612   431 61111.9043   51 9093 53332.8202 77430.7453  45.2%   472  743s
   613   432 56062.1927  133 8256 53332.8202 77430.7453  45.2%   472  785s
   615   433 54265.0217  243 7769 53332.8202 77430.7453  45.2%   470  795s
   616   434 54882.2805  208 7646 53332.8202 77430.7453  45.2%   469  802s
   619   436 64754.5437   44 7462 53332.8202 77430.7453  45.2%   467  827s
H  619   414                    53338.739234 77430.7453  45.2%   467  848s
   622   416 61772.8798   69 7384 53338.7392 77430.7453  45.2%   465  870s
   623   417 55983.5503  140 7379 53338.7392 77430.7453  45.2%   464  903s
   625   418 54032.9952  264 7391 53338.7392 77430.7453  45.2%   463  932s
H  625   396                    53338.774508 77430.7453  45.2%   463  970s
   628   398 56219.2294  127 7386 53338.7745 77430.7453  45.2%   460 1002s
   629   399 58210.2736  102 7384 53338.7745 77430.7453  45.2%   460 1042s
   631   400 57433.0166   95 7407 53338.7745 77430.7453  45.2%   458 1067s
   632   401 54618.8568  224 7354 53338.7745 77430.7453  45.2%   457 1095s
   633   401 54725.3699  213 7369 53338.7745 77430.7453  45.2%   457 1121s
   634   402 67581.7743   24 7357 53338.7745 77430.7453  45.2%   456 1146s
   635   403 54058.8987  254 7351 53338.7745 77430.7453  45.2%   455 1181s
H  635   383                    53339.823931 77430.7453  45.2%   455 1255s
   637   386 76875.7820   11 7073 53339.8239 77430.7453  45.2%   595 1279s
   638   387 76515.1650   11 7141 53339.8239 76875.6899  44.1%   634 1331s
   639   387 75950.8121   12 6971 53339.8239 76875.6899  44.1%   640 1342s
   640   388 75698.0540   12 7023 53339.8239 76515.1576  43.4%   663 1371s
   641   389 75199.1036   13 6895 53339.8239 76515.1576  43.4%   668 1379s
   642   389 74961.2852   13 6970 53339.8239 76515.1576  43.4%   677 1389s
   643   390 74839.0453   14 6924 53339.8239 76515.1576  43.4%   679 1391s
   645   391 74196.2408   15 6783 53339.8239 76515.1576  43.4%   686 1398s
   646   392 73643.9635   15 6850 53339.8239 76515.1576  43.4%   689 1402s
   647   393 73990.3787   16 6687 53339.8239 76515.1576  43.4%   692 1407s
   648   393 73001.0490   16 6648 53339.8239 76515.1576  43.4%   698 1412s
   649   394 73254.4657   17 6522 53339.8239 76515.1576  43.4%   708 1422s
   650   395 72844.9148   17 6539 53339.8239 76515.1576  43.4%   713 1429s
   651   395 72623.1928   18 6362 53339.8239 76515.1576  43.4%   717 1434s
   652   396 71977.5591   18 6405 53339.8239 76515.1576  43.4%   723 1439s
   653   397 72240.1715   19 6290 53339.8239 76515.1576  43.4%   726 1443s
   654   397 71256.7785   19 6274 53339.8239 76515.1576  43.4%   730 1450s
   657   399 71482.2192   21 6129 53339.8239 76515.1576  43.4%   737 1458s
   658   400 70581.1615   21 6156 53339.8239 76515.1576  43.4%   740 1461s
   660   401 70291.0219   22 6034 53339.8239 76515.1576  43.4%   745 1466s
   661   402 70575.0790   23 5844 53339.8239 76515.1576  43.4%   752 1471s
   662   403 70029.1822   23 5826 53339.8239 76515.1576  43.4%   755 1477s
   663   403 70431.4751   24 5659 53339.8239 76515.1576  43.4%   757 1482s
   664   404 69450.0976   24 5712 53339.8239 76515.1576  43.4%   760 1485s
   666   405 69208.9648   25 5467 53339.8239 76515.1576  43.4%   765 1491s
   668   407 69169.4252   26 5362 53339.8239 76515.1576  43.4%   769 1495s
   671   409 67728.6356   28 5142 53339.8239 76515.1576  43.4%   773 1500s
   676   412 66280.7338   30 4928 53339.8239 76515.1576  43.4%   778 1505s
   682   416 64340.5953   33 4511 53339.8239 76515.1576  43.4%   781 1510s
   688   420 63084.4458   36 4026 53339.8239 76515.1576  43.4%   783 1516s
H  690   399                    53339.831410 76515.1576  43.4%   782 1521s
   696   405 61957.3712   40 3621 53339.8314 76515.1576  43.4%   785 1525s
   705   411 60603.2022   45 2686 53339.8314 76515.1576  43.4%   786 1530s
   717   419 56587.8407   51 2021 53339.8314 76515.1576  43.4%   784 1536s
   735   431 54052.4430   60 1295 53339.8314 76515.1576  43.4%   773 1540s
H  741   406                    53755.043412 76515.1576  42.3%   767 1541s
   744   405 75300.0546   12 7004 53755.0434 76515.1376  42.3%   775 1604s
   745   406 74274.6155   13 6878 53755.0434 76515.1376  42.3%   780 1611s
   746   407 74455.1476   13 6826 53755.0434 76515.1376  42.3%   787 1619s
   747   407 73407.2482   14 6726 53755.0434 76515.1376  42.3%   791 1625s
   748   408 73209.0920   14 6819 53755.0434 76515.1376  42.3%   797 1632s
   749   409 72941.0739   15 6651 53755.0434 76515.1376  42.3%   801 1638s
   750   409 72415.9663   15 6660 53755.0434 76515.1376  42.3%   805 1643s
   751   410 71614.5013   16 6593 53755.0434 76515.1376  42.3%   808 1647s
   752   411 71391.9262   16 6642 53755.0434 76515.1376  42.3%   814 1654s
   753   411 71063.7879   17 6485 53755.0434 76515.1376  42.3%   816 1658s
   754   412 70497.1839   17 6451 53755.0434 76515.1376  42.3%   819 1662s
   756   413 69963.3817   18 6427 53755.0434 76515.1376  42.3%   822 1666s
   757   414 70239.1680   19 6279 53755.0434 76515.1376  42.3%   826 1671s
   759   415 70055.1309   20 6135 53755.0434 76515.1376  42.3%   829 1676s
   761   417 69781.7442   21 6015 53755.0434 76515.1376  42.3%   832 1681s
   763   418 69238.3040   22 5935 53755.0434 76515.1376  42.3%   836 1687s
   765   419 68893.4538   23 5783 53755.0434 76515.1376  42.3%   838 1691s
H  767   401                    53757.102287 76515.1376  42.3%   837 1698s
   768   403 67417.3609   24 5726 53757.1023 76515.1376  42.3%   840 1700s
H  771   386                    53757.139524 76515.1376  42.3%   841 1708s
   773   390 67136.9467   27 5217 53757.1395 76515.1376  42.3%   846 1712s
   776   392 65867.3782   28 5130 53757.1395 76515.1376  42.3%   848 1716s
   779   394 65850.7635   30 4806 53757.1395 76515.1376  42.3%   849 1720s
   784   397 64471.3195   32 4543 53757.1395 76515.1376  42.3%   851 1725s
   790   401 63531.0726   35 4075 53757.1395 76515.1376  42.3%   851 1730s
H  793   385                    53760.031031 76515.1376  42.3%   851 1735s
H  798   373                    53760.031051 76515.1376  42.3%   853 1741s
   804   379 60891.8775   42 3150 53760.0311 76515.1376  42.3%   853 1745s
   808   382 59363.9030   44 2912 53760.0311 76515.1376  42.3%   853 1773s
   813   385 58977.7888   47 2436 53760.0311 76515.1376  42.3%   852 1775s
   819   389 56939.9359   50 2206 53760.0311 76515.1376  42.3%   851 1780s
H  825   376                    53760.033859 76515.1376  42.3%   848 1783s
   831   382 54977.8234   56 1540 53760.0339 76515.1376  42.3%   846 1785s
   867   379 54194.5746   74 1372 53760.0339 76515.1376  42.3%   813 1790s
   891   371 75622.8511   12 6994 53760.0339 75696.3649  40.8%   799 1845s
   892   372 74887.3620   13 6814 53760.0339 75696.3649  40.8%   804 1854s
   893   373 74594.5933   13 6995 53760.0339 75696.3649  40.8%   810 1863s
   894   373 74445.3490   14 6636 53760.0339 75696.3649  40.8%   814 1870s
   895   374 73901.0249   14 6639 53760.0339 75696.3649  40.8%   818 1876s
   896   375 72934.8754   15 6516 53760.0339 75696.3649  40.8%   822 1881s
H  897   360                    53760.713840 75696.3649  40.8%   821 1889s
   898   363 72557.2699   16 6435 53760.7138 75696.3649  40.8%   824 1892s
   899   364 71651.3705   16 6515 53760.7138 75696.3649  40.8%   826 1895s
   900   364 71927.9775   17 6328 53760.7138 75696.3649  40.8%   831 1901s
   901   365 71346.1732   17 6301 53760.7138 75696.3649  40.8%   833 1905s
   903   366 69959.2564   18 6189 53760.7138 75696.3649  40.8%   836 1911s
   905   368 69642.5548   19 6126 53760.7138 75696.3649  40.8%   838 1915s
   908   370 69987.7820   21 5899 53760.7138 75696.3649  40.8%   840 1921s
   911   372 68547.4377   22 5848 53760.7138 75696.3649  40.8%   842 1926s
   913   373 68227.4166   23 5771 53760.7138 75696.3649  40.8%   845 1931s
   916   375 68268.7542   25 5430 53760.7138 75696.3649  40.8%   847 1935s
   919   377 67049.4350   26 5335 53760.7138 75696.3649  40.8%   848 1940s
   922   379 67108.9803   28 5007 53760.7138 75696.3649  40.8%   851 1945s
   925   381 65993.9249   29 4940 53760.7138 75696.3649  40.8%   854 1950s
   929   384 65090.2289   31 4602 53760.7138 75696.3649  40.8%   856 1955s
   935   388 63441.4701   34 4224 53760.7138 75696.3649  40.8%   856 1961s
   940   391 64179.4219   37 3942 53760.7138 75696.3649  40.8%   857 1965s
   945   394 62750.1915   39 3698 53760.7138 75696.3649  40.8%   861 1970s
   952   399 61621.2266   43 3145 53760.7138 75696.3649  40.8%   862 1975s
   962   406 59773.6667   48 2401 53760.7138 75696.3649  40.8%   863 1980s
   982   419 57330.4863   58 1406 53760.7138 75696.3649  40.8%   855 1985s
  1030   449 56451.0193   82 1328 53760.7138 75696.3649  40.8%   821 1990s
  1096   491 55467.4229  115 1185 53760.7138 75696.3649  40.8%   776 1995s
  1174   532 55073.9071  154 1113 53760.7138 75696.3649  40.8%   728 2000s
  1299   559 54590.0666  216 1015 53760.7138 75696.3649  40.8%   660 2005s
  1443   648 53904.8652  289  779 53760.7138 75696.3649  40.8%   595 2010s
  1494   665 74648.5244   13 7049 53760.7138 75695.7363  40.8%   580 2063s
  1495   666 73659.0523   14 6819 53760.7138 75695.7363  40.8%   583 2070s
  1496   667 73950.8274   14 6948 53760.7138 75695.7363  40.8%   585 2076s
  1498   669 72591.8809   15 6664 53760.7138 75695.7363  40.8%   588 2083s
  1500   671 71277.7550   16 6601 53760.7138 75695.7363  40.8%   590 2087s
  1501   672 71940.9808   17 6389 53760.7138 75695.7363  40.8%   591 2090s
  1503   674 71797.3072   18 6313 53760.7138 75695.7363  40.8%   593 2095s
  1504   675 70783.4497   18 6355 53760.7138 75695.7363  40.8%   594 2102s
  1506   677 70675.5181   19 6285 53760.7138 75695.7363  40.8%   596 2106s
  1508   679 69864.8458   20 6146 53760.7138 75695.7363  40.8%   598 2110s
  1511   682 68364.3607   22 5950 53760.7138 75695.7363  40.8%   603 2119s
  1512   683 68028.4260   22 5940 53760.7138 75695.7363  40.8%   604 2121s
  1513   684 67584.9975   23 5799 53760.7138 75695.7363  40.8%   607 2127s
  1514   685 66699.4122   23 5833 53760.7138 75695.7363  40.8%   608 2130s
  1518   689 66119.4109   25 5572 53760.7138 75695.7363  40.8%   611 2135s
  1522   693 65835.3662   27 5380 53760.7138 75695.7363  40.8%   614 2141s
  1525   696 65614.9928   29 4979 53760.7138 75695.7363  40.8%   617 2145s
  1531   702 64008.9161   32 4552 53760.7138 75695.7363  40.8%   620 2151s
  1538   709 61416.6718   35 4234 53760.7138 75695.7363  40.8%   622 2156s
  1547   718 61722.9177   40 3510 53760.7138 75695.7363  40.8%   622 2160s
  1557   728 59441.4846   45 2854 53760.7138 75695.7363  40.8%   625 2165s
  1571   742 55903.3539   52 2096 53760.7138 75695.7363  40.8%   626 2170s
  1601   748 74837.6804   13 6919 53760.7138 74914.1483  39.3%   621 2190s
H 1602   747                    53760.752821 74914.1483  39.3%   621 2198s
  1602   749 73769.4610   14 6806 53760.7528 74914.1483  39.3%   623 2203s
  1603   750 74067.4217   14 6855 53760.7528 74914.1483  39.3%   625 2207s
  1604   751 73152.3886   15 6715 53760.7528 74914.1483  39.3%   626 2211s
  1605   752 72697.6810   15 6641 53760.7528 74914.1483  39.3%   627 2215s
  1608   755 71994.6609   17 6392 53760.7528 74914.1483  39.3%   630 2222s
  1609   756 71107.8128   17 6441 53760.7528 74914.1483  39.3%   632 2225s
  1611   758 70816.6158   18 6257 53760.7528 74914.1483  39.3%   633 2230s
  1613   760 70532.2636   19 6200 53760.7528 74914.1483  39.3%   636 2236s
  1615   762 68341.8308   20 5961 53760.7528 74914.1483  39.3%   638 2240s
  1619   766 68698.6153   22 6005 53760.7528 74914.1483  39.3%   640 2246s
  1623   770 68332.5063   24 5849 53760.7528 74914.1483  39.3%   642 2251s
  1626   773 68428.2057   26 5576 53760.7528 74914.1483  39.3%   643 2255s
H 1629   774                    53760.753940 74914.1483  39.3%   644 2278s
  1631   778 66874.4105   28 5417 53760.7539 74914.1483  39.3%   645 2280s
  1636   783 66516.9664   31 4826 53760.7539 74914.1483  39.3%   647 2285s
  1642   789 64955.7284   34 4361 53760.7539 74914.1483  39.3%   649 2290s
  1648   795 64320.4217   37 3951 53760.7539 74914.1483  39.3%   650 2295s
  1654   801 63904.0538   40 3518 53760.7539 74914.1483  39.3%   650 2300s
  1661   808 61918.9636   43 3243 53760.7539 74914.1483  39.3%   651 2305s
  1671   818 59476.7094   48 2474 53760.7539 74914.1483  39.3%   653 2310s
  1687   834 55584.1418   56 1664 53760.7539 74914.1483  39.3%   651 2315s
  1711   855 54203.4110   68 1171 53760.7539 74914.1483  39.3%   644 2320s
H 1732   866                    53763.078800 74914.1483  39.3%   636 2322s
  1741   875 54041.6882   85 1116 53763.0788 74914.1483  39.3%   633 2325s
H 1758   888                    53763.079900 74914.1483  39.3%   627 2327s
H 1765   883                    53789.607482 74914.1483  39.3%   625 2330s
H 1784   888                    53809.966322 74914.1483  39.2%   618 2332s
H 1792   881                    53819.279170 74914.1483  39.2%   615 2336s
  1809   886 74431.4154   14 6872 53819.2792 74593.9611  38.6%   612 2350s
  1810   887 74216.7699   15 6771 53819.2792 74593.9611  38.6%   613 2359s
  1811   888 73187.4554   15 6758 53819.2792 74593.9611  38.6%   615 2363s
  1812   889 73858.5899   16 6648 53819.2792 74593.9611  38.6%   616 2366s
  1814   891 72773.9741   17 6549 53819.2792 74593.9611  38.6%   618 2371s
  1816   893 72342.2559   18 6396 53819.2792 74593.9611  38.6%   620 2377s
  1818   895 71268.2279   19 6377 53819.2792 74593.9611  38.6%   621 2381s
H 1819   894                    53819.357370 74593.9611  38.6%   621 2388s
  1820   897 70977.6686   20 6191 53819.3574 74593.9611  38.6%   623 2390s
  1822   899 70472.2126   21 6164 53819.3574 74593.9611  38.6%   626 2396s
  1824   901 70043.9962   22 6105 53819.3574 74593.9611  38.6%   628 2400s
  1828   905 69380.3583   24 5843 53819.3574 74593.9611  38.6%   629 2405s
  1832   909 68666.0511   26 5533 53819.3574 74593.9611  38.6%   631 2411s
  1835   912 67563.5295   27 5472 53819.3574 74593.9611  38.6%   633 2415s
  1836   913 67550.8565   28 5250 53819.3574 74593.9611  38.6%   633 2420s
  1839   916 65715.0652   29 5172 53819.3574 74593.9611  38.6%   636 2425s
  1843   920 65202.4650   31 4941 53819.3574 74593.9611  38.6%   637 2430s
H 1846   897                    53882.974084 74593.9611  38.4%   638 2436s
  1851   904 62668.5508   35 4438 53882.9741 74593.9611  38.4%   640 2440s
  1858   911 62596.0163   39 3890 53882.9741 74593.9611  38.4%   642 2445s
  1867   920 60331.9420   43 3305 53882.9741 74593.9611  38.4%   644 2450s
H 1873   909                    53917.851826 74593.9611  38.3%   643 2453s
  1878   916 58928.6156   49 2424 53917.8518 74593.9611  38.3%   643 2455s
H 1900   890                    54014.366852 74593.9611  38.1%   639 2461s
H 1900   866                    54083.183523 74593.9611  37.9%   639 2463s
H 1927   882                    54083.779866 74593.9611  37.9%   630 2467s
H 1954   895                    54106.544119 74593.9611  37.9%   621 2471s
  2037   943 74037.2240   14 6707 54106.5441 74592.8744  37.9%   599 2491s
H 2038   904                    54159.117314 74592.8744  37.7%   599 2501s
  2039   907 73088.0939   15 6617 54159.1173 74592.8744  37.7%   601 2505s
  2040   908 72058.5061   16 6407 54159.1173 74592.8744  37.7%   604 2512s
H 2041   905                    54161.162255 74592.8744  37.7%   603 2520s
  2042   908 71621.5284   17 6231 54161.1623 74592.8744  37.7%   606 2525s
  2045   911 70447.5330   18 6111 54161.1623 74592.8744  37.7%   608 2531s
  2048   914 70040.6443   20 5932 54161.1623 74592.8744  37.7%   610 2536s
  2051   917 68807.1788   21 5841 54161.1623 74592.8744  37.7%   612 2541s
  2054   920 68335.1296   23 5674 54161.1623 74592.8744  37.7%   613 2545s
  2057   923 66624.9530   24 5525 54161.1623 74592.8744  37.7%   615 2550s
  2062   928 66441.2127   27 5040 54161.1623 74592.8744  37.7%   616 2555s
  2069   935 64722.6994   30 4650 54161.1623 74592.8744  37.7%   618 2560s
  2076   942 64337.5816   34 4312 54161.1623 74592.8744  37.7%   619 2565s
  2085   951 61087.9304   38 3870 54161.1623 74592.8744  37.7%   620 2570s
  2093   959 59242.2667   42 3210 54161.1623 74592.8744  37.7%   621 2575s
  2108   974 57414.4849   50 2171 54161.1623 74592.8744  37.7%   622 2580s
  2122   986 54774.3100   57 1401 54161.1623 74592.8744  37.7%   622 2585s
  2137   980 73570.6676   14 6627 54161.1623 74517.9315  37.6%   620 2598s
  2138   981 72549.2355   15 6494 54161.1623 74517.9315  37.6%   621 2601s
  2140   983 72047.0231   16 6442 54161.1623 74517.9315  37.6%   623 2608s
  2141   984 71358.5513   16 6337 54161.1623 74517.9315  37.6%   624 2611s
  2143   986 70872.1909   17 6339 54161.1623 74517.9315  37.6%   625 2616s
  2144   987 70346.4388   18 6197 54161.1623 74517.9315  37.6%   627 2620s
H 2145   986                    54161.432620 74517.9315  37.6%   627 2628s
  2147   990 69096.8603   19 6181 54161.4326 74517.9315  37.6%   628 2630s
  2151   994 68586.6589   21 5917 54161.4326 74517.9315  37.6%   630 2636s
  2154   997 67954.8875   23 5800 54161.4326 74517.9315  37.6%   631 2640s
  2157  1000 66579.4830   24 5705 54161.4326 74517.9315  37.6%   633 2645s
  2161  1004 66162.9094   26 5564 54161.4326 74517.9315  37.6%   635 2650s
  2165  1008 65479.9610   28 5195 54161.4326 74517.9315  37.6%   636 2655s
  2171  1014 63873.0654   31 4902 54161.4326 74517.9315  37.6%   638 2660s
  2175  1018 63227.8602   33 4607 54161.4326 74517.9315  37.6%   640 2665s
  2183  1026 61512.4257   37 4042 54161.4326 74517.9315  37.6%   641 2670s
H 2185  1026                    54161.445749 74517.9315  37.6%   641 2674s
  2186  1029 61996.6259   39 3700 54161.4457 74517.9315  37.6%   642 2675s
  2196  1039 60311.9372   44 2928 54161.4457 74517.9315  37.6%   644 2680s
  2214  1057 55960.5222   53 2018 54161.4457 74517.9315  37.6%   643 2685s
H 2228  1058                    54162.334288 74517.9315  37.6%   641 2706s
  2231  1063 72824.2630   17 6432 54162.3343 74451.9291  37.5%   645 2711s
  2233  1065 72084.3334   16 6502 54162.3343 74451.9291  37.5%   647 2716s
  2235  1067 71319.4144   18 6197 54162.3343 74451.9291  37.5%   648 2721s
  2237  1069 70608.3669   18 6237 54162.3343 74451.9291  37.5%   650 2727s
  2238  1070 71966.4289   17 6399 54162.3343 74451.9291  37.5%   651 2730s
  2240  1072 70912.8830   19 6178 54162.3343 74451.9291  37.5%   653 2736s
  2242  1074 70183.6927   20 6102 54162.3343 74451.9291  37.5%   655 2740s
  2244  1076 70473.6422   19 6181 54162.3343 74451.9291  37.5%   657 2746s
  2246  1078 70535.8343   20 6123 54162.3343 74451.9291  37.5%   658 2750s
H 2248  1051                    54182.257949 74451.9291  37.4%   659 2760s
  2251  1056 68680.2009   24 5730 54182.2579 74451.9291  37.4%   661 2765s
  2254  1059 67549.9265   25 5547 54182.2579 74451.9291  37.4%   662 2772s
  2256  1061 67797.4695   24 5649 54182.2579 74451.9291  37.4%   663 2775s
  2260  1065 66776.2821   27 5312 54182.2579 74451.9291  37.4%   664 2781s
H 2261  1064                    54184.223674 74451.9291  37.4%   664 2787s
  2263  1068 67212.6624   27 5314 54184.2237 74451.9291  37.4%   665 2790s
  2267  1072 66713.0116   28 5214 54184.2237 74451.9291  37.4%   666 2795s
  2270  1075 66272.2943   28 5217 54184.2237 74451.9291  37.4%   667 2800s
  2272  1077 66281.9601   29 5083 54184.2237 74451.9291  37.4%   669 2805s
  2277  1082 64937.5921   32 4627 54184.2237 74451.9291  37.4%   670 2810s
  2285  1090 62797.0736   36 4218 54184.2237 74451.9291  37.4%   671 2815s
  2292  1097 62469.1341   39 3884 54184.2237 74451.9291  37.4%   673 2820s
  2301  1106 60820.0518   42 3416 54184.2237 74451.9291  37.4%   675 2825s
  2316  1121 56186.8522   53 1900 54184.2237 74451.9291  37.4%   674 2830s
  2369  1149 73499.1372   14 6695 54184.2237 74439.6391  37.4%   663 2848s
  2370  1150 73030.3509   15 6553 54184.2237 74439.6391  37.4%   664 2850s
H 2371  1149                    54184.286997 74439.6391  37.4%   664 2859s
  2372  1152 71560.9160   17 6377 54184.2870 74439.6391  37.4%   666 2863s
  2373  1153 71260.5651   17 6397 54184.2870 74439.6391  37.4%   667 2866s
  2375  1155 70087.3607   18 6212 54184.2870 74439.6391  37.4%   669 2871s
  2377  1157 69091.7488   19 6163 54184.2870 74439.6391  37.4%   670 2876s
  2379  1159 69597.9241   19 6068 54184.2870 74439.6391  37.4%   672 2881s
  2382  1162 68960.0008   21 5861 54184.2870 74439.6391  37.4%   674 2888s
  2384  1164 68412.4641   23 5531 54184.2870 74439.6391  37.4%   674 2891s
  2387  1167 67890.0571   23 5451 54184.2870 74439.6391  37.4%   675 2895s
  2391  1171 67075.2152   27 4941 54184.2870 74439.6391  37.4%   676 2900s
H 2393  1171                    54185.217920 74439.6391  37.4%   675 2906s
  2398  1178 65747.7528   30 4669 54185.2179 74439.6391  37.4%   676 2910s
  2405  1185 64213.4681   32 4491 54185.2179 74439.6391  37.4%   677 2915s
  2414  1194 62989.3602   36 3822 54185.2179 74439.6391  37.4%   678 2920s
  2424  1204 61942.9433   39 3421 54185.2179 74439.6391  37.4%   678 2925s
  2438  1218 58939.2951   49 2149 54185.2179 74439.6391  37.4%   678 2930s
  2467  1240 73275.8825   15 6493 54185.2179 74431.7381  37.4%   676 2946s
  2468  1241 72268.7709   16 6425 54185.2179 74431.7381  37.4%   676 2951s
  2469  1242 70987.2428   17 6240 54185.2179 74431.7381  37.4%   679 2960s
  2471  1244 70779.2354   18 6114 54185.2179 74431.7381  37.4%   681 2968s
  2472  1245 71566.7464   16 6473 54185.2179 74431.7381  37.4%   682 2972s
  2474  1247 69837.3583   19 5998 54185.2179 74431.7381  37.4%   683 2975s
  2477  1250 70006.1950   20 5824 54185.2179 74431.7381  37.4%   684 2981s
  2480  1253 68618.8930   22 5741 54185.2179 74431.7381  37.4%   685 2987s
  2482  1255 67924.9384   22 5822 54185.2179 74431.7381  37.4%   686 2990s
  2486  1259 68147.5358   21 5886 54185.2179 74431.7381  37.4%   687 2996s
  2488  1261 67702.1796   23 5697 54185.2179 74431.7381  37.4%   688 3000s
  2492  1265 67528.4812   23 5756 54185.2179 74431.7381  37.4%   689 3006s
H 2495  1266                    54185.566275 74431.7381  37.4%   689 3012s
  2497  1270 66191.9698   28 5173 54185.5663 74431.7381  37.4%   690 3015s
H 2500  1271                    54185.568901 74431.7381  37.4%   690 3021s
  2503  1276 65233.2117   32 4498 54185.5689 74431.7381  37.4%   691 3025s
  2508  1281 64314.8103   33 4331 54185.5689 74431.7381  37.4%   692 3030s
  2516  1289 62470.5628   36 4088 54185.5689 74431.7381  37.4%   693 3035s
H 2522  1293                    54185.593327 74431.7381  37.4%   693 3040s
  2536  1309 57957.1190   48 2342 54185.5933 74431.7381  37.4%   694 3045s
H 2549  1320                    54185.679536 74431.7381  37.4%   693 3048s
  2576  1349 54711.0429   86 1119 54185.6795 74431.7381  37.4%   685 3050s
H 2622  1388                    54185.692765 74431.7381  37.4%   673 3060s
  2678  1415 73236.4603   15 6473 54185.6928 74372.7780  37.3%   661 3075s
  2679  1416 72031.5206   16 6359 54185.6928 74372.7780  37.3%   663 3081s
  2681  1418 71664.7765   17 6233 54185.6928 74372.7780  37.3%   665 3088s
  2682  1419 70981.7113   17 6227 54185.6928 74372.7780  37.3%   666 3091s
  2684  1421 71279.2009   18 6019 54185.6928 74372.7780  37.3%   667 3096s
  2686  1423 70401.1190   18 6093 54185.6928 74372.7780  37.3%   668 3101s
H 2687  1422                    54185.764389 74372.7780  37.3%   668 3110s
  2691  1428 69415.5591   23 5859 54185.7644 74372.7780  37.3%   669 3115s
  2693  1430 68381.3894   25 5674 54185.7644 74372.7780  37.3%   670 3120s
  2696  1433 67634.1035   25 5685 54185.7644 74372.7780  37.3%   671 3126s
  2698  1435 67658.9901   25 5731 54185.7644 74372.7780  37.3%   672 3130s
  2702  1439 67754.0595   27 5385 54185.7644 74372.7780  37.3%   673 3136s
  2704  1441 66927.4807   29 5139 54185.7644 74372.7780  37.3%   674 3140s
  2709  1446 66567.4987   30 4977 54185.7644 74372.7780  37.3%   675 3145s
  2714  1451 65631.8071   33 4520 54185.7644 74372.7780  37.3%   675 3150s
  2721  1458 63997.1046   36 4193 54185.7644 74372.7780  37.3%   677 3156s
  2725  1462 63683.6812   38 3960 54185.7644 74372.7780  37.3%   677 3163s
  2727  1464 63562.9994   39 3749 54185.7644 74372.7780  37.3%   678 3165s
  2733  1470 62577.2360   39 3835 54185.7644 74372.7780  37.3%   679 3170s
  2745  1482 59965.3301   46 2953 54185.7644 74372.7780  37.3%   680 3175s
  2770  1507 55439.2065   62 1324 54185.7644 74372.7780  37.3%   677 3180s
  2912  1642 54479.9949  151 1088 54185.7644 74372.7780  37.3%   645 3185s
  3015  1704 73480.1235   14 6563 54185.7644 74066.6189  36.7%   624 3202s
  3016  1705 72907.7499   15 6476 54185.7644 74066.6189  36.7%   625 3205s
  3018  1707 71982.1983   16 6397 54185.7644 74066.6189  36.7%   626 3212s
  3019  1708 71119.1137   17 6248 54185.7644 74066.6189  36.7%   627 3215s
H 3020  1707                    54185.772991 74066.6189  36.7%   627 3222s
  3022  1711 69506.2510   19 6088 54185.7730 74066.6189  36.7%   629 3228s
  3023  1712 68613.6899   19 6100 54185.7730 74066.6189  36.7%   629 3230s
  3027  1716 68867.3608   22 5891 54185.7730 74066.6189  36.7%   630 3235s
  3032  1721 67302.9913   26 5465 54185.7730 74066.6189  36.7%   631 3241s
  3036  1725 66650.1367   27 5222 54185.7730 74066.6189  36.7%   632 3246s
  3040  1729 65754.9386   31 4672 54185.7730 74066.6189  36.7%   632 3251s
  3044  1733 64674.4485   32 4479 54185.7730 74066.6189  36.7%   633 3255s
  3048  1737 64479.2331   32 4495 54185.7730 74066.6189  36.7%   633 3260s
  3055  1744 62573.3400   36 4037 54185.7730 74066.6189  36.7%   634 3266s
  3063  1752 62059.2430   40 3552 54185.7730 74066.6189  36.7%   635 3270s
  3077  1766 60026.8751   45 3092 54185.7730 74066.6189  36.7%   635 3275s
  3086  1775 57488.5394   51 2234 54185.7730 74066.6189  36.7%   635 3280s
  3106  1786 72409.1614   15 6685 54185.7730 74054.1977  36.7%   634 3294s
  3107  1787 71628.7582   16 6545 54185.7730 74054.1977  36.7%   635 3297s
  3109  1789 70930.3302   18 6268 54185.7730 74054.1977  36.7%   636 3301s
H 3110  1788                    54185.798470 74054.1977  36.7%   635 3308s
  3111  1791 69966.2752   18 6245 54185.7985 74054.1977  36.7%   637 3312s
  3112  1792 70538.2734   19 6048 54185.7985 74054.1977  36.7%   638 3316s
  3115  1795 69719.9516   20 6147 54185.7985 74054.1977  36.7%   639 3322s
H 3116  1781                    54197.763197 74054.1977  36.6%   639 3332s
  3118  1785 68457.1672   23 5837 54197.7632 74054.1977  36.6%   640 3336s
  3120  1787 68355.6846   22 5934 54197.7632 74054.1977  36.6%   642 3343s
  3121  1788 68099.0338   22 5899 54197.7632 74054.1977  36.6%   642 3345s
  3124  1791 67828.3041   23 5922 54197.7632 74054.1977  36.6%   643 3350s
  3126  1793 67343.3374   25 5546 54197.7632 74054.1977  36.6%   644 3355s
  3129  1796 66973.5051   26 5346 54197.7632 74054.1977  36.6%   645 3360s
  3131  1798 66374.9672   25 5695 54197.7632 74054.1977  36.6%   647 3365s
  3135  1802 65718.0903   28 5141 54197.7632 74054.1977  36.6%   648 3372s
  3137  1804 65058.2407   27 5314 54197.7632 74054.1977  36.6%   648 3379s
  3138  1805 64867.2328   28 5209 54197.7632 74054.1977  36.6%   649 3381s
  3142  1809 64740.8355   31 4647 54197.7632 74054.1977  36.6%   649 3385s
  3146  1813 63973.0512   32 4738 54197.7632 74054.1977  36.6%   650 3390s
  3153  1820 62627.6098   34 4492 54197.7632 74054.1977  36.6%   651 3395s
  3160  1827 62071.3177   41 3444 54197.7632 74054.1977  36.6%   651 3400s
  3171  1838 59087.1319   48 2446 54197.7632 74054.1977  36.6%   651 3405s
  3190  1857 55535.7870   54 1725 54197.7632 74054.1977  36.6%   652 3410s
  3202  1860 73023.7384   15 6578 54197.7632 74032.7234  36.6%   650 3421s
  3203  1861 72259.7035   16 6608 54197.7632 74032.7234  36.6%   651 3425s
  3205  1863 71685.6073   17 6414 54197.7632 74032.7234  36.6%   653 3432s
H 3206  1861                    54198.992187 74032.7234  36.6%   653 3436s
  3207  1864 70744.2129   17 6384 54198.9922 74032.7234  36.6%   654 3440s
  3209  1866 70162.9858   19 6095 54198.9922 74032.7234  36.6%   656 3446s
  3211  1868 70150.6616   19 6126 54198.9922 74032.7234  36.6%   657 3450s
  3213  1870 69926.5801   20 6136 54198.9922 74032.7234  36.6%   657 3455s
  3215  1872 69744.2817   21 6072 54198.9922 74032.7234  36.6%   659 3460s
  3217  1874 68682.3587   23 5839 54198.9922 74032.7234  36.6%   660 3467s
  3219  1876 68054.3876   23 5842 54198.9922 74032.7234  36.6%   661 3471s
  3221  1878 68542.9011   21 6078 54198.9922 74032.7234  36.6%   661 3475s
  3224  1881 67945.0157   24 5760 54198.9922 74032.7234  36.6%   662 3481s
  3226  1883 67065.1632   22 6013 54198.9922 74032.7234  36.6%   664 3487s
  3227  1884 66863.4835   24 5816 54198.9922 74032.7234  36.6%   664 3490s
  3229  1886 66712.0274   23 5921 54198.9922 74032.7234  36.6%   666 3496s
  3232  1889 67474.3607   26 5537 54198.9922 74032.7234  36.6%   667 3501s
H 3233  1392                    54925.106532 74032.7234  34.8%   667 3510s
  3236  1397 66957.6019   28 5315 54925.1065 74032.7234  34.8%   669 3515s
  3240  1401 65928.5045   28 5377 54925.1065 74032.7234  34.8%   671 3522s
  3243  1404 66451.5688   30 5006 54925.1065 74032.7234  34.8%   673 3527s
  3245  1406 65382.0162   30 5027 54925.1065 74032.7234  34.8%   673 3530s
  3250  1411 64779.7433   32 4655 54925.1065 74032.7234  34.8%   675 3536s
H 3253  1401                    54947.604655 74032.7234  34.7%   675 3546s
  3258  1408 62136.4261   35 4406 54947.6047 74032.7234  34.7%   676 3550s
H 3260  1408                    54947.824694 74032.7234  34.7%   676 3555s
  3268  1418 60757.3797   41 3615 54947.8247 74032.7234  34.7%   677 3560s
  3280  1430 60067.4613   49 2480 54947.8247 74032.7234  34.7%   677 3565s
  3303  1443 73377.6080   15 6567 54947.8247 73947.0772  34.6%   676 3580s
  3305  1445 71931.2112   17 6289 54947.8247 73947.0772  34.6%   678 3589s
  3306  1446 72189.7629   16 6476 54947.8247 73947.0772  34.6%   679 3592s
  3308  1448 71619.1807   18 6287 54947.8247 73947.0772  34.6%   679 3595s
H 3310  1447                    54948.665475 73947.0772  34.6%   680 3603s
  3312  1451 70172.7069   22 5906 54948.6655 73947.0772  34.6%   680 3606s
  3314  1453 69402.5386   22 5954 54948.6655 73947.0772  34.6%   681 3610s
  3317  1456 69225.9624   25 5538 54948.6655 73947.0772  34.6%   682 3615s
  3320  1459 68783.9898   25 5595 54948.6655 73947.0772  34.6%   683 3620s
  3325  1464 68470.8397   27 5253 54948.6655 73947.0772  34.6%   684 3626s
  3329  1468 67403.6391   29 4975 54948.6655 73947.0772  34.6%   684 3630s
  3332  1471 67263.7429   30 4837 54948.6655 73947.0772  34.6%   685 3635s
  3335  1474 66323.4376   30 4889 54948.6655 73947.0772  34.6%   687 3640s
  3338  1477 65808.7972   31 4733 54948.6655 73947.0772  34.6%   688 3645s
  3343  1482 65347.7652   34 4265 54948.6655 73947.0772  34.6%   688 3650s
  3351  1490 63271.3977   39 3835 54948.6655 73947.0772  34.6%   689 3655s
  3353  1492 64169.5946   40 3700 54948.6655 73947.0772  34.6%   689 3660s
  3361  1500 62005.7365   45 2856 54948.6655 73947.0772  34.6%   690 3665s
  3374  1513 60879.5995   47 2569 54948.6655 73947.0772  34.6%   690 3670s
  3412  1551 56017.2913   73 1316 54948.6655 73947.0772  34.6%   685 3675s
  3530  1668 55316.2256  139 1178 54948.6655 73947.0772  34.6%   663 3680s
H 3616  1725                    54949.172677 73947.0772  34.6%   647 3724s
  3617  1728 72123.9644   16 6601 54949.1727 73933.7797  34.5%   649 3728s
H 3618  1717                    54964.768411 73933.7797  34.5%   649 3741s
  3620  1721 70943.7034   19 6306 54964.7684 73933.7797  34.5%   650 3746s
  3622  1723 69356.8569   21 5971 54964.7684 73933.7797  34.5%   652 3753s
  3623  1724 68122.1227   22 5804 54964.7684 73933.7797  34.5%   653 3756s
  3626  1727 65967.7407   25 5515 54964.7684 73933.7797  34.5%   654 3761s
  3628  1729 64324.6793   27 5208 54964.7684 73933.7797  34.5%   655 3765s
  3632  1733 62428.1577   31 4613 54964.7684 73933.7797  34.5%   656 3770s
  3638  1739 59141.1108   37 3601 54964.7684 73933.7797  34.5%   657 3775s
  3651  1742     cutoff   43      54964.7684 73933.7797  34.5%   657 3780s
  3653  1742 72270.6733   15 6657 54964.7684 73875.3684  34.4%   659 3794s
  3654  1743 71507.5265   16 6545 54964.7684 73875.3684  34.4%   660 3798s
  3655  1744 71358.2130   17 6500 54964.7684 73875.3684  34.4%   660 3800s
  3657  1746 70329.0749   19 6274 54964.7684 73875.3684  34.4%   661 3809s
  3658  1747 69282.0664   20 6100 54964.7684 73875.3684  34.4%   662 3812s
  3659  1748 68739.2214   21 5929 54964.7684 73875.3684  34.4%   663 3817s
  3660  1749 67502.4908   22 5841 54964.7684 73875.3684  34.4%   664 3821s
  3662  1751 66094.5928   24 5688 54964.7684 73875.3684  34.4%   665 3826s
  3665  1754 63672.2693   27 5184 54964.7684 73875.3684  34.4%   666 3831s
  3668  1757 62208.1429   30 4788 54964.7684 73875.3684  34.4%   667 3835s
  3675  1764 59453.7060   37 3687 54964.7684 73875.3684  34.4%   667 3840s
  3681  1770 56699.1198   43 2718 54964.7684 73875.3684  34.4%   668 3845s
  3689  1770 72268.6997   15 6616 54964.7684 73857.0177  34.4%   669 3863s
  3690  1771 71814.1098   16 6511 54964.7684 73857.0177  34.4%   669 3865s
  3692  1773 71596.0545   17 6387 54964.7684 73857.0177  34.4%   670 3870s
  3694  1775 70913.8152   18 6244 54964.7684 73857.0177  34.4%   671 3877s
  3695  1776 70382.4042   18 6250 54964.7684 73857.0177  34.4%   672 3880s
  3697  1778 69695.5040   19 6215 54964.7684 73857.0177  34.4%   673 3886s
  3700  1781 69379.9545   21 5955 54964.7684 73857.0177  34.4%   674 3890s
  3703  1784 68177.3226   22 5994 54964.7684 73857.0177  34.4%   675 3895s
  3707  1788 67639.6924   24 5675 54964.7684 73857.0177  34.4%   675 3901s
  3711  1792 67010.7673   26 5533 54964.7684 73857.0177  34.4%   676 3905s
  3715  1796 66309.1580   28 5197 54964.7684 73857.0177  34.4%   677 3910s
  3719  1800 64796.4882   30 4932 54964.7684 73857.0177  34.4%   678 3915s
  3725  1806 63710.7880   33 4620 54964.7684 73857.0177  34.4%   679 3920s
  3730  1811 64557.7234   36 4210 54964.7684 73857.0177  34.4%   680 3925s
  3736  1817 63110.5718   39 3826 54964.7684 73857.0177  34.4%   681 3930s
  3743  1824 61463.7813   42 3456 54964.7684 73857.0177  34.4%   682 3935s
  3754  1835 60001.5042   48 2303 54964.7684 73857.0177  34.4%   683 3940s
  3790  1861 55643.7215   66 1144 54964.7684 73857.0177  34.4%   679 3945s
  3900  1940 72789.0762   17 6589 54964.7684 73856.0906  34.4%   661 3961s
  3902  1942 71766.9904   19 6413 54964.7684 73856.0906  34.4%   662 3965s
  3905  1945 70562.3775   22 6144 54964.7684 73856.0906  34.4%   663 3971s
  3906  1946 69383.7187   23 5891 54964.7684 73856.0906  34.4%   664 3975s
  3908  1948 68106.5615   25 5716 54964.7684 73856.0906  34.4%   665 3983s
  3909  1949 67324.9670   26 5531 54964.7684 73856.0906  34.4%   665 3986s
  3910  1950 66855.9286   27 5318 54964.7684 73856.0906  34.4%   666 3990s
  3914  1954 65423.6909   31 4746 54964.7684 73856.0906  34.4%   666 3995s
H 3915  1933                    54998.520578 73856.0906  34.3%   666 4006s
  3920  1940 61978.3391   37 3984 54998.5206 73856.0906  34.3%   667 4010s
  3926  1946 60465.4098   43 3117 54998.5206 73856.0906  34.3%   668 4015s
  3944  1950 73085.5571   17 6504 54998.5206 73634.5248  33.9%   668 4031s
  3945  1951 72063.9147   18 6330 54998.5206 73634.5248  33.9%   669 4036s
  3947  1953 70599.9860   20 6208 54998.5206 73634.5248  33.9%   670 4041s
  3951  1957 68311.5949   24 5698 54998.5206 73634.5248  33.9%   670 4046s
  3955  1961 65309.8737   28 5273 54998.5206 73634.5248  33.9%   671 4050s
  3959  1965 63298.5015   32 4731 54998.5206 73634.5248  33.9%   672 4055s
  3964  1970 61272.2707   37 4268 54998.5206 73634.5248  33.9%   673 4060s
  3978  1984 57612.5379   51 2180 54998.5206 73634.5248  33.9%   673 4065s
  4029  2021 72980.9744   16 6521 54998.5206 73628.4929  33.9%   666 4082s
  4030  2022 72507.3167   17 6387 54998.5206 73628.4929  33.9%   667 4085s
  4031  2023 71476.2182   18 6260 54998.5206 73628.4929  33.9%   668 4090s
  4034  2026 71000.3874   20 6087 54998.5206 73628.4929  33.9%   668 4095s
  4035  2027 70645.1307   21 5926 54998.5206 73628.4929  33.9%   669 4100s
  4038  2030 69345.1391   24 5685 54998.5206 73628.4929  33.9%   670 4106s
  4040  2032 68703.8174   24 5756 54998.5206 73628.4929  33.9%   670 4110s
  4044  2036 68692.9802   24 5737 54998.5206 73628.4929  33.9%   671 4116s
  4048  2040 67995.1198   24 5792 54998.5206 73628.4929  33.9%   671 4120s
  4051  2043 67116.1155   27 5292 54998.5206 73628.4929  33.9%   672 4125s
  4054  2046 66871.6652   27 5326 54998.5206 73628.4929  33.9%   673 4130s
  4059  2051 66344.9425   29 5056 54998.5206 73628.4929  33.9%   674 4135s
  4063  2055 66321.2285   32 4508 54998.5206 73628.4929  33.9%   675 4141s
  4067  2059 65362.1162   34 4489 54998.5206 73628.4929  33.9%   675 4145s
  4073  2065 63681.8426   38 3842 54998.5206 73628.4929  33.9%   676 4150s
  4081  2073 62731.5451   41 3404 54998.5206 73628.4929  33.9%   676 4155s
  4094  2086 60062.2506   49 2421 54998.5206 73628.4929  33.9%   676 4160s
  4147  2139 55716.6667   83 1179 54998.5206 73628.4929  33.9%   669 4165s
  4265  2256 55184.7357  153 1018 54998.5206 73628.4929  33.9%   651 4170s
  4348  2297 71916.5272   16 6585 54998.5206 73549.4085  33.7%   640 4187s
  4349  2298 71696.0278   17 6458 54998.5206 73549.4085  33.7%   640 4190s
  4352  2301 70829.0758   20 6136 54998.5206 73549.4085  33.7%   641 4197s
  4354  2303 69235.8213   22 5984 54998.5206 73549.4085  33.7%   642 4202s
  4355  2304 68860.5605   23 5810 54998.5206 73549.4085  33.7%   643 4206s
  4357  2306 67611.1710   25 5586 54998.5206 73549.4085  33.7%   643 4210s
  4363  2312 65202.8354   31 4906 54998.5206 73549.4085  33.7%   643 4215s
  4368  2317 64209.8112   36 4251 54998.5206 73549.4085  33.7%   644 4220s
  4374  2323 63184.2054   42 3527 54998.5206 73549.4085  33.7%   644 4225s
  4403  2341 72150.1411   15 6554 54998.5206 73473.3055  33.6%   642 4245s
  4405  2343 71595.5612   17 6433 54998.5206 73473.3055  33.6%   643 4250s
  4406  2344 70897.5752   18 6331 54998.5206 73473.3055  33.6%   644 4256s
  4407  2345 69832.2276   19 6193 54998.5206 73473.3055  33.6%   645 4261s
H 4409  2331                    55016.464634 73473.3055  33.5%   645 4275s
  4411  2335 66782.7330   23 5574 55016.4646 73473.3055  33.5%   648 4282s
  4412  2336 64981.8013   24 5496 55016.4646 73473.3055  33.5%   648 4286s
  4413  2337 64285.7234   25 5373 55016.4646 73473.3055  33.5%   649 4290s
  4417  2341 62494.0416   29 4802 55016.4646 73473.3055  33.5%   650 4298s
  4420  2344 61183.6864   32 4518 55016.4646 73473.3055  33.5%   650 4300s
  4428  2352 59226.5311   40 3280 55016.4646 73473.3055  33.5%   650 4305s
  4444  2356 73030.0618   15 6635 55016.4646 73452.2140  33.5%   650 4318s
  4445  2357 72295.0936   16 6536 55016.4646 73452.2140  33.5%   651 4320s
  4446  2358 71790.1923   17 6434 55016.4646 73452.2140  33.5%   651 4325s
  4447  2359 70644.7626   18 6235 55016.4646 73452.2140  33.5%   652 4335s
  4449  2361 69087.7899   20 5975 55016.4646 73452.2140  33.5%   654 4342s
  4451  2363 67676.5578   22 5739 55016.4646 73452.2140  33.5%   654 4346s
  4453  2365 66325.6276   24 5572 55016.4646 73452.2140  33.5%   654 4350s
  4457  2369 65090.1537   28 4981 55016.4646 73452.2140  33.5%   655 4357s
  4459  2371 64343.1800   30 4711 55016.4646 73452.2140  33.5%   655 4360s
  4465  2377 60362.4623   36 4021 55016.4646 73452.2140  33.5%   656 4365s
  4479  2389 55922.4056   49 2415 55016.4646 73452.2140  33.5%   655 4370s
  4489  2392 70501.6441   15 6441 55016.4646 73208.7203  33.1%   655 4378s
  4490  2393 70022.3239   16 6369 55016.4646 73208.7203  33.1%   656 4384s
  4491  2394 69654.2585   16 6309 55016.4646 73208.7203  33.1%   657 4386s
  4492  2395 68969.5843   17 6175 55016.4646 73208.7203  33.1%   657 4390s
  4493  2396 69228.2261   17 6202 55016.4646 73208.7203  33.1%   658 4395s
  4495  2398 68377.6826   18 6045 55016.4646 73208.7203  33.1%   659 4401s
  4497  2400 68700.2951   17 6168 55016.4646 73208.7203  33.1%   660 4409s
  4498  2401 66869.5680   20 5788 55016.4646 73208.7203  33.1%   661 4411s
  4500  2403 66630.9077   21 5693 55016.4646 73208.7203  33.1%   662 4417s
  4502  2405 65502.3363   22 5542 55016.4646 73208.7203  33.1%   662 4422s
  4505  2408 63844.9561   24 5380 55016.4646 73208.7203  33.1%   663 4426s
  4508  2411 63453.3019   25 5277 55016.4646 73208.7203  33.1%   664 4430s
  4513  2416 62887.0265   26 5210 55016.4646 73208.7203  33.1%   665 4436s
  4517  2420 60923.6296   28 5076 55016.4646 73208.7203  33.1%   665 4440s
  4525  2428 57936.8630   31 4726 55016.4646 73208.7203  33.1%   666 4445s
H 4527  2424                    55021.962233 73208.7203  33.1%   665 4455s
  4530  2429 56281.8132   34 4261 55021.9622 73208.7203  33.1%   666 4460s
  4545  2431 72546.5079   15 6490 55021.9622 73198.8099  33.0%   667 4477s
  4547  2433 70975.1880   17 6285 55021.9622 73198.8099  33.0%   667 4482s
  4549  2435 70141.2214   19 5945 55021.9622 73198.8099  33.0%   668 4487s
  4550  2436 69715.8176   20 5800 55021.9622 73198.8099  33.0%   669 4490s
  4553  2439 67691.2031   23 5512 55021.9622 73198.8099  33.0%   669 4495s
  4556  2442 66124.0660   26 5199 55021.9622 73198.8099  33.0%   670 4500s
  4561  2447 63829.4102   31 4591 55021.9622 73198.8099  33.0%   670 4505s
  4568  2454 60720.8304   38 3491 55021.9622 73198.8099  33.0%   671 4510s
H 4584  2198                    55230.275694 73198.8099  32.5%   671 4531s
  4586  2202 70409.6292   17 6236 55230.2757 73186.5890  32.5%   673 4538s
  4587  2203 70084.1614   18 6151 55230.2757 73186.5890  32.5%   673 4540s
  4590  2206 69084.9760   21 5804 55230.2757 73186.5890  32.5%   674 4546s
  4593  2209 68252.0307   24 5284 55230.2757 73186.5890  32.5%   675 4550s
  4598  2214 65188.1375   29 4838 55230.2757 73186.5890  32.5%   675 4555s
  4608  2224 61146.2412   39 3528 55230.2757 73186.5890  32.5%   675 4560s
H 4609  2014                    55483.794675 73186.5890  31.9%   675 4575s
  4632  2032 72810.3034   16 6509 55483.7947 73177.5255  31.9%   674 4590s
  4635  2035 71346.3911   19 6238 55483.7947 73177.5255  31.9%   675 4597s
  4637  2037 70626.6646   21 6170 55483.7947 73177.5255  31.9%   676 4602s
  4638  2038 69605.6399   22 5968 55483.7947 73177.5255  31.9%   677 4605s
  4640  2040 67930.9233   24 5880 55483.7947 73177.5255  31.9%   677 4610s
  4642  2042 67351.7500   26 5644 55483.7947 73177.5255  31.9%   678 4616s
  4645  2045 66664.3782   29 5304 55483.7947 73177.5255  31.9%   678 4620s
  4650  2050 64865.9772   34 4559 55483.7947 73177.5255  31.9%   679 4625s
  4656  2056 62010.2931   40 3641 55483.7947 73177.5255  31.9%   680 4630s
  4664  2064 58405.1306   48 2432 55483.7947 73177.5255  31.9%   680 4635s
  4674  2068 71802.6613   16 6431 55483.7947 73151.2432  31.8%   680 4647s
  4675  2069 71156.0711   17 6355 55483.7947 73151.2432  31.8%   680 4650s
  4679  2073 69392.8532   21 5964 55483.7947 73151.2432  31.8%   681 4657s
  4681  2075 68232.6325   23 5809 55483.7947 73151.2432  31.8%   682 4661s
  4684  2078 66469.7199   26 5524 55483.7947 73151.2432  31.8%   683 4666s
  4687  2081 65053.1056   29 5107 55483.7947 73151.2432  31.8%   683 4671s
  4690  2084 63414.2130   32 4617 55483.7947 73151.2432  31.8%   684 4675s
  4694  2088 61895.2840   36 3989 55483.7947 73151.2432  31.8%   685 4680s
  4700  2094 58914.9082   42 3173 55483.7947 73151.2432  31.8%   685 4685s
H 4710  2089                    55490.689348 73151.2432  31.8%   685 4697s
  4723  2093 55703.5657   48 2352 55490.6893 73151.2432  31.8%   685 4700s
  4743  2089 72371.2627   16 6556 55490.6893 73145.0242  31.8%   685 4712s
  4745  2091 71780.8497   18 6294 55490.6893 73145.0242  31.8%   685 4716s
  4747  2093 70332.7878   20 6016 55490.6893 73145.0242  31.8%   686 4721s
  4748  2094 69702.4625   21 5854 55490.6893 73145.0242  31.8%   687 4725s
  4752  2098 68206.6945   25 5421 55490.6893 73145.0242  31.8%   688 4731s
  4755  2101 66359.4314   28 4933 55490.6893 73145.0242  31.8%   688 4735s
  4759  2105 63544.3357   32 4379 55490.6893 73145.0242  31.8%   689 4740s
  4770  2116 60534.3354   43 3169 55490.6893 73145.0242  31.8%   689 4745s
  4785  2122 71860.1876   16 6556 55490.6893 73081.9897  31.7%   689 4756s
  4788  2125 70973.7924   19 6129 55490.6893 73081.9897  31.7%   690 4761s
  4789  2126 69993.5313   20 6021 55490.6893 73081.9897  31.7%   691 4766s
  4791  2128 69053.9842   22 5785 55490.6893 73081.9897  31.7%   692 4773s
  4793  2130 68271.6968   24 5620 55490.6893 73081.9897  31.7%   692 4775s
  4796  2133 66608.6851   27 5109 55490.6893 73081.9897  31.7%   693 4781s
  4798  2135 65534.9966   29 4773 55490.6893 73081.9897  31.7%   693 4785s
H 4801  2135                    55491.552671 73081.9897  31.7%   693 4792s
  4805  2141 61538.9112   36 3714 55491.5527 73081.9897  31.7%   694 4795s
  4814  2149 55764.1290   45 2392 55491.5527 73081.9897  31.7%   695 4800s
  4825  2148 71757.9674   16 6406 55491.5527 73076.1079  31.7%   695 4816s
  4827  2150 69964.2051   18 6067 55491.5527 73076.1079  31.7%   696 4821s
  4829  2152 68884.8602   19 5858 55491.5527 73076.1079  31.7%   696 4825s
  4833  2156 67715.2278   23 5528 55491.5527 73076.1079  31.7%   697 4831s
  4836  2159 66137.9270   24 5526 55491.5527 73076.1079  31.7%   698 4835s
H 4839  2160                    55492.322621 73076.1079  31.7%   698 4843s
  4841  2164 65391.8442   26 5366 55492.3226 73076.1079  31.7%   699 4845s
  4844  2167 64409.0912   29 4952 55492.3226 73076.1079  31.7%   699 4850s
  4848  2171 63866.8265   29 4994 55492.3226 73076.1079  31.7%   700 4855s
  4853  2176 63918.2083   31 4664 55492.3226 73076.1079  31.7%   700 4860s
  4859  2182 62661.3153   35 4137 55492.3226 73076.1079  31.7%   701 4865s
  4866  2189 61122.9876   37 3962 55492.3226 73076.1079  31.7%   701 4873s
  4870  2193 61652.7981   40 3553 55492.3226 73076.1079  31.7%   702 4875s
  4880  2203 60131.8031   42 3306 55492.3226 73076.1079  31.7%   702 4880s
  4896  2219 58588.7181   51 2129 55492.3226 73076.1079  31.7%   702 4885s
H 4903  2219                    55505.655376 73076.1079  31.7%   702 4897s
  4919  2223 72079.2521   18 6363 55505.6554 73061.8905  31.6%   700 4906s
  4920  2224 71421.1130   19 6334 55505.6554 73061.8905  31.6%   701 4910s
  4923  2227 69757.3693   22 5944 55505.6554 73061.8905  31.6%   702 4915s
H 4924  2192                    55543.849277 73061.8905  31.5%   701 5041s
H 4925  2191                    55546.781147 73061.8905  31.5%   702 5048s
  4927  2195 67193.1830   26 5391 55546.7811 73061.8905  31.5%   703 5051s
  4930  2198 65568.3847   29 4916 55546.7811 73061.8905  31.5%   703 5056s
  4934  2202 63292.8164   33 4331 55546.7811 73061.8905  31.5%   704 5060s
  4940  2208 61224.8703   39 3576 55546.7811 73061.8905  31.5%   704 5065s
  4952  2216 55839.0273   48 2317 55546.7811 73061.8905  31.5%   704 5072s
  4964  2214 72180.5710   16 6308 55546.7811 73056.7153  31.5%   704 5084s
  4965  2215 70531.8979   17 6249 55546.7811 73056.7153  31.5%   704 5087s
  4967  2217 69469.2920   19 5874 55546.7811 73056.7153  31.5%   705 5091s
  4969  2219 68293.0275   21 5667 55546.7811 73056.7153  31.5%   706 5097s
  4970  2220 67132.0216   22 5571 55546.7811 73056.7153  31.5%   706 5100s
  4972  2222 65313.1798   24 5356 55546.7811 73056.7153  31.5%   707 5105s
  4975  2225 63108.4801   27 4995 55546.7811 73056.7153  31.5%   707 5110s
H 4979  2225                    55550.868968 73056.7153  31.5%   708 5117s
  4980  2228 60934.9558   32 4450 55550.8690 73056.7153  31.5%   708 5120s
  4985  2233 59796.0824   37 3648 55550.8690 73056.7153  31.5%   709 5125s
  5004  2244 72247.6498   16 6528 55550.8690 73051.8485  31.5%   708 5137s
H 5006  2244                    55551.855154 73051.8485  31.5%   708 5147s
  5007  2247 71021.5034   19 6206 55551.8552 73051.8485  31.5%   709 5151s
H 5009  2246                    55554.576311 73051.8485  31.5%   710 5166s
  5011  2250 67679.2412   23 5552 55554.5763 73051.8485  31.5%   711 5171s
  5013  2252 65601.6051   25 5369 55554.5763 73051.8485  31.5%   712 5175s
  5018  2257 63281.2435   30 4853 55554.5763 73051.8485  31.5%   713 5180s
  5024  2263 60661.6378   36 3930 55554.5763 73051.8485  31.5%   713 5185s
  5031  2270 56960.8888   43 2825 55554.5763 73051.8485  31.5%   714 5190s
  5040  2269 71760.1304   16 6552 55554.5763 73027.1569  31.5%   714 5202s
  5042  2271 71302.5521   18 6384 55554.5763 73027.1569  31.5%   714 5205s
  5044  2273 69908.1627   20 6190 55554.5763 73027.1569  31.5%   715 5213s
  5045  2274 68524.6814   21 6013 55554.5763 73027.1569  31.5%   716 5216s
  5047  2276 67335.9455   23 5751 55554.5763 73027.1569  31.5%   717 5220s
  5049  2278 65162.3240   25 5437 55554.5763 73027.1569  31.5%   718 5226s
  5051  2280 62362.9281   27 5100 55554.5763 73027.1569  31.5%   719 5231s
  5054  2283 60592.6642   30 4751 55554.5763 73027.1569  31.5%   720 5235s
  5060  2289 58371.2086   36 4089 55554.5763 73027.1569  31.5%   720 5240s
  5072  2299 56267.3917   47 2653 55554.5763 73027.1569  31.5%   720 5245s
  5080  2299 71876.8126   16 6413 55554.5763 72996.5476  31.4%   720 5255s
  5082  2301 70943.0894   17 6256 55554.5763 72996.5476  31.4%   721 5261s
  5083  2302 70332.8584   18 6086 55554.5763 72996.5476  31.4%   722 5266s
  5086  2305 68766.5606   19 6101 55554.5763 72996.5476  31.4%   722 5270s
H 5087  2304                    55554.576875 72996.5476  31.4%   722 5274s
  5088  2307 68662.2155   20 6043 55554.5769 72996.5476  31.4%   723 5276s
  5091  2310 67336.6943   22 5782 55554.5769 72996.5476  31.4%   723 5281s
  5094  2313 66071.4193   23 5691 55554.5769 72996.5476  31.4%   724 5285s
  5097  2316 65094.5106   25 5571 55554.5769 72996.5476  31.4%   725 5290s
  5101  2320 64623.1255   27 5300 55554.5769 72996.5476  31.4%   725 5296s
  5104  2323 63519.2470   28 5223 55554.5769 72996.5476  31.4%   726 5300s
  5109  2328 63032.9198   31 4843 55554.5769 72996.5476  31.4%   727 5305s
H 5114  2331                    55554.578245 72996.5476  31.4%   727 5312s
  5119  2338 62180.5731   36 4130 55554.5782 72996.5476  31.4%   728 5315s
  5127  2346 61443.8372   40 3570 55554.5782 72996.5476  31.4%   729 5320s
  5141  2360 58611.2097   47 2611 55554.5782 72996.5476  31.4%   729 5327s
  5156  2364 72270.0942   17 6286 55554.5782 72992.0759  31.4%   730 5342s
  5158  2366 70923.6564   19 6119 55554.5782 72992.0759  31.4%   730 5345s
  5161  2369 68080.3121   21 5839 55554.5782 72992.0759  31.4%   731 5351s
  5164  2372 66631.1156   23 5773 55554.5782 72992.0759  31.4%   731 5355s
  5168  2376 65519.9195   23 5687 55554.5782 72992.0759  31.4%   732 5365s
  5171  2379 62604.9420   25 5545 55554.5782 72992.0759  31.4%   733 5371s
  5175  2383 66421.2734   25 5544 55554.5782 72992.0759  31.4%   733 5375s
  5180  2388 60996.4996   28 5227 55554.5782 72992.0759  31.4%   734 5380s
  5187  2395 56143.4450   30 5321 55554.5782 72992.0759  31.4%   735 5385s
  5198  2396 55711.4507   36 4433 55554.5782 72992.0759  31.4%   735 5391s
  5202  2394 72349.4181   16 6597 55554.5782 72985.1393  31.4%   735 5399s
  5203  2395 71590.3320   17 6508 55554.5782 72985.1393  31.4%   735 5401s
H 5204  2394                    55556.478197 72985.1393  31.4%   735 5416s
  5205  2397 70435.3739   19 6158 55556.4782 72985.1393  31.4%   736 5420s
  5206  2398 68907.7497   20 5983 55556.4782 72985.1393  31.4%   737 5427s
  5207  2399 68382.6918   21 5893 55556.4782 72985.1393  31.4%   738 5431s
  5208  2400 67574.2466   22 5765 55556.4782 72985.1393  31.4%   738 5435s
  5210  2402 66540.2546   24 5588 55556.4782 72985.1393  31.4%   739 5442s
  5212  2404 65545.0681   26 5448 55556.4782 72985.1393  31.4%   739 5445s
  5214  2406 63651.5401   28 5198 55556.4782 72985.1393  31.4%   740 5451s
  5216  2408 62685.5479   30 4951 55556.4782 72985.1393  31.4%   740 5455s
  5219  2411 61069.8886   33 4450 55556.4782 72985.1393  31.4%   741 5461s
  5221  2413 59530.5245   35 4138 55556.4782 72985.1393  31.4%   741 5465s
  5225  2417 57622.2385   39 3509 55556.4782 72985.1393  31.4%   741 5473s
  5229  2420 55584.9520   43 2970 55556.4782 72985.1393  31.4%   741 5475s
  5233  2419 71104.0142   17 6342 55556.4782 72939.3201  31.3%   742 5482s
  5236  2422 70276.0768   20 6135 55556.4782 72939.3201  31.3%   742 5486s
  5239  2425 69408.2276   23 5841 55556.4782 72939.3201  31.3%   742 5490s
  5242  2428 68195.5239   26 5470 55556.4782 72939.3201  31.3%   743 5495s
  5247  2433 65673.7216   31 4848 55556.4782 72939.3201  31.3%   743 5501s
  5251  2437 63716.8564   35 4473 55556.4782 72939.3201  31.3%   744 5505s
  5256  2442 62868.7727   40 3909 55556.4782 72939.3201  31.3%   744 5510s
  5270  2456 57738.7185   54 1856 55556.4782 72939.3201  31.3%   744 5515s
H 5280  2454                    55556.480644 72939.3201  31.3%   743 5531s
  5281  2457 70685.4543   17 6273 55556.4806 72938.8898  31.3%   745 5535s
  5283  2459 68929.4895   19 5928 55556.4806 72938.8898  31.3%   745 5541s
  5285  2461 67989.5446   21 5792 55556.4806 72938.8898  31.3%   746 5546s
  5286  2462 66610.8439   22 5689 55556.4806 72938.8898  31.3%   747 5551s
  5288  2464 65540.4355   24 5443 55556.4806 72938.8898  31.3%   747 5556s
  5290  2466 62866.6367   26 5209 55556.4806 72938.8898  31.3%   748 5561s
  5295  2471 58859.2024   31 4516 55556.4806 72938.8898  31.3%   748 5565s
  5306  2476     cutoff   39      55556.4806 72938.8898  31.3%   748 5570s
  5308  2476 71857.6736   16 6420 55556.4806 72933.4086  31.3%   749 5585s
  5309  2477 70730.7429   17 6269 55556.4806 72933.4086  31.3%   750 5590s
  5311  2479 68737.5369   19 6039 55556.4806 72933.4086  31.3%   751 5596s
  5313  2481 67866.9797   21 5783 55556.4806 72933.4086  31.3%   751 5600s
  5316  2484 66845.2266   24 5346 55556.4806 72933.4086  31.3%   752 5606s
  5318  2486 64686.0149   26 5015 55556.4806 72933.4086  31.3%   753 5610s
  5321  2489 63765.6692   29 4591 55556.4806 72933.4086  31.3%   753 5615s
  5324  2492 61933.8805   32 4091 55556.4806 72933.4086  31.3%   754 5620s
  5328  2496 60745.4228   36 3514 55556.4806 72933.4086  31.3%   754 5625s
  5335  2503 57228.2127   43 2615 55556.4806 72933.4086  31.3%   755 5632s
H 5346  2500                    55556.666543 72933.4086  31.3%   754 5652s
  5348  2504 70951.1626   19 5961 55556.6665 72928.9236  31.3%   755 5656s
  5350  2506 70069.9056   19 6061 55556.6665 72928.9236  31.3%   755 5660s
  5352  2508 70207.1899   22 5654 55556.6665 72928.9236  31.3%   756 5665s
  5356  2512 68949.1346   22 5684 55556.6665 72928.9236  31.3%   757 5672s
  5358  2514 69165.4522   24 5439 55556.6665 72928.9236  31.3%   757 5675s
  5362  2518 68644.1996   26 5184 55556.6665 72928.9236  31.3%   757 5684s
  5363  2519 68569.8931   24 5509 55556.6665 72928.9236  31.3%   757 5685s
  5369  2525 66853.8474   27 5203 55556.6665 72928.9236  31.3%   758 5690s
  5374  2530 66505.6396   28 5024 55556.6665 72928.9236  31.3%   758 5695s
  5378  2534 66057.2023   31 4551 55556.6665 72928.9236  31.3%   759 5700s
  5386  2542 64730.2287   37 3844 55556.6665 72928.9236  31.3%   759 5705s
  5390  2546 63687.4003   41 3240 55556.6665 72928.9236  31.3%   759 5710s
  5400  2556 61187.0736   45 2747 55556.6665 72928.9236  31.3%   759 5715s
  5412  2568 60021.6208   48 2332 55556.6665 72928.9236  31.3%   759 5720s
  5424  2580 57684.7193   54 1745 55556.6665 72928.9236  31.3%   758 5725s
  5473  2629 56102.0097   96 1134 55556.6665 72928.9236  31.3%   752 5730s
  5602  2749 55576.6336  169  940 55556.6665 72928.9236  31.3%   735 5738s
  5612  2745 71481.4793   16 6401 55556.6665 72884.7768  31.2%   734 5748s
  5613  2746 70330.4913   17 6318 55556.6665 72884.7768  31.2%   734 5750s
  5616  2749 69382.4914   20 5787 55556.6665 72884.7768  31.2%   735 5755s
  5622  2755 67355.2683   26 5325 55556.6665 72884.7768  31.2%   735 5760s
  5626  2759 65976.8963   30 4700 55556.6665 72884.7768  31.2%   736 5765s
  5632  2765 63423.8977   36 3782 55556.6665 72884.7768  31.2%   736 5770s
  5641  2774 58533.8941   45 2583 55556.6665 72884.7768  31.2%   737 5775s
  5653  2778 70945.2707   16 6386 55556.6665 72882.4820  31.2%   737 5783s
  5654  2779 70523.2374   17 6246 55556.6665 72882.4820  31.2%   737 5786s
  5655  2780 69821.7969   18 5973 55556.6665 72882.4820  31.2%   738 5790s
  5656  2781 69395.7003   19 6024 55556.6665 72882.4820  31.2%   738 5796s
  5660  2785 67945.5093   23 5706 55556.6665 72882.4820  31.2%   739 5800s
  5664  2789 66320.3369   27 5143 55556.6665 72882.4820  31.2%   739 5805s
  5669  2794 64020.6052   32 4385 55556.6665 72882.4820  31.2%   740 5810s
  5674  2799 61807.6097   37 3561 55556.6665 72882.4820  31.2%   740 5815s
  5689  2808 55830.4339   47 2227 55556.6665 72882.4820  31.2%   740 5820s
  5693  2806 71461.3299   17 6463 55556.6665 72841.8955  31.1%   740 5829s
  5694  2807 70708.7592   18 6303 55556.6665 72841.8955  31.1%   741 5834s
  5695  2808 70211.2207   19 6115 55556.6665 72841.8955  31.1%   741 5837s
  5698  2811 69387.1110   22 5706 55556.6665 72841.8955  31.1%   742 5842s
  5700  2813 68807.4195   24 5355 55556.6665 72841.8955  31.1%   743 5846s
  5702  2815 66991.9716   26 5110 55556.6665 72841.8955  31.1%   743 5855s
  5707  2820 65392.5125   31 4404 55556.6665 72841.8955  31.1%   744 5860s
  5711  2824 63772.8375   35 3818 55556.6665 72841.8955  31.1%   744 5865s
  5720  2833 58874.4050   44 2751 55556.6665 72841.8955  31.1%   744 5870s
  5732  2837 71566.3074   18 6242 55556.6665 72825.9577  31.1%   744 5883s
  5733  2838 71187.0369   19 6132 55556.6665 72825.9577  31.1%   744 5885s
  5737  2842 69762.9592   23 5705 55556.6665 72825.9577  31.1%   745 5893s
  5739  2844 69054.3710   25 5507 55556.6665 72825.9577  31.1%   745 5896s
  5743  2848 67779.2323   29 4940 55556.6665 72825.9577  31.1%   746 5901s
  5746  2851 66588.9822   32 4550 55556.6665 72825.9577  31.1%   746 5905s
  5752  2857 63731.2304   38 3640 55556.6665 72825.9577  31.1%   747 5910s
  5757  2862 61613.4746   43 2876 55556.6665 72825.9577  31.1%   747 5916s
  5764  2867     cutoff   50      55556.6665 72825.9577  31.1%   747 5920s
  5769  2866 71764.4114   16 6463 55556.6665 72804.3497  31.0%   747 5928s
  5771  2868 71262.9712   18 6278 55556.6665 72804.3497  31.0%   747 5930s
  5773  2870 70299.5999   20 6112 55556.6665 72804.3497  31.0%   748 5936s
H 5775  2870                    55556.666678 72804.3497  31.0%   748 5957s
  5776  2873 67362.2787   23 5714 55556.6667 72804.3497  31.0%   749 5960s
  5778  2875 65635.5426   25 5535 55556.6667 72804.3497  31.0%   750 5965s
  5782  2879 63087.5783   29 5003 55556.6667 72804.3497  31.0%   751 5971s
  5784  2881 61701.7443   31 4673 55556.6667 72804.3497  31.0%   751 5975s
  5792  2889 60490.4142   39 3505 55556.6667 72804.3497  31.0%   751 5980s
  5812  2902 71257.2498   18 6331 55556.6667 72800.7002  31.0%   751 5995s
  5816  2906 69861.2522   22 5985 55556.6667 72800.7002  31.0%   751 6003s
  5817  2907 69467.4803   23 5797 55556.6667 72800.7002  31.0%   752 6006s
  5821  2911 68184.9228   27 5247 55556.6667 72800.7002  31.0%   752 6010s
  5826  2916 65902.9966   32 4426 55556.6667 72800.7002  31.0%   752 6015s
  5831  2921 63768.2539   37 3682 55556.6667 72800.7002  31.0%   753 6020s
  5840  2930 58785.6597   46 2363 55556.6667 72800.7002  31.0%   753 6025s
  5852  2930 71488.1701   17 6437 55556.6667 72767.7765  31.0%   753 6036s
  5854  2932 69995.8547   19 6164 55556.6667 72767.7765  31.0%   754 6040s
  5856  2934 68770.4452   21 5973 55556.6667 72767.7765  31.0%   754 6046s
  5860  2938 67541.3834   25 5556 55556.6667 72767.7765  31.0%   755 6054s
  5861  2939 67367.2685   26 5437 55556.6667 72767.7765  31.0%   755 6056s
  5864  2942 66359.7662   29 5041 55556.6667 72767.7765  31.0%   755 6060s
  5868  2946 64937.6712   33 4357 55556.6667 72767.7765  31.0%   756 6065s
  5877  2955 62051.7390   42 3034 55556.6667 72767.7765  31.0%   756 6070s
  5899  2961 71538.8166   18 6311 55556.6667 72655.9941  30.8%   755 6082s
  5901  2963 70420.4653   19 6279 55556.6667 72655.9941  30.8%   756 6086s
  5902  2964 69193.2928   20 6164 55556.6667 72655.9941  30.8%   756 6091s
  5903  2965 68909.7324   21 5969 55556.6667 72655.9941  30.8%   757 6095s
  5906  2968 68585.7151   22 5763 55556.6667 72655.9941  30.8%   758 6101s
  5909  2971 66038.8087   24 5840 55556.6667 72655.9941  30.8%   758 6105s
  5912  2974 63178.7641   26 5630 55556.6667 72655.9941  30.8%   759 6111s
  5917  2979 64258.0931   28 5238 55556.6667 72655.9941  30.8%   759 6116s
  5921  2983 61791.9168   29 5364 55556.6667 72655.9941  30.8%   760 6120s
  5925  2987 59821.9807   32 5046 55556.6667 72655.9941  30.8%   761 6125s
  5934  2996 56583.7692   37 4471 55556.6667 72655.9941  30.8%   762 6130s
  5968  2997 71415.0433   18 6494 55556.6667 72543.8988  30.6%   760 6142s
  5969  2998 71135.1385   19 6322 55556.6667 72543.8988  30.6%   760 6148s
  5970  2999 70568.0521   20 6236 55556.6667 72543.8988  30.6%   760 6150s
  5972  3001 69369.9214   22 5986 55556.6667 72543.8988  30.6%   761 6155s
  5975  3004 67673.7321   25 5592 55556.6667 72543.8988  30.6%   762 6162s
  5977  3006 66008.3623   27 5299 55556.6667 72543.8988  30.6%   762 6165s
  5982  3011 63988.2910   32 4563 55556.6667 72543.8988  30.6%   763 6171s
  5987  3016 62455.7911   37 3853 55556.6667 72543.8988  30.6%   764 6175s
  5993  3022 60176.5603   43 3054 55556.6667 72543.8988  30.6%   764 6180s
  6021  3024     cutoff   49      55556.6667 72543.8988  30.6%   762 6185s
  6023  3024 71872.8271   16 6333 55556.6667 72513.3735  30.5%   763 6196s
  6025  3026 70313.9299   18 6124 55556.6667 72513.3735  30.5%   764 6201s
  6027  3028 69835.1835   20 5850 55556.6667 72513.3735  30.5%   764 6208s
  6028  3029 68894.6740   21 5783 55556.6667 72513.3735  30.5%   764 6210s
  6030  3031 67619.2808   23 5391 55556.6667 72513.3735  30.5%   765 6215s
  6036  3037 65195.5781   29 4733 55556.6667 72513.3735  30.5%   765 6221s
  6040  3041 63220.3788   33 4230 55556.6667 72513.3735  30.5%   765 6225s
  6047  3048 59424.7953   40 3107 55556.6667 72513.3735  30.5%   765 6230s
  6064  3051 72031.9083   16 6326 55556.6667 72495.6872  30.5%   765 6244s
  6065  3052 71368.9573   17 6093 55556.6667 72495.6872  30.5%   766 6247s
  6066  3053 71047.5219   17 6053 55556.6667 72495.6872  30.5%   766 6250s
  6069  3056 69211.8837   20 5910 55556.6667 72495.6872  30.5%   767 6256s
  6071  3058 68770.7954   21 5813 55556.6667 72495.6872  30.5%   767 6260s
  6074  3061 68419.5702   21 5848 55556.6667 72495.6872  30.5%   768 6265s
  6076  3063 67147.5647   23 5679 55556.6667 72495.6872  30.5%   768 6271s
  6078  3065 67465.1392   22 5845 55556.6667 72495.6872  30.5%   769 6277s
  6080  3067 67238.4771   22 5794 55556.6667 72495.6872  30.5%   769 6280s
  6084  3071 66094.6628   23 5735 55556.6667 72495.6872  30.5%   770 6286s
  6088  3075 65749.0021   25 5553 55556.6667 72495.6872  30.5%   770 6290s
  6093  3080 65232.9461   25 5586 55556.6667 72495.6872  30.5%   771 6296s
  6096  3083 64926.3098   26 5496 55556.6667 72495.6872  30.5%   771 6300s
  6101  3088 63925.9942   31 4859 55556.6667 72495.6872  30.5%   772 6305s
  6104  3091 63752.4342   32 4713 55556.6667 72495.6872  30.5%   772 6310s
  6112  3099 61724.1321   38 3814 55556.6667 72495.6872  30.5%   773 6315s
  6126  3113 57901.4012   47 2519 55556.6667 72495.6872  30.5%   773 6320s
  6150  3125 71415.4956   16 6194 55556.6667 72407.8245  30.3%   772 6349s
  6151  3126 69880.7621   17 6042 55556.6667 72407.8245  30.3%   772 6353s
  6153  3128 68637.6901   19 5880 55556.6667 72407.8245  30.3%   772 6355s
  6156  3131 66588.6578   22 5570 55556.6667 72407.8245  30.3%   773 6362s
  6157  3132 65806.6540   23 5498 55556.6667 72407.8245  30.3%   773 6365s
  6160  3135 64050.6801   26 5075 55556.6667 72407.8245  30.3%   774 6370s
  6165  3140 61809.0464   31 4390 55556.6667 72407.8245  30.3%   774 6375s
  6171  3146 59235.2220   37 3947 55556.6667 72407.8245  30.3%   775 6380s
  6184  3159 56378.2188   50 2099 55556.6667 72407.8245  30.3%   774 6386s
  6192  3159 71010.5174   16 6487 55556.6667 72386.1549  30.3%   774 6397s
  6194  3161 69876.8765   17 6339 55556.6667 72386.1549  30.3%   775 6402s
  6196  3163 68976.3131   18 6198 55556.6667 72386.1549  30.3%   775 6406s
  6197  3164 68618.6769   19 6109 55556.6667 72386.1549  30.3%   776 6411s
  6199  3166 67782.7458   20 5894 55556.6667 72386.1549  30.3%   776 6415s
  6202  3169 66395.1061   21 5761 55556.6667 72386.1549  30.3%   778 6422s
  6204  3171 66239.3140   22 5563 55556.6667 72386.1549  30.3%   778 6426s
  6208  3175 65479.3946   24 5458 55556.6667 72386.1549  30.3%   778 6430s
  6211  3178 66155.5269   26 5223 55556.6667 72386.1549  30.3%   778 6437s
  6214  3181 64736.4414   27 5199 55556.6667 72386.1549  30.3%   779 6440s
  6220  3187 63583.3834   30 4811 55556.6667 72386.1549  30.3%   779 6445s
  6227  3194 62409.5483   34 4132 55556.6667 72386.1549  30.3%   780 6450s
  6236  3203 60988.9279   38 3671 55556.6667 72386.1549  30.3%   780 6455s
  6246  3213 59532.3661   43 3241 55556.6667 72386.1549  30.3%   780 6460s
  6262  3229 56677.9441   51 2101 55556.6667 72386.1549  30.3%   780 6465s
  6271  3230 71244.3787   17 6325 55556.6667 72380.3169  30.3%   780 6477s
  6272  3231 70580.6616   18 6023 55556.6667 72380.3169  30.3%   781 6481s
  6273  3232 69136.8008   19 5796 55556.6667 72380.3169  30.3%   781 6485s
  6275  3234 67682.3903   21 5614 55556.6667 72380.3169  30.3%   782 6490s
  6278  3237 65316.8182   24 5270 55556.6667 72380.3169  30.3%   783 6497s
  6280  3239 63382.9611   26 5025 55556.6667 72380.3169  30.3%   783 6501s
  6283  3242 60992.4892   29 4634 55556.6667 72380.3169  30.3%   783 6505s
  6291  3250 57736.0407   37 3594 55556.6667 72380.3169  30.3%   784 6510s
  6303  3252 71369.0264   17 6315 55556.6667 72370.3259  30.3%   784 6524s
  6304  3253 70249.3527   18 6049 55556.6667 72370.3259  30.3%   784 6528s
  6305  3254 69160.8239   19 5891 55556.6667 72370.3259  30.3%   785 6532s
  6307  3256 67608.2710   21 5704 55556.6667 72370.3259  30.3%   785 6536s
  6311  3260 65636.0174   25 5143 55556.6667 72370.3259  30.3%   786 6540s
  6314  3263 64391.9342   28 4655 55556.6667 72370.3259  30.3%   786 6545s
  6319  3268 62643.7850   33 4001 55556.6667 72370.3259  30.3%   786 6552s
  6324  3273 59733.0626   38 3375 55556.6667 72370.3259  30.3%   786 6555s
  6341  3278 71356.5152   17 6463 55556.6667 72340.9557  30.2%   786 6567s
  6343  3280 70244.5654   19 6175 55556.6667 72340.9557  30.2%   787 6573s
  6344  3281 69730.1733   20 5982 55556.6667 72340.9557  30.2%   788 6579s
  6345  3282 69565.5392   21 5835 55556.6667 72340.9557  30.2%   788 6580s
H 6346  3281                    55556.666928 72340.9557  30.2%   787 6585s
  6350  3287 67081.3566   26 5378 55556.6669 72340.9557  30.2%   788 6590s
  6353  3290 65358.5647   29 4868 55556.6669 72340.9557  30.2%   789 6595s
  6358  3295 62425.1175   34 4069 55556.6669 72340.9557  30.2%   789 6600s
  6368  3305 57112.1324   44 2521 55556.6669 72340.9557  30.2%   789 6605s
  6377  3304 71115.0387   19 6181 55556.6669 72338.5679  30.2%   790 6621s
  6380  3307 69572.6146   22 5826 55556.6669 72338.5679  30.2%   790 6630s
  6383  3310 67955.4254   25 5672 55556.6669 72338.5679  30.2%   791 6636s
  6384  3311 67108.8062   26 5613 55556.6669 72338.5679  30.2%   792 6642s
  6386  3313 66272.1727   28 5398 55556.6669 72338.5679  30.2%   792 6645s
  6390  3317 64242.9557   32 4768 55556.6669 72338.5679  30.2%   792 6650s
  6396  3323 61713.1155   38 3959 55556.6669 72338.5679  30.2%   793 6655s
  6400  3327 60778.3332   42 3333 55556.6669 72338.5679  30.2%   793 6660s
  6416  3335 71030.2248   19 6234 55556.6669 72327.9191  30.2%   792 6673s
  6419  3338 69642.4180   22 5964 55556.6669 72327.9191  30.2%   793 6676s
  6421  3340 68698.4082   24 5839 55556.6669 72327.9191  30.2%   793 6682s
  6422  3341 68298.9813   25 5652 55556.6669 72327.9191  30.2%   794 6685s
  6425  3344 67265.1541   28 5153 55556.6669 72327.9191  30.2%   794 6690s
  6427  3346 66347.5034   30 4882 55556.6669 72327.9191  30.2%   794 6695s
  6432  3351 63749.9639   35 4047 55556.6669 72327.9191  30.2%   795 6701s
  6436  3355 61878.9090   39 3513 55556.6669 72327.9191  30.2%   795 6705s
  6443  3362 57331.8228   46 2474 55556.6669 72327.9191  30.2%   796 6710s
  6452  3361 71143.3112   17 6461 55556.6669 72278.7484  30.1%   796 6722s
  6454  3363 69897.9145   19 6174 55556.6669 72278.7484  30.1%   797 6732s
  6456  3365 68098.0597   21 5892 55556.6669 72278.7484  30.1%   797 6752s
  6457  3366 67758.1428   22 5795 55556.6669 72278.7484  30.1%   797 6755s
  6461  3370 66948.3263   26 5358 55556.6669 72278.7484  30.1%   797 6760s
  6464  3373 65553.0651   29 5027 55556.6669 72278.7484  30.1%   798 6765s
  6469  3378 62940.6680   34 4418 55556.6669 72278.7484  30.1%   798 6770s
  6478  3387 59567.1032   43 3326 55556.6669 72278.7484  30.1%   798 6775s
  6494  3401 55666.7513   58 1337 55556.6669 72278.7484  30.1%   797 6780s
  6498  3399 71200.7422   17 6261 55556.6669 72276.2683  30.1%   797 6788s
  6499  3400 70582.3804   18 6154 55556.6669 72276.2683  30.1%   798 6791s
  6501  3402 69222.2846   20 5888 55556.6669 72276.2683  30.1%   798 6795s
  6503  3404 68443.6351   22 5662 55556.6669 72276.2683  30.1%   798 6800s
  6506  3407 67329.0588   25 5330 55556.6669 72276.2683  30.1%   799 6806s
  6509  3410 66222.1577   28 5014 55556.6669 72276.2683  30.1%   799 6811s
  6514  3415 64121.8707   33 4296 55556.6669 72276.2683  30.1%   799 6816s
  6518  3419 61776.0507   37 3660 55556.6669 72276.2683  30.1%   800 6820s
  6526  3427 57269.8758   45 2403 55556.6669 72276.2683  30.1%   800 6825s
  6535  3426 70917.7786   19 6156 55556.6669 72272.3459  30.1%   800 6837s
  6537  3428 70412.0322   20 5995 55556.6669 72272.3459  30.1%   801 6840s
  6541  3432 67279.9233   23 5686 55556.6669 72272.3459  30.1%   801 6845s
  6547  3438 65888.4223   25 5550 55556.6669 72272.3459  30.1%   801 6850s
  6551  3442 64463.5941   26 5404 55556.6669 72272.3459  30.1%   802 6855s
  6556  3447 64974.3103   25 5497 55556.6669 72272.3459  30.1%   803 6860s
  6561  3452 64515.1127   28 5108 55556.6669 72272.3459  30.1%   803 6865s
  6563  3454 64195.7386   29 5004 55556.6669 72272.3459  30.1%   803 6870s
  6570  3461 56801.7667   33 4507 55556.6669 72272.3459  30.1%   804 6876s
  6576  3465     cutoff   36      55556.6669 72272.3459  30.1%   805 6880s
  6590  3469 55918.1553   42 3503 55556.6669 72272.3459  30.1%   804 6885s
  6595  3469 55719.1572   45 3081 55556.6669 72272.3459  30.1%   804 6902s
  6605  3467 71066.6589   19 6254 55556.6669 72270.2059  30.1%   803 6910s
  6608  3470 69588.9561   21 5922 55556.6669 72270.2059  30.1%   804 6915s
  6611  3473 69032.7331   22 5823 55556.6669 72270.2059  30.1%   805 6924s
  6612  3474 68601.0146   23 5771 55556.6669 72270.2059  30.1%   805 6926s
  6615  3477 67228.0878   24 5708 55556.6669 72270.2059  30.1%   806 6931s
  6619  3481 67388.4926   26 5409 55556.6669 72270.2059  30.1%   806 6935s
  6624  3486 66190.9367   28 5259 55556.6669 72270.2059  30.1%   806 6940s
  6628  3490 65572.4396   29 4956 55556.6669 72270.2059  30.1%   807 6945s
  6634  3496 64255.3705   31 4838 55556.6669 72270.2059  30.1%   807 6950s
  6637  3499 64021.0568   32 4663 55556.6669 72270.2059  30.1%   808 6955s
  6645  3507 63281.3454   36 4054 55556.6669 72270.2059  30.1%   808 6960s
  6652  3514 62021.8899   37 3950 55556.6669 72270.2059  30.1%   809 6965s
  6664  3526 60044.8858   40 3619 55556.6669 72270.2059  30.1%   809 6970s
  6691  3546 70903.6799   16 6397 55556.6669 72258.3760  30.1%   809 6984s
  6692  3547 70759.0264   17 6319 55556.6669 72258.3760  30.1%   809 6985s
  6694  3549 69704.6361   19 6089 55556.6669 72258.3760  30.1%   809 6991s
  6696  3551 68326.0231   21 5867 55556.6669 72258.3760  30.1%   810 6995s
  6698  3553 67039.5369   23 5604 55556.6669 72258.3760  30.1%   810 7000s
  6702  3557 64573.9699   27 5187 55556.6669 72258.3760  30.1%   811 7006s
  6706  3561 62161.7188   31 4744 55556.6669 72258.3760  30.1%   812 7010s
  6712  3567 59811.6486   37 3759 55556.6669 72258.3760  30.1%   812 7015s
  6721  3576 56079.6932   46 2420 55556.6669 72258.3760  30.1%   812 7020s
  6730  3573 71924.0261   17 6422 55556.6669 72248.6836  30.0%   812 7029s
  6731  3574 71551.2807   18 6282 55556.6669 72248.6836  30.0%   812 7031s
  6733  3576 69784.0269   20 5926 55556.6669 72248.6836  30.0%   813 7038s
  6735  3578 69189.1147   22 5792 55556.6669 72248.6836  30.0%   813 7040s
  6738  3581 67773.7430   25 5348 55556.6669 72248.6836  30.0%   814 7046s
  6741  3584 65912.0692   28 4993 55556.6669 72248.6836  30.0%   814 7050s
  6747  3590 63267.4059   34 4031 55556.6669 72248.6836  30.0%   815 7055s
  6757  3600 59016.0855   44 2602 55556.6669 72248.6836  30.0%   815 7060s
  6767  3601 70889.2678   17 6444 55556.6669 72227.7333  30.0%   814 7069s
  6768  3602 70592.2970   18 6292 55556.6669 72227.7333  30.0%   815 7071s
H 6771  3603                    55556.668397 72227.7333  30.0%   815 7080s
  6774  3608 68662.0618   24 5367 55556.6684 72227.7333  30.0%   816 7086s
  6777  3611 67446.7225   27 5086 55556.6684 72227.7333  30.0%   816 7090s
  6784  3618 64009.6513   34 4069 55556.6684 72227.7333  30.0%   816 7095s
  6791  3625 60911.9149   41 2956 55556.6684 72227.7333  30.0%   817 7100s
  6810  3632 71749.4937   16 6326 55556.6684 72221.1489  30.0%   816 7111s
  6811  3633 70507.5196   17 6128 55556.6684 72221.1489  30.0%   816 7115s
  6813  3635 68939.4728   19 5999 55556.6684 72221.1489  30.0%   817 7121s
  6815  3637 68338.2888   21 5731 55556.6684 72221.1489  30.0%   817 7125s
  6819  3641 66328.1297   25 5312 55556.6684 72221.1489  30.0%   818 7131s
  6822  3644 64462.8748   28 4935 55556.6684 72221.1489  30.0%   818 7135s
H 6825  3645                    55556.668552 72221.1489  30.0%   818 7141s
  6830  3652 59747.4576   36 3720 55556.6686 72221.1489  30.0%   819 7145s
  6848  3664 55784.8958   49 2011 55556.6686 72221.1489  30.0%   818 7150s
  6853  3661 71836.6129   18 6325 55556.6686 72205.3808  30.0%   818 7160s
H 6854  3660                    55556.668709 72205.3808  30.0%   818 7172s
  6855  3663 71156.8298   20 6037 55556.6687 72205.3808  30.0%   818 7175s
  6858  3666 70133.3664   23 5857 55556.6687 72205.3808  30.0%   818 7180s
  6861  3669 68910.7363   26 5589 55556.6687 72205.3808  30.0%   819 7185s
  6864  3672 68034.1296   29 5158 55556.6687 72205.3808  30.0%   819 7190s
  6867  3675 66680.5500   32 4660 55556.6687 72205.3808  30.0%   819 7195s

Cutting planes:
  Learned: 4
  Lift-and-project: 36
  Cover: 129
  Implied bound: 6383
  Projected implied bound: 3
  MIR: 279
  Mixing: 7
  StrongCG: 1
  Flow cover: 547
  Zero half: 649
  RLT: 1509
  Relax-and-lift: 247
  BQP: 20

Explored 6871 nodes (5698208 simplex iterations) in 7200.01 seconds (8598.40 work units)
Thread count was 1 (of 52 available processors)

Solution count 10: 55556.7 55556.7 55556.5 ... 55492.3

Time limit reached
Best objective 5.555666870861e+04, best bound 7.220538079390e+04, gap 29.9671%

User-callback calls 814220, time in user-callback 1.04 sec
Setting Gurobi: Solving MILP formulation (H.6) of the CFLPJLCR by the B&C algorithm of Gurobi.


Total CPU time: 7200.01 sec
Termination status: TIME_LIMIT
Percentage optimality gap: 23.06 %
Number of explored nodes: 6871
Objective value of the returned solution: 55556.668709
Optimal facility locations: [2, 4, 5, 27, 31, 32, 33, 42, 44, 49]

@end of file
