Gurobi Optimizer version 11.0.1 build v11.0.1rc0 (linux64 - "CentOS Linux 7 (Core)")

CPU model: Intel(R) Xeon(R) Gold 6230R CPU @ 2.10GHz, instruction set [SSE2|AVX|AVX2|AVX512]
Thread count: 52 physical cores, 52 logical processors, using up to 1 threads

Optimize a model with 7809 rows, 2925 columns and 24718 nonzeros
Model fingerprint: 0x00a350ca
Variable types: 1450 continuous, 1475 integer (1475 binary)
Coefficient statistics:
  Matrix range     [6e-07, 2e+01]
  Objective range  [2e+01, 2e+03]
  Bounds range     [1e+00, 1e+00]
  RHS range        [1e+00, 4e+00]
Found heuristic solution: objective -0.0000000
Presolve removed 1129 rows and 38 columns
Presolve time: 0.18s
Presolved: 6680 rows, 2887 columns, 24707 nonzeros
Variable types: 1431 continuous, 1456 integer (1456 binary)

Root relaxation: objective 1.843844e+04, 3721 iterations, 0.19 seconds (0.24 work units)

    Nodes    |    Current Node    |     Objective Bounds      |     Work
 Expl Unexpl |  Obj  Depth IntInf | Incumbent    BestBd   Gap | It/Node Time

     0     0 18438.4395    0 1352   -0.00000 18438.4395      -     -    1s
H    0     0                    1257.7786497 18438.4395  1366%     -    1s
H    0     0                    2247.5013946 18438.4395   720%     -    1s
     0     0 17491.6685    0 1283 2247.50139 17491.6685   678%     -    2s
     0     0 17476.6798    0 1259 2247.50139 17476.6798   678%     -    2s
     0     0 17476.6310    0 1259 2247.50139 17476.6310   678%     -    2s
     0     0 17430.1274    0 1228 2247.50139 17430.1274   676%     -    3s
H    0     0                    2773.4240309 17419.0548   528%     -    3s
     0     0 17419.0548    0 1228 2773.42403 17419.0548   528%     -    3s
     0     0 17407.7074    0 1259 2773.42403 17407.7074   528%     -    4s
H    0     0                    3861.6821284 17399.3487   351%     -    4s
     0     0 17399.3487    0 1259 3861.68213 17399.3487   351%     -    4s
     0     0 17394.6062    0 1251 3861.68213 17394.6062   350%     -    5s
     0     0 17393.9714    0 1246 3861.68213 17393.9714   350%     -    5s
     0     0 17392.0316    0 1246 3861.68213 17392.0316   350%     -    5s
     0     0 17392.0316    0 1247 3861.68213 17392.0316   350%     -    6s
     0     0 17375.5410    0 1233 3861.68213 17375.5410   350%     -    7s
     0     0 17374.1115    0 1232 3861.68213 17374.1115   350%     -    7s
     0     0 17368.4731    0 1179 3861.68213 17368.4731   350%     -    8s
     0     0 17364.2247    0 1179 3861.68213 17364.2247   350%     -    8s
H    0     0                    7852.4235979 17361.6730   121%     -    9s
H    0     0                    7855.1850471 17361.6730   121%     -    9s
     0     2 17356.3206    0 1179 7855.18505 17356.3206   121%     -   10s
H   26    26                    7858.2898896 17288.4478   120%   318   11s
H   54    51                    7905.3439518 17288.4478   119%   201   11s
H   78    72                    8038.4002317 17288.4478   115%   145   12s
H  104    94                    8064.2192551 17288.4478   114%   111   12s
H  130   115                    8152.3364565 17288.4478   112%  89.4   12s
H  156   132                    8172.7299107 17170.3779   110%   108   13s
H  182   147                    8172.7326515 16364.7361   100%   109   13s
H  189   154                    8172.7327087 16364.7361   100%   115   14s
   265   222 15066.3598    2 1129 8172.73271 16320.6708   100%   101   15s
H  279   234                    8172.7430558 16320.6708   100%   105   15s
H  297   252                    8172.7559479 16320.6708   100%   106   15s
   564   478 10832.0002   35 1179 8172.75595 16187.4856  98.1%  77.3   20s
   567   480 8992.09982   67 1227 8172.75595 16187.4856  98.1%  76.9   25s
   572   483 11449.0851   21 1226 8172.75595 16187.4856  98.1%  76.3   30s
   577   487 8429.82397   85 1171 8172.75595 16187.4856  98.1%  75.6   36s
   595   501 14334.0861   22  841 8172.75595 16122.7042  97.3%   102   40s
   767   567 12588.2259   21  878 8172.75595 15915.2656  94.7%   109   45s
   891   616 8295.35109   58  104 8172.75595 15892.2871  94.5%   115   50s
H  917   595                    8172.7559558 15892.2871  94.5%   112   50s
H  958   572                    8258.9635025 15479.5382  87.4%   117   52s
H  970   555                    8259.9075481 15479.5382  87.4%   117   53s
   992   565 12282.0054   26  691 8259.90755 15479.5052  87.4%   120   55s
H 1023   551                    8259.9094944 15479.5052  87.4%   120   56s
H 1123   557                    8373.3188150 15168.9299  81.2%   126   60s
H 1143   551                    8378.5094178 15168.9299  81.0%   127   61s
  1248   594 13415.8135   24  761 8378.50942 15060.5468  79.8%   130   65s
H 1405   614                    8585.0413778 14830.5630  72.7%   129   69s
H 1461   607                    8585.0424588 14826.8797  72.7%   124   70s
H 1512   617                    8585.0440167 14826.8797  72.7%   126   72s
  1596   680 12694.0737   25  712 8585.04402 14760.8990  71.9%   128   75s
  1753   781 13198.2703   24  759 8585.04402 14659.6566  70.8%   131   80s
  1940   877 13422.0665   23  818 8585.04402 14412.9111  67.9%   130   85s
H 1944   879                    8585.0440552 14412.9111  67.9%   130   85s
H 2014   916                    8585.0453129 14412.9111  67.9%   128   86s
  2135  1001 8719.94566   39  219 8585.04531 14315.6628  66.8%   129   90s
  2308  1096 13565.5192   24  721 8585.04531 14184.8887  65.2%   128   95s
  2471  1192 11626.5648   27  586 8585.04531 14102.8171  64.3%   129  100s
  2682  1317 11649.4201   24  723 8585.04531 13966.9437  62.7%   128  105s
H 2800  1289                    8874.7889777 13927.4903  56.9%   128  108s
  2881  1334 11376.6235   27  614 8874.78898 13896.5099  56.6%   128  110s
H 2947  1360                    8919.5946506 13884.2733  55.7%   128  112s
  3041  1409 10372.6822   27  611 8919.59465 13855.2270  55.3%   128  115s
H 3136  1456                    8919.6038646 13836.8631  55.1%   128  117s
  3259  1533 10394.9296   34  285 8919.60386 13790.6498  54.6%   128  120s
H 3377  1589                    8919.6043722 13729.4775  53.9%   128  123s
  3405  1607 11367.0488   25  672 8919.60437 13711.7311  53.7%   128  125s
  3614  1718 11460.7394   31  429 8919.60437 13627.0007  52.8%   128  130s
  3838  1825 12000.0936   26  649 8919.60437 13559.8219  52.0%   128  135s
  4054  1936 12290.6318   23  726 8919.60437 13520.5568  51.6%   127  140s
  4304  2056 9757.82295   31  479 8919.60437 13470.1066  51.0%   126  145s
  4551  2168 13104.7200   24  715 8919.60437 13378.8413  50.0%   125  150s
H 4555  2170                    8919.6076076 13378.8413  50.0%   125  151s
  4801  2292 12060.5838   24  706 8919.60761 13284.7579  48.9%   124  155s
  4993  2396 10820.0279   29  529 8919.60761 13243.0311  48.5%   124  160s
  5239  2488 12999.5567   17  975 8919.60761 13170.3070  47.7%   123  165s
  5459  2602 10522.6439   30  433 8919.60761 13141.9265  47.3%   123  170s
H 5555  2649                    8919.6077236 13110.1769  47.0%   123  173s
  5637  2689 12918.5091   19  879 8919.60772 13089.0450  46.7%   123  175s
  5868  2782 9376.74012   29  565 8919.60772 13050.9759  46.3%   122  180s
  6090  2874 11107.6204   30  497 8919.60772 13004.2534  45.8%   122  185s
  6273  2947 11505.4670   19  878 8919.60772 12978.4526  45.5%   123  190s
  6492  3036 12742.9861   22  763 8919.60772 12947.7260  45.2%   123  195s
  6711  3134 9699.59742   26  567 8919.60772 12917.5192  44.8%   123  200s
  6979  3247 11109.0310   31  417 8919.60772 12868.5344  44.3%   122  205s
  7182  3345 11751.3461   28  574 8919.60772 12835.2251  43.9%   122  210s
H 7403  3449                    8919.6115857 12805.1896  43.6%   122  215s
  7661  3542 9741.50086   30  504 8919.61159 12765.5885  43.1%   121  220s
  7955  3674 11639.3052   26  643 8919.61159 12727.0916  42.7%   121  225s
  8166  3762 11233.2055   24  658 8919.61159 12678.2965  42.1%   121  230s
H 8404  3840                    8919.6138603 12635.9088  41.7%   121  234s
  8437  3850 12458.3795   22  784 8919.61386 12632.1602  41.6%   120  235s
  8674  3970 10922.8616   23  684 8919.61386 12606.3754  41.3%   120  240s
  8903  4078 11424.1117   27  669 8919.61386 12584.6106  41.1%   120  245s
  9054  4144 10980.0770   22  783 8919.61386 12567.5746  40.9%   120  250s
  9250  4227 9317.97707   25  564 8919.61386 12550.0225  40.7%   120  255s
H 9519  4346                    8919.6563230 12526.1254  40.4%   120  260s
  9809  4459 11167.4855   26  670 8919.65632 12501.8117  40.2%   119  265s
 10116  4570 10849.3467   24  661 8919.65632 12475.1562  39.9%   119  270s
 10394  4694 10524.4067   34  308 8919.65632 12459.3410  39.7%   118  275s
 10704  4808 9687.82241   38  183 8919.65632 12436.0797  39.4%   118  280s
 11013  4937 10787.3236   25  656 8919.65632 12409.4532  39.1%   117  285s
 11277  5050 11302.3296   26  664 8919.65632 12392.9084  38.9%   117  290s
 11543  5171 10859.2702   25  674 8919.65632 12370.1975  38.7%   117  295s
 11843  5282 9292.41267   29  570 8919.65632 12349.0450  38.4%   117  300s
 12128  5392 11909.4321   23  734 8919.65632 12325.4374  38.2%   117  305s
 12383  5500 10606.9989   23  758 8919.65632 12304.0362  37.9%   117  310s
 12625  5592 10818.3757   24  663 8919.65632 12294.0681  37.8%   116  315s
 12915  5708 9598.20001   31  445 8919.65632 12274.6715  37.6%   116  320s
 13189  5803 10629.5730   26  618 8919.65632 12239.5525  37.2%   116  325s
 13457  5919 10001.8221   29  516 8919.65632 12225.2025  37.1%   116  330s
 13785  6023 10575.2177   30  421 8919.65632 12209.5512  36.9%   116  335s
 14072  6128 10812.5685   26  646 8919.65632 12199.3900  36.8%   115  340s
 14364  6227 10941.8497   22  752 8919.65632 12188.5224  36.6%   115  345s
 14642  6352 10026.9211   31  486 8919.65632 12160.4758  36.3%   115  350s
 14965  6467 10780.0670   26  632 8919.65632 12136.1959  36.1%   114  355s
 15238  6578     cutoff   32      8919.65632 12117.4798  35.9%   114  360s
 15538  6696 10575.3450   23  631 8919.65632 12100.0072  35.7%   114  365s
 15890  6816 10793.0556   25  614 8919.65632 12082.5966  35.5%   113  370s
 16210  6930 9856.26225   28  576 8919.65632 12063.8201  35.2%   113  375s
 16546  7054 9611.06262   33  379 8919.65632 12039.6951  35.0%   112  380s
 16875  7170 11138.6031   29  509 8919.65632 12019.1920  34.7%   112  385s
 17203  7289 11842.2300   29  493 8919.65632 11997.4077  34.5%   112  390s
 17563  7443 9716.61695   35  295 8919.65632 11985.3092  34.4%   111  395s
 17884  7565 10402.0635   27  590 8919.65632 11970.2433  34.2%   111  400s
 18223  7675 10395.7450   26  641 8919.65632 11952.2340  34.0%   110  405s
 18569  7780 10710.4206   25  689 8919.65632 11935.1751  33.8%   110  410s
 18909  7895 9229.21188   27  628 8919.65632 11918.3028  33.6%   110  415s
 19248  8015 9851.94473   34  325 8919.65632 11904.7842  33.5%   109  420s
 19619  8111 9882.57571   33  288 8919.65632 11885.4474  33.3%   109  425s
 19982  8217 11721.9990   29  446 8919.65632 11867.9406  33.1%   108  430s
 20314  8317 10048.8078   27  605 8919.65632 11857.5524  32.9%   108  435s
 20673  8450 10513.9569   25  628 8919.65632 11844.2328  32.8%   107  440s
 21042  8539 10315.9057   29  555 8919.65632 11823.7801  32.6%   107  445s
 21370  8641 10094.1161   31  416 8919.65632 11802.1169  32.3%   106  450s
 21734  8739 10409.9873   28  515 8919.65632 11778.4393  32.1%   106  455s
 21897  8781 9081.77469   35  256 8919.65632 11772.2660  32.0%   106  460s
 22244  8875 10636.4318   24  672 8919.65632 11751.2042  31.7%   106  465s
 22637  8989 10327.1674   26  646 8919.65632 11733.8896  31.6%   105  470s
 22984  9089 10186.5189   26  681 8919.65632 11708.4295  31.3%   105  475s
H23311  9168                    8919.6673481 11692.9295  31.1%   104  479s
 23312  9171 9765.58241   30  398 8919.66735 11692.9295  31.1%   104  481s
 23537  9237     cutoff   34      8919.66735 11683.3678  31.0%   104  485s
 23874  9330 11087.7471   30  502 8919.66735 11667.4327  30.8%   104  490s
 24258  9425     cutoff   26      8919.66735 11648.2667  30.6%   104  495s
 24662  9531 10405.4440   28  566 8919.66735 11634.2017  30.4%   103  500s
 25001  9644 9657.13016   34  333 8919.66735 11618.3075  30.3%   103  505s
 25348  9746     cutoff   37      8919.66735 11603.6969  30.1%   103  510s
 25743  9843 9946.00241   31  458 8919.66735 11586.9819  29.9%   102  515s
 26105  9943 9451.74872   33  330 8919.66735 11572.3198  29.7%   102  520s
 26563 10051 9959.89054   26  568 8919.66735 11551.0964  29.5%   102  525s
 26951 10132 9874.77463   20  671 8919.66735 11530.5571  29.3%   101  530s
 27346 10245 9681.51896   30  526 8919.66735 11513.7870  29.1%   101  535s
 27743 10350 9376.03062   30  507 8919.66735 11498.3937  28.9%   100  540s
 28044 10416 9862.90706   31  437 8919.66735 11486.0647  28.8%   100  545s
 28383 10513 9758.93398   31  477 8919.66735 11472.7580  28.6%   100  551s
 28650 10575 9810.68046   33  375 8919.66735 11462.8475  28.5%   100  555s
 29053 10686 10230.5439   33  349 8919.66735 11442.6428  28.3%  99.5  560s
 29455 10762 10086.7001   26  599 8919.66735 11427.5972  28.1%  99.1  565s
 29883 10864 9738.31462   33  372 8919.66735 11406.2680  27.9%  98.7  570s
 30286 10946 9289.27334   34  314 8919.66735 11388.9400  27.7%  98.3  575s
 30634 11036 9412.09459   32  406 8919.66735 11372.5621  27.5%  98.2  580s
 31044 11144 9108.87603   38  181 8919.66735 11355.2400  27.3%  97.9  585s
 31455 11241 9895.61993   30  460 8919.66735 11341.1364  27.1%  97.5  590s
 31850 11341     cutoff   41      8919.66735 11323.9605  27.0%  97.2  595s
 32195 11425 9444.67031   32  430 8919.66735 11309.9222  26.8%  97.0  600s
 32598 11517 11138.3195   21  801 8919.66735 11294.9241  26.6%  96.7  605s
 33000 11613 10242.8357   30  462 8919.66735 11273.3532  26.4%  96.3  610s
 33369 11691 11039.1489   23  723 8919.66735 11258.0834  26.2%  96.1  615s
 33754 11766 10983.6032   26  750 8919.66735 11245.4231  26.1%  95.8  620s
 34130 11834 10105.0954   28  580 8919.66735 11234.8279  26.0%  95.6  625s
 34523 11919 10271.6524   31  395 8919.66735 11225.9956  25.9%  95.4  630s
 34877 11982 9508.70622   33  360 8919.66735 11214.9473  25.7%  95.2  635s
 35234 12048 9400.93586   30  435 8919.66735 11202.5126  25.6%  95.0  640s
 35618 12134 9865.07925   32  408 8919.66735 11187.0537  25.4%  94.8  645s
 35923 12214 9455.73861   31  412 8919.66735 11179.8257  25.3%  94.7  650s
 36313 12302 9656.83431   31  456 8919.66735 11168.3802  25.2%  94.5  655s
 36732 12376 9592.14661   29  531 8919.66735 11155.0272  25.1%  94.3  660s
 37121 12435 9417.07214   32  395 8919.66735 11139.5371  24.9%  94.1  665s
 37546 12515 9813.61649   32  426 8919.66735 11126.5150  24.7%  93.9  670s
 37987 12592 10818.9355   27  600 8919.66735 11114.3780  24.6%  93.6  675s
 38296 12654 9662.54710   27  628 8919.66735 11104.2293  24.5%  93.6  680s
 38709 12744 10145.0212   31  477 8919.66735 11091.0600  24.3%  93.4  685s
 39066 12799 9354.93584   21  646 8919.66735 11079.9180  24.2%  93.3  690s
 39454 12858 9080.10586   31  477 8919.66735 11066.3123  24.1%  93.1  695s
 39841 12914 9789.85921   29  525 8919.66735 11056.4692  24.0%  93.0  700s
 40231 12986     cutoff   35      8919.66735 11046.7810  23.8%  92.8  705s
 40637 13055 9386.96433   32  418 8919.66735 11031.0461  23.7%  92.6  710s
 40952 13110     cutoff   36      8919.66735 11025.7751  23.6%  92.5  715s
 41277 13163 10754.6625   27  721 8919.66735 11008.1623  23.4%  92.5  720s
 41668 13232 9427.04914   23  762 8919.66735 10996.0958  23.3%  92.3  725s
 42128 13280 9473.34376   22  652 8919.66735 10985.4361  23.2%  92.1  730s
 42491 13344     cutoff   34      8919.66735 10975.4044  23.0%  91.9  735s
 42869 13425 9438.78496   25  595 8919.66735 10965.8901  22.9%  91.8  740s
 43239 13486 9328.70564   35  273 8919.66735 10956.4506  22.8%  91.7  745s
 43637 13541 9229.85449   30  515 8919.66735 10947.6188  22.7%  91.6  750s
 43982 13599 9687.34003   23  632 8919.66735 10937.5018  22.6%  91.5  755s
 44283 13648 9303.08838   30  456 8919.66735 10929.8999  22.5%  91.5  760s
 44657 13685 9098.46540   25  650 8919.66735 10921.2120  22.4%  91.5  765s
 45029 13755 9283.25213   35  271 8919.66735 10914.5133  22.4%  91.4  770s
 45381 13809 9249.35728   33  360 8919.66735 10904.7108  22.3%  91.3  775s
 45738 13850 9332.53778   22  707 8919.66735 10894.6681  22.1%  91.2  780s
 46066 13895 10638.6714   27  493 8919.66735 10886.3027  22.0%  91.2  785s
 46365 13941 9607.98160   35  254 8919.66735 10876.6250  21.9%  91.1  790s
 46743 13987 10708.6345   23  743 8919.66735 10865.8743  21.8%  91.0  795s
 47087 14033 9508.64663   30  439 8919.66735 10857.1372  21.7%  91.0  800s
 47454 14098 9305.29137   24  663 8919.66735 10849.9858  21.6%  91.0  805s
 47830 14116 9583.63095   30  452 8919.66735 10840.0022  21.5%  90.9  810s
 48232 14132 9095.73824   27  622 8919.66735 10829.1995  21.4%  90.9  815s
 48598 14146 9274.17682   27  497 8919.66735 10822.5486  21.3%  90.8  820s
 48892 14168 9314.10029   28  535 8919.66735 10815.7095  21.3%  90.8  825s
 49272 14185 9069.29767   25  614 8919.66735 10806.3715  21.2%  90.8  830s
 49618 14228 9575.49510   31  355 8919.66735 10798.5872  21.1%  90.7  835s
 49973 14258 9640.73679   30  463 8919.66735 10789.3541  21.0%  90.7  840s
 50228 14285     cutoff   37      8919.66735 10782.5411  20.9%  90.7  845s
 50542 14326 9399.45122   28  518 8919.66735 10775.1099  20.8%  90.7  850s
 50901 14350 9516.41303   25  608 8919.66735 10764.8154  20.7%  90.6  855s
 51208 14359     cutoff   28      8919.66735 10755.2866  20.6%  90.7  860s
 51508 14382 9088.09673   29  621 8919.66735 10748.5305  20.5%  90.7  865s
 51847 14397 9219.55020   29  519 8919.66735 10741.3102  20.4%  90.7  870s
 52163 14396 9442.09934   30  466 8919.66735 10733.2293  20.3%  90.7  875s
 52502 14405 9201.89026   30  513 8919.66735 10723.6785  20.2%  90.7  880s
 52830 14409 9117.18813   28  588 8919.66735 10717.4810  20.2%  90.7  885s
 53128 14427 9289.07925   27  565 8919.66735 10710.4019  20.1%  90.7  890s
 53425 14432 9219.79173   27  541 8919.66735 10703.0127  20.0%  90.7  895s
 53747 14420 9308.66633   31  464 8919.66735 10693.3951  19.9%  90.8  900s
 54105 14417 9408.40015   24  623 8919.66735 10684.0501  19.8%  90.8  905s
 54373 14421 9231.37926   23  646 8919.66735 10676.3659  19.7%  90.8  910s
 54691 14403 9055.20264   28  593 8919.66735 10668.0939  19.6%  90.8  915s
 55035 14408 9528.42751   30  423 8919.66735 10658.6606  19.5%  90.8  920s
 55303 14411 8945.24906   27  657 8919.66735 10651.9110  19.4%  90.8  925s
 55628 14406 9300.72910   27  514 8919.66735 10644.9354  19.3%  90.8  930s
 55939 14395 9364.51390   29  584 8919.66735 10636.3037  19.2%  90.9  935s
 56033 14399 9233.34128   27  593 8919.66735 10634.6203  19.2%  90.9  945s
 56196 14400 9716.50030   34  270 8919.66735 10629.7531  19.2%  90.9  950s
 56471 14401 9236.67850   29  541 8919.66735 10622.8181  19.1%  90.9  955s
 56812 14370 9203.46228   27  509 8919.66735 10613.5423  19.0%  90.9  960s
 57149 14354 8989.20209   26  669 8919.66735 10605.9800  18.9%  90.9  965s
 57453 14336 9007.22953   24  682 8919.66735 10597.8905  18.8%  91.0  970s
 57795 14304 9232.48756   31  445 8919.66735 10588.9438  18.7%  91.0  975s
 58122 14277 9241.78341   29  535 8919.66735 10580.6872  18.6%  91.0  980s
 58441 14250 9329.08471   29  571 8919.66735 10572.7587  18.5%  91.0  985s
 58765 14255 10278.3052   26  644 8919.66735 10562.6436  18.4%  91.0  990s
 59062 14221     cutoff   30      8919.66735 10555.7398  18.3%  91.0  995s
 59300 14200 10232.9168   32  365 8919.66735 10549.4625  18.3%  91.0 1000s
 59586 14175 9033.51857   28  563 8919.66735 10541.7776  18.2%  91.0 1005s
 59890 14162 9136.96015   27  633 8919.66735 10532.4218  18.1%  91.1 1010s
 60192 14140 9323.29437   30  456 8919.66735 10523.6192  18.0%  91.1 1015s
 60485 14095 10366.6857   29  459 8919.66735 10515.2065  17.9%  91.2 1020s
 60741 14061     cutoff   26      8919.66735 10507.1215  17.8%  91.3 1025s
 61030 14042 9112.68990   29  535 8919.66735 10497.1846  17.7%  91.3 1030s
 61311 14004 9020.91494   34  325 8919.66735 10491.2511  17.6%  91.3 1035s
 61592 13983 9062.13911   28  606 8919.66735 10483.2196  17.5%  91.3 1040s
 61860 13958 10255.7537   24  731 8919.66735 10473.0183  17.4%  91.4 1045s
 62115 13932 9178.01110   30  475 8919.66735 10465.1710  17.3%  91.5 1050s
 62388 13861     cutoff   28      8919.66735 10451.6333  17.2%  91.5 1055s
 62656 13810 10128.1044   30  497 8919.66735 10440.5435  17.1%  91.6 1060s
 62929 13764 9188.31590   27  635 8919.66735 10432.2621  17.0%  91.7 1065s
 63238 13710 9019.18655   24  749 8919.66735 10421.7667  16.8%  91.7 1070s
 63549 13654     cutoff   26      8919.66735 10410.2407  16.7%  91.8 1075s
 63823 13596 9157.30255   32  490 8919.66735 10397.2680  16.6%  91.8 1080s
 64083 13535 9020.74951   28  491 8919.66735 10385.7603  16.4%  91.9 1085s
 64379 13479 9151.47049   34  297 8919.66735 10375.4064  16.3%  92.0 1090s
 64635 13405 9533.62780   22  770 8919.66735 10364.2909  16.2%  92.1 1095s
 64908 13329     cutoff   28      8919.66735 10350.7164  16.0%  92.2 1100s
 65156 13262 9387.77486   32  382 8919.66735 10339.9638  15.9%  92.2 1105s
 65419 13175 10160.8030   30  438 8919.66735 10326.4154  15.8%  92.3 1110s
 65665 13091 9136.27685   36  198 8919.66735 10313.5997  15.6%  92.4 1115s
 65874 13012     cutoff   32      8919.66735 10301.6047  15.5%  92.4 1120s
 66121 12916     cutoff   28      8919.66735 10287.7126  15.3%  92.5 1125s
 66368 12796 8997.09178   27  604 8919.66735 10271.5459  15.2%  92.7 1130s
 66627 12670     cutoff   30      8919.66735 10252.7324  14.9%  92.7 1135s
 66913 12569     cutoff   34      8919.66735 10238.8247  14.8%  92.8 1140s
 67192 12484     cutoff   27      8919.66735 10223.6099  14.6%  92.8 1145s
 67479 12365     cutoff   26      8919.66735 10202.5939  14.4%  92.8 1150s
 67762 12198     cutoff   26      8919.66735 10181.8280  14.2%  92.9 1155s
 68046 12020     cutoff   30      8919.66735 10160.4262  13.9%  93.0 1160s
 68261 11902     cutoff   33      8919.66735 10144.5333  13.7%  93.0 1165s
 68567 11694 9058.05062   31  455 8919.66735 10122.0959  13.5%  93.1 1170s
 68892 11555     cutoff   30      8919.66735 10101.9503  13.3%  93.0 1175s
 69220 11312     cutoff   29      8919.66735 10074.8253  13.0%  93.0 1180s
 69593 11060     cutoff   29      8919.66735 10043.9634  12.6%  93.0 1185s
 69952 10819     cutoff   28      8919.66735 10016.8193  12.3%  92.9 1190s
 70340 10516     cutoff   31      8919.66735 9984.56425  11.9%  92.7 1195s
 70794 10234     cutoff   31      8919.66735 9953.48958  11.6%  92.5 1200s
 71252  9888     cutoff   30      8919.66735 9916.68660  11.2%  92.3 1205s
 71698  9546     cutoff   30      8919.66735 9877.08154  10.7%  92.1 1210s
 72142  9231     cutoff   29      8919.66735 9840.37535  10.3%  91.9 1215s
 72612  8920     cutoff   21      8919.66735 9809.05388  10.0%  91.6 1220s
 73086  8544     cutoff   31      8919.66735 9767.12786  9.50%  91.3 1225s
 73576  8180     cutoff   29      8919.66735 9730.03067  9.09%  91.0 1230s
 74094  7758 9549.61498   35  270 8919.66735 9688.88876  8.62%  90.7 1235s
 74672  7379     cutoff   33      8919.66735 9652.24535  8.21%  90.3 1240s
 75119  7048 9418.82284   35  292 8919.66735 9620.68448  7.86%  90.0 1245s
 75666  6622     cutoff   31      8919.66735 9582.59820  7.43%  89.7 1250s
 76306  6104     cutoff   32      8919.66735 9541.84798  6.98%  89.2 1255s
 76930  5650     cutoff   30      8919.66735 9501.64881  6.52%  88.8 1260s
 77582  5107 9042.83249   34  348 8919.66735 9455.95456  6.01%  88.3 1265s
 78181  4599     cutoff   32      8919.66735 9415.93996  5.56%  87.9 1270s
 78789  4107     cutoff   27      8919.66735 9377.97128  5.14%  87.5 1275s
 79437  3545 9021.70431   29  527 8919.66735 9333.82593  4.64%  87.0 1280s
 80058  2992     cutoff   25      8919.66735 9288.73989  4.14%  86.6 1285s
 80641  2478 8973.88676   35  295 8919.66735 9246.94615  3.67%  86.2 1290s
 81297  1866     cutoff   32      8919.66735 9197.02132  3.11%  85.7 1295s
 81860  1343     cutoff   29      8919.66735 9147.43183  2.55%  85.4 1300s
 82558   864     cutoff   27      8919.66735 9084.95651  1.85%  84.8 1305s
 83323   733 9037.83723   48  157 8919.66735 9037.83723  1.32%  84.1 1310s
 84070   736 8938.36893   77   38 8919.66735 9013.24960  1.05%  83.4 1315s
 84862   613     cutoff   51      8919.66735 8983.53921  0.72%  82.7 1320s
 85681   433 8947.62866   41  149 8919.66735 8960.29597  0.46%  82.0 1325s
 86431    71 8925.64394   74   38 8919.66735 8927.49289  0.09%  81.3 1330s

Cutting planes:
  Learned: 9
  Gomory: 4
  Lift-and-project: 20
  Cover: 1762
  Implied bound: 1048
  Projected implied bound: 6
  Clique: 8
  MIR: 52
  Mixing: 1
  Flow cover: 324
  Zero half: 1771
  RLT: 2042
  Relax-and-lift: 181
  BQP: 1

Explored 86526 nodes (7034930 simplex iterations) in 1330.61 seconds (1441.26 work units)
Thread count was 1 (of 52 available processors)

Solution count 10: 8919.67 8874.79 8585.05 ... 8064.22

Optimal solution found (tolerance 0.00e+00)
Best objective 8.919667348057e+03, best bound 8.919667348057e+03, gap 0.0000%

User-callback calls 462143, time in user-callback 0.47 sec
Setting Gurobi: Solving MILP formulation (H.6) of the CFLPJLCR by the B&C algorithm of Gurobi.


Total CPU time: 1330.61 sec
Termination status: OPTIMAL
Percentage optimality gap: 0.00 %
Number of explored nodes: 86526
Objective value of the returned solution: 8919.667348
Optimal facility locations: [5, 18, 23]

@end of file
