Gurobi Optimizer version 11.0.1 build v11.0.1rc0 (linux64 - "CentOS Linux 7 (Core)")

CPU model: Intel(R) Xeon(R) Gold 6230R CPU @ 2.10GHz, instruction set [SSE2|AVX|AVX2|AVX512]
Thread count: 52 physical cores, 52 logical processors, using up to 1 threads

Optimize a model with 7809 rows, 2925 columns and 24718 nonzeros
Model fingerprint: 0x22d49d31
Variable types: 1450 continuous, 1475 integer (1475 binary)
Coefficient statistics:
  Matrix range     [6e-07, 2e+01]
  Objective range  [2e+01, 2e+03]
  Bounds range     [1e+00, 1e+00]
  RHS range        [1e+00, 6e+00]
Found heuristic solution: objective -0.0000000
Presolve removed 1385 rows and 66 columns
Presolve time: 0.07s
Presolved: 6424 rows, 2859 columns, 20800 nonzeros
Variable types: 1417 continuous, 1442 integer (1442 binary)

Root relaxation: objective 1.793884e+04, 3651 iterations, 0.16 seconds (0.21 work units)

    Nodes    |    Current Node    |     Objective Bounds      |     Work
 Expl Unexpl |  Obj  Depth IntInf | Incumbent    BestBd   Gap | It/Node Time

     0     0 17938.8412    0 1391   -0.00000 17938.8412      -     -    0s
     0     0 17152.9344    0 1386   -0.00000 17152.9344      -     -    1s
H    0     0                    4175.1192615 17145.3440   311%     -    1s
     0     0 17136.7889    0 1385 4175.11926 17136.7889   310%     -    2s
H    0     0                    4188.7782167 17128.9182   309%     -    2s
     0     0 17128.9182    0 1386 4188.77822 17128.9182   309%     -    2s
     0     0 17128.9182    0 1386 4188.77822 17128.9182   309%     -    2s
     0     0 17128.9182    0 1386 4188.77822 17128.9182   309%     -    3s
     0     0 17076.0636    0 1386 4188.77822 17076.0636   308%     -    4s
     0     0 17076.0636    0 1386 4188.77822 17076.0636   308%     -    4s
     0     0 17076.0636    0 1386 4188.77822 17076.0636   308%     -    5s
     0     0 17076.0636    0 1386 4188.77822 17076.0636   308%     -    5s
     0     0 17076.0636    0 1386 4188.77822 17076.0636   308%     -    5s
     0     0 17076.0636    0 1386 4188.77822 17076.0636   308%     -    6s
H    0     0                    7027.6772098 17076.0636   143%     -    6s
     0     2 17076.0636    0 1386 7027.67721 17076.0636   143%     -    6s
H   26    26                    7107.5678526 16800.9342   136%   244    7s
   209   174 7798.43992   35  240 7107.56785 15768.2550   122%  97.0   10s
H  218   177                    7107.5682809 15768.2550   122%  93.1   10s
H  245   173                    7557.2522527 15755.4978   108%  85.9   10s
H  353   234                    8048.9497805 15668.5491  94.7%  85.2   12s
H  380   251                    8048.9700450 15573.2103  93.5%  91.4   13s
H  407   270                    8048.9736993 15463.2078  92.1%  91.3   13s
   479   307 14149.4216    8 1121 8048.97370 15436.5819  91.8%  95.1   15s
H  602   385                    8359.5547016 15340.3475  83.5%   111   18s
   607   390 13207.0740   11 1390 8359.55470 15340.3475  83.5%   112   21s
   613   394 8451.07597   25 1386 8359.55470 15340.3475  83.5%   111   25s
   617   397 9980.61888   14 1432 8359.55470 15340.3475  83.5%   111   31s
   642   416 11001.3381   22  758 8359.55470 15340.3475  83.5%   132   35s
   695   438 10314.4556   25  693 8359.55470 15340.3475  83.5%   158   40s
   773   468 14551.4336   18 1035 8359.55470 15340.3475  83.5%   166   45s
H  826   468                    8359.5554149 15340.3475  83.5%   173   48s
   863   474 13140.4717   19 1001 8359.55541 15340.3475  83.5%   172   50s
H  905   471                    8359.5561216 15340.3475  83.5%   176   52s
   943   480 15246.8496   13 1298 8359.55612 15340.3475  83.5%   181   55s
H  944   461                    8359.5639540 15340.3475  83.5%   180   55s
H 1010   472                    8359.5654389 15058.9763  80.1%   185   59s
  1031   481 12799.8573   21  860 8359.56544 15058.7386  80.1%   185   60s
  1127   520 10604.7465   25  687 8359.56544 14705.4710  75.9%   185   65s
  1272   554 13506.8481   18 1014 8359.56544 14552.4799  74.1%   177   70s
  1333   573 11092.9442   18  799 8359.56544 14429.6479  72.6%   183   75s
H 1355   561                    8363.5961117 14412.8588  72.3%   183   77s
H 1384   551                    8363.5967064 14412.8588  72.3%   183   78s
  1415   566 8922.41194   26  552 8363.59671 14331.9938  71.4%   185   80s
  1490   572 12765.9857   19  870 8363.59671 14255.7751  70.5%   185   85s
  1592   630 11772.6750   19  784 8363.59671 14202.9753  69.8%   184   90s
  1716   707 10009.3598   27  575 8363.59671 14037.1691  67.8%   184   95s
H 1824   758                    8369.0533643 13997.8491  67.3%   185  100s
  1907   813 12827.6001   17  911 8369.05336 13919.8264  66.3%   185  105s
H 1937   833                    8369.0541174 13915.1284  66.3%   184  106s
  2016   877 12180.2692   24  604 8369.05412 13836.5275  65.3%   184  110s
  2125   916 10620.7185   23  674 8369.05412 13749.7898  64.3%   184  115s
  2255   989 12882.0854   18  998 8369.05412 13681.8351  63.5%   184  120s
  2360  1045 10166.3813   26  635 8369.05412 13655.7711  63.2%   185  125s
  2470  1102 11147.0700   19  849 8369.05412 13626.3469  62.8%   185  130s
  2581  1176 8756.35517   34  187 8369.05412 13596.1200  62.5%   187  135s
  2732  1236 12471.8687   24  668 8369.05412 13503.8922  61.4%   187  140s
  2827  1290 10536.0138   22  660 8369.05412 13482.1227  61.1%   187  145s
  3003  1389     cutoff   36      8369.05412 13340.1717  59.4%   185  150s
  3119  1455 9386.81453   24  554 8369.05412 13290.3331  58.8%   185  155s
H 3248  1512                    8424.8851282 13205.7316  56.7%   185  159s
  3258  1523 8650.63800   33  210 8424.88513 13205.7316  56.7%   185  160s
  3390  1594 11276.8693   19  878 8424.88513 13097.8156  55.5%   185  165s
  3504  1658 11241.3187   23  691 8424.88513 13072.4255  55.2%   184  170s
  3643  1718 10631.7427   23  716 8424.88513 12963.2175  53.9%   184  175s
  3788  1785 11354.3281   21  749 8424.88513 12871.6555  52.8%   185  180s
  3914  1851 11654.9210   24  678 8424.88513 12811.0245  52.1%   184  185s
  4053  1908 9462.35059   35  255 8424.88513 12774.4472  51.6%   184  190s
  4204  1974 11275.9963   20  873 8424.88513 12737.6176  51.2%   184  195s
H 4331  2039                    8424.8851755 12695.1769  50.7%   184  200s
  4481  2109 10965.2213   23  780 8424.88518 12625.4742  49.9%   185  205s
H 4574  2156                    8424.8858227 12607.6343  49.6%   184  209s
  4576  2160 10226.7458   25  640 8424.88582 12607.6343  49.6%   184  210s
H 4717  2224                    8424.8896716 12561.2574  49.1%   183  214s
  4735  2237 11497.0952   18  788 8424.88967 12545.6523  48.9%   184  215s
  4924  2316 11180.8273   15  877 8424.88967 12485.8913  48.2%   183  220s
  5068  2381 11909.0335   25  576 8424.88967 12426.7549  47.5%   183  225s
  5225  2454 9854.67715   28  524 8424.88967 12385.8581  47.0%   182  230s
  5459  2554 9398.61475   21  604 8424.88967 12325.3930  46.3%   180  235s
  5669  2639 10758.9146   20  785 8424.88967 12271.5405  45.7%   180  240s
  5834  2723 8962.02439   28  570 8424.88967 12242.8953  45.3%   179  245s
  5984  2789 9035.15423   26  573 8424.88967 12192.7790  44.7%   179  250s
  6179  2860 10087.6861   18  788 8424.88967 12161.2065  44.3%   178  255s
  6376  2946 8595.87100   31  350 8424.88967 12123.0846  43.9%   177  260s
  6536  3010 9361.74896   32  316 8424.88967 12088.7706  43.5%   176  265s
  6730  3083 10305.2081   24  684 8424.88967 12031.7751  42.8%   175  270s
  6949  3148 10303.5930   22  789 8424.88967 11996.9303  42.4%   175  275s
  7047  3201 11037.3341   22  722 8424.88967 11980.9293  42.2%   174  280s
  7230  3277 9301.49095   21  600 8424.88967 11948.4259  41.8%   173  285s
  7430  3360 10269.9258   22  740 8424.88967 11923.7763  41.5%   173  290s
  7630  3439 9914.59458   23  679 8424.88967 11893.9325  41.2%   172  295s
  7865  3543 9870.03669   22  731 8424.88967 11856.9250  40.7%   171  300s
  8044  3593 10531.1406   17  752 8424.88967 11829.7798  40.4%   170  305s
  8234  3661 9927.28590   24  681 8424.88967 11802.0838  40.1%   170  310s
  8408  3724 11472.4442   23  640 8424.88967 11772.0603  39.7%   170  315s
  8595  3786 11181.3896   25  628 8424.88967 11743.5903  39.4%   169  320s
  8813  3879 10093.6424   23  569 8424.88967 11716.9141  39.1%   169  325s
  9018  3948 9089.81647   28  452 8424.88967 11688.4333  38.7%   168  330s
  9196  4018 9194.94828   24  508 8424.88967 11660.3240  38.4%   168  335s
  9396  4094 9070.79018   28  404 8424.88967 11633.3830  38.1%   168  340s
  9591  4152 10390.3920   26  566 8424.88967 11591.2285  37.6%   167  345s
  9732  4199 10263.3134   18  716 8424.88967 11582.7379  37.5%   167  350s
  9913  4264 10366.2651   23  778 8424.88967 11558.4718  37.2%   166  355s
 10123  4332 9173.83376   30  381 8424.88967 11531.0414  36.9%   166  360s
 10368  4421 8752.48298   27  481 8424.88967 11503.5347  36.5%   165  365s
 10587  4497 10482.5761   21  642 8424.88967 11476.6511  36.2%   165  370s
 10801  4566 10266.9161   25  639 8424.88967 11465.9847  36.1%   164  375s
 10983  4641 10431.0427   19  695 8424.88967 11442.0109  35.8%   164  380s
 11224  4716 10253.8162   23  655 8424.88967 11409.5468  35.4%   164  385s
 11458  4779 9795.13325   28  595 8424.88967 11383.9163  35.1%   164  390s
 11669  4849 9585.39455   25  520 8424.88967 11362.9280  34.9%   164  395s
 11873  4923 8868.14847   31  383 8424.88967 11350.2561  34.7%   163  400s
 12099  4988 9496.71594   27  543 8424.88967 11322.6703  34.4%   163  405s
 12323  5049 10953.2391   20  785 8424.88967 11303.2969  34.2%   163  410s
 12506  5117 10258.0077   20  736 8424.88967 11282.3547  33.9%   162  415s
 12716  5198 10197.2708   20  625 8424.88967 11261.2862  33.7%   162  420s
 12939  5258 9411.39268   27  556 8424.88967 11240.5274  33.4%   162  425s
 13143  5326 10136.2726   22  624 8424.88967 11220.3964  33.2%   162  430s
 13385  5386 10015.4448   20  750 8424.88967 11194.1789  32.9%   161  435s
 13631  5463 9569.46069   18  721 8424.88967 11172.7078  32.6%   161  440s
 13896  5521 9690.46044   24  545 8424.88967 11151.7822  32.4%   160  445s
 14128  5582 9833.21178   22  606 8424.88967 11129.7013  32.1%   160  450s
 14363  5657 10285.1370   24  727 8424.88967 11116.5701  31.9%   160  455s
 14598  5742 9263.05910   21  623 8424.88967 11098.5597  31.7%   159  460s
 14628  5752 8802.63948   30  488 8424.88967 11095.3931  31.7%   159  465s
 14847  5818 9081.82480   25  512 8424.88967 11075.2916  31.5%   159  470s
 15056  5881 9922.85810   23  484 8424.88967 11058.1971  31.3%   159  475s
 15291  5946 9669.51028   25  586 8424.88967 11043.7182  31.1%   158  480s
 15520  6010 9738.33436   25  578 8424.88967 11025.4844  30.9%   158  485s
 15769  6075 10184.6598   26  533 8424.88967 11001.0582  30.6%   158  490s
 15963  6128 9941.92332   22  702 8424.88967 10987.0587  30.4%   157  495s
 16164  6175 9193.38658   25  707 8424.88967 10967.2708  30.2%   157  500s
 16395  6233 9825.94208   26  559 8424.88967 10956.1463  30.0%   157  505s
 16644  6295 9405.09519   24  653 8424.88967 10937.6006  29.8%   156  510s
 16906  6366 9898.94400   19  803 8424.88967 10916.2233  29.6%   156  515s
 17078  6401 9174.60601   28  546 8424.88967 10902.7832  29.4%   156  520s
H17079  6400                    8424.8896978 10902.7832  29.4%   156  520s
 17091  6406 9041.93765   28  422 8424.88970 10902.2782  29.4%   156  525s
 17284  6450 8931.36313   31  368 8424.88970 10891.9273  29.3%   156  530s
 17533  6500 9541.69218   25  624 8424.88970 10865.4866  29.0%   155  535s
 17748  6573 10287.4670   22  784 8424.88970 10851.8720  28.8%   155  540s
 18016  6640 8682.37827   26  409 8424.88970 10839.7590  28.7%   155  545s
 18243  6694 9853.24087   23  599 8424.88970 10827.6676  28.5%   155  550s
 18464  6768 9157.45594   24  672 8424.88970 10818.9045  28.4%   155  555s
 18725  6835 8777.02118   29  375 8424.88970 10810.7223  28.3%   154  560s
 18959  6890 8483.36850   32  333 8424.88970 10795.9201  28.1%   154  565s
*19075  6851              36    8513.3717653 10789.3145  26.7%   154  567s
 19189  6874 8982.60838   25  507 8513.37177 10784.8373  26.7%   154  570s
 19435  6926 9689.04648   24  502 8513.37177 10770.3685  26.5%   154  575s
 19675  6963 9784.64249   25  611 8513.37177 10753.1188  26.3%   153  580s
 19882  7019 9929.64466   27  490 8513.37177 10742.4888  26.2%   153  585s
 20112  7061 9484.15604   25  543 8513.37177 10725.8254  26.0%   153  590s
 20343  7107 9249.54597   25  652 8513.37177 10710.0502  25.8%   153  595s
 20550  7134 9243.14749   25  552 8513.37177 10698.8565  25.7%   153  600s
 20777  7170 8806.50920   25  456 8513.37177 10685.6483  25.5%   152  605s
 21008  7210 9800.79131   27  421 8513.37177 10669.4068  25.3%   152  610s
 21224  7243 8761.70945   25  449 8513.37177 10655.2835  25.2%   152  615s
 21465  7274 9510.42067   21  652 8513.37177 10638.9982  25.0%   152  620s
 21724  7322 9255.55145   24  681 8513.37177 10620.8467  24.8%   151  625s
 21972  7371 9464.87215   23  749 8513.37177 10606.5625  24.6%   151  630s
 22218  7419 9072.21689   27  455 8513.37177 10592.8910  24.4%   151  635s
 22468  7451 9164.95032   24  723 8513.37177 10576.9580  24.2%   151  640s
 22729  7480 10081.0245   20  661 8513.37177 10558.7193  24.0%   151  645s
 22964  7523 8958.13154   29  371 8513.37177 10547.7303  23.9%   150  650s
 23187  7556 8588.33463   25  595 8513.37177 10534.6610  23.7%   150  655s
 23388  7588 9383.05418   30  380 8513.37177 10524.1657  23.6%   150  660s
 23633  7617 8808.57716   19  721 8513.37177 10510.4718  23.5%   150  665s
 23781  7627 9182.02266   29  386 8513.37177 10498.4383  23.3%   150  670s
 23987  7651 8904.41447   30  363 8513.37177 10488.6605  23.2%   150  675s
 24193  7671 9250.77272   22  610 8513.37177 10475.2667  23.0%   150  680s
 24420  7695 10282.7541   20  732 8513.37177 10461.9910  22.9%   150  685s
 24642  7724 9241.62240   23  584 8513.37177 10452.8172  22.8%   149  700s
 24807  7750 9292.42280   26  488 8513.37177 10445.2703  22.7%   149  705s
 25063  7777 9206.64400   23  621 8513.37177 10428.1302  22.5%   149  710s
 25310  7791 9459.18502   23  637 8513.37177 10412.2912  22.3%   149  715s
 25548  7800 9150.51720   26  421 8513.37177 10396.0587  22.1%   149  720s
 25787  7818 9903.50934   24  563 8513.37177 10384.4991  22.0%   149  725s
 26032  7837 9041.46824   22  552 8513.37177 10375.4283  21.9%   149  730s
 26188  7855 10029.7457   25  735 8513.37177 10364.8492  21.7%   149  735s
 26397  7885 9432.97136   23  622 8513.37177 10354.2929  21.6%   149  740s
 26645  7906 8596.40628   27  533 8513.37177 10340.5762  21.5%   149  745s
 26856  7909 8984.87016   26  507 8513.37177 10326.9395  21.3%   149  750s
 27054  7905 9461.87034   28  377 8513.37177 10317.9533  21.2%   149  755s
 27288  7917     cutoff   21      8513.37177 10304.8389  21.0%   149  760s
 27508  7942 9094.46959   27  507 8513.37177 10295.6376  20.9%   149  765s
 27746  7956 8800.89946   19  718 8513.37177 10283.8137  20.8%   148  770s
 27965  7980 9447.52603   24  604 8513.37177 10275.6541  20.7%   148  775s
 28160  7993     cutoff   24      8513.37177 10268.5650  20.6%   148  780s
 28366  8000 9188.30404   24  583 8513.37177 10260.1115  20.5%   148  785s
 28554  8025 8759.60972   20  557 8513.37177 10252.3297  20.4%   148  790s
 28767  8030 9697.27750   27  632 8513.37177 10242.9477  20.3%   148  795s
 28970  8038 8988.27076   27  460 8513.37177 10234.1590  20.2%   148  800s
 29196  8043 9763.71123   28  441 8513.37177 10220.6582  20.1%   148  805s
 29429  8047 8827.17482   24  525 8513.37177 10212.3938  20.0%   148  810s
 29651  8043 9200.91886   26  425 8513.37177 10201.7674  19.8%   148  815s
 29859  8056 8668.28944   20  778 8513.37177 10189.9643  19.7%   148  820s
 30053  8052 9710.36878   26  592 8513.37177 10179.9304  19.6%   148  825s
 30251  8045 8882.39669   21  547 8513.37177 10170.5248  19.5%   148  830s
 30466  8047 9875.16855   25  673 8513.37177 10162.7210  19.4%   148  835s
 30706  8042 8781.49082   28  542 8513.37177 10151.3224  19.2%   148  840s
 30910  8021 8787.13340   27  611 8513.37177 10140.9274  19.1%   148  845s
 31107  8021 8909.49877   30  374 8513.37177 10132.0124  19.0%   148  850s
 31321  8021 8917.31792   28  460 8513.37177 10119.9131  18.9%   148  855s
 31463  8015 9266.04806   27  460 8513.37177 10109.5110  18.7%   148  860s
 31682  8006 8658.12097   31  363 8513.37177 10098.3485  18.6%   148  865s
 31895  8001     cutoff   22      8513.37177 10088.3501  18.5%   148  870s
 32095  7993 8584.35951   28  398 8513.37177 10078.0695  18.4%   148  875s
 32318  8012 8848.92078   28  436 8513.37177 10067.9658  18.3%   148  880s
 32546  8004 8556.53503   28  475 8513.37177 10059.2719  18.2%   148  885s
 32771  7981     cutoff   26      8513.37177 10044.8165  18.0%   148  890s
 32995  7970     cutoff   31      8513.37177 10032.0174  17.8%   148  895s
 33179  7954 8786.27976   24  610 8513.37177 10019.8526  17.7%   148  900s
 33328  7937     cutoff   31      8513.37177 10014.4078  17.6%   148  905s
 33529  7919 8822.69054   21  534 8513.37177 10000.9804  17.5%   148  910s
 33723  7913 8858.24260   33  230 8513.37177 9995.23590  17.4%   148  915s
 33913  7882 8523.00632   29  361 8513.37177 9980.47328  17.2%   148  920s
 34143  7862     cutoff   23      8513.37177 9969.82753  17.1%   148  925s
 34337  7838 8985.81131   28  383 8513.37177 9956.92236  17.0%   148  930s
 34530  7815 9293.20735   27  465 8513.37177 9947.56838  16.8%   148  935s
 34747  7792 8676.70209   26  512 8513.37177 9937.36550  16.7%   148  940s
 34939  7760     cutoff   24      8513.37177 9926.90790  16.6%   148  945s
 35148  7712 8929.68039   25  584 8513.37177 9912.85051  16.4%   148  950s
 35348  7682 8974.05089   27  448 8513.37177 9904.12935  16.3%   148  955s
 35538  7646 9070.74554   26  553 8513.37177 9892.34218  16.2%   148  960s
 35765  7600 8917.57210   29  476 8513.37177 9881.29539  16.1%   148  965s
 35978  7589 8626.28472   27  508 8513.37177 9872.12652  16.0%   148  970s
 36149  7542     cutoff   24      8513.37177 9862.78797  15.9%   148  975s
 36347  7496 8780.26718   22  561 8513.37177 9849.08929  15.7%   148  980s
 36543  7450     cutoff   24      8513.37177 9838.47229  15.6%   148  985s
 36735  7409     cutoff   25      8513.37177 9828.15072  15.4%   148  990s
 36918  7375 9391.35766   27  413 8513.37177 9817.72246  15.3%   148  995s
 37093  7334 8637.52293   28  333 8513.37177 9806.02534  15.2%   148 1000s
 37271  7285 9023.87327   29  446 8513.37177 9790.95394  15.0%   148 1005s
 37496  7243 9370.66506   27  459 8513.37177 9777.92521  14.9%   148 1010s
 37687  7184     cutoff   21      8513.37177 9764.55120  14.7%   148 1015s
 37872  7138 9091.46772   29  477 8513.37177 9752.99894  14.6%   148 1020s
 38075  7058 8970.55088   26  553 8513.37177 9737.74755  14.4%   149 1025s
 38253  6999 8984.36167   30  374 8513.37177 9724.18502  14.2%   149 1030s
 38447  6946     cutoff   24      8513.37177 9712.97149  14.1%   149 1035s
 38621  6874 9613.00576   19  710 8513.37177 9694.94288  13.9%   149 1040s
 38827  6813     cutoff   26      8513.37177 9683.19393  13.7%   149 1045s
 39015  6747 8946.60662   29  381 8513.37177 9669.45350  13.6%   149 1050s
 39202  6674 8725.62143   26  596 8513.37177 9654.80479  13.4%   149 1055s
 39397  6597     cutoff   29      8513.37177 9639.71297  13.2%   149 1060s
 39583  6527 8710.85030   29  394 8513.37177 9628.45025  13.1%   149 1065s
 39761  6435 8767.92170   28  377 8513.37177 9612.16661  12.9%   149 1070s
 39963  6348 9069.31418   25  566 8513.37177 9592.26741  12.7%   149 1075s
 40108  6271 8701.17861   27  485 8513.37177 9580.63997  12.5%   149 1080s
 40291  6171     cutoff   26      8513.37177 9563.35152  12.3%   149 1085s
 40485  6065     cutoff   30      8513.37177 9544.54853  12.1%   149 1090s
 40674  5948 8541.60363   30  305 8513.37177 9526.49603  11.9%   149 1095s
 40885  5805 8690.29483   27  456 8513.37177 9502.90570  11.6%   149 1100s
 41102  5675     cutoff   25      8513.37177 9482.64376  11.4%   149 1105s
 41323  5534 8846.44203   30  437 8513.37177 9459.10879  11.1%   149 1110s
 41598  5358 8620.12460   28  494 8513.37177 9433.41433  10.8%   149 1115s
 41885  5151     cutoff   24      8513.37177 9402.74477  10.4%   148 1120s
 42163  4954     cutoff   25      8513.37177 9377.15058  10.1%   148 1125s
 42473  4691     cutoff   23      8513.37177 9339.78679  9.71%   147 1130s
 42823  4391     cutoff   26      8513.37177 9297.67629  9.21%   147 1135s
 43163  4121     cutoff   31      8513.37177 9260.97699  8.78%   146 1140s
 43463  3849     cutoff   29      8513.37177 9227.23702  8.39%   146 1145s
 43897  3473     cutoff   31      8513.37177 9184.64082  7.88%   145 1150s
 44345  3075     cutoff   27      8513.37177 9138.79384  7.35%   144 1155s
 44799  2689     cutoff   24      8513.37177 9099.67875  6.89%   143 1160s
 45335  2215     cutoff   28      8513.37177 9044.37374  6.24%   142 1165s
 45782  1836     cutoff   27      8513.37177 8995.80400  5.67%   141 1170s
 46294  1355     cutoff   27      8513.37177 8930.51871  4.90%   140 1175s
 46776   930     cutoff   29      8513.37177 8850.82793  3.96%   139 1180s
 47245   497     cutoff   32      8513.37177 8737.66286  2.63%   138 1185s
 47763     4     cutoff   23      8513.37177 8515.70091  0.03%   137 1190s

Cutting planes:
  Gomory: 12
  Lift-and-project: 20
  Cover: 726
  Implied bound: 30
  MIR: 232
  Mixing: 1
  Flow cover: 199
  GUB cover: 31
  Inf proof: 2
  Zero half: 1016
  RLT: 3955
  Relax-and-lift: 31
  BQP: 47

Explored 47768 nodes (6545674 simplex iterations) in 1190.03 seconds (1490.20 work units)
Thread count was 1 (of 52 available processors)

Solution count 10: 8513.37 8424.89 8369.05 ... 4188.78

Optimal solution found (tolerance 0.00e+00)
Best objective 8.513371765281e+03, best bound 8.513371765281e+03, gap 0.0000%

User-callback calls 359738, time in user-callback 0.31 sec
Setting Gurobi: Solving MILP formulation (H.6) of the CFLPJLCR by the B&C algorithm of Gurobi.


Total CPU time: 1190.03 sec
Termination status: OPTIMAL
Percentage optimality gap: 0.00 %
Number of explored nodes: 47768
Objective value of the returned solution: 8513.371765
Optimal facility locations: [5, 14, 18]

@end of file
