Gurobi Optimizer version 11.0.1 build v11.0.1rc0 (linux64 - "CentOS Linux 7 (Core)")

CPU model: Intel(R) Xeon(R) Gold 6230R CPU @ 2.10GHz, instruction set [SSE2|AVX|AVX2|AVX512]
Thread count: 52 physical cores, 52 logical processors, using up to 1 threads

Optimize a model with 7809 rows, 2925 columns and 24718 nonzeros
Model fingerprint: 0xa1f0d5c5
Variable types: 1450 continuous, 1475 integer (1475 binary)
Coefficient statistics:
  Matrix range     [6e-07, 3e+01]
  Objective range  [2e+01, 2e+03]
  Bounds range     [1e+00, 1e+00]
  RHS range        [1e+00, 3e+00]
Found heuristic solution: objective -0.0000000
Presolve removed 2614 rows and 565 columns
Presolve time: 0.10s
Presolved: 5195 rows, 2360 columns, 17618 nonzeros
Variable types: 1165 continuous, 1195 integer (1195 binary)

Root relaxation: objective 1.822716e+04, 3646 iterations, 0.16 seconds (0.21 work units)

    Nodes    |    Current Node    |     Objective Bounds      |     Work
 Expl Unexpl |  Obj  Depth IntInf | Incumbent    BestBd   Gap | It/Node Time

     0     0 18227.1625    0 1074   -0.00000 18227.1625      -     -    1s
     0     0 17795.5024    0  982   -0.00000 17795.5024      -     -    1s
H    0     0                    1369.7220985 17769.1797  1197%     -    1s
H    0     0                    3095.8089810 17769.1797   474%     -    1s
     0     0 17573.6655    0 1007 3095.80898 17573.6655   468%     -    1s
     0     0 17518.8565    0 1011 3095.80898 17518.8565   466%     -    1s
     0     0 17518.5861    0 1011 3095.80898 17518.5861   466%     -    1s
     0     0 17406.6526    0  985 3095.80898 17406.6526   462%     -    2s
H    0     0                    3326.2972049 17405.8046   423%     -    2s
     0     0 17384.8618    0  991 3326.29720 17384.8618   423%     -    2s
     0     0 17381.3400    0  984 3326.29720 17381.3400   423%     -    2s
     0     0 17381.3125    0  984 3326.29720 17381.3125   423%     -    2s
     0     0 17317.6638    0  958 3326.29720 17317.6638   421%     -    3s
H    0     0                    3326.3274139 17299.9173   420%     -    3s
     0     0 17299.9173    0  960 3326.32741 17299.9173   420%     -    3s
     0     0 17299.9173    0  960 3326.32741 17299.9173   420%     -    3s
     0     0 17263.4708    0  939 3326.32741 17263.4708   419%     -    4s
     0     0 17252.7644    0  935 3326.32741 17252.7644   419%     -    4s
     0     0 17252.7644    0  935 3326.32741 17252.7644   419%     -    4s
     0     0 17221.7495    0  932 3326.32741 17221.7495   418%     -    5s
     0     0 17217.0948    0  931 3326.32741 17217.0948   418%     -    5s
     0     0 17198.5290    0  949 3326.32741 17198.5290   417%     -    6s
     0     0 17196.9374    0  940 3326.32741 17196.9374   417%     -    6s
     0     0 17196.8309    0  937 3326.32741 17196.8309   417%     -    6s
     0     0 17187.1087    0  938 3326.32741 17187.1087   417%     -    7s
     0     0 17186.2532    0  938 3326.32741 17186.2532   417%     -    7s
H    0     0                    7210.9909359 17185.2566   138%     -    8s
H    0     0                    7211.0293370 17185.2566   138%     -    8s
     0     2 17185.2566    0  938 7211.02934 17185.2566   138%     -    8s
    25    27 16131.5839   19  790 7211.02934 16835.7964   133%   284   10s
H   26    26                    7287.6300177 16835.7964   131%   273   10s
H   27    27                    7551.3721376 16835.7964   123%   268   10s
H   52    50                    8084.7040300 16835.7964   108%   243   11s
H   78    76                    8142.8036921 16835.7964   107%   197   11s
H  104   102                    8232.4570042 16835.7964   105%   176   12s
H  130   128                    8232.4596004 16835.7964   105%   147   12s
H  156   154                    8232.4598026 16835.7964   105%   127   12s
H  182   178                    8233.4637471 16835.7964   104%   119   12s
H  189   185                    8233.4655227 16835.7964   104%   116   12s
H  237   221                    8233.4659846 16835.7964   104%  97.8   13s
   404   374 15004.2209    9  779 8233.46598 16704.4916   103%  83.8   16s
H  432   400                    8233.4705547 16704.4916   103%  85.6   16s
   533   500 10497.9928   67  998 8233.47055 16704.4916   103%  72.9   21s
H  538   478                    8410.7986616 16704.4916  98.6%  72.3   24s
   540   479 12882.2432   90  912 8410.79866 16704.4916  98.6%  72.0   25s
   545   482 12357.6417   33  911 8410.79866 16704.4916  98.6%  71.3   30s
   552   487 12735.1956   46  939 8410.79866 16704.4916  98.6%  70.4   36s
   566   498 15814.9433   21  679 8410.79866 16053.7862  90.9%  96.6   40s
H  579   480                    8557.9820009 16044.4065  87.5%   101   41s
H  634   494                    8706.4610966 16044.4065  84.3%   101   43s
H  657   485                    8706.4675589 16044.4065  84.3%  99.3   43s
H  684   456                    8706.4684987 16044.4065  84.3%  96.9   43s
   692   455 14406.9051   18  789 8706.46850 16020.4445  84.0%  98.8   45s
H  788   494                    8706.4686943 16020.4445  84.0%   103   48s
   826   495 9467.56401   87  282 8706.46869 16020.4445  84.0%   101   50s
H  880   494                    8706.4688092 15998.9702  83.8%   104   52s
H  893   484                    8706.4697759 15998.9702  83.8%   104   53s
   944   489 15476.0338   18  819 8706.46978 15995.3015  83.7%   104   55s
  1060   542 10420.1092   32  457 8706.46978 15704.7198  80.4%   109   60s
  1184   572 9747.61140   31  426 8706.46978 15392.0500  76.8%   111   65s
  1342   611 15048.3057   19  711 8706.46978 15294.6045  75.7%   110   70s
H 1349   595                    8706.4700941 15294.6045  75.7%   112   71s
  1467   636 13869.7049   21  673 8706.47009 15014.1360  72.4%   114   75s
H 1498   616                    8966.7123480 15014.1360  67.4%   114   76s
  1609   687 12499.6904   26  500 8966.71235 14574.5257  62.5%   115   80s
  1783   780 12538.0883   26  489 8966.71235 14456.7299  61.2%   116   85s
H 1799   783                    8966.7123846 14456.7299  61.2%   116   85s
  1908   849 10475.3402   31  332 8966.71238 14360.1057  60.1%   119   90s
H 1962   872                    8966.7153526 14315.7864  59.7%   121   92s
  2041   915 10222.4537   32  306 8966.71535 14301.4383  59.5%   121   95s
  2247  1028 11884.7525   25  465 8966.71535 14175.1370  58.1%   121  100s
H 2264  1031                    8966.7155686 14175.1370  58.1%   120  100s
  2500  1148 11949.2823   25  506 8966.71557 14116.9159  57.4%   120  105s
H 2539  1170                    8966.7158459 14067.3756  56.9%   119  105s
* 2570  1180              68    8972.9441804 14067.3756  56.8%   118  105s
* 2573  1178              68    8973.9752593 14067.3756  56.8%   118  105s
* 2576  1176              68    8975.5163150 14067.3756  56.7%   118  105s
H 2596  1141                    9225.7736548 14066.3797  52.5%   118  106s
  2767  1216 13160.9786   27  495 9225.77365 14004.1377  51.8%   117  110s
  2986  1313 12842.1008   20  639 9225.77365 13906.8781  50.7%   116  115s
H 3125  1387                    9225.7764666 13815.2442  49.7%   115  118s
  3154  1405 12242.2534   22  592 9225.77647 13810.2943  49.7%   116  120s
  3380  1507 9890.12608   36  173 9225.77647 13674.3994  48.2%   115  125s
  3646  1631 10699.9687   27  407 9225.77647 13571.3199  47.1%   114  130s
H 3919  1759                    9225.7787361 13474.3644  46.1%   114  135s
  4149  1831 11342.3375   37  366 9225.77874 13384.8810  45.1%   113  140s
  4388  1937 10416.3637   30  383 9225.77874 13294.9421  44.1%   113  145s
  4646  2043 10276.2500   33  325 9225.77874 13230.0932  43.4%   112  150s
  4831  2127 11699.7050   22  574 9225.77874 13193.5645  43.0%   111  155s
H 4986  2191                    9225.7792015 13160.0359  42.6%   110  157s
  5129  2257 11792.4944   29  390 9225.77920 13140.2583  42.4%   110  160s
  5427  2377 11800.9432   28  413 9225.77920 13054.7997  41.5%   109  165s
H 5495  2412                    9225.7792208 13031.7111  41.3%   109  166s
  5659  2487     cutoff   36      9225.77922 12988.0950  40.8%   109  170s
  5943  2604 11752.8668   25  569 9225.77922 12893.8715  39.8%   108  175s
H 6125  2667                    9225.7792323 12857.5070  39.4%   108  178s
  6194  2695 11382.5293   28  416 9225.77923 12841.0643  39.2%   108  180s
  6462  2806     cutoff   38      9225.77923 12792.2118  38.7%   107  185s
H 6495  2820                    9225.7792726 12791.4667  38.6%   107  185s
H 6513  2830                    9225.7795316 12786.3284  38.6%   107  186s
  6749  2912 11519.1898   27  419 9225.77953 12738.8299  38.1%   106  190s
  7018  3012 11663.2506   28  437 9225.77953 12690.4817  37.6%   106  195s
  7332  3157 10849.7882   27  470 9225.77953 12646.1867  37.1%   105  200s
H 7514  3235                    9225.7801152 12622.3793  36.8%   105  203s
  7624  3292 10328.3740   31  329 9225.78012 12598.9518  36.6%   105  205s
  7897  3380 10321.2108   27  452 9225.78012 12548.7012  36.0%   105  210s
  8219  3479 10879.2774   22  550 9225.78012 12503.6019  35.5%   104  215s
  8531  3601 11100.1869   21  655 9225.78012 12465.8111  35.1%   103  220s
  8844  3704 12204.5037   24  508 9225.78012 12424.4437  34.7%   102  225s
H 9081  3796                    9225.7803735 12410.9713  34.5%   102  229s
  9094  3800 10402.0650   26  469 9225.78037 12408.2075  34.5%   102  230s
  9386  3905 10873.6811   22  604 9225.78037 12381.8260  34.2%   102  235s
  9726  4010 10642.3888   26  477 9225.78037 12337.6259  33.7%   101  240s
 10068  4126     cutoff   27      9225.78037 12294.6906  33.3%   100  245s
 10404  4244 10489.8655   29  319 9225.78037 12249.6391  32.8%   100  250s
 10813  4391 10896.2170   30  380 9225.78037 12206.5792  32.3%  99.0  255s
 11227  4510 10580.9663   31  331 9225.78037 12168.4956  31.9%  98.1  260s
 11577  4617 9287.79526   24  370 9225.78037 12136.4214  31.5%  97.7  265s
 11963  4758     cutoff   31      9225.78037 12106.9911  31.2%  96.9  270s
 12287  4859 10914.4826   28  414 9225.78037 12078.2579  30.9%  96.6  275s
 12706  4976 10666.9560   24  487 9225.78037 12036.9047  30.5%  95.7  280s
 13098  5094 10611.2707   34  282 9225.78037 11994.6326  30.0%  95.2  285s
 13584  5230 9812.68736   32  321 9225.78037 11956.3839  29.6%  94.2  290s
 14064  5357 9736.47820   32  355 9225.78037 11924.1744  29.2%  93.4  295s
 14531  5490 10560.4350   28  440 9225.78037 11892.2892  28.9%  92.7  300s
 14927  5570 11089.0951   26  509 9225.78037 11851.2608  28.5%  92.0  305s
 15320  5677 9392.12961   32  305 9225.78037 11820.7165  28.1%  91.6  310s
 15738  5782 10351.2281   24  543 9225.78037 11799.5959  27.9%  91.1  315s
 16102  5903 10497.4801   25  560 9225.78037 11764.4920  27.5%  90.8  320s
 16546  6043 9531.42319   32  336 9225.78037 11742.3375  27.3%  90.3  325s
 17052  6178 10583.5512   24  511 9225.78037 11703.1567  26.9%  89.6  330s
 17539  6281 10319.8731   24  535 9225.78037 11672.0034  26.5%  89.1  335s
 17992  6394 9772.84482   29  377 9225.78037 11638.6474  26.2%  88.7  340s
 18433  6494 10493.8196   25  470 9225.78037 11613.1952  25.9%  88.4  345s
 18876  6595 10142.8287   34  265 9225.78037 11584.7418  25.6%  88.0  350s
 19349  6737 11412.5819   26  454 9225.78037 11557.5041  25.3%  87.4  355s
 19830  6836 9777.79172   27  485 9225.78037 11532.3576  25.0%  87.0  360s
 20326  6925 9537.27806   29  371 9225.78037 11504.5092  24.7%  86.4  365s
 20852  7031 9316.01069   34  249 9225.78037 11471.3730  24.3%  85.9  370s
 21367  7138 10826.9753   30  344 9225.78037 11436.7548  24.0%  85.4  375s
H21448  7148                    9225.7806251 11432.3135  23.9%  85.4  376s
H21450  7147                    9225.7944330 11432.3135  23.9%  85.4  377s
 21464  7148 10739.0713   30  389 9225.79443 11431.9221  23.9%  85.4  380s
 21936  7191 10253.3253   27  465 9225.79443 11398.7186  23.6%  85.1  385s
 22455  7291 11034.1842   31  349 9225.79443 11369.6879  23.2%  84.6  390s
 23024  7380 9972.62404   31  265 9225.79443 11343.5240  23.0%  83.9  395s
 23515  7450 10063.6711   29  402 9225.79443 11316.5569  22.7%  83.6  400s
 24058  7510 10995.1095   23  572 9225.79443 11280.7371  22.3%  83.2  405s
 24502  7561 10232.7747   28  422 9225.79443 11253.9056  22.0%  83.0  410s
 25028  7624 9818.53985   30  397 9225.79443 11222.1536  21.6%  82.7  415s
 25505  7693 9871.56358   32  303 9225.79443 11199.8017  21.4%  82.4  420s
 25978  7741 10258.8164   27  449 9225.79443 11175.2225  21.1%  82.2  425s
 26505  7813 10502.4200   36  329 9225.79443 11145.0244  20.8%  81.9  430s
 26907  7842 9835.59331   30  390 9225.79443 11114.4066  20.5%  81.7  435s
 27458  7880 9494.21689   31  348 9225.79443 11085.9141  20.2%  81.3  440s
 27919  7935 9375.64958   23  515 9225.79443 11060.5418  19.9%  81.2  445s
 28362  7985 9594.59453   31  372 9225.79443 11041.4994  19.7%  81.0  450s
 28878  8023 10249.3812   29  366 9225.79443 11008.4871  19.3%  80.7  455s
 29364  8033 9599.31619   31  368 9225.79443 10979.3560  19.0%  80.4  460s
 29830  8019 9609.41034   31  319 9225.79443 10954.5749  18.7%  80.3  465s
 30264  8014 10152.6352   23  531 9225.79443 10933.2890  18.5%  80.2  470s
 30684  8013 9743.48967   22  568 9225.79443 10910.1314  18.3%  80.1  475s
 31131  7995 9391.34368   23  565 9225.79443 10885.2800  18.0%  80.0  480s
 31591  8017 9655.17422   29  335 9225.79443 10867.1941  17.8%  79.9  485s
 32108  7991 9353.70081   30  360 9225.79443 10839.4084  17.5%  79.7  490s
 32605  7974 9266.39541   32  363 9225.79443 10814.9357  17.2%  79.5  495s
 33097  7953 9302.95933   29  242 9225.79443 10787.0285  16.9%  79.3  500s
 33616  7909 9584.24148   24  358 9225.79443 10758.3302  16.6%  79.1  505s
 34046  7893 9542.95350   27  409 9225.79443 10737.6436  16.4%  79.0  510s
 34504  7834 9231.41284   33  253 9225.79443 10710.4624  16.1%  78.9  515s
H34955  7786                    9225.8003898 10684.0136  15.8%  78.8  520s
 35223  7757 9474.60743   31  316 9225.80039 10668.3242  15.6%  78.8  525s
 35675  7699 9375.70471   27  431 9225.80039 10641.6796  15.3%  78.8  530s
 36138  7626     cutoff   26      9225.80039 10615.9480  15.1%  78.7  535s
 36603  7542 9451.47797   34  253 9225.80039 10583.2140  14.7%  78.6  540s
 37099  7420 10296.2904   36  420 9225.80039 10543.0795  14.3%  78.5  545s
 37611  7270 9413.06062   26  331 9225.80039 10506.0907  13.9%  78.4  550s
 38089  7099 9277.13820   29  451 9225.80039 10463.9030  13.4%  78.3  555s
 38617  6927     cutoff   34      9225.80039 10415.1864  12.9%  78.1  560s
 39138  6687     cutoff   27      9225.80039 10365.8369  12.4%  77.9  565s
 39567  6445     cutoff   35      9225.80039 10309.1307  11.7%  77.8  570s
 40027  6159 9403.18511   33  313 9225.80039 10259.5603  11.2%  77.6  576s
 40504  5836     cutoff   28      9225.80039 10208.8392  10.7%  77.3  580s
 41219  5424     cutoff   28      9225.80039 10137.9687  9.89%  76.8  585s
 41977  4931     cutoff   31      9225.80039 10063.1899  9.08%  76.2  590s
 42827  4318 9559.39911   35  312 9225.80039 9976.89374  8.14%  75.4  595s
 43681  3685 9595.52200   33  273 9225.80039 9890.61241  7.21%  74.6  600s
 44595  2990     cutoff   32      9225.80039 9807.29062  6.30%  73.7  605s
 45495  2290     cutoff   32      9225.80039 9718.19699  5.34%  72.8  610s
 46443  1552 9360.39438   47  257 9225.80039 9625.02576  4.33%  71.8  615s
 47336   780     cutoff   32      9225.80039 9502.54265  3.00%  71.0  620s

Cutting planes:
  Learned: 2
  Gomory: 29
  Lift-and-project: 16
  Cover: 140
  Implied bound: 1770
  MIR: 64
  Flow cover: 536
  Inf proof: 1
  Zero half: 575
  RLT: 506
  Relax-and-lift: 118
  BQP: 5

Explored 48200 nodes (3382980 simplex iterations) in 623.89 seconds (639.38 work units)
Thread count was 1 (of 52 available processors)

Solution count 10: 9225.8 8975.52 8973.98 ... 8232.46

Optimal solution found (tolerance 0.00e+00)
Best objective 9.225800389837e+03, best bound 9.225800389837e+03, gap 0.0000%

User-callback calls 248643, time in user-callback 0.24 sec
Setting Gurobi: Solving MILP formulation (H.6) of the CFLPJLCR by the B&C algorithm of Gurobi.


Total CPU time: 623.89 sec
Termination status: OPTIMAL
Percentage optimality gap: 0.00 %
Number of explored nodes: 48200
Objective value of the returned solution: 9225.800390
Optimal facility locations: [5, 14, 18]

@end of file
