Gurobi Optimizer version 11.0.1 build v11.0.1rc0 (linux64 - "CentOS Linux 7 (Core)")

CPU model: Intel(R) Xeon(R) Gold 6230R CPU @ 2.10GHz, instruction set [SSE2|AVX|AVX2|AVX512]
Thread count: 52 physical cores, 52 logical processors, using up to 1 threads

Optimize a model with 7809 rows, 2925 columns and 24718 nonzeros
Model fingerprint: 0x5caa1df4
Variable types: 1450 continuous, 1475 integer (1475 binary)
Coefficient statistics:
  Matrix range     [6e-07, 2e+01]
  Objective range  [2e+01, 2e+03]
  Bounds range     [1e+00, 1e+00]
  RHS range        [1e+00, 7e+00]
Found heuristic solution: objective -0.0000000
Presolve removed 1484 rows and 78 columns
Presolve time: 0.08s
Presolved: 6325 rows, 2847 columns, 20485 nonzeros
Variable types: 1411 continuous, 1436 integer (1436 binary)

Root relaxation: objective 1.780165e+04, 3478 iterations, 0.15 seconds (0.20 work units)

    Nodes    |    Current Node    |     Objective Bounds      |     Work
 Expl Unexpl |  Obj  Depth IntInf | Incumbent    BestBd   Gap | It/Node Time

     0     0 17801.6519    0 1385   -0.00000 17801.6519      -     -    0s
H    0     0                       0.0000000 17801.6519      -     -    0s
     0     0 17193.9599    0 1382    0.00000 17193.9599      -     -    1s
H    0     0                    4186.7238162 17191.0626   311%     -    1s
     0     0 17178.5059    0 1382 4186.72382 17178.5059   310%     -    1s
     0     0 17178.5031    0 1382 4186.72382 17178.5031   310%     -    1s
     0     0 17168.2279    0 1382 4186.72382 17168.2279   310%     -    1s
H    0     0                    4188.7782167 17163.6372   310%     -    1s
     0     0 17163.6372    0 1382 4188.77822 17163.6372   310%     -    2s
     0     0 17163.6372    0 1382 4188.77822 17163.6372   310%     -    2s
     0     0 17159.2111    0 1382 4188.77822 17159.2111   310%     -    3s
H    0     0                    4188.7817853 17149.8639   309%     -    3s
     0     0 17149.8639    0 1382 4188.78179 17149.8639   309%     -    3s
     0     0 17149.8639    0 1382 4188.78179 17149.8639   309%     -    4s
     0     0 17149.8639    0 1382 4188.78179 17149.8639   309%     -    4s
H    0     0                    4542.2079039 17140.9012   277%     -    5s
H    0     0                    7192.0839838 17140.9012   138%     -    5s
     0     2 17140.9012    0 1382 7192.08398 17140.9012   138%     -    5s
H   54    54                    7555.4678477 16877.6981   123%   124    6s
H   78    76                    7555.4713706 16877.6981   123%  87.6    6s
H  108   106                    7653.1227937 16877.6981   121%  63.7    6s
H  130   128                    7882.5747004 16877.6981   114%  53.2    6s
H  156   152                    7896.0373818 16877.6981   114%  48.4    6s
H  162   158                    7896.0575073 16877.6981   114%  47.0    6s
H  182   176                    7906.8858291 16877.6981   113%  42.1    7s
H  297   264                    7958.8733168 15819.5559  98.8%  46.1    8s
   405   359 9697.92857   26  341 7958.87332 15762.9142  98.1%  56.2   10s
H  561   456                    7958.8744865 15620.3419  96.3%  58.1   13s
   563   457 15618.5400    4 1382 7958.87449 15620.3419  96.3%  57.9   15s
   568   460 9278.74967   27 1382 7958.87449 15620.3419  96.3%  57.4   20s
H  568   436                    8133.9810282 15620.3419  92.0%  57.4   21s
H  647   460                    8133.9816755 15620.3419  92.0%  76.6   24s
   654   467 9365.97977   31  459 8133.98168 15620.3419  92.0%  76.8   25s
H  673   447                    8133.9856581 15620.3419  92.0%  77.2   25s
H  699   445                    8134.3619085 15620.3419  92.0%  79.2   26s
H  785   464                    8134.3640667 15620.0016  92.0%  84.8   29s
   805   471 15524.7549   16 1182 8134.36407 15609.4835  91.9%  84.3   30s
H  894   480                    8134.3645428 15103.0376  85.7%  95.9   33s
H  910   473                    8134.3665585 15103.0376  85.7%  96.1   34s
   948   489 9917.79479   32  361 8134.36656 15013.8149  84.6%  96.2   35s
H 1029   496                    8183.2312694 14813.8526  81.0%  94.8   37s
H 1137   523                    8205.0394596 14624.4981  78.2%  95.3   40s
  1303   573 12316.1835   26  669 8205.03946 14397.9925  75.5%  96.5   45s
H 1348   570                    8205.0409585 14393.8459  75.4%  96.4   47s
  1433   617 9049.51304   31  428 8205.04096 14364.0772  75.1%   100   50s
  1624   719 10615.2122   25  795 8205.04096 14053.0724  71.3%   100   55s
  1721   782 8841.72864   29  532 8205.04096 14016.9697  70.8%   104   61s
  1809   823 8929.10601   34  172 8205.04096 13964.1376  70.2%   107   65s
H 1832   830                    8205.0423407 13937.6402  69.9%   107   66s
  1971   915 8425.41201   27  461 8205.04234 13751.5107  67.6%   109   70s
  2170  1019 12643.6061   25  698 8205.04234 13626.2516  66.1%   109   75s
  2385  1133 12107.0524   20 1030 8205.04234 13454.0445  64.0%   110   80s
  2555  1222 9149.99894   36  259 8205.04234 13360.0061  62.8%   113   85s
  2775  1325 11852.7114   21  972 8205.04234 13258.3428  61.6%   114   90s
  2938  1425 10541.8506   27  697 8205.04234 13208.3965  61.0%   116   95s
  3146  1526 11690.4520   23  794 8205.04234 13155.0155  60.3%   116  100s
H 3328  1612                    8205.0425069 13091.7139  59.6%   117  105s
  3510  1691 11537.0564   23  795 8205.04251 13038.7195  58.9%   119  110s
  3697  1762 10369.6551   26  772 8205.04251 12999.3227  58.4%   120  115s
* 3766  1785              58    8206.8112341 12981.4571  58.2%   119  116s
H 3786  1777                    8324.3938118 12973.6122  55.9%   119  117s
  3898  1832 9490.83907   28  573 8324.39381 12935.2042  55.4%   120  120s
  4043  1901 11543.4524   21  920 8324.39381 12899.8464  55.0%   120  125s
H 4154  1950                    8324.3971994 12857.8445  54.5%   121  135s
H 4155  1951                    8324.4015330 12857.8445  54.5%   121  135s
  4252  1991 12416.3118   23  758 8324.40153 12804.2747  53.8%   122  140s
  4406  2072 8412.43114   35  203 8324.40153 12769.7691  53.4%   122  145s
H 4541  2125                    8324.4017490 12745.8217  53.1%   123  149s
  4583  2150 10598.8675   18  871 8324.40175 12733.7706  53.0%   123  150s
  4809  2259 12298.5023   19  935 8324.40175 12676.1560  52.3%   124  155s
  4945  2311 8790.26094   22  713 8324.40175 12629.6608  51.7%   125  160s
  5090  2386 10218.1099   19  810 8324.40175 12598.4805  51.3%   126  165s
  5314  2483 11307.3157   24  704 8324.40175 12541.2452  50.7%   126  170s
  5470  2561 9768.31529   23  659 8324.40175 12495.3845  50.1%   127  175s
  5682  2628 9305.44882   31  469 8324.40175 12457.3922  49.6%   127  180s
  5862  2692 9923.21649   29  523 8324.40175 12417.0946  49.2%   128  185s
  6012  2757 11010.6853   26  649 8324.40175 12398.5607  48.9%   129  190s
H 6018  2758                    8324.4067774 12398.5607  48.9%   129  191s
  6177  2823 9595.49842   31  463 8324.40678 12373.5124  48.6%   129  195s
  6315  2873 10762.1534   25  698 8324.40678 12353.8160  48.4%   130  200s
H 6475  2940                    8324.4078310 12321.6677  48.0%   131  205s
  6630  3009 10811.5456   26  601 8324.40783 12287.3802  47.6%   131  210s
  6808  3066 10667.6491   25  754 8324.40783 12248.2942  47.1%   133  215s
  6957  3125 9721.36287   31  400 8324.40783 12232.5009  46.9%   133  220s
  7095  3178 10069.5665   21  804 8324.40783 12205.6794  46.6%   134  225s
  7290  3247 9186.37236   26  583 8324.40783 12184.0264  46.4%   134  230s
  7426  3311 8509.42645   30  439 8324.40783 12163.6457  46.1%   135  235s
  7628  3374 9960.28102   22  802 8324.40783 12141.1951  45.9%   136  240s
  7827  3434 10577.6492   26  708 8324.40783 12120.6330  45.6%   136  245s
H 7898  3463                    8330.8219131 12111.4171  45.4%   136  248s
  7964  3490 8699.85086   27  535 8330.82191 12099.2390  45.2%   137  250s
  8134  3551 9576.60396   27  617 8330.82191 12072.4977  44.9%   137  255s
H 8266  3582                    8330.8223459 12059.1147  44.8%   137  259s
  8284  3592 10716.4570   26  655 8330.82235 12052.2601  44.7%   137  260s
  8458  3662 10035.5566   21  804 8330.82235 12029.0343  44.4%   138  265s
  8684  3743 10195.8423   21  768 8330.82235 11999.1178  44.0%   138  270s
  8905  3822 11067.1161   22  849 8330.82235 11947.8570  43.4%   139  275s
H 9026  3858                    8330.8274867 11937.6072  43.3%   139  280s
  9189  3906 10783.8652   29  539 8330.82749 11922.5987  43.1%   139  285s
  9376  3976 9180.18060   34  252 8330.82749 11907.9407  42.9%   140  290s
  9540  4018     cutoff   24      8330.82749 11893.6597  42.8%   140  295s
  9717  4072 8514.91846   36   94 8330.82749 11867.0702  42.4%   141  300s
  9889  4116 9667.50193   23  690 8330.82749 11840.7009  42.1%   141  305s
 10020  4153 11344.6991   22  747 8330.82749 11822.3829  41.9%   141  311s
 10139  4195 10077.1016   26  622 8330.82749 11807.1859  41.7%   142  315s
 10329  4252 9845.26705   23  671 8330.82749 11794.4770  41.6%   142  320s
 10514  4309 10374.6598   27  592 8330.82749 11774.4864  41.3%   142  325s
 10660  4366 11309.2153   24  679 8330.82749 11751.9300  41.1%   142  330s
 10820  4424 9784.84288   24  595 8330.82749 11740.3187  40.9%   143  335s
 10976  4482 8373.05966   29  467 8330.82749 11716.1677  40.6%   143  340s
 11164  4532 9405.29647   32  444 8330.82749 11687.6616  40.3%   143  345s
 11380  4598 9166.54798   30  444 8330.82749 11656.6479  39.9%   144  350s
 11586  4657 9185.28197   28  499 8330.82749 11640.6665  39.7%   144  355s
 11787  4720 9700.35904   27  669 8330.82749 11623.7095  39.5%   144  360s
 11980  4778 9674.54861   25  605 8330.82749 11600.7276  39.3%   145  365s
 12134  4813 9851.21186   30  423 8330.82749 11594.7279  39.2%   145  370s
 12323  4875 9273.18871   25  640 8330.82749 11583.2754  39.0%   145  375s
 12501  4935 8714.72660   32  300 8330.82749 11564.3322  38.8%   145  380s
 12700  4996 9770.46653   24  675 8330.82749 11534.7260  38.5%   145  385s
 12927  5050 9743.31504   25  541 8330.82749 11512.2472  38.2%   145  390s
 13115  5108     cutoff   30      8330.82749 11481.1831  37.8%   145  395s
 13303  5160 10452.3540   28  606 8330.82749 11455.9577  37.5%   145  400s
 13511  5214 9537.27953   24  699 8330.82749 11439.7089  37.3%   145  405s
H13565  5220                    8330.8300406 11434.1245  37.3%   145  407s
 13671  5256 8953.94750   31  465 8330.83004 11425.0860  37.1%   145  410s
 13895  5311 8897.68060   28  471 8330.83004 11406.7308  36.9%   145  415s
 14114  5359 9540.91244   22  754 8330.83004 11381.9717  36.6%   145  420s
 14313  5426 8562.79319   28  517 8330.83004 11362.4737  36.4%   145  425s
 14525  5489 9136.86287   28  458 8330.83004 11337.7538  36.1%   145  430s
H14578  5496                    8330.8319291 11332.4979  36.0%   145  440s
 14728  5537 9289.73242   27  486 8330.83193 11319.1410  35.9%   145  445s
 14915  5572 9164.88569   26  498 8330.83193 11305.6848  35.7%   146  450s
 15079  5617 8858.13328   33  313 8330.83193 11296.4561  35.6%   146  455s
 15242  5657 9342.20647   24  676 8330.83193 11279.7762  35.4%   146  460s
 15421  5712 9090.06046   25  601 8330.83193 11260.7188  35.2%   146  465s
 15621  5764 10125.9271   26  652 8330.83193 11243.0144  35.0%   146  470s
 15825  5818 9422.56164   26  565 8330.83193 11226.5442  34.8%   146  475s
 16032  5863 9511.97613   24  677 8330.83193 11208.3706  34.5%   146  480s
 16232  5914 10133.3229   26  598 8330.83193 11180.6356  34.2%   146  485s
 16444  5958 10565.7642   26  635 8330.83193 11151.5363  33.9%   146  490s
 16688  6010 9924.06348   30  445 8330.83193 11136.4366  33.7%   146  495s
 16901  6056 10842.0955   25  702 8330.83193 11121.0923  33.5%   146  500s
 17117  6105 9987.82322   26  703 8330.83193 11105.3084  33.3%   146  505s
 17365  6164 9207.22049   27  568 8330.83193 11082.2132  33.0%   146  510s
 17572  6208 9560.97493   32  388 8330.83193 11063.9275  32.8%   146  515s
 17763  6253 8743.53183   34  255 8330.83193 11046.7593  32.6%   146  520s
 17989  6297 8801.53298   33  324 8330.83193 11029.8350  32.4%   146  525s
 18190  6337 9351.93101   29  518 8330.83193 11012.8485  32.2%   146  530s
 18404  6372 9393.12558   30  417 8330.83193 10992.8550  32.0%   146  535s
*18580  6400              61    8331.4514941 10985.4243  31.9%   146  538s
 18656  6407 8979.01112   31  476 8331.45149 10976.1630  31.7%   146  540s
H18660  6339                    8404.2581106 10976.1630  30.6%   146  540s
H18744  6348                    8404.2667516 10971.4151  30.5%   146  549s
 18782  6352     cutoff   33      8404.26675 10970.3065  30.5%   146  550s
 18984  6388 8867.88945   31  389 8404.26675 10948.8778  30.3%   146  555s
 19178  6406 8836.47609   31  432 8404.26675 10930.9552  30.1%   146  560s
 19323  6441 10275.3366   28  536 8404.26675 10920.9743  29.9%   146  565s
 19499  6465 9101.81092   23  681 8404.26675 10904.8150  29.8%   146  570s
 19725  6478 9198.82535   27  575 8404.26675 10886.7482  29.5%   146  575s
 19949  6513 9214.97806   24  671 8404.26675 10871.8352  29.4%   146  580s
 20160  6527 9214.64708   30  543 8404.26675 10853.1602  29.1%   146  585s
 20360  6556 9087.97443   29  534 8404.26675 10841.9761  29.0%   146  590s
 20565  6577 9609.32524   28  529 8404.26675 10830.5671  28.9%   146  595s
 20793  6599 8611.36450   31  436 8404.26675 10808.3067  28.6%   146  600s
 21024  6622 9270.33930   25  674 8404.26675 10791.7425  28.4%   146  605s
 21240  6638 8785.48968   27  610 8404.26675 10776.0789  28.2%   146  610s
 21484  6661 8901.77080   30  485 8404.26675 10754.7290  28.0%   146  615s
 21705  6675 9018.44205   27  514 8404.26675 10742.0141  27.8%   146  620s
 21905  6688 8899.38102   32  337 8404.26675 10722.9444  27.6%   146  625s
 22128  6708 8999.18944   25  634 8404.26675 10710.7285  27.4%   146  630s
 22349  6739 8878.78058   21  713 8404.26675 10697.1614  27.3%   146  635s
 22570  6750 8603.55058   31  364 8404.26675 10675.6725  27.0%   146  640s
 22779  6757 8571.12233   25  676 8404.26675 10657.3146  26.8%   146  645s
 22968  6765 8733.84600   33  330 8404.26675 10640.0574  26.6%   146  650s
 23156  6767 8944.13886   29  426 8404.26675 10626.7842  26.4%   146  655s
 23370  6781 8720.40555   27  565 8404.26675 10612.2006  26.3%   146  660s
*23501  6724              60    8484.3304765 10605.2668  25.0%   146  662s
*23503  6722              60    8484.6847052 10605.2668  25.0%   146  662s
 23635  6727 8502.43474   28  612 8484.68471 10593.5726  24.9%   146  665s
 23833  6725 10338.6906   26  705 8484.68471 10571.6384  24.6%   146  670s
 24048  6719 8639.47813   31  363 8484.68471 10555.3914  24.4%   146  675s
 24252  6724 9296.88235   31  480 8484.68471 10535.0245  24.2%   146  680s
 24458  6741 9037.54666   26  604 8484.68471 10522.3028  24.0%   146  685s
 24648  6740 8807.15357   26  577 8484.68471 10504.5124  23.8%   146  690s
 24865  6726 9149.11096   28  653 8484.68471 10488.4463  23.6%   146  695s
 25052  6735 8610.66817   27  507 8484.68471 10476.7009  23.5%   146  700s
 25233  6745 8753.86920   32  413 8484.68471 10464.1632  23.3%   146  705s
 25443  6722 9239.98746   28  539 8484.68471 10447.4755  23.1%   146  710s
 25630  6706 8950.63391   20  696 8484.68471 10433.8736  23.0%   147  715s
 25834  6691 8501.79589   29  434 8484.68471 10418.8582  22.8%   147  720s
 26008  6679 9406.00086   24  630 8484.68471 10404.0632  22.6%   147  725s
 26186  6672 8691.60852   29  385 8484.68471 10389.2313  22.4%   147  730s
 26397  6668 9041.24039   29  518 8484.68471 10373.4314  22.3%   147  735s
 26585  6658 8815.70950   27  304 8484.68471 10357.2295  22.1%   147  740s
 26768  6651 8818.29733   29  407 8484.68471 10346.9948  21.9%   147  745s
 26962  6628 8694.88995   31  367 8484.68471 10326.0249  21.7%   147  750s
 27122  6619 9301.78250   35  200 8484.68471 10311.9338  21.5%   147  755s
 27324  6593 9317.96461   31  484 8484.68471 10292.1431  21.3%   148  760s
 27505  6586 9097.90994   30  498 8484.68471 10274.3267  21.1%   148  765s
 27716  6577 9013.33695   21  670 8484.68471 10258.4953  20.9%   148  770s
 27918  6569 8658.97512   26  551 8484.68471 10245.7356  20.8%   148  775s
 28082  6550 9004.17005   29  572 8484.68471 10224.5644  20.5%   148  780s
 28302  6521 8710.62642   28  475 8484.68471 10207.4478  20.3%   148  785s
 28498  6499 8780.47841   33  325 8484.68471 10187.9996  20.1%   148  790s
 28716  6458     cutoff   27      8484.68471 10163.0094  19.8%   148  795s
 28918  6415 8600.99209   29  502 8484.68471 10142.5518  19.5%   148  800s
 29088  6382 8518.13998   27  545 8484.68471 10123.3991  19.3%   149  805s
 29276  6335     cutoff   28      8484.68471 10105.5149  19.1%   149  810s
 29474  6310 9060.58110   22  560 8484.68471 10089.4780  18.9%   149  815s
 29651  6276 9951.87067   24  687 8484.68471 10070.7630  18.7%   149  820s
 29849  6230     cutoff   28      8484.68471 10052.3569  18.5%   149  825s
 30040  6194 8836.52000   25  467 8484.68471 10032.8750  18.2%   149  830s
 30178  6151 8615.75976   26  498 8484.68471 10012.6914  18.0%   149  835s
 30383  6112 8794.88423   31  480 8484.68471 9996.39631  17.8%   150  840s
 30578  6058     cutoff   32      8484.68471 9979.23496  17.6%   150  845s
 30782  6015     cutoff   22      8484.68471 9959.37551  17.4%   150  850s
 30956  5963     cutoff   33      8484.68471 9937.91748  17.1%   150  855s
 31152  5907 8717.13503   30  390 8484.68471 9915.89272  16.9%   150  860s
 31340  5836 8836.05914   31  319 8484.68471 9894.27751  16.6%   150  865s
 31527  5785 8991.23078   31  417 8484.68471 9870.48291  16.3%   150  870s
 31724  5705 8521.60706   28  522 8484.68471 9850.03600  16.1%   151  875s
 31924  5631     cutoff   30      8484.68471 9829.10531  15.8%   151  880s
 32133  5554 9558.21314   25  628 8484.68471 9803.65500  15.5%   151  885s
H32292  5431                    8503.8093567 9780.68988  15.0%   151  899s
 32309  5427     cutoff   35      8503.80936 9778.94094  15.0%   151  900s
 32502  5353     cutoff   23      8503.80936 9762.00625  14.8%   151  905s
 32682  5246     cutoff   23      8503.80936 9730.90450  14.4%   151  910s
 32865  5141     cutoff   33      8503.80936 9701.93360  14.1%   151  915s
 33062  5014 8744.51505   23  562 8503.80936 9669.98825  13.7%   152  920s
 33274  4923 8535.29139   27  342 8503.80936 9645.41571  13.4%   152  925s
H33294  4897                    8513.3717653 9641.15065  13.2%   152  925s
 33482  4772     cutoff   22      8513.37177 9611.89518  12.9%   152  930s
 33699  4612 8656.99966   30  459 8513.37177 9569.27148  12.4%   152  935s
 33934  4470 8928.01843   30  546 8513.37177 9529.31919  11.9%   151  940s
 34124  4350 9123.92644   33  351 8513.37177 9499.11343  11.6%   151  945s
 34375  4209     cutoff   33      8513.37177 9465.84820  11.2%   151  950s
 34660  3964     cutoff   31      8513.37177 9408.26708  10.5%   151  955s
 34980  3716     cutoff   28      8513.37177 9356.08317  9.90%   150  960s
 35336  3429     cutoff   27      8513.37177 9292.89170  9.16%   150  965s
 35737  3106     cutoff   27      8513.37177 9227.36911  8.39%   149  970s
 36184  2710     cutoff   27      8513.37177 9154.55291  7.53%   148  975s
 36701  2252     cutoff   26      8513.37177 9077.65751  6.63%   147  980s
 37255  1767 8808.62517   26  618 8513.37177 8993.45083  5.64%   146  985s
 37859  1230 8543.15728   28  555 8513.37177 8906.26447  4.62%   144  990s
 38461   679     cutoff   23      8513.37177 8798.08890  3.34%   142  995s
 38999   177     cutoff   32      8513.37177 8623.04255  1.29%   141 1000s

Cutting planes:
  Gomory: 17
  Lift-and-project: 10
  Cover: 220
  Implied bound: 37
  MIR: 456
  StrongCG: 21
  Flow cover: 255
  GUB cover: 68
  Zero half: 620
  RLT: 2862
  Relax-and-lift: 8
  BQP: 20

Explored 39177 nodes (5516570 simplex iterations) in 1001.06 seconds (1238.48 work units)
Thread count was 1 (of 52 available processors)

Solution count 10: 8513.37 8503.81 8484.68 ... 8205.04

Optimal solution found (tolerance 0.00e+00)
Best objective 8.513371765281e+03, best bound 8.513371765281e+03, gap 0.0000%

User-callback calls 375085, time in user-callback 0.35 sec
Setting Gurobi: Solving MILP formulation (H.6) of the CFLPJLCR by the B&C algorithm of Gurobi.


Total CPU time: 1001.06 sec
Termination status: OPTIMAL
Percentage optimality gap: 0.00 %
Number of explored nodes: 39177
Objective value of the returned solution: 8513.371765
Optimal facility locations: [5, 14, 18]

@end of file
