Gurobi Optimizer version 11.0.1 build v11.0.1rc0 (linux64 - "CentOS Linux 7 (Core)")

CPU model: Intel(R) Xeon(R) Gold 6230R CPU @ 2.10GHz, instruction set [SSE2|AVX|AVX2|AVX512]
Thread count: 52 physical cores, 52 logical processors, using up to 1 threads

Optimize a model with 7809 rows, 2925 columns and 24718 nonzeros
Model fingerprint: 0xf6e19370
Variable types: 1450 continuous, 1475 integer (1475 binary)
Coefficient statistics:
  Matrix range     [6e-07, 2e+01]
  Objective range  [2e+01, 2e+03]
  Bounds range     [1e+00, 1e+00]
  RHS range        [1e+00, 5e+00]
Found heuristic solution: objective -0.0000000
Presolve removed 1335 rows and 60 columns
Presolve time: 0.08s
Presolved: 6474 rows, 2865 columns, 20858 nonzeros
Variable types: 1420 continuous, 1445 integer (1445 binary)

Root relaxation: objective 1.811903e+04, 3623 iterations, 0.15 seconds (0.21 work units)

    Nodes    |    Current Node    |     Objective Bounds      |     Work
 Expl Unexpl |  Obj  Depth IntInf | Incumbent    BestBd   Gap | It/Node Time

     0     0 18119.0269    0 1343   -0.00000 18119.0269      -     -    0s
H    0     0                    3096.4498416 18119.0269   485%     -    0s
     0     0 17349.1184    0 1440 3096.44984 17349.1184   460%     -    1s
H    0     0                    4323.9586688 17344.1353   301%     -    1s
     0     0 16948.4939    0 1225 4323.95867 16948.4939   292%     -    2s
     0     0 16879.7346    0 1225 4323.95867 16879.7346   290%     -    2s
     0     0 16879.7232    0 1225 4323.95867 16879.7232   290%     -    2s
     0     0 16736.4241    0 1215 4323.95867 16736.4241   287%     -    3s
     0     0 16696.1578    0 1164 4323.95867 16696.1578   286%     -    3s
     0     0 16696.1578    0 1220 4323.95867 16696.1578   286%     -    3s
     0     0 16667.9007    0 1176 4323.95867 16667.9007   285%     -    4s
     0     0 16663.2813    0 1178 4323.95867 16663.2813   285%     -    4s
     0     0 16663.2724    0 1181 4323.95867 16663.2724   285%     -    4s
     0     0 16661.3272    0 1179 4323.95867 16661.3272   285%     -    5s
     0     0 16654.6545    0 1179 4323.95867 16654.6545   285%     -    5s
     0     2 16634.6170    0 1178 4323.95867 16634.6170   285%     -    6s
H   27    27                    5126.0743368 16010.2060   212%   238    7s
H  162   138                    5286.9569998 15240.0373   188%   114    8s
H  183   157                    6177.4857283 15240.0373   147%   102    9s
H  189   158                    6572.4044131 15240.0373   132%  98.6    9s
H  216   184                    6572.4375270 15240.0373   132%  87.5    9s
   300   224 11217.1305   15  582 6572.43753 15234.9772   132%  74.0   10s
H  313   218                    6811.7807152 15234.9772   124%  75.2   10s
H  378   265                    7327.5612719 15234.9772   108%  64.1   10s
*  399   280             103    7457.2040710 15234.9772   104%  60.9   10s
H  405   257                    7508.5043422 15234.9772   103%  60.1   10s
H  419   266                    7529.5920806 15223.0754   102%  66.4   11s
H  513   266                    8398.1987552 15221.6040  81.2%  69.4   12s
*  522   269              68    8411.3729691 15221.6040  81.0%  68.3   12s
H  567   298                    8411.3751312 15095.9072  79.5%  78.5   15s
   629   320 8695.69523   67 1342 8411.37513 15044.1339  78.9%  82.5   20s
   635   324 8701.67543   25 1215 8411.37513 15044.1339  78.9%  81.7   25s
H  638   309                    8417.7973243 15044.1339  78.7%  81.3   30s
H  642   296                    8453.2247022 15044.1339  78.0%  80.8   36s
H  669   299                    8455.7211126 15044.1339  77.9%   112   39s
   684   311 10332.0468   35  370 8455.72111 15044.1339  77.9%   116   40s
H  697   292                    8476.7020453 15044.1339  77.5%   116   41s
   743   310 15044.1339   16 1138 8476.70205 15044.1339  77.5%   128   45s
H  748   298                    8506.6096987 15044.1339  76.9%   130   45s
   827   332 9073.19722   35  279 8506.60970 14848.6625  74.6%   145   50s
H  833   313                    8506.6114211 14848.6625  74.6%   144   50s
H  853   315                    8506.6125877 14815.1774  74.2%   149   51s
H  879   304                    8506.6165002 14814.3253  74.2%   149   52s
   919   319 11934.9812   24  769 8506.61650 14747.7486  73.4%   155   55s
  1013   335 13693.7542   20  990 8506.61650 14629.9521  72.0%   159   60s
  1072   359 13229.6943   19  922 8506.61650 14454.0539  69.9%   163   65s
  1159   388 12054.8579   22  931 8506.61650 13975.5691  64.3%   166   70s
H 1187   380                    8643.8651590 13854.9840  60.3%   166   71s
  1265   410 11376.1683   28  595 8643.86516 13675.6508  58.2%   168   75s
  1379   478 13092.8922   19  994 8643.86516 13525.1190  56.5%   174   80s
H 1444   515                    8643.8665347 13360.9863  54.6%   178   83s
  1472   521 12400.1188   22  912 8643.86653 13358.0624  54.5%   179   85s
  1609   576 11641.8926   22  748 8643.86653 13102.5782  51.6%   181   90s
H 1636   593                    8643.8727955 13100.2161  51.6%   182   92s
  1709   633 9898.41439   25  680 8643.87280 13040.2423  50.9%   184   95s
  1859   714 11126.3034   21  785 8643.87280 12963.9050  50.0%   186  100s
H 1930   749                    8643.8731453 12941.7009  49.7%   188  102s
  1987   783 12441.5217   22  939 8643.87315 12892.9308  49.2%   189  105s
  2138   840 12629.7011   23  835 8643.87315 12757.1348  47.6%   188  110s
  2221   889 9210.64896   31  556 8643.87315 12662.6322  46.5%   192  115s
  2374   952 10323.3823   27  542 8643.87315 12598.7683  45.8%   192  120s
  2521  1021 10357.6640   24  734 8643.87315 12536.5372  45.0%   193  125s
  2638  1079 11168.8644   21  872 8643.87315 12477.2654  44.3%   195  130s
  2798  1167 11152.5136   24  723 8643.87315 12404.5416  43.5%   196  135s
  2954  1240 12095.6945   25  767 8643.87315 12365.0213  43.0%   196  140s
H 3023  1269                    8643.8752614 12318.8060  42.5%   196  143s
  3053  1282 10898.2383   24  745 8643.87526 12308.4718  42.4%   196  145s
  3203  1357 9694.34369   30  647 8643.87526 12259.7085  41.8%   197  150s
  3368  1404 11569.8866   19  834 8643.87526 12226.7186  41.4%   196  155s
  3489  1452 10792.0431   23  826 8643.87526 12190.9628  41.0%   197  160s
  3647  1521 11856.8465   25  761 8643.87526 12158.9750  40.7%   196  165s
H 3681  1537                    8643.8756899 12156.0502  40.6%   196  166s
  3799  1591 10166.1901   29  633 8643.87569 12130.2083  40.3%   196  170s
H 3907  1645                    8643.8759614 12119.7551  40.2%   196  173s
  3967  1667 10131.3748   23  691 8643.87596 12101.2379  40.0%   196  175s
  4053  1711 8932.92953   35  256 8643.87596 12084.7753  39.8%   196  180s
  4214  1771 10180.0986   31  555 8643.87596 12052.1292  39.4%   196  185s
  4393  1849 9215.87425   31  347 8643.87596 11985.1277  38.7%   195  190s
  4552  1922 8906.81204   22  658 8643.87596 11964.1961  38.4%   196  195s
H 4615  1936                    8643.8768884 11961.7462  38.4%   196  197s
  4726  1979 10647.7141   26  720 8643.87689 11937.1919  38.1%   196  200s
  4894  2049 9081.31462   32  327 8643.87689 11907.1772  37.8%   196  205s
  5053  2110 9556.32396   34  409 8643.87689 11852.2151  37.1%   196  210s
H 5145  2142                    8643.8786710 11837.5007  36.9%   195  212s
  5234  2183 8991.60336   33  300 8643.87867 11807.4242  36.6%   195  215s
  5453  2260 10252.2891   27  594 8643.87867 11741.5943  35.8%   194  220s
  5591  2314 10150.2009   34  354 8643.87867 11717.8232  35.6%   193  225s
  5794  2368 10309.9895   31  537 8643.87867 11675.8568  35.1%   192  230s
  5951  2432 10669.6531   26  732 8643.87867 11648.2565  34.8%   193  235s
  6116  2492 10351.4958   25  707 8643.87867 11628.8979  34.5%   192  240s
  6288  2556 9946.16556   23  728 8643.87867 11599.5484  34.2%   192  245s
  6398  2600 10525.6601   27  635 8643.87867 11583.9716  34.0%   191  250s
  6601  2660 9968.67225   22  787 8643.87867 11540.1305  33.5%   191  255s
  6808  2745 9780.37106   33  414 8643.87867 11517.4354  33.2%   190  260s
  6985  2812 10479.2052   28  684 8643.87867 11497.5684  33.0%   190  265s
  7208  2869 10013.4920   22  682 8643.87867 11470.1375  32.7%   189  270s
  7392  2933 10216.2545   26  729 8643.87867 11434.3477  32.3%   188  275s
  7594  3002 10017.6674   26  618 8643.87867 11403.6813  31.9%   188  280s
  7755  3049 9458.73186   25  653 8643.87867 11373.5634  31.6%   187  285s
* 7796  3058              45    8647.7737963 11368.6317  31.5%   187  285s
  7964  3112 10212.4934   21  763 8647.77380 11336.8795  31.1%   187  290s
  8169  3187 9822.11340   25  630 8647.77380 11294.2420  30.6%   187  295s
  8378  3245 11020.0206   22  771 8647.77380 11269.1927  30.3%   186  300s
  8587  3309 9958.66532   26  548 8647.77380 11243.1065  30.0%   186  305s
  8796  3381 9430.92447   26  600 8647.77380 11222.0242  29.8%   186  310s
  9013  3437 10216.1340   30  589 8647.77380 11190.5912  29.4%   184  315s
  9178  3482 9557.59733   31  500 8647.77380 11168.8132  29.2%   184  320s
  9397  3549 9293.25230   30  521 8647.77380 11152.5669  29.0%   183  325s
  9581  3607 9787.46235   25  533 8647.77380 11132.3228  28.7%   183  330s
  9781  3653 9648.92691   25  698 8647.77380 11100.1715  28.4%   183  335s
 10022  3728 9977.93934   26  538 8647.77380 11074.0549  28.1%   182  340s
 10248  3789 9277.54194   31  471 8647.77380 11053.5022  27.8%   182  345s
 10474  3857 9513.47674   30  499 8647.77380 11030.2958  27.6%   182  350s
 10724  3920 9505.08490   26  595 8647.77380 10997.9271  27.2%   181  355s
 10937  3980 9399.75345   31  565 8647.77380 10982.1411  27.0%   181  360s
 11161  4046 9599.18903   29  472 8647.77380 10963.4103  26.8%   180  365s
 11401  4097 9068.18052   28  504 8647.77380 10941.7269  26.5%   180  370s
 11635  4151 9631.74608   26  526 8647.77380 10919.9398  26.3%   179  375s
 11891  4214 9547.28416   26  549 8647.77380 10894.7020  26.0%   179  380s
 12121  4276 9338.28708   28  630 8647.77380 10865.8747  25.6%   179  385s
 12352  4327 9451.99064   28  610 8647.77380 10851.5082  25.5%   178  390s
 12575  4368 9500.76421   26  554 8647.77380 10834.6440  25.3%   178  395s
 12825  4431 10344.3851   27  699 8647.77380 10819.9497  25.1%   177  400s
 13051  4475 9842.72422   29  530 8647.77380 10808.7904  25.0%   177  405s
 13284  4522 8866.15565   27  538 8647.77380 10791.2706  24.8%   177  410s
 13539  4573 10585.2735   29  548 8647.77380 10768.3058  24.5%   176  415s
 13755  4607     cutoff   36      8647.77380 10750.1444  24.3%   176  420s
 14025  4649     cutoff   28      8647.77380 10717.5220  23.9%   175  425s
 14234  4693 9368.34475   25  538 8647.77380 10700.4411  23.7%   175  430s
 14423  4728 9284.38322   29  531 8647.77380 10693.1262  23.7%   175  435s
 14643  4773 9487.04524   26  639 8647.77380 10675.7277  23.5%   174  440s
H14653  4775                    8647.7743768 10675.7277  23.5%   174  450s
 14892  4810 9269.99114   35  362 8647.77438 10657.5748  23.2%   174  455s
 15103  4841 9380.88870   35  318 8647.77438 10644.1670  23.1%   174  460s
 15331  4882 9636.27875   30  518 8647.77438 10630.5236  22.9%   174  465s
 15570  4908 9064.95099   27  672 8647.77438 10606.9485  22.7%   174  470s
 15798  4948 8904.01658   32  393 8647.77438 10584.0975  22.4%   173  475s
 16032  5000 9138.73029   25  651 8647.77438 10563.4382  22.2%   173  480s
 16302  5036 9152.48031   25  590 8647.77438 10538.7146  21.9%   173  485s
 16562  5065 10110.8591   30  583 8647.77438 10517.8194  21.6%   172  490s
 16783  5101 9509.61269   26  697 8647.77438 10501.8871  21.4%   172  495s
 17030  5136 8864.75399   34  392 8647.77438 10490.9427  21.3%   172  500s
 17248  5149 9479.47520   29  643 8647.77438 10475.8012  21.1%   172  505s
 17500  5171 9153.46969   27  538 8647.77438 10460.4092  21.0%   171  510s
 17765  5195 9499.10475   27  618 8647.77438 10438.8117  20.7%   171  515s
 18000  5216 9154.59121   32  500 8647.77438 10415.8921  20.4%   171  520s
 18258  5229 8825.58794   34  322 8647.77438 10393.9320  20.2%   171  525s
 18544  5240 9053.41787   32  340 8647.77438 10372.1129  19.9%   170  530s
 18787  5252 9186.63813   29  402 8647.77438 10346.4082  19.6%   170  535s
 19020  5246     cutoff   30      8647.77438 10326.0620  19.4%   170  540s
 19237  5246 8788.33989   22  619 8647.77438 10305.9604  19.2%   170  545s
 19498  5240 9229.83894   28  560 8647.77438 10285.5250  18.9%   170  550s
 19766  5239 9160.94394   27  577 8647.77438 10263.4432  18.7%   170  555s
 19958  5244 10159.1525   23  545 8647.77438 10250.5008  18.5%   169  560s
 20180  5247     cutoff   28      8647.77438 10240.0088  18.4%   169  565s
 20425  5247 9242.15239   32  390 8647.77438 10220.5834  18.2%   169  570s
 20679  5246 8689.77115   24  525 8647.77438 10202.6178  18.0%   169  575s
 20937  5236 9060.79794   27  681 8647.77438 10183.1294  17.8%   169  580s
 21150  5223 9580.74670   29  481 8647.77438 10165.6211  17.6%   169  585s
 21429  5222 9043.08504   28  599 8647.77438 10146.7245  17.3%   168  590s
 21667  5207 8815.00156   32  391 8647.77438 10125.7356  17.1%   168  595s
 21903  5183 8771.61545   27  588 8647.77438 10103.9895  16.8%   168  600s
 22101  5157     cutoff   32      8647.77438 10080.5114  16.6%   168  605s
 22326  5131 8982.64413   33  393 8647.77438 10057.5034  16.3%   168  610s
 22581  5105 8782.94199   32  424 8647.77438 10037.5741  16.1%   168  615s
 22824  5056     cutoff   26      8647.77438 10012.2918  15.8%   168  620s
 23049  5003 9226.19722   36  307 8647.77438 9985.81864  15.5%   168  625s
 23288  4960 8656.98580   33  300 8647.77438 9964.47918  15.2%   168  630s
 23523  4911 8925.90645   31  445 8647.77438 9944.26113  15.0%   168  635s
 23764  4853 9828.88196   31  511 8647.77438 9922.18220  14.7%   168  640s
 23967  4813 8784.05736   26  471 8647.77438 9907.05965  14.6%   168  645s
 24214  4750 8713.87515   33  396 8647.77438 9884.98003  14.3%   168  650s
 24448  4693 9204.89580   30  507 8647.77438 9861.88624  14.0%   168  655s
 24659  4641 8816.31435   32  392 8647.77438 9837.78096  13.8%   168  660s
 24882  4561     cutoff   25      8647.77438 9809.73918  13.4%   168  665s
 25096  4469 9043.16516   31  391 8647.77438 9776.02869  13.0%   168  670s
 25289  4379 9074.38002   31  504 8647.77438 9743.85088  12.7%   168  675s
 25504  4288     cutoff   26      8647.77438 9716.98473  12.4%   168  680s
 25728  4164     cutoff   33      8647.77438 9681.02122  11.9%   168  685s
 25960  4018     cutoff   30      8647.77438 9647.17975  11.6%   168  690s
 26181  3901 8715.92953   33  486 8647.77438 9616.70605  11.2%   168  695s
 26391  3761 8671.98473   33  384 8647.77438 9581.85247  10.8%   168  700s
 26624  3574     cutoff   36      8647.77438 9537.67596  10.3%   168  705s
 26897  3370 9311.59624   31  518 8647.77438 9490.66688  9.75%   168  710s
H27040  3275                    8647.7784725 9469.21574  9.50%   168  713s
 27048  3279 8993.41550   33  484 8647.77847 9468.35371  9.49%   168  715s
 27080  3259 8979.86772   33  427 8647.77847 9465.84189  9.46%   168  720s
 27373  3042     cutoff   34      8647.77847 9417.88384  8.91%   167  725s
 27684  2759     cutoff   28      8647.77847 9363.45049  8.28%   167  730s
 27994  2529 8950.79012   33  487 8647.77847 9321.88767  7.80%   166  735s
 28315  2278     cutoff   32      8647.77847 9271.16925  7.21%   165  740s
 28701  1960     cutoff   31      8647.77847 9217.56823  6.59%   164  745s
 29056  1640     cutoff   29      8647.77847 9161.28078  5.94%   163  750s
 29488  1245     cutoff   33      8647.77847 9086.10088  5.07%   162  755s
 30046   743     cutoff   32      8647.77847 8984.15183  3.89%   160  760s
 30563   280     cutoff   28      8647.77847 8831.86994  2.13%   159  765s

Cutting planes:
  Gomory: 22
  Lift-and-project: 15
  Cover: 215
  Implied bound: 17
  MIR: 48
  Mixing: 3
  Flow cover: 140
  GUB cover: 5
  Inf proof: 4
  Zero half: 504
  RLT: 2104
  Relax-and-lift: 11
  BQP: 76

Explored 30847 nodes (4863718 simplex iterations) in 766.92 seconds (930.25 work units)
Thread count was 1 (of 52 available processors)

Solution count 10: 8647.78 8647.77 8643.88 ... 8398.2

Optimal solution found (tolerance 0.00e+00)
Best objective 8.647773796263e+03, best bound 8.647773796263e+03, gap 0.0000%

User-callback calls 221689, time in user-callback 0.24 sec
Setting Gurobi: Solving MILP formulation (H.6) of the CFLPJLCR by the B&C algorithm of Gurobi.


Total CPU time: 766.92 sec
Termination status: OPTIMAL
Percentage optimality gap: 0.00 %
Number of explored nodes: 30847
Objective value of the returned solution: 8647.773796
Optimal facility locations: [10, 12, 22]

@end of file
