Set parameter TimeLimit to value 7200
Setting sB&C+LSI: The proposed B&C algorithm based on formulation (40) (equipped with the lifted submodular inequalities), with only the second stage implemented
Gurobi Optimizer version 11.0.1 build v11.0.1rc0 (linux64 - "CentOS Linux 7 (Core)")

CPU model: Intel(R) Xeon(R) Gold 6230R CPU @ 2.10GHz, instruction set [SSE2|AVX|AVX2|AVX512]
Thread count: 52 physical cores, 52 logical processors, using up to 1 threads

Optimize a model with 10000 rows, 11000 columns and 10000 nonzeros
Model fingerprint: 0xaa6ccbd2
Variable types: 10000 continuous, 1000 integer (1000 binary)
Coefficient statistics:
  Matrix range     [1e+00, 1e+00]
  Objective range  [1e+01, 2e+03]
  Bounds range     [0e+00, 0e+00]
  RHS range        [9e-06, 1e+00]
Found heuristic solution: objective -1.00518e+16
Presolve removed 10000 rows and 0 columns
Presolve time: 0.00s
Presolved: 0 rows, 11000 columns, 0 nonzeros
Variable types: 10000 continuous, 1000 integer (1000 binary)
Found heuristic solution: objective -1.00518e+16

Root relaxation: objective 4.180478e+06, 0 iterations, 0.00 seconds (0.00 work units)

    Nodes    |    Current Node    |     Objective Bounds      |     Work
 Expl Unexpl |  Obj  Depth IntInf | Incumbent    BestBd   Gap | It/Node Time

     0     0 4180477.83    0    - -1.005e+16 4180477.83   100%     -   10s
     0     0 4022607.03    0  164 -1.005e+16 4022607.03   100%     -   20s
H    0     0                    2141826.7246 4022607.03  87.8%     -   27s
     0     0 3632330.65    0  444 2141826.72 3632330.65  69.6%     -  105s
     0     2 3632289.52    0  444 2141826.72 3632289.52  69.6%     -  150s
     1     3 3384452.64    1  438 2141826.72 3632287.95  69.6%  8825  209s
     2     4 3383290.44    1  436 2141826.72 3384425.60  58.0%  8902  265s
     6     8 3383823.27    3  436 2141826.72 3384059.21  58.0%  2992  271s
    10    12 3383467.21    5  439 2141826.72 3383825.85  58.0%  1804  276s
    15    17 3383027.71    8  433 2141826.72 3383825.85  58.0%  1209  281s
    19    21 3382728.51   10  428 2141826.72 3383825.85  58.0%   960  285s
    23    25 3382561.92   12  426 2141826.72 3383825.85  58.0%   798  291s
    27    29 3381742.56   14  423 2141826.72 3383825.85  58.0%   684  303s
    28    30 3288983.43   15  457 2141826.72 3383825.85  58.0%   906  330s
    29    31 3288629.55   15  462 2141826.72 3383825.85  58.0%  1109  354s
    30    32 3288457.75   16  452 2141826.72 3383825.85  58.0%  1075  356s
    33    35 3288550.27   17  450 2141826.72 3383825.85  58.0%   983  360s
    37    39 3288011.24   19  451 2141826.72 3383825.85  58.0%   878  365s
    41    43 3287958.34   21  448 2141826.72 3383825.85  58.0%   796  370s
    45    47 3287817.90   23  437 2141826.72 3383825.85  58.0%   729  375s
    49    51 3287697.31   25  433 2141826.72 3383825.85  58.0%   673  380s
    54    56 3287537.52   28  431 2141826.72 3383825.85  58.0%   614  393s
    55    57 3263538.46   28  466 2141826.72 3383825.85  58.0%   666  407s
    56    58 3263548.60   29  463 2141826.72 3383825.85  58.0%   716  419s
    57    59 3263458.51   29  467 2141826.72 3383825.85  58.0%   766  433s
    59    61 3263234.96   31  452 2141826.72 3383825.85  58.0%   741  435s
    64    66 3263158.69   34  444 2141826.72 3383825.85  58.0%   686  440s
    68    70 3262982.70   36  439 2141826.72 3383825.85  58.0%   648  445s
    73    75 3262689.25   38  441 2141826.72 3383825.85  58.0%   605  450s
    78    80 3262727.15   41  441 2141826.72 3383825.85  58.0%   568  456s
    81    83 3262361.19   43  435 2141826.72 3383825.85  58.0%   550  460s
    87    89 3262243.76   47  433 2141826.72 3383825.85  58.0%   514  465s
    91    93 3262171.69   49  429 2141826.72 3383825.85  58.0%   493  470s
    95    97 3261966.84   51  427 2141826.72 3383825.85  58.0%   475  475s
    99   101 3261681.63   54  420 2141826.72 3383825.85  58.0%   458  480s
   103   105 3261600.27   56  414 2141826.72 3383825.85  58.0%   442  485s
   108   110 3261274.19   59  412 2141826.72 3383825.85  58.0%   423  497s
   109   111 3249247.18   60  429 2141826.72 3383825.85  58.0%   440  506s
   110   112 3249238.42   60  424 2141826.72 3383825.85  58.0%   457  514s
   111   113 3249142.00   61  429 2141826.72 3383825.85  58.0%   453  515s
   116   118 3248887.72   64  420 2141826.72 3383825.85  58.0%   435  520s
   121   123 3248766.56   66  420 2141826.72 3383825.85  58.0%   419  525s
   127   129 3248587.11   69  410 2141826.72 3383825.85  58.0%   401  530s
   135   137 3248428.69   74  403 2141826.72 3383825.85  58.0%   379  539s
   136   138 3243127.02   75  426 2141826.72 3383825.85  58.0%   384  543s
   137   139 3243134.11   75  424 2141826.72 3383825.85  58.0%   389  546s
   148   150 3242587.39   83  419 2141826.72 3383825.85  58.0%   363  550s
   159   161 3242124.83   90  411 2141826.72 3383825.85  58.0%   341  555s
   173   175 3241455.42   98  398 2141826.72 3383825.85  58.0%   316  560s
   184   186 3241182.59  104  391 2141826.72 3383825.85  58.0%   299  565s
   197   199 3240618.83  112  383 2141826.72 3383825.85  58.0%   282  570s
   210   212 3240153.48  120  359 2141826.72 3383825.85  58.0%   266  575s
   218   220 3239887.82  125  367 2141826.72 3383825.85  58.0%   258  580s
   228   230 3239479.97  130  364 2141826.72 3383825.85  58.0%   248  585s
   238   240 3239011.82  135  339 2141826.72 3383825.85  58.0%   239  590s
   253   255 3238174.69  145  327 2141826.72 3383825.85  58.0%   227  595s
   266   268 3237526.03  152  307 2141826.72 3383825.85  58.0%   217  600s
   273   275 3237280.95  157  301 2141826.72 3383825.85  58.0%   212  606s
   275   277 3232675.68  158  313 2141826.72 3383825.85  58.0%   216  611s
   282   284 3232519.05  162  307 2141826.72 3383825.85  58.0%   213  615s
   296   298 3231931.25  172  281 2141826.72 3383825.85  58.0%   204  620s
   305   307 3231554.68  177  264 2141826.72 3383825.85  58.0%   199  625s
   317   319 3230867.38  184  256 2141826.72 3383825.85  58.0%   192  630s
   330   332 3230377.70  192  237 2141826.72 3383825.85  58.0%   185  635s
   348   350 3229101.67  203  236 2141826.72 3383825.85  58.0%   177  640s
   365   367 3228651.52  212  215 2141826.72 3383825.85  58.0%   170  645s
   380   382 3227613.20  221  190 2141826.72 3383825.85  58.0%   164  650s
   399   401 3226630.27  234  178 2141826.72 3383825.85  58.0%   157  655s
   416   418 3226039.51  244  167 2141826.72 3383825.85  58.0%   152  660s
   431   433 3225296.65  252  160 2141826.72 3383825.85  58.0%   147  665s
   451   453 3222787.07  264  136 2141826.72 3383825.85  58.0%   141  670s
   473   475 3223277.84  278  101 2141826.72 3383825.85  58.0%   135  675s
   493   495 3222972.09  293   87 2141826.72 3383825.85  58.0%   130  680s
   517   519 3222062.22  312   60 2141826.72 3383825.85  58.0%   125  685s
   559   561 3221667.28  351    6 2141826.72 3383825.85  58.0%   116  690s
   574   576 3215546.34  364    6 2141826.72 3383825.85  58.0%   114  695s
H  575   575                    3215447.4219 3383825.85  5.24%   114  695s
H  576   573                    3215508.7235 3383825.85  5.23%   114  695s
*  577   572             367    3215531.5447 3383825.85  5.23%   114  695s
   580   571 3256166.39    3  442 3215531.54 3383787.06  5.23%   129  748s
   582   572 3248585.99   70  444 3215531.54 3383787.06  5.23%   129 2709s
   584   573 3231701.23  175  458 3215531.54 3255216.60  1.23%   129 2875s
   585   574 3239477.83  131  449 3215531.54 3247443.30  0.99%   128 2944s
   586   575 3222084.61  309  357 3215531.54 3245838.64  0.94%   128 2956s
   587   575 3238674.28  142  326 3215531.54 3245681.89  0.94%   128 2992s
H  587   546                    3229778.0173 3244492.22  0.46%   128 3074s
   589   548 3229778.02  237  319 3229778.02 3244317.02  0.45%   127 3136s
H  589   520                    3238467.3564 3243962.27  0.17%   127 3210s
   591   521 3243877.08   35  277 3238467.36 3243877.08  0.17%   127 3268s
   592   522 3238467.36  289  299 3238467.36 3243697.26  0.16%   127 3338s
   593   522 3243660.07   75  281 3238467.36 3243660.07  0.16%   127 3396s
   594   523 3243535.63   15  237 3238467.36 3243535.63  0.16%   126 3461s
   595   524 3242514.52   86  237 3238467.36 3243514.78  0.16%   126 3505s
H  595   498                    3239510.1747 3243514.78  0.12%   126 3512s
   596   498 3239510.17  252  237 3239510.17 3243514.78  0.12%   126 3547s
   597   501 3243302.09   11  242 3239510.17 3243514.78  0.12%   172 3570s
   598   502 3243283.54   11  252 3239510.17 3243301.64  0.12%   173 3584s
   599   502 3243265.00   12  221 3239510.17 3243300.65  0.12%   173 3590s
   600   503 3243177.66   12  246 3239510.17 3243264.80  0.12%   173 3600s
   601   504 3243231.61   13  220 3239510.17 3243264.80  0.12%   172 3605s
   602   504 3243234.23   13  211 3239510.17 3243234.23  0.11%   172 3610s
   604   506 3243217.20   14  208 3239510.17 3243232.99  0.11%   172 3623s
   605   506 3243140.16   15  204 3239510.17 3243232.99  0.11%   172 3629s
   606   507 3243177.13   15  144 3239510.17 3243232.99  0.11%   172 3633s
   607   508 3242987.66   16  202 3239510.17 3243232.99  0.11%   172 3639s
   608   508 3243094.69   16  201 3239510.17 3243232.99  0.11%   171 3645s
   610   510 3243069.89   17  173 3239510.17 3243232.99  0.11%   171 3655s
   611   510 3243090.16   18  143 3239510.17 3243232.99  0.11%   171 3660s
   613   512 3243068.85   19  142 3239510.17 3243232.99  0.11%   171 3667s
   615   513 3243004.19   20   67 3239510.17 3243232.99  0.11%   170 3676s
   616   514 3243006.46   20   66 3239510.17 3243232.99  0.11%   170 3681s
   617   514 3242993.71   21   70 3239510.17 3243232.99  0.11%   170 3686s
   619   516 3242990.00   22   71 3239510.17 3243232.99  0.11%   169 3692s
   620   516 3242881.29   22   69 3239510.17 3243232.99  0.11%   169 3696s
   622   518 3242835.91   23   63 3239510.17 3243232.99  0.11%   169 3700s
   624   519 3242548.79   24   60 3239510.17 3243232.99  0.11%   169 3709s
   625   520 3242611.34   25   25 3239510.17 3243232.99  0.11%   168 3712s
   626   520 3242537.67   25   25 3239510.17 3243232.99  0.11%   168 3715s
   628   522 3242591.82   26   26 3239510.17 3243232.99  0.11%   168 3720s
   630   523 3241835.11   27   47 3239510.17 3243232.99  0.11%   168 3726s
   632   524 3242475.54   28   13 3239510.17 3243232.99  0.11%   167 3730s
   634   526 3242418.78   29    7 3239510.17 3243232.99  0.11%   167 3735s
   635   526 3242277.89   30   27 3239510.17 3243232.99  0.11%   167 3740s
   638   528 3242256.79   32    4 3239510.17 3243232.99  0.11%   166 3745s
H  640   501                    3242260.3563 3243232.99  0.03%   166 3748s
*  642   473              34    3242262.3809 3243232.99  0.03%   165 3749s
   645   471 3243163.17   12  182 3242262.38 3243228.94  0.03%   165 3761s
   646   472 3243095.30   13  180 3242262.38 3243228.94  0.03%   165 3766s
   647   472 3243116.80   13  183 3242262.38 3243228.94  0.03%   164 3770s
   649   474 3243098.89   14  180 3242262.38 3243228.94  0.03%   164 3777s
   650   474 3243063.71   15  174 3242262.38 3243228.94  0.03%   164 3784s
   651   475 3242963.70   15  185 3242262.38 3243228.94  0.03%   164 3789s
   652   476 3242913.22   16  175 3242262.38 3243228.94  0.03%   164 3796s
   653   476 3242902.26   16  188 3242262.38 3243228.94  0.03%   164 3802s
   654   477 3242879.30   17  189 3242262.38 3243228.94  0.03%   163 3806s
   655   477 3242900.30   17  184 3242262.38 3243228.94  0.03%   163 3811s
   656   477 3242841.63   18  180 3242262.38 3243228.94  0.03%   163 3817s
   657   477 3242791.19   18  187 3242262.38 3243228.94  0.03%   163 3821s
   659   478 3242774.17   20  176 3242262.38 3243228.94  0.03%   163 3827s
   660   479 3242636.78   20  152 3242262.38 3243228.94  0.03%   162 3831s
   661   479 3242768.69   21  174 3242262.38 3243228.94  0.03%   162 3838s
   662   478 3242757.99   21  174 3242262.38 3243228.94  0.03%   162 3843s
   663   479 3242768.69   22  159 3242262.38 3243228.94  0.03%   162 3846s
   665   480 3242612.26   23  161 3242262.38 3243228.94  0.03%   161 3852s
   666   481 3242740.33   24  158 3242262.38 3243228.94  0.03%   161 3855s
   667   482 3242641.22   24  133 3242262.38 3243228.94  0.03%   161 3860s
   668   482 3242624.82   25  121 3242262.38 3243228.94  0.03%   161 3865s
   670   483 3242621.79   26   83 3242262.38 3243228.94  0.03%   160 3876s
   671   482 3242570.53   26   87 3242262.38 3243228.94  0.03%   160 3884s
   672   483 3242621.05   27   67 3242262.38 3243228.94  0.03%   160 3889s
   673   484 3242613.09   28   65 3242262.38 3243228.94  0.03%   160 3892s
   674   484 3242599.44   28   63 3242262.38 3243228.94  0.03%   159 3896s
   675   484 3242604.67   29   62 3242262.38 3243228.94  0.03%   159 3900s
   676   484 3242592.31   29   63 3242262.38 3243228.94  0.03%   159 3905s
   677   483 3242596.79   30   62 3242262.38 3243228.94  0.03%   159 3911s
   679   483 3242297.21   32   37 3242262.38 3243228.94  0.03%   159 3919s
*  680   458              33    3242297.1249 3243228.94  0.03%   158 3919s
   681   459 3243111.32   14  156 3242297.12 3243228.69  0.03%   158 3928s
   682   460 3243110.17   15  109 3242297.12 3243228.69  0.03%   158 3932s
   683   460 3243083.58   15  128 3242297.12 3243228.69  0.03%   158 3936s
   684   461 3243047.55   16  106 3242297.12 3243228.69  0.03%   158 3943s
   685   462 3243066.19   16  114 3242297.12 3243228.69  0.03%   158 3947s
   686   462 3243046.75   17  123 3242297.12 3243228.69  0.03%   158 3952s
   687   463 3243044.12   17  111 3242297.12 3243228.69  0.03%   158 3958s
   688   464 3243012.58   18  104 3242297.12 3243228.69  0.03%   157 3963s
   689   464 3242979.03   18  110 3242297.12 3243228.69  0.03%   157 3969s
   690   465 3242941.38   19  101 3242297.12 3243228.69  0.03%   157 3972s
   691   466 3242890.91   19  108 3242297.12 3243228.69  0.03%   157 3976s
   692   466 3242868.30   20  108 3242297.12 3243228.69  0.03%   157 3980s
   694   468 3242763.72   21   81 3242297.12 3243228.69  0.03%   157 3985s
   696   469 3242755.94   22   82 3242297.12 3243228.69  0.03%   156 3990s
   698   470 3242752.30   23   72 3242297.12 3243228.69  0.03%   156 3995s
   700   471 3242736.32   24   69 3242297.12 3243228.69  0.03%   155 4000s
   701   470 3242746.42   24   69 3242297.12 3243228.69  0.03%   155 4007s
   702   471 3242746.36   25   67 3242297.12 3243228.69  0.03%   155 4011s
   703   471 3242738.27   26   68 3242297.12 3243228.69  0.03%   155 4017s
   705   469 3242738.13   27   66 3242297.12 3243228.69  0.03%   154 4021s
   707   470 3242651.64   29   65 3242297.12 3243228.69  0.03%   154 4027s
   709   472 3242638.88   30   58 3242297.12 3243228.69  0.03%   154 4032s
   710   472 3242587.88   30   67 3242297.12 3243228.69  0.03%   154 4035s
   716   473 3242520.53   33   62 3242297.12 3243228.69  0.03%   152 4040s
*  721   425              36    3242636.9929 3243228.69  0.02%   152 4043s
   727   419 3243125.83   14  159 3242636.99 3243204.61  0.02%   151 4047s
   728   419 3243124.68   15  112 3242636.99 3243204.61  0.02%   150 4051s
   730   421 3243062.05   16  109 3242636.99 3243204.61  0.02%   150 4055s
   733   423 3243049.08   17  170 3242636.99 3243204.61  0.02%   150 4060s
   735   423 3242923.34   18  167 3242636.99 3243204.61  0.02%   150 4068s
   736   424 3242929.97   19  143 3242636.99 3243204.61  0.02%   150 4071s
   737   424 3242879.17   19  148 3242636.99 3243204.61  0.02%   150 4075s
   740   424 3242750.56   21  137 3242636.99 3243204.61  0.02%   149 4084s
   741   425 3242830.60   21  144 3242636.99 3243204.61  0.02%   149 4087s
   742   425 3242808.16   22  144 3242636.99 3243204.61  0.02%   149 4091s
   743   424 3242708.62   22  108 3242636.99 3243204.61  0.02%   149 4098s
   750   423 3242641.00   27    6 3242636.99 3243204.61  0.02%   148 4100s
   753   421 3243110.41   15  132 3242636.99 3243204.15  0.02%   147 4106s
   755   422 3243082.67   16  104 3242636.99 3243204.15  0.02%   147 4110s
H  759   372                    3242952.5881 3243204.15  0.01%   147 4113s
   761   372     cutoff   19      3242952.59 3243204.15  0.01%   146 4115s
   774   367 3243060.44   15  131 3242952.59 3243177.46  0.01%   145 4123s
   784   368 3242981.05   20   71 3242952.59 3243177.46  0.01%   143 4125s
   791   359 3243023.39   16  168 3242952.59 3243095.28  0.00%   143 4131s
   805   355 3243006.99   16  168 3242952.59 3243095.07  0.00%   141 4135s
   820   351 3242974.27   17  145 3242952.59 3243090.33  0.00%   139 4140s
   835   346     cutoff   20      3242952.59 3243089.38  0.00%   137 4145s
   845   341 3242986.62   14  155 3242952.59 3243081.93  0.00%   136 4150s
   865   335 3243019.25   16  110 3242952.59 3243081.02  0.00%   134 4155s
   892   324 3243018.75   17   88 3242952.59 3243069.82  0.00%   131 4160s
   901   317 3242994.53   16  201 3242952.59 3243063.55  0.00%   130 4165s
   915   310 3243032.11   17  149 3242952.59 3243058.89  0.00%   129 4170s
H  928   286                    3242958.1131 3243049.02  0.00%   127 4174s
   930   288 3242970.82   25   39 3242958.11 3243049.02  0.00%   127 4175s
   944   281 3242996.51   20   88 3242958.11 3243046.62  0.00%   126 4180s
   960   272 3243044.73   17  101 3242958.11 3243045.93  0.00%   124 4197s
   967   267 3243002.06   18   81 3242958.11 3243044.38  0.00%   124 4200s
   983   254     cutoff   18      3242958.11 3243029.62  0.00%   122 4205s
   992   244     cutoff   19      3242958.11 3243009.76  0.00%   122 4210s
  1004   228     cutoff   17      3242958.11 3242958.11  0.00%   120 4215s

Cutting planes:
  Gomory: 72
  Lift-and-project: 80
  Implied bound: 47
  MIR: 621
  Mixing: 7
  Flow cover: 3328
  RLT: 123
  Relax-and-lift: 2
  Lazy constraints: 745

Explored 1005 nodes (129511 simplex iterations) in 4215.16 seconds (2490.38 work units)
Thread count was 1 (of 52 available processors)

Solution count 10: 3.24296e+06 3.24295e+06 3.24264e+06 ... 2.14183e+06

Optimal solution found (tolerance 0.00e+00)
Best objective 3.242958113059e+06, best bound 3.242958113059e+06, gap 0.0000%

User-callback calls 192324, time in user-callback 13.41 sec

Total CPU time: 4215.16 sec
Termination status: OPTIMAL
Percentage optimality gap: 0.00 %
Number of explored nodes: 1005
Objective value of the returned solution: 3242958.113059
The LP relaxation bound at the root node: 3632289.522473
Optimal facility locations: [6, 7, 13, 18, 27, 33, 36, 40, 43, 47, 52, 53, 65, 70, 74, 86, 91, 92, 93, 94, 96, 97, 100, 101, 106, 107, 108, 109, 115, 117, 133, 141, 143, 146, 148, 152, 153, 155, 159, 171, 172, 174, 179, 180, 181, 183, 186, 189, 192, 193, 194, 195, 199, 200, 203, 204, 208, 211, 213, 215, 221, 224, 228, 234, 236, 238, 239, 243, 244, 246, 249, 250, 254, 257, 258, 260, 264, 267, 268, 269, 274, 275, 280, 285, 289, 290, 292, 299, 300, 305, 309, 313, 324, 325, 327, 329, 333, 335, 337, 339, 341, 342, 347, 348, 352, 357, 361, 366, 370, 380, 382, 383, 389, 390, 392, 395, 397, 398, 400, 412, 413, 415, 416, 419, 422, 424, 425, 426, 427, 429, 431, 434, 442, 444, 446, 455, 458, 465, 466, 469, 471, 475, 483, 484, 498, 502, 503, 504, 505, 508, 524, 525, 527, 530, 531, 535, 541, 542, 546, 551, 560, 561, 562, 565, 566, 567, 568, 571, 576, 577, 583, 586, 588, 589, 595, 596, 598, 603, 604, 605, 610, 615, 616, 619, 621, 630, 634, 635, 637, 639, 640, 641, 647, 650, 654, 670, 673, 674, 677, 681, 682, 685, 687, 691, 695, 699, 701, 709, 710, 713, 721, 723, 731, 736, 741, 746, 750, 758, 759, 761, 762, 770, 771, 773, 777, 779, 783, 788, 798, 801, 802, 804, 805, 806, 821, 822, 823, 829, 830, 832, 833, 836, 840, 844, 845, 849, 854, 857, 858, 862, 864, 865, 866, 868, 875, 881, 882, 890, 893, 895, 896, 897, 899, 900, 902, 906, 908, 914, 916, 918, 921, 922, 926, 928, 930, 934, 937, 938, 941, 942, 943, 944, 945, 946, 956, 958, 959, 964, 968, 973, 981, 987, 993, 999, 1000]

@end of file
