Set parameter TimeLimit to value 7200
Setting B&C+LSI: The proposed B&C algorithm based on formulation (40) (equipped with the lifted submodular inequalities).

----------------- start of the first stage -----------------

Iter     Best Incumbent      BestBound     Gap      Time  #VioCuts
1                 0.000    4178642.363   100.0       7.0      9999
2           2426434.170    4086838.055    40.6      11.1      9998
3           3212074.016    3865321.646    16.9      60.8      9474
4           3519822.013    3660167.212     3.8      95.8      6791
5           3562933.521    3586232.831     0.6     113.9      2641
6           3573910.282    3575384.609     0.0     121.5       249
7           3574934.484    3574934.484     0.0     124.1         0

CPU time spent in the first stage: 124.23 sec
Upper bound returned at the end of the first stage: 3574934.483833
Objective value of the optimal solution or the best incumbent at the end of the first stage: 3574934.483833
Number of cuts added at the end of the first stage for the initialization of the relaxed MILP problem: 15087
Termination status of the first stage: MIP Optimal

------------------ end of the first stage ------------------

Total CPU time: 124.23 sec
Percentage optimality gap: 0.00 %
CPU time spent in separating the cuts: 3.51 sec
Number of explored nodes: 1
Objective value of the returned solution: 3574934.483833
Optimal facility locations: [1, 4, 5, 10, 12, 13, 16, 17, 18, 22, 24, 25, 27, 28, 29, 31, 33, 34, 35, 36, 37, 38, 39, 40, 44, 45, 48, 51, 57, 58, 60, 62, 70, 78, 80, 81, 83, 85, 86, 88, 91, 94, 98, 99, 102, 105, 109, 112, 113, 115, 117, 122, 125, 128, 129, 132, 133, 134, 138, 139, 141, 142, 147, 148, 152, 155, 157, 159, 161, 163, 164, 167, 168, 169, 170, 173, 176, 177, 178, 181, 186, 187, 188, 194, 195, 197, 198, 200, 201, 202, 204, 205, 206, 212, 213, 214, 215, 218, 220, 224, 225, 231, 232, 239, 240, 242, 243, 246, 247, 248, 251, 252, 255, 261, 264, 265, 271, 273, 274, 275, 278, 279, 281, 286, 288, 290, 291, 292, 293, 294, 295, 296, 297, 298, 301, 302, 305, 306, 307, 310, 315, 317, 320, 324, 329, 331, 333, 335, 336, 337, 338, 341, 343, 345, 349, 350, 351, 357, 359, 360, 362, 367, 368, 374, 375, 377, 383, 384, 388, 392, 393, 395, 397, 400, 402, 406, 410, 414, 417, 418, 420, 423, 424, 426, 427, 428, 431, 435, 436, 438, 442, 444, 445, 446, 448, 449, 450, 451, 454, 456, 458, 460, 462, 463, 468, 471, 472, 481, 483, 485, 488, 489, 491, 492, 493, 494, 495, 497]

@end of file
