Set parameter TimeLimit to value 7200
Setting GBD: A two-stage implementation of the stage-of-the-art generalized Benders decomposition (GBD) approach proposed by Lin & Tian (2021).

----------------- start of the first stage -----------------

Iter     Best Incumbent      BestBound     Gap      Time  #VioCuts
1                 0.000    4143642.180   100.0       1.0      9999
2           2153473.817    4129012.479    47.8       3.2      9998
3           3017432.287    4094046.242    26.3       8.2      9695
4           3659433.287    4051914.984     9.7      16.1      1122
5           3767245.026    4047982.725     6.9      18.5       753
6           3767245.026    4045425.876     6.9      20.6       745
7           3767245.026    4043388.180     6.8      22.9       536
8           3767245.026    4042126.617     6.8      24.7       289
9           3767245.026    4041664.457     6.8      26.2       131
10          3767245.026    4041503.402     6.8      27.3        23
11          3767245.026    4041441.549     6.8      28.2         0

CPU time spent in the first stage: 86.95 sec
Upper bound returned at the end of the first stage: 4041441.549144
Objective value of the optimal solution or the best incumbent at the end of the first stage: 3767245.025880
Number of cuts added at the end of the first stage for the initialization of the relaxed MILP problem: 5974
Termination status of the first stage: LP Optimal

------------------ end of the first stage ------------------


----------------- start of the second stage ----------------

Gurobi Optimizer version 11.0.1 build v11.0.1rc0 (linux64 - "CentOS Linux 7 (Core)")

CPU model: Intel(R) Xeon(R) Gold 6230R CPU @ 2.10GHz, instruction set [SSE2|AVX|AVX2|AVX512]
Thread count: 52 physical cores, 52 logical processors, using up to 1 threads


Warning: excessive time spent in model updates.
Consider calling update less frequently.

Optimize a model with 15979 rows, 10100 columns and 80461 nonzeros
Model fingerprint: 0x05e196f0
Variable types: 10000 continuous, 100 integer (0 binary)
Coefficient statistics:
  Matrix range     [3e-09, 2e+03]
  Objective range  [1e+01, 2e+03]
  Bounds range     [1e+00, 1e+00]
  RHS range        [4e-06, 5e+06]

User MIP start did not produce a new incumbent solution

Presolve removed 10004 rows and 0 columns
Presolve time: 0.17s
Presolved: 5975 rows, 10100 columns, 30060 nonzeros
Variable types: 10000 continuous, 100 integer (100 binary)
Found heuristic solution: objective 3943642.1797

Root relaxation: objective 4.038072e+06, 126 iterations, 0.01 seconds (0.00 work units)

    Nodes    |    Current Node    |     Objective Bounds      |     Work
 Expl Unexpl |  Obj  Depth IntInf | Incumbent    BestBd   Gap | It/Node Time

     0     0 4038072.28    0    3 3943642.18 4038072.28  2.39%     -    0s
Another try with MIP start
     0     0 4038072.28    0    3 3943642.18 4038072.28  2.39%     -    0s
     0     0 4023867.42    0   53 3943642.18 4023867.42  2.03%     -    0s
H    0     0                    3958737.8182 4023867.42  1.65%     -    0s
     0     0 4016677.46    0   60 3958737.82 4016677.46  1.46%     -    1s
     0     2 4006712.32    0   72 3958737.82 4006712.32  1.21%     -    2s
     8    10 4000738.36    5   69 3958737.82 4006712.32  1.21%   322    5s
    52    54 3988298.35   43   18 3958737.82 4006712.32  1.21%   234   10s
H   67    65                    3983293.9099 4006712.32  0.59%   206   10s
H   69    67                    3983345.4467 4006712.32  0.59%   202   10s
*   72    68              60    3987234.5375 4006712.32  0.49%   195   10s
   102    86 3991030.41   21   48 3987234.54 4006215.22  0.48%   220   15s
   200   164 3991629.79   16   53 3987234.54 4005155.60  0.45%   181   20s
   288   229 3988727.39   26   45 3987234.54 4004926.81  0.44%   172   25s
   409   296 3993440.44    9   62 3987234.54 3996882.09  0.24%   160   30s
   519   387 3988909.95   20   47 3987234.54 3996524.35  0.23%   148   35s
   608   451 3990026.96   21   60 3987234.54 3996177.79  0.22%   143   44s
   610   452 3992175.65   11   65 3987234.54 3994594.57  0.18%   143   50s
   613   454 3988097.60    8   43 3987234.54 3988097.60  0.02%   142   56s
   615   456 3988001.08   31   42 3987234.54 3988001.08  0.02%   142   61s
   616   456 3988001.08    5   42 3987234.54 3988001.08  0.02%   141   65s
   618   458 3987983.80    5   42 3987234.54 3987983.80  0.02%   141   71s
   624   461 3987787.72   14   35 3987234.54 3987854.08  0.02%   155   75s
H  643   429                    3987622.7443 3987854.08  0.01%   155   78s
*  645   406              28    3987628.8545 3987854.08  0.01%   154   78s

Cutting planes:
  Gomory: 7
  Implied bound: 66
  MIR: 303
  Flow cover: 2148
  RLT: 139
  Relax-and-lift: 6
  Lazy constraints: 118

Explored 649 nodes (103178 simplex iterations) in 79.74 seconds (81.34 work units)
Thread count was 1 (of 52 available processors)

Solution count 5: 3.98763e+06 3.98723e+06 3.98335e+06 ... 3.94364e+06

Optimal solution found (tolerance 0.00e+00)
Best objective 3.987628854506e+06, best bound 3.987628854506e+06, gap 0.0000%

User-callback calls 15357, time in user-callback 0.66 sec

CPU time spent in the second stage: 79.74 sec
The LP relaxation bound at the root node: 4006712.316148
Termination status of the second stage: OPTIMAL

------------------ end of the second stage -----------------

Total CPU time: 108.01 sec
Percentage optimality gap: 0.00 %
CPU time spent in separating the cuts: 9.00 sec
Number of explored nodes: 649
Objective value of the returned solution: 3987628.854506
Optimal facility locations: [1, 3, 4, 6, 7, 10, 11, 12, 13, 14, 15, 18, 19, 21, 26, 27, 28, 29, 31, 32, 33, 34, 36, 37, 38, 39, 40, 41, 42, 45, 46, 47, 49, 51, 53, 55, 56, 57, 60, 61, 62, 63, 65, 66, 67, 68, 70, 72, 74, 75, 76, 77, 78, 79, 80, 81, 82, 84, 85, 87, 88, 89, 90, 91, 92, 95, 98]

@end of file
