Set parameter TimeLimit to value 7200
Setting sB&C+LSI: The proposed B&C algorithm based on formulation (40) (equipped with the lifted submodular inequalities), with only the second stage implemented
Gurobi Optimizer version 11.0.1 build v11.0.1rc0 (linux64 - "CentOS Linux 7 (Core)")

CPU model: Intel(R) Xeon(R) Gold 6230R CPU @ 2.10GHz, instruction set [SSE2|AVX|AVX2|AVX512]
Thread count: 52 physical cores, 52 logical processors, using up to 1 threads

Optimize a model with 10000 rows, 12000 columns and 10000 nonzeros
Model fingerprint: 0x47df759b
Variable types: 10000 continuous, 2000 integer (2000 binary)
Coefficient statistics:
  Matrix range     [1e+00, 1e+00]
  Objective range  [1e+01, 2e+03]
  Bounds range     [0e+00, 0e+00]
  RHS range        [1e-05, 1e+00]
Found heuristic solution: objective -1.00518e+16
Presolve removed 10000 rows and 0 columns
Presolve time: 0.00s
Presolved: 0 rows, 12000 columns, 0 nonzeros
Variable types: 10000 continuous, 2000 integer (2000 binary)
Found heuristic solution: objective -1.00518e+16

Root relaxation: objective 4.170090e+06, 0 iterations, 0.00 seconds (0.00 work units)

    Nodes    |    Current Node    |     Objective Bounds      |     Work
 Expl Unexpl |  Obj  Depth IntInf | Incumbent    BestBd   Gap | It/Node Time

     0     0 4170090.36    0    - -1.005e+16 4170090.36   100%     -   18s
     0     0 3904848.00    0  279 -1.005e+16 3904848.00   100%     -   37s
     0     0 3904848.00    0  279 -1.005e+16 3904848.00   100%     -   45s
H    0     0                    1834072.3103 3904848.00   113%     -   51s
     0     0 3312090.43    0  650 1834072.31 3312090.43  80.6%     -  193s
     0     0 3312084.57    0  650 1834072.31 3312084.57  80.6%     -  212s
H    0     0                    2610671.3736 3312084.57  26.9%     -  227s
     0     0 3312084.57    0  650 2610671.37 3312084.57  26.9%     -  242s
H    0     0                    2611374.0943 3312084.57  26.8%     -  256s
     0     2 2973314.68    0  660 2611374.09 2973314.68  13.9%     -  359s
     1     3 2973243.59    1  659 2611374.09 2973292.84  13.9%   6.0  361s
     3     5 2973000.38    2  656 2611374.09 2973129.99  13.9%  10.3  365s
     5     7 2972906.87    3  653 2611374.09 2973129.99  13.9%  15.0  370s
     7     9 2972893.89    4  654 2611374.09 2973129.99  13.9%  14.1  375s
    10    12 2972596.60    7  652 2611374.09 2973129.99  13.9%  17.7  381s
    12    14 2972497.00    8  650 2611374.09 2973129.99  13.9%  20.1  387s
    13    15 2972546.48    8  651 2611374.09 2973129.99  13.9%  20.6  390s
    16    18 2972237.31   10  649 2611374.09 2973129.99  13.9%  19.9  396s
    18    20 2972140.86   11  647 2611374.09 2973129.99  13.9%  19.0  401s
    19    21 2972053.29   11  646 2611374.09 2973129.99  13.9%  20.3  405s
    21    23 2971605.57   12  648 2611374.09 2973129.99  13.9%  22.0  411s
    23    25 2971857.70   13  649 2611374.09 2973129.99  13.9%  20.9  417s
    25    27 2971785.45   15  645 2611374.09 2973129.99  13.9%  20.2  421s
    27    29 2971506.96   16  646 2611374.09 2973129.99  13.9%  21.2  437s
    28    30 2878368.51   16  619 2611374.09 2973129.99  13.9%   266  479s
    29    31 2877198.99   17  615 2611374.09 2973129.99  13.9%   495  505s
    30    32 2877533.47   17  618 2611374.09 2973129.99  13.9%   702  543s
    32    34 2877462.88   18  621 2611374.09 2973129.99  13.9%   658  547s
    33    35 2877233.76   19  616 2611374.09 2973129.99  13.9%   639  550s
    35    37 2876700.32   20  617 2611374.09 2973129.99  13.9%   605  556s
    37    39 2876773.63   21  611 2611374.09 2973129.99  13.9%   574  560s
    40    42 2876912.22   22  612 2611374.09 2973129.99  13.9%   532  567s
    42    44 2876787.52   23  606 2611374.09 2973129.99  13.9%   508  572s
    43    45 2876767.32   24  613 2611374.09 2973129.99  13.9%   496  575s
    45    47 2876551.28   25  612 2611374.09 2973129.99  13.9%   477  581s
    47    49 2876651.65   26  608 2611374.09 2973129.99  13.9%   458  586s
    49    51 2876624.65   27  607 2611374.09 2973129.99  13.9%   441  592s
    51    53 2876613.59   28  607 2611374.09 2973129.99  13.9%   424  597s
    52    54 2876575.57   28  605 2611374.09 2973129.99  13.9%   416  600s
    55    57 2876529.96   31  608 2611374.09 2973129.99  13.9%   394  606s
    57    59 2876335.33   32  603 2611374.09 2973129.99  13.9%   382  611s
    60    62 2876419.74   33  605 2611374.09 2973129.99  13.9%   363  617s
    61    63 2876452.83   34  606 2611374.09 2973129.99  13.9%   358  620s
    63    65 2876248.28   35  605 2611374.09 2973129.99  13.9%   348  626s
    65    67 2876332.08   36  606 2611374.09 2973129.99  13.9%   338  630s
    67    69 2876257.53   37  604 2611374.09 2973129.99  13.9%   329  635s
    69    71 2876168.47   38  599 2611374.09 2973129.99  13.9%   320  640s
    71    73 2876155.22   39  599 2611374.09 2973129.99  13.9%   311  645s
    73    75 2876096.69   40  600 2611374.09 2973129.99  13.9%   304  650s
    75    77 2875782.29   41  592 2611374.09 2973129.99  13.9%   297  656s
    77    79 2876000.01   42  600 2611374.09 2973129.99  13.9%   290  660s
    80    82 2875790.35   44  602 2611374.09 2973129.99  13.9%   280  665s
    81    83 2875933.36   44  602 2611374.09 2973129.99  13.9%   277  674s
    82    84 2848407.32   45  649 2611374.09 2973129.99  13.9%   324  689s
    83    85 2848477.11   45  646 2611374.09 2973129.99  13.9%   371  703s
    84    86 2848292.21   46  646 2611374.09 2973129.99  13.9%   368  705s
    87    89 2848138.49   48  648 2611374.09 2973129.99  13.9%   356  710s
    90    92 2847977.56   49  649 2611374.09 2973129.99  13.9%   346  715s
    93    95 2847919.32   51  643 2611374.09 2973129.99  13.9%   336  720s
    96    98 2847845.70   52  641 2611374.09 2973129.99  13.9%   327  726s
    99   101 2847577.21   54  642 2611374.09 2973129.99  13.9%   319  731s
   101   103 2847508.11   55  640 2611374.09 2973129.99  13.9%   313  735s
   104   106 2847409.62   56  637 2611374.09 2973129.99  13.9%   305  740s
   108   110 2847357.40   59  633 2611374.09 2973129.99  13.9%   294  754s
   109   111 2836207.74   60  662 2611374.09 2973129.99  13.9%   318  767s
   110   112 2836292.46   60  650 2611374.09 2973129.99  13.9%   340  778s
   112   114 2835962.30   62  650 2611374.09 2973129.99  13.9%   335  782s
   114   116 2835943.35   63  647 2611374.09 2973129.99  13.9%   330  785s
   117   119 2835746.89   65  646 2611374.09 2973129.99  13.9%   323  790s
   120   122 2835450.42   66  649 2611374.09 2973129.99  13.9%   316  795s
   124   126 2835396.36   68  640 2611374.09 2973129.99  13.9%   308  801s
   127   129 2835404.45   70  645 2611374.09 2973129.99  13.9%   301  806s
   130   132 2835350.71   72  647 2611374.09 2973129.99  13.9%   295  811s
   133   135 2835294.69   73  644 2611374.09 2973129.99  13.9%   289  816s
   135   137 2835237.90   74  641 2611374.09 2973129.99  13.9%   286  828s
   136   138 2829915.73   75  673 2611374.09 2973129.99  13.9%   297  838s
   137   139 2829915.99   75  665 2611374.09 2973129.99  13.9%   308  846s
   139   141 2829818.48   76  662 2611374.09 2973129.99  13.9%   305  850s
   143   145 2829646.57   79  667 2611374.09 2973129.99  13.9%   297  856s
   145   147 2829603.09   80  664 2611374.09 2973129.99  13.9%   294  860s
   148   150 2829606.61   81  662 2611374.09 2973129.99  13.9%   289  865s
   151   153 2829468.83   83  660 2611374.09 2973129.99  13.9%   285  870s
   155   157 2829251.61   86  656 2611374.09 2973129.99  13.9%   279  876s
   157   159 2829175.09   87  660 2611374.09 2973129.99  13.9%   276  880s
   160   162 2829071.62   88  653 2611374.09 2973129.99  13.9%   272  885s
   162   164 2829069.39   90  654 2611374.09 2973129.99  13.9%   269  896s
   163   165 2825658.72   90  636 2611374.09 2973129.99  13.9%   274  904s
   164   166 2825579.63   91  640 2611374.09 2973129.99  13.9%   279  908s
   165   167 2825472.22   91  634 2611374.09 2973129.99  13.9%   284  913s
   166   168 2825520.01   92  640 2611374.09 2973129.99  13.9%   283  915s
   169   171 2825493.31   93  640 2611374.09 2973129.99  13.9%   278  920s
   172   174 2825368.67   95  639 2611374.09 2973129.99  13.9%   274  925s
   176   178 2825237.27   97  629 2611374.09 2973129.99  13.9%   269  931s
   179   181 2825047.40   99  620 2611374.09 2973129.99  13.9%   265  936s
   182   184 2825034.58  101  618 2611374.09 2973129.99  13.9%   262  941s
   185   187 2824965.02  103  615 2611374.09 2973129.99  13.9%   258  945s
   188   190 2824793.28  104  610 2611374.09 2973129.99  13.9%   255  950s
   190   192 2824691.64  105  608 2611374.09 2973129.99  13.9%   253  955s
   195   197 2824610.18  108  597 2611374.09 2973129.99  13.9%   248  960s
   204   206 2824376.39  114  581 2611374.09 2973129.99  13.9%   238  965s
   211   213 2824256.61  118  578 2611374.09 2973129.99  13.9%   231  970s
   216   218 2824018.94  122  574 2611374.09 2973129.99  13.9%   226  978s
   217   219 2822572.17  123  588 2611374.09 2973129.99  13.9%   228  983s
   218   220 2822587.45  123  586 2611374.09 2973129.99  13.9%   230  985s
   224   226 2822331.32  126  579 2611374.09 2973129.99  13.9%   225  990s
   231   233 2822152.82  131  575 2611374.09 2973129.99  13.9%   220  995s
   235   237 2822080.83  133  574 2611374.09 2973129.99  13.9%   217 1006s
   236   238 2821521.55  134  574 2611374.09 2973129.99  13.9%   217 1010s
   242   244 2821387.06  138  564 2611374.09 2973129.99  13.9%   214 1015s
   243   245 2821341.42  138  564 2611374.09 2973129.99  13.9%   213 1023s
   244   246 2821134.77  139  571 2611374.09 2973129.99  13.9%   213 1027s
   249   251 2820902.57  142  560 2611374.09 2973129.99  13.9%   210 1030s
   258   260 2820760.23  148  553 2611374.09 2973129.99  13.9%   204 1035s
   267   269 2820459.53  154  550 2611374.09 2973129.99  13.9%   198 1040s
   270   272 2820485.77  157  547 2611374.09 2973129.99  13.9%   196 1048s
   271   273 2819773.87  158  560 2611374.09 2973129.99  13.9%   196 1052s
   276   278 2819704.93  161  547 2611374.09 2973129.99  13.9%   194 1055s
   285   287 2819330.98  166  536 2611374.09 2973129.99  13.9%   189 1060s
   292   294 2819146.31  170  544 2611374.09 2973129.99  13.9%   185 1065s
   297   299 2819032.76  173  541 2611374.09 2973129.99  13.9%   182 1074s
   298   300 2818057.65  174  540 2611374.09 2973129.99  13.9%   183 1078s
   299   301 2817983.01  174  540 2611374.09 2973129.99  13.9%   184 1080s
   308   310 2817677.84  180  531 2611374.09 2973129.99  13.9%   179 1085s
   315   317 2817526.83  183  523 2611374.09 2973129.99  13.9%   176 1090s
   323   325 2817396.18  187  515 2611374.09 2973129.99  13.9%   172 1095s
   324   326 2817355.50  188  513 2611374.09 2973129.99  13.9%   172 1102s
   325   327 2816554.32  188  515 2611374.09 2973129.99  13.9%   172 1105s
   329   331 2816442.10  190  517 2611374.09 2973129.99  13.9%   171 1110s
   336   338 2816275.73  195  504 2611374.09 2973129.99  13.9%   169 1115s
   343   345 2816013.44  199  494 2611374.09 2973129.99  13.9%   166 1120s
   351   353 2815723.49  203  477 2611374.09 2973129.99  13.9%   163 1131s
   352   354 2815367.47  204  492 2611374.09 2973129.99  13.9%   163 1135s
   358   360 2815182.88  207  484 2611374.09 2973129.99  13.9%   161 1140s
   365   367 2814942.75  211  465 2611374.09 2973129.99  13.9%   158 1145s
   374   376 2814828.83  215  463 2611374.09 2973129.99  13.9%   155 1150s
   378   380 2814733.80  217  454 2611374.09 2973129.99  13.9%   153 1158s
   379   381 2814205.59  218  451 2611374.09 2973129.99  13.9%   153 1162s
   384   386 2814070.76  220  446 2611374.09 2973129.99  13.9%   152 1165s
   396   398 2813770.05  229  437 2611374.09 2973129.99  13.9%   148 1170s
   405   407 2813548.94  235  421 2611374.09 2973129.99  13.9%   145 1179s
   406   408 2813043.44  236  420 2611374.09 2973129.99  13.9%   145 1182s
   410   412 2812791.70  238  415 2611374.09 2973129.99  13.9%   144 1185s
   419   421 2812640.08  244  418 2611374.09 2973129.99  13.9%   142 1190s
   426   428 2812431.48  248  405 2611374.09 2973129.99  13.9%   140 1195s
   432   434 2812112.42  252  407 2611374.09 2973129.99  13.9%   138 1204s
   433   435 2811722.46  252  409 2611374.09 2973129.99  13.9%   138 1208s
   435   437 2811315.09  253  409 2611374.09 2973129.99  13.9%   139 1210s
   443   445 2811054.27  258  405 2611374.09 2973129.99  13.9%   136 1215s
   453   455 2810734.99  265  403 2611374.09 2973129.99  13.9%   134 1220s
   455   457 2810692.77  266  405 2611374.09 2973129.99  13.9%   133 1228s
   456   458 2810364.94  266  398 2611374.09 2973129.99  13.9%   133 1231s
   462   464 2809928.83  269  395 2611374.09 2973129.99  13.9%   132 1235s
   469   471 2809591.91  273  384 2611374.09 2973129.99  13.9%   131 1240s
   474   476 2808955.45  275  375 2611374.09 2973129.99  13.9%   130 1245s
   483   485 2809075.49  281  372 2611374.09 2973129.99  13.9%   128 1250s
   486   488 2809068.14  284  375 2611374.09 2973129.99  13.9%   127 1256s
   488   490 2808602.95  285  374 2611374.09 2973129.99  13.9%   127 1260s
   495   497 2808488.48  289  372 2611374.09 2973129.99  13.9%   126 1265s
   501   503 2808383.76  292  369 2611374.09 2973129.99  13.9%   125 1270s
   511   513 2807880.94  299  368 2611374.09 2973129.99  13.9%   123 1275s
   513   515 2808022.78  300  358 2611374.09 2973129.99  13.9%   122 1281s
   515   517 2807792.31  301  355 2611374.09 2973129.99  13.9%   122 1285s
   527   529 2806645.47  308  345 2611374.09 2973129.99  13.9%   120 1290s
   534   536 2806817.69  312  348 2611374.09 2973129.99  13.9%   118 1295s
   540   542 2806659.82  315  344 2611374.09 2973129.99  13.9%   117 1304s
   541   543 2804808.96  316  343 2611374.09 2973129.99  13.9%   117 1306s
   547   549 2804716.45  319  338 2611374.09 2973129.99  13.9%   116 1310s
   556   558 2804469.97  324  327 2611374.09 2973129.99  13.9%   115 1315s
   567   569 2803988.17  331  327 2611374.09 2973129.99  13.9%   113 1323s
   568   570 2802192.95  332  317 2611374.09 2973129.99  13.9%   113 1326s
   574   576 2802032.24  336  310 2611374.09 2973129.99  13.9%   112 1330s
   581   583 2801907.87  340  305 2611374.09 2973129.99  13.9%   111 1335s
   588   590 2801747.42  343  295 2611374.09 2973129.99  13.9%   110 1340s
   594   596 2801627.63  347  291 2611374.09 2973129.99  13.9%   110 1347s
   595   597 2800869.28  348  297 2611374.09 2973129.99  13.9%   110 1350s
   603   605 2800587.05  353  287 2611374.09 2973129.99  13.9%   109 1355s
   612   614 2800241.02  357  270 2611374.09 2973129.99  13.9%   108 1360s
   621   623 2799998.93  363  257 2611374.09 2973129.99  13.9%   106 1368s
   622   624 2799441.04  363  263 2611374.09 2973129.99  13.9%   106 1371s
   629   631 2799199.65  368  253 2611374.09 2973129.99  13.9%   105 1375s
   640   642 2798586.86  376  236 2611374.09 2973129.99  13.9%   104 1380s
   649   651 2797949.79  381  231 2611374.09 2973129.99  13.9%   103 1388s
   650   652 2797890.95  381  235 2611374.09 2973129.99  13.9%   102 1391s
   656   658 2797464.84  384  228 2611374.09 2973129.99  13.9%   102 1395s
H  661   661                    2793586.2910 2973129.99  6.43%   101 1401s
   674   676 2796953.17  398  197 2793586.29 2973129.99  6.43%  99.3 1405s
   690   692 2796554.21  409  173 2793586.29 2973129.99  6.43%  97.3 1410s
   708   710 2796162.69  424  152 2793586.29 2973129.99  6.43%  95.1 1415s
   721   723 2795361.42  434  141 2793586.29 2973129.99  6.43%  93.6 1420s
   739   741 2795472.52  449  114 2793586.29 2973129.99  6.43%  91.5 1425s
   758   760 2794959.27  464   95 2793586.29 2973129.99  6.43%  89.5 1430s
   770   772 2794600.49  471   86 2793586.29 2973129.99  6.43%  88.3 1435s
   787   789 2794590.34  485   66 2793586.29 2973129.99  6.43%  86.6 1440s
   805   807 2794151.47  499   50 2793586.29 2973129.99  6.43%  84.8 1445s
   815   817 2794290.89  505   39 2793586.29 2973129.99  6.43%  83.9 1450s
   838   840 2793729.13  525   21 2793586.29 2973129.99  6.43%  81.7 1455s
   858   858 2793716.43  540    3 2793586.29 2973129.99  6.43%  79.9 1460s
   863   857 2836036.14    2  691 2793586.29 2972985.24  6.42%  92.4 1496s
   865   858 2808510.49  288  650 2793586.29 2972985.24  6.42%  92.2 3946s
   867   859 2811130.74  257  702 2793586.29 2836037.45  1.52%  92.0 4314s
   868   860 2796834.80  398  771 2793586.29 2828379.03  1.25%  91.9 4413s
   869   861 2801703.51  342  744 2793586.29 2826556.56  1.18%  91.7 4438s
   870   861 2822570.33  124  714 2793586.29 2826376.67  1.17%  91.6 4450s
   871   862 2797307.97  390  720 2793586.29 2826360.73  1.17%  91.5 4458s
   872   863 2826358.83   84  719 2793586.29 2826358.83  1.17%  91.4 4463s
   873   863 2794218.87  498  720 2793586.29 2826358.21  1.17%  91.3 4503s
   874   864 2811255.81  255  630 2793586.29 2825140.62  1.13%  91.2 4609s
   875   865 2794311.43  498  633 2793586.29 2824985.20  1.12%  91.1 4624s
   876   865 2824953.90   24  579 2793586.29 2824953.90  1.12%  91.0 4634s
   877   866 2822325.51  127  592 2793586.29 2824943.88  1.12%  90.9 4642s
   878   867 2802063.87  333  592 2793586.29 2824942.06  1.12%  90.8 4648s
   879   867 2814870.63  215  592 2793586.29 2824942.01  1.12%  90.7 4722s
   880   868 2824133.11  121  663 2793586.29 2824482.85  1.11%  90.6 4827s
   881   869 2795503.27  445  688 2793586.29 2824482.85  1.11%  90.5 4839s
   882   869 2801890.99  339  650 2793586.29 2824482.85  1.11%  90.4 4847s
   883   870 2799431.18  364  710 2793586.29 2824482.85  1.11%  90.3 4853s
   884   871 2822158.91  131  714 2793586.29 2824482.85  1.11%  90.2 4859s
   885   871 2824457.03  110  711 2793586.29 2824482.85  1.11%  90.1 4864s
   886   872 2824482.85   56  711 2793586.29 2824482.85  1.11%  90.0 4941s
   887   873 2822319.38  128  648 2793586.29 2824385.55  1.10%  89.9 5054s
   888   873 2819388.58  166  646 2793586.29 2824385.55  1.10%  89.8 5061s
   889   874 2819704.56  162  620 2793586.29 2824385.55  1.10%  89.7 5068s
   890   875 2794237.94  484  622 2793586.29 2824385.55  1.10%  89.6 5149s
   891   875 2824293.19   77  687 2793586.29 2824293.19  1.10%  89.5 5252s
   892   876 2812792.80  240  700 2793586.29 2824288.36  1.10%  89.4 5259s
   893   877 2813948.65  220  676 2793586.29 2824282.86  1.10%  89.3 5266s
   894   877 2806651.94  316  675 2793586.29 2824282.07  1.10%  89.2 5343s
   895   878 2798239.45  379  676 2793586.29 2824235.09  1.10%  89.1 5441s
   896   879 2824215.40   24  692 2793586.29 2824215.40  1.10%  89.0 5450s
   897   879 2822324.33  126  682 2793586.29 2824210.53  1.10%  88.9 5456s
   898   880 2810752.06  263  682 2793586.29 2824208.60  1.10%  88.8 5461s
   899   881 2824208.40   73  692 2793586.29 2824208.40  1.10%  88.7 5499s
   900   881 2806624.13  314  640 2793586.29 2824150.89  1.09%  88.6 5557s
   901   882 2824150.89   43  660 2793586.29 2824150.89  1.09%  88.5 5563s
   902   883 2806808.86  313  683 2793586.29 2824150.89  1.09%  88.4 5575s
   903   883 2796708.44  402  685 2793586.29 2824092.88  1.09%  88.3 5602s
   904   884 2824092.88   66  692 2793586.29 2824092.88  1.09%  88.2 5613s
   905   885 2824092.88   83  698 2793586.29 2824092.88  1.09%  88.1 5638s
   906   885 2804472.13  321  699 2793586.29 2824092.88  1.09%  88.0 5648s
   907   886 2794126.32  514  697 2793586.29 2824092.88  1.09%  87.9 5676s

Cutting planes:
  Gomory: 94
  Lift-and-project: 38
  Implied bound: 18
  MIR: 814
  Flow cover: 2928
  RLT: 55
  Relax-and-lift: 8

Explored 909 nodes (127174 simplex iterations) in 7201.66 seconds (3955.89 work units)
Thread count was 1 (of 52 available processors)

Solution count 6: 2.79359e+06 2.61137e+06 2.61067e+06 ... -1.00518e+16

Time limit reached
Best objective 2.793586291037e+06, best bound 2.824092883923e+06, gap 1.0920%

User-callback calls 276258, time in user-callback 21.91 sec

Total CPU time: 7201.66 sec
Termination status: TIME_LIMIT
Percentage optimality gap: 1.08 %
Number of explored nodes: 909
Objective value of the returned solution: 2793586.291037
The LP relaxation bound at the root node: 2973314.681684
Optimal facility locations: [2, 14, 16, 21, 24, 25, 28, 33, 35, 36, 63, 68, 80, 83, 86, 92, 93, 106, 108, 110, 116, 122, 123, 124, 127, 141, 152, 154, 157, 159, 160, 184, 197, 201, 205, 220, 236, 253, 264, 268, 272, 274, 285, 291, 293, 294, 297, 303, 304, 305, 311, 312, 314, 318, 319, 328, 343, 349, 358, 361, 368, 369, 370, 373, 377, 384, 390, 396, 404, 405, 410, 419, 421, 429, 431, 442, 466, 470, 472, 473, 481, 488, 495, 497, 536, 541, 549, 552, 561, 565, 569, 580, 590, 593, 596, 600, 606, 612, 617, 630, 638, 651, 658, 665, 672, 673, 678, 696, 719, 732, 740, 742, 746, 747, 749, 758, 759, 760, 761, 773, 810, 814, 818, 827, 828, 830, 839, 843, 846, 847, 848, 856, 862, 864, 870, 874, 884, 886, 887, 902, 911, 912, 916, 919, 930, 940, 948, 963, 983, 984, 990, 995, 997, 999, 1001, 1021, 1030, 1033, 1038, 1039, 1047, 1056, 1066, 1080, 1081, 1094, 1105, 1107, 1108, 1113, 1117, 1120, 1126, 1132, 1142, 1144, 1148, 1163, 1168, 1169, 1170, 1174, 1176, 1180, 1188, 1191, 1193, 1196, 1204, 1208, 1209, 1212, 1217, 1229, 1230, 1232, 1237, 1263, 1265, 1268, 1273, 1275, 1280, 1295, 1300, 1304, 1312, 1317, 1326, 1328, 1329, 1330, 1337, 1339, 1340, 1343, 1349, 1352, 1356, 1366, 1372, 1373, 1376, 1377, 1388, 1389, 1410, 1412, 1419, 1428, 1430, 1433, 1435, 1441, 1447, 1448, 1451, 1452, 1456, 1458, 1468, 1471, 1476, 1478, 1481, 1485, 1502, 1503, 1504, 1506, 1511, 1512, 1513, 1516, 1517, 1523, 1526, 1527, 1528, 1531, 1538, 1542, 1543, 1547, 1558, 1559, 1565, 1573, 1578, 1580, 1584, 1587, 1588, 1589, 1596, 1605, 1608, 1610, 1613, 1616, 1620, 1622, 1628, 1630, 1635, 1641, 1657, 1661, 1668, 1672, 1697, 1701, 1702, 1703, 1704, 1724, 1734, 1735, 1737, 1740, 1742, 1750, 1752, 1755, 1757, 1764, 1773, 1779, 1783, 1785, 1786, 1789, 1794, 1795, 1802, 1804, 1809, 1810, 1817, 1818, 1825, 1835, 1836, 1837, 1843, 1844, 1849, 1854, 1857, 1868, 1886, 1888, 1889, 1893, 1896, 1912, 1915, 1916, 1924, 1929, 1941, 1944, 1947, 1948, 1953, 1961, 1966, 1968, 1974, 1975, 1977, 1985, 1991, 1994, 1999]

@end of file
