Set parameter TimeLimit to value 7200
Setting sB&C+LSI: The proposed B&C algorithm based on formulation (40) (equipped with the lifted submodular inequalities), with only the second stage implemented
Gurobi Optimizer version 11.0.1 build v11.0.1rc0 (linux64 - "CentOS Linux 7 (Core)")

CPU model: Intel(R) Xeon(R) Gold 6230R CPU @ 2.10GHz, instruction set [SSE2|AVX|AVX2|AVX512]
Thread count: 52 physical cores, 52 logical processors, using up to 1 threads

Optimize a model with 10000 rows, 10200 columns and 10000 nonzeros
Model fingerprint: 0x0afec6a4
Variable types: 10000 continuous, 200 integer (200 binary)
Coefficient statistics:
  Matrix range     [1e+00, 1e+00]
  Objective range  [1e+01, 2e+03]
  Bounds range     [0e+00, 0e+00]
  RHS range        [1e-07, 1e+00]
Found heuristic solution: objective -1.00518e+16
Presolve removed 10000 rows and 0 columns
Presolve time: 0.00s
Presolved: 0 rows, 10200 columns, 0 nonzeros
Variable types: 10000 continuous, 200 integer (200 binary)

Root relaxation: objective 4.140451e+06, 0 iterations, 0.00 seconds (0.00 work units)

    Nodes    |    Current Node    |     Objective Bounds      |     Work
 Expl Unexpl |  Obj  Depth IntInf | Incumbent    BestBd   Gap | It/Node Time

     0     0 4140450.65    0    - -1.005e+16 4140450.65   100%     -    2s
     0     0 4101661.14    0   36 -1.005e+16 4101661.14   100%     -    3s
     0     0 4101112.77    0   36 -1.005e+16 4101112.77   100%     -    5s
     0     0 4101112.77    0   36 -1.005e+16 4101112.77   100%     -   10s
H    0     0                    2666053.3544 4101112.77  53.8%     -   11s
     0     2 3993629.31    0   79 2666053.35 3993629.31  49.8%     -   21s
     4     6 3993122.95    2   76 2666053.35 3993262.04  49.8%  56.8   25s
    10    12 3992234.72    5   76 2666053.35 3993262.04  49.8%  36.9   30s
    15    17 3990982.21    8   77 2666053.35 3993262.04  49.8%  40.7   35s
    20    22 3989636.25   12   70 2666053.35 3993262.04  49.8%  37.6   40s
    28    30 3857171.11   20   82 2666053.35 3993262.04  49.8%   219   50s
    29    31 3863230.72   20   82 2666053.35 3993262.04  49.8%   382   57s
    31    33 3862912.26   21   82 2666053.35 3993262.04  49.8%   360   60s
    39    41 3860489.89   26   72 2666053.35 3993262.04  49.8%   295   65s
    55    57 3837071.25   40   56 2666053.35 3993262.04  49.8%   247   71s
    66    68 3835984.20   49   42 2666053.35 3993262.04  49.8%   235   75s
H  104   103                    3830053.1182 3993262.04  4.26%   160   79s
H  105   103                    3830087.9493 3993262.04  4.26%   158   79s
*  106   102              84    3830103.4873 3993262.04  4.26%   157   79s
   108   102 3866776.15    2   96 3830103.49 3993199.63  4.26%   216   87s
   115   109 3847118.86    9   76 3830103.49 3993199.63  4.26%   215   90s
   177   171 3839125.99   63   19 3830103.49 3993199.63  4.26%   148   95s
*  196   145              79    3836728.0747 3993199.63  4.08%   135   96s
   201   142 3848934.88    2   93 3836728.07 3993099.49  4.08%   168  103s
   216   157 3845541.16   17   64 3836728.07 3993099.49  4.08%   158  105s
H  270   193                    3838951.4782 3993099.49  4.02%   132  110s
   277   197 3851995.40    3   97 3838951.48 3993097.64  4.02%   155  118s
   285   205 3849813.91   11   85 3838951.48 3993097.64  4.02%   152  120s
   332   252 3844159.38   53   17 3838951.48 3993097.64  4.02%   134  125s
*  348   161              67    3843650.0505 3993097.64  3.89%   128  125s
   352   159 3846256.85    3   97 3843650.05 3992584.88  3.87%   148  132s
   368   165 3852340.90    4   96 3843650.05 3992485.51  3.87%   163  141s
   400   197 3846492.58   35   39 3843650.05 3992485.51  3.87%   152  145s
H  406   174                    3844692.9745 3992485.51  3.84%   150  145s
   437   194 3851913.90    4   97 3844692.97 3992459.71  3.84%   157  154s
   444   201 3849910.56   10   85 3844692.97 3992459.71  3.84%   155  155s
   485   226     cutoff   38      3844692.97 3992459.71  3.84%   145  160s
   486   227 3846557.63    6   96 3844692.97 3992458.55  3.84%   159  166s
   496   227     cutoff    6      3844692.97 3992295.00  3.84%   170  174s
   497   228 3846538.63    5   93 3844692.97 3992288.83  3.84%   185  181s
   507   230 3846984.63    5   95 3844692.97 3991664.48  3.82%   196  189s
   514   235     cutoff   12      3844692.97 3991664.48  3.82%   194  190s
   518   231     cutoff    7      3844692.97 3991604.06  3.82%   205  197s
   519   230     cutoff    7      3844692.97 3990789.36  3.80%   218  204s
   520   231 3846007.57    8   94 3844692.97 3990786.37  3.80%   231  211s
   534   231 3845385.13    8   95 3844692.97 3990686.93  3.80%   238  218s
   543   228     cutoff    9      3844692.97 3990665.41  3.80%   247  225s
   544   229 3845008.56    9   90 3844692.97 3990477.23  3.79%   260  232s
   549   226     cutoff   10      3844692.97 3990091.58  3.78%   269  238s
   550   225     cutoff   11      3844692.97 3989914.98  3.78%   279  243s
   551   224     cutoff   12      3844692.97 3989810.31  3.77%   289  249s
   552   223     cutoff    9      3844692.97 3989635.78  3.77%   301  255s
   553   222     cutoff   13      3844692.97 3988993.40  3.75%   311  260s
   554   221     cutoff   15      3844692.97 3988636.67  3.74%   321  265s
   555   220     cutoff   16      3844692.97 3988507.56  3.74%   330  270s
   556   219     cutoff   14      3844692.97 3988462.33  3.74%   339  275s
   558   217     cutoff   19      3844692.97 3988276.25  3.73%   357  284s
   559   216     cutoff   17      3844692.97 3866694.88  0.57%   366  289s
   560   215     cutoff    3      3844692.97 3862889.81  0.47%   366  290s
   563   212     cutoff   22      3844692.97 3861670.21  0.44%   369  295s
   567   208     cutoff   26      3844692.97 3860977.47  0.42%   372  301s
   571   204     cutoff   27      3844692.97 3860434.18  0.41%   375  305s
   576   199     cutoff   31      3844692.97 3859738.78  0.39%   378  310s
   583   192     cutoff   38      3844692.97 3857398.51  0.33%   381  315s
H  590   169                    3845202.0348 3852135.80  0.18%   381  319s
   600   181 3849237.65   18   62 3845202.03 3852135.80  0.18%   375  320s
H  601   179                    3845268.1807 3852135.80  0.18%   375  320s
   655   221     cutoff    9      3845268.18 3852117.63  0.18%   346  325s
   719   271 3847074.38   34   36 3845268.18 3851932.57  0.17%   317  330s
   782   319 3848255.51   26   50 3845268.18 3851868.71  0.17%   294  335s
H  804   331                    3845458.9725 3851868.71  0.17%   286  336s
   857   371 3847375.05    7   89 3845458.97 3851855.41  0.17%   270  340s
   918   413     cutoff   42      3845458.97 3851830.13  0.17%   253  345s
H  928   411                    3845462.9288 3851673.43  0.16%   251  346s
H  939   392                    3845691.4317 3851673.43  0.16%   248  347s
   984   431 3846698.84   18   60 3845691.43 3851667.85  0.16%   238  350s
  1063   476     cutoff   30      3845691.43 3851555.96  0.15%   222  355s
  1134   525 3849250.65   18   62 3845691.43 3851510.67  0.15%   210  360s
  1194   549 3849122.95   18   61 3845691.43 3851425.91  0.15%   201  365s
  1262   589 3850318.35    8   88 3845691.43 3851354.83  0.15%   191  370s
  1323   631 3849117.36   12   36 3845691.43 3851338.86  0.15%   184 1026s
  1325   632 3850038.30   15   97 3845691.43 3851338.86  0.15%   183 1087s
  1326   633 3846080.23   14   58 3845691.43 3846080.23  0.01%   183 1111s
  1327   634 3845903.12   33   32 3845691.43 3845903.12  0.01%   183 1123s
  1328   634 3845719.51   25   12 3845691.43 3845719.51  0.00%   183 1145s
  1329   635 3845719.51   16    7 3845691.43 3845719.51  0.00%   183 1152s
  1330   636 3845718.98   40    3 3845691.43 3845718.98  0.00%   183 1156s

Cutting planes:
  Learned: 2
  Gomory: 32
  Lift-and-project: 14
  Cover: 1
  Implied bound: 792
  Clique: 1
  MIR: 239
  Mixing: 12
  Flow cover: 2299
  RLT: 120
  Relax-and-lift: 65

Explored 1330 nodes (253399 simplex iterations) in 1160.31 seconds (604.03 work units)
Thread count was 1 (of 52 available processors)

Solution count 10: 3.84569e+06 3.84546e+06 3.84546e+06 ... 3.8301e+06

Optimal solution found (tolerance 0.00e+00)
Best objective 3.845691431722e+06, best bound 3.845691431722e+06, gap 0.0000%

User-callback calls 65594, time in user-callback 3.01 sec

Total CPU time: 1160.31 sec
Termination status: OPTIMAL
Percentage optimality gap: 0.00 %
Number of explored nodes: 1330
Objective value of the returned solution: 3845691.431722
The LP relaxation bound at the root node: 3993629.314973
Optimal facility locations: [1, 2, 4, 5, 6, 8, 9, 10, 11, 12, 13, 15, 18, 19, 20, 21, 23, 26, 27, 28, 30, 31, 33, 35, 36, 37, 38, 39, 40, 44, 45, 46, 48, 49, 50, 51, 53, 55, 57, 59, 60, 62, 65, 68, 69, 70, 71, 72, 73, 74, 78, 81, 84, 86, 89, 93, 96, 97, 99, 101, 102, 104, 105, 107, 109, 110, 111, 112, 113, 114, 117, 118, 119, 120, 121, 122, 126, 127, 129, 130, 131, 134, 135, 138, 141, 142, 144, 145, 146, 147, 148, 149, 151, 152, 154, 155, 156, 157, 158, 159, 162, 163, 164, 166, 167, 168, 171, 175, 177, 178, 181, 184, 186, 187, 189, 192, 193, 194, 195, 198, 199]

@end of file
