Set parameter TimeLimit to value 7200
Setting GBD: A two-stage implementation of the state-of-the-art generalized Benders decomposition (GBD) approach proposed by Lin & Tian (2021).

----------------- start of the first stage -----------------

Iter     Best Incumbent      BestBound     Gap      Time  #VioCuts
1                 0.000    4170090.356   100.0      23.5      9999
2            159518.248    4007689.512    96.0      72.2      9997
3           1310326.357    3682289.219    64.4     445.5      9704
4           1310326.357    3406157.820    61.5    1588.8      7568
5           1310326.357    3302183.956    60.3    1820.4      4239
6           1310326.357    3279068.624    60.0    1882.9      2042
7           1310326.357    3272442.760    60.0    1927.2       901
8           1310326.357    3270560.413    59.9    1965.3       369
9           1310326.357    3269962.305    59.9    2000.5        79
10          1310326.357    3269865.052    59.9    2029.4        42
11          1310326.357    3269791.429    59.9    2057.6        30
12          1310326.357    3269765.470    59.9    2085.4        20
13          1310326.357    3269706.037    59.9    2113.0        17
14          1310326.357    3269675.776    59.9    2140.9         5
15          1310326.357    3269666.250    59.9    2168.5         0

CPU time spent in the first stage: 2680.63 sec
Upper bound returned at the end of the first stage: 3269666.250287
Objective value of the optimal solution or the best incumbent at the end of the first stage: 1310326.356883
Number of cuts added at the end of the first stage for the initialization of the relaxed MILP problem: 11516
Termination status of the first stage: LP Optimal

------------------ end of the first stage ------------------


----------------- start of the second stage ----------------

Gurobi Optimizer version 11.0.1 build v11.0.1rc0 (linux64 - "CentOS Linux 7 (Core)")

CPU model: Intel(R) Xeon(R) Gold 6230R CPU @ 2.10GHz, instruction set [SSE2|AVX|AVX2|AVX512]
Thread count: 52 physical cores, 52 logical processors, using up to 1 threads


Warning: excessive time spent in model updates.
Consider calling update less frequently.

Optimize a model with 21519 rows, 12000 columns and 139497 nonzeros
Model fingerprint: 0x93390436
Variable types: 10000 continuous, 2000 integer (0 binary)
Coefficient statistics:
  Matrix range     [3e-11, 2e+03]
  Objective range  [1e+01, 2e+03]
  Bounds range     [1e+00, 1e+00]
  RHS range        [1e-05, 5e+06]
Warning: Model contains large matrix coefficient range
         Consider reformulating model or setting NumericFocus parameter
         to avoid numerical issues.

Loaded user MIP start with objective 1.31033e+06

Presolve removed 10002 rows and 0 columns
Presolve time: 0.69s
Presolved: 11517 rows, 12000 columns, 105479 nonzeros
Variable types: 10000 continuous, 2000 integer (2000 binary)
Root relaxation presolved: 17011 rows, 12000 columns, 1210609 nonzeros


Root relaxation: objective 3.144052e+06, 1164 iterations, 0.79 seconds (0.63 work units)

    Nodes    |    Current Node    |     Objective Bounds      |     Work
 Expl Unexpl |  Obj  Depth IntInf | Incumbent    BestBd   Gap | It/Node Time

     0     0 3144052.30    0  185 1310326.36 3144052.30   140%     -    3s
H    0     0                    2154361.4769 3144052.30  45.9%     -    4s
     0     0 3036209.99    0  573 2154361.48 3036209.99  40.9%     -   10s
     0     2 3036164.00    0  573 2154361.48 3036164.00  40.9%     -   13s
     1     3 2971740.72    1  830 2154361.48 3036155.81  40.9%  5592   27s
     2     4 2971716.54    1  830 2154361.48 2971716.54  37.9%  5616   41s
     4     6 2931786.20    2  973 2154361.48 2971697.48  37.9%  4406   68s
     5     7 2914771.40    3 1015 2154361.48 2971697.48  37.9%  5433   92s
     6     8 2914680.40    3 1014 2154361.48 2971697.48  37.9%  6187  114s
     7     9 2908528.44    4 1034 2154361.48 2971697.48  37.9%  5710  126s
     8    10 2906057.08    4 1037 2154361.48 2971697.48  37.9%  5427  135s
    10    12 2905778.45    5 1035 2154361.48 2971697.48  37.9%  4621  145s
    27    29 2903693.34   20 1007 2154361.48 2971697.48  37.9%  1745  153s
    28    30 2899945.95   21 1020 2154361.48 2971697.48  37.9%  1728  156s
    31    33 2899642.79   23 1015 2154361.48 2971697.48  37.9%  1605  160s
    53    55 2896622.45   44  975 2154361.48 2971697.48  37.9%   967  165s
    55    57 2892414.61   46  976 2154361.48 2971697.48  37.9%   961  172s
    56    58 2892364.69   46  973 2154361.48 2971697.48  37.9%   970  177s
    58    60 2891134.40   47  972 2154361.48 2971697.48  37.9%   955  181s
    74    76 2889376.72   60  953 2154361.48 2971697.48  37.9%   764  185s
    81    83 2888616.55   66  940 2154361.48 2971697.48  37.9%   706  190s
    86    88 2886635.07   70  933 2154361.48 2971697.48  37.9%   686  195s
   121   123 2882752.11  104  895 2154361.48 2971697.48  37.9%   504  200s
   168   170 2877260.14  146  820 2154361.48 2971697.48  37.9%   377  205s
   216   218 2871869.75  188  731 2154361.48 2971697.48  37.9%   304  210s
   236   238 2857569.54  205  719 2154361.48 2971697.48  37.9%   292  215s
   270   272 2853046.20  235  664 2154361.48 2971697.48  37.9%   268  220s
   353   355 2843388.48  308  529 2154361.48 2971697.48  37.9%   212  225s
   438   440 2834570.69  383  432 2154361.48 2971697.48  37.9%   176  230s
   487   489 2811902.63  424  362 2154361.48 2971697.48  37.9%   170  235s
   573   575 2801458.64  504  251 2154361.48 2971697.48  37.9%   148  240s
   644   646 2781802.67  571  216 2154361.48 2971697.48  37.9%   139  245s
   753   755 2774722.63  679  131 2154361.48 2971697.48  37.9%   121  250s
   828   830 2773107.18  754   63 2154361.48 2971697.48  37.9%   111  255s
   891   893 2886411.21    2 1073 2154361.48 2971678.08  37.9%   122  308s
   893   894 2841978.41  318  573 2154361.48 2971678.08  37.9%   121  430s
H  894   850                    2490340.4835 2882390.87  15.7%   121  521s
   895   850 2779740.83  586 1073 2490340.48 2882390.87  15.7%   121  543s
   896   851 2810629.51  433 1154 2490340.48 2867213.41  15.1%   121  640s
   897   852 2800655.93  514 1137 2490340.48 2854310.25  14.6%   121  705s
   898   852 2775050.76  668 1146 2490340.48 2852751.55  14.6%   121  741s
   899   853 2773282.33  737 1151 2490340.48 2852483.50  14.5%   120  782s
H  899   810                    2588281.6637 2848805.55  10.1%   120  872s
   901   811 2841755.39  319 1138 2588281.66 2845151.86  9.92%   120  922s
   902   812 2844282.19  199 1149 2588281.66 2844282.19  9.89%   120  951s
   903   813 2779322.81  592 1145 2588281.66 2844063.38  9.88%   120 1000s
H  903   772                    2631202.4111 2842232.22  8.02%   120 1094s
   905   773 2775688.55  651 1154 2631202.41 2841079.34  7.98%   120 1125s
   906   774 2840659.74  192 1191 2631202.41 2840659.74  7.96%   120 1150s
   907   774 2798204.41  540 1178 2631202.41 2840565.70  7.96%   119 1198s
   908   775 2772919.86  768 1140 2631202.41 2839321.38  7.91%   119 1275s
   909   776 2839078.57  272 1143 2631202.41 2839078.57  7.90%   119 1336s
   910   776 2838704.28  120 1153 2631202.41 2838704.28  7.89%   119 1399s
   911   777 2838704.28   60 1153 2631202.41 2838704.28  7.89%   119 1404s
   912   778 2798413.69  537 1153 2631202.41 2838704.28  7.89%   119 1517s
   913   780 2837037.13   12 1149 2631202.41 2838602.80  7.88%   243 1568s
   914   781 2836808.04   12 1149 2631202.41 2837034.71  7.82%   248 1606s
   917   783 2836957.17   14 1141 2631202.41 2837004.66  7.82%   248 1612s
   919   784 2836787.84   15 1144 2631202.41 2836971.90  7.82%   248 1616s
   923   787 2836888.67   17 1130 2631202.41 2836971.90  7.82%   247 1620s
   926   789 2836807.29   18 1128 2631202.41 2836971.90  7.82%   248 1625s
   930   792 2836775.42   20 1125 2631202.41 2836971.90  7.82%   247 1630s
   934   794 2836774.58   22 1120 2631202.41 2836971.90  7.82%   247 1635s
   937   796 2836726.45   24 1115 2631202.41 2836971.90  7.82%   247 1640s
   941   799 2836717.37   26 1119 2631202.41 2836971.90  7.82%   247 1645s
   944   801 2836660.68   27 1122 2631202.41 2836971.90  7.82%   247 1650s
   947   803 2836614.59   29 1119 2631202.41 2836971.90  7.82%   247 1655s
   950   805 2836429.94   30 1123 2631202.41 2836971.90  7.82%   247 1660s
   954   808 2836450.21   32 1108 2631202.41 2836971.90  7.82%   247 1665s
   960   812 2836390.69   35 1116 2631202.41 2836971.90  7.82%   246 1670s
   964   814 2836350.81   37 1106 2631202.41 2836971.90  7.82%   246 1675s
   966   816 2836332.69   38 1104 2631202.41 2836971.90  7.82%   246 1681s
   967   816 2835536.22   39 1131 2631202.41 2836971.90  7.82%   249 1694s
   968   817 2835562.79   39 1157 2631202.41 2836971.90  7.82%   252 1710s
   972   820 2835439.20   41 1149 2631202.41 2836971.90  7.82%   252 1716s
   975   822 2835263.79   43 1151 2631202.41 2836971.90  7.82%   251 1720s
   978   824 2835241.31   44 1149 2631202.41 2836971.90  7.82%   251 1725s
   981   826 2835210.70   46 1147 2631202.41 2836971.90  7.82%   251 1731s
   984   828 2835111.96   47 1139 2631202.41 2836971.90  7.82%   252 1736s
   988   830 2835044.16   49 1138 2631202.41 2836971.90  7.82%   251 1742s
   991   832 2835024.83   51 1136 2631202.41 2836971.90  7.82%   251 1745s
   994   834 2834960.48   52 1124 2631202.41 2836971.90  7.82%   251 1750s
   996   836 2834899.77   53 1118 2631202.41 2836971.90  7.82%   251 1755s
  1001   839 2834695.23   56 1110 2631202.41 2836971.90  7.82%   251 1761s
  1005   842 2834690.35   58 1111 2631202.41 2836971.90  7.82%   250 1765s
  1010   845 2834450.60   60 1102 2631202.41 2836971.90  7.82%   250 1770s
  1016   849 2834469.09   63 1106 2631202.41 2836971.90  7.82%   249 1779s
  1017   850 2834475.31   64 1103 2631202.41 2836971.90  7.82%   249 1780s
  1020   852 2834322.53   65 1100 2631202.41 2836971.90  7.82%   249 1786s
  1024   854 2834317.15   67 1105 2631202.41 2836971.90  7.82%   249 1791s
  1027   856 2834371.63   69 1100 2631202.41 2836971.90  7.82%   249 1795s
  1031   859 2834313.93   71 1099 2631202.41 2836971.90  7.82%   249 1800s
  1037   863 2834269.23   74 1096 2631202.41 2836971.90  7.82%   248 1805s
  1040   865 2834215.26   75 1090 2631202.41 2836971.90  7.82%   248 1810s
  1043   867 2834200.98   77 1092 2631202.41 2836971.90  7.82%   248 1815s
  1046   869 2834113.80   78 1089 2631202.41 2836971.90  7.82%   248 1820s
  1049   871 2834191.28   80 1089 2631202.41 2836971.90  7.82%   248 1825s
  1052   873 2833923.86   81 1087 2631202.41 2836971.90  7.82%   248 1831s
  1056   876 2834143.42   83 1085 2631202.41 2836971.90  7.82%   248 1835s
  1060   878 2834001.77   85 1081 2631202.41 2836971.90  7.82%   248 1841s
  1062   880 2833758.16   86 1078 2631202.41 2836971.90  7.82%   248 1846s
  1064   881 2833970.29   87 1080 2631202.41 2836971.90  7.82%   248 1850s
  1068   884 2833901.31   89 1072 2631202.41 2836971.90  7.82%   248 1856s
  1070   885 2833913.12   90 1076 2631202.41 2836971.90  7.82%   248 1860s
  1073   887 2833882.10   92 1068 2631202.41 2836971.90  7.82%   248 1865s
  1076   889 2833832.79   93 1061 2631202.41 2836971.90  7.82%   248 1870s
  1080   892 2833803.20   95 1063 2631202.41 2836971.90  7.82%   248 1875s
  1084   894 2833713.61   97 1052 2631202.41 2836971.90  7.82%   248 1880s
  1089   898 2833655.14  100 1055 2631202.41 2836971.90  7.82%   247 1885s
  1094   901 2833472.74  102 1046 2631202.41 2836971.90  7.82%   247 1891s
  1099   904 2833508.85  105 1038 2631202.41 2836971.90  7.82%   247 1895s
  1104   908 2833461.33  107 1033 2631202.41 2836971.90  7.82%   246 1900s
  1109   911 2833323.59  110 1020 2631202.41 2836971.90  7.82%   246 1905s
  1114   914 2833229.36  112 1027 2631202.41 2836971.90  7.82%   246 1910s
  1119   918 2833334.77  115 1018 2631202.41 2836971.90  7.82%   246 1915s
  1125   922 2833298.53  118 1007 2631202.41 2836971.90  7.82%   245 1920s
  1133   927 2833196.13  122  999 2631202.41 2836971.90  7.82%   244 1925s
  1142   933 2832705.30  126  979 2631202.41 2836971.90  7.82%   243 1930s
  1149   938 2833052.53  130  979 2631202.41 2836971.90  7.82%   242 1935s
  1155   942 2832992.03  133  968 2631202.41 2836971.90  7.82%   242 1942s
  1156   942 2832056.51  133  958 2631202.41 2836971.90  7.82%   243 1948s
  1157   943 2832043.96  134  965 2631202.41 2836971.90  7.82%   244 1954s
  1158   944 2831942.61  134  955 2631202.41 2836971.90  7.82%   245 1959s
  1159   944 2831928.21  135  970 2631202.41 2836971.90  7.82%   245 1960s
  1167   950 2831717.72  139  965 2631202.41 2836971.90  7.82%   244 1965s
  1174   954 2831458.33  142  958 2631202.41 2836971.90  7.82%   244 1971s
  1179   958 2831621.05  145  963 2631202.41 2836971.90  7.82%   243 1975s
  1183   960 2831561.94  147  959 2631202.41 2836971.90  7.82%   243 1980s
  1188   964 2831333.00  149  957 2631202.41 2836971.90  7.82%   243 1985s
  1194   968 2831242.45  152  936 2631202.41 2836971.90  7.82%   243 1990s
  1201   972 2831220.59  156  932 2631202.41 2836971.90  7.82%   242 1995s
  1208   977 2830964.30  159  925 2631202.41 2836971.90  7.82%   242 2000s
  1210   978 2830235.07  160  944 2631202.41 2836971.90  7.82%   242 2007s
  1211   979 2829818.83  161  941 2631202.41 2836971.90  7.82%   243 2011s
  1212   980 2829973.42  161  948 2631202.41 2836971.90  7.82%   244 2015s
  1219   984 2829760.27  165  938 2631202.41 2836971.90  7.82%   243 2020s
  1226   989 2829599.78  168  920 2631202.41 2836971.90  7.82%   243 2025s
  1234   994 2829424.45  172  904 2631202.41 2836971.90  7.82%   242 2030s
  1240   998 2829406.88  175  892 2631202.41 2836971.90  7.82%   241 2035s
  1247  1003 2829434.96  179  906 2631202.41 2836971.90  7.82%   241 2040s
  1256  1009 2829153.40  183  891 2631202.41 2836971.90  7.82%   240 2045s
  1262  1013 2829161.33  186  891 2631202.41 2836971.90  7.82%   240 2050s
  1264  1014 2828643.70  187  906 2631202.41 2836971.90  7.82%   240 2056s
  1267  1016 2828736.66  189  911 2631202.41 2836971.90  7.82%   240 2060s
  1272  1020 2828826.75  191  917 2631202.41 2836971.90  7.82%   240 2065s
  1279  1024 2828755.67  195  910 2631202.41 2836971.90  7.82%   239 2070s
  1285  1028 2828646.81  198  890 2631202.41 2836971.90  7.82%   239 2075s
  1290  1032 2828270.19  200  885 2631202.41 2836971.90  7.82%   238 2081s
  1292  1033 2827858.26  201  899 2631202.41 2836971.90  7.82%   238 2086s
  1296  1036 2828089.75  203  904 2631202.41 2836971.90  7.82%   238 2090s
  1302  1040 2828106.63  206  898 2631202.41 2836971.90  7.82%   238 2095s
  1309  1044 2828094.10  210  892 2631202.41 2836971.90  7.82%   237 2100s
  1316  1049 2828044.84  213  884 2631202.41 2836971.90  7.82%   236 2105s
  1318  1050 2827648.17  214  884 2631202.41 2836971.90  7.82%   236 2110s
  1322  1053 2827579.82  216  879 2631202.41 2836971.90  7.82%   237 2116s
  1330  1058 2827610.06  220  885 2631202.41 2836971.90  7.82%   236 2120s
  1340  1065 2826953.93  225  885 2631202.41 2836971.90  7.82%   234 2125s
  1344  1068 2826933.07  227  871 2631202.41 2836971.90  7.82%   234 2131s
  1346  1069 2826705.62  228  874 2631202.41 2836971.90  7.82%   235 2135s
  1354  1074 2826675.93  232  867 2631202.41 2836971.90  7.82%   234 2140s
  1361  1079 2826702.77  236  864 2631202.41 2836971.90  7.82%   233 2145s
  1367  1083 2826569.14  239  843 2631202.41 2836971.90  7.82%   233 2150s
  1371  1086 2826609.91  241  854 2631202.41 2836971.90  7.82%   233 2155s
  1373  1087 2826163.03  242  863 2631202.41 2836971.90  7.82%   233 2160s
  1377  1090 2826082.20  244  851 2631202.41 2836971.90  7.82%   233 2165s
  1383  1094 2826007.18  247  855 2631202.41 2836971.90  7.82%   233 2170s
  1393  1100 2825723.57  252  839 2631202.41 2836971.90  7.82%   232 2175s
  1398  1104 2825709.65  254  833 2631202.41 2836971.90  7.82%   232 2182s
  1400  1105 2824898.30  255  841 2631202.41 2836971.90  7.82%   232 2186s
  1407  1110 2824794.24  259  845 2631202.41 2836971.90  7.82%   232 2190s
  1416  1116 2824957.36  263  840 2631202.41 2836971.90  7.82%   231 2195s
  1425  1122 2824441.10  268  832 2631202.41 2836971.90  7.82%   231 2202s
  1427  1123 2824013.45  269  824 2631202.41 2836971.90  7.82%   231 2205s
  1432  1126 2823919.49  271  824 2631202.41 2836971.90  7.82%   231 2211s
  1442  1133 2823636.21  276  818 2631202.41 2836971.90  7.82%   230 2215s
  1451  1139 2823653.32  281  810 2631202.41 2836971.90  7.82%   229 2220s
  1455  1142 2823441.48  283  812 2631202.41 2836971.90  7.82%   229 2225s
  1466  1149 2823247.72  288  815 2631202.41 2836971.90  7.82%   228 2230s
  1478  1157 2823113.14  294  805 2631202.41 2836971.90  7.82%   226 2235s
  1482  1160 2822825.59  296  804 2631202.41 2836971.90  7.82%   227 2240s
  1486  1162 2822655.14  298  805 2631202.41 2836971.90  7.82%   226 2245s
  1496  1169 2822698.42  303  802 2631202.41 2836971.90  7.82%   225 2250s
  1506  1176 2822690.24  308  798 2631202.41 2836971.90  7.82%   224 2257s
  1512  1180 2822129.76  311  790 2631202.41 2836971.90  7.82%   224 2260s
  1523  1187 2822278.05  317  765 2631202.41 2836971.90  7.82%   223 2265s
  1533  1194 2822073.08  322  768 2631202.41 2836971.90  7.82%   222 2271s
  1536  1196 2821594.70  323  767 2631202.41 2836971.90  7.82%   222 2275s
  1545  1202 2821619.97  328  761 2631202.41 2836971.90  7.82%   221 2280s
  1555  1208 2821259.64  333  760 2631202.41 2836971.90  7.82%   220 2285s
  1560  1212 2820978.30  335  755 2631202.41 2836971.90  7.82%   220 2290s
  1569  1218 2820898.56  340  744 2631202.41 2836971.90  7.82%   219 2295s
  1576  1222 2820673.54  343  738 2631202.41 2836971.90  7.82%   219 2300s
  1587  1230 2820680.28  349  722 2631202.41 2836971.90  7.82%   218 2307s
  1593  1234 2820576.22  352  710 2631202.41 2836971.90  7.82%   218 2310s
  1604  1241 2820453.99  357  695 2631202.41 2836971.90  7.82%   217 2315s
  1613  1247 2820253.57  362  696 2631202.41 2836971.90  7.82%   217 2320s
  1619  1251 2820352.70  365  693 2631202.41 2836971.90  7.82%   217 2325s
  1626  1256 2820287.02  368  688 2631202.41 2836971.90  7.82%   216 2330s
  1638  1264 2820119.43  374  686 2631202.41 2836971.90  7.82%   215 2335s
  1641  1266 2820326.39  376  695 2631202.41 2836971.90  7.82%   215 2340s
  1646  1269 2819442.45  378  690 2631202.41 2836971.90  7.82%   216 2345s
  1658  1277 2819872.24  384  695 2631202.41 2836971.90  7.82%   214 2350s
  1668  1284 2819591.54  389  684 2631202.41 2836971.90  7.82%   213 2356s
  1674  1288 2819475.58  392  686 2631202.41 2836971.90  7.82%   213 2360s
  1685  1295 2819545.50  398  663 2631202.41 2836971.90  7.82%   212 2365s
  1694  1301 2819366.12  402  662 2631202.41 2836971.90  7.82%   212 2370s
  1700  1305 2819246.36  405  653 2631202.41 2836971.90  7.82%   211 2375s
  1710  1312 2819273.81  410  656 2631202.41 2836971.90  7.82%   211 2380s
  1720  1318 2818973.92  415  643 2631202.41 2836971.90  7.82%   210 2385s
  1724  1321 2818851.06  417  654 2631202.41 2836971.90  7.82%   210 2390s
  1735  1328 2818857.83  423  638 2631202.41 2836971.90  7.82%   209 2395s
  1744  1334 2818380.45  427  629 2631202.41 2836971.90  7.82%   209 2402s
  1749  1338 2818828.21  430  631 2631202.41 2836971.90  7.82%   208 2406s
  1759  1344 2818779.79  435  621 2631202.41 2836971.90  7.82%   207 2410s
  1770  1352 2818475.97  440  615 2631202.41 2836971.90  7.82%   206 2415s
  1777  1356 2818350.51  444  606 2631202.41 2836971.90  7.82%   206 2420s
  1785  1362 2818268.87  448  607 2631202.41 2836971.90  7.82%   206 2425s
  1796  1369 2817435.68  453  602 2631202.41 2836971.90  7.82%   205 2431s
  1803  1374 2818128.62  457  595 2631202.41 2836971.90  7.82%   204 2436s
  1812  1380 2817457.22  461  588 2631202.41 2836971.90  7.82%   204 2440s
  1825  1388 2817606.01  468  578 2631202.41 2836971.90  7.82%   203 2445s
  1832  1393 2817393.86  471  571 2631202.41 2836971.90  7.82%   202 2450s
  1844  1401 2817249.43  477  569 2631202.41 2836971.90  7.82%   201 2455s
  1856  1409 2817054.04  483  565 2631202.41 2836971.90  7.82%   200 2460s
  1864  1414 2816857.40  487  555 2631202.41 2836971.90  7.82%   200 2465s
  1876  1422 2816469.27  493  553 2631202.41 2836971.90  7.82%   199 2470s
  1884  1428 2816401.60  497  550 2631202.41 2836971.90  7.82%   199 2475s
  1894  1434 2816237.11  502  536 2631202.41 2836971.90  7.82%   198 2480s
  1903  1440 2816312.66  507  535 2631202.41 2836971.90  7.82%   198 2486s
  1906  1442 2816142.60  508  530 2631202.41 2836971.90  7.82%   198 2490s
H 1911  1405                    2706610.8400 2836971.90  4.82%   197 2493s
  1915  1409 2816166.07  513  532 2706610.84 2836971.90  4.82%   197 2495s
  1926  1417 2816007.80  518  534 2706610.84 2836971.90  4.82%   196 2500s
  1938  1425 2815370.23  524  532 2706610.84 2836971.90  4.82%   196 2506s
  1946  1430 2815441.99  528  523 2706610.84 2836971.90  4.82%   195 2510s
  1956  1437 2815506.49  533  516 2706610.84 2836971.90  4.82%   194 2515s
  1965  1443 2815526.52  538  520 2706610.84 2836971.90  4.82%   194 2520s
  1976  1450 2815211.52  543  514 2706610.84 2836971.90  4.82%   193 2525s
  1989  1459 2814864.51  550  514 2706610.84 2836971.90  4.82%   193 2530s
  1996  1463 2814419.73  553  509 2706610.84 2836971.90  4.82%   192 2535s
  2008  1471 2814122.70  559  503 2706610.84 2836971.90  4.82%   192 2540s
  2019  1479 2814522.66  565  493 2706610.84 2836971.90  4.82%   191 2546s
  2025  1483 2814339.09  568  487 2706610.84 2836971.90  4.82%   191 2550s
  2037  1491 2814216.57  574  487 2706610.84 2836971.90  4.82%   190 2555s
  2046  1497 2813385.01  578  482 2706610.84 2836971.90  4.82%   190 2560s
  2056  1503 2813752.69  583  472 2706610.84 2836971.90  4.82%   189 2565s
  2069  1512 2813823.39  590  470 2706610.84 2836971.90  4.82%   188 2570s
  2077  1517 2813759.17  594  469 2706610.84 2836971.90  4.82%   188 2575s
  2089  1525 2813753.12  600  465 2706610.84 2836971.90  4.82%   187 2580s
  2100  1533 2813348.09  605  450 2706610.84 2836971.90  4.82%   186 2585s
  2110  1539 2813253.62  610  454 2706610.84 2836971.90  4.82%   186 2590s
  2123  1548 2813200.74  617  442 2706610.84 2836971.90  4.82%   185 2595s
H 2127  1512                    2751260.2130 2836971.90  3.12%   185 2598s
  2131  1516 2813088.01  621  444 2751260.21 2836971.90  3.12%   184 2600s
  2144  1525 2812649.66  627  435 2751260.21 2836971.90  3.12%   184 2605s
  2154  1532 2812766.07  632  439 2751260.21 2836971.90  3.12%   183 2610s
  2164  1538 2812542.30  637  425 2751260.21 2836971.90  3.12%   183 2615s
  2176  1546 2812432.13  643  405 2751260.21 2836971.90  3.12%   182 2620s
  2185  1552 2812383.45  648  383 2751260.21 2836971.90  3.12%   181 2625s
  2199  1562 2812101.90  655  370 2751260.21 2836971.90  3.12%   181 2630s
  2209  1568 2811743.59  660  359 2751260.21 2836971.90  3.12%   180 2635s
  2221  1576 2811576.09  666  352 2751260.21 2836971.90  3.12%   179 2640s
  2235  1586 2811602.15  673  356 2751260.21 2836971.90  3.12%   179 2646s
  2244  1592 2811287.13  677  353 2751260.21 2836971.90  3.12%   178 2650s
  2257  1600 2811306.31  684  352 2751260.21 2836971.90  3.12%   177 2655s
  2266  1606 2811047.40  688  342 2751260.21 2836971.90  3.12%   177 2660s
  2281  1616 2811129.28  696  337 2751260.21 2836971.90  3.12%   176 2665s
  2290  1622 2810477.64  700  333 2751260.21 2836971.90  3.12%   176 2670s
  2302  1630 2810018.60  706  342 2751260.21 2836971.90  3.12%   176 2675s
  2316  1640 2810102.39  713  322 2751260.21 2836971.90  3.12%   175 2681s
  2325  1646 2809850.64  718  321 2751260.21 2836971.90  3.12%   174 2685s
  2340  1656 2809637.06  725  316 2751260.21 2836971.90  3.12%   173 2690s
  2349  1662 2809408.45  730  305 2751260.21 2836971.90  3.12%   173 2695s
  2364  1672 2809247.87  737  297 2751260.21 2836971.90  3.12%   172 2700s
  2373  1678 2809128.57  742  293 2751260.21 2836971.90  3.12%   172 2705s
  2387  1687 2808988.80  749  271 2751260.21 2836971.90  3.12%   171 2710s
  2397  1694 2808978.07  754  265 2751260.21 2836971.90  3.12%   170 2715s
  2409  1702 2808842.18  760  258 2751260.21 2836971.90  3.12%   170 2720s
  2423  1711 2808672.76  767  240 2751260.21 2836971.90  3.12%   169 2725s
  2432  1717 2808235.82  771  241 2751260.21 2836971.90  3.12%   169 2730s
  2446  1726 2808036.50  778  224 2751260.21 2836971.90  3.12%   168 2735s
  2460  1736 2807955.25  785  221 2751260.21 2836971.90  3.12%   168 2740s
  2473  1744 2808048.49  792  188 2751260.21 2836971.90  3.12%   167 2745s
  2484  1752 2807661.92  797  181 2751260.21 2836971.90  3.12%   166 2750s
  2500  1762 2807296.28  805  174 2751260.21 2836971.90  3.12%   166 2755s
  2511  1770 2806707.44  811  165 2751260.21 2836971.90  3.12%   165 2760s
  2526  1780 2806192.84  818  157 2751260.21 2836971.90  3.12%   164 2765s
  2541  1790 2805875.10  826  149 2751260.21 2836971.90  3.12%   164 2770s
  2556  1800 2805513.06  833  147 2751260.21 2836971.90  3.12%   163 2775s
  2567  1807 2804008.79  839  154 2751260.21 2836971.90  3.12%   163 2780s
  2580  1816 2803638.76  845  147 2751260.21 2836971.90  3.12%   162 2785s
  2590  1822 2802400.76  850  139 2751260.21 2836971.90  3.12%   162 2790s
  2604  1832 2801895.55  857  121 2751260.21 2836971.90  3.12%   161 2795s
  2616  1840 2801388.88  863  121 2751260.21 2836971.90  3.12%   161 2800s
  2628  1848 2801206.59  869  115 2751260.21 2836971.90  3.12%   160 2805s
  2641  1856 2800999.22  876  109 2751260.21 2836971.90  3.12%   159 2810s
  2655  1866 2800842.59  883  106 2751260.21 2836971.90  3.12%   159 2815s
H 2667  1836                    2795037.4949 2836971.90  1.50%   158 2819s
  2668  1838 2800318.92  889   91 2795037.49 2836971.90  1.50%   158 2820s
  2680  1846 2800513.22  895   91 2795037.49 2836971.90  1.50%   158 2825s
  2698  1858 2799873.72  904   84 2795037.49 2836971.90  1.50%   157 2830s
  2718  1872 2799591.62  914   73 2795037.49 2836971.90  1.50%   156 2835s
  2733  1882 2798335.27  922   69 2795037.49 2836971.90  1.50%   155 2840s
  2757  1898 2797914.19  934   63 2795037.49 2836971.90  1.50%   154 2845s
  2776  1910 2797675.19  943   45 2795037.49 2836971.90  1.50%   153 2850s
  2784  1916 2797406.56  947   39 2795037.49 2836971.90  1.50%   153 2856s
  2802  1928 2797317.54  956   17 2795037.49 2836971.90  1.50%   152 2860s
  2810  1933 2797480.13  960   15 2795037.49 2836971.90  1.50%   152 2871s
* 2823  1864             967    2797519.1028 2836971.90  1.41%   151 2873s
  2837  1852 2834081.98   14 1184 2797519.10 2836971.90  1.41%   153 3070s
  2838  1853 2832372.90   15 1206 2797519.10 2836971.90  1.41%   156 3123s
  2839  1854 2832215.73   15 1206 2797519.10 2836971.90  1.41%   158 3177s
  2842  1857 2832357.18   17 1201 2797519.10 2836971.90  1.41%   158 3181s
  2843  1858 2832160.34   17 1201 2797519.10 2836971.90  1.41%   158 3185s
  2846  1861 2832320.96   19 1201 2797519.10 2836971.90  1.41%   159 3191s
  2848  1863 2832115.97   20 1187 2797519.10 2836971.90  1.41%   159 3196s
  2851  1866 2832089.48   21 1189 2797519.10 2836971.90  1.41%   159 3200s
  2856  1871 2832051.24   24 1188 2797519.10 2836971.90  1.41%   159 3206s
  2859  1874 2831920.20   25 1185 2797519.10 2836971.90  1.41%   159 3211s
  2863  1878 2831924.90   27 1168 2797519.10 2836971.90  1.41%   158 3224s
  2864  1879 2831915.05   28 1164 2797519.10 2836971.90  1.41%   158 3226s
  2868  1883 2831764.53   30 1158 2797519.10 2836971.90  1.41%   158 3230s
  2872  1887 2831621.05   32 1157 2797519.10 2836971.90  1.41%   159 3237s
  2874  1889 2831776.69   33 1159 2797519.10 2836971.90  1.41%   158 3240s
  2878  1893 2831721.00   35 1150 2797519.10 2836971.90  1.41%   158 3245s
  2881  1896 2831602.65   36 1146 2797519.10 2836971.90  1.41%   159 3251s
  2883  1898 2831561.82   37 1135 2797519.10 2836971.90  1.41%   159 3255s
  2886  1901 2831417.56   39 1134 2797519.10 2836971.90  1.41%   159 3261s
  2888  1903 2831354.41   40 1130 2797519.10 2836971.90  1.41%   159 3265s
  2889  1904 2831234.68   40 1106 2797519.10 2836971.90  1.41%   159 3284s
  2890  1905 2831172.19   41 1109 2797519.10 2836971.90  1.41%   159 3288s
  2891  1906 2831093.51   41 1103 2797519.10 2836971.90  1.41%   159 3293s
  2892  1907 2831074.28   42 1102 2797519.10 2836971.90  1.41%   159 3295s
  2895  1910 2830985.05   43 1097 2797519.10 2836971.90  1.41%   159 3302s
  2897  1912 2830931.47   44 1100 2797519.10 2836971.90  1.41%   159 3305s
  2900  1915 2830897.62   46 1099 2797519.10 2836971.90  1.41%   159 3310s
  2902  1917 2830790.93   47 1098 2797519.10 2836971.90  1.41%   159 3316s
  2905  1920 2830789.63   48 1092 2797519.10 2836971.90  1.41%   159 3321s
  2908  1923 2830769.44   50 1092 2797519.10 2836971.90  1.41%   159 3325s
  2910  1925 2830767.62   51 1084 2797519.10 2836971.90  1.41%   159 3330s
  2915  1930 2830636.70   53 1072 2797519.10 2836971.90  1.41%   159 3348s
  2916  1931 2830578.05   54 1055 2797519.10 2836971.90  1.41%   160 3352s
  2917  1932 2830596.13   54 1055 2797519.10 2836971.90  1.41%   160 3356s
  2920  1935 2830545.11   56 1044 2797519.10 2836971.90  1.41%   160 3361s
  2923  1938 2830458.55   57 1032 2797519.10 2836971.90  1.41%   160 3365s
  2925  1940 2830423.28   58 1029 2797519.10 2836971.90  1.41%   160 3371s
  2927  1942 2830294.99   59 1031 2797519.10 2836971.90  1.41%   160 3375s
  2931  1946 2830202.61   61 1034 2797519.10 2836971.90  1.41%   160 3382s
  2932  1947 2830056.08   62 1027 2797519.10 2836971.90  1.41%   160 3385s
  2935  1950 2830335.16   63 1022 2797519.10 2836971.90  1.41%   160 3390s
  2939  1954 2830237.08   65 1023 2797519.10 2836971.90  1.41%   160 3395s
  2941  1956 2830220.75   66 1021 2797519.10 2836971.90  1.41%   160 3411s
  2942  1957 2830207.79   67 1028 2797519.10 2836971.90  1.41%   160 3415s
  2943  1958 2830132.84   67 1024 2797519.10 2836971.90  1.41%   161 3421s
  2947  1962 2830057.06   69 1010 2797519.10 2836971.90  1.41%   161 3425s
  2951  1966 2830043.66   71 1010 2797519.10 2836971.90  1.41%   161 3430s
  2953  1968 2829954.47   72 1006 2797519.10 2836971.90  1.41%   161 3435s
  2958  1973 2829918.94   75 1008 2797519.10 2836971.90  1.41%   161 3440s
  2963  1978 2829758.52   77 1001 2797519.10 2836971.90  1.41%   161 3446s
  2965  1980 2829760.20   78 1003 2797519.10 2836971.90  1.41%   161 3451s
  2967  1982 2829779.98   79 1000 2797519.10 2836971.90  1.41%   161 3455s
  2969  1984 2829827.31   80 1006 2797519.10 2836971.90  1.41%   161 3460s
  2972  1987 2829624.14   82 1004 2797519.10 2836971.90  1.41%   161 3467s
  2976  1991 2829699.99   84 1001 2797519.10 2836971.90  1.41%   161 3470s
  2981  1996 2829641.40   86  985 2797519.10 2836971.90  1.41%   161 3475s
  2983  1998 2829462.30   87  977 2797519.10 2836971.90  1.41%   161 3480s
  2987  2002 2829450.82   89  976 2797519.10 2836971.90  1.41%   161 3486s
  2992  2007 2829557.69   92  965 2797519.10 2836971.90  1.41%   161 3490s
  2996  2011 2829541.12   94  962 2797519.10 2836971.90  1.41%   161 3495s
  2999  2014 2829384.71   95  961 2797519.10 2836971.90  1.41%   161 3518s
  3000  2015 2828615.01   96  975 2797519.10 2836971.90  1.41%   162 3538s
  3001  2016 2828375.06   96  970 2797519.10 2836971.90  1.41%   163 3551s
  3004  2019 2828371.96   98  970 2797519.10 2836971.90  1.41%   163 3555s
  3010  2025 2828165.92  101  963 2797519.10 2836971.90  1.41%   163 3560s
  3012  2027 2828048.24  102  959 2797519.10 2836971.90  1.41%   163 3565s
  3019  2034 2828120.23  105  954 2797519.10 2836971.90  1.41%   163 3570s
  3023  2038 2827823.41  107  949 2797519.10 2836971.90  1.41%   163 3575s
  3026  2041 2827833.96  109  948 2797519.10 2836971.90  1.41%   163 3597s
  3027  2042 2827911.45  109  953 2797519.10 2836971.90  1.41%   163 3602s
  3030  2045 2827856.69  111  940 2797519.10 2836971.90  1.41%   163 3605s
  3035  2050 2827669.43  113  933 2797519.10 2836971.90  1.41%   163 3610s
  3039  2054 2827631.80  115  936 2797519.10 2836971.90  1.41%   163 3615s
  3046  2061 2827452.86  119  926 2797519.10 2836971.90  1.41%   163 3620s
  3052  2067 2827391.21  122  907 2797519.10 2836971.90  1.41%   163 3625s
  3053  2068 2827185.62  122  919 2797519.10 2836971.90  1.41%   163 3649s
  3054  2069 2827088.29  123  906 2797519.10 2836971.90  1.41%   163 3652s
  3055  2070 2827029.37  123  908 2797519.10 2836971.90  1.41%   163 3655s
  3062  2077 2827016.66  127  898 2797519.10 2836971.90  1.41%   163 3660s
  3067  2082 2826463.91  129  893 2797519.10 2836971.90  1.41%   163 3666s
  3074  2089 2826918.45  133  883 2797519.10 2836971.90  1.41%   163 3670s
  3080  2095 2826603.89  136  884 2797519.10 2836971.90  1.41%   163 3681s
  3084  2099 2826502.33  138  889 2797519.10 2836971.90  1.41%   163 3685s
  3091  2106 2826327.36  141  888 2797519.10 2836971.90  1.41%   163 3690s
  3098  2113 2826177.45  145  880 2797519.10 2836971.90  1.41%   163 3695s
  3104  2119 2826109.90  148  876 2797519.10 2836971.90  1.41%   163 3700s
  3107  2122 2825986.71  149  871 2797519.10 2836971.90  1.41%   163 3709s
  3108  2123 2825802.60  150  874 2797519.10 2836971.90  1.41%   163 3711s
  3111  2126 2825708.99  151  871 2797519.10 2836971.90  1.41%   163 3715s
  3119  2134 2825437.68  155  868 2797519.10 2836971.90  1.41%   163 3720s
  3125  2140 2825365.74  158  858 2797519.10 2836971.90  1.41%   163 3725s
  3132  2147 2825382.89  162  855 2797519.10 2836971.90  1.41%   163 3730s
  3134  2149 2825367.53  163  857 2797519.10 2836971.90  1.41%   163 3737s
  3137  2152 2825133.14  164  853 2797519.10 2836971.90  1.41%   163 3740s
  3143  2158 2825029.54  167  845 2797519.10 2836971.90  1.41%   163 3745s
  3149  2164 2824818.00  170  831 2797519.10 2836971.90  1.41%   163 3750s
  3154  2169 2824719.89  173  830 2797519.10 2836971.90  1.41%   163 3780s
  3158  2173 2824558.61  175  832 2797519.10 2836971.90  1.41%   163 3785s
  3162  2177 2824543.91  177  821 2797519.10 2836971.90  1.41%   163 3790s
  3169  2184 2824260.77  180  810 2797519.10 2836971.90  1.41%   163 3795s
  3177  2192 2824235.20  184  817 2797519.10 2836971.90  1.41%   163 3800s
  3185  2200 2823945.31  188  807 2797519.10 2836971.90  1.41%   163 3805s
  3188  2203 2824171.76  190  799 2797519.10 2836971.90  1.41%   163 3823s
  3189  2204 2823874.25  190  799 2797519.10 2836971.90  1.41%   163 3825s
  3197  2212 2823817.93  194  797 2797519.10 2836971.90  1.41%   163 3830s
  3206  2221 2823519.04  199  797 2797519.10 2836971.90  1.41%   163 3835s
  3215  2230 2823427.05  203  798 2797519.10 2836971.90  1.41%   163 3851s
  3220  2235 2823193.37  206  790 2797519.10 2836971.90  1.41%   163 3855s
  3228  2243 2822982.81  210  776 2797519.10 2836971.90  1.41%   163 3860s
  3236  2251 2822849.58  214  773 2797519.10 2836971.90  1.41%   162 3865s
  3242  2257 2822814.22  217  770 2797519.10 2836971.90  1.41%   162 3883s
  3243  2258 2822433.34  217  761 2797519.10 2836971.90  1.41%   162 3885s
  3252  2267 2822621.29  222  763 2797519.10 2836971.90  1.41%   162 3890s
  3262  2277 2822458.78  227  766 2797519.10 2836971.90  1.41%   162 3895s
  3269  2284 2822382.03  230  757 2797519.10 2836971.90  1.41%   162 3919s
  3270  2285 2822217.53  231  759 2797519.10 2836971.90  1.41%   162 3921s
  3277  2292 2822102.43  234  744 2797519.10 2836971.90  1.41%   162 3925s
  3286  2301 2821928.23  239  733 2797519.10 2836971.90  1.41%   162 3930s
  3295  2310 2821571.91  243  718 2797519.10 2836971.90  1.41%   161 3935s
  3296  2311 2821694.22  244  720 2797519.10 2836971.90  1.41%   161 3959s
  3297  2312 2821353.75  244  722 2797519.10 2836971.90  1.41%   161 3960s
  3304  2319 2821562.00  248  719 2797519.10 2836971.90  1.41%   161 3965s
  3311  2326 2821495.51  251  720 2797519.10 2836971.90  1.41%   161 3970s
  3320  2335 2821389.17  256  708 2797519.10 2836971.90  1.41%   161 3975s
  3323  2338 2821228.87  257  700 2797519.10 2836971.90  1.41%   161 3996s
  3328  2343 2821216.17  260  704 2797519.10 2836971.90  1.41%   161 4000s
  3338  2353 2821061.41  265  704 2797519.10 2836971.90  1.41%   161 4005s
  3347  2362 2820925.95  269  699 2797519.10 2836971.90  1.41%   161 4010s
  3350  2365 2820893.42  271  696 2797519.10 2836971.90  1.41%   161 4028s
  3351  2366 2820584.48  271  689 2797519.10 2836971.90  1.41%   161 4030s
  3361  2376 2820466.30  276  680 2797519.10 2836971.90  1.41%   160 4035s
  3371  2386 2820278.32  281  682 2797519.10 2836971.90  1.41%   160 4040s
  3377  2392 2820317.38  284  675 2797519.10 2836971.90  1.41%   160 4067s
  3381  2396 2820128.18  286  671 2797519.10 2836971.90  1.41%   160 4070s
  3391  2406 2819888.57  291  672 2797519.10 2836971.90  1.41%   160 4075s
  3401  2416 2819977.98  296  657 2797519.10 2836971.90  1.41%   160 4080s
  3411  2426 2819815.33  301  647 2797519.10 2836971.90  1.41%   159 4085s
  3421  2436 2819683.83  306  640 2797519.10 2836971.90  1.41%   159 4090s
  3431  2446 2819484.91  311  626 2797519.10 2836971.90  1.41%   159 4095s
  3440  2455 2819481.23  316  623 2797519.10 2836971.90  1.41%   159 4100s
  3450  2465 2819370.10  321  611 2797519.10 2836971.90  1.41%   159 4105s
  3458  2473 2819061.51  325  598 2797519.10 2836971.90  1.41%   159 4110s
  3469  2484 2818862.04  330  582 2797519.10 2836971.90  1.41%   158 4115s
  3480  2495 2818955.26  336  579 2797519.10 2836971.90  1.41%   158 4120s
  3491  2506 2818743.96  341  574 2797519.10 2836971.90  1.41%   158 4125s
  3501  2516 2818562.89  346  553 2797519.10 2836971.90  1.41%   158 4130s
  3510  2525 2818635.49  351  550 2797519.10 2836971.90  1.41%   157 4135s
  3521  2536 2818297.99  356  538 2797519.10 2836971.90  1.41%   157 4140s
  3531  2546 2818399.55  361  530 2797519.10 2836971.90  1.41%   157 4145s
  3541  2556 2818326.97  366  534 2797519.10 2836971.90  1.41%   157 4150s
  3552  2567 2818285.06  372  524 2797519.10 2836971.90  1.41%   156 4155s
  3563  2578 2817749.25  377  512 2797519.10 2836971.90  1.41%   156 4160s
  3572  2587 2817822.04  382  530 2797519.10 2836971.90  1.41%   156 4165s
  3580  2595 2817710.74  386  531 2797519.10 2836971.90  1.41%   156 4170s
  3592  2607 2817592.28  392  533 2797519.10 2836971.90  1.41%   156 4175s
  3604  2619 2817490.64  398  505 2797519.10 2836971.90  1.41%   155 4180s
  3616  2631 2817199.47  404  489 2797519.10 2836971.90  1.41%   155 4185s
  3627  2642 2816981.14  409  490 2797519.10 2836971.90  1.41%   155 4190s
  3639  2654 2816930.13  415  477 2797519.10 2836971.90  1.41%   155 4195s
  3649  2664 2816605.04  420  468 2797519.10 2836971.90  1.41%   154 4200s
  3660  2675 2816470.57  426  461 2797519.10 2836971.90  1.41%   154 4205s
  3671  2686 2816181.10  431  454 2797519.10 2836971.90  1.41%   154 4210s
  3682  2697 2816217.48  437  453 2797519.10 2836971.90  1.41%   154 4215s
  3694  2709 2816163.86  443  441 2797519.10 2836971.90  1.41%   153 4220s
  3706  2721 2815668.67  449  434 2797519.10 2836971.90  1.41%   153 4225s
  3719  2734 2815318.78  455  426 2797519.10 2836971.90  1.41%   153 4230s
  3732  2747 2815497.69  462  416 2797519.10 2836971.90  1.41%   152 4235s
  3744  2759 2815329.65  468  411 2797519.10 2836971.90  1.41%   152 4240s
  3757  2772 2815107.74  474  409 2797519.10 2836971.90  1.41%   152 4245s
  3769  2784 2814935.43  480  385 2797519.10 2836971.90  1.41%   151 4250s
  3782  2797 2814589.64  487  374 2797519.10 2836971.90  1.41%   151 4255s
  3795  2810 2814075.12  493  366 2797519.10 2836971.90  1.41%   151 4260s
  3808  2823 2814071.42  500  363 2797519.10 2836971.90  1.41%   150 4265s
  3821  2836 2813732.33  506  348 2797519.10 2836971.90  1.41%   150 4270s
  3824  2839 2814022.31  508  345 2797519.10 2836971.90  1.41%   150 4275s
  3840  2855 2814004.74  516  339 2797519.10 2836971.90  1.41%   149 4280s
  3861  2876 2813766.60  526  328 2797519.10 2836971.90  1.41%   149 4285s
  3880  2895 2813679.36  536  341 2797519.10 2836971.90  1.41%   148 4290s
  3903  2918 2812914.20  547  321 2797519.10 2836971.90  1.41%   148 4295s
  3928  2943 2813266.85  560  307 2797519.10 2836971.90  1.41%   147 4300s
  3952  2967 2813014.29  572  288 2797519.10 2836971.90  1.41%   146 4305s
  3977  2992 2812524.51  584  265 2797519.10 2836971.90  1.41%   145 4310s
  4002  3017 2812754.65  597  229 2797519.10 2836971.90  1.41%   145 4315s
  4026  3041 2812443.62  609  176 2797519.10 2836971.90  1.41%   144 4320s
  4053  3068 2811521.17  622  159 2797519.10 2836971.90  1.41%   143 4325s
  4077  3092 2812224.94  634  116 2797519.10 2836971.90  1.41%   143 4330s
  4100  3115 2812278.82  646   87 2797519.10 2836971.90  1.41%   142 4335s
  4126  3141 2812178.75  659   62 2797519.10 2836971.90  1.41%   141 4340s
  4151  3166 2812009.70  671   42 2797519.10 2836971.90  1.41%   141 4345s
  4175  3190 2812038.42  683   29 2797519.10 2836971.90  1.41%   140 4350s
  4192  3207 2812157.76  692   12 2797519.10 2836971.90  1.41%   140 4356s
  4209  3224 2810303.89  700   49 2797519.10 2836971.90  1.41%   140 4360s
  4236  3251 2810354.64  714    8 2797519.10 2836971.90  1.41%   139 4365s
* 4248  2874             720    2808888.2748 2836971.90  1.00%   139 4368s
  4262  2862 2831453.62   14 1217 2808888.27 2836883.00  1.00%   141 4458s
  4264  2864 2831289.87   15 1211 2808888.27 2836883.00  1.00%   141 4461s
  4265  2865 2831256.70   16 1196 2808888.27 2836883.00  1.00%   142 4467s
  4268  2868 2831428.19   17 1213 2808888.27 2836883.00  1.00%   142 4471s
  4272  2872 2831384.42   19 1200 2808888.27 2836883.00  1.00%   142 4475s
  4276  2876 2831348.74   21 1196 2808888.27 2836883.00  1.00%   142 4480s
  4278  2878 2831125.16   22 1164 2808888.27 2836883.00  1.00%   142 4485s
  4281  2881 2831202.93   24 1184 2808888.27 2836883.00  1.00%   142 4491s
  4284  2884 2831152.97   25 1187 2808888.27 2836883.00  1.00%   142 4495s
  4286  2886 2831185.63   26 1183 2808888.27 2836883.00  1.00%   142 4500s
  4290  2890 2830962.10   28 1170 2808888.27 2836883.00  1.00%   142 4506s
  4293  2893 2831087.18   30 1171 2808888.27 2836883.00  1.00%   142 4510s
  4296  2896 2830902.74   31 1168 2808888.27 2836883.00  1.00%   142 4516s
  4301  2901 2830944.26   34 1156 2808888.27 2836883.00  1.00%   142 4521s
  4303  2903 2830847.62   35 1153 2808888.27 2836883.00  1.00%   142 4525s
  4307  2907 2830916.59   37 1150 2808888.27 2836883.00  1.00%   142 4530s
  4311  2911 2830754.41   39 1143 2808888.27 2836883.00  1.00%   142 4536s
  4313  2913 2830713.34   40 1144 2808888.27 2836883.00  1.00%   142 4540s
  4316  2916 2830618.04   41 1129 2808888.27 2836883.00  1.00%   142 4545s
  4319  2919 2830559.09   43 1128 2808888.27 2836883.00  1.00%   142 4550s
  4322  2922 2830423.82   44 1121 2808888.27 2836883.00  1.00%   142 4555s
  4325  2925 2830461.96   46 1113 2808888.27 2836883.00  1.00%   142 4560s
  4328  2928 2830318.26   47 1099 2808888.27 2836883.00  1.00%   142 4565s
  4334  2934 2830354.89   50 1101 2808888.27 2836883.00  1.00%   142 4570s
  4335  2935 2830199.91   51 1099 2808888.27 2836883.00  1.00%   142 4575s
  4338  2938 2830178.22   52 1099 2808888.27 2836883.00  1.00%   142 4581s
  4342  2942 2830084.50   54 1096 2808888.27 2836883.00  1.00%   142 4585s
  4345  2945 2829991.42   56 1101 2808888.27 2836883.00  1.00%   142 4590s
  4349  2949 2829914.73   58 1103 2808888.27 2836883.00  1.00%   143 4595s
  4351  2951 2829815.50   59 1106 2808888.27 2836883.00  1.00%   143 4601s
  4355  2955 2829705.26   61 1090 2808888.27 2836883.00  1.00%   143 4606s
  4357  2957 2829729.78   62 1088 2808888.27 2836883.00  1.00%   143 4610s
  4360  2960 2829556.58   63 1082 2808888.27 2836883.00  1.00%   143 4615s
  4364  2964 2829628.60   65 1081 2808888.27 2836883.00  1.00%   143 4621s
  4369  2969 2829470.88   68 1078 2808888.27 2836883.00  1.00%   143 4626s
  4372  2972 2829140.52   69 1076 2808888.27 2836883.00  1.00%   143 4632s
  4374  2974 2829353.47   70 1070 2808888.27 2836883.00  1.00%   143 4635s
  4381  2981 2829354.33   74 1058 2808888.27 2836883.00  1.00%   143 4640s
  4386  2986 2829209.81   76 1046 2808888.27 2836883.00  1.00%   143 4645s
  4390  2990 2829111.95   78 1042 2808888.27 2836883.00  1.00%   143 4651s
  4394  2994 2828744.27   80 1030 2808888.27 2836883.00  1.00%   143 4656s
  4399  2999 2828958.38   83 1019 2808888.27 2836883.00  1.00%   143 4660s
  4402  3002 2828769.91   84 1022 2808888.27 2836883.00  1.00%   143 4665s
  4405  3005 2828825.74   86 1007 2808888.27 2836883.00  1.00%   143 4670s
  4412  3012 2828733.48   89  997 2808888.27 2836883.00  1.00%   143 4675s
  4416  3016 2828449.72   91 1007 2808888.27 2836883.00  1.00%   143 4680s
  4420  3020 2828552.60   93  988 2808888.27 2836883.00  1.00%   143 4685s
  4426  3026 2828342.53   96  980 2808888.27 2836883.00  1.00%   143 4690s
  4432  3032 2827864.75   99  976 2808888.27 2836883.00  1.00%   143 4696s
  4438  3038 2828148.01  102  974 2808888.27 2836883.00  1.00%   143 4700s
  4443  3043 2828015.92  105  977 2808888.27 2836883.00  1.00%   143 4705s
  4448  3048 2827739.48  107  968 2808888.27 2836883.00  1.00%   143 4711s
  4454  3054 2827746.09  110  968 2808888.27 2836883.00  1.00%   143 4716s
  4460  3060 2827523.93  113  965 2808888.27 2836883.00  1.00%   143 4720s
  4465  3065 2827559.31  116  962 2808888.27 2836883.00  1.00%   143 4725s
  4468  3068 2827468.59  117  963 2808888.27 2836883.00  1.00%   143 4730s
  4474  3074 2827299.77  120  957 2808888.27 2836883.00  1.00%   143 4735s
  4478  3078 2827210.50  122  957 2808888.27 2836883.00  1.00%   143 4740s
  4485  3085 2827241.07  126  954 2808888.27 2836883.00  1.00%   143 4745s
  4491  3091 2826835.54  129  952 2808888.27 2836883.00  1.00%   143 4750s
  4498  3098 2826501.24  132  935 2808888.27 2836883.00  1.00%   143 4755s
  4502  3102 2826469.83  134  930 2808888.27 2836883.00  1.00%   143 4761s
  4508  3108 2826437.80  137  923 2808888.27 2836883.00  1.00%   143 4765s
  4515  3115 2826299.38  141  915 2808888.27 2836883.00  1.00%   143 4770s
  4520  3120 2826142.52  143  905 2808888.27 2836883.00  1.00%   143 4775s
  4526  3126 2825850.40  146  865 2808888.27 2836883.00  1.00%   143 4780s
  4533  3133 2825732.94  150  873 2808888.27 2836883.00  1.00%   143 4785s
  4540  3140 2825526.19  153  866 2808888.27 2836883.00  1.00%   143 4790s
  4546  3146 2825300.32  156  864 2808888.27 2836883.00  1.00%   143 4795s
  4551  3151 2825320.56  159  859 2808888.27 2836883.00  1.00%   143 4800s
  4557  3157 2825147.04  162  859 2808888.27 2836883.00  1.00%   144 4805s
  4563  3163 2825086.72  165  854 2808888.27 2836883.00  1.00%   143 4811s
  4569  3169 2824988.98  168  849 2808888.27 2836883.00  1.00%   143 4815s
  4576  3176 2824848.60  171  842 2808888.27 2836883.00  1.00%   144 4820s
  4582  3182 2824553.67  174  823 2808888.27 2836883.00  1.00%   144 4825s
  4590  3190 2824410.33  178  832 2808888.27 2836883.00  1.00%   143 4830s
  4600  3200 2824188.86  183  822 2808888.27 2836883.00  1.00%   143 4835s
  4608  3208 2824193.70  187  823 2808888.27 2836883.00  1.00%   143 4840s
  4613  3213 2824066.77  190  825 2808888.27 2836883.00  1.00%   143 4845s
  4620  3220 2823887.90  193  825 2808888.27 2836883.00  1.00%   143 4850s
  4627  3227 2823788.51  197  815 2808888.27 2836883.00  1.00%   143 4855s
  4633  3233 2823482.95  200  814 2808888.27 2836883.00  1.00%   143 4860s
  4639  3239 2823459.32  203  806 2808888.27 2836883.00  1.00%   143 4865s
  4646  3246 2822981.80  206  797 2808888.27 2836883.00  1.00%   143 4870s
  4654  3254 2823256.54  210  797 2808888.27 2836883.00  1.00%   143 4875s
  4660  3260 2823046.53  213  800 2808888.27 2836883.00  1.00%   143 4881s
  4666  3266 2823133.27  216  782 2808888.27 2836883.00  1.00%   143 4885s
  4672  3272 2822856.86  219  787 2808888.27 2836883.00  1.00%   143 4890s
  4682  3282 2822797.48  224  775 2808888.27 2836883.00  1.00%   143 4895s
  4689  3289 2822526.21  228  768 2808888.27 2836883.00  1.00%   143 4900s
  4699  3299 2822436.94  233  750 2808888.27 2836883.00  1.00%   143 4905s
  4713  3313 2822141.85  240  726 2808888.27 2836883.00  1.00%   143 4910s
  4727  3327 2821914.78  247  708 2808888.27 2836883.00  1.00%   143 4915s
  4740  3340 2821811.83  253  701 2808888.27 2836883.00  1.00%   143 4920s
  4754  3354 2821393.72  260  688 2808888.27 2836883.00  1.00%   142 4925s
  4769  3369 2821393.15  268  688 2808888.27 2836883.00  1.00%   142 4930s
  4786  3386 2820918.34  276  674 2808888.27 2836883.00  1.00%   142 4935s
  4804  3404 2820871.24  285  667 2808888.27 2836883.00  1.00%   142 4940s
  4818  3418 2820553.91  292  652 2808888.27 2836883.00  1.00%   142 4945s
  4834  3434 2820367.46  300  629 2808888.27 2836883.00  1.00%   142 4950s
  4847  3447 2820277.49  307  640 2808888.27 2836883.00  1.00%   142 4955s
  4857  3457 2820139.94  312  636 2808888.27 2836883.00  1.00%   142 4960s
  4873  3473 2819777.96  320  600 2808888.27 2836883.00  1.00%   142 4965s
  4887  3487 2819601.26  327  597 2808888.27 2836883.00  1.00%   142 4970s
  4907  3507 2819210.63  337  586 2808888.27 2836883.00  1.00%   141 4975s
  4925  3525 2818746.52  346  579 2808888.27 2836883.00  1.00%   141 4980s
  4946  3546 2818345.09  356  583 2808888.27 2836883.00  1.00%   141 4985s
  4963  3563 2818158.62  365  567 2808888.27 2836883.00  1.00%   141 4990s
  4982  3582 2817970.53  374  544 2808888.27 2836883.00  1.00%   140 4995s
  4986  3586 2816112.78  376  542 2808888.27 2836883.00  1.00%   140 5000s
  4990  3590 2815850.86  378  536 2808888.27 2836883.00  1.00%   141 5005s
  5003  3603 2815865.14  385  521 2808888.27 2836883.00  1.00%   141 5010s
  5024  3624 2815503.74  395  492 2808888.27 2836883.00  1.00%   140 5015s
  5047  3647 2815140.92  407  466 2808888.27 2836883.00  1.00%   140 5020s
  5066  3666 2814768.22  416  464 2808888.27 2836883.00  1.00%   139 5025s
  5091  3691 2814473.39  429  429 2808888.27 2836883.00  1.00%   139 5030s

Cutting planes:
  Gomory: 32
  Implied bound: 22
  MIR: 3668
  Flow cover: 5064
  RLT: 147
  Relax-and-lift: 1
  Lazy constraints: 19585

Explored 5097 nodes (712776 simplex iterations) in 5031.35 seconds (4104.21 work units)
Thread count was 1 (of 52 available processors)

Solution count 10: 2.80889e+06 2.79752e+06 2.79504e+06 ... 1.31033e+06

Time limit reached
Best objective 2.808888274782e+06, best bound 2.836883002277e+06, gap 0.9966%

User-callback calls 375027, time in user-callback 13.33 sec

CPU time spent in the second stage: 5031.35 sec
The LP relaxation bound at the root node: 3036163.999938
Termination status of the second stage: TIME_LIMIT

------------------ end of the second stage -----------------

Total CPU time: 7200.01 sec
Percentage optimality gap: 0.99 %
CPU time spent in separating the cuts: 339.26 sec
Number of explored nodes: 5097
Objective value of the returned solution: 2808888.274782
Optimal facility locations: [2, 12, 28, 33, 35, 36, 38, 45, 68, 83, 91, 92, 93, 98, 110, 122, 123, 125, 127, 133, 141, 144, 145, 156, 157, 171, 180, 184, 201, 220, 235, 236, 237, 249, 251, 255, 262, 264, 265, 269, 272, 289, 292, 294, 297, 304, 305, 311, 312, 318, 319, 327, 328, 343, 347, 349, 352, 357, 358, 365, 368, 370, 384, 390, 397, 419, 422, 431, 436, 438, 442, 448, 452, 464, 466, 469, 470, 473, 477, 483, 488, 492, 495, 497, 503, 508, 524, 527, 536, 541, 549, 552, 561, 564, 569, 572, 584, 588, 590, 593, 596, 600, 606, 612, 657, 658, 665, 672, 673, 678, 679, 692, 696, 705, 707, 709, 710, 727, 735, 742, 746, 747, 758, 761, 767, 773, 779, 792, 793, 803, 809, 810, 814, 818, 822, 827, 839, 856, 859, 862, 874, 884, 886, 895, 911, 912, 914, 919, 923, 930, 940, 948, 952, 953, 957, 963, 974, 976, 980, 981, 983, 984, 989, 995, 997, 999, 1013, 1016, 1020, 1021, 1027, 1031, 1043, 1047, 1051, 1056, 1059, 1071, 1081, 1084, 1094, 1101, 1105, 1107, 1108, 1120, 1121, 1126, 1127, 1132, 1142, 1144, 1145, 1146, 1148, 1168, 1169, 1170, 1176, 1178, 1180, 1186, 1188, 1193, 1196, 1209, 1212, 1214, 1217, 1228, 1232, 1234, 1241, 1244, 1245, 1255, 1263, 1265, 1273, 1275, 1281, 1284, 1300, 1301, 1304, 1306, 1312, 1317, 1324, 1334, 1337, 1340, 1345, 1361, 1366, 1368, 1372, 1388, 1394, 1403, 1406, 1412, 1413, 1417, 1419, 1423, 1430, 1433, 1438, 1441, 1445, 1447, 1452, 1467, 1476, 1484, 1485, 1489, 1501, 1502, 1503, 1506, 1511, 1516, 1517, 1526, 1528, 1542, 1543, 1559, 1565, 1572, 1573, 1578, 1583, 1588, 1589, 1600, 1604, 1605, 1606, 1613, 1620, 1622, 1628, 1640, 1641, 1661, 1668, 1670, 1672, 1673, 1697, 1698, 1699, 1702, 1703, 1704, 1706, 1708, 1712, 1716, 1731, 1734, 1742, 1749, 1750, 1752, 1755, 1757, 1764, 1771, 1773, 1779, 1786, 1794, 1795, 1802, 1808, 1812, 1818, 1820, 1824, 1825, 1835, 1836, 1843, 1844, 1849, 1850, 1852, 1868, 1872, 1884, 1888, 1889, 1892, 1893, 1896, 1915, 1924, 1929, 1939, 1941, 1947, 1948, 1953, 1961, 1966, 1968, 1972, 1974, 1975, 1982, 1985, 1991, 1994, 1995, 1998, 1999]

@end of file
