Set parameter TimeLimit to value 7200
Setting sB&C+LSI: The proposed B&C algorithm based on formulation (40) (equipped with the lifted submodular inequalities), with only the second stage implemented
Gurobi Optimizer version 11.0.1 build v11.0.1rc0 (linux64 - "CentOS Linux 7 (Core)")

CPU model: Intel(R) Xeon(R) Gold 6230R CPU @ 2.10GHz, instruction set [SSE2|AVX|AVX2|AVX512]
Thread count: 52 physical cores, 52 logical processors, using up to 1 threads

Optimize a model with 10000 rows, 10500 columns and 10000 nonzeros
Model fingerprint: 0x44982aeb
Variable types: 10000 continuous, 500 integer (500 binary)
Coefficient statistics:
  Matrix range     [1e+00, 1e+00]
  Objective range  [1e+01, 2e+03]
  Bounds range     [0e+00, 0e+00]
  RHS range        [8e-06, 1e+00]
Found heuristic solution: objective -1.00518e+16
Presolve removed 10000 rows and 0 columns
Presolve time: 0.00s
Presolved: 0 rows, 10500 columns, 0 nonzeros
Variable types: 10000 continuous, 500 integer (500 binary)

Root relaxation: objective 4.178642e+06, 0 iterations, 0.00 seconds (0.00 work units)

    Nodes    |    Current Node    |     Objective Bounds      |     Work
 Expl Unexpl |  Obj  Depth IntInf | Incumbent    BestBd   Gap | It/Node Time

     0     0 4178642.36    0    - -1.005e+16 4178642.36   100%     -    4s
     0     0 4086838.06    0   93 -1.005e+16 4086838.06   100%     -    9s
     0     0 4086506.09    0   93 -1.005e+16 4086506.09   100%     -   16s
     0     0 4086207.24    0   93 -1.005e+16 4086207.24   100%     -   34s
H    0     0                    2364725.4179 4086207.24  72.8%     -   35s
H    0     0                    2426434.1696 4086207.24  68.4%     -   40s
     0     2 3853746.18    0  228 2426434.17 3853746.18  58.8%     -   78s
     1     3 3853537.39    1  227 2426434.17 3853746.18  58.8%  29.0   81s
     2     4 3853681.16    1  228 2426434.17 3853681.16  58.8%  43.0   87s
     3     5 3853153.04    2  226 2426434.17 3853681.16  58.8%  42.3   94s
     4     6 3853103.50    2  224 2426434.17 3853681.16  58.8%  40.0   97s
     5     7 3852394.84    3  225 2426434.17 3853681.16  58.8%  51.6  102s
     6     8 3852438.00    3  225 2426434.17 3853681.16  58.8%  50.0  106s
     8    10 3851852.36    4  218 2426434.17 3853681.16  58.8%  57.8  118s
     9    11 3851612.49    5  220 2426434.17 3853681.16  58.8%  54.3  120s
    10    12 3850913.86    5  221 2426434.17 3853681.16  58.8%  56.2  125s
    12    14 3850565.07    6  219 2426434.17 3853681.16  58.8%  56.6  130s
    14    16 3850344.34    7  216 2426434.17 3853681.16  58.8%  51.1  136s
    16    18 3850227.17    8  220 2426434.17 3853681.16  58.8%  49.1  140s
    18    20 3850087.64    9  217 2426434.17 3853681.16  58.8%  47.2  148s
    19    21 3850423.24   10  221 2426434.17 3853681.16  58.8%  47.2  151s
    21    23 3850359.53   11  220 2426434.17 3853681.16  58.8%  45.7  156s
    23    25 3850118.06   12  219 2426434.17 3853681.16  58.8%  45.8  160s
    26    28 3849375.44   15  213 2426434.17 3853681.16  58.8%  45.8  168s
    27    29 3849292.62   15  217 2426434.17 3853681.16  58.8%  45.2  171s
    28    30 3665085.66   16  229 2426434.17 3853681.16  58.8%   264  190s
    29    31 3665354.27   16  228 2426434.17 3853681.16  58.8%   490  204s
    30    32 3664550.86   17  228 2426434.17 3853681.16  58.8%   474  205s
    32    34 3664377.17   18  227 2426434.17 3853681.16  58.8%   446  210s
    35    37 3664043.83   19  226 2426434.17 3853681.16  58.8%   409  216s
    38    40 3663784.32   21  227 2426434.17 3853681.16  58.8%   378  221s
    41    43 3663570.46   22  226 2426434.17 3853681.16  58.8%   352  226s
    43    45 3662808.21   24  229 2426434.17 3853681.16  58.8%   339  231s
    45    47 3662746.23   25  226 2426434.17 3853681.16  58.8%   325  235s
    49    51 3662140.31   28  223 2426434.17 3853681.16  58.8%   301  240s
    53    55 3661404.79   30  223 2426434.17 3853681.16  58.8%   280  246s
    55    57 3601649.74   31  228 2426434.17 3853681.16  58.8%   345  261s
    56    58 3600995.17   31  227 2426434.17 3853681.16  58.8%   414  269s
    57    59 3601431.96   32  226 2426434.17 3853681.16  58.8%   407  272s
    59    61 3601293.85   33  224 2426434.17 3853681.16  58.8%   395  276s
    61    63 3600677.79   35  225 2426434.17 3853681.16  58.8%   383  280s
    64    66 3600409.28   37  221 2426434.17 3853681.16  58.8%   366  285s
    67    69 3600235.92   39  222 2426434.17 3853681.16  58.8%   351  290s
    70    72 3599214.63   41  220 2426434.17 3853681.16  58.8%   339  296s
    72    74 3598893.11   42  216 2426434.17 3853681.16  58.8%   330  301s
    75    77 3598501.83   45  217 2426434.17 3853681.16  58.8%   318  305s
    81    83 3598193.86   50  211 2426434.17 3853681.16  58.8%   296  311s
    82    84 3579066.97   51  227 2426434.17 3853681.16  58.8%   319  317s
    83    85 3578990.91   51  226 2426434.17 3853681.16  58.8%   343  322s
    85    87 3578624.36   53  226 2426434.17 3853681.16  58.8%   336  325s
    91    93 3578246.84   59  213 2426434.17 3853681.16  58.8%   315  330s
   108   110 3576636.57   73  177 2426434.17 3853681.16  58.8%   271  336s
   109   111 3571016.20   74  191 2426434.17 3853681.16  58.8%   277  340s
   114   116 3570491.51   77  183 2426434.17 3853681.16  58.8%   275  345s
   135   137 3568874.12   93  156 2426434.17 3853681.16  58.8%   236  351s
   139   141 3566822.97   95  147 2426434.17 3853681.16  58.8%   238  355s
   162   164 3564424.01  113  119 2426434.17 3853681.16  58.8%   207  361s
   181   183 3562719.80  126  104 2426434.17 3853681.16  58.8%   188  365s
   193   195 3561567.52  135   97 2426434.17 3853681.16  58.8%   177  370s
   216   218 3559777.39  152   75 2426434.17 3853681.16  58.8%   160  375s
   241   243 3557769.73  173   46 2426434.17 3853681.16  58.8%   144  380s
H  273   266                    3557317.3067 3853681.16  8.33%   128  383s
*  274   265             206    3557320.5137 3853681.16  8.33%   128  383s
   276   265 3595529.54    2  229 3557320.51 3853627.88  8.33%   167  415s
   288   277 3593053.63   13  212 3557320.51 3853627.88  8.33%   162  420s
   309   298 3589953.54   32  182 3557320.51 3853627.88  8.33%   153  425s
   325   314 3570889.67   46  163 3557320.51 3853627.88  8.33%   150  432s
   326   315 3570192.81   46  165 3557320.51 3853627.88  8.33%   154  435s
   351   340 3568993.00   67  114 3557320.51 3853627.88  8.33%   145  442s
   357   346 3567169.19   71  121 3557320.51 3853627.88  8.33%   145  445s
   378   367 3565969.83   89   97 3557320.51 3853627.88  8.33%   138  450s
   404   393 3564243.73  111   69 3557320.51 3853627.88  8.33%   131  455s
   424   413 3563589.10  127   46 3557320.51 3853627.88  8.33%   126  460s
   444   433 3563066.49  142   26 3557320.51 3853627.88  8.33%   121  465s
H  459   361                    3562634.5189 3853627.88  8.17%   117  468s
   468   361 3580585.63    2  229 3562634.52 3853094.92  8.15%   140  500s
   497   390 3576012.86   30  192 3562634.52 3853094.92  8.15%   133  505s
   515   408 3572198.05   46  159 3562634.52 3853094.92  8.15%   130  510s
   520   412 3569330.76   92   93 3562634.52 3853094.92  8.15%   129 1619s
H  521   392                    3566131.1416 3583978.26  0.50%   129 1718s
   522   392 3566131.14  110  236 3566131.14 3583978.26  0.50%   129 1754s
   523   393 3566131.14  105  260 3566131.14 3576370.80  0.29%   128 1814s
   524   394 3566666.34   98  127 3566131.14 3575817.73  0.27%   128 1823s
   525   394 3567048.33   74  111 3566131.14 3575773.00  0.27%   128 1826s
   526   395 3566651.49   95  107 3566131.14 3575771.64  0.27%   128 1854s
   527   396 3566131.14   92  102 3566131.14 3575374.77  0.26%   127 1931s
   528   396 3575374.77    6   94 3566131.14 3575374.77  0.26%   127 1935s
   529   397 3575374.77   29  101 3566131.14 3575374.77  0.26%   127 1996s
   530   398 3566666.34   98   80 3566131.14 3575207.28  0.25%   127 2072s
   532   399 3570871.82   47   78 3566131.14 3575030.06  0.25%   126 2077s
   533   400 3566131.14  124   77 3566131.14 3575029.84  0.25%   126 2140s
H  533   380                    3574499.4628 3574998.40  0.01%   126 2187s
   535   381 3574998.06    9   59 3574499.46 3574998.06  0.01%   125 2231s
   536   382 3574977.79   17   59 3574499.46 3574977.79  0.01%   125 2284s
   537   382 3574977.79   12   59 3574499.46 3574977.79  0.01%   125 2341s
H  537   362                    3574934.4838 3574977.79  0.00%   125 2406s
   539   364 3574934.48   78   20 3574934.48 3574965.29  0.00%   125 2410s
   541   365 3574934.48  124    5 3574934.48 3574939.83  0.00%   124 2419s

Cutting planes:
  Learned: 14
  Gomory: 50
  Lift-and-project: 33
  Cover: 1
  Implied bound: 470
  Clique: 1
  MIR: 341
  Mixing: 19
  Flow cover: 2446
  RLT: 109
  Relax-and-lift: 100
  Lazy constraints: 210

Explored 541 nodes (85382 simplex iterations) in 2420.43 seconds (1020.07 work units)
Thread count was 1 (of 52 available processors)

Solution count 8: 3.57493e+06 3.5745e+06 3.56613e+06 ... -1.00518e+16

Optimal solution found (tolerance 0.00e+00)
Best objective 3.574934483833e+06, best bound 3.574934483833e+06, gap 0.0000%

User-callback calls 209237, time in user-callback 6.34 sec

Total CPU time: 2420.43 sec
Termination status: OPTIMAL
Percentage optimality gap: 0.00 %
Number of explored nodes: 541
Objective value of the returned solution: 3574934.483833
The LP relaxation bound at the root node: 3853746.183893
Optimal facility locations: [1, 4, 5, 10, 12, 13, 16, 17, 18, 22, 24, 25, 27, 28, 29, 31, 33, 34, 35, 36, 37, 38, 39, 40, 44, 45, 48, 51, 57, 58, 60, 62, 70, 78, 80, 81, 83, 85, 86, 88, 91, 94, 98, 99, 102, 105, 109, 112, 113, 115, 117, 122, 125, 128, 129, 132, 133, 134, 138, 139, 141, 142, 147, 148, 152, 155, 157, 159, 161, 163, 164, 167, 168, 169, 170, 173, 176, 177, 178, 181, 186, 187, 188, 194, 195, 197, 198, 200, 201, 202, 204, 205, 206, 212, 213, 214, 215, 218, 220, 224, 225, 231, 232, 239, 240, 242, 243, 246, 247, 248, 251, 252, 255, 261, 264, 265, 271, 273, 274, 275, 278, 279, 281, 286, 288, 290, 291, 292, 293, 294, 295, 296, 297, 298, 301, 302, 305, 306, 307, 310, 315, 317, 320, 324, 329, 331, 333, 335, 336, 337, 338, 341, 343, 345, 349, 350, 351, 357, 359, 360, 362, 367, 368, 374, 375, 377, 383, 384, 388, 392, 393, 395, 397, 400, 402, 406, 410, 414, 417, 418, 420, 423, 424, 426, 427, 428, 431, 435, 436, 438, 442, 444, 445, 446, 448, 449, 450, 451, 454, 456, 458, 460, 462, 463, 468, 471, 472, 481, 483, 485, 488, 489, 491, 492, 493, 494, 495, 497]

@end of file
