Set parameter TimeLimit to value 7200
Setting sB&C+LSI: The proposed B&C algorithm based on formulation (40) (equipped with the lifted submodular inequalities), with only the second stage implemented
Gurobi Optimizer version 11.0.1 build v11.0.1rc0 (linux64 - "CentOS Linux 7 (Core)")

CPU model: Intel(R) Xeon(R) Gold 6230R CPU @ 2.10GHz, instruction set [SSE2|AVX|AVX2|AVX512]
Thread count: 52 physical cores, 52 logical processors, using up to 1 threads

Optimize a model with 10000 rows, 10300 columns and 10000 nonzeros
Model fingerprint: 0x424c83d3
Variable types: 10000 continuous, 300 integer (300 binary)
Coefficient statistics:
  Matrix range     [1e+00, 1e+00]
  Objective range  [1e+01, 2e+03]
  Bounds range     [0e+00, 0e+00]
  RHS range        [4e-06, 1e+00]
Found heuristic solution: objective -1.00518e+16
Presolve removed 10000 rows and 0 columns
Presolve time: 0.00s
Presolved: 0 rows, 10300 columns, 0 nonzeros
Variable types: 10000 continuous, 300 integer (300 binary)

Root relaxation: objective 4.182150e+06, 0 iterations, 0.00 seconds (0.00 work units)

    Nodes    |    Current Node    |     Objective Bounds      |     Work
 Expl Unexpl |  Obj  Depth IntInf | Incumbent    BestBd   Gap | It/Node Time

     0     0 4182150.44    0    - -1.005e+16 4182150.44   100%     -    2s
     0     0 4122770.15    0   59 -1.005e+16 4122770.15   100%     -    4s
     0     0 4122294.78    0   59 -1.005e+16 4122294.78   100%     -    7s
     0     0 4122256.64    0   59 -1.005e+16 4122256.64   100%     -   13s
H    0     0                    2408799.1137 4122256.64  71.1%     -   14s
     0     0 4122256.64    0   59 2408799.11 4122256.64  71.1%     -   15s
H    0     0                    2442337.5523 4122256.64  68.8%     -   16s
     0     2 3961904.34    0  141 2442337.55 3961904.34  62.2%     -   28s
     1     3 3961665.15    1  139 2442337.55 3961904.34  62.2%  32.0   30s
     5     7 3960478.06    3  135 2442337.55 3961904.34  62.2%  38.0   35s
     8    10 3959425.73    4  137 2442337.55 3961904.34  62.2%  36.9   40s
    11    13 3959182.83    6  133 2442337.55 3961904.34  62.2%  40.9   45s
    15    17 3958367.62    8  132 2442337.55 3961904.34  62.2%  36.2   51s
    18    20 3957832.34   10  132 2442337.55 3961904.34  62.2%  40.3   55s
    22    24 3956991.39   12  133 2442337.55 3961904.34  62.2%  38.9   61s
    26    28 3956207.30   16  127 2442337.55 3961904.34  62.2%  39.8   66s
    28    30 3806985.69   17  166 2442337.55 3961904.34  62.2%   233   77s
    29    31 3800629.21   18  164 2442337.55 3961904.34  62.2%   423   85s
    30    32 3806168.94   18  165 2442337.55 3961904.34  62.2%   598   95s
    34    36 3805050.90   21  163 2442337.55 3961904.34  62.2%   530  100s
    36    38 3804918.25   22  162 2442337.55 3961904.34  62.2%   502  106s
    39    41 3804499.34   23  161 2442337.55 3961904.34  62.2%   465  110s
    43    45 3803912.82   26  154 2442337.55 3961904.34  62.2%   425  115s
    48    50 3802626.42   30  148 2442337.55 3961904.34  62.2%   385  120s
    55    57 3760787.90   35  131 2442337.55 3961904.34  62.2%   403  127s
    56    58 3760948.36   35  131 2442337.55 3961904.34  62.2%   454  130s
    74    76 3758613.23   51  107 2442337.55 3961904.34  62.2%   351  135s
    82    84 3747804.63   56  109 2442337.55 3961904.34  62.2%   334  140s
    96    98 3746572.29   67   96 2442337.55 3961904.34  62.2%   301  145s
   123   125 3740122.38   84   75 2442337.55 3961904.34  62.2%   246  150s
   170   172 3734264.26  127   20 2442337.55 3961904.34  62.2%   183  155s
*  180   174             137    3734173.6870 3961904.34  6.10%   173  155s
   183   173 3774804.52    2  163 3734173.69 3961904.34  6.10%   218  171s
   189   179 3772895.00    6  158 3734173.69 3961904.34  6.10%   213  175s
   206   196 3754518.45   22  140 3734173.69 3961904.34  6.10%   210  180s
   236   226 3750449.25   48  104 3734173.69 3961904.34  6.10%   186  185s
   270   260 3745471.91   76   59 3734173.69 3961904.34  6.10%   167  190s
   297   287 3742627.51   96   26 3734173.69 3961904.34  6.10%   155  195s
H  311   235                    3742266.2798 3961904.34  5.87%   148  197s
H  312   233                    3742282.0243 3961904.34  5.87%   148  197s
*  313   232             110    3742283.9923 3961904.34  5.87%   147  197s
   316   231 3759443.30    2  166 3742283.99 3960886.11  5.84%   175  213s
   323   238 3757671.69    8  157 3742283.99 3960886.11  5.84%   172  216s
   351   266 3752777.23   33  123 3742283.99 3960886.11  5.84%   161  220s
H  378   213                    3747128.6673 3960886.11  5.70%   151  224s
   389   226 3749587.13   70   59 3747128.67 3960886.11  5.70%   147  225s
   430   267 3747656.86  103    6 3747128.67 3960886.11  5.70%   135  230s
H  437   261                    3747492.8720 3960886.11  5.69%   133  231s
H  438   260                    3747508.6165 3960886.11  5.69%   132  231s
*  439   259             111    3747510.5845 3960886.11  5.69%   132  231s
   442   258 3757679.82    3  162 3747510.58 3960790.78  5.69%   153  250s
   466   282 3753785.96   27  130 3747510.58 3960790.78  5.69%   146  255s
   500   316 3750343.54   59   78 3747510.58 3960790.78  5.69%   138  260s
   525   340 3804315.39   23   59 3747510.58 3960790.78  5.69%   132  953s
   527   341 3749156.95   72  157 3747510.58 3757640.45  0.27%   131 1052s
   528   342 3750328.90   13   92 3747510.58 3750328.90  0.08%   131 1090s
   530   343 3749982.46   31   57 3747510.58 3749982.46  0.07%   130 1095s
   531   344 3749981.94   14   57 3747510.58 3749981.94  0.07%   130 1120s
   532   345 3749500.32    3   53 3747510.58 3749500.32  0.05%   130 1167s
   534   346 3749500.32   43   52 3747510.58 3749500.32  0.05%   129 1213s
H  534   328                    3747794.3113 3749338.44  0.04%   129 1261s
   536   329 3749338.44   10   52 3747794.31 3749338.44  0.04%   129 1306s
H  536   312                    3747867.6693 3749332.27  0.04%   129 1330s
   538   314 3748747.43   83   44 3747867.67 3749332.27  0.04%   128 1352s
   539   314 3749316.33    8   43 3747867.67 3749316.33  0.04%   128 1370s
   540   315 3749316.33   65   44 3747867.67 3749316.33  0.04%   128 1386s
H  540   299                    3749107.6837 3749302.98  0.01%   128 1404s
   542   300 3749107.68   92   44 3749107.68 3749302.12  0.01%   128 1419s
   543   301 3749107.68   96   45 3749107.68 3749296.99  0.01%   127 1422s
   544   302 3749296.99   21   43 3749107.68 3749296.99  0.01%   127 1425s
H  545   287                    3749288.6718 3749293.30  0.00%   127 1430s

Cutting planes:
  Gomory: 87
  Lift-and-project: 54
  Implied bound: 158
  MIR: 231
  Mixing: 18
  Flow cover: 2384
  RLT: 84
  Relax-and-lift: 3
  Lazy constraints: 33

Explored 546 nodes (83225 simplex iterations) in 1432.87 seconds (554.55 work units)
Thread count was 1 (of 52 available processors)

Solution count 10: 3.74929e+06 3.74911e+06 3.74787e+06 ... 2.4088e+06

Optimal solution found (tolerance 0.00e+00)
Best objective 3.749288671821e+06, best bound 3.749288671821e+06, gap 0.0000%

User-callback calls 169471, time in user-callback 3.69 sec

Total CPU time: 1432.87 sec
Termination status: OPTIMAL
Percentage optimality gap: 0.00 %
Number of explored nodes: 546
Objective value of the returned solution: 3749288.671821
The LP relaxation bound at the root node: 3961904.336413
Optimal facility locations: [2, 5, 8, 9, 11, 12, 13, 14, 15, 17, 18, 20, 21, 22, 24, 25, 26, 27, 29, 30, 31, 32, 33, 34, 35, 37, 38, 41, 42, 43, 44, 47, 48, 51, 52, 53, 55, 56, 57, 59, 62, 63, 65, 68, 69, 72, 75, 77, 79, 80, 82, 83, 84, 85, 86, 89, 90, 93, 95, 98, 99, 101, 102, 107, 109, 110, 111, 112, 115, 116, 117, 118, 122, 124, 125, 127, 128, 129, 130, 132, 134, 138, 140, 141, 142, 143, 145, 150, 152, 153, 154, 155, 156, 158, 164, 165, 166, 168, 169, 170, 173, 174, 176, 177, 180, 184, 186, 188, 189, 190, 191, 192, 193, 194, 195, 196, 197, 199, 200, 201, 204, 206, 208, 213, 214, 216, 219, 220, 221, 222, 223, 225, 226, 227, 229, 231, 232, 233, 234, 235, 238, 240, 241, 244, 247, 248, 250, 251, 252, 255, 267, 269, 270, 274, 276, 278, 279, 280, 281, 282, 285, 288, 289, 290, 291, 292, 293, 294, 295, 297, 299, 300]

@end of file
