Set parameter TimeLimit to value 7200
Setting GBD: A two-stage implementation of the stage-of-the-art generalized Benders decomposition (GBD) approach proposed by Lin & Tian (2021).

----------------- start of the first stage -----------------

Iter     Best Incumbent      BestBound     Gap      Time  #VioCuts
1                 0.000    4180477.828   100.0      10.7      9999
2            425754.349    4081941.685    89.6      32.0      9997
3           2113968.907    3872683.888    45.4     450.0      9765
4           2113968.907    3652940.319    42.1     863.3      8015
5           2113968.907    3557217.780    40.6     995.7      4578
6           2113968.907    3536780.264    40.2    1035.5      2068
7           2113968.907    3532363.943    40.2    1064.7       764
8           2113968.907    3530985.506    40.1    1085.8       302
9           2113968.907    3530671.192    40.1    1105.3       128
10          2113968.907    3530495.475    40.1    1121.9        40
11          2113968.907    3530446.535    40.1    1136.7         4
12          2113968.907    3530429.628    40.1    1151.1         0

CPU time spent in the first stage: 1474.02 sec
Upper bound returned at the end of the first stage: 3530429.627667
Objective value of the optimal solution or the best incumbent at the end of the first stage: 2113968.906737
Number of cuts added at the end of the first stage for the initialization of the relaxed MILP problem: 10909
Termination status of the first stage: LP Optimal

------------------ end of the first stage ------------------


----------------- start of the second stage ----------------

Gurobi Optimizer version 11.0.1 build v11.0.1rc0 (linux64 - "CentOS Linux 7 (Core)")

CPU model: Intel(R) Xeon(R) Gold 6230R CPU @ 2.10GHz, instruction set [SSE2|AVX|AVX2|AVX512]
Thread count: 52 physical cores, 52 logical processors, using up to 1 threads


Warning: excessive time spent in model updates.
Consider calling update less frequently.

Optimize a model with 20912 rows, 11000 columns and 105988 nonzeros
Model fingerprint: 0x523685dc
Variable types: 10000 continuous, 1000 integer (0 binary)
Coefficient statistics:
  Matrix range     [2e-11, 2e+03]
  Objective range  [1e+01, 2e+03]
  Bounds range     [1e+00, 1e+00]
  RHS range        [9e-06, 5e+06]
Warning: Model contains large matrix coefficient range
         Consider reformulating model or setting NumericFocus parameter
         to avoid numerical issues.

Loaded user MIP start with objective 2.11397e+06

Presolve removed 10002 rows and 0 columns
Presolve time: 0.65s
Presolved: 10910 rows, 11000 columns, 73981 nonzeros
Variable types: 10000 continuous, 1000 integer (1000 binary)

Root relaxation: objective 3.472666e+06, 1000 iterations, 0.20 seconds (0.18 work units)

    Nodes    |    Current Node    |     Objective Bounds      |     Work
 Expl Unexpl |  Obj  Depth IntInf | Incumbent    BestBd   Gap | It/Node Time

     0     0 3472666.01    0  176 2113968.91 3472666.01  64.3%     -    1s
H    0     0                    2836938.7681 3472666.01  22.4%     -    2s
     0     0 3407536.74    0  356 2836938.77 3407536.74  20.1%     -    3s
H    0     0                    2953336.6068 3407536.74  15.4%     -    4s
     0     0 3355997.43    0  606 2953336.61 3355997.43  13.6%     -   10s
H    0     0                    3082845.3801 3355997.43  8.86%     -   11s
     0     2 3355964.49    0  606 3082845.38 3355964.49  8.86%     -   11s
     1     3 3326595.58    1  669 3082845.38 3355964.49  8.86%  6384   17s
     2     4 3326679.55    1  670 3082845.38 3326679.55  7.91%  6450   23s
    18    20 3323739.47   15  638 3082845.38 3326679.55  7.91%   780   25s
    28    30 3303171.21   24  657 3082845.38 3326679.55  7.91%   712   31s
    29    31 3303249.16   24  658 3082845.38 3326679.55  7.91%   866   36s
    54    56 3299029.26   48  637 3082845.38 3326679.55  7.91%   496   40s
    56    58 3292938.12   49  637 3082845.38 3326679.55  7.91%   553   45s
    80    82 3287962.22   71  602 3082845.38 3326679.55  7.91%   431   50s
    90    92 3283061.67   79  603 3082845.38 3326679.55  7.91%   417   55s
   110   112 3277882.82   97  577 3082845.38 3326679.55  7.91%   372   60s
   146   148 3270672.83  128  530 3082845.38 3326679.55  7.91%   301   65s
   180   182 3264379.30  158  485 3082845.38 3326679.55  7.91%   260   70s
   243   245 3252669.97  216  386 3082845.38 3326679.55  7.91%   208   75s
   329   331 3234434.73  293  298 3082845.38 3326679.55  7.91%   171   80s
   433   435 3218132.54  390  185 3082845.38 3326679.55  7.91%   138   85s
H  524   524                    3164939.0660 3326679.55  5.11%   117   89s
H  527   527                    3165265.4401 3326679.55  5.10%   117   89s
   546   548 3210492.98  502   42 3165265.44 3326679.55  5.10%   113   90s
H  551   551                    3186048.3765 3326679.55  4.41%   112   90s
H  552   552                    3186111.6715 3326679.55  4.41%   112   90s
H  555   555                    3188183.1086 3326679.55  4.34%   112   90s
H  556   556                    3190085.7292 3326679.55  4.28%   111   90s
H  557   557                    3190143.7153 3326679.55  4.28%   111   90s
H  558   558                    3190199.9317 3326679.55  4.28%   111   90s
H  560   560                    3194133.3933 3326679.55  4.15%   111   91s
H  562   562                    3194211.8836 3326679.55  4.15%   110   91s
H  563   563                    3194252.5212 3326679.55  4.15%   110   91s
H  564   564                    3196208.4606 3326679.55  4.08%   110   91s
H  565   565                    3198180.5258 3326679.55  4.02%   110   91s
H  566   566                    3198221.4349 3326679.55  4.02%   109   91s
H  567   567                    3198254.8544 3326679.55  4.02%   109   91s
H  568   568                    3198290.0552 3326679.55  4.01%   109   91s
H  569   569                    3200298.4124 3326679.55  3.95%   109   91s
H  570   570                    3200320.1484 3326679.55  3.95%   109   91s
H  571   571                    3202306.7699 3326679.55  3.88%   109   91s
H  572   572                    3202322.1588 3326679.55  3.88%   108   91s
H  573   573                    3204321.6554 3326679.55  3.82%   108   91s
H  574   574                    3206317.9050 3326679.55  3.75%   108   91s
*  576   559             532    3210316.8025 3326679.55  3.62%   108   91s
   579   558 3295539.97    2  678 3210316.80 3326678.02  3.62%   122  104s
   581   559 3253800.27  208  356 3210316.80 3326678.02  3.62%   122  143s
   583   560 3229832.16  319  683 3210316.80 3292428.48  2.56%   121  194s
   584   561 3277248.93   92  731 3210316.80 3277248.93  2.08%   121  222s
   585   562 3247632.42  223  751 3210316.80 3270870.73  1.89%   121  236s
   586   562 3217797.06  395  742 3210316.80 3269824.07  1.85%   121  243s
   587   563 3269669.64   54  739 3210316.80 3269669.64  1.85%   120  246s
   588   564 3217130.52  403  745 3210316.80 3269639.95  1.85%   120  256s
   589   564 3266923.81  103  741 3210316.80 3266923.81  1.76%   120  284s
   590   565 3242293.30  245  745 3210316.80 3266413.57  1.75%   120  290s
   592   566 3236956.69  271  737 3210316.80 3266197.38  1.74%   119  309s
   593   567 3265607.01  114  747 3210316.80 3265607.01  1.72%   119  331s
   594   568 3223091.74  360  740 3210316.80 3265500.47  1.72%   119  347s
   595   568 3222835.36  362  735 3210316.80 3265004.10  1.70%   119  360s
   596   569 3255281.15  200  735 3210316.80 3265004.10  1.70%   119  369s
   597   570 3245702.23  235  735 3210316.80 3265004.10  1.70%   118  402s
   598   572 3259509.22   11  718 3210316.80 3265004.10  1.70%   214  420s
   599   573 3259580.82   11  720 3210316.80 3259580.82  1.53%   224  436s
   600   574 3259216.68   12  718 3210316.80 3259580.82  1.53%   224  441s
   601   574 3259305.59   12  718 3210316.80 3259580.82  1.53%   224  445s
   604   576 3258907.22   14  718 3210316.80 3259580.82  1.53%   224  452s
   606   578 3258800.70   15  711 3210316.80 3259580.82  1.53%   223  455s
   609   580 3258742.78   16  715 3210316.80 3259580.82  1.53%   223  461s
   611   581 3258501.43   17  711 3210316.80 3259580.82  1.53%   223  466s
   612   582 3258296.97   18  709 3210316.80 3259580.82  1.53%   223  470s
   614   583 3258283.72   19  710 3210316.80 3259580.82  1.53%   223  475s
   616   584 3258115.20   20  708 3210316.80 3259580.82  1.53%   223  480s
   619   586 3257938.52   21  706 3210316.80 3259580.82  1.53%   223  486s
   622   588 3257971.05   23  697 3210316.80 3259580.82  1.53%   222  491s
   624   590 3257808.51   24  693 3210316.80 3259580.82  1.53%   222  496s
   625   590 3257706.29   24  700 3210316.80 3259580.82  1.53%   223  500s
   628   592 3257700.58   26  690 3210316.80 3259580.82  1.53%   222  506s
   630   594 3257494.59   27  689 3210316.80 3259580.82  1.53%   222  511s
   633   596 3257482.03   28  689 3210316.80 3259580.82  1.53%   222  515s
   636   598 3257323.89   30  672 3210316.80 3259580.82  1.53%   222  521s
   637   598 3257321.05   30  674 3210316.80 3259580.82  1.53%   222  525s
   642   602 3256998.06   33  668 3210316.80 3259580.82  1.53%   221  531s
   646   604 3256669.45   35  662 3210316.80 3259580.82  1.53%   220  536s
   649   606 3256462.71   36  660 3210316.80 3259580.82  1.53%   220  540s
   651   608 3256136.18   37  659 3210316.80 3259580.82  1.53%   221  545s
   654   610 3256236.28   39  659 3210316.80 3259580.82  1.53%   220  550s
   658   612 3256004.35   41  653 3210316.80 3259580.82  1.53%   219  558s
   659   613 3255321.59   41  653 3210316.80 3259580.82  1.53%   219  561s
   661   614 3255830.07   42  651 3210316.80 3259580.82  1.53%   219  566s
   663   616 3255689.73   43  651 3210316.80 3259580.82  1.53%   219  570s
   667   618 3255565.29   45  645 3210316.80 3259580.82  1.53%   218  576s
   670   620 3255508.38   47  638 3210316.80 3259580.82  1.53%   218  581s
   673   622 3255158.11   48  635 3210316.80 3259580.82  1.53%   218  585s
   676   624 3255338.80   50  626 3210316.80 3259580.82  1.53%   218  591s
   679   626 3255050.10   51  626 3210316.80 3259580.82  1.53%   218  595s
   684   630 3255184.69   54  627 3210316.80 3259580.82  1.53%   217  601s
   687   632 3255064.71   55  615 3210316.80 3259580.82  1.53%   218  605s
   689   633 3254942.02   56  622 3210316.80 3259580.82  1.53%   218  610s
   692   635 3254667.56   58  619 3210316.80 3259580.82  1.53%   218  615s
   695   637 3254770.59   59  617 3210316.80 3259580.82  1.53%   217  621s
   698   639 3254659.71   61  610 3210316.80 3259580.82  1.53%   217  625s
   702   642 3254640.39   63  598 3210316.80 3259580.82  1.53%   216  631s
   705   644 3253761.68   64  590 3210316.80 3259580.82  1.53%   217  636s
   709   646 3254173.43   66  590 3210316.80 3259580.82  1.53%   216  640s
   715   650 3254136.98   69  578 3210316.80 3259580.82  1.53%   215  646s
   720   654 3253989.91   72  573 3210316.80 3259580.82  1.53%   215  650s
   725   657 3253851.63   74  571 3210316.80 3259580.82  1.53%   214  655s
   732   662 3253547.12   78  542 3210316.80 3259580.82  1.53%   213  660s
   734   663 3247546.67   79  550 3210316.80 3259580.82  1.53%   220  665s
   738   666 3247356.88   81  547 3210316.80 3259580.82  1.53%   223  670s
   745   670 3247005.83   84  542 3210316.80 3259580.82  1.53%   222  675s
   752   675 3247034.58   88  541 3210316.80 3259580.82  1.53%   220  680s
   758   679 3246876.27   91  536 3210316.80 3259580.82  1.53%   219  685s
   771   688 3246345.48   97  526 3210316.80 3259580.82  1.53%   217  690s
   787   698 3244445.73  105  516 3210316.80 3259580.82  1.53%   216  695s
   798   706 3244116.80  111  490 3210316.80 3259580.82  1.53%   218  700s
   844   736 3243066.35  134  426 3210316.80 3259580.82  1.53%   210  705s
   873   756 3241085.91  148  410 3210316.80 3259580.82  1.53%   207  710s
   909   780 3240173.33  166  375 3210316.80 3259580.82  1.53%   202  715s
   950   807 3239515.28  187  317 3210316.80 3259580.82  1.53%   196  720s
   996   838 3238317.78  210  288 3210316.80 3259580.82  1.53%   190  725s
  1036   864 3237226.09  230  258 3210316.80 3259580.82  1.53%   185  730s
  1084   896 3235685.93  254  217 3210316.80 3259580.82  1.53%   179  735s
  1139   933 3233892.70  281  176 3210316.80 3259580.82  1.53%   173  740s
  1191   968 3233390.12  307  136 3210316.80 3259580.82  1.53%   167  745s
  1248  1006 3232433.44  336   84 3210316.80 3259580.82  1.53%   161  750s
  1307  1045 3231740.89  365   42 3210316.80 3259580.82  1.53%   155  755s
* 1338   979             381    3231756.9818 3259580.82  0.86%   151  757s
  1350   965 3256467.93   12  733 3231756.98 3259570.48  0.86%   153  768s
  1352   966 3256411.93   13  728 3231756.98 3259570.48  0.86%   153  770s
  1356   969 3256182.72   15  719 3231756.98 3259570.48  0.86%   153  776s
  1362   973 3255879.21   18  710 3231756.98 3259570.48  0.86%   153  780s
  1378   983 3255275.26   26  690 3231756.98 3259570.48  0.86%   153  785s
  1394   994 3254467.66   34  666 3231756.98 3259570.48  0.86%   153  790s
  1407  1003 3254046.25   41  652 3231756.98 3259570.48  0.86%   154  795s
  1429  1017 3253019.78   52  620 3231756.98 3259570.48  0.86%   153  800s
  1450  1031 3252189.12   62  589 3231756.98 3259570.48  0.86%   153  805s
  1477  1049 3251479.90   76  548 3231756.98 3259570.48  0.86%   152  810s
  1503  1067 3250733.98   89  536 3231756.98 3259570.48  0.86%   151  815s
  1531  1085 3249839.04  103  508 3231756.98 3259570.48  0.86%   150  820s
  1565  1108 3248939.56  120  460 3231756.98 3259570.48  0.86%   149  825s
  1600  1131 3248275.65  137  444 3231756.98 3259570.48  0.86%   148  830s
  1641  1159 3247135.52  158  395 3231756.98 3259570.48  0.86%   146  835s
  1672  1179 3238762.51  173  373 3231756.98 3259570.48  0.86%   147  840s
  1731  1219 3237188.61  203  308 3231756.98 3259570.48  0.86%   144  845s
  1774  1247 3234376.05  224  267 3231756.98 3259570.48  0.86%   142  850s
  1824  1281 3233906.06  249  216 3231756.98 3259570.48  0.86%   139  855s
  1879  1317 3233499.71  277  190 3231756.98 3259570.48  0.86%   136  860s
  1918  1326     cutoff  297      3231756.98 3259570.48  0.86%   135  865s
  1970  1314 3254548.76   12  722 3231756.98 3259305.34  0.85%   134  882s
  1972  1315 3254486.87   13  718 3231756.98 3259305.34  0.85%   134  887s
  1974  1317 3254367.84   14  710 3231756.98 3259305.34  0.85%   134  891s
  1982  1322 3254001.52   18  700 3231756.98 3259305.34  0.85%   134  896s
  1992  1329 3253937.39   23  685 3231756.98 3259305.34  0.85%   135  900s
  1998  1333 3253605.48   26  672 3231756.98 3259305.34  0.85%   135  905s
  2010  1341 3252927.80   32  661 3231756.98 3259305.34  0.85%   135  910s
  2017  1345 3252693.16   36  646 3231756.98 3259305.34  0.85%   135  916s
  2028  1353 3252261.79   41  633 3231756.98 3259305.34  0.85%   136  920s
  2052  1369 3251468.24   53  617 3231756.98 3259305.34  0.85%   135  926s
  2067  1379 3251230.43   61  584 3231756.98 3259305.34  0.85%   135  930s
  2090  1394 3250472.87   72  569 3231756.98 3259305.34  0.85%   135  935s
  2113  1409 3249636.38   84  544 3231756.98 3259305.34  0.85%   135  940s
  2137  1425 3248688.81   96  507 3231756.98 3259305.34  0.85%   134  945s
  2169  1447 3247579.66  112  452 3231756.98 3259305.34  0.85%   134  950s
  2201  1468 3246670.87  128  413 3231756.98 3259305.34  0.85%   133  955s
  2230  1491 3245741.37  142  398 3231756.98 3259305.34  0.85%   133  960s
  2261  1522 3244996.90  158  369 3231756.98 3259305.34  0.85%   132  965s
  2309  1570 3243813.16  182  332 3231756.98 3259305.34  0.85%   130  970s
  2340  1601 3241980.65  197  304 3231756.98 3259305.34  0.85%   130  975s
  2381  1642 3241155.84  218  272 3231756.98 3259305.34  0.85%   129  980s
  2417  1678 3240320.28  236  260 3231756.98 3259305.34  0.85%   128  985s
  2462  1723 3239115.32  258  242 3231756.98 3259305.34  0.85%   126  990s
  2514  1775 3239056.41  284  203 3231756.98 3259305.34  0.85%   124  995s
  2554  1815 3238639.44  304  186 3231756.98 3259305.34  0.85%   123 1000s
H 2597  1280                    3238602.2377 3259305.34  0.64%   121 1004s
  2599  1279 3238611.00  327   53 3238602.24 3259305.34  0.64%   121 1005s
  2624  1270 3254207.92   13  731 3238602.24 3259303.92  0.64%   122 1020s
  2625  1271 3254145.16   14  727 3238602.24 3259303.92  0.64%   122 1025s
  2627  1273 3254080.71   15  718 3238602.24 3259303.92  0.64%   122 1030s
  2630  1276 3253988.46   16  715 3238602.24 3259303.92  0.64%   122 1035s
  2643  1289 3253339.59   23  693 3238602.24 3259303.92  0.64%   122 1041s
  2646  1292 3253301.11   24  692 3238602.24 3259303.92  0.64%   123 1045s
  2657  1303 3252695.73   30  671 3238602.24 3259303.92  0.64%   123 1050s
  2663  1309 3252364.88   33  663 3238602.24 3259303.92  0.64%   123 1055s
  2676  1322 3251680.94   39  625 3238602.24 3259303.92  0.64%   123 1060s
  2685  1331 3251599.49   44  621 3238602.24 3259303.92  0.64%   123 1065s
  2708  1354 3250758.64   55  602 3238602.24 3259303.92  0.64%   123 1070s
  2720  1366 3250613.86   61  590 3238602.24 3259303.92  0.64%   123 1075s
  2729  1375 3250296.09   66  573 3238602.24 3259303.92  0.64%   123 1080s
  2750  1396 3249815.57   76  561 3238602.24 3259303.92  0.64%   123 1085s
  2766  1412 3249289.65   84  548 3238602.24 3259303.92  0.64%   123 1090s
H 2781  1347                    3239008.8030 3259303.92  0.63%   123 1094s
  2783  1351 3248541.11   93  529 3239008.80 3259303.92  0.63%   123 1095s
  2807  1375 3247550.43  105  476 3239008.80 3259303.92  0.63%   122 1100s
  2833  1401 3246754.05  118  440 3239008.80 3259303.92  0.63%   122 1106s
  2857  1425 3245966.00  130  389 3239008.80 3259303.92  0.63%   122 1110s
  2885  1453 3245279.04  144  367 3239008.80 3259303.92  0.63%   122 1115s
  2921  1489 3244449.95  162  342 3239008.80 3259303.92  0.63%   121 1120s
  2963  1531 3243399.66  183  286 3239008.80 3259303.92  0.63%   120 1125s
  3002  1570 3240968.73  202  256 3239008.80 3259303.92  0.63%   119 1130s
H 3029  1490                    3239777.1634 3259303.92  0.60%   118 1134s
  3037  1500 3240633.75  220  233 3239777.16 3259303.92  0.60%   118 1135s
H 3083  1537                    3239787.2572 3259303.92  0.60%   117 1139s
  3085  1539 3240221.09  244  198 3239787.26 3259303.92  0.60%   117 1140s
H 3139  1562                    3239792.7822 3259303.92  0.60%   115 1145s
  3205  1567 3254074.33   13  728 3239792.78 3259048.61  0.59%   115 1165s
  3212  1574 3253883.94   17  707 3239792.78 3259048.61  0.59%   115 1170s
  3224  1586 3253446.93   23  689 3239792.78 3259048.61  0.59%   115 1175s
  3235  1597 3252936.74   28  677 3239792.78 3259048.61  0.59%   116 1180s
  3250  1612 3252238.27   36  637 3239792.78 3259048.61  0.59%   116 1185s
  3276  1638 3251529.67   49  615 3239792.78 3259048.61  0.59%   116 1191s
  3300  1662 3250455.71   61  598 3239792.78 3259048.61  0.59%   116 1195s
  3321  1683 3249076.85   71  578 3239792.78 3259048.61  0.59%   116 1200s
  3345  1707 3249077.67   83  545 3239792.78 3259048.61  0.59%   116 1205s
H 3380  1524                    3241008.7783 3259048.61  0.56%   116 1210s
  3404  1550 3247403.61  113  467 3241008.78 3259048.61  0.56%   116 1215s
  3420  1566 3246925.11  121  449 3241008.78 3259048.61  0.56%   116 1220s
H 3432  1547                    3241254.2541 3259048.61  0.55%   116 1222s
  3452  1569 3245913.98  137  403 3241254.25 3259048.61  0.55%   116 1225s
  3484  1601 3245069.27  153  360 3241254.25 3259048.61  0.55%   115 1231s
  3511  1628 3244427.84  166  340 3241254.25 3259048.61  0.55%   115 1235s
  3572  1689 3243269.05  197  276 3241254.25 3259048.61  0.55%   114 1240s
  3626  1743 3242473.77  224  243 3241254.25 3259048.61  0.55%   113 1245s
  3636  1735 3253504.45   14  738 3241254.25 3259037.69  0.55%   114 1266s
  3650  1749 3253006.34   21  699 3241254.25 3259037.69  0.55%   114 1270s
  3662  1761 3252649.69   27  680 3241254.25 3259037.69  0.55%   115 1275s
  3673  1772 3252353.13   33  663 3241254.25 3259037.69  0.55%   115 1280s
  3700  1799 3250920.74   46  611 3241254.25 3259037.69  0.55%   115 1285s
  3732  1831 3249912.35   62  594 3241254.25 3259037.69  0.55%   115 1290s
  3754  1853 3248984.06   73  570 3241254.25 3259037.69  0.55%   115 1295s
  3783  1882 3248346.61   88  538 3241254.25 3259037.69  0.55%   115 1300s
  3826  1925 3246391.80  109  476 3241254.25 3259037.69  0.55%   115 1305s
  3870  1969 3245296.37  131  404 3241254.25 3259037.69  0.55%   115 1310s
  3919  2018 3244442.49  156  363 3241254.25 3259037.69  0.55%   114 1315s
  3971  2070 3243459.06  182  297 3241254.25 3259037.69  0.55%   113 1320s
  4026  2125 3242506.64  209  268 3241254.25 3259037.69  0.55%   112 1325s
  4071  2136 3253448.04   14  731 3241254.25 3258819.01  0.54%   113 1348s
  4079  2144 3253219.29   18  705 3241254.25 3258819.01  0.54%   113 1350s
  4091  2156 3252089.44   24  697 3241254.25 3258819.01  0.54%   113 1355s
  4106  2171 3252243.05   32  661 3241254.25 3258819.01  0.54%   113 1360s
  4126  2191 3251408.31   42  629 3241254.25 3258819.01  0.54%   114 1365s
  4161  2226 3250052.33   59  586 3241254.25 3258819.01  0.54%   114 1370s
  4188  2253 3249259.79   73  558 3241254.25 3258819.01  0.54%   114 1375s
  4221  2286 3248214.11   89  516 3241254.25 3258819.01  0.54%   114 1380s
  4262  2327 3246624.15  110  461 3241254.25 3258819.01  0.54%   114 1385s
  4307  2372 3244086.06  132  382 3241254.25 3258819.01  0.54%   113 1390s
  4360  2425 3243910.73  159  311 3241254.25 3258819.01  0.54%   113 1395s
  4417  2482 3242769.44  187  265 3241254.25 3258819.01  0.54%   112 1400s
  4443  2508 3242385.91  200  234 3241254.25 3258819.01  0.54%   111 1405s
H 4464  2496                    3241673.7192 3258819.01  0.53%   111 1407s
  4494  2518 3242009.07  226  202 3241673.72 3258819.01  0.53%   110 1410s
H 4520  2526                    3241694.2199 3258819.01  0.53%   110 1412s
H 4547  2531                    3241699.7448 3258819.01  0.53%   110 1415s
  4602  2535 3253326.28   15  725 3241699.74 3258808.38  0.53%   110 1438s
  4611  2544 3253074.57   20  701 3241699.74 3258808.38  0.53%   110 1440s
  4623  2556 3252305.22   26  678 3241699.74 3258808.38  0.53%   110 1445s
  4640  2573 3251518.36   34  646 3241699.74 3258808.38  0.53%   110 1450s
  4659  2592 3250943.87   44  630 3241699.74 3258808.38  0.53%   110 1455s
  4693  2626 3249611.74   61  590 3241699.74 3258808.38  0.53%   110 1460s
  4725  2658 3248727.23   77  548 3241699.74 3258808.38  0.53%   111 1465s
  4764  2697 3246817.17   96  488 3241699.74 3258808.38  0.53%   111 1470s
  4810  2743 3245512.11  119  432 3241699.74 3258808.38  0.53%   110 1475s
  4861  2794 3244194.39  145  368 3241699.74 3258808.38  0.53%   110 1480s
  4918  2851 3242904.74  173  315 3241699.74 3258808.38  0.53%   109 1485s
  4974  2905 3241984.83  201  262 3241699.74 3258808.38  0.53%   109 1490s
  5039  2920     cutoff  230      3241699.74 3258808.38  0.53%   108 1495s
  5041  2920 3253361.70   15  724 3241699.74 3258665.37  0.52%   109 1510s
  5044  2923 3253241.31   18  705 3241699.74 3258665.37  0.52%   109 1516s
  5050  2929 3252583.43   24  687 3241699.74 3258665.37  0.52%   109 1520s
  5061  2940 3251840.74   35  652 3241699.74 3258665.37  0.52%   109 1525s
  5072  2951 3250804.21   46  625 3241699.74 3258665.37  0.52%   109 1530s
  5090  2969 3249756.96   61  602 3241699.74 3258665.37  0.52%   109 1535s
  5111  2990 3248816.75   79  567 3241699.74 3258665.37  0.52%   109 1540s
H 5119  2994                    3241709.2864 3258665.37  0.52%   109 1544s
  5121  2998 3248286.04   89  554 3241709.29 3258665.37  0.52%   109 1545s
  5156  3033 3247149.17  100  512 3241709.29 3258665.37  0.52%   109 1550s
  5189  3066 3246160.37  116  471 3241709.29 3258665.37  0.52%   109 1555s
  5228  3105 3245241.99  129  441 3241709.29 3258665.37  0.52%   109 1560s
  5277  3154 3243701.61  162  350 3241709.29 3258665.37  0.52%   108 1565s
  5334  3210 3242452.44  195  278 3241709.29 3258665.37  0.52%   108 1570s
  5384  3249 3253350.39   16  725 3241709.29 3258657.13  0.52%   108 1592s
  5386  3251 3253264.27   18  709 3241709.29 3258657.13  0.52%   108 1596s
  5389  3254 3252967.79   21  701 3241709.29 3258657.13  0.52%   108 1600s
  5401  3266 3252236.14   33  670 3241709.29 3258657.13  0.52%   108 1605s
  5419  3284 3250618.66   51  618 3241709.29 3258657.13  0.52%   108 1610s
  5437  3302 3249608.21   63  614 3241709.29 3258657.13  0.52%   108 1615s
  5461  3326 3248481.16   82  566 3241709.29 3258657.13  0.52%   108 1620s
  5482  3347 3247753.55   93  546 3241709.29 3258657.13  0.52%   108 1625s
  5507  3372 3246980.05   99  512 3241709.29 3258657.13  0.52%   108 1630s
  5549  3414 3245539.22  120  459 3241709.29 3258657.13  0.52%   108 1635s
  5600  3465 3243993.13  151  380 3241709.29 3258657.13  0.52%   108 1640s
  5647  3512 3243028.75  172  334 3241709.29 3258657.13  0.52%   107 1645s
  5715  3580 3241931.07  202  280 3241709.29 3258657.13  0.52%   107 1650s
  5735  3583 3252714.83   16  727 3241709.29 3258594.65  0.52%   107 1672s
  5737  3585 3252628.47   18  716 3241709.29 3258594.65  0.52%   107 1676s
  5739  3587 3252546.20   20  711 3241709.29 3258594.65  0.52%   107 1680s
  5744  3592 3252114.07   25  695 3241709.29 3258594.65  0.52%   107 1685s
  5755  3603 3251416.23   35  671 3241709.29 3258594.65  0.52%   108 1690s
  5768  3616 3250121.71   47  641 3241709.29 3258594.65  0.52%   108 1695s
  5784  3632 3249292.14   59  623 3241709.29 3258594.65  0.52%   108 1700s
  5802  3650 3248329.00   73  599 3241709.29 3258594.65  0.52%   108 1705s
  5828  3676 3247273.74   88  535 3241709.29 3258594.65  0.52%   108 1710s
  5859  3707 3246330.62  100  502 3241709.29 3258594.65  0.52%   108 1715s
  5895  3743 3245418.02  116  472 3241709.29 3258594.65  0.52%   107 1720s
  5945  3793 3243960.36  144  397 3241709.29 3258594.65  0.52%   107 1725s
  5995  3843 3242646.09  170  347 3241709.29 3258594.65  0.52%   107 1730s
  6032  3867 3252375.32   17  727 3241709.29 3258594.65  0.52%   108 1751s
  6034  3869 3252288.96   19  711 3241709.29 3258594.65  0.52%   108 1756s
  6036  3871 3252220.88   21  706 3241709.29 3258594.65  0.52%   108 1760s
  6039  3874 3251838.12   24  702 3241709.29 3258594.65  0.52%   108 1765s
  6051  3886 3251011.15   35  671 3241709.29 3258594.65  0.52%   108 1771s
  6066  3901 3250060.12   47  640 3241709.29 3258594.65  0.52%   108 1776s
  6080  3915 3249101.16   61  626 3241709.29 3258594.65  0.52%   108 1780s
  6091  3926 3248778.27   63  615 3241709.29 3258594.65  0.52%   108 1785s
  6115  3950 3247556.58   82  580 3241709.29 3258594.65  0.52%   108 1790s
  6140  3975 3246619.04   90  548 3241709.29 3258594.65  0.52%   108 1795s
  6173  4008 3245810.64  104  526 3241709.29 3258594.65  0.52%   108 1800s
  6209  4044 3244788.50  123  480 3241709.29 3258594.65  0.52%   108 1805s
  6251  4086 3243274.44  152  404 3241709.29 3258594.65  0.52%   107 1810s
  6311  4145 3242053.80  180  344 3241709.29 3258594.65  0.52%   107 1815s
  6343  4158 3252588.86   17  725 3241709.29 3258501.17  0.52%   108 1835s
  6345  4160 3252502.50   19  714 3241709.29 3258501.17  0.52%   108 1840s
  6353  4168 3251827.65   27  690 3241709.29 3258501.17  0.52%   108 1846s
  6365  4180 3250932.72   37  660 3241709.29 3258501.17  0.52%   108 1850s
  6375  4190 3250223.12   45  641 3241709.29 3258501.17  0.52%   108 1855s
  6388  4203 3249852.63   55  624 3241709.29 3258501.17  0.52%   108 1860s
  6401  4216 3248913.60   66  608 3241709.29 3258501.17  0.52%   108 1865s
  6418  4233 3248157.55   77  594 3241709.29 3258501.17  0.52%   108 1870s
  6438  4253 3247292.19   88  560 3241709.29 3258501.17  0.52%   108 1875s
  6463  4278 3246398.83  100  525 3241709.29 3258501.17  0.52%   108 1880s
  6492  4307 3245310.86  117  491 3241709.29 3258501.17  0.52%   108 1885s
  6546  4361 3243607.42  152  390 3241709.29 3258501.17  0.52%   107 1890s
  6582  4397 3242809.60  170  363 3241709.29 3258501.17  0.52%   107 1895s
  6646  4452 3241801.27  195  282 3241709.29 3258501.17  0.52%   107 1900s
  6653  4449 3251818.88   18  725 3241709.29 3258500.31  0.52%   108 1917s
  6655  4451 3251738.91   20  710 3241709.29 3258500.31  0.52%   108 1920s
  6665  4461 3250640.59   30  678 3241709.29 3258500.31  0.52%   108 1925s
  6679  4475 3249614.10   44  638 3241709.29 3258500.31  0.52%   108 1931s
  6696  4492 3248497.89   58  622 3241709.29 3258500.31  0.52%   108 1935s
  6726  4522 3247020.43   79  573 3241709.29 3258500.31  0.52%   108 1940s
  6763  4559 3245697.44  100  515 3241709.29 3258500.31  0.52%   108 1945s
  6791  4587 3245122.54  108  508 3241709.29 3258500.31  0.52%   108 1950s
  6845  4641 3243368.46  138  433 3241709.29 3258500.31  0.52%   107 1955s
  6899  4695 3242128.38  166  362 3241709.29 3258500.31  0.52%   107 1960s
  6926  4700 3251859.23   18  728 3241709.29 3258335.76  0.51%   108 1979s
  6928  4702 3251779.26   20  713 3241709.29 3258335.76  0.51%   108 1980s
  6937  4711 3250710.61   29  690 3241709.29 3258335.76  0.51%   108 1985s
  6952  4726 3249464.50   44  646 3241709.29 3258335.76  0.51%   108 1990s
  6979  4753 3247981.08   64  615 3241709.29 3258335.76  0.51%   108 1995s
  6998  4772 3247136.46   77  583 3241709.29 3258335.76  0.51%   108 2000s
  7037  4811 3245408.27  103  514 3241709.29 3258335.76  0.51%   108 2005s
  7072  4846 3244469.09  117  496 3241709.29 3258335.76  0.51%   108 2010s
  7137  4911 3242429.13  157  376 3241709.29 3258335.76  0.51%   108 2015s
  7181  4940 3253168.01   19  728 3241709.29 3258334.77  0.51%   108 2035s
  7189  4948 3252360.30   27  691 3241709.29 3258334.77  0.51%   108 2040s
  7204  4963 3251192.72   42  647 3241709.29 3258334.77  0.51%   108 2045s
  7222  4981 3249817.16   55  627 3241709.29 3258334.77  0.51%   108 2050s
  7250  5009 3248255.34   78  568 3241709.29 3258334.77  0.51%   108 2055s
  7283  5042 3246880.95   97  511 3241709.29 3258334.77  0.51%   108 2060s
  7329  5088 3245740.51  120  477 3241709.29 3258334.77  0.51%   108 2065s
  7386  5145 3243947.27  152  397 3241709.29 3258334.77  0.51%   108 2070s
  7452  5211 3242534.11  183  325 3241709.29 3258334.77  0.51%   108 2075s
  7505  5248 3253127.67   19  725 3241709.29 3258223.01  0.51%   108 2094s
  7510  5253 3252875.50   24  705 3241709.29 3258223.01  0.51%   108 2095s
  7520  5263 3251409.36   34  675 3241709.29 3258223.01  0.51%   108 2100s
  7534  5277 3250333.97   48  640 3241709.29 3258223.01  0.51%   108 2105s
  7549  5292 3248852.24   63  617 3241709.29 3258223.01  0.51%   108 2110s
  7571  5314 3246857.21   85  580 3241709.29 3258223.01  0.51%   108 2115s
  7595  5338 3244725.27  109  547 3241709.29 3258223.01  0.51%   108 2120s
  7616  5359 3243474.27  130  493 3241709.29 3258223.01  0.51%   108 2125s
  7655  5386 3252779.09   20  719 3241709.29 3258213.87  0.51%   109 2143s
  7661  5392 3252088.22   26  690 3241709.29 3258213.87  0.51%   109 2145s
  7673  5404 3251183.15   38  659 3241709.29 3258213.87  0.51%   109 2150s
  7690  5421 3249642.39   55  634 3241709.29 3258213.87  0.51%   108 2155s
  7704  5435 3248490.09   69  613 3241709.29 3258213.87  0.51%   109 2160s
  7726  5457 3247072.97   91  564 3241709.29 3258213.87  0.51%   108 2165s
  7758  5489 3245028.55  123  520 3241709.29 3258213.87  0.51%   108 2170s
  7800  5531 3242750.48  165  438 3241709.29 3258213.87  0.51%   108 2175s
  7827  5540 3252799.17   20  721 3241709.29 3258081.61  0.51%   109 2193s
  7833  5546 3252413.66   23  706 3241709.29 3258081.61  0.51%   109 2195s
  7845  5558 3251348.80   29  686 3241709.29 3258081.61  0.51%   109 2200s
  7855  5568 3251432.72   34  669 3241709.29 3258081.61  0.51%   109 2205s
  7871  5584 3250884.85   42  645 3241709.29 3258081.61  0.51%   109 2210s
  7896  5609 3249988.66   55  615 3241709.29 3258081.61  0.51%   109 2215s
  7925  5638 3248903.46   69  576 3241709.29 3258081.61  0.51%   109 2220s
  7955  5668 3247595.75   84  509 3241709.29 3258081.61  0.51%   109 2225s
  7979  5692 3246888.49   96  502 3241709.29 3258081.61  0.51%   109 2230s
  8006  5719 3245728.30  110  462 3241709.29 3258081.61  0.51%   109 2235s
  8056  5769 3244631.36  135  401 3241709.29 3258081.61  0.51%   109 2240s
  8099  5812 3243511.92  156  360 3241709.29 3258081.61  0.51%   109 2245s
  8159  5872 3242732.73  186  277 3241709.29 3258081.61  0.51%   108 2250s
  8218  5924 3242150.75  216  229 3241709.29 3258081.61  0.51%   108 2255s
H 8252  5850                    3241901.1438 3258081.61  0.50%   108 2259s
  8258  5846 3252717.24   21  722 3241901.14 3258081.61  0.50%   108 2276s
  8265  5853 3251716.08   28  689 3241901.14 3258081.61  0.50%   108 2280s
  8278  5866 3250677.72   41  658 3241901.14 3258081.61  0.50%   108 2287s
  8288  5876 3249744.62   51  642 3241901.14 3258081.61  0.50%   108 2290s
  8317  5905 3247634.60   80  586 3241901.14 3258081.61  0.50%   108 2295s
  8353  5941 3245190.49  116  524 3241901.14 3258081.61  0.50%   108 2300s
  8410  5984     cutoff  162      3241901.14 3258081.61  0.50%   108 2305s
  8413  5983 3252343.13   21  723 3241901.14 3257938.45  0.49%   109 2322s
  8420  5990 3251751.49   28  688 3241901.14 3257938.45  0.49%   109 2325s
  8436  6006 3250092.78   44  653 3241901.14 3257938.45  0.49%   109 2330s
  8451  6021 3248853.81   59  602 3241901.14 3257938.45  0.49%   109 2335s
  8471  6041 3247518.88   79  536 3241901.14 3257938.45  0.49%   109 2340s
  8512  6082 3244885.17  120  453 3241901.14 3257938.45  0.49%   109 2345s
  8560  6130 3242314.44  168  309 3241901.14 3257938.45  0.49%   109 2350s
  8579  6137 3252502.74   22  724 3241901.14 3257937.93  0.49%   109 2370s
  8590  6148 3251088.71   33  679 3241901.14 3257937.93  0.49%   109 2375s
  8608  6166 3249938.49   46  656 3241901.14 3257937.93  0.49%   109 2380s
  8633  6191 3248551.68   64  612 3241901.14 3257937.93  0.49%   109 2385s
  8662  6220 3247183.27   87  543 3241901.14 3257937.93  0.49%   109 2390s
  8710  6268 3245643.85  106  488 3241901.14 3257937.93  0.49%   109 2395s
  8764  6322 3244067.22  135  423 3241901.14 3257937.93  0.49%   109 2400s
  8832  6390 3242201.40  177  337 3241901.14 3257937.93  0.49%   109 2405s
  8853  6395 3252498.89   22  720 3241901.14 3257827.06  0.49%   109 2424s
  8854  6396 3252472.38   23  710 3241901.14 3257827.06  0.49%   109 2425s
  8865  6407 3250798.91   34  679 3241901.14 3257827.06  0.49%   109 2430s
  8877  6419 3249684.03   46  656 3241901.14 3257827.06  0.49%   109 2435s
  8895  6437 3248192.33   64  629 3241901.14 3257827.06  0.49%   109 2440s
  8909  6451 3247274.37   78  599 3241901.14 3257827.06  0.49%   109 2445s
  8924  6466 3245633.11   93  561 3241901.14 3257827.06  0.49%   109 2450s
  8949  6491 3243990.94  118  529 3241901.14 3257827.06  0.49%   109 2455s
  8973  6515 3242446.42  142  484 3241901.14 3257827.06  0.49%   109 2460s
  8988  6518 3252225.78   23  718 3241901.14 3257706.10  0.49%   110 2478s
  8989  6519 3252199.27   24  708 3241901.14 3257706.10  0.49%   110 2480s
  8991  6521 3252021.48   26  698 3241901.14 3257706.10  0.49%   110 2485s
  8998  6528 3251181.22   33  671 3241901.14 3257706.10  0.49%   110 2490s
  9015  6545 3249707.70   50  648 3241901.14 3257706.10  0.49%   110 2497s
  9022  6552 3248843.02   57  633 3241901.14 3257706.10  0.49%   110 2500s
  9038  6568 3247704.97   73  601 3241901.14 3257706.10  0.49%   110 2505s
  9062  6592 3246145.29   97  556 3241901.14 3257706.10  0.49%   110 2510s
  9084  6614 3244481.84  119  504 3241901.14 3257706.10  0.49%   110 2515s
  9121  6651 3242456.78  156  446 3241901.14 3257706.10  0.49%   110 2520s
  9143  6654 3252266.28   25  706 3241901.14 3257705.90  0.49%   110 2539s
  9144  6655 3252238.63   26  696 3241901.14 3257705.90  0.49%   110 2541s
  9148  6659 3251808.39   30  681 3241901.14 3257705.90  0.49%   110 2546s
  9156  6667 3250384.47   38  644 3241901.14 3257705.90  0.49%   110 2550s
  9166  6677 3249135.03   48  628 3241901.14 3257705.90  0.49%   110 2555s
  9184  6695 3247394.72   66  583 3241901.14 3257705.90  0.49%   110 2560s
  9196  6707 3246594.29   78  575 3241901.14 3257705.90  0.49%   110 2565s
  9224  6735 3244544.37  106  532 3241901.14 3257705.90  0.49%   110 2570s
  9252  6763 3242916.95  134  498 3241901.14 3257705.90  0.49%   110 2576s
  9281  6777 3251673.14   25  710 3241901.14 3257678.84  0.49%   111 2594s
  9282  6778 3251549.16   26  702 3241901.14 3257678.84  0.49%   111 2596s
  9287  6783 3251407.10   27  695 3241901.14 3257678.84  0.49%   111 2601s
  9292  6788 3250419.60   32  680 3241901.14 3257678.84  0.49%   111 2605s
  9307  6803 3250108.31   35  670 3241901.14 3257678.84  0.49%   111 2613s
  9314  6810 3250021.95   38  667 3241901.14 3257678.84  0.49%   111 2615s
  9326  6822 3248719.40   46  663 3241901.14 3257678.84  0.49%   111 2620s
  9344  6840 3247726.63   55  650 3241901.14 3257678.84  0.49%   111 2625s
  9362  6858 3246271.38   62  639 3241901.14 3257678.84  0.49%   111 2630s
  9374  6870 3246028.72   66  636 3241901.14 3257678.84  0.49%   111 2635s
  9389  6885 3245164.63   72  621 3241901.14 3257678.84  0.49%   111 2640s
  9403  6899 3244079.04   76  609 3241901.14 3257678.84  0.49%   111 2645s
  9418  6914 3243276.97   84  572 3241901.14 3257678.84  0.49%   111 2650s
  9450  6938 3242122.63   96  542 3241901.14 3257678.84  0.49%   111 2656s
  9460  6939 3251770.37   27  702 3241901.14 3257678.73  0.49%   112 2672s
  9461  6940 3251745.18   28  692 3241901.14 3257678.73  0.49%   112 2675s
  9466  6945 3251139.01   33  666 3241901.14 3257678.73  0.49%   112 2680s
  9480  6959 3249486.08   47  640 3241901.14 3257678.73  0.49%   112 2686s
  9488  6967 3248490.37   55  629 3241901.14 3257678.73  0.49%   112 2690s
  9501  6980 3247431.98   68  612 3241901.14 3257678.73  0.49%   112 2695s
  9513  6992 3246129.50   80  580 3241901.14 3257678.73  0.49%   112 2700s
  9532  7011 3244659.09   99  551 3241901.14 3257678.73  0.49%   112 2705s
  9558  7037 3242904.67  125  509 3241901.14 3257678.73  0.49%   112 2710s
  9580  7049 3251992.02   27  699 3241901.14 3257674.07  0.49%   113 2727s
  9582  7051 3251824.88   29  682 3241901.14 3257674.07  0.49%   113 2732s
  9588  7057 3251399.32   35  662 3241901.14 3257674.07  0.49%   113 2735s
  9599  7068 3250057.70   46  626 3241901.14 3257674.07  0.49%   113 2740s
  9610  7079 3249144.64   57  597 3241901.14 3257674.07  0.49%   113 2745s
  9628  7097 3247660.59   75  535 3241901.14 3257674.07  0.49%   113 2750s
  9658  7127 3245463.06  105  481 3241901.14 3257674.07  0.49%   112 2756s
  9694  7163 3243274.20  141  382 3241901.14 3257674.07  0.49%   112 2760s
  9742  7190     cutoff  172      3241901.14 3257674.07  0.49%   112 2765s
  9747  7187 3251467.17   24  721 3241901.14 3257673.68  0.49%   113 2781s
  9749  7189 3251139.53   26  710 3241901.14 3257673.68  0.49%   113 2786s
  9755  7195 3250375.53   32  686 3241901.14 3257673.68  0.49%   113 2790s
  9764  7204 3249581.91   41  665 3241901.14 3257673.68  0.49%   113 2795s
  9773  7213 3248568.66   50  646 3241901.14 3257673.68  0.49%   113 2800s
  9785  7225 3247528.98   62  624 3241901.14 3257673.68  0.49%   113 2805s
  9801  7241 3245928.34   78  584 3241901.14 3257673.68  0.49%   113 2811s
  9814  7254 3244788.13   91  556 3241901.14 3257673.68  0.49%   113 2815s
  9838  7278 3242468.54  115  493 3241901.14 3257673.68  0.49%   113 2820s
  9857  7279 3252043.23   24  716 3241901.14 3257606.95  0.48%   113 2841s
  9859  7281 3251938.00   26  703 3241901.14 3257606.95  0.48%   113 2846s
  9863  7285 3251425.56   30  685 3241901.14 3257606.95  0.48%   113 2850s
  9872  7294 3250515.16   39  667 3241901.14 3257606.95  0.48%   113 2855s
  9881  7303 3249613.99   48  648 3241901.14 3257606.95  0.48%   113 2860s
  9897  7319 3248080.19   64  618 3241901.14 3257606.95  0.48%   113 2865s
  9904  7326 3247466.57   71  609 3241901.14 3257606.95  0.48%   113 2870s
  9922  7344 3246147.80   89  578 3241901.14 3257606.95  0.48%   113 2875s
  9946  7368 3244519.29  113  537 3241901.14 3257606.95  0.48%   113 2880s
  9970  7392 3243281.12  137  481 3241901.14 3257606.95  0.48%   113 2885s
  9990  7411 3242163.67  157  446 3241901.14 3257606.95  0.48%   113 2890s
 10006  7410 3251485.71   26  705 3241901.14 3257606.41  0.48%   114 2907s
 10008  7412 3251285.54   28  701 3241901.14 3257606.41  0.48%   114 2911s
 10017  7421 3250236.90   37  665 3241901.14 3257606.41  0.48%   114 2915s
 10029  7433 3249117.69   49  646 3241901.14 3257606.41  0.48%   114 2920s
 10038  7442 3247940.31   58  622 3241901.14 3257606.41  0.48%   114 2925s
 10054  7458 3246495.23   74  591 3241901.14 3257606.41  0.48%   114 2930s
 10075  7479 3244493.35   95  563 3241901.14 3257606.41  0.48%   114 2935s
 10100  7504 3242488.73  120  489 3241901.14 3257606.41  0.48%   114 2940s
 10124  7511 3251503.28   26  710 3241901.14 3257525.78  0.48%   114 2959s
 10125  7512 3251476.08   27  700 3241901.14 3257525.78  0.48%   114 2960s
 10137  7524 3250156.78   39  665 3241901.14 3257525.78  0.48%   114 2965s
 10149  7536 3248899.24   51  641 3241901.14 3257525.78  0.48%   114 2970s
 10163  7550 3247605.06   65  614 3241901.14 3257525.78  0.48%   114 2976s
 10171  7558 3246928.35   73  602 3241901.14 3257525.78  0.48%   114 2980s
 10188  7575 3245587.81   90  585 3241901.14 3257525.78  0.48%   114 2985s
 10212  7599 3243856.64  114  533 3241901.14 3257525.78  0.48%   114 2990s
 10243  7630 3242210.89  145  481 3241901.14 3257525.78  0.48%   114 2995s
 10256  7630 3251920.67   28  703 3241901.14 3257525.78  0.48%   115 3013s
 10258  7632 3251751.07   30  686 3241901.14 3257525.78  0.48%   115 3016s
 10265  7639 3251007.32   37  666 3241901.14 3257525.78  0.48%   115 3021s
 10273  7647 3250323.43   43  645 3241901.14 3257525.78  0.48%   115 3025s
 10286  7660 3249309.40   54  630 3241901.14 3257525.78  0.48%   115 3030s
 10299  7673 3248494.18   65  612 3241901.14 3257525.78  0.48%   115 3036s
 10318  7692 3247440.75   79  582 3241901.14 3257525.78  0.48%   115 3040s
 10342  7716 3246675.92   90  550 3241901.14 3257525.78  0.48%   115 3045s
 10372  7746 3245454.65  104  498 3241901.14 3257525.78  0.48%   115 3050s
 10400  7774 3244750.86  121  468 3241901.14 3257525.78  0.48%   115 3055s
 10455  7829 3243366.39  144  423 3241901.14 3257525.78  0.48%   114 3060s
 10503  7871 3241939.84  171  318 3241901.14 3257525.78  0.48%   114 3065s
 10512  7866 3251908.25   28  695 3241901.14 3257482.00  0.48%   115 3081s
 10515  7869 3251577.38   31  674 3241901.14 3257482.00  0.48%   115 3086s
 10519  7873 3251219.32   35  663 3241901.14 3257482.00  0.48%   115 3090s
 10536  7890 3249519.49   52  625 3241901.14 3257482.00  0.48%   115 3095s
 10553  7907 3247865.37   69  602 3241901.14 3257482.00  0.48%   115 3100s
 10568  7922 3246527.37   84  575 3241901.14 3257482.00  0.48%   115 3105s
 10587  7941 3245059.96  103  556 3241901.14 3257482.00  0.48%   115 3110s
 10624  7978 3242880.42  140  500 3241901.14 3257482.00  0.48%   115 3115s
 10657  7990     cutoff  158      3241901.14 3257482.00  0.48%   115 3120s
 10658  7991 3251083.99   29  712 3241901.14 3257480.60  0.48%   115 3135s
 10661  7994 3250900.91   32  690 3241901.14 3257480.60  0.48%   115 3140s
 10672  8005 3249578.39   43  662 3241901.14 3257480.60  0.48%   115 3145s
 10684  8017 3248309.10   55  618 3241901.14 3257480.60  0.48%   115 3150s
 10700  8033 3246828.26   71  578 3241901.14 3257480.60  0.48%   115 3155s
 10722  8055 3245237.34   93  525 3241901.14 3257480.60  0.48%   115 3160s
 10765  8095 3241988.61  136  428 3241901.14 3257480.60  0.48%   115 3165s
 10772  8094 3251752.38   29  704 3241901.14 3257403.23  0.48%   115 3180s
 10781  8103 3250793.64   38  663 3241901.14 3257403.23  0.48%   116 3185s
 10797  8119 3249270.35   54  646 3241901.14 3257403.23  0.48%   116 3190s
 10813  8135 3247916.02   70  611 3241901.14 3257403.23  0.48%   116 3195s
 10829  8151 3246583.70   86  583 3241901.14 3257403.23  0.48%   116 3200s
 10850  8172 3244875.84  107  561 3241901.14 3257403.23  0.48%   115 3205s
 10880  8202 3243250.68  137  509 3241901.14 3257403.23  0.48%   115 3210s
 10908  8221 3251794.70   23  722 3241901.14 3257313.24  0.48%   116 3231s
 10916  8229 3251170.25   31  685 3241901.14 3257313.24  0.48%   116 3235s
 10926  8239 3249820.43   41  666 3241901.14 3257313.24  0.48%   116 3240s
 10941  8254 3248134.56   56  642 3241901.14 3257313.24  0.48%   116 3245s
 10955  8268 3247113.10   70  626 3241901.14 3257313.24  0.48%   116 3250s
 10967  8280 3245876.88   82  622 3241901.14 3257313.24  0.48%   116 3255s
 10973  8286 3245354.31   88  605 3241901.14 3257313.24  0.48%   116 3261s
 10985  8298 3244299.56  100  584 3241901.14 3257313.24  0.48%   116 3265s
 11023  8330     cutoff  135      3241901.14 3257313.24  0.48%   116 3270s
 11036  8329 3251383.62   31  694 3241901.14 3257303.37  0.48%   116 3285s
 11048  8341 3250616.68   37  662 3241901.14 3257303.37  0.48%   116 3290s
 11062  8355 3250090.87   44  653 3241901.14 3257303.37  0.48%   116 3295s
 11082  8375 3248962.88   54  624 3241901.14 3257303.37  0.48%   116 3300s
 11099  8392 3248594.48   63  612 3241901.14 3257303.37  0.48%   117 3305s
 11127  8420 3247472.19   77  563 3241901.14 3257303.37  0.48%   117 3310s
 11160  8453 3246209.27   93  527 3241901.14 3257303.37  0.48%   117 3315s
 11200  8493 3245053.61  113  464 3241901.14 3257303.37  0.48%   117 3320s
 11246  8539 3243912.79  136  402 3241901.14 3257303.37  0.48%   116 3325s
 11286  8579 3243059.42  156  373 3241901.14 3257303.37  0.48%   116 3330s
 11337  8626 3242090.18  182  325 3241901.14 3257303.37  0.48%   116 3335s
 11347  8624 3251404.73   31  696 3241901.14 3257109.11  0.47%   116 3351s
 11352  8629 3251120.63   33  688 3241901.14 3257109.11  0.47%   116 3355s
 11360  8637 3249701.17   38  663 3241901.14 3257109.11  0.47%   117 3360s
 11376  8653 3248521.34   43  646 3241901.14 3257109.11  0.47%   117 3365s
 11397  8674 3247695.12   49  628 3241901.14 3257109.11  0.47%   117 3370s
 11418  8695 3246625.38   55  628 3241901.14 3257109.11  0.47%   117 3375s
 11443  8720 3244677.50   67  600 3241901.14 3257109.11  0.47%   117 3380s
 11472  8749 3243288.07   77  595 3241901.14 3257109.11  0.47%   117 3385s
 11503  8778 3242147.26   89  558 3241901.14 3257109.11  0.47%   117 3390s
 11519  8778 3251365.47   32  688 3241901.14 3257103.84  0.47%   117 3406s
 11526  8785 3250515.49   39  657 3241901.14 3257103.84  0.47%   117 3410s
 11539  8798 3249165.07   52  633 3241901.14 3257103.84  0.47%   117 3415s
 11556  8815 3247807.47   69  607 3241901.14 3257103.84  0.47%   117 3420s
 11571  8830 3246304.87   84  588 3241901.14 3257103.84  0.47%   117 3425s
 11596  8855 3244370.12  109  553 3241901.14 3257103.84  0.47%   117 3430s
 11638  8897 3242040.23  151  472 3241901.14 3257103.84  0.47%   117 3435s
 11649  8894 3250829.03   32  687 3241901.14 3257010.37  0.47%   118 3449s
 11652  8897 3250601.71   35  667 3241901.14 3257010.37  0.47%   118 3450s
 11664  8909 3248792.57   47  639 3241901.14 3257010.37  0.47%   118 3455s
 11682  8927 3247291.25   65  617 3241901.14 3257010.37  0.47%   118 3460s
 11695  8940 3246047.19   78  592 3241901.14 3257010.37  0.47%   118 3465s
 11718  8963 3244261.26  101  575 3241901.14 3257010.37  0.47%   118 3470s
 11748  8985     cutoff  127      3241901.14 3257010.37  0.47%   118 3475s
 11756  8983 3250797.61   33  683 3241901.14 3257008.57  0.47%   118 3486s
 11766  8993 3249845.89   43  644 3241901.14 3257008.57  0.47%   118 3490s
 11782  9009 3247742.26   59  611 3241901.14 3257008.57  0.47%   118 3495s
 11803  9030 3246008.17   80  563 3241901.14 3257008.57  0.47%   118 3500s
 11834  9061 3243608.28  111  472 3241901.14 3257008.57  0.47%   118 3505s
 11870  9081 3251165.52   33  689 3241901.14 3256928.39  0.46%   118 3521s
 11876  9087 3250454.20   39  656 3241901.14 3256928.39  0.46%   118 3525s
 11890  9101 3248822.39   53  634 3241901.14 3256928.39  0.46%   118 3530s
 11906  9117 3246958.29   69  588 3241901.14 3256928.39  0.46%   118 3535s
 11925  9136 3245069.74   88  567 3241901.14 3256928.39  0.46%   118 3540s
 11958  9167 3242142.03  121  503 3241901.14 3256928.39  0.46%   118 3545s
 11971  9168 3250804.49   34  680 3241901.14 3256927.08  0.46%   119 3559s
 11972  9169 3250777.15   35  670 3241901.14 3256927.08  0.46%   119 3560s
 11986  9183 3249343.19   48  635 3241901.14 3256927.08  0.46%   119 3565s
 12005  9202 3248329.96   61  615 3241901.14 3256927.08  0.46%   119 3570s
 12031  9228 3247104.11   77  568 3241901.14 3256927.08  0.46%   119 3575s
 12064  9261 3246009.01   93  547 3241901.14 3256927.08  0.46%   119 3580s
 12121  9318 3244234.82  120  470 3241901.14 3256927.08  0.46%   119 3585s
 12167  9364 3242843.28  142  398 3241901.14 3256927.08  0.46%   118 3590s
 12209  9394 3250617.54   34  682 3241901.14 3256838.79  0.46%   119 3607s
 12214  9399 3250071.05   39  652 3241901.14 3256838.79  0.46%   119 3610s
 12228  9413 3248570.10   53  625 3241901.14 3256838.79  0.46%   119 3615s
 12245  9430 3246945.93   70  601 3241901.14 3256838.79  0.46%   119 3620s
 12261  9446 3245364.06   86  573 3241901.14 3256838.79  0.46%   119 3625s
 12289  9474 3242795.24  114  531 3241901.14 3256838.79  0.46%   119 3630s
 12304  9479 3250902.73   30  702 3241901.14 3256838.43  0.46%   119 3648s
 12310  9485 3250279.66   36  678 3241901.14 3256838.43  0.46%   119 3650s
 12320  9495 3249069.17   46  643 3241901.14 3256838.43  0.46%   119 3655s
 12335  9510 3247651.10   61  617 3241901.14 3256838.43  0.46%   119 3660s
 12351  9526 3246504.01   77  594 3241901.14 3256838.43  0.46%   119 3665s
 12366  9541 3245289.49   92  573 3241901.14 3256838.43  0.46%   119 3670s
 12399  9574 3243109.16  125  519 3241901.14 3256838.43  0.46%   119 3675s
 12428  9589 3250878.81   30  695 3241901.14 3256817.68  0.46%   119 3691s
 12435  9596 3250083.88   37  667 3241901.14 3256817.68  0.46%   120 3695s
 12450  9611 3247666.09   52  634 3241901.14 3256817.68  0.46%   120 3700s
 12473  9634 3245383.74   75  591 3241901.14 3256817.68  0.46%   119 3705s
 12493  9654 3243723.83   95  561 3241901.14 3256817.68  0.46%   119 3710s
 12528  9675 3251141.04   35  683 3241901.14 3256816.60  0.46%   120 3727s
 12533  9680 3250599.47   40  652 3241901.14 3256816.60  0.46%   120 3730s
 12546  9693 3249276.87   53  634 3241901.14 3256816.60  0.46%   120 3735s
 12555  9702 3248446.73   62  615 3241901.14 3256816.60  0.46%   120 3740s
 12576  9723 3246665.39   83  577 3241901.14 3256816.60  0.46%   120 3745s
 12601  9748 3244684.99  108  550 3241901.14 3256816.60  0.46%   120 3750s
 12644  9791 3242256.72  151  472 3241901.14 3256816.60  0.46%   119 3755s
 12659  9791 3250927.86   35  684 3241901.14 3256543.37  0.45%   120 3770s
 12670  9802 3249768.57   46  631 3241901.14 3256543.37  0.45%   120 3775s
 12693  9825 3247611.50   69  576 3241901.14 3256543.37  0.45%   120 3780s
 12713  9845 3246080.78   89  551 3241901.14 3256543.37  0.45%   120 3785s
 12753  9885 3242855.13  129  425 3241901.14 3256543.37  0.45%   120 3790s
 12775  9895 3250480.39   36  686 3241901.14 3256522.94  0.45%   120 3805s
 12786  9906 3249279.05   47  650 3241901.14 3256522.94  0.45%   120 3810s
 12803  9923 3247780.15   64  614 3241901.14 3256522.94  0.45%   120 3815s
 12818  9938 3246492.81   79  588 3241901.14 3256522.94  0.45%   120 3820s
 12834  9954 3245266.78   95  570 3241901.14 3256522.94  0.45%   120 3825s
 12860  9980 3243350.96  121  520 3241901.14 3256522.94  0.45%   120 3830s
 12897  9999 3250503.48   36  685 3241901.14 3256461.98  0.45%   120 3847s
 12902 10004 3249982.11   41  656 3241901.14 3256461.98  0.45%   120 3850s
 12914 10016 3248499.51   53  633 3241901.14 3256461.98  0.45%   120 3855s
 12933 10035 3246756.16   72  594 3241901.14 3256461.98  0.45%   120 3860s
 12953 10055 3245037.38   92  566 3241901.14 3256461.98  0.45%   120 3865s
 12964 10066 3243575.14  103  552 3241901.14 3256461.98  0.45%   120 3870s
 12990 10084     cutoff  124      3241901.14 3256461.98  0.45%   120 3875s
 12995 10081 3250455.50   37  680 3241901.14 3256461.86  0.45%   121 3888s
 12999 10085 3250428.35   38  669 3241901.14 3256461.86  0.45%   121 3890s
 13019 10105 3246523.77   53  622 3241901.14 3256461.86  0.45%   121 3895s
 13037 10123 3245415.85   60  615 3241901.14 3256461.86  0.45%   121 3900s
 13074 10160 3243218.65   78  567 3241901.14 3256461.86  0.45%   121 3905s
 13098 10179 3242180.06   88  548 3241901.14 3256461.86  0.45%   121 3911s
 13104 10180 3250605.34   37  681 3241901.14 3256425.30  0.45%   121 3925s
 13110 10186 3250044.86   43  652 3241901.14 3256425.30  0.45%   121 3930s
 13123 10199 3248521.43   56  623 3241901.14 3256425.30  0.45%   121 3935s
 13135 10211 3247216.94   68  600 3241901.14 3256425.30  0.45%   121 3940s
 13159 10235 3245084.12   92  570 3241901.14 3256425.30  0.45%   121 3945s
 13180 10256 3243350.00  113  542 3241901.14 3256425.30  0.45%   121 3950s
 13224 10276 3242000.05  135  498 3241901.14 3256425.30  0.45%   121 3955s
 13245 10271 3253682.73   14  719 3241901.14 3256424.23  0.45%   121 3968s
 13246 10272 3253573.77   15  717 3241901.14 3256424.23  0.45%   121 3971s
 13250 10276 3253018.39   19  712 3241901.14 3256424.23  0.45%   121 3975s
 13259 10285 3252100.71   28  690 3241901.14 3256424.23  0.45%   121 3980s
 13271 10297 3251192.36   40  656 3241901.14 3256424.23  0.45%   121 3985s
 13283 10309 3250083.39   52  638 3241901.14 3256424.23  0.45%   121 3990s
 13297 10323 3248923.81   66  608 3241901.14 3256424.23  0.45%   121 3995s
 13319 10345 3247413.19   88  584 3241901.14 3256424.23  0.45%   121 4000s
 13338 10364 3246122.73  107  559 3241901.14 3256424.23  0.45%   121 4005s
 13379 10405 3243894.88  148  466 3241901.14 3256424.23  0.45%   121 4010s
 13415 10439     cutoff  184      3241901.14 3256424.23  0.45%   121 4015s
 13423 10435 3253591.47   14  726 3241901.14 3256372.49  0.45%   121 4026s
 13425 10437 3253433.31   16  718 3241901.14 3256372.49  0.45%   121 4030s
 13432 10444 3252528.14   23  704 3241901.14 3256372.49  0.45%   121 4035s
 13443 10455 3251513.96   34  681 3241901.14 3256372.49  0.45%   121 4040s
 13455 10467 3250822.10   43  654 3241901.14 3256372.49  0.45%   121 4045s
 13482 10494 3249243.35   62  610 3241901.14 3256372.49  0.45%   121 4051s
 13502 10514 3248719.85   70  601 3241901.14 3256372.49  0.45%   121 4055s
 13530 10542 3247157.12   93  548 3241901.14 3256372.49  0.45%   121 4060s
 13580 10592 3245169.40  129  447 3241901.14 3256372.49  0.45%   121 4065s
 13642 10654 3243532.17  165  380 3241901.14 3256372.49  0.45%   121 4070s
 13712 10724 3242366.67  208  279 3241901.14 3256372.49  0.45%   120 4075s
 13767 10755 3250157.54   39  675 3241901.14 3256370.12  0.45%   121 4089s
 13768 10756 3250131.43   40  665 3241901.14 3256370.12  0.45%   121 4091s
 13773 10761 3249643.11   45  640 3241901.14 3256370.12  0.45%   121 4095s
 13787 10775 3248288.51   59  603 3241901.14 3256370.12  0.45%   121 4100s
 13808 10796 3246015.85   80  549 3241901.14 3256370.12  0.45%   121 4105s
 13840 10828 3243581.53  112  483 3241901.14 3256370.12  0.45%   120 4110s
 13870 10842 3250362.88   39  677 3241901.14 3256327.40  0.44%   121 4124s
 13871 10843 3250336.77   40  667 3241901.14 3256327.40  0.44%   121 4127s
 13876 10848 3249441.11   42  665 3241901.14 3256327.40  0.44%   121 4130s
 13888 10860 3249615.62   48  638 3241901.14 3256327.40  0.44%   121 4135s
 13898 10870 3248977.38   53  614 3241901.14 3256327.40  0.44%   121 4140s
 13917 10889 3248245.93   63  603 3241901.14 3256327.40  0.44%   121 4145s
 13947 10919 3247159.16   78  556 3241901.14 3256327.40  0.44%   121 4150s
 13961 10933 3246665.40   85  553 3241901.14 3256327.40  0.44%   121 4155s
 13981 10953 3245891.14   95  517 3241901.14 3256327.40  0.44%   121 4160s
 14023 10995 3244741.52  116  486 3241901.14 3256327.40  0.44%   121 4165s
 14068 11040 3242699.08  138  410 3241901.14 3256327.40  0.44%   121 4170s
 14114 11084 3242028.61  161  352 3241901.14 3256327.40  0.44%   121 4175s
 14131 11085 3250455.59   40  674 3241901.14 3256326.32  0.44%   121 4189s
 14132 11086 3250429.48   41  664 3241901.14 3256326.32  0.44%   121 4190s
 14135 11089 3249991.31   44  652 3241901.14 3256326.32  0.44%   121 4195s
 14149 11103 3248575.63   58  620 3241901.14 3256326.32  0.44%   121 4201s
 14162 11116 3247433.77   71  601 3241901.14 3256326.32  0.44%   121 4205s
 14181 11135 3246031.38   90  572 3241901.14 3256326.32  0.44%   121 4210s
 14198 11152 3244392.03  107  560 3241901.14 3256326.32  0.44%   121 4215s
 14238 11192 3241958.90  147  446 3241901.14 3256326.32  0.44%   121 4220s
 14252 11188 3250242.41   40  675 3241901.14 3256311.13  0.44%   121 4237s
 14254 11190 3249989.60   42  671 3241901.14 3256311.13  0.44%   121 4244s
 14255 11191 3249851.69   43  664 3241901.14 3256311.13  0.44%   121 4245s
 14265 11201 3248751.34   53  638 3241901.14 3256311.13  0.44%   121 4250s
 14283 11219 3247101.08   71  615 3241901.14 3256311.13  0.44%   121 4255s
 14298 11234 3245510.85   86  585 3241901.14 3256311.13  0.44%   121 4260s
 14324 11260 3243512.16  112  522 3241901.14 3256311.13  0.44%   121 4265s
 14358 11274 3253600.50   16  714 3241901.14 3256310.56  0.44%   121 4281s
 14362 11278 3253137.40   20  703 3241901.14 3256310.56  0.44%   121 4285s
 14373 11289 3252064.92   31  682 3241901.14 3256310.56  0.44%   121 4291s
 14385 11301 3251119.02   43  653 3241901.14 3256310.56  0.44%   121 4295s
 14400 11316 3249719.13   58  639 3241901.14 3256310.56  0.44%   121 4301s
 14415 11331 3248622.69   73  608 3241901.14 3256310.56  0.44%   121 4305s
 14435 11351 3247410.44   93  583 3241901.14 3256310.56  0.44%   121 4310s
 14460 11376 3245753.75  118  544 3241901.14 3256310.56  0.44%   121 4315s
 14498 11414 3243216.52  156  470 3241901.14 3256310.56  0.44%   121 4320s
 14528 11432 3253509.69   16  711 3241901.14 3256276.54  0.44%   121 4333s
 14529 11433 3253388.11   17  712 3241901.14 3256276.54  0.44%   121 4336s
 14539 11443 3252255.43   27  699 3241901.14 3256276.54  0.44%   121 4340s
 14544 11448 3251723.41   32  686 3241901.14 3256276.54  0.44%   121 4345s
 14561 11465 3250097.37   49  647 3241901.14 3256276.54  0.44%   121 4350s
 14573 11477 3249065.29   61  631 3241901.14 3256276.54  0.44%   121 4355s
 14589 11493 3247690.90   77  611 3241901.14 3256276.54  0.44%   121 4360s
 14605 11509 3245596.70   93  587 3241901.14 3256276.54  0.44%   121 4434s
 14606 11510 3245503.50   94  593 3241901.14 3256276.54  0.44%   121 4435s
 14621 11525 3244218.53  109  562 3241901.14 3256276.54  0.44%   121 4441s
 14651 11551 3242520.81  136  507 3241901.14 3256276.54  0.44%   121 4445s
 14675 11555 3253528.97   15  721 3241901.14 3256266.07  0.44%   121 4459s
 14676 11556 3253420.05   16  719 3241901.14 3256266.07  0.44%   121 4461s
 14680 11560 3252945.09   20  701 3241901.14 3256266.07  0.44%   121 4465s
 14689 11569 3252092.15   29  692 3241901.14 3256266.07  0.44%   121 4470s
 14701 11581 3251178.73   41  658 3241901.14 3256266.07  0.44%   121 4476s
 14711 11591 3250143.83   51  639 3241901.14 3256266.07  0.44%   121 4480s
 14726 11606 3248771.80   66  616 3241901.14 3256266.07  0.44%   121 4485s
 14743 11623 3247381.00   83  594 3241901.14 3256266.07  0.44%   121 4490s
 14766 11646 3245779.05  106  551 3241901.14 3256266.07  0.44%   121 4495s
 14805 11685 3243527.47  145  463 3241901.14 3256266.07  0.44%   121 4500s
 14845 11711 3253095.54   15  721 3241901.14 3256174.04  0.44%   121 4516s
 14850 11716 3252515.62   20  713 3241901.14 3256174.04  0.44%   121 4520s
 14857 11723 3251852.45   27  702 3241901.14 3256174.04  0.44%   121 4525s
 14874 11740 3250334.64   44  643 3241901.14 3256174.04  0.44%   121 4531s
 14887 11753 3248835.74   57  614 3241901.14 3256174.04  0.44%   121 4535s
 14909 11775 3247294.73   79  560 3241901.14 3256174.04  0.44%   121 4540s
 14938 11804 3245209.19  108  492 3241901.14 3256174.04  0.44%   121 4545s
 14958 11824 3243993.14  128  416 3241901.14 3256174.04  0.44%   121 4550s
 15001 11867 3242054.65  171  299 3241901.14 3256174.04  0.44%   121 4555s
 15017 11865 3250088.47   41  665 3241901.14 3256172.74  0.44%   121 4569s
 15018 11866 3250062.37   42  655 3241901.14 3256172.74  0.44%   121 4571s
 15020 11868 3249771.98   44  650 3241901.14 3256172.74  0.44%   121 4575s
 15030 11878 3248703.12   54  619 3241901.14 3256172.74  0.44%   121 4614s
 15031 11879 3248619.40   55  619 3241901.14 3256172.74  0.44%   121 4615s
 15041 11889 3247696.77   65  599 3241901.14 3256172.74  0.44%   121 4620s
 15053 11901 3246544.45   77  586 3241901.14 3256172.74  0.44%   121 4625s
 15076 11924 3245040.13  100  549 3241901.14 3256172.74  0.44%   121 4630s
 15095 11943 3243533.75  119  533 3241901.14 3256172.74  0.44%   121 4637s
 15122 11961 3242131.47  139  490 3241901.14 3256172.74  0.44%   121 4640s
 15130 11961 3249448.34   41  670 3241901.14 3256148.59  0.44%   121 4653s
 15131 11962 3249422.23   42  660 3241901.14 3256148.59  0.44%   121 4656s
 15140 11971 3248573.80   47  642 3241901.14 3256148.59  0.44%   121 4660s
 15154 11985 3247729.62   53  641 3241901.14 3256148.59  0.44%   122 4665s
 15173 12004 3246677.63   63  616 3241901.14 3256148.59  0.44%   122 4670s
 15190 12021 3245990.09   69  600 3241901.14 3256148.59  0.44%   122 4675s
 15215 12046 3244528.33   79  570 3241901.14 3256148.59  0.44%   122 4680s
 15247 12070     cutoff   91      3241901.14 3256148.59  0.44%   122 4685s
 15252 12069 3253140.35   17  714 3241901.14 3256148.50  0.44%   122 4697s
 15254 12071 3252868.35   19  710 3241901.14 3256148.50  0.44%   122 4701s
 15261 12078 3252178.50   26  694 3241901.14 3256148.50  0.44%   122 4705s
 15279 12096 3250886.67   43  649 3241901.14 3256148.50  0.44%   122 4712s
 15296 12113 3249774.15   55  628 3241901.14 3256148.50  0.44%   122 4715s
 15326 12143 3248385.80   73  581 3241901.14 3256148.50  0.44%   122 4720s
 15362 12179 3246677.77  100  528 3241901.14 3256148.50  0.44%   122 4725s
 15407 12224 3244973.17  129  455 3241901.14 3256148.50  0.44%   122 4730s
 15464 12281 3243302.17  163  392 3241901.14 3256148.50  0.44%   121 4735s
 15539 12353 3242095.43  222  227 3241901.14 3256148.50  0.44%   121 4740s
 15552 12352 3252526.78   17  713 3241901.14 3256135.56  0.44%   121 4750s
 15557 12357 3251963.83   22  697 3241901.14 3256135.56  0.44%   121 4755s
 15570 12370 3250485.99   35  673 3241901.14 3256135.56  0.44%   121 4760s
 15582 12382 3248972.69   47  641 3241901.14 3256135.56  0.44%   121 4765s
 15601 12401 3247169.52   66  599 3241901.14 3256135.56  0.44%   121 4770s
 15626 12426 3245058.33   91  551 3241901.14 3256135.56  0.44%   121 4775s
 15659 12457     cutoff  124      3241901.14 3256135.56  0.44%   121 4780s
 15668 12457 3250213.61   38  679 3241901.14 3256133.13  0.44%   121 4793s
 15670 12459 3250038.45   40  660 3241901.14 3256133.13  0.44%   121 4795s
 15680 12469 3249020.86   50  626 3241901.14 3256133.13  0.44%   121 4800s
 15693 12482 3247775.93   63  603 3241901.14 3256133.13  0.44%   121 4805s
 15702 12491 3246857.32   72  596 3241901.14 3256133.13  0.44%   121 4810s
 15721 12510 3245377.78   91  576 3241901.14 3256133.13  0.44%   121 4815s
 15741 12530 3243947.78  111  552 3241901.14 3256133.13  0.44%   121 4820s
 15774 12562 3241960.31  144  458 3241901.14 3256133.13  0.44%   121 4825s
 15787 12558 3250334.12   38  678 3241901.14 3255880.76  0.43%   122 4839s
 15789 12560 3250158.96   40  659 3241901.14 3255880.76  0.43%   122 4840s
 15803 12574 3248034.87   54  625 3241901.14 3255880.76  0.43%   122 4845s
 15817 12588 3246557.87   68  603 3241901.14 3255880.76  0.43%   122 4850s
 15839 12610 3243537.64   90  562 3241901.14 3255880.76  0.43%   122 4855s
 15860 12620 3252435.06   18  709 3241901.14 3255879.58  0.43%   122 4868s
 15862 12622 3252069.30   20  706 3241901.14 3255879.58  0.43%   122 4870s
 15871 12631 3251261.40   29  691 3241901.14 3255879.58  0.43%   122 4875s
 15887 12647 3249542.20   45  644 3241901.14 3255879.58  0.43%   122 4880s
 15907 12667 3247568.83   65  582 3241901.14 3255879.58  0.43%   122 4885s
 15933 12693 3245812.42   91  545 3241901.14 3255879.58  0.43%   122 4890s
 15970 12730 3243275.61  128  411 3241901.14 3255879.58  0.43%   122 4895s
 16009 12760 3252304.48   18  709 3241901.14 3255878.95  0.43%   122 4908s
 16012 12763 3251870.00   21  705 3241901.14 3255878.95  0.43%   122 4910s
 16024 12775 3250782.81   33  684 3241901.14 3255878.95  0.43%   122 4915s
 16041 12792 3248803.65   50  646 3241901.14 3255878.95  0.43%   122 4920s
 16058 12809 3247120.06   67  617 3241901.14 3255878.95  0.43%   122 4925s
 16078 12829 3245386.70   87  580 3241901.14 3255878.95  0.43%   122 4930s
 16107 12858 3243153.91  116  520 3241901.14 3255878.95  0.43%   122 4935s
 16137 12870 3252923.73   19  711 3241901.14 3255877.65  0.43%   122 4950s
 16146 12879 3251895.48   28  700 3241901.14 3255877.65  0.43%   122 4955s
 16162 12895 3250603.30   44  648 3241901.14 3255877.65  0.43%   122 4960s
 16181 12914 3248964.71   63  613 3241901.14 3255877.65  0.43%   122 4965s
 16201 12934 3247513.35   83  574 3241901.14 3255877.65  0.43%   122 4970s
 16234 12967 3245122.43  116  536 3241901.14 3255877.65  0.43%   122 4975s
 16276 13009 3242416.51  158  454 3241901.14 3255877.65  0.43%   122 4980s
 16297 13013 3252793.14   19  711 3241901.14 3255809.26  0.43%   122 4992s
 16301 13017 3251961.00   23  711 3241901.14 3255809.26  0.43%   122 4995s
 16314 13030 3250817.26   36  680 3241901.14 3255809.26  0.43%   122 5000s
 16333 13049 3249306.06   55  632 3241901.14 3255809.26  0.43%   122 5005s
 16353 13069 3247299.73   75  591 3241901.14 3255809.26  0.43%   122 5010s
 16383 13099 3244720.80  105  557 3241901.14 3255809.26  0.43%   122 5015s
 16434 13130 3249392.44   43  666 3241901.14 3255797.97  0.43%   122 5032s
 16440 13136 3248813.38   49  642 3241901.14 3255797.97  0.43%   122 5035s
 16454 13150 3247385.09   63  617 3241901.14 3255797.97  0.43%   122 5040s
 16466 13162 3246421.19   75  598 3241901.14 3255797.97  0.43%   122 5045s
 16486 13182 3245017.14   95  578 3241901.14 3255797.97  0.43%   122 5050s
 16512 13208 3242802.69  121  541 3241901.14 3255797.97  0.43%   122 5055s
 16542 13214 3249681.29   43  663 3241901.14 3255749.74  0.43%   122 5070s
 16555 13227 3248389.59   56  626 3241901.14 3255749.74  0.43%   122 5075s
 16569 13241 3246856.05   70  602 3241901.14 3255749.74  0.43%   122 5080s
 16589 13261 3243937.73   90  576 3241901.14 3255749.74  0.43%   122 5085s
 16616 13284 3241969.00  114  510 3241901.14 3255749.74  0.43%   122 5090s
H16631 13142                    3242043.5993 3255749.74  0.42%   122 5104s
 16632 13145 3252504.15   21  707 3242043.60 3255748.35  0.42%   122 5105s
 16646 13159 3251823.80   28  686 3242043.60 3255748.35  0.42%   122 5110s
 16668 13181 3251118.60   39  651 3242043.60 3255748.35  0.42%   122 5115s
 16691 13204 3249996.25   50  615 3242043.60 3255748.35  0.42%   122 5120s
 16722 13235 3248464.15   66  578 3242043.60 3255748.35  0.42%   122 5125s
 16756 13269 3247439.43   83  552 3242043.60 3255748.35  0.42%   122 5130s
 16801 13314 3245498.52  105  490 3242043.60 3255748.35  0.42%   122 5135s
 16847 13360 3244396.84  128  416 3242043.60 3255748.35  0.42%   122 5140s
 16899 13412 3243355.13  154  359 3242043.60 3255748.35  0.42%   122 5145s
 16958 13471 3242673.95  184  310 3242043.60 3255748.35  0.42%   122 5150s
 17019 13499 3252463.55   20  705 3242043.60 3255710.41  0.42%   122 5164s
 17020 13500 3252222.86   21  706 3242043.60 3255710.41  0.42%   122 5165s
 17031 13511 3251346.33   32  678 3242043.60 3255710.41  0.42%   122 5170s
 17050 13530 3249795.60   48  635 3242043.60 3255710.41  0.42%   122 5175s
 17081 13561 3248193.49   66  580 3242043.60 3255710.41  0.42%   122 5180s
 17131 13611 3245968.01  101  501 3242043.60 3255710.41  0.42%   122 5185s
 17195 13675 3243833.29  136  389 3242043.60 3255710.41  0.42%   122 5190s
 17252 13732 3242828.65  163  364 3242043.60 3255710.41  0.42%   121 5195s
 17291 13760 3252321.89   22  704 3242043.60 3255710.02  0.42%   121 5207s
 17296 13765 3251283.22   24  708 3242043.60 3255710.02  0.42%   121 5210s
 17312 13781 3250808.12   30  691 3242043.60 3255710.02  0.42%   121 5215s
 17336 13805 3249016.67   40  657 3242043.60 3255710.02  0.42%   121 5220s
 17354 13823 3247137.67   49  639 3242043.60 3255710.02  0.42%   122 5225s
 17373 13842 3246230.37   53  629 3242043.60 3255710.02  0.42%   122 5230s
 17391 13860 3244371.62   64  612 3242043.60 3255710.02  0.42%   122 5235s
 17416 13885 3242540.27   74  592 3242043.60 3255710.02  0.42%   122 5240s
 17448 13893 3242192.25   82  553 3242043.60 3255710.02  0.42%   122 5245s
 17451 13892 3252527.51   22  703 3242043.60 3255708.90  0.42%   122 5255s
 17461 13902 3251453.79   32  679 3242043.60 3255708.90  0.42%   122 5260s
 17477 13918 3249700.32   48  636 3242043.60 3255708.90  0.42%   122 5265s
 17496 13937 3247966.61   67  602 3242043.60 3255708.90  0.42%   122 5270s
 17514 13955 3246065.56   85  589 3242043.60 3255708.90  0.42%   122 5275s
 17542 13983 3243888.89  113  543 3242043.60 3255708.90  0.42%   122 5280s
 17574 14005 3252848.14   21  705 3242043.60 3255702.17  0.42%   122 5294s
 17575 14006 3252605.27   22  706 3242043.60 3255702.17  0.42%   122 5295s
 17587 14018 3251409.53   34  674 3242043.60 3255702.17  0.42%   122 5300s
 17603 14034 3250035.07   50  638 3242043.60 3255702.17  0.42%   122 5305s
 17622 14053 3248514.19   69  607 3242043.60 3255702.17  0.42%   122 5310s
 17631 14062 3247636.02   78  594 3242043.60 3255702.17  0.42%   122 5315s
 17649 14080 3246624.27   96  566 3242043.60 3255702.17  0.42%   122 5321s
 17674 14105 3244625.00  121  527 3242043.60 3255702.17  0.42%   122 5325s
 17719 14144     cutoff  163      3242043.60 3255702.17  0.42%   122 5330s
 17722 14143 3252831.26   21  701 3242043.60 3255673.53  0.42%   122 5340s
 17732 14153 3251572.94   31  680 3242043.60 3255673.53  0.42%   122 5345s
 17747 14168 3250029.94   46  631 3242043.60 3255673.53  0.42%   122 5350s
 17766 14187 3248060.59   65  605 3242043.60 3255673.53  0.42%   122 5355s
 17785 14206 3246381.84   84  580 3242043.60 3255673.53  0.42%   122 5360s
 17817 14238 3244080.51  116  522 3242043.60 3255673.53  0.42%   122 5365s
 17858 14262 3248189.89   45  646 3242043.60 3255669.68  0.42%   122 5382s
 17864 14268 3247752.29   51  636 3242043.60 3255669.68  0.42%   122 5385s
 17877 14281 3246374.78   64  621 3242043.60 3255669.68  0.42%   122 5390s
 17884 14288 3245726.12   71  605 3242043.60 3255669.68  0.42%   122 5395s
 17897 14301 3244545.97   84  583 3242043.60 3255669.68  0.42%   122 5400s
 17924 14328 3242615.39  111  545 3242043.60 3255669.68  0.42%   122 5405s
 17944 14330 3249570.90   44  658 3242043.60 3255666.44  0.42%   122 5421s
 17955 14341 3248537.21   55  621 3242043.60 3255666.44  0.42%   122 5425s
 17968 14354 3247176.36   68  600 3242043.60 3255666.44  0.42%   122 5430s
 17986 14372 3244995.01   86  574 3242043.60 3255666.44  0.42%   122 5435s
 18009 14395 3242452.93  109  541 3242043.60 3255666.44  0.42%   122 5440s
 18023 14395 3249568.85   44  653 3242043.60 3255665.57  0.42%   123 5453s
 18028 14400 3249224.55   49  627 3242043.60 3255665.57  0.42%   123 5455s
 18045 14417 3247661.79   66  594 3242043.60 3255665.57  0.42%   123 5460s
 18069 14441 3245410.11   90  550 3242043.60 3255665.57  0.42%   122 5465s
 18108 14478     cutoff  129      3242043.60 3255665.57  0.42%   122 5470s
 18116 14478 3249279.38   45  655 3242043.60 3255572.90  0.42%   123 5481s
 18126 14488 3248211.91   55  627 3242043.60 3255572.90  0.42%   123 5485s
 18134 14496 3247471.09   63  612 3242043.60 3255572.90  0.42%   123 5490s
 18154 14516 3245743.36   83  591 3242043.60 3255572.90  0.42%   123 5495s
 18172 14534 3244150.98  101  555 3242043.60 3255572.90  0.42%   123 5500s
 18205 14551 3252260.50   25  698 3242043.60 3255570.35  0.42%   123 5515s
 18216 14562 3250871.88   36  669 3242043.60 3255570.35  0.42%   123 5520s
 18235 14581 3249376.56   55  624 3242043.60 3255570.35  0.42%   123 5525s
 18252 14598 3247727.89   72  596 3242043.60 3255570.35  0.42%   123 5530s
 18276 14622 3246207.39   96  556 3242043.60 3255570.35  0.42%   123 5535s
 18314 14660 3243427.90  134  513 3242043.60 3255570.35  0.42%   123 5540s
 18349 14683 3252261.64   25  692 3242043.60 3255564.01  0.42%   123 5553s
 18353 14687 3251672.63   29  685 3242043.60 3255564.01  0.42%   123 5555s
 18368 14702 3250362.79   44  637 3242043.60 3255564.01  0.42%   123 5560s
 18387 14721 3248281.19   63  600 3242043.60 3255564.01  0.42%   123 5565s
 18403 14737 3246626.21   79  588 3242043.60 3255564.01  0.42%   123 5570s
 18418 14752 3245681.48   94  553 3242043.60 3255564.01  0.42%   123 5575s
 18459 14793 3242570.95  135  486 3242043.60 3255564.01  0.42%   123 5580s
 18479 14797 3249193.15   46  653 3242043.60 3255562.16  0.42%   123 5593s
 18482 14800 3248996.99   49  639 3242043.60 3255562.16  0.42%   123 5595s
 18499 14817 3247732.79   64  609 3242043.60 3255562.16  0.42%   123 5600s
 18526 14844 3246480.59   79  566 3242043.60 3255562.16  0.42%   123 5605s
 18571 14889 3244512.99  107  501 3242043.60 3255562.16  0.42%   123 5610s
 18633 14951 3242491.86  149  423 3242043.60 3255562.16  0.42%   123 5615s
 18662 14966 3249091.73   46  651 3242043.60 3255558.14  0.42%   123 5629s
 18665 14969 3248799.44   49  645 3242043.60 3255558.14  0.42%   123 5631s
 18677 14981 3247604.10   61  619 3242043.60 3255558.14  0.42%   123 5635s
 18692 14996 3246234.60   76  591 3242043.60 3255558.14  0.42%   123 5640s
 18713 15017 3244480.98   97  556 3242043.60 3255558.14  0.42%   123 5645s
 18738 15042 3242125.79  122  499 3242043.60 3255558.14  0.42%   123 5650s
 18754 15038 3252173.78   23  698 3242043.60 3255557.22  0.42%   123 5661s
 18761 15045 3251211.56   30  679 3242043.60 3255557.22  0.42%   123 5665s
 18779 15063 3249676.66   48  631 3242043.60 3255557.22  0.42%   123 5670s
 18797 15081 3248076.97   66  604 3242043.60 3255557.22  0.42%   123 5675s
 18824 15108 3246637.04   93  553 3242043.60 3255557.22  0.42%   123 5680s
 18861 15145 3244023.64  130  493 3242043.60 3255557.22  0.42%   123 5685s
 18900 15174 3252294.54   23  697 3242043.60 3255504.52  0.42%   123 5699s
 18902 15176 3251959.60   25  689 3242043.60 3255504.52  0.42%   123 5700s
 18915 15189 3250556.44   38  645 3242043.60 3255504.52  0.42%   123 5705s
 18934 15208 3248834.72   57  590 3242043.60 3255504.52  0.42%   123 5710s
 18958 15232 3247038.05   81  548 3242043.60 3255504.52  0.42%   123 5715s
 18994 15268 3244078.19  117  468 3242043.60 3255504.52  0.42%   123 5720s
 19044 15308 3252257.10   24  694 3242043.60 3255504.50  0.42%   123 5736s
 19050 15314 3251505.62   30  681 3242043.60 3255504.50  0.42%   123 5740s
 19070 15334 3249803.83   50  630 3242043.60 3255504.50  0.42%   123 5745s
 19089 15353 3248096.64   69  605 3242043.60 3255504.50  0.42%   123 5750s
 19100 15364 3247077.69   80  591 3242043.60 3255504.50  0.42%   123 5755s
 19135 15399 3245052.83  115  539 3242043.60 3255504.50  0.42%   123 5760s
 19175 15439 3242484.58  155  470 3242043.60 3255504.50  0.42%   123 5765s
 19195 15440 3252257.66   24  688 3242043.60 3255389.23  0.41%   123 5779s
 19196 15441 3252016.87   25  689 3242043.60 3255389.23  0.41%   123 5780s
 19208 15453 3250738.45   37  660 3242043.60 3255389.23  0.41%   123 5785s
 19229 15474 3248531.31   58  611 3242043.60 3255389.23  0.41%   123 5790s
 19245 15490 3246994.52   74  590 3242043.60 3255389.23  0.41%   123 5795s
 19262 15507 3245029.78   91  575 3242043.60 3255389.23  0.41%   123 5800s
 19292 15537 3242940.54  121  529 3242043.60 3255389.23  0.41%   123 5805s
 19323 15548 3247942.92   47  644 3242043.60 3255388.21  0.41%   123 5819s
 19324 15549 3247914.94   48  633 3242043.60 3255388.21  0.41%   123 5821s
 19333 15558 3246985.58   57  619 3242043.60 3255388.21  0.41%   123 5825s
 19341 15566 3246173.63   65  609 3242043.60 3255388.21  0.41%   123 5830s
 19356 15581 3244956.16   80  581 3242043.60 3255388.21  0.41%   123 5835s
 19379 15604 3243284.47  103  547 3242043.60 3255388.21  0.41%   123 5840s
 19408 15617 3242110.71  117  496 3242043.60 3255388.21  0.41%   123 5845s
 19420 15614 3251897.81   26  694 3242043.60 3255387.38  0.41%   123 5857s
 19427 15621 3251417.58   30  686 3242043.60 3255387.38  0.41%   123 5860s
 19440 15634 3250929.27   36  666 3242043.60 3255387.38  0.41%   123 5865s
 19457 15651 3250290.80   45  630 3242043.60 3255387.38  0.41%   123 5870s
 19475 15669 3249305.63   54  610 3242043.60 3255387.38  0.41%   123 5875s
 19495 15689 3248486.62   64  584 3242043.60 3255387.38  0.41%   123 5881s
 19522 15716 3247224.44   77  552 3242043.60 3255387.38  0.41%   123 5885s
 19564 15758 3245873.79   98  504 3242043.60 3255387.38  0.41%   123 5890s
 19600 15794 3244458.77  116  468 3242043.60 3255387.38  0.41%   123 5895s
 19641 15835 3243977.35  137  408 3242043.60 3255387.38  0.41%   123 5900s
 19676 15870 3242869.42  154  368 3242043.60 3255387.38  0.41%   123 5912s
 19702 15894 3242312.05  167  341 3242043.60 3255387.38  0.41%   123 5915s
 19738 15910 3247802.64   47  641 3242043.60 3255352.48  0.41%   123 5933s
 19739 15911 3247774.68   48  630 3242043.60 3255352.48  0.41%   123 5935s
 19751 15923 3246514.51   60  611 3242043.60 3255352.48  0.41%   123 5940s
 19767 15939 3245012.07   76  596 3242043.60 3255352.48  0.41%   123 5945s
 19780 15952 3243850.75   89  584 3242043.60 3255352.48  0.41%   123 5950s
 19793 15965 3242830.25  102  561 3242043.60 3255352.48  0.41%   123 5955s
 19811 15970 3247880.83   48  644 3242043.60 3255352.30  0.41%   123 5970s
 19821 15980 3246771.93   58  605 3242043.60 3255352.30  0.41%   123 5975s
 19833 15992 3245429.66   70  600 3242043.60 3255352.30  0.41%   123 5981s
 19845 16004 3243790.56   82  566 3242043.60 3255352.30  0.41%   123 5985s
 19864 16021     cutoff  101      3242043.60 3255352.30  0.41%   123 5990s
 19874 16021 3247545.14   48  639 3242043.60 3255321.95  0.41%   123 6004s
 19875 16022 3247519.65   49  629 3242043.60 3255321.95  0.41%   123 6006s
 19882 16029 3247004.85   56  611 3242043.60 3255321.95  0.41%   123 6010s
 19893 16040 3245811.82   67  612 3242043.60 3255321.95  0.41%   123 6015s
 19902 16049 3244527.82   76  588 3242043.60 3255321.95  0.41%   123 6020s
 19925 16072 3242809.88   99  523 3242043.60 3255321.95  0.41%   123 6025s
 19946 16076 3242099.36  106  470 3242043.60 3255321.95  0.41%   123 6031s
 19948 16076 3251866.57   26  685 3242043.60 3255300.78  0.41%   123 6042s
 19953 16081 3251255.53   31  674 3242043.60 3255300.78  0.41%   123 6045s

Cutting planes:
  Learned: 1
  Gomory: 52
  Lift-and-project: 3
  Implied bound: 76
  MIR: 2119
  Flow cover: 4141
  RLT: 179
  Lazy constraints: 8787

Explored 19971 nodes (2468704 simplex iterations) in 6048.79 seconds (5257.51 work units)
Thread count was 1 (of 52 available processors)

Solution count 10: 3.24204e+06 3.2419e+06 3.24171e+06 ... 3.23979e+06

Time limit reached
Best objective 3.242043599260e+06, best bound 3.255300784429e+06, gap 0.4089%

User-callback calls 285934, time in user-callback 5.55 sec

CPU time spent in the second stage: 6048.79 sec
The LP relaxation bound at the root node: 3355964.494900
Termination status of the second stage: TIME_LIMIT

------------------ end of the second stage -----------------

Total CPU time: 7200.01 sec
Percentage optimality gap: 0.41 %
CPU time spent in separating the cuts: 143.19 sec
Number of explored nodes: 19971
Objective value of the returned solution: 3242043.599260
Optimal facility locations: [6, 13, 18, 27, 33, 36, 40, 43, 47, 52, 53, 59, 65, 70, 72, 74, 86, 91, 92, 93, 94, 96, 97, 100, 101, 106, 107, 108, 109, 115, 117, 133, 141, 146, 147, 148, 152, 153, 155, 159, 171, 172, 174, 179, 180, 181, 183, 186, 189, 192, 193, 194, 195, 199, 200, 201, 203, 204, 208, 211, 213, 215, 221, 224, 228, 233, 234, 236, 239, 243, 244, 246, 249, 250, 254, 258, 264, 268, 269, 274, 275, 285, 289, 290, 292, 299, 300, 305, 309, 313, 324, 325, 327, 329, 333, 335, 337, 339, 341, 342, 347, 348, 352, 357, 361, 366, 370, 380, 382, 383, 389, 390, 392, 397, 398, 400, 412, 413, 415, 416, 419, 422, 424, 425, 426, 427, 429, 430, 431, 434, 442, 443, 444, 446, 455, 458, 465, 466, 468, 469, 471, 475, 483, 484, 498, 502, 503, 504, 505, 508, 515, 524, 525, 527, 530, 535, 541, 542, 546, 551, 560, 561, 562, 565, 566, 567, 568, 571, 576, 577, 583, 586, 588, 589, 596, 598, 604, 605, 610, 615, 616, 619, 621, 630, 632, 634, 635, 637, 639, 640, 641, 647, 650, 654, 659, 670, 673, 674, 677, 681, 682, 685, 687, 691, 695, 699, 701, 709, 710, 721, 723, 731, 736, 741, 746, 750, 758, 759, 761, 762, 770, 771, 773, 777, 779, 783, 788, 798, 801, 802, 804, 805, 806, 821, 822, 823, 829, 830, 832, 833, 836, 840, 843, 844, 845, 849, 854, 857, 858, 862, 864, 865, 866, 868, 875, 881, 890, 893, 895, 896, 897, 898, 899, 900, 902, 906, 908, 914, 916, 918, 921, 922, 926, 928, 930, 934, 937, 938, 941, 942, 943, 944, 945, 946, 956, 958, 959, 963, 964, 968, 981, 987, 993, 999]

@end of file
