Set parameter TimeLimit to value 7200
Setting B&C+LSI: The proposed B&C algorithm based on formulation (40) (equipped with the lifted submodular inequalities).

----------------- start of the first stage -----------------

Iter     Best Incumbent      BestBound     Gap      Time  #VioCuts
1                 0.000    4143642.180   100.0       1.4      9999
2           2495261.974    4123095.373    39.5       2.0      9994
3           3445679.678    4078154.399    15.5       3.8      7628
4           3924800.074    4032331.732     2.7       6.8      5937
5           3980239.136    3998937.848     0.5      10.3      2603
6           3987504.753    3988463.572     0.0      12.6       842
7           3987628.855    3987628.855     0.0      13.2         0

CPU time spent in the first stage: 13.29 sec
Upper bound returned at the end of the first stage: 3987628.854506
Objective value of the optimal solution or the best incumbent at the end of the first stage: 3987628.854506
Number of cuts added at the end of the first stage for the initialization of the relaxed MILP problem: 10147
Termination status of the first stage: MIP Optimal

------------------ end of the first stage ------------------

Total CPU time: 13.29 sec
Percentage optimality gap: 0.00 %
CPU time spent in separating the cuts: 0.86 sec
Number of explored nodes: 1
Objective value of the returned solution: 3987628.854506
Optimal facility locations: [1, 3, 4, 6, 7, 10, 11, 12, 13, 14, 15, 18, 19, 21, 26, 27, 28, 29, 31, 32, 33, 34, 36, 37, 38, 39, 40, 41, 42, 45, 46, 47, 49, 51, 53, 55, 56, 57, 60, 61, 62, 63, 65, 66, 67, 68, 70, 72, 74, 75, 76, 77, 78, 79, 80, 81, 82, 84, 85, 87, 88, 89, 90, 91, 92, 95, 98]

@end of file
