Set parameter TimeLimit to value 7200
Setting GBD: A two-stage implementation of the state-of-the-art generalized Benders decomposition (GBD) approach proposed by Lin & Tian (2021).

----------------- start of the first stage -----------------

Iter     Best Incumbent      BestBound     Gap      Time  #VioCuts
1                 0.000    4178642.363   100.0       4.4      9999
2            793062.237    4121417.748    80.8      13.0      9998
3           2432861.508    3991317.189    39.0      72.9      9781
4           2767075.898    3829901.442    27.8     193.5      3038
5           2767075.898    3805973.064    27.3     218.3      1196
6           2767075.898    3801731.100    27.2     228.9       430
7           2767075.898    3800918.093    27.2     236.4       138
8           2767075.898    3800720.710    27.2     242.6        63
9           2767075.898    3800539.105    27.2     248.2         5
10          2767075.898    3800481.478    27.2     253.5         1
11          2767075.898    3800452.288    27.2     258.9         5
12          2767075.898    3800451.529    27.2     264.2         0

CPU time spent in the first stage: 416.07 sec
Upper bound returned at the end of the first stage: 3800451.528998
Objective value of the optimal solution or the best incumbent at the end of the first stage: 2767075.897880
Number of cuts added at the end of the first stage for the initialization of the relaxed MILP problem: 7847
Termination status of the first stage: LP Optimal

------------------ end of the first stage ------------------


----------------- start of the second stage ----------------

Gurobi Optimizer version 11.0.1 build v11.0.1rc0 (linux64 - "CentOS Linux 7 (Core)")

CPU model: Intel(R) Xeon(R) Gold 6230R CPU @ 2.10GHz, instruction set [SSE2|AVX|AVX2|AVX512]
Thread count: 52 physical cores, 52 logical processors, using up to 1 threads


Warning: excessive time spent in model updates.
Consider calling update less frequently.

Optimize a model with 17851 rows, 10500 columns and 90578 nonzeros
Model fingerprint: 0xc4ca4564
Variable types: 10000 continuous, 500 integer (0 binary)
Coefficient statistics:
  Matrix range     [3e-10, 2e+03]
  Objective range  [1e+01, 2e+03]
  Bounds range     [1e+00, 1e+00]
  RHS range        [8e-06, 5e+06]
Warning: Model contains large matrix coefficient range
         Consider reformulating model or setting NumericFocus parameter
         to avoid numerical issues.

User MIP start did not produce a new incumbent solution

Presolve removed 10003 rows and 0 columns
Presolve time: 0.40s
Presolved: 7848 rows, 10500 columns, 49074 nonzeros
Variable types: 10000 continuous, 500 integer (500 binary)

Root relaxation: objective 3.770769e+06, 481 iterations, 0.01 seconds (0.01 work units)
Another try with MIP start

    Nodes    |    Current Node    |     Objective Bounds      |     Work
 Expl Unexpl |  Obj  Depth IntInf | Incumbent    BestBd   Gap | It/Node Time

H    0     0                    2767075.8979 3770768.50  36.3%     -    1s
     0     0 3770768.50    0   43 2767075.90 3770768.50  36.3%     -    1s
     0     0 3741281.09    0  243 2767075.90 3741281.09  35.2%     -    1s
H    0     0                    3404592.3675 3741281.09  9.89%     -    2s
     0     0 3698316.10    0  311 3404592.37 3698316.10  8.63%     -    4s
H    0     0                    3411468.3219 3698316.10  8.41%     -    5s
H    0     0                    3482736.8935 3661925.72  5.15%     -    9s
     0     2 3661912.20    0  358 3482736.89 3661912.20  5.14%     -    9s
     1     3 3634361.70    1  374 3482736.89 3661875.19  5.14%  4950   10s
    28    30 3611297.97   25  344 3482736.89 3634342.23  4.35%   537   15s
   122   124 3585207.69  107  235 3482736.89 3634342.23  4.35%   236   20s
H  243   243                    3554068.2394 3634342.23  2.26%   143   23s
   311   301 3612011.18    2  383 3554068.24 3634339.16  2.26%   132   27s
   366   356 3592856.28   49  303 3554068.24 3634339.16  2.26%   127   30s
   500   490 3567249.93  171  118 3554068.24 3634339.16  2.26%   111   35s
   519   508 3566197.43  179  311 3554068.24 3634339.16  2.26%   108   46s
   521   509 3579615.98  120  362 3554068.24 3598162.44  1.24%   107   70s
   522   510 3586596.38   77  372 3554068.24 3586596.38  0.92%   107   76s
   525   512 3581082.99  120  373 3554068.24 3582859.06  0.81%   106   83s
   526   513 3581713.48   27  369 3554068.24 3581713.48  0.78%   106   90s
   529   515 3579288.96  100  378 3554068.24 3579288.96  0.71%   106   98s
   530   515 3572614.10  154  360 3554068.24 3578316.22  0.68%   105  105s
   533   517 3577920.30   65  364 3554068.24 3577920.30  0.67%   105  110s
   536   519 3577821.49  118  370 3554068.24 3577821.49  0.67%   104  122s
   537   522 3577499.03   16  371 3554068.24 3577815.56  0.67%   163  125s
   545   527 3577191.26   20  346 3554068.24 3577558.19  0.66%   163  130s
   555   534 3576534.72   25  322 3554068.24 3577558.19  0.66%   162  135s
   564   540 3575420.18   29  304 3554068.24 3577558.19  0.66%   161  140s
   577   549 3576040.17   36  299 3554068.24 3577558.19  0.66%   160  145s
   590   557 3575619.23   42  277 3554068.24 3577558.19  0.66%   158  150s
   603   566 3574773.06   49  252 3554068.24 3577558.19  0.66%   158  155s
   619   577 3574262.95   57  219 3554068.24 3577558.19  0.66%   156  160s
   659   603 3573056.68   77  198 3554068.24 3577558.19  0.66%   151  165s
   736   655 3572044.44  115  100 3554068.24 3577558.19  0.66%   141  170s
H  779   639                    3571620.0637 3577558.19  0.17%   135  172s
   815   640 3576890.17   19  348 3571620.06 3577554.59  0.17%   131  175s
   855   667 3575542.43   39  282 3571620.06 3577554.59  0.17%   130  180s
   909   703 3574144.74   66  227 3571620.06 3577554.59  0.17%   128  185s
   987   755 3573612.76  105  128 3571620.06 3577554.59  0.17%   122  190s
H 1053   542                    3573583.2754 3577554.59  0.11%   116  193s
* 1055   515             139    3573583.3518 3577554.59  0.11%   116  193s
  1060   511 3577220.62   17  367 3573583.35 3577220.62  0.10%   116  197s
  1065   514 3576789.50   20  346 3573583.35 3577196.11  0.10%   118  200s
  1109   543 3575375.67   42  277 3573583.35 3577196.11  0.10%   118  205s
  1173   584 3574568.53   74  181 3573583.35 3577196.11  0.10%   114  210s
H 1238   436                    3574490.7640 3577196.11  0.08%   110  213s
  1247   429 3576513.01   22  322 3574490.76 3577195.19  0.08%   110  215s
  1293   460 3575472.00   45  253 3574490.76 3577195.19  0.08%   110  220s
H 1347   465                    3574532.9986 3577195.19  0.07%   108  224s
  1360   473 3574693.21   79  137 3574533.00 3577195.19  0.07%   108  225s
H 1374   413                    3574739.1898 3577195.19  0.07%   108  226s
  1414   416 3575362.05   30  301 3574739.19 3577089.01  0.07%   107  230s
  1465   430 3574744.78   57   82 3574739.19 3577089.01  0.07%   107  235s
  1498   437 3574935.58   32  306 3574739.19 3577082.69  0.07%   107  240s
  1529   434 3574870.12   26  327 3574739.19 3577027.68  0.06%   108  245s
  1576   449 3575180.58   37  303 3574739.19 3577019.74  0.06%   109  250s
  1639   474 3574893.45   45  254 3574739.19 3576934.83  0.06%   109  255s
  1656   476 3576644.97   22  341 3574739.19 3576934.29  0.06%   108  260s
  1746   547 3575899.60   32  318 3574739.19 3576920.72  0.06%   106  265s
H 1835   614                    3574769.3323 3576920.72  0.06%   103  268s
  1846   621 3575769.48   28  303 3574769.33 3576920.15  0.06%   104  270s
  1914   675     cutoff   45      3574769.33 3576909.27  0.06%   103  275s
  1977   726 3575080.72   29  339 3574769.33 3576889.76  0.06%   103  280s
  2038   757 3575820.78   28  321 3574769.33 3576818.88  0.06%   104  285s
  2113   802 3575543.34   19  360 3574769.33 3576796.88  0.06%   104  290s
  2155   814 3575759.87   27  322 3574769.33 3576787.47  0.06%   105  295s
  2220   849 3575915.23   25  321 3574769.33 3576786.38  0.06%   105  300s
  2273   878 3574953.53   32  280 3574769.33 3576774.23  0.06%   106  305s
  2326   893 3575496.60   22  327 3574769.33 3576705.72  0.05%   107  310s
  2378   911 3575215.95   25  320 3574769.33 3576688.49  0.05%   108  315s
  2426   941 3575779.25   26  314 3574769.33 3576647.30  0.05%   108  320s
  2461   968 3575040.22   39  283 3574769.33 3576644.08  0.05%   108  325s
  2521  1004     cutoff   60      3574769.33 3576583.14  0.05%   108  330s
  2565  1048 3575469.29   47  262 3574769.33 3576581.53  0.05%   107  335s
  2634  1090     cutoff   81      3574769.33 3576581.53  0.05%   106  340s
H 2651  1058                    3574809.7545 3576581.53  0.05%   106  340s
  2678  1061 3576516.23   20  338 3574809.75 3576569.41  0.05%   105  348s
  2700  1083 3575463.07   42  289 3574809.75 3576569.41  0.05%   105  350s
  2778  1142 3574840.48   61  162 3574809.75 3576547.51  0.05%   104  355s
  2825  1177 3575991.30   25  328 3574809.75 3576525.95  0.05%   104  360s
  2862  1205 3575813.86   31  313 3574809.75 3576512.76  0.05%   104  365s
  2906  1232 3576111.89   23  336 3574809.75 3576510.96  0.05%   104  370s
  2956  1274 3575349.48   32  307 3574809.75 3576421.92  0.05%   103  375s
  3007  1305     cutoff   45      3574809.75 3576415.61  0.04%   103  380s
  3045  1325 3575217.65   29  312 3574809.75 3576392.08  0.04%   104  385s
  3089  1342 3575355.49   35  312 3574809.75 3576348.40  0.04%   104  390s
  3140  1371 3576065.32   23  352 3574809.75 3576347.60  0.04%   103  395s
  3193  1410 3574871.66   28  288 3574809.75 3576324.83  0.04%   103  400s
  3251  1448 3575143.01   60  235 3574809.75 3576320.71  0.04%   103  405s
  3300  1468 3575441.79   27  337 3574809.75 3576313.13  0.04%   103  410s
  3354  1508 3574910.56   47  213 3574809.75 3576305.54  0.04%   103  415s
  3414  1544 3574869.33   27  282 3574809.75 3576278.44  0.04%   103  420s
  3458  1554     cutoff   27      3574809.75 3576272.32  0.04%   104  425s
  3516  1571 3575164.23   34  296 3574809.75 3576240.11  0.04%   105  430s
  3586  1590 3575599.82   23  347 3574809.75 3576232.68  0.04%   105  435s
  3646  1619 3575745.15   22  345 3574809.75 3576229.36  0.04%   105  440s
  3707  1662     cutoff   43      3574809.75 3576223.65  0.04%   104  445s
  3767  1706 3574841.37   56  189 3574809.75 3576203.13  0.04%   104  450s
  3807  1709 3575567.80   24  346 3574809.75 3576191.15  0.04%   105  455s
  3861  1741 3575667.12   23  354 3574809.75 3576186.97  0.04%   105  460s
  3918  1782 3575483.78   28  329 3574809.75 3576180.72  0.04%   105  465s
  3993  1840 3575167.41   27  333 3574809.75 3576179.03  0.04%   105  470s
  4053  1870 3575199.56   33  302 3574809.75 3576168.18  0.04%   104  475s
  4116  1903 3575050.62   49  241 3574809.75 3576154.89  0.04%   104  480s
  4165  1927 3575239.73   35  304 3574809.75 3576151.41  0.04%   105  485s
  4223  1947 3574937.59   31  307 3574809.75 3576139.23  0.04%   105  490s
  4277  1960 3575022.75   33  298 3574809.75 3576126.98  0.04%   105  495s
  4316  1987 3574946.85   33  280 3574809.75 3576100.14  0.04%   105  500s
  4346  2002 3575219.73   27  325 3574809.75 3576095.26  0.04%   105  505s
  4402  2024 3575436.67   26  324 3574809.75 3576092.75  0.04%   106  510s
  4456  2052 3575907.56   22  329 3574809.75 3576091.38  0.04%   105  515s
  4512  2093 3575130.80   43  284 3574809.75 3576089.34  0.04%   105  520s
  4556  2127 3575014.75   59  202 3574809.75 3576089.00  0.04%   105  525s
  4600  2139 3575258.73   29  322 3574809.75 3576081.90  0.04%   105  530s
  4650  2170 3575072.52   45  280 3574809.75 3576079.54  0.04%   105  535s
  4691  2189 3574981.49   26  309 3574809.75 3576077.96  0.04%   105  540s
  4741  2205 3575000.98   35  294 3574809.75 3576069.10  0.04%   105  545s
  4776  2217 3575156.67   26  328 3574809.75 3576065.26  0.04%   106  550s
  4838  2239     cutoff   51      3574809.75 3576061.07  0.04%   105  555s
  4868  2256 3575861.74   27  335 3574809.75 3576058.82  0.03%   106  560s
  4911  2280 3575002.56   41  272 3574809.75 3576052.69  0.03%   106  565s
  4954  2298 3575558.21   25  340 3574809.75 3576047.05  0.03%   106  570s
  5007  2329 3574824.94   28  205 3574809.75 3576044.17  0.03%   106  575s
  5050  2347     cutoff   39      3574809.75 3576032.35  0.03%   106  580s
  5099  2381 3575111.14   46  249 3574809.75 3576025.59  0.03%   106  585s
  5146  2402 3575603.66   25  344 3574809.75 3576017.21  0.03%   106  590s
  5208  2426     cutoff   24      3574809.75 3576013.26  0.03%   106  595s
  5244  2443 3575185.79   42  280 3574809.75 3576009.42  0.03%   106  600s
  5302  2472 3574820.30   27  211 3574809.75 3576005.59  0.03%   106  605s
  5372  2495 3575464.39   20  349 3574809.75 3575995.84  0.03%   106  610s
  5437  2540 3574943.66   40  266 3574809.75 3575985.29  0.03%   106  615s
  5500  2580 3574815.28   58  113 3574809.75 3575972.56  0.03%   106  620s
  5548  2588     cutoff   23      3574809.75 3575968.65  0.03%   106  625s
  5601  2617     cutoff   44      3574809.75 3575960.07  0.03%   107  630s
  5671  2663 3575772.37   28  335 3574809.75 3575957.61  0.03%   107  635s
  5741  2725 3574953.28   52  192 3574809.75 3575955.80  0.03%   106  640s
  5830  2792 3574859.36   35  246 3574809.75 3575952.45  0.03%   106  645s
  5889  2809 3575348.96   23  336 3574809.75 3575951.38  0.03%   106  650s
  5952  2854 3574902.77   38  263 3574809.75 3575947.86  0.03%   106  655s
  6003  2880 3575326.96   30  314 3574809.75 3575937.30  0.03%   106  660s
  6080  2927 3575507.20   28  328 3574809.75 3575931.33  0.03%   106  665s
  6138  2953 3575622.39   37  298 3574809.75 3575928.58  0.03%   106  670s
  6201  3004 3574881.95   43  221 3574809.75 3575927.05  0.03%   106  675s
  6258  3040 3575193.08   36  303 3574809.75 3575925.66  0.03%   105  680s
  6321  3079 3575399.48   33  328 3574809.75 3575924.82  0.03%   105  685s
  6375  3107 3575598.42   32  327 3574809.75 3575920.76  0.03%   105  690s
  6429  3145 3574949.96   44  257 3574809.75 3575917.77  0.03%   105  695s
  6503  3165 3575185.77   33  324 3574809.75 3575897.71  0.03%   106  700s
  6556  3176     cutoff   31      3574809.75 3575894.44  0.03%   106  705s
  6623  3209 3575742.92   25  340 3574809.75 3575888.35  0.03%   105  710s
  6690  3246 3574954.43   35  301 3574809.75 3575887.22  0.03%   105  715s
  6732  3266 3575358.45   41  271 3574809.75 3575885.70  0.03%   105  720s
  6794  3306 3574970.13   33  303 3574809.75 3575876.85  0.03%   105  725s
  6840  3325 3575441.00   33  306 3574809.75 3575864.56  0.03%   105  730s
  6913  3364 3575745.28   31  320 3574809.75 3575860.40  0.03%   105  735s
  6968  3395 3575507.61   36  312 3574809.75 3575857.63  0.03%   105  740s
  7012  3427 3574832.50   25  240 3574809.75 3575855.28  0.03%   105  745s
  7074  3469 3575254.03   45  256 3574809.75 3575847.08  0.03%   105  750s
  7139  3509 3575545.44   30  309 3574809.75 3575845.39  0.03%   104  755s
  7189  3542 3574871.16   39  253 3574809.75 3575844.82  0.03%   104  760s
  7235  3550 3574888.48   35  270 3574809.75 3575842.37  0.03%   105  765s
  7290  3587 3574949.35   48  236 3574809.75 3575842.08  0.03%   104  770s
  7340  3600 3574879.18   37  268 3574809.75 3575826.23  0.03%   105  775s
  7378  3612 3574908.28   34  248 3574809.75 3575822.94  0.03%   105  780s
  7438  3642 3575386.02   29  334 3574809.75 3575819.83  0.03%   105  785s
  7490  3679 3574824.48   59  138 3574809.75 3575818.42  0.03%   105  790s
  7538  3703     cutoff   30      3574809.75 3575818.28  0.03%   104  795s
  7590  3722 3575445.84   24  328 3574809.75 3575815.72  0.03%   105  800s
  7650  3759 3574842.36   43  190 3574809.75 3575811.78  0.03%   104  805s
  7704  3789 3575278.93   40  296 3574809.75 3575805.34  0.03%   104  810s
  7746  3803 3575065.28   38  280 3574809.75 3575801.65  0.03%   105  815s
  7802  3837 3575166.63   42  270 3574809.75 3575800.30  0.03%   104  820s
  7860  3869 3574992.48   38  234 3574809.75 3575796.27  0.03%   104  825s
  7920  3898 3574852.10   50  172 3574809.75 3575795.20  0.03%   104  830s
  7975  3915 3575234.69   25  342 3574809.75 3575792.46  0.03%   104  835s
  8015  3920 3575182.81   20  354 3574809.75 3575791.53  0.03%   104  840s
  8073  3954 3574829.64   36  220 3574809.75 3575784.44  0.03%   104  845s
  8119  3970     cutoff   44      3574809.75 3575782.09  0.03%   104  850s
  8184  3991 3575071.25   33  312 3574809.75 3575776.50  0.03%   104  855s
  8250  4028 3575020.55   51  272 3574809.75 3575774.17  0.03%   104  860s
  8319  4054 3574914.94   39  268 3574809.75 3575773.51  0.03%   104  865s
  8375  4074 3574852.83   34  273 3574809.75 3575767.49  0.03%   104  870s
  8431  4096 3574890.38   42  227 3574809.75 3575762.99  0.03%   104  875s
  8487  4121 3575252.49   41  289 3574809.75 3575759.84  0.03%   104  880s
  8553  4160     cutoff   53      3574809.75 3575758.55  0.03%   104  885s
  8620  4200 3575429.37   35  289 3574809.75 3575757.71  0.03%   104  890s
  8687  4233 3575606.03   24  321 3574809.75 3575756.83  0.03%   104  895s
  8754  4268     cutoff   37      3574809.75 3575755.68  0.03%   104  900s
  8812  4292 3574853.17   37  223 3574809.75 3575753.92  0.03%   104  905s
  8872  4318 3574877.95   51  175 3574809.75 3575751.87  0.03%   104  910s
  8937  4339 3575604.14   32  322 3574809.75 3575745.04  0.03%   104  915s
  8993  4375 3574910.59   47  204 3574809.75 3575740.42  0.03%   104  920s
  9018  4390 3574992.96   44  243 3574809.75 3575739.60  0.03%   104  925s
  9076  4425     cutoff   48      3574809.75 3575739.19  0.03%   104  930s
  9149  4459 3574865.22   50  197 3574809.75 3575738.23  0.03%   104  935s
  9213  4492 3574922.89   35  255 3574809.75 3575735.92  0.03%   104  940s
  9284  4538 3575057.44   32  316 3574809.75 3575734.84  0.03%   104  945s
  9343  4563 3575377.30   37  296 3574809.75 3575730.24  0.03%   104  950s
  9414  4603 3575060.42   28  307 3574809.75 3575726.38  0.03%   104  955s
H 9475  4637                    3574816.2807 3575724.67  0.03%   103  958s
  9500  4649 3575438.27   32  320 3574816.28 3575724.18  0.03%   103  960s
  9562  4676 3574916.69   29  288 3574816.28 3575722.26  0.03%   103  965s
  9623  4701 3574886.62   45  205 3574816.28 3575717.98  0.03%   103  970s
  9679  4729 3575038.20   41  293 3574816.28 3575717.17  0.03%   103  975s
  9735  4755 3574830.62   45  182 3574816.28 3575716.34  0.03%   103  980s
  9779  4764 3574987.03   37  297 3574816.28 3575709.82  0.02%   103  985s
  9825  4773 3575285.54   35  318 3574816.28 3575709.56  0.02%   104  990s
  9883  4798 3575373.79   40  303 3574816.28 3575709.49  0.02%   104  995s
  9944  4825 3574882.56   44  254 3574816.28 3575706.12  0.02%   104 1002s
  9979  4834 3575426.90   33  314 3574816.28 3575703.03  0.02%   104 1005s
 10044  4870     cutoff   42      3574816.28 3575701.86  0.02%   103 1010s
 10120  4910     cutoff   28      3574816.28 3575698.12  0.02%   103 1015s
 10187  4950 3575075.86   37  293 3574816.28 3575692.68  0.02%   103 1020s
 10242  4970 3575316.84   25  345 3574816.28 3575689.47  0.02%   103 1025s
 10284  4990 3574943.72   43  251 3574816.28 3575688.27  0.02%   103 1030s
 10326  5008 3574910.39   42  275 3574816.28 3575686.36  0.02%   103 1035s
 10390  5048 3574883.48   29  291 3574816.28 3575685.70  0.02%   103 1040s
 10444  5061 3575181.32   28  318 3574816.28 3575684.05  0.02%   104 1045s
 10491  5093 3575016.87   44  208 3574816.28 3575683.10  0.02%   104 1050s
 10557  5127 3575188.81   26  334 3574816.28 3575677.44  0.02%   103 1055s
H10600  4928                    3574887.2653 3575677.09  0.02%   103 1058s
 10633  4949 3575067.20   32  295 3574887.27 3575676.12  0.02%   103 1060s
 10705  4989 3575358.86   27  334 3574887.27 3575674.37  0.02%   103 1065s
 10773  5018 3575010.27   51  226 3574887.27 3575672.33  0.02%   103 1070s
 10840  5047 3574908.25   42  196 3574887.27 3575669.93  0.02%   103 1075s
 10883  5054     cutoff   36      3574887.27 3575667.81  0.02%   103 1080s
 10935  5078 3574973.45   49  164 3574887.27 3575666.84  0.02%   103 1085s
 10999  5108 3575303.94   36  307 3574887.27 3575663.76  0.02%   103 1090s
 11056  5135 3575003.09   21  326 3574887.27 3575663.27  0.02%   103 1095s
 11099  5145 3574968.45   45  189 3574887.27 3575659.97  0.02%   103 1100s
 11156  5165 3575097.88   29  324 3574887.27 3575654.20  0.02%   103 1105s
 11212  5196     cutoff   45      3574887.27 3575653.41  0.02%   103 1110s
 11255  5212 3575248.24   27  335 3574887.27 3575650.36  0.02%   103 1115s
 11331  5238 3575315.50   27  331 3574887.27 3575649.74  0.02%   103 1120s
 11383  5263 3575042.24   29  321 3574887.27 3575646.93  0.02%   103 1125s
 11429  5274     cutoff   28      3574887.27 3575645.69  0.02%   103 1130s
 11489  5298     cutoff   29      3574887.27 3575643.50  0.02%   103 1135s
 11526  5310 3575261.35   31  307 3574887.27 3575641.89  0.02%   103 1140s
 11590  5341 3575026.96   43  271 3574887.27 3575641.08  0.02%   103 1145s
 11655  5369 3574955.95   45  209 3574887.27 3575638.86  0.02%   103 1150s
 11718  5397     cutoff   51      3574887.27 3575636.92  0.02%   103 1155s
 11777  5416 3575372.93   33  317 3574887.27 3575633.59  0.02%   103 1160s
 11846  5441 3574899.09   31  198 3574887.27 3575627.55  0.02%   103 1165s
 11928  5471 3575077.28   49  229 3574887.27 3575624.10  0.02%   103 1170s
 11992  5504 3574974.50   51  183 3574887.27 3575622.02  0.02%   103 1175s
 12058  5520 3575090.78   45  268 3574887.27 3575617.64  0.02%   103 1180s
 12127  5545 3574913.25   50  175 3574887.27 3575616.81  0.02%   103 1185s
 12204  5566 3575355.65   27  307 3574887.27 3575613.48  0.02%   103 1190s
 12273  5599 3574938.77   37  220 3574887.27 3575610.22  0.02%   102 1195s
 12339  5607 3574959.89   42  216 3574887.27 3575607.98  0.02%   103 1200s
 12410  5648 3574967.08   54  192 3574887.27 3575605.52  0.02%   102 1205s
 12475  5678 3574919.38   37  248 3574887.27 3575601.36  0.02%   102 1210s
 12546  5709 3575071.10   41  268 3574887.27 3575599.22  0.02%   102 1215s
 12610  5729 3574944.61   35  242 3574887.27 3575596.79  0.02%   102 1220s
 12676  5743 3575202.38   26  318 3574887.27 3575595.71  0.02%   102 1225s
 12732  5751 3575418.17   36  290 3574887.27 3575593.80  0.02%   102 1230s
 12810  5793 3574930.69   58  167 3574887.27 3575591.18  0.02%   102 1235s
 12872  5808 3574971.23   27  306 3574887.27 3575588.57  0.02%   102 1240s
 12933  5826 3574892.82   29  208 3574887.27 3575587.03  0.02%   102 1245s
 12987  5852     cutoff   37      3574887.27 3575584.77  0.02%   102 1250s
 13048  5867     cutoff   31      3574887.27 3575583.85  0.02%   102 1255s
 13120  5898 3574895.71   46  155 3574887.27 3575582.69  0.02%   102 1260s
 13182  5918     cutoff   40      3574887.27 3575581.71  0.02%   102 1265s
 13235  5941 3574936.09   33  271 3574887.27 3575580.55  0.02%   102 1270s
 13294  5959 3574905.05   39  194 3574887.27 3575577.71  0.02%   102 1275s
 13356  5974 3575184.51   42  276 3574887.27 3575576.62  0.02%   102 1280s
 13421  5986 3575073.16   27  330 3574887.27 3575574.56  0.02%   102 1285s
 13484  6009 3575216.31   33  300 3574887.27 3575571.91  0.02%   102 1290s
 13555  6031 3575045.89   57  231 3574887.27 3575567.58  0.02%   102 1295s
 13626  6054 3575407.55   37  292 3574887.27 3575565.45  0.02%   102 1300s
 13694  6094 3574977.41   54  202 3574887.27 3575564.39  0.02%   102 1305s
 13758  6105     cutoff   28      3574887.27 3575562.17  0.02%   102 1310s
 13800  6123 3575069.21   43  259 3574887.27 3575561.38  0.02%   102 1315s
 13859  6139     cutoff   38      3574887.27 3575557.82  0.02%   103 1320s
 13892  6151 3574993.92   41  242 3574887.27 3575556.53  0.02%   103 1325s
 13955  6168 3574902.81   35  215 3574887.27 3575555.64  0.02%   103 1330s
 14006  6186     cutoff   35      3574887.27 3575554.98  0.02%   103 1335s
 14046  6205 3575108.34   42  271 3574887.27 3575553.66  0.02%   103 1340s
 14111  6227 3574908.88   52  178 3574887.27 3575552.28  0.02%   103 1345s
 14172  6258 3574932.61   57  171 3574887.27 3575551.03  0.02%   103 1350s
 14230  6271     cutoff   30      3574887.27 3575548.31  0.02%   103 1355s
 14311  6304 3574904.66   44  182 3574887.27 3575546.58  0.02%   103 1360s
 14373  6328 3575197.78   43  258 3574887.27 3575545.47  0.02%   103 1365s
 14448  6381 3575025.35   57  194 3574887.27 3575544.84  0.02%   102 1370s
 14498  6398 3574946.63   37  177 3574887.27 3575543.22  0.02%   102 1375s
 14546  6418 3575175.54   42  279 3574887.27 3575542.15  0.02%   102 1386s
 14585  6434 3575090.55   35  295 3574887.27 3575541.53  0.02%   102 1390s
 14639  6435 3575229.68   39  280 3574887.27 3575536.14  0.02%   102 1395s
 14697  6453 3575065.43   35  279 3574887.27 3575534.96  0.02%   102 1400s
 14756  6477 3575206.23   36  292 3574887.27 3575532.31  0.02%   102 1405s
 14816  6506 3575234.04   30  321 3574887.27 3575529.29  0.02%   102 1410s
 14872  6531 3575190.50   33  301 3574887.27 3575528.26  0.02%   102 1415s
 14930  6545 3575098.23   44  253 3574887.27 3575527.77  0.02%   102 1420s
 14998  6579     cutoff   75      3574887.27 3575526.89  0.02%   102 1425s
 15030  6588 3575080.77   32  297 3574887.27 3575526.05  0.02%   102 1431s
 15067  6602 3574975.00   32  277 3574887.27 3575525.04  0.02%   102 1435s
 15122  6619 3575131.73   32  314 3574887.27 3575523.31  0.02%   102 1440s
 15178  6644 3575142.47   31  313 3574887.27 3575522.23  0.02%   102 1445s
 15239  6651 3575182.86   27  323 3574887.27 3575520.52  0.02%   102 1450s
 15302  6668 3574908.59   30  244 3574887.27 3575519.75  0.02%   102 1455s
 15358  6687 3575092.36   31  314 3574887.27 3575517.58  0.02%   102 1460s
 15409  6707 3575383.73   31  319 3574887.27 3575514.79  0.02%   102 1465s
 15476  6742     cutoff   46      3574887.27 3575513.73  0.02%   102 1470s
 15526  6751 3574992.58   28  285 3574887.27 3575511.89  0.02%   102 1475s
 15583  6765     cutoff   31      3574887.27 3575509.72  0.02%   102 1480s
 15649  6800 3574911.37   47  196 3574887.27 3575508.04  0.02%   102 1485s
 15712  6798 3575166.87   36  306 3574887.27 3575505.28  0.02%   103 1490s
 15763  6812 3575023.07   35  297 3574887.27 3575503.81  0.02%   103 1495s
 15830  6836 3575164.49   25  333 3574887.27 3575502.30  0.02%   103 1500s
 15891  6854 3574942.81   42  204 3574887.27 3575500.76  0.02%   103 1505s
 15964  6875 3575037.18   39  278 3574887.27 3575496.76  0.02%   103 1510s
 16031  6906 3575253.66   49  225 3574887.27 3575495.74  0.02%   103 1515s
 16106  6948     cutoff   57      3574887.27 3575494.98  0.02%   103 1520s
 16173  6975 3574976.39   41  228 3574887.27 3575492.24  0.02%   103 1525s
 16237  6986 3574897.15   36  191 3574887.27 3575491.46  0.02%   103 1530s
 16294  7013     cutoff   47      3574887.27 3575491.14  0.02%   103 1535s
 16350  7030 3575152.85   45  241 3574887.27 3575489.56  0.02%   103 1540s
 16411  7039 3575020.87   27  314 3574887.27 3575486.86  0.02%   103 1545s
 16470  7059 3575165.47   35  295 3574887.27 3575485.14  0.02%   103 1550s
 16536  7078 3575104.91   30  302 3574887.27 3575483.28  0.02%   103 1555s
 16601  7101 3575326.46   30  323 3574887.27 3575481.12  0.02%   103 1560s
 16657  7118 3575000.32   38  262 3574887.27 3575477.74  0.02%   103 1565s
 16730  7131 3575172.81   41  288 3574887.27 3575475.75  0.02%   103 1570s
 16795  7147 3575107.89   38  270 3574887.27 3575475.58  0.02%   103 1575s
 16859  7169 3574913.57   48  183 3574887.27 3575475.13  0.02%   103 1580s
 16939  7186 3575189.30   28  320 3574887.27 3575474.19  0.02%   103 1585s
 17005  7206 3574968.38   36  247 3574887.27 3575473.16  0.02%   103 1590s
 17080  7224 3575129.57   41  277 3574887.27 3575471.04  0.02%   103 1595s
 17144  7242 3575123.89   42  276 3574887.27 3575469.79  0.02%   103 1600s
 17205  7239     cutoff   22      3574887.27 3575466.45  0.02%   103 1605s
 17253  7238 3575185.66   36  295 3574887.27 3575464.66  0.02%   103 1610s
 17322  7262 3574949.77   32  278 3574887.27 3575463.63  0.02%   103 1615s
 17399  7278 3575024.82   35  293 3574887.27 3575461.97  0.02%   103 1620s
 17463  7294 3575285.92   29  326 3574887.27 3575460.52  0.02%   103 1625s
 17525  7298 3575012.66   42  260 3574887.27 3575459.65  0.02%   103 1630s
 17573  7304 3574967.83   37  248 3574887.27 3575457.06  0.02%   104 1635s
 17650  7322 3574945.16   38  227 3574887.27 3575455.77  0.02%   103 1640s
 17708  7328 3575113.04   35  304 3574887.27 3575453.97  0.02%   104 1645s
 17756  7343 3574934.24   42  214 3574887.27 3575453.39  0.02%   104 1650s
 17813  7363 3575050.72   31  326 3574887.27 3575451.70  0.02%   104 1655s
 17858  7366 3575109.24   36  271 3574887.27 3575449.94  0.02%   104 1660s
 17913  7377 3574939.39   41  218 3574887.27 3575449.11  0.02%   104 1665s
 17960  7395 3574894.08   56  127 3574887.27 3575448.41  0.02%   104 1670s
 18024  7408 3575200.69   28  301 3574887.27 3575446.46  0.02%   104 1675s
 18073  7412 3575166.60   38  298 3574887.27 3575445.54  0.02%   104 1680s
 18122  7423 3575237.07   33  318 3574887.27 3575445.28  0.02%   104 1685s
 18175  7434 3574980.98   38  241 3574887.27 3575442.97  0.02%   104 1690s
 18244  7446 3575027.41   49  217 3574887.27 3575441.12  0.02%   104 1695s
 18290  7448 3575048.10   33  297 3574887.27 3575440.25  0.02%   104 1700s
 18349  7457 3575079.15   30  288 3574887.27 3575438.52  0.02%   104 1705s
 18406  7467 3575131.02   29  315 3574887.27 3575437.73  0.02%   104 1710s
 18461  7474 3574929.03   29  261 3574887.27 3575436.18  0.02%   104 1715s
 18505  7483 3575236.68   37  289 3574887.27 3575435.65  0.02%   104 1720s
 18566  7508 3574919.88   53  186 3574887.27 3575434.83  0.02%   104 1725s
 18614  7506 3575121.70   43  277 3574887.27 3575434.11  0.02%   104 1730s
 18673  7517 3575084.44   40  265 3574887.27 3575431.71  0.02%   104 1735s
 18713  7526 3575098.09   40  261 3574887.27 3575430.64  0.02%   104 1740s
 18775  7534 3574983.42   38  242 3574887.27 3575429.71  0.02%   104 1745s
 18833  7542 3575053.63   36  281 3574887.27 3575428.89  0.02%   104 1750s
 18877  7540 3575237.07   41  286 3574887.27 3575426.81  0.02%   105 1755s
 18916  7552 3575033.79   49  239 3574887.27 3575423.65  0.02%   105 1760s
 18957  7557 3575094.89   28  293 3574887.27 3575422.52  0.01%   105 1765s
 19026  7582 3574996.82   58  189 3574887.27 3575420.51  0.01%   105 1770s
 19067  7580 3575009.00   34  298 3574887.27 3575419.71  0.01%   105 1775s
 19132  7612 3575147.33   31  305 3574887.27 3575418.43  0.01%   105 1780s
 19182  7623 3574935.13   40  228 3574887.27 3575417.58  0.01%   105 1785s
 19230  7636 3575017.39   41  198 3574887.27 3575416.78  0.01%   105 1790s
 19302  7641 3575049.60   44  244 3574887.27 3575412.60  0.01%   105 1795s
 19349  7652 3575101.52   37  294 3574887.27 3575411.25  0.01%   105 1800s
 19407  7655 3575048.72   37  276 3574887.27 3575409.36  0.01%   105 1805s
 19455  7670 3575078.55   52  218 3574887.27 3575408.92  0.01%   105 1810s
 19507  7683 3575132.04   31  300 3574887.27 3575408.04  0.01%   105 1815s
 19560  7693 3574976.18   36  264 3574887.27 3575406.89  0.01%   105 1820s
 19617  7710 3575071.43   34  295 3574887.27 3575406.42  0.01%   105 1829s
 19622  7711     cutoff   38      3574887.27 3575406.42  0.01%   105 1830s
 19673  7717 3574926.42   39  222 3574887.27 3575405.60  0.01%   105 1835s
 19733  7716     cutoff   27      3574887.27 3575404.08  0.01%   105 1840s
 19788  7737 3574989.19   54  185 3574887.27 3575403.39  0.01%   105 1845s
H19792  7526                    3574913.2941 3575403.39  0.01%   105 1845s
 19868  7549     cutoff   32      3574913.29 3575402.43  0.01%   105 1850s
 19917  7549 3575041.46   35  270 3574913.29 3575400.99  0.01%   105 1855s
 19964  7555 3575045.06   44  253 3574913.29 3575400.09  0.01%   105 1860s
 20008  7547 3575223.37   29  329 3574913.29 3575399.08  0.01%   105 1865s
 20057  7569 3575066.86   53  182 3574913.29 3575398.66  0.01%   105 1870s
 20128  7594 3575064.47   35  285 3574913.29 3575398.32  0.01%   105 1875s
 20174  7580 3575048.78   27  314 3574913.29 3575395.48  0.01%   105 1880s
 20219  7592 3575041.15   39  254 3574913.29 3575394.62  0.01%   105 1885s
 20282  7587     cutoff   35      3574913.29 3575392.18  0.01%   105 1890s
 20346  7616 3574956.86   41  210 3574913.29 3575391.72  0.01%   105 1895s
 20416  7625 3575039.36   44  260 3574913.29 3575389.75  0.01%   105 1900s
 20479  7637 3575129.48   30  282 3574913.29 3575388.13  0.01%   105 1905s
 20548  7653 3575054.41   43  255 3574913.29 3575385.48  0.01%   105 1910s
 20614  7669     cutoff   31      3574913.29 3575384.47  0.01%   105 1915s
 20667  7680 3575051.00   29  323 3574913.29 3575382.94  0.01%   105 1920s
 20724  7677 3574921.94   35  199 3574913.29 3575380.94  0.01%   105 1925s
 20785  7669 3575050.95   33  308 3574913.29 3575378.60  0.01%   105 1930s
 20840  7671 3575054.44   41  250 3574913.29 3575377.43  0.01%   106 1935s
 20902  7677 3574946.84   31  275 3574913.29 3575376.25  0.01%   106 1940s
 20973  7676 3575055.87   27  324 3574913.29 3575375.17  0.01%   106 1945s
 21032  7675 3575250.87   37  304 3574913.29 3575374.04  0.01%   106 1950s
 21088  7690 3575027.63   35  260 3574913.29 3575373.83  0.01%   106 1955s
 21148  7710     cutoff   28      3574913.29 3575372.96  0.01%   106 1960s
 21213  7723     cutoff   36      3574913.29 3575371.83  0.01%   106 1965s
 21275  7736 3574964.03   38  226 3574913.29 3575370.27  0.01%   106 1970s
 21327  7743 3575049.08   36  277 3574913.29 3575369.57  0.01%   106 1975s
 21404  7764     cutoff   48      3574913.29 3575368.96  0.01%   106 1980s
 21465  7780     cutoff   34      3574913.29 3575368.11  0.01%   106 1985s
 21534  7790 3575164.38   31  311 3574913.29 3575366.26  0.01%   106 1990s
 21595  7789 3575296.06   30  304 3574913.29 3575364.94  0.01%   106 1995s
 21647  7795 3575010.87   41  245 3574913.29 3575363.82  0.01%   106 2000s
 21707  7795 3574962.81   31  274 3574913.29 3575361.56  0.01%   106 2005s
 21776  7800 3575030.75   46  235 3574913.29 3575360.09  0.01%   106 2010s
 21846  7805 3574991.82   27  301 3574913.29 3575358.60  0.01%   106 2015s
 21901  7790 3575000.13   36  254 3574913.29 3575355.51  0.01%   106 2020s
 21955  7792 3575169.58   37  280 3574913.29 3575354.48  0.01%   106 2025s
 22030  7803 3575053.23   25  310 3574913.29 3575353.67  0.01%   106 2030s
 22098  7815 3575084.09   40  277 3574913.29 3575352.20  0.01%   106 2035s
 22160  7818 3575251.27   32  299 3574913.29 3575350.03  0.01%   106 2040s
 22235  7851 3574974.18   55  190 3574913.29 3575349.18  0.01%   106 2045s
 22297  7845 3575273.99   31  309 3574913.29 3575347.86  0.01%   106 2050s
 22359  7864 3574943.62   52  165 3574913.29 3575346.46  0.01%   106 2055s
 22434  7887 3574941.55   25  259 3574913.29 3575344.85  0.01%   106 2060s
 22495  7896 3575122.19   39  272 3574913.29 3575343.19  0.01%   106 2065s
 22554  7898 3575275.18   51  259 3574913.29 3575340.34  0.01%   106 2070s
 22602  7911 3574975.45   41  231 3574913.29 3575339.71  0.01%   106 2075s
 22652  7915 3574934.15   40  210 3574913.29 3575338.50  0.01%   106 2080s
 22712  7921     cutoff   48      3574913.29 3575337.32  0.01%   106 2085s
 22760  7926 3575062.83   50  224 3574913.29 3575336.59  0.01%   107 2090s
 22804  7932 3575165.80   54  230 3574913.29 3575336.09  0.01%   107 2095s
 22878  7946     cutoff   39      3574913.29 3575335.11  0.01%   107 2100s
 22917  7941 3575161.69   38  271 3574913.29 3575334.17  0.01%   107 2105s
 22990  7954 3574987.23   26  294 3574913.29 3575333.17  0.01%   107 2110s
 23043  7954 3574986.12   35  243 3574913.29 3575331.04  0.01%   107 2115s
 23101  7949 3574970.97   46  213 3574913.29 3575329.33  0.01%   107 2120s
 23156  7947 3575149.16   49  250 3574913.29 3575328.08  0.01%   107 2125s
 23216  7961 3574925.43   52  139 3574913.29 3575327.73  0.01%   107 2130s
 23275  7965 3574960.16   27  278 3574913.29 3575326.27  0.01%   107 2135s
 23304  7963 3574985.63   45  247 3574913.29 3575325.50  0.01%   107 2140s
 23373  7965 3575207.67   49  262 3574913.29 3575324.58  0.01%   107 2145s
 23435  7978     cutoff   47      3574913.29 3575323.74  0.01%   107 2150s
 23505  7977 3575139.87   43  269 3574913.29 3575322.86  0.01%   107 2155s
 23552  7969     cutoff   32      3574913.29 3575321.62  0.01%   107 2160s
 23595  7965 3575039.10   49  195 3574913.29 3575320.44  0.01%   107 2165s
 23659  7966 3574930.81   38  212 3574913.29 3575319.66  0.01%   107 2170s
 23715  7968 3575090.22   35  267 3574913.29 3575318.25  0.01%   107 2175s
 23766  7978     cutoff   39      3574913.29 3575316.72  0.01%   107 2180s
 23816  7981 3574996.80   42  234 3574913.29 3575316.05  0.01%   107 2185s
 23866  7981 3575001.88   42  223 3574913.29 3575314.79  0.01%   107 2190s
 23918  7992 3575063.16   46  205 3574913.29 3575314.15  0.01%   107 2195s
 23989  8014     cutoff   27      3574913.29 3575313.81  0.01%   107 2200s
 24027  8013 3575281.74   31  312 3574913.29 3575313.04  0.01%   107 2205s
 24073  8029 3575012.38   54  182 3574913.29 3575312.10  0.01%   107 2210s
 24115  8026 3575041.73   51  191 3574913.29 3575311.29  0.01%   107 2215s
 24191  8045 3574945.48   48  188 3574913.29 3575309.38  0.01%   107 2220s
 24235  8049     cutoff   35      3574913.29 3575308.89  0.01%   107 2225s
 24305  8050     cutoff   60      3574913.29 3575308.01  0.01%   107 2230s
 24369  8048     cutoff   34      3574913.29 3575306.88  0.01%   107 2235s
 24432  8056 3575076.89   41  270 3574913.29 3575305.04  0.01%   107 2240s
 24490  8046 3574981.72   38  234 3574913.29 3575303.58  0.01%   107 2245s
 24539  8038 3574915.51   30  219 3574913.29 3575302.73  0.01%   108 2250s
 24597  8041 3575195.12   40  283 3574913.29 3575300.77  0.01%   108 2255s
 24655  8060 3575057.32   42  279 3574913.29 3575300.30  0.01%   108 2260s
 24688  8064 3575122.85   47  250 3574913.29 3575299.24  0.01%   108 2265s
 24739  8089     cutoff   45      3574913.29 3575298.75  0.01%   108 2270s
 24798  8085 3575121.88   40  299 3574913.29 3575297.02  0.01%   108 2275s
 24861  8079     cutoff   30      3574913.29 3575295.54  0.01%   108 2280s
 24920  8073     cutoff   38      3574913.29 3575294.79  0.01%   108 2285s
 24972  8084 3575197.33   44  283 3574913.29 3575294.19  0.01%   108 2290s
 25029  8094 3574928.57   44  157 3574913.29 3575293.39  0.01%   108 2295s
 25087  8097     cutoff   36      3574913.29 3575291.55  0.01%   108 2300s
 25150  8114     cutoff   42      3574913.29 3575290.59  0.01%   108 2305s
 25206  8124 3575204.54   46  276 3574913.29 3575290.00  0.01%   108 2310s
 25273  8138 3574941.48   25  280 3574913.29 3575289.28  0.01%   107 2315s
 25326  8135 3575105.96   43  220 3574913.29 3575287.89  0.01%   108 2320s
 25402  8146 3574966.60   35  248 3574913.29 3575286.35  0.01%   108 2325s
 25438  8139 3575011.36   54  177 3574913.29 3575285.55  0.01%   108 2330s
 25504  8139 3574994.33   33  273 3574913.29 3575285.15  0.01%   108 2335s
 25571  8131 3574958.45   41  215 3574913.29 3575283.53  0.01%   108 2340s
 25626  8132     cutoff   45      3574913.29 3575282.70  0.01%   108 2345s
 25700  8141 3575139.34   44  277 3574913.29 3575281.38  0.01%   108 2350s
 25776  8160 3575082.59   64  200 3574913.29 3575280.58  0.01%   108 2355s
 25845  8149 3575051.05   39  271 3574913.29 3575278.60  0.01%   108 2360s
 25903  8153 3574919.96   56  121 3574913.29 3575277.13  0.01%   108 2365s
 25958  8149     cutoff   36      3574913.29 3575276.12  0.01%   108 2370s
 26026  8160 3575024.00   65  165 3574913.29 3575275.43  0.01%   108 2375s
 26096  8169 3575078.31   42  254 3574913.29 3575274.60  0.01%   108 2380s
 26168  8187 3574974.64   46  227 3574913.29 3575273.64  0.01%   108 2385s
 26231  8206 3574983.77   48  191 3574913.29 3575272.91  0.01%   108 2390s
 26291  8205 3575107.60   42  264 3574913.29 3575272.38  0.01%   108 2395s
 26363  8220 3575123.48   40  274 3574913.29 3575271.60  0.01%   108 2400s
 26421  8221     cutoff   35      3574913.29 3575270.51  0.01%   108 2405s
 26498  8235     cutoff   38      3574913.29 3575270.02  0.01%   108 2410s
 26558  8235 3575007.87   38  249 3574913.29 3575268.26  0.01%   108 2415s
 26629  8246     cutoff   47      3574913.29 3575267.70  0.01%   108 2420s
 26687  8248 3574919.31   40  153 3574913.29 3575267.07  0.01%   108 2425s
 26760  8256 3574937.13   37  231 3574913.29 3575266.32  0.01%   108 2430s
 26819  8250 3574942.38   44  197 3574913.29 3575265.24  0.01%   108 2435s
 26896  8259     cutoff   47      3574913.29 3575263.76  0.01%   108 2440s
 26965  8259 3574991.19   36  258 3574913.29 3575262.89  0.01%   108 2445s
 27020  8245 3574981.19   37  240 3574913.29 3575260.88  0.01%   108 2450s
 27085  8245 3575035.65   41  246 3574913.29 3575260.17  0.01%   108 2455s
 27157  8259 3574948.29   47  202 3574913.29 3575259.14  0.01%   108 2460s
 27221  8254 3575057.20   44  273 3574913.29 3575257.15  0.01%   108 2465s
 27308  8284 3574919.90   39  164 3574913.29 3575256.96  0.01%   108 2470s
 27372  8272     cutoff   33      3574913.29 3575255.72  0.01%   108 2475s
 27436  8278 3574940.13   51  176 3574913.29 3575255.22  0.01%   108 2480s
 27499  8264 3574975.10   58  189 3574913.29 3575253.48  0.01%   108 2485s
 27576  8268 3575004.52   36  272 3574913.29 3575252.47  0.01%   108 2490s
 27634  8282 3574935.05   40  197 3574913.29 3575251.87  0.01%   108 2495s
 27715  8303 3575038.96   50  210 3574913.29 3575251.12  0.01%   108 2500s
 27796  8305 3574925.70   44  180 3574913.29 3575250.02  0.01%   108 2505s
 27854  8307 3575038.46   47  239 3574913.29 3575249.35  0.01%   108 2510s
 27928  8327     cutoff   26      3574913.29 3575248.79  0.01%   108 2515s
 27995  8325 3575203.31   55  221 3574913.29 3575247.52  0.01%   108 2520s
H28022  8252                    3574919.8204 3575247.52  0.01%   108 2521s
 28077  8254     cutoff   35      3574919.82 3575247.18  0.01%   108 2525s
 28139  8257 3574929.64   43  136 3574919.82 3575246.42  0.01%   108 2530s
 28202  8252 3574962.21   53  191 3574919.82 3575244.90  0.01%   108 2535s
 28276  8263 3574960.42   41  232 3574919.82 3575244.13  0.01%   108 2540s
 28360  8284 3574962.18   38  243 3574919.82 3575243.24  0.01%   108 2545s
 28415  8279 3574942.14   32  244 3574919.82 3575242.22  0.01%   108 2551s
 28455  8266 3575091.31   46  239 3574919.82 3575241.15  0.01%   108 2555s
 28524  8281 3575126.53   40  280 3574919.82 3575240.21  0.01%   108 2560s
 28578  8280     cutoff   34      3574919.82 3575239.51  0.01%   108 2565s
 28654  8293 3575014.97   54  186 3574919.82 3575238.42  0.01%   108 2570s
 28708  8306 3574995.49   39  253 3574919.82 3575237.82  0.01%   108 2575s
 28771  8303 3575002.30   30  253 3574919.82 3575236.60  0.01%   108 2580s
 28833  8303     cutoff   32      3574919.82 3575235.57  0.01%   108 2585s
 28886  8312 3575002.19   38  243 3574919.82 3575234.27  0.01%   108 2590s
 28955  8314     cutoff   41      3574919.82 3575233.58  0.01%   108 2595s
 29018  8318 3574996.42   53  215 3574919.82 3575232.91  0.01%   108 2600s
 29058  8315 3574976.45   51  169 3574919.82 3575232.29  0.01%   108 2606s
 29098  8310     cutoff   36      3574919.82 3575231.90  0.01%   108 2610s
 29164  8326 3574940.86   44  199 3574919.82 3575231.18  0.01%   108 2615s
 29222  8322 3574962.60   45  213 3574919.82 3575230.57  0.01%   108 2620s
 29282  8323 3575028.44   30  302 3574919.82 3575229.71  0.01%   108 2625s
 29339  8318 3574922.77   42  147 3574919.82 3575228.81  0.01%   108 2630s
 29394  8322 3574945.14   45  210 3574919.82 3575228.19  0.01%   108 2635s
 29456  8316     cutoff   43      3574919.82 3575227.60  0.01%   108 2640s
 29503  8310     cutoff   29      3574919.82 3575226.61  0.01%   108 2645s
 29575  8324     cutoff   35      3574919.82 3575225.90  0.01%   108 2650s
 29645  8338 3575045.51   39  254 3574919.82 3575225.28  0.01%   108 2655s
 29707  8338 3575128.19   42  266 3574919.82 3575224.48  0.01%   108 2660s
 29761  8345 3575004.89   55  198 3574919.82 3575224.05  0.01%   108 2665s
 29821  8360 3574937.21   50  126 3574919.82 3575223.39  0.01%   108 2670s
 29878  8354 3574924.71   42  168 3574919.82 3575222.10  0.01%   108 2675s
 29949  8351 3575108.35   40  281 3574919.82 3575220.82  0.01%   108 2680s
 30010  8335 3575091.05   39  285 3574919.82 3575219.32  0.01%   108 2685s
 30068  8340 3574956.19   40  214 3574919.82 3575218.90  0.01%   108 2690s
 30141  8340     cutoff   60      3574919.82 3575217.83  0.01%   108 2695s
 30218  8333     cutoff   40      3574919.82 3575217.40  0.01%   108 2700s
 30277  8336 3574949.20   27  269 3574919.82 3575216.64  0.01%   108 2705s
 30337  8328     cutoff   43      3574919.82 3575215.67  0.01%   108 2710s
 30408  8319 3574921.17   37  168 3574919.82 3575214.61  0.01%   108 2715s
 30455  8308 3574982.54   56  165 3574919.82 3575213.96  0.01%   108 2720s
 30520  8317 3574939.04   30  195 3574919.82 3575213.39  0.01%   108 2725s
 30582  8311 3575079.31   35  274 3574919.82 3575212.41  0.01%   108 2730s
 30637  8308 3574977.99   29  280 3574919.82 3575211.57  0.01%   108 2735s
 30700  8313 3575060.98   32  291 3574919.82 3575210.83  0.01%   108 2740s
 30773  8324 3575044.64   55  181 3574919.82 3575210.30  0.01%   108 2745s
 30838  8338 3575050.72   45  235 3574919.82 3575209.33  0.01%   108 2750s
 30907  8315 3575056.01   40  279 3574919.82 3575208.21  0.01%   108 2755s
 30954  8312     cutoff   28      3574919.82 3575207.36  0.01%   108 2760s
 31023  8327     cutoff   61      3574919.82 3575206.80  0.01%   108 2765s
 31071  8313 3575036.09   39  243 3574919.82 3575205.91  0.01%   108 2770s
 31129  8312 3574955.89   40  225 3574919.82 3575205.61  0.01%   108 2775s
 31202  8324 3574976.23   29  275 3574919.82 3575205.15  0.01%   108 2780s
 31283  8332     cutoff   46      3574919.82 3575204.24  0.01%   108 2785s
 31338  8322 3575074.89   45  226 3574919.82 3575202.77  0.01%   108 2790s
 31398  8313 3575046.51   48  234 3574919.82 3575201.99  0.01%   108 2795s
 31471  8327 3574976.72   36  245 3574919.82 3575201.31  0.01%   108 2800s
 31525  8322 3574990.46   30  286 3574919.82 3575200.81  0.01%   108 2805s
 31570  8307 3574937.99   38  228 3574919.82 3575199.89  0.01%   108 2810s
 31636  8297 3575118.20   36  285 3574919.82 3575198.99  0.01%   108 2815s
 31700  8285     cutoff   32      3574919.82 3575197.68  0.01%   108 2820s
 31788  8286     cutoff   34      3574919.82 3575196.66  0.01%   108 2825s
 31858  8292 3575035.28   45  197 3574919.82 3575195.47  0.01%   108 2830s
 31929  8292 3575021.25   52  196 3574919.82 3575194.23  0.01%   108 2835s
 31991  8292 3574969.88   44  226 3574919.82 3575193.13  0.01%   108 2840s
 32062  8293     cutoff   53      3574919.82 3575192.71  0.01%   108 2845s
 32134  8277     cutoff   41      3574919.82 3575191.23  0.01%   108 2850s
 32210  8278 3575024.94   38  271 3574919.82 3575190.80  0.01%   108 2855s
 32291  8268 3574948.16   55  162 3574919.82 3575189.39  0.01%   108 2860s
 32351  8254 3574965.73   38  242 3574919.82 3575188.19  0.01%   108 2865s
 32423  8259 3575109.50   44  252 3574919.82 3575187.01  0.01%   108 2870s
 32502  8265 3574926.60   30  212 3574919.82 3575186.33  0.01%   108 2875s
 32572  8272 3574929.35   43  162 3574919.82 3575185.69  0.01%   108 2880s
 32645  8277     cutoff   48      3574919.82 3575184.96  0.01%   108 2885s
 32700  8259 3574971.39   58  175 3574919.82 3575183.48  0.01%   108 2890s
 32771  8263     cutoff   47      3574919.82 3575182.73  0.01%   108 2895s
 32847  8258 3574958.03   48  192 3574919.82 3575182.17  0.01%   108 2900s
 32911  8259 3574989.34   46  215 3574919.82 3575181.25  0.01%   108 2905s
 32986  8256 3574995.35   41  236 3574919.82 3575180.37  0.01%   108 2910s
 33058  8252     cutoff   43      3574919.82 3575179.81  0.01%   108 2915s
 33096  8249 3575114.19   45  277 3574919.82 3575179.36  0.01%   108 2920s
 33182  8261 3574970.10   44  211 3574919.82 3575178.85  0.01%   108 2925s
 33248  8245 3575053.76   45  215 3574919.82 3575177.80  0.01%   108 2930s
 33335  8247 3575159.16   58  216 3574919.82 3575176.98  0.01%   108 2935s
 33418  8256     cutoff   37      3574919.82 3575176.43  0.01%   108 2940s
 33483  8247 3574972.47   48  217 3574919.82 3575175.55  0.01%   108 2945s
 33553  8245 3575088.60   51  250 3574919.82 3575174.87  0.01%   108 2950s
 33625  8240 3574975.01   37  245 3574919.82 3575174.13  0.01%   108 2955s
 33696  8244     cutoff   44      3574919.82 3575173.61  0.01%   108 2960s
 33762  8234 3574989.95   43  240 3574919.82 3575172.61  0.01%   108 2965s
 33831  8226 3574928.48   44  145 3574919.82 3575171.79  0.01%   108 2970s
 33902  8221     cutoff   50      3574919.82 3575170.91  0.01%   108 2975s
 33979  8228 3574936.97   47  176 3574919.82 3575170.37  0.01%   108 2980s
 34044  8199 3575045.52   38  268 3574919.82 3575169.16  0.01%   108 2985s
 34104  8182 3574971.00   49  193 3574919.82 3575167.88  0.01%   108 2990s
 34175  8177     cutoff   32      3574919.82 3575167.36  0.01%   108 2995s
 34243  8156 3574956.10   47  198 3574919.82 3575165.98  0.01%   108 3000s
 34302  8146 3574934.76   53  147 3574919.82 3575165.02  0.01%   108 3005s
 34373  8136     cutoff   58      3574919.82 3575164.07  0.01%   108 3010s
 34432  8136 3575051.61   30  303 3574919.82 3575163.29  0.01%   108 3015s
 34500  8126     cutoff   31      3574919.82 3575161.95  0.01%   108 3020s
 34567  8110 3574940.75   51  180 3574919.82 3575160.69  0.01%   108 3025s
 34637  8086 3575084.35   47  258 3574919.82 3575159.29  0.01%   108 3030s
 34700  8085     cutoff   46      3574919.82 3575158.70  0.01%   108 3035s
 34769  8073 3575025.67   33  264 3574919.82 3575158.06  0.01%   108 3040s
 34834  8061     cutoff   65      3574919.82 3575157.50  0.01%   108 3045s
 34872  8040 3574938.32   42  205 3574919.82 3575156.58  0.01%   108 3050s
 34940  8035 3575015.58   30  277 3574919.82 3575155.92  0.01%   108 3055s
 35004  8040     cutoff   59      3574919.82 3575155.55  0.01%   108 3060s
 35070  8024 3575086.54   62  198 3574919.82 3575154.37  0.01%   108 3069s
 35084  8017     cutoff   45      3574919.82 3575154.06  0.01%   108 3070s
 35149  8003 3574971.85   52  197 3574919.82 3575153.20  0.01%   108 3075s
 35208  7992 3574930.71   51  148 3574919.82 3575152.36  0.01%   108 3080s
 35269  7978 3574931.91   42  144 3574919.82 3575151.28  0.01%   108 3085s
 35332  7954 3574989.47   46  185 3574919.82 3575150.20  0.01%   108 3090s
 35402  7952 3575003.37   52  200 3574919.82 3575149.30  0.01%   108 3095s
 35469  7938 3575014.55   50  197 3574919.82 3575148.49  0.01%   108 3100s
 35533  7910     cutoff   38      3574919.82 3575147.22  0.01%   108 3105s
 35597  7898 3574984.40   63  165 3574919.82 3575146.39  0.01%   108 3110s
 35670  7882 3575051.12   39  263 3574919.82 3575145.50  0.01%   108 3115s
 35731  7875 3574996.08   41  255 3574919.82 3575144.88  0.01%   108 3120s
 35789  7851 3574966.41   49  206 3574919.82 3575144.12  0.01%   108 3125s
 35869  7830 3574929.19   53  130 3574919.82 3575143.02  0.01%   108 3130s
 35944  7818 3574948.21   39  222 3574919.82 3575142.45  0.01%   108 3135s
 36024  7804     cutoff   46      3574919.82 3575141.34  0.01%   108 3140s
 36082  7772 3574955.55   44  197 3574919.82 3575140.00  0.01%   108 3145s
 36144  7748 3575000.53   41  226 3574919.82 3575139.07  0.01%   108 3150s
 36219  7727 3575034.79   40  240 3574919.82 3575137.74  0.01%   108 3155s
 36278  7712 3574974.23   37  233 3574919.82 3575137.17  0.01%   108 3160s
 36347  7698 3574997.14   49  219 3574919.82 3575136.37  0.01%   108 3165s
 36405  7682 3574969.03   57  178 3574919.82 3575135.79  0.01%   108 3170s
 36471  7661     cutoff   53      3574919.82 3575134.85  0.01%   108 3175s
 36541  7627 3574942.09   26  237 3574919.82 3575132.68  0.01%   108 3180s
 36603  7624 3574950.34   41  213 3574919.82 3575132.31  0.01%   108 3185s
 36669  7619     cutoff   29      3574919.82 3575131.85  0.01%   108 3190s
 36743  7602     cutoff   38      3574919.82 3575131.01  0.01%   108 3195s
 36809  7561 3574926.24   54  136 3574919.82 3575129.37  0.01%   108 3200s
 36879  7538     cutoff   50      3574919.82 3575128.46  0.01%   108 3205s
 36950  7521 3575005.60   53  190 3574919.82 3575127.43  0.01%   108 3210s
 37030  7482     cutoff   56      3574919.82 3575125.93  0.01%   108 3215s
 37101  7467     cutoff   38      3574919.82 3575125.13  0.01%   108 3220s
 37180  7443 3574961.74   31  256 3574919.82 3575123.82  0.01%   108 3225s
 37245  7415     cutoff   36      3574919.82 3575122.60  0.01%   108 3230s
 37320  7416 3574991.50   47  239 3574919.82 3575121.95  0.01%   108 3235s
 37385  7386     cutoff   46      3574919.82 3575121.04  0.01%   108 3240s
 37447  7356 3574979.32   45  212 3574919.82 3575119.78  0.01%   108 3245s
 37516  7325     cutoff   38      3574919.82 3575118.49  0.01%   108 3250s
 37584  7299 3574926.86   57   99 3574919.82 3575117.45  0.01%   108 3255s
 37658  7279     cutoff   51      3574919.82 3575116.60  0.01%   108 3260s
 37737  7244     cutoff   25      3574919.82 3575115.25  0.01%   108 3265s
 37799  7229     cutoff   30      3574919.82 3575114.66  0.01%   108 3270s
 37863  7217 3574981.44   35  256 3574919.82 3575114.01  0.01%   108 3275s
 37923  7193 3574975.35   53  174 3574919.82 3575112.95  0.01%   108 3280s
 37998  7141     cutoff   44      3574919.82 3575111.05  0.01%   108 3285s
 38067  7126 3574954.79   46  182 3574919.82 3575110.28  0.01%   108 3290s
 38130  7091 3574952.86   40  218 3574919.82 3575108.81  0.01%   108 3295s
 38191  7069 3574981.09   46  202 3574919.82 3575108.05  0.01%   108 3300s
 38252  7053 3574928.38   31  208 3574919.82 3575107.23  0.01%   108 3305s
 38325  7028 3574938.49   47  201 3574919.82 3575106.34  0.01%   108 3310s
 38400  6988 3574970.16   45  194 3574919.82 3575105.01  0.01%   108 3315s
 38468  6962 3575064.00   46  268 3574919.82 3575104.11  0.01%   108 3320s
 38554  6939     cutoff   48      3574919.82 3575103.31  0.01%   108 3325s
 38628  6913 3574975.22   62  149 3574919.82 3575102.46  0.01%   108 3330s
 38704  6887 3574924.50   42  146 3574919.82 3575101.66  0.01%   108 3335s
 38780  6854 3574979.46   49  198 3574919.82 3575100.46  0.01%   108 3340s
 38850  6843 3574932.34   55  118 3574919.82 3575099.85  0.01%   108 3345s
 38912  6801 3574930.75   42  166 3574919.82 3575098.79  0.01%   108 3350s
 38986  6774 3574985.97   55  187 3574919.82 3575097.87  0.00%   108 3355s
 39054  6744     cutoff   50      3574919.82 3575096.74  0.00%   108 3360s
 39116  6712     cutoff   37      3574919.82 3575095.91  0.00%   108 3365s
 39185  6679     cutoff   29      3574919.82 3575094.55  0.00%   108 3370s
 39251  6644     cutoff   62      3574919.82 3575093.43  0.00%   108 3375s
 39323  6604     cutoff   30      3574919.82 3575092.30  0.00%   108 3380s
 39404  6571     cutoff   37      3574919.82 3575091.38  0.00%   108 3385s
 39478  6534 3574924.61   43  155 3574919.82 3575090.00  0.00%   108 3390s
 39549  6481     cutoff   52      3574919.82 3575088.45  0.00%   108 3395s
 39611  6443     cutoff   28      3574919.82 3575087.75  0.00%   108 3400s
 39691  6433 3574939.54   40  205 3574919.82 3575087.08  0.00%   108 3405s
 39761  6397 3574920.63   57  121 3574919.82 3575086.18  0.00%   108 3410s
 39839  6345 3574946.50   45  198 3574919.82 3575084.46  0.00%   108 3415s
 39906  6309 3574940.18   56  124 3574919.82 3575083.27  0.00%   108 3420s
 39981  6258     cutoff   39      3574919.82 3575081.94  0.00%   108 3425s
 40057  6199     cutoff   40      3574919.82 3575080.13  0.00%   108 3430s
 40141  6144 3574953.55   59  155 3574919.82 3575078.58  0.00%   108 3435s
 40218  6102     cutoff   43      3574919.82 3575077.47  0.00%   108 3440s
 40288  6072 3574945.88   40  236 3574919.82 3575076.56  0.00%   108 3445s
 40358  6039 3574959.27   45  210 3574919.82 3575075.36  0.00%   108 3450s
 40429  5990     cutoff   55      3574919.82 3575073.83  0.00%   108 3455s
 40494  5951     cutoff   37      3574919.82 3575072.86  0.00%   108 3460s
 40565  5902     cutoff   45      3574919.82 3575071.41  0.00%   108 3465s
 40618  5876     cutoff   47      3574919.82 3575070.78  0.00%   108 3470s
 40696  5807 3574949.11   47  213 3574919.82 3575068.99  0.00%   108 3475s
 40774  5765     cutoff   47      3574919.82 3575067.89  0.00%   107 3480s
 40856  5699     cutoff   49      3574919.82 3575066.24  0.00%   107 3485s
 40930  5637 3574975.69   54  193 3574919.82 3575064.77  0.00%   107 3490s
 41000  5590 3574921.34   50  137 3574919.82 3575063.32  0.00%   107 3495s
 41075  5525     cutoff   40      3574919.82 3575061.57  0.00%   107 3500s
 41141  5473     cutoff   46      3574919.82 3575060.21  0.00%   107 3505s
 41215  5419 3574948.96   42  181 3574919.82 3575058.94  0.00%   107 3510s
 41289  5370 3574945.69   45  224 3574919.82 3575057.48  0.00%   107 3515s
 41369  5305     cutoff   50      3574919.82 3575055.60  0.00%   107 3520s
 41444  5243     cutoff   54      3574919.82 3575054.03  0.00%   107 3525s
 41521  5178     cutoff   63      3574919.82 3575052.47  0.00%   107 3530s
 41607  5113 3574948.01   51  152 3574919.82 3575051.13  0.00%   107 3535s
 41692  5050     cutoff   44      3574919.82 3575049.43  0.00%   107 3540s
 41765  5002     cutoff   31      3574919.82 3575048.09  0.00%   107 3545s
 41848  4933     cutoff   47      3574919.82 3575046.25  0.00%   107 3550s
 41923  4875 3574939.98   38  225 3574919.82 3575044.87  0.00%   107 3555s
 41995  4814     cutoff   43      3574919.82 3575043.76  0.00%   107 3560s
 42072  4758     cutoff   49      3574919.82 3575042.44  0.00%   106 3565s
 42125  4717 3574945.66   48  190 3574919.82 3575041.77  0.00%   106 3570s
 42206  4654 3574971.29   42  215 3574919.82 3575040.18  0.00%   106 3575s
 42282  4602 3574934.03   53  120 3574919.82 3575039.04  0.00%   106 3580s
 42365  4551 3574930.51   48  133 3574919.82 3575038.03  0.00%   106 3585s
 42431  4506     cutoff   46      3574919.82 3575037.29  0.00%   106 3590s
 42514  4443     cutoff   38      3574919.82 3575035.84  0.00%   106 3595s
 42603  4365     cutoff   35      3574919.82 3575034.28  0.00%   106 3600s
 42684  4294     cutoff   41      3574919.82 3575032.99  0.00%   106 3605s
 42769  4231     cutoff   41      3574919.82 3575031.56  0.00%   106 3610s
 42834  4188     cutoff   49      3574919.82 3575030.49  0.00%   106 3615s
 42923  4105     cutoff   40      3574919.82 3575028.58  0.00%   106 3620s
 43017  4015     cutoff   50      3574919.82 3575026.52  0.00%   105 3625s
 43106  3939     cutoff   37      3574919.82 3575024.88  0.00%   105 3630s
 43187  3865 3574941.26   56  169 3574919.82 3575023.33  0.00%   105 3635s
 43270  3792 3574985.44   44  244 3574919.82 3575021.53  0.00%   105 3640s
 43355  3722     cutoff   46      3574919.82 3575020.01  0.00%   105 3645s
 43441  3644     cutoff   35      3574919.82 3575018.16  0.00%   105 3650s
 43523  3577 3574941.04   53  158 3574919.82 3575016.97  0.00%   105 3655s
 43619  3491     cutoff   40      3574919.82 3575015.36  0.00%   105 3660s
 43720  3392     cutoff   50      3574919.82 3575013.40  0.00%   105 3665s
 43814  3310 3574936.08   43  177 3574919.82 3575011.81  0.00%   104 3670s
 43901  3233 3574936.53   43  182 3574919.82 3575010.09  0.00%   104 3675s
 43993  3148 3574959.87   52  184 3574919.82 3575008.53  0.00%   104 3680s
 44090  3071     cutoff   51      3574919.82 3575006.55  0.00%   104 3685s
 44186  2977     cutoff   32      3574919.82 3575004.80  0.00%   104 3690s
 44286  2883     cutoff   53      3574919.82 3575002.86  0.00%   104 3695s
 44383  2791     cutoff   46      3574919.82 3575000.90  0.00%   104 3700s
 44486  2693 3574937.63   44  190 3574919.82 3574999.11  0.00%   103 3705s
 44573  2623     cutoff   38      3574919.82 3574997.68  0.00%   103 3710s
 44680  2520     cutoff   51      3574919.82 3574995.81  0.00%   103 3715s
 44780  2433 3574942.91   47  175 3574919.82 3574994.04  0.00%   103 3720s
 44881  2341     cutoff   30      3574919.82 3574992.25  0.00%   103 3725s
 44997  2227     cutoff   49      3574919.82 3574989.99  0.00%   103 3730s
 45071  2155 3574954.98   43  151 3574919.82 3574988.77  0.00%   102 3735s
 45190  2036     cutoff   45      3574919.82 3574986.11  0.00%   102 3740s
 45301  1926     cutoff   51      3574919.82 3574983.22  0.00%   102 3745s
 45404  1828 3574952.57   57  158 3574919.82 3574981.00  0.00%   102 3750s
H45514  1471                    3574934.4838 3574978.55  0.00%   102 3755s
 45610  1400     cutoff   45      3574934.48 3574976.74  0.00%   102 3760s
 45720  1292     cutoff   53      3574934.48 3574973.84  0.00%   101 3765s
 45846  1166     cutoff   44      3574934.48 3574971.08  0.00%   101 3770s
 45957  1059     cutoff   43      3574934.48 3574968.35  0.00%   101 3775s
 46080   939 3574952.70   65  135 3574934.48 3574965.20  0.00%   101 3780s
 46193   828     cutoff   37      3574934.48 3574961.87  0.00%   100 3785s
 46328   693     cutoff   61      3574934.48 3574958.44  0.00%   100 3790s
 46459   562     cutoff   52      3574934.48 3574954.51  0.00%   100 3795s
 46588   433     cutoff   52      3574934.48 3574950.55  0.00%   100 3800s
 46720   301     cutoff   37      3574934.48 3574946.90  0.00%  99.5 3805s
 46855   166     cutoff   45      3574934.48 3574941.60  0.00%  99.2 3810s
 46987    34     cutoff   47      3574934.48 3574935.80  0.00%  99.0 3815s

Cutting planes:
  Gomory: 96
  Lift-and-project: 2
  Implied bound: 152
  MIR: 1329
  Mixing: 1
  Flow cover: 4072
  RLT: 310
  Relax-and-lift: 35
  Lazy constraints: 2906

Explored 47022 nodes (4657340 simplex iterations) in 3816.28 seconds (3451.17 work units)
Thread count was 1 (of 52 available processors)

Solution count 10: 3.57493e+06 3.57492e+06 3.57491e+06 ... 3.57449e+06

Optimal solution found (tolerance 0.00e+00)
Best objective 3.574934483833e+06, best bound 3.574934483833e+06, gap 0.0000%

User-callback calls 279855, time in user-callback 3.16 sec

CPU time spent in the second stage: 3816.28 sec
The LP relaxation bound at the root node: 3661912.202871
Termination status of the second stage: OPTIMAL

------------------ end of the second stage -----------------

Total CPU time: 4080.59 sec
Percentage optimality gap: 0.00 %
CPU time spent in separating the cuts: 51.07 sec
Number of explored nodes: 47022
Objective value of the returned solution: 3574934.483833
Optimal facility locations: [1, 4, 5, 10, 12, 13, 16, 17, 18, 22, 24, 25, 27, 28, 29, 31, 33, 34, 35, 36, 37, 38, 39, 40, 44, 45, 48, 51, 57, 58, 60, 62, 70, 78, 80, 81, 83, 85, 86, 88, 91, 94, 98, 99, 102, 105, 109, 112, 113, 115, 117, 122, 125, 128, 129, 132, 133, 134, 138, 139, 141, 142, 147, 148, 152, 155, 157, 159, 161, 163, 164, 167, 168, 169, 170, 173, 176, 177, 178, 181, 186, 187, 188, 194, 195, 197, 198, 200, 201, 202, 204, 205, 206, 212, 213, 214, 215, 218, 220, 224, 225, 231, 232, 239, 240, 242, 243, 246, 247, 248, 251, 252, 255, 261, 264, 265, 271, 273, 274, 275, 278, 279, 281, 286, 288, 290, 291, 292, 293, 294, 295, 296, 297, 298, 301, 302, 305, 306, 307, 310, 315, 317, 320, 324, 329, 331, 333, 335, 336, 337, 338, 341, 343, 345, 349, 350, 351, 357, 359, 360, 362, 367, 368, 374, 375, 377, 383, 384, 388, 392, 393, 395, 397, 400, 402, 406, 410, 414, 417, 418, 420, 423, 424, 426, 427, 428, 431, 435, 436, 438, 442, 444, 445, 446, 448, 449, 450, 451, 454, 456, 458, 460, 462, 463, 468, 471, 472, 481, 483, 485, 488, 489, 491, 492, 493, 494, 495, 497]

@end of file
