Set parameter TimeLimit to value 7200
Setting B&C+LSI: The proposed B&C algorithm based on formulation (40) (equipped with the lifted submodular inequalities).

----------------- start of the first stage -----------------

Iter     Best Incumbent      BestBound     Gap      Time  #VioCuts
1                 0.000    4170090.356   100.0      22.6      9999
2           1834072.310    3904848.002    53.0      40.3      9994
3           2512446.226    3344020.589    24.9     572.1      9762
4           2740507.280    2937060.770     6.7    1989.0      7766
5           2803258.155    2832574.683     1.0    2026.4      3470
6           2817475.589    2820411.495     0.1    2043.3       559
7           2817475.589    2819546.386     0.1    2052.1       160
8           2817475.589    2819465.487     0.1    2056.2        17
9           2817475.589    2819462.533     0.1    2059.5         0

CPU time spent in the first stage: 2404.17 sec
Upper bound returned at the end of the first stage: 2819462.533361
Objective value of the optimal solution or the best incumbent at the end of the first stage: 2817475.589175
Number of cuts added at the end of the first stage for the initialization of the relaxed MILP problem: 19310
Termination status of the first stage: LP Optimal

------------------ end of the first stage ------------------


----------------- start of the second stage ----------------

Gurobi Optimizer version 11.0.1 build v11.0.1rc0 (linux64 - "CentOS Linux 7 (Core)")

CPU model: Intel(R) Xeon(R) Gold 6230R CPU @ 2.10GHz, instruction set [SSE2|AVX|AVX2|AVX512]
Thread count: 52 physical cores, 52 logical processors, using up to 1 threads


Warning: excessive time spent in model updates.
Consider calling update less frequently.

Optimize a model with 29316 rows, 12000 columns and 201009 nonzeros
Model fingerprint: 0x710b4baa
Variable types: 10000 continuous, 2000 integer (0 binary)
Coefficient statistics:
  Matrix range     [3e-05, 2e+03]
  Objective range  [1e+01, 2e+03]
  Bounds range     [1e+00, 1e+00]
  RHS range        [1e-05, 5e+06]

User MIP start did not produce a new incumbent solution

Presolve removed 10005 rows and 0 columns
Presolve time: 0.52s
Presolved: 19311 rows, 12000 columns, 131009 nonzeros
Variable types: 10000 continuous, 2000 integer (2000 binary)
Root relaxation presolved: 19311 rows, 12000 columns, 131009 nonzeros


Root relaxation: objective 2.819463e+06, 8634 iterations, 0.57 seconds (0.28 work units)

    Nodes    |    Current Node    |     Objective Bounds      |     Work
 Expl Unexpl |  Obj  Depth IntInf | Incumbent    BestBd   Gap | It/Node Time

     0     0 2819462.53    0   84          - 2819462.53      -     -    2s
Another try with MIP start
H    0     0                    2817475.5892 2819462.53  0.07%     -    2s
     0     0 2819462.53    0   84 2817475.59 2819462.53  0.07%     -    2s
     0     0 2819357.68    0   55 2817475.59 2819357.68  0.07%     -    2s
     0     0 2819313.83    0   24 2817475.59 2819313.83  0.07%     -    3s
     0     0 2819293.35    0   54 2817475.59 2819293.35  0.06%     -    4s
     0     0 2819289.77    0   39 2817475.59 2819289.77  0.06%     -    5s
H    0     0                    2818967.9832 2819274.61  0.01%     -    5s
     0     0 2819274.61    0   26 2818967.98 2819274.61  0.01%     -    6s
H    0     0                    2819237.1370 2819273.23  0.00%     -    6s
     0     0 2819273.23    0   42 2819237.14 2819273.23  0.00%     -    7s
     0     0 2819273.23    0   42 2819237.14 2819273.23  0.00%     -    7s
     0     0 2819273.23    0   28 2819237.14 2819273.23  0.00%     -    8s
     0     0 2819273.23    0    - 2819237.14 2819273.23  0.00%     -    9s
     0     0 2819271.68    0   30 2819237.14 2819271.68  0.00%     -    9s
     0     0 2819269.32    0   27 2819237.14 2819269.32  0.00%     -    9s
     0     0 2819269.32    0   28 2819237.14 2819269.32  0.00%     -    9s
     0     0 2819267.38    0    6 2819237.14 2819267.38  0.00%     -   10s
     0     0 2819264.09    0    6 2819237.14 2819264.09  0.00%     -   10s
     0     0 2819264.09    0   59 2819237.14 2819264.09  0.00%     -   11s
     0     0 2819264.09    0    4 2819237.14 2819264.09  0.00%     -   11s
     0     0 2819264.09    0    4 2819237.14 2819264.09  0.00%     -   11s
H    0     0                    2819258.6838 2819263.63  0.00%     -   11s
*    0     0               0    2819263.6296 2819263.63  0.00%     -   11s

Cutting planes:
  Gomory: 56
  Lift-and-project: 26
  Cover: 1
  MIR: 11
  Flow cover: 11
  Zero half: 2
  RLT: 5

Explored 1 nodes (13352 simplex iterations) in 11.87 seconds (5.97 work units)
Thread count was 1 (of 52 available processors)

Solution count 5: 2.81926e+06 2.81926e+06 2.81924e+06 ... 2.81748e+06

Optimal solution found (tolerance 0.00e+00)
Best objective 2.819263629558e+06, best bound 2.819263629558e+06, gap 0.0000%

User-callback calls 3319, time in user-callback 0.19 sec

CPU time spent in the second stage: 11.87 sec
The LP relaxation bound at the root node: 2819263.629558
Termination status of the second stage: OPTIMAL

------------------ end of the second stage -----------------

Total CPU time: 2071.49 sec
Percentage optimality gap: 0.00 %
CPU time spent in separating the cuts: 10.04 sec
Number of explored nodes: 1
Objective value of the returned solution: 2819263.629553
Optimal facility locations: [2, 10, 12, 14, 19, 26, 28, 33, 35, 36, 38, 45, 63, 68, 83, 91, 92, 93, 98, 110, 119, 122, 123, 125, 127, 133, 141, 144, 145, 156, 157, 175, 180, 184, 186, 197, 198, 201, 203, 205, 220, 236, 237, 249, 251, 255, 264, 268, 269, 272, 285, 289, 294, 297, 304, 305, 311, 312, 314, 317, 318, 319, 327, 328, 343, 347, 349, 358, 368, 369, 370, 384, 390, 405, 413, 419, 431, 442, 448, 454, 466, 469, 470, 473, 477, 483, 488, 492, 495, 497, 503, 523, 524, 530, 531, 536, 541, 549, 552, 561, 569, 584, 588, 590, 593, 596, 600, 606, 612, 630, 657, 658, 665, 672, 673, 678, 692, 696, 705, 710, 719, 721, 732, 742, 746, 747, 758, 759, 761, 779, 792, 802, 814, 818, 827, 830, 837, 839, 854, 856, 859, 862, 874, 884, 886, 887, 895, 911, 912, 915, 916, 919, 923, 930, 940, 948, 953, 957, 963, 980, 983, 984, 995, 997, 999, 1021, 1027, 1038, 1043, 1047, 1056, 1066, 1070, 1081, 1094, 1099, 1105, 1107, 1113, 1115, 1117, 1120, 1121, 1126, 1132, 1140, 1142, 1144, 1146, 1148, 1163, 1168, 1169, 1170, 1176, 1178, 1180, 1188, 1193, 1196, 1209, 1212, 1214, 1217, 1232, 1234, 1241, 1255, 1262, 1263, 1265, 1268, 1273, 1275, 1281, 1284, 1300, 1301, 1304, 1306, 1312, 1317, 1324, 1337, 1340, 1341, 1349, 1361, 1366, 1372, 1378, 1388, 1394, 1412, 1413, 1417, 1419, 1430, 1433, 1441, 1447, 1448, 1451, 1452, 1458, 1461, 1467, 1471, 1476, 1483, 1484, 1485, 1502, 1503, 1506, 1511, 1516, 1517, 1528, 1542, 1543, 1545, 1559, 1565, 1573, 1578, 1583, 1588, 1589, 1593, 1600, 1604, 1605, 1606, 1610, 1613, 1620, 1622, 1628, 1632, 1635, 1640, 1641, 1654, 1657, 1666, 1668, 1670, 1672, 1673, 1697, 1698, 1699, 1701, 1702, 1704, 1712, 1716, 1724, 1731, 1734, 1737, 1740, 1742, 1750, 1752, 1755, 1757, 1764, 1769, 1771, 1773, 1779, 1789, 1794, 1802, 1807, 1808, 1810, 1812, 1818, 1824, 1825, 1835, 1836, 1837, 1843, 1844, 1849, 1852, 1864, 1868, 1888, 1889, 1892, 1893, 1896, 1912, 1915, 1916, 1922, 1924, 1927, 1929, 1935, 1939, 1941, 1947, 1948, 1953, 1961, 1966, 1968, 1974, 1975, 1980, 1982, 1985, 1991, 1994, 1995, 1999]

@end of file
