Set parameter TimeLimit to value 7200
Setting GBD: A two-stage implementation of the state-of-the-art generalized Benders decomposition (GBD) approach proposed by Lin & Tian (2021).

----------------- start of the first stage -----------------

Iter     Best Incumbent      BestBound     Gap      Time  #VioCuts
1                 0.000    4182150.443   100.0       2.9     10000
2           1402799.402    4142975.420    66.1       8.5     10000
3           2606725.003    4053596.696    35.7      37.7      9783
4           3197596.292    3930446.791    18.6      92.7      4073
5           3226499.304    3898702.953    17.2     113.5      1135
6           3226499.304    3894763.367    17.2     120.4       461
7           3226499.304    3893722.434    17.1     125.2       134
8           3226499.304    3893330.480    17.1     128.9       100
9           3226499.304    3893085.790    17.1     132.5        57
10          3226499.304    3892993.113    17.1     135.8        14
11          3226499.304    3892992.178    17.1     139.1         0

CPU time spent in the first stage: 266.47 sec
Upper bound returned at the end of the first stage: 3892992.177732
Objective value of the optimal solution or the best incumbent at the end of the first stage: 3226499.303896
Number of cuts added at the end of the first stage for the initialization of the relaxed MILP problem: 7870
Termination status of the first stage: LP Optimal

------------------ end of the first stage ------------------


----------------- start of the second stage ----------------

Gurobi Optimizer version 11.0.1 build v11.0.1rc0 (linux64 - "CentOS Linux 7 (Core)")

CPU model: Intel(R) Xeon(R) Gold 6230R CPU @ 2.10GHz, instruction set [SSE2|AVX|AVX2|AVX512]
Thread count: 52 physical cores, 52 logical processors, using up to 1 threads


Warning: excessive time spent in model updates.
Consider calling update less frequently.

Optimize a model with 17875 rows, 10300 columns and 91316 nonzeros
Model fingerprint: 0x34d5bad3
Variable types: 10000 continuous, 300 integer (0 binary)
Coefficient statistics:
  Matrix range     [2e-10, 2e+03]
  Objective range  [1e+01, 2e+03]
  Bounds range     [1e+00, 1e+00]
  RHS range        [4e-06, 5e+06]
Warning: Model contains large matrix coefficient range
         Consider reformulating model or setting NumericFocus parameter
         to avoid numerical issues.

Loaded user MIP start with objective 3.2265e+06

Presolve removed 10004 rows and 0 columns
Presolve time: 0.35s
Presolved: 7871 rows, 10300 columns, 40109 nonzeros
Variable types: 10000 continuous, 300 integer (300 binary)

Root relaxation: objective 3.878393e+06, 856 iterations, 0.09 seconds (0.08 work units)

    Nodes    |    Current Node    |     Objective Bounds      |     Work
 Expl Unexpl |  Obj  Depth IntInf | Incumbent    BestBd   Gap | It/Node Time

     0     0 3878392.86    0  101 3226499.30 3878392.86  20.2%     -    1s
H    0     0                    3550835.2001 3878392.86  9.22%     -    2s
     0     0 3849353.53    0  164 3550835.20 3849353.53  8.41%     -    2s
     0     0 3816280.11    0  235 3550835.20 3816280.11  7.48%     -    5s
H    0     0                    3668303.6958 3816222.26  4.03%     -    5s
     0     2 3798104.67    0  249 3668303.70 3798104.67  3.54%     -    7s
    20    22 3794604.84   10  240 3668303.70 3797784.52  3.53%  62.9   10s
    36    38 3773012.60   19  231 3668303.70 3797784.52  3.53%   267   15s
   115   117 3758241.37   72  171 3668303.70 3797784.52  3.53%   149   20s
   234   236 3742915.24  148   78 3668303.70 3797784.52  3.53%   110   25s
H  289   289                    3724759.7255 3797784.52  1.96%   102   27s
H  291   291                    3724829.9319 3797784.52  1.96%   102   27s
H  292   292                    3724995.0941 3797784.52  1.95%   101   27s
H  293   293                    3726846.2916 3797784.52  1.90%   101   27s
H  294   294                    3726888.0856 3797784.52  1.90%   101   27s
H  295   295                    3728523.6288 3797784.52  1.86%   100   28s
H  296   296                    3730365.7605 3797784.52  1.81%   100   28s
H  297   297                    3730555.8998 3797784.52  1.80%   100   28s
H  298   298                    3730665.3719 3797784.52  1.80%   100   28s
H  299   299                    3730904.7172 3797784.52  1.79%  99.4   28s
H  301   301                    3732936.8150 3797784.52  1.74%  98.9   28s
H  302   302                    3732950.9060 3797784.52  1.74%  98.6   28s
H  303   303                    3733075.0449 3797784.52  1.73%  98.3   28s
H  304   304                    3733092.5083 3797784.52  1.73%  98.0   28s
H  305   305                    3735117.1332 3797784.52  1.68%  97.7   28s
H  308   303                    3739119.4075 3797784.52  1.57%  96.8   28s
H  309   302                    3739163.7562 3797784.52  1.57%  96.5   28s
*  310   299             200    3739176.4760 3797784.52  1.57%  96.2   28s
   312   299 3776765.89    2  248 3739176.48 3797760.19  1.57%   110   30s
   432   419 3753320.22   93  127 3739176.48 3797760.19  1.57%  98.2   35s
   514   500 3762247.71   57  235 3739176.48 3797760.19  1.57%  89.6   49s
   516   501 3766489.11   17  219 3739176.48 3766489.11  0.73%  89.2   66s
   517   502 3754532.29   37  221 3739176.48 3754532.29  0.41%  89.0   71s
   521   505 3752239.67    8  201 3739176.48 3752239.67  0.35%  88.4   76s
   522   505 3751490.31    7  206 3739176.48 3751490.31  0.33%  88.2   81s
   527   509 3747101.53  132  190 3739176.48 3750704.19  0.31%  87.4   86s
H  527   483                    3744561.4163 3750429.89  0.16%  87.4   92s
   531   485 3750345.60   44  189 3744561.42 3750345.60  0.15%  86.7   96s
   534   487 3750135.38   12  189 3744561.42 3750135.38  0.15%  86.2  100s
H  535   463                    3745004.5551 3750135.38  0.14%  86.1  102s
H  536   441                    3747224.1336 3749819.33  0.07%  85.9  104s
   539   443 3749773.30  109  192 3747224.13 3749773.30  0.07%  85.4  105s
H  543   422                    3747397.6530 3749698.29  0.06%  84.8  109s
   547   425 3749318.38  123  192 3747397.65 3749647.54  0.06%  84.2  110s
H  552   406                    3747464.7753 3749561.08  0.06%  83.4  115s
H  554   387                    3747718.9418 3749561.08  0.05%  83.1  118s
H  558   368                    3747961.7571 3749528.09  0.04%  82.5  120s
   563   372 3747961.76  147  192 3747961.76 3749527.77  0.04%  81.8  125s
   569   376 3749502.14   95  188 3747961.76 3749502.14  0.04%  80.9  130s
   573   380 3749502.14   43  235 3747961.76 3749502.14  0.04%   114  137s
   575   381 3747961.76  154  220 3747961.76 3749502.14  0.04%   114  147s
   576   382 3749502.14    6  219 3747961.76 3749502.14  0.04%   113  152s
   580   385 3749488.48   88  186 3747961.76 3749488.48  0.04%   113  155s
   583   387 3749429.34   42  187 3747961.76 3749429.34  0.04%   112  164s
   585   388 3747961.76  140  188 3747961.76 3749429.34  0.04%   112  170s
H  585   368                    3748402.0943 3749402.38  0.03%   112  176s
H  589   352                    3748448.8871 3749392.94  0.03%   111  181s
H  591   335                    3748719.7618 3749387.57  0.02%   111  183s
H  593   319                    3748751.9880 3749374.89  0.02%   110  186s
   596   321 3749374.89   18  187 3748751.99 3749374.89  0.02%   110  191s
H  596   304                    3749194.8709 3749374.89  0.00%   110  196s
H  596   289                    3749211.8236 3749374.89  0.00%   110  196s
H  596   274                    3749212.0682 3749374.89  0.00%   110  196s
H  596   260                    3749220.2500 3749374.89  0.00%   110  196s
H  596   246                    3749288.1186 3749374.89  0.00%   110  196s
   604   247 3749312.00   29   34 3749288.12 3749314.18  0.00%   136  200s
*  613   232              35    3749288.3909 3749288.99  0.00%   134  200s
*  614   217              35    3749288.6718 3749288.99  0.00%   134  200s

Cutting planes:
  Gomory: 133
  Lift-and-project: 1
  Implied bound: 170
  MIR: 623
  Mixing: 16
  Flow cover: 3564
  RLT: 126
  Relax-and-lift: 7
  Lazy constraints: 2

Explored 616 nodes (89769 simplex iterations) in 200.50 seconds (140.70 work units)
Thread count was 1 (of 52 available processors)

Solution count 10: 3.74929e+06 3.74929e+06 3.74875e+06 ... 3.7474e+06

Optimal solution found (tolerance 0.00e+00)
Best objective 3.749288671821e+06, best bound 3.749288671821e+06, gap 0.0000%

User-callback calls 40446, time in user-callback 1.59 sec

CPU time spent in the second stage: 200.50 sec
The LP relaxation bound at the root node: 3798104.667256
Termination status of the second stage: OPTIMAL

------------------ end of the second stage -----------------

Total CPU time: 339.64 sec
Percentage optimality gap: 0.00 %
CPU time spent in separating the cuts: 28.83 sec
Number of explored nodes: 616
Objective value of the returned solution: 3749288.671821
Optimal facility locations: [2, 5, 8, 9, 11, 12, 13, 14, 15, 17, 18, 20, 21, 22, 24, 25, 26, 27, 29, 30, 31, 32, 33, 34, 35, 37, 38, 41, 42, 43, 44, 47, 48, 51, 52, 53, 55, 56, 57, 59, 62, 63, 65, 68, 69, 72, 75, 77, 79, 80, 82, 83, 84, 85, 86, 89, 90, 93, 95, 98, 99, 101, 102, 107, 109, 110, 111, 112, 115, 116, 117, 118, 122, 124, 125, 127, 128, 129, 130, 132, 134, 138, 140, 141, 142, 143, 145, 150, 152, 153, 154, 155, 156, 158, 164, 165, 166, 168, 169, 170, 173, 174, 176, 177, 180, 184, 186, 188, 189, 190, 191, 192, 193, 194, 195, 196, 197, 199, 200, 201, 204, 206, 208, 213, 214, 216, 219, 220, 221, 222, 223, 225, 226, 227, 229, 231, 232, 233, 234, 235, 238, 240, 241, 244, 247, 248, 250, 251, 252, 255, 267, 269, 270, 274, 276, 278, 279, 280, 281, 282, 285, 288, 289, 290, 291, 292, 293, 294, 295, 297, 299, 300]

@end of file
