Set parameter TimeLimit to value 7200
Setting B&C+LSI: The proposed B&C algorithm based on formulation (40) (equipped with the lifted submodular inequalities).

----------------- start of the first stage -----------------

Iter     Best Incumbent      BestBound     Gap      Time  #VioCuts
1                 0.000    4182150.443   100.0       3.3     10000
2           2442337.552    4122770.153    40.8       4.8      9998
3           3317627.421    3972398.514    16.5      20.1      9160
4           3695921.576    3827967.004     3.4      34.9      6503
5           3742516.280    3757944.544     0.4      43.6      2272
6           3747958.436    3749770.533     0.0      46.6       418
7           3748985.571    3749344.830     0.0      47.4         0

CPU time spent in the first stage: 167.11 sec
Upper bound returned at the end of the first stage: 3749344.830087
Objective value of the optimal solution or the best incumbent at the end of the first stage: 3748985.570882
Number of cuts added at the end of the first stage for the initialization of the relaxed MILP problem: 12806
Termination status of the first stage: LP Optimal

------------------ end of the first stage ------------------


----------------- start of the second stage ----------------

Gurobi Optimizer version 11.0.1 build v11.0.1rc0 (linux64 - "CentOS Linux 7 (Core)")

CPU model: Intel(R) Xeon(R) Gold 6230R CPU @ 2.10GHz, instruction set [SSE2|AVX|AVX2|AVX512]
Thread count: 52 physical cores, 52 logical processors, using up to 1 threads


Warning: excessive time spent in model updates.
Consider calling update less frequently.

Optimize a model with 22813 rows, 10300 columns and 117855 nonzeros
Model fingerprint: 0xc249c7e1
Variable types: 10000 continuous, 300 integer (0 binary)
Coefficient statistics:
  Matrix range     [1e-06, 2e+03]
  Objective range  [1e+01, 2e+03]
  Bounds range     [1e+00, 1e+00]
  RHS range        [4e-06, 5e+06]

Loaded user MIP start with objective 3.74899e+06

Presolve removed 10006 rows and 0 columns
Presolve time: 0.49s
Presolved: 12807 rows, 10300 columns, 46055 nonzeros
Variable types: 10000 continuous, 300 integer (300 binary)
Found heuristic solution: objective 3749239.1854

Root relaxation: objective 3.749345e+06, 2968 iterations, 0.14 seconds (0.09 work units)

    Nodes    |    Current Node    |     Objective Bounds      |     Work
 Expl Unexpl |  Obj  Depth IntInf | Incumbent    BestBd   Gap | It/Node Time

     0     0 3749344.83    0    4 3749239.19 3749344.83  0.00%     -    0s
     0     0 3749343.15    0    - 3749239.19 3749343.15  0.00%     -    0s
     0     0 3749335.43    0    4 3749239.19 3749335.43  0.00%     -    0s
*    0     0               0    3749288.6718 3749288.67  0.00%     -    0s

Cutting planes:
  Gomory: 2
  Lazy constraints: 4

Explored 1 nodes (2976 simplex iterations) in 0.87 seconds (0.85 work units)
Thread count was 1 (of 52 available processors)

Solution count 3: 3.74929e+06 3.74924e+06 3.74899e+06 

Optimal solution found (tolerance 0.00e+00)
Best objective 3.749288671821e+06, best bound 3.749288671821e+06, gap 0.0000%

User-callback calls 310, time in user-callback 0.02 sec

CPU time spent in the second stage: 0.87 sec
The LP relaxation bound at the root node: 3749288.671821
Termination status of the second stage: OPTIMAL

------------------ end of the second stage -----------------

Total CPU time: 48.42 sec
Percentage optimality gap: 0.00 %
CPU time spent in separating the cuts: 1.61 sec
Number of explored nodes: 1
Objective value of the returned solution: 3749288.671821
Optimal facility locations: [2, 5, 8, 9, 11, 12, 13, 14, 15, 17, 18, 20, 21, 22, 24, 25, 26, 27, 29, 30, 31, 32, 33, 34, 35, 37, 38, 41, 42, 43, 44, 47, 48, 51, 52, 53, 55, 56, 57, 59, 62, 63, 65, 68, 69, 72, 75, 77, 79, 80, 82, 83, 84, 85, 86, 89, 90, 93, 95, 98, 99, 101, 102, 107, 109, 110, 111, 112, 115, 116, 117, 118, 122, 124, 125, 127, 128, 129, 130, 132, 134, 138, 140, 141, 142, 143, 145, 150, 152, 153, 154, 155, 156, 158, 164, 165, 166, 168, 169, 170, 173, 174, 176, 177, 180, 184, 186, 188, 189, 190, 191, 192, 193, 194, 195, 196, 197, 199, 200, 201, 204, 206, 208, 213, 214, 216, 219, 220, 221, 222, 223, 225, 226, 227, 229, 231, 232, 233, 234, 235, 238, 240, 241, 244, 247, 248, 250, 251, 252, 255, 267, 269, 270, 274, 276, 278, 279, 280, 281, 282, 285, 288, 289, 290, 291, 292, 293, 294, 295, 297, 299, 300]

@end of file
