Set parameter TimeLimit to value 7200
Setting GBD: A two-stage implementation of the stage-of-the-art generalized Benders decomposition (GBD) approach proposed by Lin & Tian (2021).

----------------- start of the first stage -----------------

Iter     Best Incumbent      BestBound     Gap      Time  #VioCuts
1                 0.000     625580.744   100.0       0.4      1500
2                 0.000     604284.179   100.0       1.1      1499
3            239918.958     564554.018    57.5       2.1      1451
4            239918.958     529567.896    54.7       3.6      1118
5            239918.958     516046.698    53.5       4.5       578
6            239918.958     513716.223    53.3       5.1       227
7            239918.958     513089.619    53.2       5.6        96
8            239918.958     512911.799    53.2       6.0        12
9            239918.958     512882.299    53.2       6.4        12
10           239918.958     512878.462    53.2       6.8         1
11           239918.958     512878.457    53.2       7.2         0

CPU time spent in the first stage: 8.91 sec
Upper bound returned at the end of the first stage: 512878.456704
Objective value of the optimal solution or the best incumbent at the end of the first stage: 239918.957985
Number of cuts added at the end of the first stage for the initialization of the relaxed MILP problem: 1671
Termination status of the first stage: LP Optimal

------------------ end of the first stage ------------------


----------------- start of the second stage ----------------

Gurobi Optimizer version 11.0.1 build v11.0.1rc0 (linux64 - "CentOS Linux 7 (Core)")

CPU model: Intel(R) Xeon(R) Gold 6230R CPU @ 2.10GHz, instruction set [SSE2|AVX|AVX2|AVX512]
Thread count: 52 physical cores, 52 logical processors, using up to 1 threads


Warning: excessive time spent in model updates.
Consider calling update less frequently.

Optimize a model with 3173 rows, 1700 columns and 15493 nonzeros
Model fingerprint: 0x8e30325d
Variable types: 1500 continuous, 200 integer (0 binary)
Coefficient statistics:
  Matrix range     [8e-11, 2e+03]
  Objective range  [1e+01, 2e+03]
  Bounds range     [1e+00, 1e+00]
  RHS range        [2e-05, 8e+05]
Warning: Model contains large matrix coefficient range
         Consider reformulating model or setting NumericFocus parameter
         to avoid numerical issues.

Loaded user MIP start with objective 239919

Presolve removed 1501 rows and 0 columns
Presolve time: 0.05s
Presolved: 1672 rows, 1700 columns, 12292 nonzeros
Variable types: 1500 continuous, 200 integer (200 binary)

Root relaxation: objective 5.011961e+05, 111 iterations, 0.01 seconds (0.00 work units)

    Nodes    |    Current Node    |     Objective Bounds      |     Work
 Expl Unexpl |  Obj  Depth IntInf | Incumbent    BestBd   Gap | It/Node Time

     0     0 501196.116    0   12 239918.958 501196.116   109%     -    0s
     0     0 490547.671    0   78 239918.958 490547.671   104%     -    0s
     0     0 490379.677    0   78 239918.958 490379.677   104%     -    0s
     0     2 490253.646    0   78 239918.958 490253.646   104%     -    0s
    27    29 466746.971   16  110 239918.958 477790.757  99.1%   301    5s
H  149   149                    430775.79316 477790.757  10.9%  95.4    6s
H  150   150                    431001.80580 477790.757  10.9%  94.8    6s
H  151   151                    432906.27328 477790.757  10.4%  94.3    6s
H  152   152                    433051.32214 477790.757  10.3%  93.7    6s
H  157   157                    438528.66459 477790.757  8.95%  91.1    6s
H  162   162                    443874.41035 477790.757  7.64%  88.9    6s
H  162   160                    453534.05116 477790.757  5.35%  88.9    6s
*  323   269             119    456462.57523 477781.865  4.67%  65.8    8s
   455   391     cutoff   98      456462.575 472125.195  3.43%  59.6   10s
   528   456 464973.355   34  124 456462.575 465638.702  2.01%  59.1   18s
   529   457 457263.169   95  124 456462.575 461999.920  1.21%  59.0   20s
   534   460 457635.070   95  123 456462.575 460872.485  0.97%  58.4   26s
   536   462 460740.944   38  120 456462.575 460740.944  0.94%  58.2   30s
   544   469 460499.110   15  117 456462.575 460601.974  0.91%  72.0   35s
   598   505 459115.519   42   58 456462.575 460601.974  0.91%  72.0   40s
H  601   481                    458261.57735 460601.974  0.51%  71.9   40s
H  606   462                    458436.76726 460601.974  0.47%  71.6   40s
H  647   433                    458715.28894 460601.974  0.41%  68.7   40s
   727   468 459944.178   21   96 458715.289 460547.539  0.40%  70.9   45s
*  804   472              61    458761.33736 460547.539  0.39%  67.7   46s
*  894   469              61    458867.28400 460547.276  0.37%  67.3   48s
   928   488 459480.299   31   73 458867.284 460498.485  0.36%  68.8   50s
* 1184   450              58    459157.37507 460441.164  0.28%  65.5   53s
  1240   469 459381.973   33   72 459157.375 460427.442  0.28%  65.7   55s
  1465   548 459836.405   16  122 459157.375 460241.974  0.24%  65.3   60s
  1575   582 460133.501   18  115 459157.375 460220.840  0.23%  66.2   65s
  1745   668 460046.771   20  103 459157.375 460186.251  0.22%  66.9   70s
  1994   798 459877.228   20  107 459157.375 460161.540  0.22%  66.0   75s
  2231   913 459883.809   19   94 459157.375 460115.457  0.21%  66.5   80s
  2450  1037 459468.661   27   78 459157.375 460102.246  0.21%  66.3   85s
  2617  1119 459740.631   22  109 459157.375 460060.236  0.20%  66.7   90s
H 2688  1150                    459165.37799 460051.975  0.19%  66.9   92s
  2756  1181 459501.571   25  104 459165.378 460049.689  0.19%  67.1   95s
H 2779  1164                    459215.91821 460049.667  0.18%  67.1   95s
H 2833  1042                    459311.06495 460046.081  0.16%  67.2   98s
H 2887  1065                    459315.19396 460041.852  0.16%  67.1   99s
  2889  1065     cutoff   29      459315.194 460041.852  0.16%  67.1  100s
H 2971  1072                    459323.19688 460040.203  0.16%  66.7  102s
  3026  1089 459630.254   21   98 459323.197 460036.784  0.16%  66.8  105s
  3176  1162 459325.254   46    9 459323.197 460016.187  0.15%  66.8  110s
  3354  1223 459523.841   26   85 459323.197 459994.220  0.15%  66.5  115s
  3519  1281 459557.172   29   73 459323.197 459982.158  0.14%  66.7  120s
  3754  1352 459386.503   35   78 459323.197 459966.824  0.14%  66.4  125s
  3912  1380 459351.570   34   56 459323.197 459953.508  0.14%  66.9  130s
  4137  1455 459653.837   23   83 459323.197 459937.446  0.13%  67.1  135s
  4401  1536 459784.260   24   93 459323.197 459921.470  0.13%  66.8  140s
  4663  1600 459689.158   23   99 459323.197 459904.499  0.13%  66.8  145s
  4910  1678 459653.267   20  108 459323.197 459883.974  0.12%  66.7  150s
  5130  1727 459673.888   22   88 459323.197 459876.503  0.12%  66.6  155s
  5342  1802 459392.084   32   81 459323.197 459867.659  0.12%  66.5  160s
  5629  1903 459683.629   23   76 459323.197 459854.291  0.12%  65.8  165s
  5954  2000 459643.415   22  107 459323.197 459841.765  0.11%  65.3  170s
  6168  2058 459476.376   23   83 459323.197 459830.980  0.11%  65.5  175s
  6441  2136 459434.215   23   96 459323.197 459822.330  0.11%  65.4  180s
  6707  2190 459464.490   26   85 459323.197 459809.959  0.11%  65.3  185s
  6914  2237 459364.297   24  103 459323.197 459798.637  0.10%  65.4  190s
  7099  2278 459423.355   26   92 459323.197 459789.912  0.10%  65.7  195s
  7349  2312     cutoff   32      459323.197 459774.731  0.10%  65.5  200s
  7566  2341 459550.566   27   87 459323.197 459768.440  0.10%  65.6  205s
  7822  2385 459371.152   28   82 459323.197 459759.032  0.09%  65.6  210s
  8016  2405 459427.731   30   76 459323.197 459752.791  0.09%  65.7  215s
  8248  2419 459684.631   25   80 459323.197 459744.127  0.09%  65.7  220s
  8440  2440 459357.999   28   74 459323.197 459735.758  0.09%  65.8  225s
  8692  2460 459511.265   23   81 459323.197 459728.563  0.09%  65.8  230s
  8906  2490 459328.106   34   32 459323.197 459723.794  0.09%  65.8  235s
  9145  2502 459374.910   25   64 459323.197 459715.799  0.09%  65.8  240s
  9442  2524 459418.708   23   95 459323.197 459708.504  0.08%  65.7  245s
  9643  2550 459512.688   24   82 459323.197 459698.797  0.08%  65.8  250s
  9895  2587 459430.210   20  111 459323.197 459692.367  0.08%  65.6  255s
 10135  2615 459425.635   26   86 459323.197 459685.386  0.08%  65.6  260s
 10330  2621 459391.790   28   79 459323.197 459680.742  0.08%  65.9  265s
 10544  2621 459414.361   21  100 459323.197 459674.401  0.08%  66.1  270s
 10794  2630 459368.876   25   68 459323.197 459666.212  0.07%  66.2  275s
 11100  2651 459342.607   25   65 459323.197 459657.701  0.07%  66.0  280s
 11396  2662 459411.213   22   94 459323.197 459651.112  0.07%  66.0  285s
 11752  2678     cutoff   20      459323.197 459643.024  0.07%  65.8  290s
 12055  2681     cutoff   20      459323.197 459636.121  0.07%  65.7  295s
 12334  2682     cutoff   24      459323.197 459627.308  0.07%  65.8  300s
 12588  2686 459414.899   25   92 459323.197 459620.980  0.06%  65.8  305s
 12883  2674 459496.816   26   78 459323.197 459614.331  0.06%  65.7  310s
 13140  2676 459336.565   24   71 459323.197 459610.102  0.06%  65.7  315s
 13453  2664     cutoff   22      459323.197 459604.499  0.06%  65.7  320s
 13774  2675 459399.243   24   74 459323.197 459599.419  0.06%  65.5  325s
 14083  2682 459509.434   28   83 459323.197 459592.340  0.06%  65.5  330s
 14479  2676     cutoff   26      459323.197 459586.361  0.06%  65.2  335s
 14821  2655 459453.668   25   82 459323.197 459577.399  0.06%  65.0  340s
 15129  2632 459452.640   31   74 459323.197 459570.573  0.05%  65.1  345s
 15370  2619 459359.800   24   69 459323.197 459566.440  0.05%  65.0  350s
 15613  2596 459385.165   23   91 459323.197 459560.725  0.05%  65.0  355s
 15921  2549     cutoff   30      459323.197 459553.385  0.05%  65.0  360s
 16275  2525 459419.467   24   81 459323.197 459546.779  0.05%  64.8  365s
 16622  2498 459348.296   25   63 459323.197 459539.218  0.05%  64.6  370s
 16964  2439     cutoff   29      459323.197 459531.264  0.05%  64.5  375s
 17346  2375 459405.716   27   78 459323.197 459523.031  0.04%  64.2  380s
 17699  2321 459335.749   29   64 459323.197 459516.296  0.04%  64.0  385s
 18028  2245     cutoff   32      459323.197 459508.038  0.04%  63.9  390s
 18374  2153     cutoff   33      459323.197 459500.682  0.04%  63.7  395s
 18741  2050     cutoff   30      459323.197 459491.368  0.04%  63.5  400s
 19130  1929 459333.863   27   66 459323.197 459480.352  0.03%  63.2  405s
 19492  1790     cutoff   29      459323.197 459470.870  0.03%  63.1  410s
 19886  1654     cutoff   26      459323.197 459460.578  0.03%  62.8  415s
 20289  1428 459327.764   26   71 459323.197 459446.527  0.03%  62.5  420s
 20707  1175     cutoff   28      459323.197 459431.989  0.02%  62.1  425s
 21146   875     cutoff   24      459323.197 459412.507  0.02%  61.7  430s
 21651   467 459376.192   29   71 459323.197 459385.263  0.01%  60.9  435s

Cutting planes:
  Gomory: 15
  Lift-and-project: 1
  Implied bound: 21
  MIR: 453
  Mixing: 1
  Flow cover: 988
  RLT: 61
  Relax-and-lift: 13
  Lazy constraints: 604

Explored 22170 nodes (1328097 simplex iterations) in 439.00 seconds (431.58 work units)
Thread count was 1 (of 52 available processors)

Solution count 10: 459323 459315 459311 ... 458437

Optimal solution found (tolerance 0.00e+00)
Best objective 4.593231968844e+05, best bound 4.593231968844e+05, gap 0.0000%

User-callback calls 113737, time in user-callback 0.74 sec

CPU time spent in the second stage: 439.00 sec
The LP relaxation bound at the root node: 490253.645907
Termination status of the second stage: OPTIMAL

------------------ end of the second stage -----------------

Total CPU time: 446.20 sec
Percentage optimality gap: 0.00 %
CPU time spent in separating the cuts: 3.73 sec
Number of explored nodes: 22170
Objective value of the returned solution: 459323.196884
Optimal facility locations: [2, 5, 9, 10, 12, 14, 18, 19, 28, 36, 42, 44, 47, 55, 56, 60, 62, 64, 69, 71, 81, 86, 88, 89, 94, 101, 103, 104, 107, 109, 110, 118, 128, 133, 136, 137, 142, 149, 150, 151, 156, 157, 158, 166, 177, 179, 181, 186, 193, 195, 200]

@end of file
