Set parameter TimeLimit to value 7200
Setting sB&C+LSI: The proposed B&C algorithm based on formulation (40) (equipped with the lifted submodular inequalities), with only the second stage implemented
Gurobi Optimizer version 11.0.1 build v11.0.1rc0 (linux64 - "CentOS Linux 7 (Core)")

CPU model: Intel(R) Xeon(R) Gold 6230R CPU @ 2.10GHz, instruction set [SSE2|AVX|AVX2|AVX512]
Thread count: 52 physical cores, 52 logical processors, using up to 1 threads

Optimize a model with 1500 rows, 2500 columns and 1500 nonzeros
Model fingerprint: 0x79802f83
Variable types: 1500 continuous, 1000 integer (1000 binary)
Coefficient statistics:
  Matrix range     [1e+00, 1e+00]
  Objective range  [1e+01, 2e+03]
  Bounds range     [0e+00, 0e+00]
  RHS range        [1e-04, 1e+00]
Found heuristic solution: objective -1.51628e+15
Presolve removed 1500 rows and 0 columns
Presolve time: 0.00s
Presolved: 0 rows, 2500 columns, 0 nonzeros
Variable types: 1500 continuous, 1000 integer (1000 binary)
Found heuristic solution: objective -1.51628e+15

Root relaxation: objective 6.292736e+05, 0 iterations, 0.00 seconds (0.00 work units)

    Nodes    |    Current Node    |     Objective Bounds      |     Work
 Expl Unexpl |  Obj  Depth IntInf | Incumbent    BestBd   Gap | It/Node Time

     0     0 629273.593    0    - -1.516e+15 629273.593   100%     -    1s
     0     0 526309.057    0  111 -1.516e+15 526309.057   100%     -    2s
H    0     0                    206593.57012 526309.057   155%     -    2s
     0     0 386599.697    0  137 206593.570 386599.697  87.1%     -    4s
H    0     0                    270397.50214 386576.922  43.0%     -    5s
     0     2 322065.247    0  111 270397.502 322065.247  19.1%     -    6s
    29    31 308163.413   16  108 270397.502 321976.629  19.1%  68.0   10s
   108   110 302526.731   68   75 270397.502 321976.629  19.1%  42.6   15s
*  207   196             143    297444.46540 321976.629  8.25%  30.2   19s
   216   201 304967.341    7  133 297444.465 321942.379  8.24%  36.4   20s
   324   309 301028.037   92   19 297444.465 321942.379  8.24%  32.5   25s
H  355   252                    300098.52127 321942.379  7.28%  30.5   26s
H  356   251                    300168.04919 321942.379  7.25%  30.4   26s
H  357   247                    300220.74361 321942.379  7.24%  30.3   26s
*  358   242             119    300255.15620 321942.379  7.22%  30.3   26s
   443   321 301695.383   64   47 300255.156 321876.537  7.20%  32.6   30s
H  489   348                    300635.66636 321876.537  7.07%  30.7   32s
*  490   348             104    300688.36078 321876.537  7.05%  30.6   32s
   526   377 308000.747   28  137 300688.361 321865.900  7.04%  33.0   84s
   528   378 302531.037   46  134 300688.361 304040.512  1.11%  32.9   94s
   529   379 302875.078   53  131 300688.361 302989.775  0.77%  32.8   98s
   531   380 301881.400   61   87 300688.361 302989.775  0.77%  32.7  100s
H  531   360                    301190.70616 302903.937  0.57%  32.7  102s
   537   364 301338.241   86   38 301190.706 302842.635  0.55%  32.3  107s
   541   368 301190.706   93  137 301190.706 302840.694  0.55%  38.5  188s
   543   369 302840.694   29  128 301190.706 302840.694  0.55%  38.4  197s
H  543   350                    302809.54071 302840.694  0.01%  38.4  198s
   548   355 302809.541   77  137 302809.541 302840.694  0.01%  43.5  216s
   550   356 302840.694   50   96 302809.541 302840.694  0.01%  43.3  220s
H  550   338                    302818.91133 302840.694  0.01%  43.3  220s

Cutting planes:
  Gomory: 41
  Lift-and-project: 11
  Cover: 33
  Implied bound: 8
  MIR: 93
  Mixing: 2
  StrongCG: 3
  Flow cover: 470
  RLT: 14
  Relax-and-lift: 2
  BQP: 4
  Lazy constraints: 12

Explored 554 nodes (28498 simplex iterations) in 220.98 seconds (84.46 work units)
Thread count was 1 (of 52 available processors)

Solution count 10: 302819 302810 301191 ... -1.51628e+15

Optimal solution found (tolerance 0.00e+00)
Best objective 3.028189113305e+05, best bound 3.028189113305e+05, gap 0.0000%

User-callback calls 15765, time in user-callback 1.58 sec

Total CPU time: 220.98 sec
Termination status: OPTIMAL
Percentage optimality gap: 0.00 %
Number of explored nodes: 554
Objective value of the returned solution: 302818.911330
The LP relaxation bound at the root node: 322065.246839
Optimal facility locations: [13, 19, 36, 64, 88, 109, 112, 114, 124, 125, 132, 197, 204, 214, 217, 221, 230, 233, 239, 244, 251, 260, 273, 310, 320, 323, 325, 327, 330, 355, 359, 360, 403, 433, 436, 444, 469, 488, 502, 523, 556, 569, 572, 600, 615, 630, 638, 660, 674, 691, 715, 725, 739, 748, 749, 758, 764, 780, 789, 792, 801, 854, 858, 864, 890, 898, 936, 942, 951, 962, 968, 981, 990]

@end of file
