Set parameter TimeLimit to value 7200
Setting B&C+LSI: The proposed B&C algorithm based on formulation (40) (equipped with the lifted submodular inequalities).

----------------- start of the first stage -----------------

Iter     Best Incumbent      BestBound     Gap      Time  #VioCuts
1                 0.000     625580.744   100.0       0.3      1500
2            325861.681     590459.697    44.8       0.5      1499
3            433385.225     522816.406    17.1       0.9      1399
4            453867.852     476190.706     4.7       1.5      1004
5            455339.062     461557.677     1.3       1.7       531
6            458562.676     459531.984     0.2       1.8        47
7            458562.676     459397.120     0.2       1.9         3
8            458562.676     459388.891     0.2       1.9         0

CPU time spent in the first stage: 3.15 sec
Upper bound returned at the end of the first stage: 459388.890965
Objective value of the optimal solution or the best incumbent at the end of the first stage: 458562.676150
Number of cuts added at the end of the first stage for the initialization of the relaxed MILP problem: 2562
Termination status of the first stage: LP Optimal

------------------ end of the first stage ------------------


----------------- start of the second stage ----------------

Gurobi Optimizer version 11.0.1 build v11.0.1rc0 (linux64 - "CentOS Linux 7 (Core)")

CPU model: Intel(R) Xeon(R) Gold 6230R CPU @ 2.10GHz, instruction set [SSE2|AVX|AVX2|AVX512]
Thread count: 52 physical cores, 52 logical processors, using up to 1 threads


Warning: excessive time spent in model updates.
Consider calling update less frequently.

Optimize a model with 4068 rows, 1700 columns and 23816 nonzeros
Model fingerprint: 0x1977c6d7
Variable types: 1500 continuous, 200 integer (0 binary)
Coefficient statistics:
  Matrix range     [8e-05, 2e+03]
  Objective range  [1e+01, 2e+03]
  Bounds range     [1e+00, 1e+00]
  RHS range        [2e-05, 8e+05]

Loaded user MIP start with objective 458563

Presolve removed 1505 rows and 0 columns
Presolve time: 0.03s
Presolved: 2563 rows, 1700 columns, 13816 nonzeros
Variable types: 1500 continuous, 200 integer (200 binary)

Root relaxation: objective 4.593889e+05, 799 iterations, 0.02 seconds (0.02 work units)

    Nodes    |    Current Node    |     Objective Bounds      |     Work
 Expl Unexpl |  Obj  Depth IntInf | Incumbent    BestBd   Gap | It/Node Time

     0     0 459388.891    0   22 458562.676 459388.891  0.18%     -    0s
     0     0 459340.302    0   17 458562.676 459340.302  0.17%     -    0s
H    0     0                    459158.97933 459331.770  0.04%     -    0s
     0     0 459331.770    0   17 459158.979 459331.770  0.04%     -    0s
*    0     0               0    459323.19688 459323.197  0.00%     -    0s

Cutting planes:
  Gomory: 53
  Lift-and-project: 1
  Lazy constraints: 1

Explored 1 nodes (817 simplex iterations) in 0.34 seconds (0.22 work units)
Thread count was 1 (of 52 available processors)

Solution count 3: 459323 459159 458563 

Optimal solution found (tolerance 0.00e+00)
Best objective 4.593231968844e+05, best bound 4.593231968844e+05, gap 0.0000%

User-callback calls 366, time in user-callback 0.00 sec

CPU time spent in the second stage: 0.34 sec
The LP relaxation bound at the root node: 459323.196884
Termination status of the second stage: OPTIMAL

------------------ end of the second stage -----------------

Total CPU time: 2.29 sec
Percentage optimality gap: 0.00 %
CPU time spent in separating the cuts: 0.19 sec
Number of explored nodes: 1
Objective value of the returned solution: 459323.196884
Optimal facility locations: [2, 5, 9, 10, 12, 14, 18, 19, 28, 36, 42, 44, 47, 55, 56, 60, 62, 64, 69, 71, 81, 86, 88, 89, 94, 101, 103, 104, 107, 109, 110, 118, 128, 133, 136, 137, 142, 149, 150, 151, 156, 157, 158, 166, 177, 179, 181, 186, 193, 195, 200]

@end of file
