Set parameter TimeLimit to value 7200
Setting sB&C+LSI: The proposed B&C algorithm based on formulation (40) (equipped with the lifted submodular inequalities), with only the second stage implemented
Gurobi Optimizer version 11.0.1 build v11.0.1rc0 (linux64 - "CentOS Linux 7 (Core)")

CPU model: Intel(R) Xeon(R) Gold 6230R CPU @ 2.10GHz, instruction set [SSE2|AVX|AVX2|AVX512]
Thread count: 52 physical cores, 52 logical processors, using up to 1 threads

Optimize a model with 1500 rows, 2000 columns and 1500 nonzeros
Model fingerprint: 0xabea05ba
Variable types: 1500 continuous, 500 integer (500 binary)
Coefficient statistics:
  Matrix range     [1e+00, 1e+00]
  Objective range  [1e+01, 2e+03]
  Bounds range     [0e+00, 0e+00]
  RHS range        [2e-05, 1e+00]
Found heuristic solution: objective -1.51628e+15
Presolve removed 1500 rows and 0 columns
Presolve time: 0.00s
Presolved: 0 rows, 2000 columns, 0 nonzeros
Variable types: 1500 continuous, 500 integer (500 binary)
Found heuristic solution: objective -1.51628e+15

Root relaxation: objective 6.367542e+05, 0 iterations, 0.00 seconds (0.00 work units)

    Nodes    |    Current Node    |     Objective Bounds      |     Work
 Expl Unexpl |  Obj  Depth IntInf | Incumbent    BestBd   Gap | It/Node Time

     0     0 636754.241    0    - -1.516e+15 636754.241   100%     -    0s
     0     0 571712.531    0   72 -1.516e+15 571712.531   100%     -    0s
H    0     0                    254523.89489 571712.531   125%     -    1s
     0     0 462583.309    0  120 254523.895 462583.309  81.7%     -    2s
H    0     0                    340864.82796 462407.868  35.7%     -    2s
     0     2 406396.274    0  108 340864.828 406396.274  19.2%     -    3s
    11    13 406137.046    6  105 340864.828 406307.529  19.2%  14.3    5s
    58    60 382573.603   42  100 340864.828 406307.529  19.2%  74.7   10s
*  159   159             116    376961.94806 406307.529  7.78%  38.9   13s
   180   175 383743.197   18  102 376961.948 406259.014  7.77%  49.4   15s
*  248   165              77    380791.01013 406259.014  6.69%  41.1   16s
*  367   221              58    381649.79550 406241.450  6.44%  42.4   19s
   375   223 383597.247    7  114 381649.795 406184.932  6.43%  46.3   20s
H  534   340                    381947.93236 406115.893  6.33%  44.8   23s
*  535   333              41    381986.07679 406115.893  6.32%  44.7   23s
   549   336 382848.235   34  120 381986.077 406115.034  6.32%  47.0   82s
   551   337 382559.651   28  123 381986.077 383621.744  0.43%  46.9   91s
   552   338 382067.687   28   95 381986.077 382816.829  0.22%  46.8   95s
   555   340 382666.546   33   50 381986.077 382666.546  0.18%  46.5  102s
H  557   323                    382307.13675 382666.546  0.09%  46.4  106s
   563   327 382540.209   38   73 382307.137 382666.546  0.09%  45.9  110s
H  570   315                    382529.84475 382666.546  0.04%  52.1  112s
*  581   295              17    382592.58963 382653.112  0.02%  51.5  113s
*  584   277              18    382618.39658 382653.112  0.01%  51.3  113s

Cutting planes:
  Gomory: 15
  Lift-and-project: 27
  Implied bound: 2
  MIR: 119
  Mixing: 4
  Flow cover: 511
  RLT: 3
  Lazy constraints: 27

Explored 586 nodes (32135 simplex iterations) in 113.77 seconds (62.26 work units)
Thread count was 1 (of 52 available processors)

Solution count 10: 382618 382593 382530 ... 254524

Optimal solution found (tolerance 0.00e+00)
Best objective 3.826183965755e+05, best bound 3.826183965755e+05, gap 0.0000%

User-callback calls 14308, time in user-callback 0.88 sec

Total CPU time: 113.77 sec
Termination status: OPTIMAL
Percentage optimality gap: 0.00 %
Number of explored nodes: 586
Objective value of the returned solution: 382618.396575
The LP relaxation bound at the root node: 406396.274483
Optimal facility locations: [11, 19, 46, 53, 58, 59, 68, 71, 76, 78, 82, 86, 93, 118, 119, 128, 141, 143, 157, 159, 170, 171, 176, 198, 214, 215, 216, 225, 230, 235, 242, 247, 259, 267, 272, 279, 280, 283, 290, 312, 317, 320, 335, 338, 340, 353, 354, 362, 373, 400, 422, 428, 436, 440, 442, 450, 454, 458, 466, 469, 472, 480, 485, 490, 496]

@end of file
