Set parameter TimeLimit to value 7200
Setting GBD: A two-stage implementation of the state-of-the-art generalized Benders decomposition (GBD) approach proposed by Lin & Tian (2021).

----------------- start of the first stage -----------------

Iter     Best Incumbent      BestBound     Gap      Time  #VioCuts
1                 0.000     830630.147   100.0       0.2      2000
2                 0.000     817963.240   100.0       0.6      1999
3            441346.679     790660.271    44.2       1.2      1938
4            572321.722     761795.462    24.9       2.3      1612
5            572321.722     748971.297    23.6       3.1       836
6            572321.722     745359.894    23.2       3.7       324
7            572321.722     744505.105    23.1       4.2        92
8            572321.722     744440.437    23.1       4.5        40
9            572321.722     744411.144    23.1       4.9         4
10           572321.722     744409.467    23.1       5.2         0

CPU time spent in the first stage: 7.48 sec
Upper bound returned at the end of the first stage: 744409.467364
Objective value of the optimal solution or the best incumbent at the end of the first stage: 572321.721522
Number of cuts added at the end of the first stage for the initialization of the relaxed MILP problem: 2159
Termination status of the first stage: LP Optimal

------------------ end of the first stage ------------------


----------------- start of the second stage ----------------

Gurobi Optimizer version 11.0.1 build v11.0.1rc0 (linux64 - "CentOS Linux 7 (Core)")

CPU model: Intel(R) Xeon(R) Gold 6230R CPU @ 2.10GHz, instruction set [SSE2|AVX|AVX2|AVX512]
Thread count: 52 physical cores, 52 logical processors, using up to 1 threads


Warning: excessive time spent in model updates.
Consider calling update less frequently.

Optimize a model with 4162 rows, 2100 columns and 17500 nonzeros
Model fingerprint: 0xc785c83f
Variable types: 2000 continuous, 100 integer (0 binary)
Coefficient statistics:
  Matrix range     [5e-10, 2e+03]
  Objective range  [1e+01, 2e+03]
  Bounds range     [1e+00, 1e+00]
  RHS range        [5e-05, 1e+06]
Warning: Model contains large matrix coefficient range
         Consider reformulating model or setting NumericFocus parameter
         to avoid numerical issues.

Loaded user MIP start with objective 572322

Presolve removed 2002 rows and 0 columns
Presolve time: 0.04s
Presolved: 2160 rows, 2100 columns, 11299 nonzeros
Variable types: 2000 continuous, 100 integer (100 binary)

Root relaxation: objective 7.401517e+05, 130 iterations, 0.01 seconds (0.01 work units)

    Nodes    |    Current Node    |     Objective Bounds      |     Work
 Expl Unexpl |  Obj  Depth IntInf | Incumbent    BestBd   Gap | It/Node Time

     0     0 740151.655    0   17 572321.722 740151.655  29.3%     -    0s
H    0     0                    660375.68509 740151.655  12.1%     -    0s
     0     0 732686.978    0   38 660375.685 732686.978  11.0%     -    0s
     0     2 732680.929    0   38 660375.685 732680.929  10.9%     -    0s
H   21    21                    676178.02573 725512.955  7.30%   166    1s
H   22    22                    676287.37626 725512.955  7.28%   160    1s
H   44    44                    699011.84157 725512.955  3.79%   124    1s
H   54    54                    706940.72984 725512.955  2.63%   108    1s
*  110   101              50    707424.61363 725476.321  2.55%  91.7    2s
*  161   108              47    712455.09966 725103.309  1.78%  83.9    2s
   265   192 715952.688   20   39 712455.100 722150.344  1.36%  84.6    5s
*  288   164              41    713999.52505 722150.344  1.14%  80.6    5s
   553   317 717362.933    4   67 713999.525 719505.138  0.77%  88.1   10s
   622   362 715781.910   15   59 713999.525 717064.583  0.43%  86.7   16s
   625   364 714877.213   18   50 713999.525 714877.213  0.12%  86.3   20s
H  628   347                    714321.93557 714795.060  0.07%  85.9   24s
   630   349     cutoff   10      714321.936 714795.060  0.07%  92.3   25s
*  656   332              19    714352.76513 714786.363  0.06%  92.3   28s
H  685   302                    714508.55244 714685.281  0.02%  90.7   29s
*  699   282              21    714512.30201 714611.235  0.01%  89.7   29s

Cutting planes:
  Gomory: 6
  Lift-and-project: 3
  Implied bound: 28
  MIR: 244
  Mixing: 4
  Flow cover: 846
  RLT: 44
  Lazy constraints: 268

Explored 720 nodes (64117 simplex iterations) in 29.59 seconds (26.97 work units)
Thread count was 1 (of 52 available processors)

Solution count 10: 714512 714509 714353 ... 676287

Optimal solution found (tolerance 0.00e+00)
Best objective 7.145123020142e+05, best bound 7.145123020142e+05, gap 0.0000%

User-callback calls 10080, time in user-callback 0.26 sec

CPU time spent in the second stage: 29.59 sec
The LP relaxation bound at the root node: 732680.928537
Termination status of the second stage: OPTIMAL

------------------ end of the second stage -----------------

Total CPU time: 34.83 sec
Percentage optimality gap: 0.00 %
CPU time spent in separating the cuts: 2.81 sec
Number of explored nodes: 720
Objective value of the returned solution: 714512.302014
Optimal facility locations: [2, 4, 6, 7, 11, 13, 19, 20, 22, 25, 27, 32, 34, 35, 37, 39, 46, 48, 49, 50, 52, 54, 60, 61, 63, 66, 68, 69, 75, 77, 78, 80, 83, 86, 87, 88, 89, 91, 92, 95, 98, 99]

@end of file
