Set parameter TimeLimit to value 7200
Setting sB&C+LSI: The proposed B&C algorithm based on formulation (40) (equipped with the lifted submodular inequalities), with only the second stage implemented
Gurobi Optimizer version 11.0.1 build v11.0.1rc0 (linux64 - "CentOS Linux 7 (Core)")

CPU model: Intel(R) Xeon(R) Gold 6230R CPU @ 2.10GHz, instruction set [SSE2|AVX|AVX2|AVX512]
Thread count: 52 physical cores, 52 logical processors, using up to 1 threads

Optimize a model with 2000 rows, 4000 columns and 2000 nonzeros
Model fingerprint: 0x08e88d67
Variable types: 2000 continuous, 2000 integer (2000 binary)
Coefficient statistics:
  Matrix range     [1e+00, 1e+00]
  Objective range  [1e+01, 2e+03]
  Bounds range     [0e+00, 0e+00]
  RHS range        [1e-06, 1e+00]
Found heuristic solution: objective -2.02207e+15
Presolve removed 2000 rows and 0 columns
Presolve time: 0.00s
Presolved: 0 rows, 4000 columns, 0 nonzeros
Variable types: 2000 continuous, 2000 integer (2000 binary)
Found heuristic solution: objective -2.02207e+15

Root relaxation: objective 8.373164e+05, 0 iterations, 0.00 seconds (0.00 work units)

    Nodes    |    Current Node    |     Objective Bounds      |     Work
 Expl Unexpl |  Obj  Depth IntInf | Incumbent    BestBd   Gap | It/Node Time

     0     0 837316.422    0    - -2.022e+15 837316.422   100%     -    3s
     0     0 659049.795    0  178 -2.022e+15 659049.795   100%     -    5s
H    0     0                    233796.30542 659049.795   182%     -    6s
     0     0 419032.689    0  196 233796.305 419032.689  79.2%     -   10s
H    0     0                    273633.07292 419000.415  53.1%     -   12s
H    0     0                    274333.20062 419000.415  52.7%     -   13s
     0     2 343311.361    0  140 274333.201 343311.361  25.1%     -   15s
    18    20 343100.189    9  136 274333.201 343234.715  25.1%  10.5   20s
    33    35 328225.767   17  148 274333.201 343234.715  25.1%   107   25s
    64    66 328032.100   35  142 274333.201 343234.715  25.1%  61.3   30s
   102   104 323778.141   62  149 274333.201 343234.715  25.1%  54.9   35s
   138   140 321370.555   84  138 274333.201 343234.715  25.1%  56.4   40s
   185   187 320124.901  116  129 274333.201 343234.715  25.1%  47.4   45s
   227   229 318539.633  142   97 274333.201 343234.715  25.1%  42.9   50s
   271   273 317396.886  172   84 274333.201 343234.715  25.1%  38.3   55s
   326   328 315261.237  210   36 274333.201 343234.715  25.1%  33.9   60s
*  363   345             243    315014.32504 343234.715  8.96%  30.8   62s
   381   359 322995.249   14  152 315014.325 343234.284  8.96%  36.3   65s
   452   430 320313.270   71   81 315014.325 343234.284  8.96%  33.4   70s
   501   479 319292.049  104   45 315014.325 343234.284  8.96%  31.3   75s
   515   492 319189.586  109  196 315014.325 343234.284  8.96%  30.6  187s
   517   493 320483.619  102  143 315014.325 323431.846  2.67%  30.5  203s
H  517   468                    316573.25338 322041.330  1.73%  30.5  210s
   520   470 316573.253  202  137 316573.253 322004.218  1.72%  30.3  216s
   521   471 321860.757   65   99 316573.253 321860.757  1.67%  30.2  221s
   524   473 318013.702  159   92 316573.253 321831.343  1.66%  30.1  226s
H  524   449                    318405.84534 321781.716  1.06%  30.1  230s
H  527   428                    318434.71752 321781.716  1.05%  29.9  237s
   532   433 320143.830  110  196 318434.718 321781.716  1.05%  38.0  406s
   534   434 319478.881   98  159 318434.718 321781.716  1.05%  37.8  419s
   535   435 318556.923  141  160 318434.718 321781.716  1.05%  37.8  422s
   538   437 320919.215   48   91 318434.718 321781.716  1.05%  37.6  425s
   540   438 321753.213   18  101 318434.718 321753.213  1.04%  37.4  431s
   541   439 318434.718  198   97 318434.718 321753.213  1.04%  37.3  436s
H  541   416                    318670.02071 321753.213  0.97%  37.3  441s
H  541   395                    319211.87480 321753.213  0.80%  37.3  442s
   543   396 319211.875  191   99 319211.875 321753.213  0.80%  37.2  447s
   544   397 321753.213   31   94 319211.875 321753.213  0.80%  37.1  452s
   545   398 321753.213   29  131 319211.875 321753.213  0.80%  37.1  457s
   547   399 319211.875  215  131 319211.875 321753.213  0.80%  36.9  461s
   551   404 321643.377   23   83 319211.875 321702.316  0.78%  44.8  465s
H  554   383                    321600.77643 321702.316  0.03%  44.6  466s
   567   376 321636.261   30   95 321600.776 321652.411  0.02%  44.1  470s

Cutting planes:
  Gomory: 28
  Lift-and-project: 11
  MIR: 113
  Mixing: 2
  Flow cover: 508
  RLT: 3
  Lazy constraints: 31

Explored 581 nodes (29475 simplex iterations) in 472.92 seconds (222.19 work units)
Thread count was 1 (of 52 available processors)

Solution count 10: 321601 319212 318670 ... 233796

Optimal solution found (tolerance 0.00e+00)
Best objective 3.216007764328e+05, best bound 3.216007764328e+05, gap 0.0000%

User-callback calls 28085, time in user-callback 3.91 sec

Total CPU time: 472.92 sec
Termination status: OPTIMAL
Percentage optimality gap: 0.00 %
Number of explored nodes: 581
Objective value of the returned solution: 321600.776433
The LP relaxation bound at the root node: 343311.360754
Optimal facility locations: [60, 100, 119, 120, 146, 147, 192, 229, 246, 249, 285, 332, 341, 404, 448, 480, 496, 525, 542, 551, 556, 560, 592, 594, 653, 673, 676, 695, 717, 720, 733, 780, 817, 821, 828, 834, 865, 873, 880, 912, 926, 971, 979, 995, 1013, 1052, 1071, 1072, 1079, 1116, 1127, 1143, 1148, 1177, 1277, 1294, 1309, 1316, 1371, 1375, 1383, 1395, 1433, 1440, 1465, 1466, 1484, 1485, 1489, 1492, 1499, 1537, 1540, 1542, 1551, 1567, 1580, 1589, 1613, 1614, 1649, 1674, 1680, 1713, 1716, 1822, 1824, 1891, 1902, 1913, 1917, 1926, 1933, 1937, 1963, 1964, 1969, 1982, 1998]

@end of file
