Set parameter TimeLimit to value 7200
Setting sB&C+LSI: The proposed B&C algorithm based on formulation (40) (equipped with the lifted submodular inequalities), with only the second stage implemented
Gurobi Optimizer version 11.0.1 build v11.0.1rc0 (linux64 - "CentOS Linux 7 (Core)")

CPU model: Intel(R) Xeon(R) Gold 6230R CPU @ 2.10GHz, instruction set [SSE2|AVX|AVX2|AVX512]
Thread count: 52 physical cores, 52 logical processors, using up to 1 threads

Optimize a model with 2000 rows, 2500 columns and 2000 nonzeros
Model fingerprint: 0x71df084a
Variable types: 2000 continuous, 500 integer (500 binary)
Coefficient statistics:
  Matrix range     [1e+00, 1e+00]
  Objective range  [1e+01, 2e+03]
  Bounds range     [0e+00, 0e+00]
  RHS range        [2e-05, 1e+00]
Found heuristic solution: objective -2.02207e+15
Presolve removed 2000 rows and 0 columns
Presolve time: 0.00s
Presolved: 0 rows, 2500 columns, 0 nonzeros
Variable types: 2000 continuous, 500 integer (500 binary)
Found heuristic solution: objective -2.02207e+15

Root relaxation: objective 8.370568e+05, 0 iterations, 0.00 seconds (0.00 work units)

    Nodes    |    Current Node    |     Objective Bounds      |     Work
 Expl Unexpl |  Obj  Depth IntInf | Incumbent    BestBd   Gap | It/Node Time

     0     0 837056.842    0    - -2.022e+15 837056.842   100%     -    0s
     0     0 764885.504    0   77 -2.022e+15 764885.504   100%     -    1s
H    0     0                    382125.03490 764885.504   100%     -    1s
     0     0 633028.577    0  156 382125.035 633028.577  65.7%     -    3s
H    0     0                    483879.73403 632959.864  30.8%     -    3s
H    0     0                    490863.22293 632959.864  28.9%     -    4s
     0     2 562616.285    0  134 490863.223 562616.285  14.6%     -    5s
    25    27 561961.808   15  129 490863.223 562527.381  14.6%  19.9   10s
    39    41 537098.318   24  125 490863.223 562527.381  14.6%   146   15s
    81    83 530952.347   59   94 490863.223 562527.381  14.6%   107   20s
H  177   171                    526819.27237 562527.381  6.78%  56.8   23s
*  178   169             134    526823.70489 562527.381  6.78%  56.5   23s
   184   173 534147.266    6  152 526823.705 562503.534  6.77%  70.0   25s
H  270   151                    531514.15160 562503.534  5.83%  54.1   27s
   307   179 532472.239   30   75 531514.152 562489.911  5.83%  58.4   30s
H  432   227                    531949.21384 562466.383  5.74%  51.3   33s
   513   300 532064.181   58   20 531949.214 562459.879  5.74%  50.6   35s
   536   314 537791.713   20  156 531949.214 562430.635  5.73%  53.5  137s
   538   315 533062.878   18  144 531949.214 534625.890  0.50%  53.3  152s
   539   316 532518.449   30  134 531949.214 533414.345  0.28%  53.2  160s
   542   318 532858.709   24  143 531949.214 533128.764  0.22%  52.9  172s
   544   319 533128.764   12  128 531949.214 533128.764  0.22%  52.7  179s
   545   320 532977.563   20   97 531949.214 533092.432  0.21%  52.6  183s
   547   321 533092.432   12  121 531949.214 533092.432  0.21%  52.4  186s
H  554   309                    531973.50189 533065.395  0.21%  51.8  190s
   560   314 532453.544   38  156 531973.502 533065.395  0.21%  61.3  363s
   562   315 533065.395   25  144 531973.502 533065.395  0.21%  61.1  377s
   563   316 532207.699   46  118 531973.502 533065.395  0.21%  61.0  382s
   567   319 532379.738   53  105 531973.502 533065.395  0.21%  60.5  387s
   568   319 532453.544   38  103 531973.502 533056.717  0.20%  60.4  391s
   570   321 532528.129   39  104 531973.502 533056.717  0.20%  60.2  395s
   583   331 532929.380   33    6 531973.502 533055.427  0.20%  68.4  400s
*  595   315              41    532536.39788 533055.427  0.10%  67.4  401s
   608   320 532907.781   35    2 532536.398 533054.624  0.10%  66.9  405s
*  610   291              36    532907.27409 533054.624  0.03%  66.8  405s

Cutting planes:
  Gomory: 26
  Lift-and-project: 19
  Implied bound: 9
  MIR: 200
  Flow cover: 657
  RLT: 18
  Lazy constraints: 26

Explored 629 nodes (43809 simplex iterations) in 407.44 seconds (184.04 work units)
Thread count was 1 (of 52 available processors)

Solution count 10: 532907 532536 531974 ... -2.02207e+15

Optimal solution found (tolerance 0.00e+00)
Best objective 5.329072740851e+05, best bound 5.329072740851e+05, gap 0.0000%

User-callback calls 33395, time in user-callback 1.05 sec

Total CPU time: 407.44 sec
Termination status: OPTIMAL
Percentage optimality gap: 0.00 %
Number of explored nodes: 629
Objective value of the returned solution: 532907.274085
The LP relaxation bound at the root node: 562616.285284
Optimal facility locations: [1, 4, 6, 14, 19, 22, 23, 25, 27, 35, 40, 45, 50, 57, 58, 60, 68, 70, 72, 84, 89, 97, 99, 102, 107, 110, 129, 134, 145, 147, 155, 166, 173, 179, 214, 228, 235, 246, 249, 254, 259, 265, 282, 286, 290, 296, 297, 304, 327, 339, 346, 348, 349, 363, 368, 369, 370, 372, 380, 382, 391, 405, 409, 412, 420, 427, 432, 437, 440, 444, 450, 455, 456, 457, 462, 463, 464, 465, 472, 476, 478, 492]

@end of file
