Set parameter TimeLimit to value 7200
Setting GBD: A two-stage implementation of the state-of-the-art generalized Benders decomposition (GBD) approach proposed by Lin & Tian (2021).

----------------- start of the first stage -----------------

Iter     Best Incumbent      BestBound     Gap      Time  #VioCuts
1                 0.000     837316.422   100.0       4.4      2000
2             32852.262     740871.953    95.6      11.9      2000
3             35378.578     605171.225    94.2      28.6      1826
4             35378.578     539246.627    93.4      41.1      1273
5             35378.578     522928.615    93.2      49.8       624
6             35378.578     518358.650    93.2      56.1       305
7             35378.578     517242.361    93.2      61.8       108
8             35378.578     517043.362    93.2      66.7        25
9             35378.578     517005.339    93.2      71.6         8
10            35378.578     517005.211    93.2      76.6         1
11            35378.578     517005.209    93.2      81.3         0

CPU time spent in the first stage: 97.43 sec
Upper bound returned at the end of the first stage: 517005.208557
Objective value of the optimal solution or the best incumbent at the end of the first stage: 35378.577792
Number of cuts added at the end of the first stage for the initialization of the relaxed MILP problem: 2722
Termination status of the first stage: LP Optimal

------------------ end of the first stage ------------------


----------------- start of the second stage ----------------

Gurobi Optimizer version 11.0.1 build v11.0.1rc0 (linux64 - "CentOS Linux 7 (Core)")

CPU model: Intel(R) Xeon(R) Gold 6230R CPU @ 2.10GHz, instruction set [SSE2|AVX|AVX2|AVX512]
Thread count: 52 physical cores, 52 logical processors, using up to 1 threads


Warning: excessive time spent in model updates.
Consider calling update less frequently.

Optimize a model with 4725 rows, 4000 columns and 71514 nonzeros
Model fingerprint: 0xb0f6935f
Variable types: 2000 continuous, 2000 integer (0 binary)
Coefficient statistics:
  Matrix range     [6e-09, 1e+04]
  Objective range  [1e+01, 2e+03]
  Bounds range     [1e+00, 1e+00]
  RHS range        [1e-06, 1e+06]
Warning: Model contains large matrix coefficient range
         Consider reformulating model or setting NumericFocus parameter
         to avoid numerical issues.

Loaded user MIP start with objective 35378.6

Presolve removed 2002 rows and 0 columns
Presolve time: 0.13s
Presolved: 2723 rows, 4000 columns, 61514 nonzeros
Variable types: 2000 continuous, 2000 integer (2000 binary)

Root relaxation: objective 4.253899e+05, 394 iterations, 0.13 seconds (0.07 work units)

    Nodes    |    Current Node    |     Objective Bounds      |     Work
 Expl Unexpl |  Obj  Depth IntInf | Incumbent    BestBd   Gap | It/Node Time

     0     0 425389.948    0   49 35378.5778 425389.948  1102%     -    2s
     0     0 425314.285    0   49 35378.5778 425314.285  1102%     -    3s
     0     2 425237.493    0   49 35378.5778 425237.493  1102%     -    4s
     1     3 389678.625    1  193 35378.5778 425077.715  1102%   876    5s
    24    26 389343.298   14  190 35378.5778 389553.623  1001%  81.1   10s
    30    32 356605.262   18  340 35378.5778 389553.623  1001%   226   16s
    32    34 356594.686   19  339 35378.5778 389553.623  1001%   291   20s
    36    38 354180.022   21  360 35378.5778 389553.623  1001%   290   25s
    44    46 354060.964   25  360 35378.5778 389553.623  1001%   244   30s
    50    52 352744.021   28  361 35378.5778 389553.623  1001%   231   35s
    55    57 352019.378   31  359 35378.5778 389553.623  1001%   217   40s
    62    64 351792.536   34  358 35378.5778 389553.623  1001%   200   45s
    67    69 350761.733   38  359 35378.5778 389553.623  1001%   195   50s
    77    79 350168.119   47  357 35378.5778 389553.623  1001%   173   55s
    83    85 349206.324   51  358 35378.5778 389553.623  1001%   167   60s
    95    97 348826.582   61  357 35378.5778 389553.623  1001%   149   66s
   101   103 348213.430   65  353 35378.5778 389553.623  1001%   145   70s
   113   115 347410.236   75  350 35378.5778 389553.623  1001%   134   75s
   129   131 346948.794   87  347 35378.5778 389553.623  1001%   121   80s
   149   151 345505.085  101  336 35378.5778 389553.623  1001%   110   85s
   171   173 344709.547  119  326 35378.5778 389553.623  1001%  99.0   90s
   191   193 343748.224  134  329 35378.5778 389553.623  1001%  91.3   95s
   212   214 342825.764  150  321 35378.5778 389553.623  1001%  84.7  100s
   217   219 340108.089  154  325 35378.5778 389553.623  1001%  88.1  105s
   235   237 339216.123  169  316 35378.5778 389553.623  1001%  84.2  110s
   259   261 338268.914  189  311 35378.5778 389553.623  1001%  78.4  115s
   279   281 337444.260  208  314 35378.5778 389553.623  1001%  74.5  120s
   293   295 335644.870  218  315 35378.5778 389553.623  1001%  75.0  125s
   321   323 334777.500  242  307 35378.5778 389553.623  1001%  70.3  130s
   335   337 333219.074  253  312 35378.5778 389553.623  1001%  69.7  135s
   351   353 332488.701  268  305 35378.5778 389553.623  1001%  67.6  140s
   371   373 331819.206  285  299 35378.5778 389553.623  1001%  65.6  145s
   392   394 330977.119  301  300 35378.5778 389553.623  1001%  63.7  150s
   417   419 330167.622  325  301 35378.5778 389553.623  1001%  61.3  155s
   435   437 328562.038  340  289 35378.5778 389553.623  1001%  60.9  160s
   448   450 327570.100  349  285 35378.5778 389553.623  1001%  60.7  165s
   475   477 326400.000  373  282 35378.5778 389553.623  1001%  59.1  170s
   492   494 324861.538  389  279 35378.5778 389553.623  1001%  58.5  175s
   521   523 323338.653  415  268 35378.5778 389553.623  1001%  56.4  180s
   543   545 322406.764  433  262 35378.5778 389553.623  1001%  55.3  185s
   566   568 321276.923  455  265 35378.5778 389553.623  1001%  53.9  190s
   597   599 319671.579  482  254 35378.5778 389553.623  1001%  52.2  195s
   614   616 316872.407  496  252 35378.5778 389553.623  1001%  52.5  200s
   645   647 315503.770  525  250 35378.5778 389553.623  1001%  51.1  205s
   680   682 314519.191  557  243 35378.5778 389553.623  1001%  49.5  210s
   709   711 313422.424  583  227 35378.5778 389553.623  1001%  48.5  215s
   728   730 310269.724  596  225 35378.5778 389553.623  1001%  48.7  220s
   759   761 309014.816  625  219 35378.5778 389553.623  1001%  47.5  225s
   778   780 307989.980  643  221 35378.5778 389553.623  1001%  47.1  230s
   794   796 306755.383  657  220 35378.5778 389553.623  1001%  46.8  235s
   828   830 305295.063  689  213 35378.5778 389553.623  1001%  45.8  240s
   853   855 304037.957  711  206 35378.5778 389553.623  1001%  45.3  245s
   879   881 302427.821  736  201 35378.5778 389553.623  1001%  45.0  250s
   911   913 301027.700  765  202 35378.5778 389553.623  1001%  43.9  255s
   942   944 299787.540  794  190 35378.5778 389553.623  1001%  43.0  260s
   973   975 298855.993  824  181 35378.5778 389553.623  1001%  42.3  265s
   997   999 295341.803  846  176 35378.5778 389553.623  1001%  42.5  270s
  1036  1038 293190.020  882  167 35378.5778 389553.623  1001%  41.7  275s
  1071  1073 292158.611  913  166 35378.5778 389553.623  1001%  41.0  280s
  1101  1103 291365.720  942  158 35378.5778 389553.623  1001%  40.4  285s
  1139  1141 290013.514  978  149 35378.5778 389553.623  1001%  39.7  290s
  1171  1173 289332.909 1009  145 35378.5778 389553.623  1001%  39.1  295s
  1221  1223 288104.999 1058  131 35378.5778 389553.623  1001%  38.0  300s
  1256  1258 286392.936 1092  122 35378.5778 389553.623  1001%  37.7  305s
  1308  1310 285252.561 1143  109 35378.5778 389553.623  1001%  36.7  310s
  1368  1370 283734.705 1202   93 35378.5778 389553.623  1001%  35.6  315s
  1437  1439 282812.491 1270   71 35378.5778 389553.623  1001%  34.4  320s
  1480  1482 279210.698 1310   41 35378.5778 389553.623  1001%  34.6  325s
  1553  1555 276146.417 1383    8 35378.5778 389553.623  1001%  33.4  330s
* 1568  1556            1397    276122.63379 389553.623  41.1%  33.3  332s
  1571  1555 346982.780    3  378 276122.634 389550.046  41.1%  35.6  341s
  1573  1556 389361.774    7   49 276122.634 389550.046  41.1%  35.6 1061s
  1575  1557 344881.462   42  395 276122.634 344881.462  24.9%  35.5 1086s
H 1575  1479                    281984.60869 333418.356  18.2%  35.5 1120s
  1577  1481 330521.647  104  408 281984.609 330521.647  17.2%  35.5 1127s
  1579  1482 330145.033  225  407 281984.609 330145.033  17.1%  35.5 1137s
  1580  1483 288753.953 1025  374 281984.609 327536.700  16.2%  35.4 1161s
  1581  1483 326826.056   73  404 281984.609 326826.056  15.9%  35.4 1167s
  1582  1484 288113.800 1058  409 281984.609 326570.650  15.8%  35.4 1183s
H 1582  1409                    289145.30524 325670.492  12.6%  35.4 1208s
  1584  1410 300232.465  786  395 289145.305 325323.323  12.5%  35.3 1229s
  1585  1411 289145.305 1294  395 289145.305 324803.994  12.3%  35.3 1251s
  1586  1412 315460.831  527  395 289145.305 324803.994  12.3%  35.3 1266s
  1587  1412 324803.994  363  395 289145.305 324803.994  12.3%  35.3 1272s
  1588  1415 324748.281   13  381 289145.305 324801.823  12.3%  47.8 1279s
  1589  1416 324770.436   13  389 289145.305 324770.436  12.3%  48.0 1283s
  1591  1417 324715.045   14  374 289145.305 324770.436  12.3%  48.1 1286s
  1593  1418 324727.383   15  374 289145.305 324770.436  12.3%  48.1 1290s
  1597  1421 324704.776   17  368 289145.305 324770.436  12.3%  48.1 1296s
  1599  1422 324682.725   18  359 289145.305 324770.436  12.3%  48.1 1300s
  1601  1424 324674.589   19  381 289145.305 324770.436  12.3%  48.2 1305s
  1604  1426 324650.500   21  378 289145.305 324770.436  12.3%  48.4 1310s
  1607  1428 324616.978   22  378 289145.305 324770.436  12.3%  48.4 1315s
  1611  1430 324509.029   24  377 289145.305 324770.436  12.3%  48.4 1320s
  1614  1432 324538.735   26  373 289145.305 324770.436  12.3%  48.5 1328s
  1615  1433 324456.458   26  372 289145.305 324770.436  12.3%  48.6 1330s
  1618  1435 324443.032   28  371 289145.305 324770.436  12.3%  48.8 1335s
  1621  1437 324416.679   29  366 289145.305 324770.436  12.3%  48.9 1340s
  1625  1440 324359.835   31  353 289145.305 324770.436  12.3%  49.0 1346s
  1627  1441 324281.941   32  357 289145.305 324770.436  12.3%  49.0 1351s
  1630  1443 324390.088   34  365 289145.305 324770.436  12.3%  49.0 1355s
  1633  1445 324346.533   35  361 289145.305 324770.436  12.3%  49.2 1360s
  1636  1447 324364.458   37  358 289145.305 324770.436  12.3%  49.3 1365s
  1639  1449 324320.230   38  353 289145.305 324770.436  12.3%  49.4 1370s
  1641  1450 324253.728   39  347 289145.305 324770.436  12.3%  49.4 1375s
  1645  1453 324029.919   41  341 289145.305 324770.436  12.3%  49.8 1380s
  1648  1455 324118.858   43  348 289145.305 324770.436  12.3%  49.8 1385s
  1651  1457 324056.701   44  341 289145.305 324770.436  12.3%  49.8 1390s
  1654  1459 324075.169   46  352 289145.305 324770.436  12.3%  49.9 1396s
  1657  1461 324057.522   47  347 289145.305 324770.436  12.3%  50.0 1400s
  1662  1464 324031.232   50  340 289145.305 324770.436  12.3%  50.0 1406s
  1665  1466 323973.201   51  337 289145.305 324770.436  12.3%  50.0 1410s
  1669  1469 323767.326   53  332 289145.305 324770.436  12.3%  50.1 1415s
  1673  1472 323446.934   55  312 289145.305 324770.436  12.3%  50.4 1420s
  1677  1474 323322.907   57  307 289145.305 324770.436  12.3%  50.5 1425s
  1682  1478 323399.437   60  306 289145.305 324770.436  12.3%  50.6 1430s
  1687  1481 323336.782   62  298 289145.305 324770.436  12.3%  50.7 1435s
  1691  1484 323268.852   64  292 289145.305 324770.436  12.3%  50.8 1441s
  1695  1486 323165.267   66  285 289145.305 324770.436  12.3%  50.8 1445s
  1700  1490 323037.469   69  299 289145.305 324770.436  12.3%  51.1 1450s
  1707  1494 322906.674   72  290 289145.305 324770.436  12.3%  51.1 1455s
  1718  1502 322824.013   78  288 289145.305 324770.436  12.3%  50.9 1460s
  1728  1508 322600.432   83  284 289145.305 324770.436  12.3%  51.1 1465s
  1742  1518 322527.528   90  265 289145.305 324770.436  12.3%  51.2 1470s
  1750  1523 322322.170   94  258 289145.305 324770.436  12.3%  51.4 1475s
  1757  1528 321995.013   97  253 289145.305 324770.436  12.3%  51.6 1480s
  1769  1536 321948.187  103  255 289145.305 324770.436  12.3%  51.6 1485s
  1779  1542 321885.456  108  251 289145.305 324770.436  12.3%  51.9 1490s
  1797  1554 321543.519  117  223 289145.305 324770.436  12.3%  51.9 1495s
  1811  1564 321095.533  124  220 289145.305 324770.436  12.3%  51.9 1500s
  1826  1574 321034.657  132  210 289145.305 324770.436  12.3%  51.8 1505s
  1837  1581 320839.869  137  204 289145.305 324770.436  12.3%  51.9 1510s
  1850  1590 320840.883  144  187 289145.305 324770.436  12.3%  51.7 1515s
  1864  1599 320645.726  151  189 289145.305 324770.436  12.3%  51.6 1520s
  1884  1612 320470.730  161  175 289145.305 324770.436  12.3%  51.4 1525s
  1899  1622 319850.001  168  169 289145.305 324770.436  12.3%  51.3 1530s
  1912  1631 320013.901  175  173 289145.305 324770.436  12.3%  51.2 1535s
  1927  1641 319780.260  182  164 289145.305 324770.436  12.3%  51.1 1540s
H 1938  1575                    316071.51304 324770.436  2.75%  51.0 1543s
  1942  1580 319956.277  190  153 316071.513 324770.436  2.75%  50.9 1545s
  1958  1591 319891.902  198  150 316071.513 324770.436  2.75%  50.7 1550s
  1974  1601 319853.588  206  148 316071.513 324770.436  2.75%  50.5 1555s
  1992  1613 319798.417  215  144 316071.513 324770.436  2.75%  50.3 1560s
H 1994  1546                    316089.35271 324770.436  2.75%  50.2 1562s
  2000  1552 319766.936  219  136 316089.353 324770.436  2.75%  50.1 1565s
  2004  1554 319735.116  221  139 316089.353 324770.436  2.75%  50.1 1571s
  2016  1562 319617.158  227  136 316089.353 324770.436  2.75%  50.0 1575s
  2032  1573 319463.162  235  130 316089.353 324770.436  2.75%  49.9 1580s
  2047  1583 319052.824  242  126 316089.353 324770.436  2.75%  49.8 1585s
  2069  1598 318646.465  253  123 316089.353 324770.436  2.75%  49.5 1590s
  2090  1612 318848.251  264  112 316089.353 324770.436  2.75%  49.2 1595s
  2111  1626 318000.992  274  116 316089.353 324770.436  2.75%  48.9 1600s
  2128  1637 318742.477  283  113 316089.353 324770.436  2.75%  48.6 1605s
  2149  1651 318682.265  293  111 316089.353 324770.436  2.75%  48.4 1610s
  2171  1666 318512.622  304   88 316089.353 324770.436  2.75%  48.2 1615s
  2190  1678 318501.472  314   88 316089.353 324770.436  2.75%  47.9 1620s
  2209  1691 317554.996  323   82 316089.353 324770.436  2.75%  47.6 1625s
  2229  1704 318000.835  333   76 316089.353 324770.436  2.75%  47.4 1630s
  2245  1715 318038.580  341   83 316089.353 324770.436  2.75%  47.2 1635s
  2267  1730 317990.519  352   71 316089.353 324770.436  2.75%  46.9 1640s
  2289  1744 317577.037  363   63 316089.353 324770.436  2.75%  46.6 1645s
  2308  1757 318091.260  373   58 316089.353 324770.436  2.75%  46.3 1650s
H 2316  1600                    318066.67245 324770.436  2.11%  46.3 1652s
  2367  1573 324487.679   14  403 318066.672 324770.436  2.11%  45.8 1671s
  2368  1574 324167.045   15  404 318066.672 324770.436  2.11%  46.5 1676s
  2369  1575 324162.096   15  393 318066.672 324770.436  2.11%  47.1 1680s
  2375  1579 324109.891   18  387 318066.672 324770.436  2.11%  47.3 1685s
  2386  1586 323937.199   24  366 318066.672 324770.436  2.11%  47.7 1690s
  2404  1598 323852.177   33  338 318066.672 324770.436  2.11%  47.9 1695s
  2416  1606 323704.763   39  328 318066.672 324770.436  2.11%  48.1 1700s
  2425  1612 323471.525   43  313 318066.672 324770.436  2.11%  48.3 1705s
  2438  1621 323407.466   50  295 318066.672 324770.436  2.11%  48.4 1710s
  2461  1636 323088.086   61  273 318066.672 324770.436  2.11%  48.6 1715s
  2480  1649 323039.160   71  276 318066.672 324770.436  2.11%  48.6 1720s
  2498  1661 322875.921   80  266 318066.672 324770.436  2.11%  48.6 1725s
  2519  1675 322657.882   90  247 318066.672 324770.436  2.11%  48.7 1730s
  2535  1685 321963.521   98  240 318066.672 324770.436  2.11%  49.1 1735s
  2559  1701 321582.732  110  208 318066.672 324770.436  2.11%  49.0 1740s
  2576  1713 321568.027  119  203 318066.672 324770.436  2.11%  48.8 1745s
  2589  1721 321254.565  125  210 318066.672 324770.436  2.11%  48.9 1750s
  2608  1734 321128.910  135  203 318066.672 324770.436  2.11%  48.8 1755s
  2626  1746 321048.002  144  200 318066.672 324770.436  2.11%  48.7 1760s
  2641  1756 320555.793  151  179 318066.672 324770.436  2.11%  48.6 1765s
  2660  1769 320918.528  161  188 318066.672 324770.436  2.11%  48.4 1770s
  2679  1781 320523.862  170  179 318066.672 324770.436  2.11%  48.2 1776s
  2694  1791 320611.192  178  180 318066.672 324770.436  2.11%  48.2 1780s
  2710  1802 320521.934  186  171 318066.672 324770.436  2.11%  48.1 1785s
  2722  1810 320480.987  192  163 318066.672 324770.436  2.11%  48.1 1790s
  2738  1821 320459.956  200  163 318066.672 324770.436  2.11%  48.0 1795s
  2757  1833 319960.150  209  151 318066.672 324770.436  2.11%  48.0 1802s
  2769  1841 320207.174  215  154 318066.672 324770.436  2.11%  47.9 1805s
  2783  1851 320044.074  222  124 318066.672 324770.436  2.11%  47.8 1810s
  2800  1862 320093.838  231  124 318066.672 324770.436  2.11%  47.8 1815s
  2809  1868 319524.444  235  128 318066.672 324770.436  2.11%  47.8 1821s
  2817  1873 319899.228  239  124 318066.672 324770.436  2.11%  47.8 1825s
  2830  1882 319893.386  246  115 318066.672 324770.436  2.11%  47.6 1830s
H 2835  1812                    318112.46785 324770.436  2.09%  47.6 1833s
  2842  1819 319883.259  252  116 318112.468 324770.436  2.09%  47.5 1835s
H 2856  1129                    321074.52050 324770.436  1.15%  47.5 1840s
  2866  1118 324111.981   14  406 321074.520 324714.953  1.13%  48.0 1851s
  2875  1124 323855.695   19  391 321074.520 324714.953  1.13%  48.1 1855s
  2883  1129 323936.868   23  389 321074.520 324714.953  1.13%  48.2 1872s
  2885  1131 323866.798   24  387 321074.520 324714.953  1.13%  48.4 1875s
  2892  1135 323660.042   27  366 321074.520 324714.953  1.13%  48.7 1885s
  2898  1139 323649.289   30  363 321074.520 324714.953  1.13%  48.8 1890s
  2908  1146 323546.394   35  350 321074.520 324714.953  1.13%  48.9 1895s
  2910  1147 323429.017   36  345 321074.520 324714.953  1.13%  48.9 1900s
  2915  1151 323509.508   39  358 321074.520 324714.953  1.13%  49.1 1905s
H 2918  1077                    321269.92438 324714.953  1.07%  49.1 1919s
  2920  1080 323363.909   41  360 321269.924 324714.953  1.07%  49.2 1920s
  2928  1085 323334.973   45  351 321269.924 324714.953  1.07%  49.2 1925s
  2934  1089 323097.909   48  341 321269.924 324714.953  1.07%  49.3 1930s
  2937  1091 323213.421   50  345 321269.924 324714.953  1.07%  49.3 1936s
  2945  1097 323142.341   54  346 321269.924 324714.953  1.07%  49.4 1940s
  2953  1102 323024.358   58  328 321269.924 324714.953  1.07%  49.5 1945s
  2964  1109 322864.815   63  315 321269.924 324714.953  1.07%  49.6 1953s
  2969  1113 322961.497   66  320 321269.924 324714.953  1.07%  49.5 1955s
  2981  1121 322856.629   72  302 321269.924 324714.953  1.07%  49.6 1960s
  2991  1127 322746.785   77  295 321269.924 324714.953  1.07%  49.6 1976s
  2996  1131 322339.113   79  289 321269.924 324714.953  1.07%  49.6 1980s
  3009  1139 322532.425   86  290 321269.924 324714.953  1.07%  49.7 1985s
  3017  1145 322462.213   90  286 321269.924 324714.953  1.07%  49.8 1990s
  3018  1145 322423.576   90  288 321269.924 324714.953  1.07%  49.8 1998s
  3022  1148 322381.835   92  278 321269.924 324714.953  1.07%  49.8 2000s
  3034  1156 322165.878   98  276 321269.924 324714.953  1.07%  49.9 2005s
  3045  1163 322138.609  104  271 321269.924 324714.953  1.07%  49.9 2016s
  3054  1169 321791.199  108  268 321269.924 324714.953  1.07%  50.0 2020s
  3072  1181 321371.297  117  255 321269.924 324714.953  1.07%  50.0 2032s
  3078  1182 321608.190  120  250 321269.924 324714.953  1.07%  50.0 2035s
  3099  1191 321308.976  132  235 321269.924 324714.953  1.07%  49.9 2045s
  3131  1185 324009.287   15  401 321269.924 324711.551  1.07%  50.3 2056s
  3133  1186 323989.036   16  395 321269.924 324711.551  1.07%  50.3 2060s
  3136  1188 323969.059   18  394 321269.924 324711.551  1.07%  50.3 2065s
  3144  1193 323906.091   22  389 321269.924 324711.551  1.07%  50.5 2071s
  3147  1195 323807.426   23  389 321269.924 324711.551  1.07%  50.6 2075s
  3148  1196 323704.642   24  394 321269.924 324711.551  1.07%  50.7 2088s
  3149  1197 323775.752   24  386 321269.924 324711.551  1.07%  50.7 2092s
  3154  1200 323662.517   27  382 321269.924 324711.551  1.07%  50.8 2095s
  3159  1203 323637.425   29  374 321269.924 324711.551  1.07%  50.9 2101s
  3166  1208 323600.244   33  370 321269.924 324711.551  1.07%  51.0 2105s
  3173  1213 323315.114   36  359 321269.924 324711.551  1.07%  51.1 2110s
  3181  1218 323438.853   40  356 321269.924 324711.551  1.07%  51.2 2115s
  3190  1224 323362.791   45  339 321269.924 324711.551  1.07%  51.3 2121s
  3197  1229 323241.537   48  328 321269.924 324711.551  1.07%  51.4 2125s
  3209  1237 322997.387   54  316 321269.924 324711.551  1.07%  51.4 2130s
  3220  1244 322999.937   60  306 321269.924 324711.551  1.07%  51.5 2135s
  3236  1255 322788.544   68  302 321269.924 324711.551  1.07%  51.5 2140s
  3247  1262 322372.949   73  297 321269.924 324711.551  1.07%  51.5 2145s
  3262  1272 322507.613   81  281 321269.924 324711.551  1.07%  51.5 2150s
H 3267  1212                    321353.52499 324711.551  1.04%  51.5 2160s
  3279  1222 322196.585   89  266 321353.525 324711.551  1.04%  51.6 2165s
  3293  1232 322108.859   96  254 321353.525 324711.551  1.04%  51.6 2170s
  3304  1239 322153.284  102  253 321353.525 324711.551  1.04%  51.6 2175s
  3319  1249 322071.223  109  241 321353.525 324711.551  1.04%  51.6 2180s
  3334  1259 321912.663  117  229 321353.525 324711.551  1.04%  51.6 2185s
  3349  1269 321819.219  124  223 321353.525 324711.551  1.04%  51.6 2190s
  3373  1278 321506.170  136  211 321353.525 324711.551  1.04%  51.6 2195s
  3399  1285     cutoff  149      321353.525 324711.551  1.04%  51.5 2200s
  3435  1286 323975.990   15  399 321353.525 324711.110  1.04%  51.9 2212s
  3436  1287 323973.352   16  399 321353.525 324711.110  1.04%  51.9 2216s
  3439  1289 323828.139   17  391 321353.525 324711.110  1.04%  51.9 2220s
  3441  1290 323926.775   18  389 321353.525 324711.110  1.04%  51.9 2235s
  3449  1296 323871.552   22  385 321353.525 324711.110  1.04%  52.1 2240s
  3452  1298 323829.483   24  384 321353.525 324711.110  1.04%  52.2 2245s
  3460  1303 323745.275   28  378 321353.525 324711.110  1.04%  52.3 2250s
  3467  1308 323493.959   31  360 321353.525 324711.110  1.04%  52.4 2255s
  3476  1314 323466.562   36  361 321353.525 324711.110  1.04%  52.5 2261s
  3483  1318 323324.629   39  348 321353.525 324711.110  1.04%  52.6 2265s
  3492  1324 323305.313   44  353 321353.525 324711.110  1.04%  52.7 2270s
  3500  1330 323216.101   48  335 321353.525 324711.110  1.04%  52.7 2275s
  3513  1338 323031.828   54  329 321353.525 324711.110  1.04%  52.7 2280s
  3521  1344 322854.185   58  312 321353.525 324711.110  1.04%  52.8 2285s
  3538  1355 322490.750   67  292 321353.525 324711.110  1.04%  52.7 2290s
  3553  1365 322263.162   74  284 321353.525 324711.110  1.04%  52.7 2295s
  3569  1376 322308.111   82  277 321353.525 324711.110  1.04%  52.8 2300s
  3578  1382 322257.303   87  272 321353.525 324711.110  1.04%  52.8 2305s
  3589  1389 321873.631   92  256 321353.525 324711.110  1.04%  52.8 2310s
  3590  1390 322060.388   93  258 321353.525 324711.110  1.04%  52.8 2315s
  3601  1397 321895.961   98  244 321353.525 324711.110  1.04%  52.8 2320s
  3620  1410 321774.694  108  251 321353.525 324711.110  1.04%  52.8 2325s
  3639  1418 321629.550  117  252 321353.525 324711.110  1.04%  52.8 2330s
  3662  1427 321519.067  130  249 321353.525 324711.110  1.04%  52.7 2335s
  3682  1423 323965.825   16  398 321353.525 324711.058  1.04%  53.1 2349s
  3685  1425 323963.053   18  397 321353.525 324711.058  1.04%  53.1 2351s
  3690  1428 323930.158   20  392 321353.525 324711.058  1.04%  53.2 2356s
  3696  1432 323880.268   23  391 321353.525 324711.058  1.04%  53.4 2361s
  3698  1434 323766.805   24  402 321353.525 324711.058  1.04%  53.4 2365s
  3704  1438 323775.165   27  389 321353.525 324711.058  1.04%  53.5 2370s
  3712  1443 323631.673   31  369 321353.525 324711.058  1.04%  53.6 2375s
  3720  1448 323597.883   35  368 321353.525 324711.058  1.04%  53.6 2380s
H 3722  1303                    321529.52336 324711.058  0.99%  53.6 2392s
  3724  1306 323475.654   37  356 321529.523 324711.058  0.99%  53.7 2403s
  3729  1309 323509.680   40  353 321529.523 324711.058  0.99%  53.8 2405s
  3744  1319 323287.140   47  328 321529.523 324711.058  0.99%  53.9 2410s
  3758  1329 323270.920   54  325 321529.523 324711.058  0.99%  54.0 2415s
  3783  1345 322932.358   67  307 321529.523 324711.058  0.99%  54.0 2420s
  3798  1355 322688.376   74  297 321529.523 324711.058  0.99%  54.0 2425s
  3816  1367 322468.998   83  291 321529.523 324711.058  0.99%  54.1 2430s
  3836  1381 322234.243   93  290 321529.523 324711.058  0.99%  54.1 2435s
  3859  1396 322104.788  105  267 321529.523 324711.058  0.99%  54.1 2440s
  3884  1413 321750.887  117  249 321529.523 324711.058  0.99%  54.2 2445s
  3910  1414 324013.809   16  402 321529.523 324703.382  0.99%  54.6 2454s
  3913  1416 324011.050   18  402 321529.523 324703.382  0.99%  54.6 2455s
  3924  1423 323921.665   23  395 321529.523 324703.382  0.99%  54.8 2460s
  3932  1429 323697.843   27  385 321529.523 324703.382  0.99%  54.9 2465s
  3945  1437 323570.552   34  373 321529.523 324703.382  0.99%  55.0 2470s
  3960  1447 323289.019   41  361 321529.523 324703.382  0.99%  55.2 2475s
  3976  1458 323132.901   49  349 321529.523 324703.382  0.99%  55.3 2480s
  3986  1465 322954.345   54  339 321529.523 324703.382  0.99%  55.4 2485s
  3990  1467 322800.096   56  332 321529.523 324703.382  0.99%  55.4 2490s
  4004  1477 322667.823   63  314 321529.523 324703.382  0.99%  55.5 2495s
  4016  1485 322374.282   69  297 321529.523 324703.382  0.99%  55.5 2503s
  4024  1490 322360.827   73  292 321529.523 324703.382  0.99%  55.5 2505s
  4046  1505 322244.881   84  276 321529.523 324703.382  0.99%  55.5 2510s
  4065  1517 322095.004   94  270 321529.523 324703.382  0.99%  55.6 2515s
  4099  1540 321718.082  111  239 321529.523 324703.382  0.99%  55.6 2520s
  4153  1533 323979.441   18  399 321529.523 324702.527  0.99%  55.7 2530s
  4166  1542 323879.250   25  391 321529.523 324702.527  0.99%  55.9 2535s
  4177  1549 323573.540   30  378 321529.523 324702.527  0.99%  56.0 2540s
  4189  1557 323393.512   36  363 321529.523 324702.527  0.99%  56.1 2545s
  4199  1564 323313.524   41  356 321529.523 324702.527  0.99%  56.2 2550s
  4212  1572 323231.467   48  347 321529.523 324702.527  0.99%  56.3 2555s
  4225  1581 322917.838   54  342 321529.523 324702.527  0.99%  56.4 2560s
  4241  1592 322853.252   62  329 321529.523 324702.527  0.99%  56.3 2575s
  4255  1601 322558.196   69  323 321529.523 324702.527  0.99%  56.3 2580s
  4268  1610 322420.932   76  310 321529.523 324702.527  0.99%  56.4 2585s
  4276  1615 322316.640   80  307 321529.523 324702.527  0.99%  56.4 2595s
  4291  1625 322054.479   87  298 321529.523 324702.527  0.99%  56.4 2600s
  4308  1636 322059.411   96  284 321529.523 324702.527  0.99%  56.4 2605s
  4322  1646 321983.601  103  281 321529.523 324702.527  0.99%  56.5 2610s
  4340  1658 321709.830  112  266 321529.523 324702.527  0.99%  56.5 2615s
  4358  1658 323969.614   17  392 321529.523 324702.344  0.99%  56.9 2623s
  4363  1661 323852.597   22  387 321529.523 324702.344  0.99%  56.9 2625s
  4375  1669 323614.892   33  378 321529.523 324702.344  0.99%  57.0 2630s
  4394  1682 323450.293   52  375 321529.523 324702.344  0.99%  56.9 2635s
  4407  1695 323210.729   62  365 321529.523 324702.344  0.99%  57.0 2640s
  4414  1702 323086.751   67  374 321529.523 324702.344  0.99%  57.2 2645s
  4425  1713 322962.656   74  353 321529.523 324702.344  0.99%  57.2 2650s
  4440  1728 322647.199   88  337 321529.523 324702.344  0.99%  57.3 2655s
  4451  1739 322593.484   96  345 321529.523 324702.344  0.99%  57.3 2660s
  4462  1750 322462.556   97  331 321529.523 324702.344  0.99%  57.4 2665s
H 4470  1735                    321559.36890 324702.344  0.98%  57.4 2678s
  4480  1747 322322.706  108  309 321559.369 324702.344  0.98%  57.4 2680s
  4496  1763 322072.480  122  298 321559.369 324702.344  0.98%  57.3 2685s
  4513  1780 321966.455  132  299 321559.369 324702.344  0.98%  57.4 2690s
  4526  1792 321897.508  137  293 321559.369 324702.344  0.98%  57.4 2695s
  4536  1799 321788.479  139  285 321559.369 324702.344  0.98%  57.4 2700s
  4560  1820 321639.664  159  279 321559.369 324702.344  0.98%  57.3 2705s
  4574  1819 323987.296   17  398 321559.369 324693.301  0.97%  57.7 2714s
  4576  1821 323964.892   19  390 321559.369 324693.301  0.97%  57.7 2715s
  4588  1833 323731.043   30  384 321559.369 324693.301  0.97%  57.8 2720s
  4606  1851 323459.513   45  390 321559.369 324693.301  0.97%  57.9 2725s
  4615  1860 323352.860   49  383 321559.369 324693.301  0.97%  58.0 2730s
  4632  1877 323089.990   63  351 321559.369 324693.301  0.97%  58.1 2735s
  4644  1889 322902.580   71  343 321559.369 324693.301  0.97%  58.2 2740s
  4659  1904 322738.282   81  332 321559.369 324693.301  0.97%  58.3 2759s
  4660  1905 322727.500   82  332 321559.369 324693.301  0.97%  58.3 2760s
  4666  1911 322647.469   86  332 321559.369 324693.301  0.97%  58.4 2772s
  4674  1919 322524.328   91  339 321559.369 324693.301  0.97%  58.5 2775s
  4690  1935 322385.713  103  320 321559.369 324693.301  0.97%  58.5 2780s
  4711  1956 322129.482  117  306 321559.369 324693.301  0.97%  58.5 2785s
  4735  1980 321834.602  134  300 321559.369 324693.301  0.97%  58.5 2790s
  4759  1990 323988.787   18  391 321559.369 324682.725  0.97%  59.0 2800s
  4770  2001 323613.190   26  381 321559.369 324682.725  0.97%  59.1 2805s
  4784  2015 323312.450   37  373 321559.369 324682.725  0.97%  59.1 2810s
  4795  2026 323204.371   43  374 321559.369 324682.725  0.97%  59.2 2815s
  4816  2047 322909.884   62  358 321559.369 324682.725  0.97%  59.3 2820s
  4829  2060 322710.139   72  348 321559.369 324682.725  0.97%  59.3 2825s
  4845  2076 322495.974   83  340 321559.369 324682.725  0.97%  59.4 2830s
  4855  2086 322295.130   89  338 321559.369 324682.725  0.97%  59.5 2835s
  4862  2093 322251.188   91  331 321559.369 324682.725  0.97%  59.6 2840s
  4886  2117 321949.548  108  309 321559.369 324682.725  0.97%  59.6 2845s
  4889  2120 321976.834  111  311 321559.369 324682.725  0.97%  59.6 2858s
  4898  2129 321849.324  116  308 321559.369 324682.725  0.97%  59.6 2860s
  4930  2147 323960.280   19  404 321559.369 324682.725  0.97%  59.9 2872s
  4937  2154 323751.667   26  412 321559.369 324682.725  0.97%  59.9 2875s
  4948  2165 323502.306   31  386 321559.369 324682.725  0.97%  60.0 2880s
  4965  2182 323221.916   48  376 321559.369 324682.725  0.97%  60.1 2885s
  4981  2198 322969.130   59  364 321559.369 324682.725  0.97%  60.2 2890s
  4986  2203 322826.026   62  363 321559.369 324682.725  0.97%  60.2 2895s
  5005  2222 322625.844   73  352 321559.369 324682.725  0.97%  60.2 2900s
  5020  2237 322449.883   79  346 321559.369 324682.725  0.97%  60.4 2905s
  5038  2255 322148.167   90  332 321559.369 324682.725  0.97%  60.4 2910s
  5058  2275 321976.085  109  307 321559.369 324682.725  0.97%  60.4 2915s
  5079  2296 321752.867  122  290 321559.369 324682.725  0.97%  60.5 2920s
  5102  2307 323978.297   19  395 321559.369 324674.589  0.97%  60.8 2930s
  5114  2319 323690.666   30  384 321559.369 324674.589  0.97%  60.8 2946s
  5122  2327 323559.831   32  374 321559.369 324674.589  0.97%  60.9 2950s
  5142  2347 323274.515   52  377 321559.369 324674.589  0.97%  60.9 2955s
  5164  2369 322960.453   67  355 321559.369 324674.589  0.97%  61.0 2960s
  5179  2384 322851.661   77  367 321559.369 324674.589  0.97%  61.1 2965s
  5192  2397 322647.029   84  358 321559.369 324674.589  0.97%  61.2 2970s
  5207  2412 322488.287   89  354 321559.369 324674.589  0.97%  61.3 2975s
  5215  2420 322334.468   94  345 321559.369 324674.589  0.97%  61.3 2980s
  5234  2439 322212.835  107  337 321559.369 324674.589  0.97%  61.3 2985s
  5255  2460 321999.178  128  325 321559.369 324674.589  0.97%  61.3 2990s
  5280  2481 321745.634  150  292 321559.369 324674.589  0.97%  61.2 2995s
  5293  2491 321680.706  152  303 321559.369 324674.589  0.97%  61.2 3000s
  5314  2500 323993.059   20  397 321559.369 324674.589  0.97%  61.5 3009s
  5315  2501 323992.927   21  399 321559.369 324674.589  0.97%  61.5 3011s
  5320  2506 323784.376   26  400 321559.369 324674.589  0.97%  61.5 3015s
  5329  2515 323655.890   34  399 321559.369 324674.589  0.97%  61.6 3020s
  5339  2525 323480.218   38  377 321559.369 324674.589  0.97%  61.6 3025s
  5352  2538 323331.312   51  370 321559.369 324674.589  0.97%  61.6 3030s
  5361  2547 323207.068   54  370 321559.369 324674.589  0.97%  61.6 3086s
H 5362  2520                    321600.77643 324674.589  0.96%  61.6 3095s
  5377  2537 322889.895   69  358 321600.776 324674.589  0.96%  61.6 3100s
  5397  2557 322650.798   82  340 321600.776 324674.589  0.96%  61.6 3105s
  5419  2579 322383.333   92  332 321600.776 324674.589  0.96%  61.6 3110s
  5431  2591 322204.746  100  323 321600.776 324674.589  0.96%  61.7 3115s
  5461  2621 321950.851  123  308 321600.776 324674.589  0.96%  61.6 3120s
  5496  2651 321642.247  143  287 321600.776 324674.589  0.96%  61.6 3126s
  5503  2646 323964.589   20  390 321600.776 324637.642  0.94%  61.9 3141s
  5511  2654 323731.651   27  388 321600.776 324637.642  0.94%  61.9 3145s
  5521  2664 323585.273   34  374 321600.776 324637.642  0.94%  62.0 3150s
  5531  2674 323393.439   38  367 321600.776 324637.642  0.94%  62.1 3155s
  5540  2683 323230.258   47  362 321600.776 324637.642  0.94%  62.1 3160s
  5561  2704 322853.907   63  356 321600.776 324637.642  0.94%  62.1 3165s
  5573  2716 322721.238   72  346 321600.776 324637.642  0.94%  62.2 3170s
  5591  2734 322446.204   85  334 321600.776 324637.642  0.94%  62.2 3175s
  5615  2758 322182.794  107  322 321600.776 324637.642  0.94%  62.2 3180s
  5633  2776 322029.659  119  303 321600.776 324637.642  0.94%  62.2 3185s
  5663  2805 321733.143  141  291 321600.776 324637.642  0.94%  62.1 3190s
  5684  2810 323850.491   21  400 321600.776 324637.642  0.94%  62.4 3197s
  5686  2812 323835.228   23  400 321600.776 324637.642  0.94%  62.3 3201s
  5693  2819 323648.987   29  385 321600.776 324637.642  0.94%  62.4 3205s
  5700  2826 323541.835   33  387 321600.776 324637.642  0.94%  62.4 3210s
  5707  2833 323470.323   35  377 321600.776 324637.642  0.94%  62.5 3215s
  5717  2843 323349.086   45  380 321600.776 324637.642  0.94%  62.5 3221s
  5727  2853 323238.049   52  382 321600.776 324637.642  0.94%  62.6 3225s
  5734  2860 323146.759   57  374 321600.776 324637.642  0.94%  62.6 3230s
  5744  2870 322997.732   60  363 321600.776 324637.642  0.94%  62.7 3236s
  5755  2881 322841.082   70  350 321600.776 324637.642  0.94%  62.7 3240s
  5774  2900 322563.319   88  336 321600.776 324637.642  0.94%  62.7 3245s
  5783  2909 322374.241   93  333 321600.776 324637.642  0.94%  62.8 3250s
  5794  2920 322274.214   95  335 321600.776 324637.642  0.94%  62.9 3255s
  5807  2933 322183.557  101  323 321600.776 324637.642  0.94%  62.9 3260s
  5820  2946 322043.624  113  323 321600.776 324637.642  0.94%  62.9 3265s
  5834  2959 321859.880  122  310 321600.776 324637.642  0.94%  62.9 3270s
  5868  2990 321664.369  152  305 321600.776 324637.642  0.94%  62.8 3277s
  5879  2990 323894.050   21  401 321600.776 324612.061  0.94%  63.1 3286s
  5884  2995 323748.873   26  410 321600.776 324612.061  0.94%  63.1 3291s
  5892  3003 323529.380   34  382 321600.776 324612.061  0.94%  63.1 3295s
  5901  3012 323292.828   43  397 321600.776 324612.061  0.94%  63.2 3300s
  5912  3023 323126.108   54  396 321600.776 324612.061  0.94%  63.2 3306s
  5917  3028 322983.737   59  385 321600.776 324612.061  0.94%  63.2 3310s
  5928  3039 322692.003   70  375 321600.776 324612.061  0.94%  63.2 3315s
  5936  3047 322380.746   78  366 321600.776 324612.061  0.94%  63.2 3321s
  5950  3061 321861.936   92  357 321600.776 324612.061  0.94%  63.2 3325s
  5968  3068 323886.611   23  408 321600.776 324610.573  0.94%  63.5 3338s
  5969  3069 323886.491   24  409 321600.776 324610.573  0.94%  63.5 3341s
  5975  3075 323735.986   30  412 321600.776 324610.573  0.94%  63.5 3345s
  5980  3080 323632.470   35  403 321600.776 324610.573  0.94%  63.5 3350s
  5982  3082 323562.473   37  400 321600.776 324610.573  0.94%  63.5 3357s
  5985  3085 323505.117   40  401 321600.776 324610.573  0.94%  63.5 3362s
  5992  3092 323350.252   47  402 321600.776 324610.573  0.94%  63.5 3365s
  6000  3100 323243.581   55  400 321600.776 324610.573  0.94%  63.5 3370s
  6009  3109 323162.589   64  400 321600.776 324610.573  0.94%  63.5 3376s
  6016  3116 323002.287   71  395 321600.776 324610.573  0.94%  63.5 3380s
  6026  3126 322587.425   81  390 321600.776 324610.573  0.94%  63.6 3386s
  6033  3133 322405.061   88  378 321600.776 324610.573  0.94%  63.6 3390s
  6043  3143 322229.351   98  374 321600.776 324610.573  0.94%  63.6 3395s
  6049  3148 322042.607  104  369 321600.776 324610.573  0.94%  63.6 3400s
  6061  3159 321833.572  116  369 321600.776 324610.573  0.94%  63.6 3405s
  6079  3163     cutoff  124      321600.776 324610.573  0.94%  63.5 3410s
  6080  3164 323888.321   23  409 321600.776 324601.809  0.93%  63.9 3418s
  6082  3166 323761.264   24  403 321600.776 324601.809  0.93%  63.9 3421s
  6084  3168 323700.829   25  406 321600.776 324601.809  0.93%  63.9 3426s
  6087  3171 323836.403   27  405 321600.776 324601.809  0.93%  64.0 3431s
  6094  3178 323673.147   30  394 321600.776 324601.809  0.93%  64.1 3435s
  6099  3183 323615.751   33  395 321600.776 324601.809  0.93%  64.1 3440s
  6108  3192 323529.607   37  386 321600.776 324601.809  0.93%  64.2 3445s
  6113  3197 323503.999   40  379 321600.776 324601.809  0.93%  64.2 3450s
  6120  3204 323348.116   43  369 321600.776 324601.809  0.93%  64.2 3456s
  6130  3214 323081.484   48  376 321600.776 324601.809  0.93%  64.2 3460s
  6137  3221 323204.298   52  368 321600.776 324601.809  0.93%  64.3 3465s
  6146  3230 323139.236   56  357 321600.776 324601.809  0.93%  64.3 3470s
  6153  3237 323085.035   60  355 321600.776 324601.809  0.93%  64.4 3475s
  6161  3245 322970.634   64  350 321600.776 324601.809  0.93%  64.4 3480s
  6169  3253 322881.133   68  348 321600.776 324601.809  0.93%  64.5 3485s
  6176  3260 322779.424   71  339 321600.776 324601.809  0.93%  64.5 3490s
  6190  3274 322354.556   78  327 321600.776 324601.809  0.93%  64.5 3495s
  6201  3285 322530.590   84  319 321600.776 324601.809  0.93%  64.5 3500s
  6212  3296 322338.078   89  314 321600.776 324601.809  0.93%  64.5 3505s
  6220  3304 322214.536   93  313 321600.776 324601.809  0.93%  64.5 3510s
  6233  3317 322183.351  100  303 321600.776 324601.809  0.93%  64.5 3515s
  6250  3334 321921.945  108  292 321600.776 324601.809  0.93%  64.5 3520s
  6266  3348 321937.060  116  276 321600.776 324601.809  0.93%  64.5 3525s
  6290  3366 321648.142  128  259 321600.776 324601.809  0.93%  64.4 3530s
  6325  3373     cutoff  147      321600.776 324601.809  0.93%  64.1 3535s
  6327  3373 323836.290   24  402 321600.776 324601.302  0.93%  64.5 3543s
  6329  3375 323829.101   26  406 321600.776 324601.302  0.93%  64.5 3546s
  6332  3378 323738.303   29  408 321600.776 324601.302  0.93%  64.5 3550s
  6340  3386 323526.212   37  398 321600.776 324601.302  0.93%  64.5 3555s
  6349  3395 323386.609   46  401 321600.776 324601.302  0.93%  64.5 3560s
  6359  3405 323224.815   56  397 321600.776 324601.302  0.93%  64.5 3565s
  6367  3413 323028.832   64  395 321600.776 324601.302  0.93%  64.5 3570s
  6374  3420 322780.621   71  386 321600.776 324601.302  0.93%  64.6 3575s
  6389  3435 322579.841   86  368 321600.776 324601.302  0.93%  64.5 3580s
  6401  3447 322315.081   98  362 321600.776 324601.302  0.93%  64.5 3585s
  6409  3455 322087.351  106  356 321600.776 324601.302  0.93%  64.5 3591s
  6419  3463 321850.553  116  341 321600.776 324601.302  0.93%  64.5 3595s
  6440  3472 323727.528   24  398 321600.776 324574.927  0.92%  64.8 3608s
  6441  3473 323727.404   25  396 321600.776 324574.927  0.92%  64.8 3610s
  6450  3482 323379.955   34  376 321600.776 324574.927  0.92%  64.8 3615s
  6457  3489 323090.430   41  366 321600.776 324574.927  0.92%  64.8 3620s
  6469  3501 322848.238   53  348 321600.776 324574.927  0.92%  64.9 3625s
  6478  3510 322457.001   62  313 321600.776 324574.927  0.92%  64.9 3630s
  6496  3528 322084.225   80  281 321600.776 324574.927  0.92%  64.9 3635s
  6513  3544 321778.556   97  235 321600.776 324574.927  0.92%  64.8 3640s
  6541  3559 323865.304   22  404 321600.776 324574.927  0.92%  65.0 3650s
  6548  3566 323620.882   28  398 321600.776 324574.927  0.92%  65.0 3655s
  6561  3579 323354.374   39  401 321600.776 324574.927  0.92%  65.1 3660s
  6576  3594 323228.914   51  385 321600.776 324574.927  0.92%  65.1 3665s
  6587  3605 323141.037   54  380 321600.776 324574.927  0.92%  65.2 3670s
  6600  3618 322921.527   67  380 321600.776 324574.927  0.92%  65.2 3675s
  6607  3625 322865.475   71  378 321600.776 324574.927  0.92%  65.2 3680s
  6620  3638 322681.677   82  366 321600.776 324574.927  0.92%  65.2 3685s
  6630  3648 322554.432   85  359 321600.776 324574.927  0.92%  65.3 3690s
  6640  3658 322459.424   89  362 321600.776 324574.927  0.92%  65.3 3696s
  6646  3664 322344.193   87  350 321600.776 324574.927  0.92%  65.4 3700s
  6658  3676 322244.984   98  340 321600.776 324574.927  0.92%  65.4 3705s
  6669  3687 321973.067  105  331 321600.776 324574.927  0.92%  65.4 3710s
  6685  3703 321875.381  117  328 321600.776 324574.927  0.92%  65.4 3715s
  6698  3712 321714.786  128  316 321600.776 324574.927  0.92%  65.4 3720s
  6712  3715 323862.035   22  409 321600.776 324508.930  0.90%  65.7 3730s
  6721  3724 323486.424   31  401 321600.776 324508.930  0.90%  65.7 3735s
  6741  3744 322870.421   51  375 321600.776 324508.930  0.90%  65.7 3740s
  6769  3772 322296.648   79  347 321600.776 324508.930  0.90%  65.6 3745s
  6787  3781 323754.770   25  404 321600.776 324508.422  0.90%  65.9 3753s
  6791  3785 323630.566   29  407 321600.776 324508.422  0.90%  65.9 3755s
  6806  3800 323325.084   44  397 321600.776 324508.422  0.90%  65.9 3760s
  6817  3811 323043.370   55  398 321600.776 324508.422  0.90%  65.9 3765s
  6836  3830 322662.112   74  382 321600.776 324508.422  0.90%  65.9 3770s
  6859  3853 322293.237   97  358 321600.776 324508.422  0.90%  65.9 3775s
  6882  3872 321870.336  120  347 321600.776 324508.422  0.90%  65.8 3780s
  6906  3887 321654.224  144  330 321600.776 324508.422  0.90%  65.7 3785s
  6917  3887 323646.008   25  400 321600.776 324456.458  0.89%  65.9 3792s
  6926  3896 323428.309   34  401 321600.776 324456.458  0.89%  66.0 3795s
  6942  3912 322762.378   50  373 321600.776 324456.458  0.89%  66.0 3800s
  6964  3934 322443.383   72  353 321600.776 324456.458  0.89%  66.0 3805s
  6993  3960 321764.133  100  321 321600.776 324456.458  0.89%  65.9 3810s
  7002  3969 321617.346  109  321 321600.776 324456.458  0.89%  65.9 3817s
  7008  3965 323655.562   27  389 321600.776 324456.458  0.89%  66.1 3823s
  7013  3970 323648.597   29  386 321600.776 324456.458  0.89%  66.1 3825s
  7023  3980 323605.853   30  381 321600.776 324456.458  0.89%  66.3 3830s
  7032  3989 323143.354   35  377 321600.776 324456.458  0.89%  66.3 3835s
  7044  4001 322963.884   39  368 321600.776 324456.458  0.89%  66.3 3840s
  7053  4010 322890.875   42  376 321600.776 324456.458  0.89%  66.4 3845s
  7063  4020 322575.968   45  357 321600.776 324456.458  0.89%  66.5 3850s
  7077  4034 322362.776   52  342 321600.776 324456.458  0.89%  66.5 3855s
  7096  4052 321876.482   61  334 321600.776 324456.458  0.89%  66.5 3860s
  7120  4072 321670.122   68  317 321600.776 324456.458  0.89%  66.4 3865s
  7142  4073 323608.732   27  388 321600.776 324454.314  0.89%  66.6 3873s
  7147  4078 323479.148   32  388 321600.776 324454.314  0.89%  66.6 3875s
  7165  4096 323092.952   50  393 321600.776 324454.314  0.89%  66.6 3880s
  7184  4115 322513.100   69  367 321600.776 324454.314  0.89%  66.6 3885s
  7204  4135 322135.421   89  361 321600.776 324454.314  0.89%  66.6 3890s
  7216  4146 321739.922  101  358 321600.776 324454.314  0.89%  66.5 3900s
  7228  4148 323763.465   28  396 321600.776 324454.314  0.89%  66.8 3912s
  7233  4153 323672.881   33  389 321600.776 324454.314  0.89%  66.8 3915s
  7245  4165 323136.069   45  375 321600.776 324454.314  0.89%  66.8 3920s
  7252  4172 322920.353   52  358 321600.776 324454.314  0.89%  66.9 3925s
  7261  4181 322459.627   61  326 321600.776 324454.314  0.89%  66.9 3930s
  7284  4204 322041.483   84  291 321600.776 324454.314  0.89%  66.9 3935s
  7317  4234 321680.562  117  194 321600.776 324454.314  0.89%  66.7 3940s
  7333  4239 323743.977   28  387 321600.776 324432.939  0.88%  66.9 3950s
  7342  4248 323524.203   37  396 321600.776 324432.939  0.88%  66.9 3955s
  7354  4260 323277.989   49  402 321600.776 324432.939  0.88%  66.9 3960s
  7364  4270 322972.655   59  386 321600.776 324432.939  0.88%  66.9 3965s
  7377  4283 322684.647   72  382 321600.776 324432.939  0.88%  66.9 3970s
  7394  4300 322343.050   89  358 321600.776 324432.939  0.88%  66.9 3975s
  7407  4313 322127.309  102  358 321600.776 324432.939  0.88%  66.9 3980s
  7409  4315 322070.864  104  356 321600.776 324432.939  0.88%  66.9 3993s
  7412  4317 321974.162  107  344 321600.776 324432.939  0.88%  66.9 3995s
  7424  4329 321674.284  119  352 321600.776 324432.939  0.88%  66.9 4000s
  7433  4327 323693.460   30  393 321600.776 324432.867  0.88%  67.1 4009s
  7436  4330 323607.567   33  391 321600.776 324432.867  0.88%  67.1 4010s
  7447  4341 323383.244   44  397 321600.776 324432.867  0.88%  67.1 4015s
  7459  4353 323094.992   56  397 321600.776 324432.867  0.88%  67.1 4020s
  7471  4365 322797.388   68  380 321600.776 324432.867  0.88%  67.1 4025s
  7487  4381 322502.873   84  380 321600.776 324432.867  0.88%  67.0 4030s
  7501  4395 322152.990   98  381 321600.776 324432.867  0.88%  67.0 4035s
  7512  4406 321926.792  109  375 321600.776 324432.867  0.88%  67.0 4040s
  7524  4418 321700.477  121  374 321600.776 324432.867  0.88%  67.0 4045s
  7543  4418 323627.548   30  392 321600.776 324420.955  0.88%  67.2 4057s
  7548  4423 323506.480   35  395 321600.776 324420.955  0.88%  67.2 4060s
  7560  4435 323100.235   47  395 321600.776 324420.955  0.88%  67.2 4065s
  7573  4448 322766.659   60  378 321600.776 324420.955  0.88%  67.2 4070s
  7583  4458 322511.111   70  369 321600.776 324420.955  0.88%  67.2 4075s
  7594  4469 322172.895   81  355 321600.776 324420.955  0.88%  67.2 4080s
  7604  4479 321676.550   91  353 321600.776 324420.955  0.88%  67.2 4085s
  7614  4479 323631.148   29  381 321600.776 324420.955  0.88%  67.4 4096s
  7623  4488 323411.503   38  386 321600.776 324420.955  0.88%  67.4 4100s
  7635  4500 323177.756   50  392 321600.776 324420.955  0.88%  67.4 4105s
  7647  4512 322912.348   62  380 321600.776 324420.955  0.88%  67.4 4110s
  7659  4524 322562.576   74  379 321600.776 324420.955  0.88%  67.4 4115s
  7671  4536 322328.147   86  375 321600.776 324420.955  0.88%  67.4 4144s
  7673  4538 322309.116   88  371 321600.776 324420.955  0.88%  67.4 4145s
  7685  4550 322041.129  100  365 321600.776 324420.955  0.88%  67.4 4150s
  7693  4558 321768.916  108  366 321600.776 324420.955  0.88%  67.4 4155s
  7707  4562 323697.026   29  382 321600.776 324377.776  0.86%  67.6 4167s
  7714  4569 323499.604   33  377 321600.776 324377.776  0.86%  67.6 4170s
  7725  4580 323330.586   39  384 321600.776 324377.776  0.86%  67.6 4175s
  7737  4592 323142.615   48  377 321600.776 324377.776  0.86%  67.6 4180s
  7746  4601 323031.938   52  366 321600.776 324377.776  0.86%  67.7 4185s
  7757  4612 322809.602   60  360 321600.776 324377.776  0.86%  67.7 4190s
  7766  4621 322753.737   65  355 321600.776 324377.776  0.86%  67.7 4195s
  7781  4636 322578.726   79  342 321600.776 324377.776  0.86%  67.7 4200s
  7800  4655 322325.560   91  327 321600.776 324377.776  0.86%  67.7 4205s
  7812  4667 322269.723   96  323 321600.776 324377.776  0.86%  67.7 4210s
  7830  4685 322070.320  106  311 321600.776 324377.776  0.86%  67.7 4215s
  7848  4703 321850.467  117  289 321600.776 324377.776  0.86%  67.7 4220s
  7868  4719 321699.092  136  288 321600.776 324377.776  0.86%  67.7 4225s
  7885  4724 323606.056   26  400 321600.776 324377.269  0.86%  67.9 4236s
  7891  4730 323467.865   32  402 321600.776 324377.269  0.86%  67.9 4240s
  7904  4743 323170.630   45  395 321600.776 324377.269  0.86%  67.9 4245s
  7914  4753 322850.365   55  388 321600.776 324377.269  0.86%  67.9 4250s
  7924  4763 322688.918   65  385 321600.776 324377.269  0.86%  67.9 4255s
  7939  4778 322478.396   80  374 321600.776 324377.269  0.86%  67.8 4260s
  7954  4793 322271.107   95  374 321600.776 324377.269  0.86%  67.8 4265s
  7967  4806 322075.279  108  365 321600.776 324377.269  0.86%  67.8 4270s
  7981  4818 321677.457  122  361 321600.776 324377.269  0.86%  67.8 4275s
  7993  4820 323497.294   26  396 321600.776 324368.386  0.86%  68.0 4286s
  7996  4823 323447.130   29  393 321600.776 324368.386  0.86%  68.0 4290s
  8011  4838 322990.600   44  376 321600.776 324368.386  0.86%  68.0 4295s
  8022  4849 322731.294   55  335 321600.776 324368.386  0.86%  68.0 4300s
  8040  4867 322151.140   73  297 321600.776 324368.386  0.86%  68.0 4305s
  8070  4887 321601.435   97  250 321600.776 324368.386  0.86%  67.9 4310s
  8074  4885 323658.088   34  386 321600.776 324368.002  0.86%  68.1 4317s
  8078  4889 323524.062   38  382 321600.776 324368.002  0.86%  68.1 4320s
  8089  4900 323278.296   49  402 321600.776 324368.002  0.86%  68.1 4325s
  8105  4916 323006.919   65  388 321600.776 324368.002  0.86%  68.1 4330s
  8120  4931 322617.289   80  381 321600.776 324368.002  0.86%  68.1 4335s
  8133  4944 322300.767   93  377 321600.776 324368.002  0.86%  68.1 4340s
  8149  4960 322056.415  109  375 321600.776 324368.002  0.86%  68.0 4345s
  8166  4977 321736.812  126  360 321600.776 324368.002  0.86%  68.0 4350s
  8181  4980 323635.566   31  387 321600.776 324368.002  0.86%  68.2 4360s
  8191  4990 322877.901   41  373 321600.776 324368.002  0.86%  68.2 4365s
  8203  5002 322463.775   53  373 321600.776 324368.002  0.86%  68.2 4370s
  8218  5017 321935.937   68  361 321600.776 324368.002  0.86%  68.2 4375s
  8240  5030 323533.502   31  380 321600.776 324367.709  0.86%  68.3 4384s
  8242  5032 323406.588   32  373 321600.776 324367.709  0.86%  68.3 4385s
  8249  5039 323446.153   36  379 321600.776 324367.709  0.86%  68.4 4390s
  8259  5049 323304.072   41  383 321600.776 324367.709  0.86%  68.4 4395s
  8271  5061 323191.964   47  371 321600.776 324367.709  0.86%  68.4 4400s
  8281  5071 323079.190   52  371 321600.776 324367.709  0.86%  68.5 4405s
  8295  5085 322902.769   59  371 321600.776 324367.709  0.86%  68.5 4410s
  8314  5104 322605.285   68  347 321600.776 324367.709  0.86%  68.5 4415s
  8330  5120 322477.033   76  330 321600.776 324367.709  0.86%  68.6 4420s
  8349  5139 322295.961   86  322 321600.776 324367.709  0.86%  68.6 4425s
  8369  5159 322166.845   96  309 321600.776 324367.709  0.86%  68.6 4430s
  8388  5176 321958.368  105  295 321600.776 324367.709  0.86%  68.6 4435s
  8411  5193 321821.436  118  274 321600.776 324367.709  0.86%  68.5 4440s
  8429  5196 323529.758   34  391 321600.776 324362.223  0.86%  68.7 4478s
  8434  5201 322952.743   38  366 321600.776 324362.223  0.86%  68.7 4480s
  8456  5223 322575.700   46  360 321600.776 324362.223  0.86%  68.7 4485s
  8469  5236 322335.903   51  343 321600.776 324362.223  0.86%  68.7 4490s
  8484  5251 321636.448   58  303 321600.776 324362.223  0.86%  68.8 4495s
  8498  5253 323638.430   37  390 321600.776 324362.223  0.86%  68.9 4503s
  8500  5255 323543.513   39  388 321600.776 324362.223  0.86%  68.9 4505s
  8518  5273 323164.404   57  399 321600.776 324362.223  0.86%  68.9 4510s
  8537  5292 322786.484   76  378 321600.776 324362.223  0.86%  68.9 4515s
  8554  5309 322214.636   93  367 321600.776 324362.223  0.86%  68.9 4520s
  8569  5323 321914.391  108  369 321600.776 324362.223  0.86%  68.9 4525s
  8593  5337 323521.896   37  386 321600.776 324359.821  0.86%  69.0 4534s
  8594  5338 323507.159   38  380 321600.776 324359.821  0.86%  69.0 4535s
  8603  5347 323106.821   47  377 321600.776 324359.821  0.86%  69.1 4540s
  8610  5354 322885.452   54  380 321600.776 324359.821  0.86%  69.1 4545s
  8629  5373 322282.823   73  355 321600.776 324359.821  0.86%  69.0 4550s
  8640  5382 321729.298   84  351 321600.776 324359.821  0.86%  69.0 4555s
  8658  5385 323598.617   32  381 321600.776 324359.119  0.86%  69.1 4564s
  8659  5386 323598.515   33  381 321600.776 324359.119  0.86%  69.1 4566s
  8663  5390 323405.991   37  369 321600.776 324359.119  0.86%  69.1 4572s
  8672  5399 323146.155   46  367 321600.776 324359.119  0.86%  69.1 4575s
  8693  5420 322466.932   67  318 321600.776 324359.119  0.86%  69.1 4580s
  8716  5443 321967.893   90  272 321600.776 324359.119  0.86%  69.0 4585s
  8752  5460 323470.077   32  387 321600.776 324347.666  0.85%  69.1 4597s
  8754  5462 323463.095   34  387 321600.776 324347.666  0.85%  69.1 4601s
  8764  5472 323166.536   44  385 321600.776 324347.666  0.85%  69.1 4605s
  8776  5484 322736.900   56  374 321600.776 324347.666  0.85%  69.1 4611s
  8784  5492 322461.357   64  363 321600.776 324347.666  0.85%  69.1 4615s
  8804  5512 321984.731   84  343 321600.776 324347.666  0.85%  69.0 4620s
  8826  5526 321657.168  100  320 321600.776 324347.666  0.85%  69.0 4626s
  8828  5526 323647.806   39  381 321600.776 324346.533  0.85%  69.2 4633s
  8831  5529 323513.251   42  377 321600.776 324346.533  0.85%  69.2 4635s
  8836  5534 323377.791   47  391 321600.776 324346.533  0.85%  69.2 4640s
  8851  5549 323307.682   52  377 321600.776 324346.533  0.85%  69.2 4645s
  8866  5564 323030.627   64  362 321600.776 324346.533  0.85%  69.2 4651s
  8873  5571 322884.974   68  349 321600.776 324346.533  0.85%  69.2 4655s
  8895  5593 322728.879   83  339 321600.776 324346.533  0.85%  69.2 4660s
  8906  5604 322573.434   89  336 321600.776 324346.533  0.85%  69.2 4665s
  8927  5625 322350.800  103  317 321600.776 324346.533  0.85%  69.2 4670s
  8938  5636 322171.538  108  311 321600.776 324346.533  0.85%  69.2 4675s
  8962  5660 321886.089  123  292 321600.776 324346.533  0.85%  69.2 4680s
  8967  5662 321779.738  125  302 321600.776 324346.533  0.85%  69.1 4685s
  8996  5688     cutoff  146      321600.776 324346.533  0.85%  69.1 4690s
  9000  5686 323600.377   36  393 321600.776 324346.533  0.85%  69.3 4696s
  9008  5694 323372.788   44  396 321600.776 324346.533  0.85%  69.3 4700s
  9024  5710 322951.039   60  379 321600.776 324346.533  0.85%  69.3 4706s
  9038  5724 322549.398   74  365 321600.776 324346.533  0.85%  69.3 4710s
  9050  5736 322159.931   86  353 321600.776 324346.533  0.85%  69.3 4715s
  9063  5748 321795.347   99  352 321600.776 324346.533  0.85%  69.2 4720s
  9076  5750 323622.555   36  383 321600.776 324335.691  0.85%  69.4 4727s
  9077  5751 323614.957   37  380 321600.776 324335.691  0.85%  69.4 4730s
  9089  5763 323273.750   49  390 321600.776 324335.691  0.85%  69.4 4735s
  9105  5779 323018.844   65  383 321600.776 324335.691  0.85%  69.4 4740s
  9119  5793 322546.005   79  379 321600.776 324335.691  0.85%  69.4 4745s
  9126  5800 322440.203   86  382 321600.776 324335.691  0.85%  69.4 4750s
  9138  5812 322111.909   98  373 321600.776 324335.691  0.85%  69.4 4755s
  9150  5822 321852.412  110  357 321600.776 324335.691  0.85%  69.4 4760s
  9170  5831 323511.220   39  379 321600.776 324307.070  0.84%  69.5 4769s
  9171  5832 323496.443   40  372 321600.776 324307.070  0.84%  69.5 4771s
  9180  5841 323170.402   49  390 321600.776 324307.070  0.84%  69.5 4775s
  9183  5844 323081.872   52  393 321600.776 324307.070  0.84%  69.5 4780s
  9203  5864 322668.349   72  377 321600.776 324307.070  0.84%  69.5 4785s
  9214  5875 322311.826   83  362 321600.776 324307.070  0.84%  69.5 4790s
  9230  5890 321897.696   99  358 321600.776 324307.070  0.84%  69.5 4795s
  9241  5891 323547.708   35  390 321600.776 324307.070  0.84%  69.7 4803s
  9242  5892 323538.922   36  386 321600.776 324307.070  0.84%  69.7 4805s
  9247  5897 323398.243   41  379 321600.776 324307.070  0.84%  69.7 4810s
  9265  5915 323057.168   59  378 321600.776 324307.070  0.84%  69.7 4816s
  9275  5925 322817.713   69  372 321600.776 324307.070  0.84%  69.7 4820s
  9295  5945 322299.621   89  363 321600.776 324307.070  0.84%  69.6 4825s
  9300  5950 322128.311   94  362 321600.776 324307.070  0.84%  69.6 4830s
  9317  5967 321863.486  111  353 321600.776 324307.070  0.84%  69.6 4835s
  9337  5977 323505.427   35  390 321600.776 324281.941  0.83%  69.7 4844s
  9338  5978 323496.412   36  389 321600.776 324281.941  0.83%  69.7 4846s
  9345  5985 323206.452   43  369 321600.776 324281.941  0.83%  69.7 4850s
  9363  6003 322647.372   61  339 321600.776 324281.941  0.83%  69.7 4855s
  9384  6024 322045.894   82  298 321600.776 324281.941  0.83%  69.7 4860s
  9402  6041 321652.874  100  253 321600.776 324281.941  0.83%  69.6 4865s
  9413  6041 323544.157   33  374 321600.776 324281.941  0.83%  69.8 4873s
  9417  6045 323395.752   37  371 321600.776 324281.941  0.83%  69.8 4875s
  9437  6065 322906.576   57  371 321600.776 324281.941  0.83%  69.8 4880s
  9454  6082 322446.240   74  369 321600.776 324281.941  0.83%  69.7 4885s
  9470  6098 322152.367   90  358 321600.776 324281.941  0.83%  69.7 4890s
  9485  6113 321925.199  105  352 321600.776 324281.941  0.83%  69.7 4895s
  9501  6119 323526.716   33  372 321600.776 324253.728  0.82%  69.8 4904s
  9502  6120 323526.298   34  372 321600.776 324253.728  0.82%  69.8 4905s
  9510  6128 323205.712   42  371 321600.776 324253.728  0.82%  69.8 4910s
  9523  6141 322862.494   55  370 321600.776 324253.728  0.82%  69.8 4915s
  9543  6161 322301.162   75  368 321600.776 324253.728  0.82%  69.8 4922s
  9551  6169 321932.544   83  350 321600.776 324253.728  0.82%  69.8 4925s
  9571  6180 323432.274   40  371 321600.776 324253.728  0.82%  69.9 4934s
  9572  6181 323306.262   41  368 321600.776 324253.728  0.82%  69.9 4936s
  9577  6186 323078.708   43  365 321600.776 324253.728  0.82%  69.9 4940s
  9582  6191 323082.134   45  360 321600.776 324253.728  0.82%  70.0 4945s
  9593  6202 323042.906   49  380 321600.776 324253.728  0.82%  70.0 4951s
  9599  6208 322995.229   51  382 321600.776 324253.728  0.82%  70.0 4955s
  9610  6219 322764.302   55  368 321600.776 324253.728  0.82%  70.1 4961s
  9620  6229 322673.364   59  361 321600.776 324253.728  0.82%  70.1 4965s
  9629  6238 322505.707   62  346 321600.776 324253.728  0.82%  70.1 4970s
  9637  6246 322413.899   64  352 321600.776 324253.728  0.82%  70.1 4975s
  9656  6260 321608.806   74  333 321600.776 324253.728  0.82%  70.1 4981s
  9661  6257 323462.206   40  367 321600.776 324242.933  0.82%  70.3 4987s
  9662  6258 323460.751   41  369 321600.776 324242.933  0.82%  70.3 4990s
  9674  6270 323003.975   53  374 321600.776 324242.933  0.82%  70.3 4995s
  9687  6283 322529.069   66  362 321600.776 324242.933  0.82%  70.3 5000s
  9697  6293 322177.957   76  350 321600.776 324242.933  0.82%  70.3 5005s
  9718  6304     cutoff   90      321600.776 324242.933  0.82%  70.3 5010s
  9729  6302     cutoff   89      321600.776 324242.933  0.82%  70.2 5015s
  9730  6303 323499.732   38  377 321600.776 324241.978  0.82%  70.4 5021s
  9739  6312 323213.952   47  386 321600.776 324241.978  0.82%  70.4 5025s
  9754  6327 322880.808   62  384 321600.776 324241.978  0.82%  70.4 5030s
  9768  6341 322570.903   76  384 321600.776 324241.978  0.82%  70.4 5037s
  9776  6349 322409.904   84  382 321600.776 324241.978  0.82%  70.4 5040s
  9789  6362 322043.777   97  370 321600.776 324241.978  0.82%  70.4 5045s
  9799  6371 321758.888  107  361 321600.776 324241.978  0.82%  70.4 5050s
  9815  6372 323529.676   38  372 321600.776 324166.984  0.80%  70.6 5058s
  9816  6373 323522.275   39  373 321600.776 324166.984  0.80%  70.6 5082s
  9818  6375 323395.001   41  370 321600.776 324166.984  0.80%  70.6 5085s
  9832  6389 323217.672   49  380 321600.776 324166.984  0.80%  70.6 5090s
  9845  6402 322999.731   56  356 321600.776 324166.984  0.80%  70.6 5095s
  9864  6421 322740.071   66  342 321600.776 324166.984  0.80%  70.7 5100s
  9884  6441 322472.028   83  343 321600.776 324166.984  0.80%  70.6 5105s
  9916  6473 322139.260  104  313 321600.776 324166.984  0.80%  70.6 5110s
  9941  6497 321863.858  120  298 321600.776 324166.984  0.80%  70.6 5115s
  9966  6517 321661.201  133  290 321600.776 324166.984  0.80%  70.6 5120s
  9976  6517 324008.934   16  402 321600.776 324166.757  0.80%  70.7 5129s
  9977  6518 323885.766   17  406 321600.776 324166.757  0.80%  70.8 5132s
  9984  6525 323728.944   24  387 321600.776 324166.757  0.80%  70.8 5135s
 10000  6541 323181.391   40  349 321600.776 324166.757  0.80%  70.8 5140s
 10017  6558 322668.823   57  324 321600.776 324166.757  0.80%  70.8 5145s
 10063  6604 321894.922  103  204 321600.776 324166.757  0.80%  70.7 5150s
 10128  6651 323865.392   16  423 321600.776 324126.460  0.79%  70.5 5158s
 10129  6652 323861.949   17  424 321600.776 324126.460  0.79%  70.5 5160s
 10141  6664 323717.515   23  389 321600.776 324126.460  0.79%  70.5 5166s
 10152  6675 323550.396   28  376 321600.776 324126.460  0.79%  70.6 5170s
 10161  6684 323625.415   33  375 321600.776 324126.460  0.79%  70.6 5175s
 10172  6695 323383.776   38  365 321600.776 324126.460  0.79%  70.6 5180s
 10181  6704 323380.196   43  367 321600.776 324126.460  0.79%  70.7 5185s
 10192  6715 323103.643   48  343 321600.776 324126.460  0.79%  70.7 5190s
 10200  6723 323127.240   52  333 321600.776 324126.460  0.79%  70.8 5195s
 10209  6732 323116.353   57  338 321600.776 324126.460  0.79%  70.8 5200s
 10221  6744 322988.326   63  344 321600.776 324126.460  0.79%  70.8 5205s
 10233  6756 322812.205   69  322 321600.776 324126.460  0.79%  70.9 5210s
 10250  6773 322587.686   77  318 321600.776 324126.460  0.79%  70.8 5215s
 10269  6792 322378.596   87  318 321600.776 324126.460  0.79%  70.8 5220s
 10291  6814 322128.528   98  303 321600.776 324126.460  0.79%  70.8 5225s
 10312  6834 321839.059  108  280 321600.776 324126.460  0.79%  70.8 5230s
 10341  6855 321812.294  125  263 321600.776 324126.460  0.79%  70.7 5235s
 10377  6861 323374.407   41  389 321600.776 324126.051  0.79%  70.7 5243s
 10379  6863 323278.932   43  384 321600.776 324126.051  0.79%  70.7 5246s
 10389  6873 323011.365   53  386 321600.776 324126.051  0.79%  70.7 5250s
 10403  6887 322578.533   67  382 321600.776 324126.051  0.79%  70.7 5255s
 10423  6907 322195.223   87  371 321600.776 324126.051  0.79%  70.7 5260s
 10441  6923 321846.809  105  367 321600.776 324126.051  0.79%  70.7 5265s
 10449  6923 323853.935   17  425 321600.776 324125.858  0.79%  70.8 5271s
 10455  6929 323742.301   23  399 321600.776 324125.858  0.79%  70.8 5275s
 10467  6941 323417.175   35  375 321600.776 324125.858  0.79%  70.8 5280s
 10486  6960 322663.506   54  377 321600.776 324125.858  0.79%  70.8 5285s
 10497  6971 322396.651   65  379 321600.776 324125.858  0.79%  70.8 5290s
 10510  6982 321937.367   78  349 321600.776 324125.858  0.79%  70.8 5295s
 10540  6989 323625.425   17  415 321600.776 324122.897  0.78%  70.9 5303s
 10548  6997 323489.945   25  391 321600.776 324122.897  0.78%  70.9 5305s
 10563  7012 322989.097   40  381 321600.776 324122.897  0.78%  70.9 5310s
 10580  7029 322593.635   57  380 321600.776 324122.897  0.78%  70.9 5315s
 10599  7048 322310.154   76  367 321600.776 324122.897  0.78%  70.8 5320s
 10621  7069 321660.353   98  352 321600.776 324122.897  0.78%  70.8 5325s
 10632  7068 323843.582   19  407 321600.776 324122.612  0.78%  71.0 5330s
 10647  7083 323479.987   34  374 321600.776 324122.612  0.78%  71.0 5335s
 10661  7097 323121.761   48  379 321600.776 324122.612  0.78%  71.0 5340s
 10677  7113 322656.814   64  367 321600.776 324122.612  0.78%  71.0 5345s
 10697  7133 322008.310   84  342 321600.776 324122.612  0.78%  71.0 5350s
 10710  7137 323747.973   19  394 321600.776 324118.421  0.78%  71.1 5355s
 10724  7151 323398.668   33  372 321600.776 324118.421  0.78%  71.1 5360s
 10743  7170 323009.894   52  380 321600.776 324118.421  0.78%  71.1 5365s
 10761  7188 322512.108   70  369 321600.776 324118.421  0.78%  71.1 5370s
 10780  7207 321867.141   89  357 321600.776 324118.421  0.78%  71.1 5375s
 10793  7210 323297.968   43  374 321600.776 324115.968  0.78%  71.2 5381s
 10810  7227 322613.196   60  337 321600.776 324115.968  0.78%  71.2 5385s
 10831  7248 322107.138   81  297 321600.776 324115.968  0.78%  71.2 5390s
 10861  7266 323265.708   41  382 321600.776 324115.672  0.78%  71.3 5397s
 10867  7272 323042.246   47  380 321600.776 324115.672  0.78%  71.3 5400s
 10886  7291 322553.681   66  384 321600.776 324115.672  0.78%  71.3 5405s
 10909  7314 322086.705   89  368 321600.776 324115.672  0.78%  71.3 5410s
 10936  7326 323375.713   43  384 321600.776 324103.214  0.78%  71.4 5418s
 10939  7329 323192.774   45  378 321600.776 324103.214  0.78%  71.4 5420s
 10953  7343 323076.720   47  359 321600.776 324103.214  0.78%  71.5 5425s
 10971  7361 322933.191   52  366 321600.776 324103.214  0.78%  71.5 5430s
 10990  7380 322436.474   60  346 321600.776 324103.214  0.78%  71.5 5435s
 11005  7395 322060.016   66  331 321600.776 324103.214  0.78%  71.6 5440s
 11027  7410 321725.322   79  320 321600.776 324103.214  0.78%  71.6 5445s
 11044  7411 323764.043   21  388 321600.776 324102.897  0.78%  71.6 5450s
 11063  7430 323475.513   37  364 321600.776 324102.897  0.78%  71.7 5455s
 11088  7455 323170.228   59  362 321600.776 324102.897  0.78%  71.7 5460s
 11105  7472 322919.311   67  338 321600.776 324102.897  0.78%  71.7 5465s
 11131  7498 322602.177   89  328 321600.776 324102.897  0.78%  71.7 5470s
 11156  7523 322313.104  104  324 321600.776 324102.897  0.78%  71.7 5475s
 11185  7551 322001.684  121  308 321600.776 324102.897  0.78%  71.6 5480s
 11220  7582 321663.569  148  268 321600.776 324102.897  0.78%  71.6 5485s
 11233  7583 323639.301   22  376 321600.776 324102.121  0.78%  71.6 5490s
 11258  7608 323187.328   47  357 321600.776 324102.121  0.78%  71.6 5495s
 11283  7633 322009.165   72  341 321600.776 324102.121  0.78%  71.6 5500s
 11309  7650 323955.982   16  419 321600.776 324101.774  0.78%  71.6 5510s
 11315  7656 323789.758   22  402 321600.776 324101.774  0.78%  71.6 5515s
 11328  7669 323557.711   35  381 321600.776 324101.774  0.78%  71.7 5520s
 11346  7687 323176.869   53  387 321600.776 324101.774  0.78%  71.6 5525s
 11362  7703 322727.024   69  389 321600.776 324101.774  0.78%  71.6 5531s
 11371  7712 322575.461   78  380 321600.776 324101.774  0.78%  71.7 5535s
 11383  7724 322317.861   90  388 321600.776 324101.774  0.78%  71.7 5540s
 11394  7735 321975.462  101  378 321600.776 324101.774  0.78%  71.7 5545s
 11420  7749 323759.706   16  408 321600.776 324066.086  0.77%  71.7 5554s
 11421  7750 323732.799   17  407 321600.776 324066.086  0.77%  71.8 5555s
 11433  7762 323458.420   29  388 321600.776 324066.086  0.77%  71.8 5560s
 11447  7776 323176.966   43  373 321600.776 324066.086  0.77%  71.8 5565s
 11453  7782 323098.044   49  365 321600.776 324066.086  0.77%  71.8 5573s
 11459  7788 322999.823   55  376 321600.776 324066.086  0.77%  71.8 5575s
 11478  7807 322656.963   74  367 321600.776 324066.086  0.77%  71.7 5580s
 11499  7828 322086.747   95  338 321600.776 324066.086  0.77%  71.7 5585s
 11524  7835 323196.654   46  370 321600.776 324065.816  0.77%  71.8 5593s
 11530  7841 322801.440   52  361 321600.776 324065.816  0.77%  71.9 5595s
 11544  7855 322365.700   66  334 321600.776 324065.816  0.77%  71.9 5607s
 11557  7867 321987.378   79  301 321600.776 324065.816  0.77%  71.8 5610s
 11590  7881 323015.217   46  365 321600.776 324057.981  0.76%  71.9 5617s
 11600  7891 322561.406   56  359 321600.776 324057.981  0.76%  71.9 5620s
 11620  7911 322093.394   76  355 321600.776 324057.981  0.76%  71.9 5625s
 11646  7924 323728.011   21  410 321600.776 324056.701  0.76%  71.9 5633s
 11651  7929 323686.303   26  401 321600.776 324056.701  0.76%  71.9 5635s
 11667  7945 323372.486   42  388 321600.776 324056.701  0.76%  72.0 5640s
 11684  7962 322975.968   59  388 321600.776 324056.701  0.76%  72.0 5645s
 11705  7983 322604.831   80  381 321600.776 324056.701  0.76%  71.9 5650s
 11722  8000 322048.034   97  376 321600.776 324056.701  0.76%  71.9 5655s
 11746  8015 323156.890   45  364 321600.776 324056.701  0.76%  72.1 5663s
 11750  8019 322865.488   49  360 321600.776 324056.701  0.76%  72.1 5665s
 11773  8042 322230.386   72  349 321600.776 324056.701  0.76%  72.0 5670s
 11810  8063 323230.686   45  370 321600.776 324055.257  0.76%  72.1 5679s
 11813  8066 323115.424   48  373 321600.776 324055.257  0.76%  72.1 5680s
 11830  8083 322623.886   65  376 321600.776 324055.257  0.76%  72.1 5685s
 11852  8105 322123.448   87  367 321600.776 324055.257  0.76%  72.1 5690s
 11879  8120 323831.428   18  404 321600.776 324054.794  0.76%  72.2 5701s
 11888  8129 323643.961   27  410 321600.776 324054.794  0.76%  72.2 5705s
 11902  8143 323286.438   41  376 321600.776 324054.794  0.76%  72.2 5710s
 11915  8156 322849.707   54  375 321600.776 324054.794  0.76%  72.3 5715s
 11936  8177 322295.630   75  351 321600.776 324054.794  0.76%  72.2 5720s
 11963  8192 323741.564   21  416 321600.776 324054.779  0.76%  72.3 5729s
 11967  8196 323620.746   23  413 321600.776 324054.779  0.76%  72.3 5730s
 11977  8206 323571.391   28  400 321600.776 324054.779  0.76%  72.4 5735s
 11989  8218 323406.674   34  367 321600.776 324054.779  0.76%  72.4 5740s
 12001  8230 323309.246   40  362 321600.776 324054.779  0.76%  72.5 5745s
 12014  8243 323162.531   47  366 321600.776 324054.779  0.76%  72.5 5750s
 12026  8255 323060.418   53  366 321600.776 324054.779  0.76%  72.5 5755s
 12044  8273 322849.521   62  355 321600.776 324054.779  0.76%  72.6 5760s
 12057  8286 322690.067   68  337 321600.776 324054.779  0.76%  72.6 5765s
 12076  8305 322376.735   78  320 321600.776 324054.779  0.76%  72.6 5770s
 12091  8320 322225.121   85  318 321600.776 324054.779  0.76%  72.6 5775s
 12114  8340 321910.574   97  298 321600.776 324054.779  0.76%  72.6 5780s
 12143  8361 321679.724  112  289 321600.776 324054.779  0.76%  72.6 5785s
 12159  8359 323676.201   18  400 321600.776 324050.624  0.76%  72.7 5790s
 12170  8370 323478.276   26  395 321600.776 324050.624  0.76%  72.7 5795s
 12193  8393 323181.666   45  359 321600.776 324050.624  0.76%  72.7 5800s
 12220  8420 322744.265   63  344 321600.776 324050.624  0.76%  72.7 5805s
 12248  8448 322402.566   77  322 321600.776 324050.624  0.76%  72.7 5810s
 12273  8473 321946.237   92  292 321600.776 324050.624  0.76%  72.7 5815s
 12310  8508 321638.726  114  272 321600.776 324050.624  0.76%  72.7 5820s
 12322  8508 323082.503   44  382 321600.776 324049.985  0.76%  72.8 5826s
 12332  8518 322574.026   48  360 321600.776 324049.985  0.76%  72.9 5830s
 12355  8541 321677.261   59  333 321600.776 324049.985  0.76%  72.9 5835s
 12383  8556 323068.372   44  377 321600.776 324031.141  0.76%  73.0 5844s
 12384  8557 323067.359   45  380 321600.776 324031.141  0.76%  73.0 5845s
 12391  8564 322744.063   52  356 321600.776 324031.141  0.76%  73.1 5850s
 12423  8596 321864.172   84  322 321600.776 324031.141  0.76%  73.0 5855s
 12442  8602 323035.072   51  371 321600.776 324029.919  0.76%  73.1 5862s
 12451  8611 322774.022   60  379 321600.776 324029.919  0.76%  73.1 5865s
 12470  8630 322242.589   79  377 321600.776 324029.919  0.76%  73.1 5870s
 12483  8641 322016.856   92  377 321600.776 324029.919  0.76%  73.1 5875s
 12501  8649 323158.117   42  379 321600.776 324029.919  0.76%  73.3 5883s
 12505  8653 323096.022   46  378 321600.776 324029.919  0.76%  73.3 5885s
 12524  8672 322598.492   65  381 321600.776 324029.919  0.76%  73.2 5890s
 12540  8688 322106.428   81  369 321600.776 324029.919  0.76%  73.2 5895s
 12541  8689 322094.221   82  370 321600.776 324029.919  0.76%  73.2 5907s
 12551  8699 321846.755   92  370 321600.776 324029.919  0.76%  73.2 5910s
 12570  8702 323190.681   42  371 321600.776 324029.708  0.76%  73.4 5917s
 12579  8711 322930.759   51  373 321600.776 324029.708  0.76%  73.4 5920s
 12605  8737 322330.191   77  373 321600.776 324029.708  0.76%  73.3 5925s
 12626  8758 321926.884   98  359 321600.776 324029.708  0.76%  73.3 5930s
 12646  8768 323094.956   51  377 321600.776 324026.754  0.75%  73.5 5938s
 12651  8773 322756.425   56  369 321600.776 324026.754  0.75%  73.5 5940s
 12670  8792 322304.797   75  365 321600.776 324026.754  0.75%  73.5 5945s
 12692  8814 321769.177   97  358 321600.776 324026.754  0.75%  73.4 5950s
 12709  8815 323114.468   50  375 321600.776 324026.630  0.75%  73.6 5956s
 12723  8829 322563.428   64  340 321600.776 324026.630  0.75%  73.6 5960s
 12745  8851 322020.973   86  300 321600.776 324026.630  0.75%  73.6 5965s
 12779  8859 323007.408   50  374 321600.776 324017.164  0.75%  73.6 5971s
 12786  8866 322598.766   57  376 321600.776 324017.164  0.75%  73.6 5975s
 12803  8883 322082.285   74  364 321600.776 324017.164  0.75%  73.6 5980s
 12816  8889 323138.869   48  380 321600.776 324016.276  0.75%  73.8 5993s
 12822  8895 322980.175   54  379 321600.776 324016.276  0.75%  73.8 5995s
 12842  8915 322475.661   74  378 321600.776 324016.276  0.75%  73.7 6000s
 12859  8932 321990.743   91  378 321600.776 324016.276  0.75%  73.7 6005s
 12877  8942 321707.107  102  371 321600.776 324016.276  0.75%  73.8 6010s
 12890  8943 323609.926   22  388 321600.776 324015.924  0.75%  73.8 6015s
 12912  8965 323122.847   44  383 321600.776 324015.924  0.75%  73.8 6020s
 12933  8986 321911.376   65  361 321600.776 324015.924  0.75%  73.8 6025s
 12947  8992 323523.331   21  396 321600.776 324015.677  0.75%  73.9 6030s
 12970  9015 323211.128   41  365 321600.776 324015.677  0.75%  73.9 6035s
 13004  9049 322697.542   66  351 321600.776 324015.677  0.75%  73.9 6040s
 13030  9075 322353.204   85  343 321600.776 324015.677  0.75%  73.9 6045s
 13054  9098 322170.580  101  327 321600.776 324015.677  0.75%  73.8 6050s
 13078  9120 321982.472  113  314 321600.776 324015.677  0.75%  73.8 6055s
 13106  9142 321603.402  130  284 321600.776 324015.677  0.75%  73.8 6060s
 13115  9139 323133.493   48  386 321600.776 324010.693  0.75%  73.9 6065s
 13132  9156 322739.769   65  386 321600.776 324010.693  0.75%  73.9 6070s
 13156  9180 322073.028   89  369 321600.776 324010.693  0.75%  73.9 6075s
 13176  9190 321681.430  101  362 321600.776 324010.693  0.75%  73.9 6080s
 13192  9189 323785.387   19  408 321600.776 324008.661  0.75%  74.0 6088s
 13193  9190 323679.419   20  422 321600.776 324008.661  0.75%  74.0 6091s
 13202  9199 323532.500   29  415 321600.776 324008.661  0.75%  74.0 6095s
 13215  9212 323212.485   42  396 321600.776 324008.661  0.75%  74.0 6100s
 13230  9227 322924.686   57  393 321600.776 324008.661  0.75%  74.0 6105s
 13249  9246 322521.526   76  396 321600.776 324008.661  0.75%  74.0 6110s
 13262  9259 322215.698   89  380 321600.776 324008.661  0.75%  74.0 6115s
 13276  9273 321757.341  103  375 321600.776 324008.661  0.75%  74.0 6120s
 13287  9275 323665.074   19  429 321600.776 324008.103  0.75%  74.1 6126s
 13294  9282 323566.387   26  416 321600.776 324008.103  0.75%  74.1 6130s
 13306  9294 323209.095   38  373 321600.776 324008.103  0.75%  74.1 6135s
 13328  9316 322441.234   60  315 321600.776 324008.103  0.75%  74.1 6140s
 13344  9330 322044.937   76  290 321600.776 324008.103  0.75%  74.1 6145s
 13376  9352 323705.467   17  417 321600.776 324006.651  0.75%  74.1 6151s
 13387  9363 323444.825   28  417 321600.776 324006.651  0.75%  74.1 6155s
 13404  9380 323044.866   45  402 321600.776 324006.651  0.75%  74.1 6160s
 13421  9397 322718.195   62  389 321600.776 324006.651  0.75%  74.1 6165s
 13439  9414 322233.096   80  386 321600.776 324006.651  0.75%  74.1 6170s
 13457  9432 321991.223   98  393 321600.776 324006.651  0.75%  74.1 6175s
 13479  9444 323671.495   17  420 321600.776 324006.651  0.75%  74.1 6183s
 13483  9448 323583.540   21  406 321600.776 324006.651  0.75%  74.2 6185s
 13496  9461 322984.927   34  391 321600.776 324006.651  0.75%  74.2 6190s
 13508  9473 322567.247   46  373 321600.776 324006.651  0.75%  74.2 6195s
 13528  9492 321942.192   66  345 321600.776 324006.651  0.75%  74.1 6200s
 13539  9496 323795.702   17  427 321600.776 323999.372  0.75%  74.2 6208s
 13540  9497 323762.492   18  417 321600.776 323999.372  0.75%  74.2 6211s
 13542  9499 323707.312   20  414 321600.776 323999.372  0.75%  74.2 6221s
 13553  9510 323433.591   31  407 321600.776 323999.372  0.75%  74.2 6225s
 13565  9522 323231.702   43  399 321600.776 323999.372  0.75%  74.2 6230s
 13576  9533 322891.809   54  410 321600.776 323999.372  0.75%  74.2 6235s
 13586  9543 322730.669   64  400 321600.776 323999.372  0.75%  74.2 6240s
 13588  9545 322673.622   66  401 321600.776 323999.372  0.75%  74.2 6255s
 13599  9556 322377.506   77  402 321600.776 323999.372  0.75%  74.2 6260s
 13608  9565 322135.032   86  393 321600.776 323999.372  0.75%  74.3 6265s
 13626  9583 321717.358  104  388 321600.776 323999.372  0.75%  74.2 6270s
 13630  9585 321627.144  108  383 321600.776 323999.372  0.75%  74.2 6275s
 13634  9583 323068.673   47  372 321600.776 323996.226  0.74%  74.4 6281s
 13643  9592 322918.115   52  375 321600.776 323996.226  0.74%  74.4 6285s
 13656  9605 322648.162   58  357 321600.776 323996.226  0.74%  74.4 6290s
 13674  9623 322390.638   67  348 321600.776 323996.226  0.74%  74.4 6295s
 13686  9635 322241.912   73  343 321600.776 323996.226  0.74%  74.4 6300s
 13695  9644 322205.776   78  336 321600.776 323996.226  0.74%  74.4 6305s
 13714  9663 321926.283   87  323 321600.776 323996.226  0.74%  74.5 6310s
 13742  9688 321702.992  101  308 321600.776 323996.226  0.74%  74.4 6315s
 13758  9691 323079.111   47  378 321600.776 323992.788  0.74%  74.5 6322s
 13760  9693 323058.915   49  378 321600.776 323992.788  0.74%  74.5 6325s
 13775  9708 322699.908   64  378 321600.776 323992.788  0.74%  74.5 6330s
 13800  9733 322017.476   89  376 321600.776 323992.788  0.74%  74.5 6335s
 13811  9743 321842.502  100  376 321600.776 323992.788  0.74%  74.5 6340s
 13826  9744 323592.658   21  411 321600.776 323991.653  0.74%  74.6 6349s
 13827  9745 323569.443   22  410 321600.776 323991.653  0.74%  74.6 6351s
 13838  9756 323329.687   33  401 321600.776 323991.653  0.74%  74.6 6355s
 13848  9766 322908.555   43  381 321600.776 323991.653  0.74%  74.6 6360s
 13863  9781 322477.903   58  362 321600.776 323991.653  0.74%  74.6 6365s
 13877  9794 321833.520   72  349 321600.776 323991.653  0.74%  74.6 6370s
 13898  9804 323485.234   22  415 321600.776 323991.029  0.74%  74.7 6378s
 13900  9806 323403.412   24  416 321600.776 323991.029  0.74%  74.7 6380s
 13911  9817 323126.839   35  375 321600.776 323991.029  0.74%  74.7 6385s
 13923  9829 322681.867   47  355 321600.776 323991.029  0.74%  74.7 6390s
 13948  9854 322115.980   72  292 321600.776 323991.029  0.74%  74.7 6395s
 13971  9877 321688.848   95  240 321600.776 323991.029  0.74%  74.6 6400s
 13996  9886 323710.644   23  426 321600.776 323990.804  0.74%  74.7 6407s
 14000  9890 323654.303   27  428 321600.776 323990.804  0.74%  74.7 6410s
 14016  9906 323456.632   41  396 321600.776 323990.804  0.74%  74.7 6416s
 14030  9920 323319.738   49  383 321600.776 323990.804  0.74%  74.7 6420s
 14039  9929 323131.840   52  382 321600.776 323990.804  0.74%  74.7 6425s
 14054  9944 323190.258   57  377 321600.776 323990.804  0.74%  74.7 6430s
 14074  9964 322935.674   58  373 321600.776 323990.804  0.74%  74.8 6435s
 14090  9980 322859.391   70  365 321600.776 323990.804  0.74%  74.8 6440s
 14104  9994 322747.225   78  352 321600.776 323990.804  0.74%  74.8 6445s
 14129 10019 322463.983   91  325 321600.776 323990.804  0.74%  74.8 6450s
 14151 10041 322310.291  101  312 321600.776 323990.804  0.74%  74.8 6455s
 14170 10060 322209.325  109  314 321600.776 323990.804  0.74%  74.7 6460s
 14201 10091 321971.562  120  297 321600.776 323990.804  0.74%  74.7 6465s
 14202 10092 321955.847  121  297 321600.776 323990.804  0.74%  74.7 6505s
 14244 10127     cutoff  152      321600.776 323990.804  0.74%  74.6 6510s
 14250 10123 323642.857   23  420 321600.776 323990.479  0.74%  74.7 6515s
 14259 10132 323466.805   32  406 321600.776 323990.479  0.74%  74.7 6520s
 14273 10146 323169.926   46  390 321600.776 323990.479  0.74%  74.7 6525s
 14293 10166 322797.636   66  384 321600.776 323990.479  0.74%  74.7 6531s
 14302 10175 322649.471   75  383 321600.776 323990.479  0.74%  74.6 6545s
 14316 10189 322331.526   89  377 321600.776 323990.479  0.74%  74.6 6550s
 14329 10200 321849.328  102  377 321600.776 323990.479  0.74%  74.7 6555s
 14358 10210 323666.216   23  421 321600.776 323988.689  0.74%  74.7 6565s
 14362 10214 323446.345   27  409 321600.776 323988.689  0.74%  74.8 6570s
 14375 10227 323158.811   40  411 321600.776 323988.689  0.74%  74.8 6575s
 14392 10244 322761.498   57  390 321600.776 323988.689  0.74%  74.8 6580s
 14408 10260 322273.509   73  383 321600.776 323988.689  0.74%  74.8 6585s
 14434 10275 323587.963   19  407 321600.776 323987.353  0.74%  74.8 6593s
 14435 10276 323546.900   20  408 321600.776 323987.353  0.74%  74.8 6595s
 14445 10286 323379.469   30  406 321600.776 323987.353  0.74%  74.8 6600s
 14455 10296 323132.607   40  395 321600.776 323987.353  0.74%  74.8 6606s
 14463 10304 322967.651   48  398 321600.776 323987.353  0.74%  74.8 6610s
 14485 10326 322587.752   70  382 321600.776 323987.353  0.74%  74.8 6615s
 14502 10343 322159.349   87  375 321600.776 323987.353  0.74%  74.8 6620s
 14522 10363 321723.012  107  366 321600.776 323987.353  0.74%  74.8 6625s
 14535 10365 323481.667   20  415 321600.776 323987.116  0.74%  74.9 6632s
 14542 10372 323387.226   27  408 321600.776 323987.116  0.74%  74.9 6635s
 14550 10380 323145.711   35  402 321600.776 323987.116  0.74%  74.9 6640s
 14559 10389 322926.185   44  367 321600.776 323987.116  0.74%  74.9 6645s
 14577 10407 322150.404   62  355 321600.776 323987.116  0.74%  74.9 6650s
 14597 10427 321666.309   82  347 321600.776 323987.116  0.74%  74.9 6655s
 14604 10426 323610.186   18  415 321600.776 323986.208  0.74%  75.0 6660s
 14610 10432 323566.959   21  402 321600.776 323986.208  0.74%  75.0 6665s
 14620 10442 323334.741   23  402 321600.776 323986.208  0.74%  75.0 6670s
 14628 10450 323227.182   26  394 321600.776 323986.208  0.74%  75.1 6677s
 14637 10459 322925.176   30  381 321600.776 323986.208  0.74%  75.1 6680s
 14652 10474 322746.134   38  375 321600.776 323986.208  0.74%  75.1 6685s
 14664 10486 322412.913   41  349 321600.776 323986.208  0.74%  75.1 6690s
 14686 10508 321830.504   53  316 321600.776 323986.208  0.74%  75.2 6695s
 14703 10512 323686.290   19  425 321600.776 323983.602  0.74%  75.2 6702s
 14709 10518 323662.735   25  417 321600.776 323983.602  0.74%  75.2 6705s
 14722 10531 323308.466   38  366 321600.776 323983.602  0.74%  75.2 6710s
 14740 10549 322640.070   56  320 321600.776 323983.602  0.74%  75.2 6715s
 14775 10584 321904.968   91  229 321600.776 323983.602  0.74%  75.2 6720s
 14820 10615 323623.416   21  414 321600.776 323978.295  0.74%  75.2 6727s
 14825 10620 323596.823   26  410 321600.776 323978.295  0.74%  75.1 6730s
 14833 10628 323373.557   34  400 321600.776 323978.295  0.74%  75.2 6735s
 14847 10642 323075.318   48  396 321600.776 323978.295  0.74%  75.2 6740s
 14864 10659 322753.348   65  394 321600.776 323978.295  0.74%  75.1 6745s
 14882 10677 322383.427   83  390 321600.776 323978.295  0.74%  75.1 6750s
 14895 10690 322102.270   96  368 321600.776 323978.295  0.74%  75.1 6755s
 14915 10698 323573.619   20  412 321600.776 323976.887  0.74%  75.2 6763s
 14917 10700 323546.099   22  405 321600.776 323976.887  0.74%  75.2 6766s
 14929 10712 323256.589   34  405 321600.776 323976.887  0.74%  75.2 6770s
 14940 10723 323000.377   45  402 321600.776 323976.887  0.74%  75.3 6775s
 14957 10740 322764.467   62  388 321600.776 323976.887  0.74%  75.2 6780s
 14973 10756 322181.412   78  380 321600.776 323976.887  0.74%  75.2 6785s
 14985 10766 321819.693   90  378 321600.776 323976.887  0.74%  75.2 6790s
 15001 10770 323466.196   21  416 321600.776 323974.750  0.74%  75.3 6797s
 15007 10776 323320.468   27  405 321600.776 323974.750  0.74%  75.3 6800s
 15019 10788 323054.663   39  380 321600.776 323974.750  0.74%  75.3 6805s
 15030 10799 322833.244   50  396 321600.776 323974.750  0.74%  75.3 6824s
 15033 10802 322780.731   53  389 321600.776 323974.750  0.74%  75.3 6825s
 15051 10820 322476.243   71  382 321600.776 323974.750  0.74%  75.3 6830s
 15073 10842 322055.918   93  369 321600.776 323974.750  0.74%  75.3 6835s
 15094 10847     cutoff  103      321600.776 323974.750  0.74%  75.3 6840s
 15095 10848 323496.164   24  416 321600.776 323973.417  0.74%  75.4 6845s
 15103 10856 323270.023   32  397 321600.776 323973.417  0.74%  75.4 6850s
 15121 10874 322855.679   50  374 321600.776 323973.417  0.74%  75.4 6855s
 15141 10894 322494.631   70  375 321600.776 323973.417  0.74%  75.4 6860s
 15156 10909 322070.465   85  371 321600.776 323973.417  0.74%  75.4 6865s
 15175 10918 323560.945   22  415 321600.776 323973.352  0.74%  75.4 6873s
 15176 10919 323537.300   23  412 321600.776 323973.352  0.74%  75.4 6875s
 15185 10928 323378.771   28  400 321600.776 323973.352  0.74%  75.5 6880s
 15199 10942 323177.744   40  378 321600.776 323973.352  0.74%  75.5 6885s
 15221 10964 322873.945   60  370 321600.776 323973.352  0.74%  75.5 6890s
 15241 10984 322627.467   70  351 321600.776 323973.352  0.74%  75.5 6895s
 15263 11006 322334.808   84  337 321600.776 323973.352  0.74%  75.5 6900s
 15284 11027 322061.710   96  319 321600.776 323973.352  0.74%  75.5 6905s
 15309 11048 321858.354  111  314 321600.776 323973.352  0.74%  75.5 6910s
 15343 11074     cutoff  128      321600.776 323973.352  0.74%  75.4 6915s
 15347 11074 323581.474   18  414 321600.776 323973.352  0.74%  75.5 6920s
 15358 11085 323304.205   29  400 321600.776 323973.352  0.74%  75.5 6925s
 15368 11095 323144.939   39  399 321600.776 323973.352  0.74%  75.5 6930s
 15381 11108 322862.127   52  393 321600.776 323973.352  0.74%  75.5 6935s
 15397 11124 322367.008   68  379 321600.776 323973.352  0.74%  75.5 6940s
 15414 11140 321833.602   85  363 321600.776 323973.352  0.74%  75.5 6945s
 15424 11143 323729.247   17  426 321600.776 323973.108  0.74%  75.6 6951s
 15433 11152 323539.457   26  397 321600.776 323973.108  0.74%  75.6 6955s
 15445 11164 323203.283   38  360 321600.776 323973.108  0.74%  75.6 6960s
 15464 11183 322615.868   57  317 321600.776 323973.108  0.74%  75.6 6965s
 15487 11206 321926.201   80  249 321600.776 323973.108  0.74%  75.5 6970s
 15525 11230 322944.516   52  375 321600.776 323971.920  0.74%  75.6 6979s
 15527 11232 322816.689   54  368 321600.776 323971.920  0.74%  75.6 6980s
 15542 11247 322244.226   69  354 321600.776 323971.920  0.74%  75.6 6985s
 15559 11262 321709.753   86  350 321600.776 323971.920  0.74%  75.6 6990s
 15573 11263 323474.505   23  418 321600.776 323969.434  0.74%  75.6 6996s
 15582 11272 323330.191   28  405 321600.776 323969.434  0.74%  75.7 7000s
 15598 11288 323208.661   36  392 321600.776 323969.434  0.74%  75.7 7005s
 15614 11304 323076.473   44  362 321600.776 323969.434  0.74%  75.7 7010s
 15626 11316 323012.103   50  354 321600.776 323969.434  0.74%  75.7 7015s
 15642 11332 322746.234   58  353 321600.776 323969.434  0.74%  75.7 7020s
 15661 11351 322520.742   67  352 321600.776 323969.434  0.74%  75.7 7025s
 15677 11367 322427.380   75  344 321600.776 323969.434  0.74%  75.7 7030s
 15689 11379 322086.078   81  331 321600.776 323969.434  0.74%  75.8 7035s
 15709 11399 321987.293   91  316 321600.776 323969.434  0.74%  75.8 7040s
 15731 11417 321786.460  103  307 321600.776 323969.434  0.74%  75.8 7045s
 15771 11430 323590.517   18  413 321600.776 323968.528  0.74%  75.8 7054s
 15773 11432 323560.624   20  405 321600.776 323968.528  0.74%  75.8 7055s
 15786 11445 323019.872   33  380 321600.776 323968.528  0.74%  75.8 7060s
 15802 11461 322436.860   49  353 321600.776 323968.528  0.74%  75.8 7065s
 15827 11486 321883.880   74  333 321600.776 323968.528  0.74%  75.8 7070s
 15844 11491 323677.766   19  418 321600.776 323967.408  0.74%  75.9 7077s
 15851 11498 323536.765   26  415 321600.776 323967.408  0.74%  75.9 7080s
 15867 11514 323218.929   42  404 321600.776 323967.408  0.74%  75.9 7085s
 15886 11533 322907.210   61  399 321600.776 323967.408  0.74%  75.9 7090s
 15903 11550 322459.076   78  397 321600.776 323967.408  0.74%  75.9 7095s
 15915 11562 322015.257   90  382 321600.776 323967.408  0.74%  75.9 7100s
 15929 11574 321652.530  104  383 321600.776 323967.408  0.74%  75.9 7105s
 15934 11571 323619.427   24  415 321600.776 323964.502  0.73%  76.0 7110s
 15944 11581 323381.009   27  401 321600.776 323964.502  0.73%  76.0 7115s

Cutting planes:
  Learned: 1
  Gomory: 4
  MIR: 1388
  Flow cover: 1200
  RLT: 12
  Relax-and-lift: 2
  Lazy constraints: 5000

Explored 15958 nodes (1212664 simplex iterations) in 7118.81 seconds (5596.19 work units)
Thread count was 1 (of 52 available processors)

Solution count 10: 321601 321559 321530 ... 316072

Time limit reached
Best objective 3.216007764328e+05, best bound 3.239645016611e+05, gap 0.7350%

User-callback calls 363584, time in user-callback 6.36 sec

CPU time spent in the second stage: 7118.81 sec
The LP relaxation bound at the root node: 425237.493190
Termination status of the second stage: TIME_LIMIT

------------------ end of the second stage -----------------

Total CPU time: 7200.17 sec
Percentage optimality gap: 0.73 %
CPU time spent in separating the cuts: 44.56 sec
Number of explored nodes: 15958
Objective value of the returned solution: 321600.776433
Optimal facility locations: [60, 100, 119, 120, 146, 147, 192, 229, 246, 249, 285, 332, 341, 404, 448, 480, 496, 525, 542, 551, 556, 560, 592, 594, 653, 673, 676, 695, 717, 720, 733, 780, 817, 821, 828, 834, 865, 873, 880, 912, 926, 971, 979, 995, 1013, 1052, 1071, 1072, 1079, 1116, 1127, 1143, 1148, 1177, 1277, 1294, 1309, 1316, 1371, 1375, 1383, 1395, 1433, 1440, 1465, 1466, 1484, 1485, 1489, 1492, 1499, 1537, 1540, 1542, 1551, 1567, 1580, 1589, 1613, 1614, 1649, 1674, 1680, 1713, 1716, 1822, 1824, 1891, 1902, 1913, 1917, 1926, 1933, 1937, 1963, 1964, 1969, 1982, 1998]

@end of file
