Set parameter TimeLimit to value 7200
Setting sB&C+LSI: The proposed B&C algorithm based on formulation (40) (equipped with the lifted submodular inequalities), with only the second stage implemented
Gurobi Optimizer version 11.0.1 build v11.0.1rc0 (linux64 - "CentOS Linux 7 (Core)")

CPU model: Intel(R) Xeon(R) Gold 6230R CPU @ 2.10GHz, instruction set [SSE2|AVX|AVX2|AVX512]
Thread count: 52 physical cores, 52 logical processors, using up to 1 threads

Optimize a model with 2000 rows, 3000 columns and 2000 nonzeros
Model fingerprint: 0xdf51eab3
Variable types: 2000 continuous, 1000 integer (1000 binary)
Coefficient statistics:
  Matrix range     [1e+00, 1e+00]
  Objective range  [1e+01, 2e+03]
  Bounds range     [0e+00, 0e+00]
  RHS range        [2e-05, 1e+00]
Found heuristic solution: objective -2.02207e+15
Presolve removed 2000 rows and 0 columns
Presolve time: 0.00s
Presolved: 0 rows, 3000 columns, 0 nonzeros
Variable types: 2000 continuous, 1000 integer (1000 binary)
Found heuristic solution: objective -2.02207e+15

Root relaxation: objective 8.320697e+05, 0 iterations, 0.00 seconds (0.00 work units)

    Nodes    |    Current Node    |     Objective Bounds      |     Work
 Expl Unexpl |  Obj  Depth IntInf | Incumbent    BestBd   Gap | It/Node Time

     0     0 832069.718    0    - -2.022e+15 832069.718   100%     -    1s
     0     0 719325.121    0  121 -2.022e+15 719325.121   100%     -    2s
H    0     0                    318765.71194 719325.121   126%     -    3s
     0     0 531999.673    0  190 318765.712 531999.673  66.9%     -    6s
H    0     0                    392222.46383 531992.540  35.6%     -    7s
H    0     0                    392465.72661 531992.540  35.6%     -    8s
     0     2 460118.733    0  142 392465.727 460118.733  17.2%     -   10s
    28    30 441303.572   15  149 392465.727 460028.225  17.2%  52.5   15s
    63    65 435367.214   36  168 392465.727 460028.225  17.2%  69.4   20s
   135   137 430578.595   92  111 392465.727 460028.225  17.2%  54.0   25s
   227   229 427091.251  155   37 392465.727 460028.225  17.2%  41.7   30s
*  277   261             196    425807.82639 460028.225  8.04%  35.3   32s
   299   279 433552.685   17  160 425807.826 460014.966  8.03%  43.4   35s
   399   379 430203.377   97   39 425807.826 460014.966  8.03%  38.9   40s
*  447   367             137    427889.66764 460014.966  7.51%  35.7   43s
   460   378 434023.147   10  173 427889.668 459911.315  7.48%  40.3   45s
   517   434 435945.290   12  190 427889.668 459911.315  7.48%  38.4  138s
   519   435 434751.865   10  186 427889.668 434751.865  1.60%  38.2  155s
   520   436 429366.519  124  119 427889.668 433335.013  1.27%  38.2  161s
   522   437 432725.612   41  123 427889.668 433322.409  1.27%  38.0  166s
   524   439 433149.357    5  105 427889.668 433149.357  1.23%  37.9  170s
H  527   418                    432706.69580 433124.425  0.10%  37.7  176s
   532   422 432706.696  101  190 432706.696 433124.425  0.10%  46.1  318s
   534   423 432706.696  135  185 432706.696 433124.425  0.10%  46.0  331s
   535   424 433124.425   26   84 432706.696 433124.425  0.10%  45.9  336s
H  538   404                    432930.31522 433124.425  0.04%  45.6  342s
   539   405 432930.315   97   81 432930.315 433124.425  0.04%  45.5  345s
   540   405 433114.500   45   75 432930.315 433114.500  0.04%  45.4  350s
   543   407 432930.315  134   83 432930.315 433104.827  0.04%  45.2  359s
   545   409 432930.315   58   77 432930.315 433104.827  0.04%  45.0  362s
H  545   388                    433034.43085 433104.477  0.02%  45.0  367s
   548   390 433034.431   46   75 433034.431 433104.477  0.02%  44.8  371s
   553   394 433034.431   99  190 433034.431 433104.477  0.02%  52.6  499s
   555   395 433034.431  137  170 433034.431 433104.477  0.02%  52.4  508s
   556   396 433034.431   77   71 433034.431 433104.477  0.02%  52.3  512s
   560   399 433034.431  129   72 433034.431 433104.477  0.02%  51.9  515s
   561   399 433034.431  130   72 433034.431 433103.774  0.02%  51.8  523s
   562   400 433103.774    6   71 433034.431 433103.774  0.02%  51.7  526s
   569   405 433100.345   22   67 433034.431 433100.345  0.02%  51.1  530s
*  577   383              32    433098.76627 433098.766  0.00%  57.7  532s

Cutting planes:
  Gomory: 45
  Lift-and-project: 14
  Cover: 24
  Implied bound: 5
  MIR: 144
  Mixing: 3
  StrongCG: 1
  Flow cover: 819
  RLT: 20
  Relax-and-lift: 2
  BQP: 3
  Lazy constraints: 2

Explored 578 nodes (36955 simplex iterations) in 532.56 seconds (204.42 work units)
Thread count was 1 (of 52 available processors)

Solution count 10: 433099 433034 432930 ... -2.02207e+15

Optimal solution found (tolerance 0.00e+00)
Best objective 4.330987662699e+05, best bound 4.330987662699e+05, gap 0.0000%

User-callback calls 43328, time in user-callback 2.07 sec

Total CPU time: 532.56 sec
Termination status: OPTIMAL
Percentage optimality gap: 0.00 %
Number of explored nodes: 578
Objective value of the returned solution: 433098.766270
The LP relaxation bound at the root node: 460118.732539
Optimal facility locations: [1, 16, 29, 43, 58, 61, 71, 98, 122, 138, 170, 174, 178, 190, 192, 194, 197, 213, 215, 221, 234, 242, 246, 247, 256, 269, 272, 274, 280, 287, 289, 295, 318, 336, 346, 363, 376, 390, 413, 415, 421, 432, 440, 465, 474, 481, 498, 525, 560, 568, 594, 606, 609, 632, 643, 646, 658, 660, 672, 690, 704, 711, 716, 722, 732, 733, 735, 738, 741, 743, 746, 765, 779, 781, 782, 787, 837, 839, 846, 850, 854, 858, 865, 868, 890, 900, 913, 937, 942, 962, 979, 988, 994]

@end of file
