Set parameter TimeLimit to value 7200
Setting sB&C+LSI: The proposed B&C algorithm based on formulation (40) (equipped with the lifted submodular inequalities), with only the second stage implemented
Gurobi Optimizer version 11.0.1 build v11.0.1rc0 (linux64 - "CentOS Linux 7 (Core)")

CPU model: Intel(R) Xeon(R) Gold 6230R CPU @ 2.10GHz, instruction set [SSE2|AVX|AVX2|AVX512]
Thread count: 52 physical cores, 52 logical processors, using up to 1 threads

Optimize a model with 3000 rows, 4000 columns and 3000 nonzeros
Model fingerprint: 0x497576c8
Variable types: 3000 continuous, 1000 integer (1000 binary)
Coefficient statistics:
  Matrix range     [1e+00, 1e+00]
  Objective range  [1e+01, 2e+03]
  Bounds range     [0e+00, 0e+00]
  RHS range        [3e-06, 1e+00]
Found heuristic solution: objective -3.00655e+15
Presolve removed 3000 rows and 0 columns
Presolve time: 0.00s
Presolved: 0 rows, 4000 columns, 0 nonzeros
Variable types: 3000 continuous, 1000 integer (1000 binary)
Found heuristic solution: objective -3.00655e+15

Root relaxation: objective 1.253993e+06, 0 iterations, 0.00 seconds (0.00 work units)

    Nodes    |    Current Node    |     Objective Bounds      |     Work
 Expl Unexpl |  Obj  Depth IntInf | Incumbent    BestBd   Gap | It/Node Time

     0     0 1253993.46    0    - -3.007e+15 1253993.46   100%     -    2s
     0     0 1128480.79    0  130 -3.007e+15 1128480.79   100%     -    4s
H    0     0                    530816.85326 1128480.79   113%     -    5s
     0     0 887551.413    0  235 530816.853 887551.413  67.2%     -   12s
H    0     0                    677661.94782 887542.605  31.0%     -   13s
     0     2 782437.567    0  214 677661.948 782437.567  15.5%     -   20s
    23    25 781713.827   12  208 677661.948 782281.314  15.4%  15.5   25s
    29    31 756507.480   15  235 677661.948 782281.314  15.4%   144   30s
    53    55 755814.477   29  219 677661.948 782281.314  15.4%  90.4   35s
    62    64 745806.783   34  213 677661.948 782281.314  15.4%   125   40s
    83    85 740378.335   46  179 677661.948 782281.314  15.4%   121   45s
   119   121 737243.490   68  176 677661.948 782281.314  15.4%   108   50s
   163   165 733889.736  101  148 677661.948 782281.314  15.4%  89.0   55s
   221   223 730484.288  142   84 677661.948 782281.314  15.4%  72.8   60s
H  288   277                    729097.39275 782281.314  7.29%  58.3   64s
H  289   274                    729105.37622 782281.314  7.29%  58.1   64s
*  290   269             194    729117.43511 782281.314  7.29%  57.9   64s
   291   270 742553.659    3  246 729117.435 782179.236  7.28%  68.9   67s
   325   304 738439.593   30  186 729117.435 782179.236  7.28%  66.5   70s
   397   376 736214.376   88  103 729117.435 782179.236  7.28%  60.6   75s
   459   438 734004.067  134   37 729117.435 782179.236  7.28%  54.6   80s
H  481   352                    733701.24748 782179.236  6.61%  52.6   81s
*  482   348             153    733710.48067 782179.236  6.61%  52.5   81s
   497   357 739377.397   13  221 733710.481 782134.873  6.60%  58.7   85s
   519   378 737031.797   71  235 733710.481 782134.873  6.60%  57.4  261s
   521   379 740549.315   44  235 733710.481 740549.315  0.93%  57.2  291s
   522   380 738717.455   58  239 733710.481 738717.455  0.68%  57.1  302s
   525   382 738594.341   11  221 733710.481 738594.341  0.67%  56.7  311s
   526   383 735079.792   81  206 733710.481 738349.424  0.63%  56.6  324s
   527   383 734181.189  128  147 733710.481 738333.582  0.63%  56.5  325s
   529   385 735141.291   85  156 733710.481 738322.436  0.63%  56.3  331s
   530   385 738234.684   23  168 733710.481 738234.684  0.62%  56.2  339s
   532   387 738234.684    2  169 733710.481 738234.684  0.62%  56.0  343s
   533   387 738221.205   50  170 733710.481 738221.205  0.61%  55.9  347s
   535   389 738202.579   54  159 733710.481 738202.579  0.61%  55.7  351s
   539   391 738194.386   29  157 733710.481 738194.386  0.61%  55.3  355s
   544   396 738060.453   54  235 733710.481 738191.516  0.61%  70.2  658s
   546   397 738191.516   37  235 733710.481 738191.516  0.61%  69.9  681s
   547   398 738191.516   20  243 733710.481 738191.516  0.61%  69.8  692s
   549   399 735226.613   84  135 733710.481 738191.516  0.61%  69.5  695s
   551   401 737779.074   62  136 733710.481 738191.516  0.61%  69.3  702s
H  551   380                    736395.36395 738177.672  0.24%  69.3  711s
   554   382 736395.364  100  162 736395.364 738008.488  0.22%  68.9  719s
H  554   363                    736396.30037 737990.929  0.22%  68.9  728s
   557   365 736396.300  116  168 736396.300 737983.096  0.22%  68.5  730s
   558   365 737607.832   70  146 736396.300 737982.292  0.22%  68.4  736s
   559   366 736396.300   86  156 736396.300 737965.402  0.21%  68.3  745s
   560   367 737965.402   37  156 736396.300 737965.402  0.21%  68.1  752s
   561   367 737961.662   54  192 736396.300 737961.662  0.21%  68.0  761s
   564   369 737961.426   56  190 736396.300 737961.426  0.21%  67.7  765s
   567   371 736396.300  119  188 736396.300 737947.442  0.21%  67.3  771s
   569   373 736396.300  109  188 736396.300 737947.442  0.21%  67.1  775s
   571   376 737911.470   29  179 736396.300 737947.442  0.21%  81.4  780s
   575   379 737937.226   31   87 736396.300 737947.442  0.21%  81.1  785s
   579   381 737709.514   33   63 736396.300 737947.442  0.21%  81.0  790s
   584   385 737826.902   36   29 736396.300 737947.442  0.21%  80.5  795s
*  586   361              37    737826.85188 737947.442  0.02%  80.3  795s
   599   351 737905.228   31  156 737826.852 737933.861  0.01%  79.1  800s
   605   351 737839.007   36   51 737826.852 737933.861  0.01%  78.6  805s
*  620   328              46    737849.10102 737933.861  0.01%  77.0  808s
H  623   302                    737910.74382 737932.585  0.00%  76.7  809s
   624   303 737914.935   34   11 737910.744 737932.585  0.00%  76.7  810s

Cutting planes:
  Gomory: 25
  Lift-and-project: 41
  MIR: 189
  Mixing: 9
  Flow cover: 887
  RLT: 16
  Relax-and-lift: 1
  Lazy constraints: 86

Explored 632 nodes (52652 simplex iterations) in 810.75 seconds (400.55 work units)
Thread count was 1 (of 52 available processors)

Solution count 10: 737911 737849 737827 ... -3.00655e+15

Optimal solution found (tolerance 0.00e+00)
Best objective 7.379107438164e+05, best bound 7.379107438164e+05, gap 0.0000%

User-callback calls 53583, time in user-callback 3.13 sec

Total CPU time: 810.76 sec
Termination status: OPTIMAL
Percentage optimality gap: 0.00 %
Number of explored nodes: 632
Objective value of the returned solution: 737910.743816
The LP relaxation bound at the root node: 782437.567131
Optimal facility locations: [10, 11, 15, 29, 41, 45, 91, 118, 123, 127, 135, 136, 138, 151, 155, 160, 164, 168, 171, 184, 187, 192, 197, 204, 206, 210, 220, 237, 244, 246, 250, 251, 278, 296, 344, 349, 351, 358, 363, 380, 384, 393, 399, 409, 411, 421, 422, 426, 434, 448, 452, 454, 466, 473, 477, 484, 493, 497, 501, 506, 512, 516, 520, 524, 525, 529, 533, 534, 535, 540, 555, 592, 595, 599, 601, 603, 607, 609, 633, 644, 659, 670, 672, 681, 694, 703, 705, 729, 738, 753, 760, 761, 762, 763, 779, 787, 788, 796, 823, 826, 828, 830, 831, 835, 838, 868, 906, 909, 910, 914, 931, 932, 936, 938, 943, 944, 958, 967, 980, 991, 996]

@end of file
