Set parameter TimeLimit to value 7200
Setting B&C+LSI: The proposed B&C algorithm based on formulation (40) (equipped with the lifted submodular inequalities).

----------------- start of the first stage -----------------

Iter     Best Incumbent      BestBound     Gap      Time  #VioCuts
1                 0.000    1232347.482   100.0       0.9      3000
2            718764.194    1195059.941    39.9       1.3      3000
3            938681.652    1116403.796    15.9       2.9      2789
4            990818.723    1044077.035     5.1       5.5      2154
5           1010287.520    1016295.197     0.6       7.1       799
6           1014198.857    1014244.058     0.0       7.5       217
7           1014198.857    1014198.857     0.0       7.7         0

CPU time spent in the first stage: 7.72 sec
Upper bound returned at the end of the first stage: 1014198.857423
Objective value of the optimal solution or the best incumbent at the end of the first stage: 1014198.857423
Number of cuts added at the end of the first stage for the initialization of the relaxed MILP problem: 5183
Termination status of the first stage: MIP Optimal

------------------ end of the first stage ------------------

Total CPU time: 7.72 sec
Percentage optimality gap: 0.00 %
CPU time spent in separating the cuts: 0.56 sec
Number of explored nodes: 1
Objective value of the returned solution: 1014198.857423
Optimal facility locations: [3, 8, 9, 12, 13, 15, 17, 20, 21, 22, 23, 26, 31, 32, 36, 48, 51, 55, 61, 62, 64, 66, 67, 70, 71, 74, 75, 77, 79, 81, 84, 92, 96, 98, 101, 106, 110, 118, 120, 125, 127, 128, 129, 130, 132, 133, 134, 135, 136, 137, 139, 141, 144, 149, 155, 160, 161, 167, 169, 176, 178, 179, 180, 188, 189, 190, 191, 192, 195, 196, 198]

@end of file
