Set parameter TimeLimit to value 7200
Setting GBD: A two-stage implementation of the stage-of-the-art generalized Benders decomposition (GBD) approach proposed by Lin & Tian (2021).

----------------- start of the first stage -----------------

Iter     Best Incumbent      BestBound     Gap      Time  #VioCuts
1                 0.000    1229896.551   100.0       0.3      3000
2            533060.914    1217669.137    56.2       0.9      3000
3            776582.802    1192382.137    34.9       1.9      2940
4            967795.965    1154251.766    16.2       3.9      1203
5            967795.965    1144410.917    15.4       5.1       713
6            967795.965    1141855.965    15.2       5.8       300
7            967795.965    1141307.424    15.2       6.3        52
8            967795.965    1141259.183    15.2       6.6        32
9            967795.965    1141240.864    15.2       6.9        10
10           967795.965    1141195.025    15.2       7.3         3
11           967795.965    1141193.701    15.2       7.6         1
12           967795.965    1141193.701    15.2       7.9         0

CPU time spent in the first stage: 12.78 sec
Upper bound returned at the end of the first stage: 1141193.700764
Objective value of the optimal solution or the best incumbent at the end of the first stage: 967795.964771
Number of cuts added at the end of the first stage for the initialization of the relaxed MILP problem: 2595
Termination status of the first stage: LP Optimal

------------------ end of the first stage ------------------


----------------- start of the second stage ----------------

Gurobi Optimizer version 11.0.1 build v11.0.1rc0 (linux64 - "CentOS Linux 7 (Core)")

CPU model: Intel(R) Xeon(R) Gold 6230R CPU @ 2.10GHz, instruction set [SSE2|AVX|AVX2|AVX512]
Thread count: 52 physical cores, 52 logical processors, using up to 1 threads


Warning: excessive time spent in model updates.
Consider calling update less frequently.

Optimize a model with 5599 rows, 3100 columns and 26047 nonzeros
Model fingerprint: 0x7da92591
Variable types: 3000 continuous, 100 integer (0 binary)
Coefficient statistics:
  Matrix range     [2e-11, 2e+03]
  Objective range  [1e+01, 2e+03]
  Bounds range     [1e+00, 1e+00]
  RHS range        [1e-05, 2e+06]
Warning: Model contains large matrix coefficient range
         Consider reformulating model or setting NumericFocus parameter
         to avoid numerical issues.

Loaded user MIP start with objective 967796

Presolve removed 3003 rows and 0 columns
Presolve time: 0.06s
Presolved: 2596 rows, 3100 columns, 13742 nonzeros
Variable types: 3000 continuous, 100 integer (100 binary)

Root relaxation: objective 1.136042e+06, 244 iterations, 0.02 seconds (0.02 work units)

    Nodes    |    Current Node    |     Objective Bounds      |     Work
 Expl Unexpl |  Obj  Depth IntInf | Incumbent    BestBd   Gap | It/Node Time

     0     0 1136041.86    0   31 967795.965 1136041.86  17.4%     -    0s
H    0     0                    1065625.1125 1136041.86  6.61%     -    0s
     0     0 1124619.94    0   56 1065625.11 1124619.94  5.54%     -    0s
H    0     0                    1076912.3210 1124619.94  4.43%     -    0s
H    0     0                    1089767.1816 1118179.85  2.61%     -    1s
     0     2 1118168.53    0   72 1089767.18 1118168.53  2.61%     -    1s
H   60    58                    1096072.1132 1118118.82  2.01%  76.8    1s
H   61    59                    1096193.8957 1118118.82  2.00%  75.9    1s
H   62    60                    1096251.4323 1118118.82  1.99%  74.9    1s
*   63    61              56    1096287.7263 1118118.82  1.99%  73.8    1s
H  180   164                    1096348.2618 1115558.87  1.75%  73.0    3s
H  181   160                    1096657.0595 1115558.87  1.72%  72.8    3s
H  182   158                    1096986.7000 1115558.87  1.69%  72.5    3s
H  183   156                    1097236.6461 1115558.87  1.67%  72.2    3s
H  184   157                    1097425.1518 1115558.87  1.65%  71.8    3s
H  185   158                    1097555.8903 1115558.87  1.64%  71.5    3s
H  186   159                    1097688.4663 1115558.87  1.63%  71.2    3s
H  187   160                    1097770.5517 1115558.87  1.62%  70.9    3s
H  188   160                    1097844.3925 1115558.87  1.61%  70.5    3s
*  189   161              67    1097901.8910 1115558.87  1.61%  70.2    3s
H  219   147                    1100244.5474 1114862.91  1.33%  72.8    4s
   287   210 1102855.22   34   34 1100244.55 1114859.10  1.33%  68.6    5s
   586   416 1102524.13   33   56 1100244.55 1113303.53  1.19%  70.5   10s
   592   420 1103559.22   10   52 1100244.55 1103559.22  0.30%  69.8   15s
H  592   398                    1100969.9998 1102778.04  0.16%  69.8   16s
H  595   380                    1101715.9516 1102778.04  0.10%  69.4   19s
   599   383 1102700.28   19   56 1101715.95 1102700.28  0.09%  68.9   20s
H  599   364                    1102409.3427 1102649.62  0.02%  68.9   21s
   604   367 1102467.43    9   28 1102409.34 1102467.43  0.01%  68.4   25s
H  605   349                    1102447.0533 1102466.44  0.00%  68.3   27s

Cutting planes:
  Gomory: 13
  Lift-and-project: 3
  Implied bound: 53
  MIR: 251
  Mixing: 11
  Flow cover: 1199
  RLT: 34
  Relax-and-lift: 6
  Lazy constraints: 400

Explored 609 nodes (48506 simplex iterations) in 27.49 seconds (18.72 work units)
Thread count was 1 (of 52 available processors)

Solution count 10: 1.10245e+06 1.10241e+06 1.10172e+06 ... 1.06563e+06

Optimal solution found (tolerance 0.00e+00)
Best objective 1.102447053265e+06, best bound 1.102447053265e+06, gap 0.0000%

User-callback calls 12017, time in user-callback 0.32 sec

CPU time spent in the second stage: 27.49 sec
The LP relaxation bound at the root node: 1118168.534952
Termination status of the second stage: OPTIMAL

------------------ end of the second stage -----------------

Total CPU time: 35.40 sec
Percentage optimality gap: 0.00 %
CPU time spent in separating the cuts: 3.56 sec
Number of explored nodes: 609
Objective value of the returned solution: 1102447.053265
Optimal facility locations: [1, 3, 5, 6, 11, 14, 15, 16, 17, 26, 29, 30, 34, 36, 37, 43, 44, 45, 46, 47, 48, 50, 52, 54, 55, 56, 59, 62, 65, 68, 69, 70, 71, 72, 75, 77, 78, 79, 80, 85, 86, 87, 88, 89, 90, 91, 94, 98, 99]

@end of file
