Set parameter TimeLimit to value 7200
Setting sB&C+LSI: The proposed B&C algorithm based on formulation (40) (equipped with the lifted submodular inequalities), with only the second stage implemented
Gurobi Optimizer version 11.0.1 build v11.0.1rc0 (linux64 - "CentOS Linux 7 (Core)")

CPU model: Intel(R) Xeon(R) Gold 6230R CPU @ 2.10GHz, instruction set [SSE2|AVX|AVX2|AVX512]
Thread count: 52 physical cores, 52 logical processors, using up to 1 threads

Optimize a model with 3000 rows, 3100 columns and 3000 nonzeros
Model fingerprint: 0x48b77e39
Variable types: 3000 continuous, 100 integer (100 binary)
Coefficient statistics:
  Matrix range     [1e+00, 1e+00]
  Objective range  [1e+01, 2e+03]
  Bounds range     [0e+00, 0e+00]
  RHS range        [1e-05, 1e+00]
Found heuristic solution: objective -3.00655e+15
Presolve removed 3000 rows and 0 columns
Presolve time: 0.00s
Presolved: 0 rows, 3100 columns, 0 nonzeros
Variable types: 3000 continuous, 100 integer (100 binary)

Root relaxation: objective 1.229897e+06, 0 iterations, 0.00 seconds (0.00 work units)

    Nodes    |    Current Node    |     Objective Bounds      |     Work
 Expl Unexpl |  Obj  Depth IntInf | Incumbent    BestBd   Gap | It/Node Time

     0     0 1229896.55    0    - -3.007e+15 1229896.55   100%     -    0s
     0     0 1210247.33    0   19 -3.007e+15 1210247.33   100%     -    0s
     0     0 1209564.46    0   19 -3.007e+15 1209564.46   100%     -    0s
H    0     0                    737722.54316 1209564.46  64.0%     -    0s
     0     2 1162606.32    0   36 737722.543 1162606.32  57.6%     -    1s
H   73    68                    1091348.7413 1162413.69  6.51%  95.3    4s
*   74    67              60    1091407.4047 1162413.69  6.51%  94.2    4s
    91    82 1105186.29   16   29 1091407.40 1162010.47  6.47%   114    5s
H  120    97                    1098875.4590 1162010.47  5.75%  95.9    5s
*  122    97              39    1098995.7534 1162010.47  5.73%  94.8    5s
H  157   116                    1100412.9252 1161532.36  5.55%  93.7    6s
H  159   116                    1100632.6888 1161532.36  5.53%  94.2    6s
*  160   116              32    1100636.5253 1161532.36  5.53%  93.6    6s
*  240   158              35    1100694.9906 1161470.49  5.52%  88.7    8s
   276   182 1103202.04    8   26 1100694.99 1161355.72  5.51%  97.1   10s
H  301   196                    1100819.0039 1161355.72  5.50%  90.7   10s
*  306   196              25    1100871.7994 1161355.72  5.49%  89.6   10s
H  355   192                    1101604.1709 1161226.24  5.41%   102   12s
H  358   181                    1101849.8022 1161226.24  5.39%   101   12s
H  359   178                    1101926.4439 1161226.24  5.38%   101   12s
*  360   176              28    1101937.1224 1161226.24  5.38%   101   12s
   419   198     cutoff    9      1101937.12 1160563.41  5.32%   118   15s
   461   199 1102600.41    5   29 1101937.12 1113851.84  1.08%   163   20s
*  565   210              27    1101977.7871 1105762.74  0.34%   145   22s
H  585   210                    1102006.7952 1105712.51  0.34%   141   22s
H  644   212                    1102010.0485 1105155.19  0.29%   133   24s
*  688   216              29    1102049.3325 1104655.82  0.24%   129   24s
   692   213     cutoff   19      1102049.33 1104610.87  0.23%   128   25s
  1093   324 1102807.69    9   27 1102049.33 1103803.07  0.16%  91.3   30s
H 1299   365                    1102202.1372 1103680.78  0.13%  80.3   32s
* 1300   364              29    1102205.9894 1103680.78  0.13%  80.2   32s
  1509   399     cutoff   15      1102205.99 1103478.27  0.12%  72.3   35s
H 1535   380                    1102318.8833 1103450.20  0.10%  71.3   35s
* 1536   376              26    1102322.7356 1103450.20  0.10%  71.3   35s
  1888   408 1103109.86   15   17 1102322.74 1103236.50  0.08%  61.8   40s
  2327   441 1102451.45   20   13 1102322.74 1103100.67  0.07%  53.7   45s
H 2393   427                    1102356.5939 1103084.88  0.07%  52.7   45s
* 2394   425              23    1102360.4461 1103084.88  0.07%  52.7   45s
  2811   446 1102687.55   19   10 1102360.45 1102988.46  0.06%  47.6   50s
* 2817   427              25    1102409.3427 1102988.46  0.05%  47.5   50s
* 2968   403              22    1102447.0533 1102966.29  0.05%  46.0   51s
  3228   328     cutoff   14      1102447.05 1102868.52  0.04%  44.0   55s
  3627   137     cutoff   13      1102447.05 1102650.98  0.02%  41.4   60s

Cutting planes:
  Lazy constraints: 8776

Explored 3769 nodes (151932 simplex iterations) in 61.44 seconds (64.74 work units)
Thread count was 1 (of 52 available processors)

Solution count 10: 1.10245e+06 1.10241e+06 1.10236e+06 ... 1.10194e+06

Optimal solution found (tolerance 0.00e+00)
Best objective 1.102447053265e+06, best bound 1.102447053265e+06, gap 0.0000%

User-callback calls 15348, time in user-callback 0.49 sec

Total CPU time: 61.44 sec
Termination status: OPTIMAL
Percentage optimality gap: 0.00 %
Number of explored nodes: 3769
Objective value of the returned solution: 1102447.053265
The LP relaxation bound at the root node: 1162606.322896
Optimal facility locations: [1, 3, 5, 6, 11, 14, 15, 16, 17, 26, 29, 30, 34, 36, 37, 43, 44, 45, 46, 47, 48, 50, 52, 54, 55, 56, 59, 62, 65, 68, 69, 70, 71, 72, 75, 77, 78, 79, 80, 85, 86, 87, 88, 89, 90, 91, 94, 98, 99]

@end of file
