Set parameter TimeLimit to value 7200
Setting GBD: A two-stage implementation of the state-of-the-art generalized Benders decomposition (GBD) approach proposed by Lin & Tian (2021).

----------------- start of the first stage -----------------

Iter     Best Incumbent      BestBound     Gap      Time  #VioCuts
1                 0.000    1253993.457   100.0       2.9      3000
2             36335.730    1180092.896    96.9       7.7      2999
3            271971.287    1051661.963    74.1      26.1      2868
4            271971.287     962372.867    71.7      61.7      2145
5            271971.287     931901.955    70.8      80.2      1188
6            271971.287     924878.021    70.6      89.7       547
7            271971.287     922945.474    70.5      96.0       242
8            271971.287     922430.184    70.5     100.7       115
9            271971.287     922252.036    70.5     105.1        43
10           271971.287     922196.746    70.5     109.3        20
11           271971.287     922190.846    70.5     113.2         6
12           271971.287     922176.357    70.5     117.6         0

CPU time spent in the first stage: 149.60 sec
Upper bound returned at the end of the first stage: 922176.356934
Objective value of the optimal solution or the best incumbent at the end of the first stage: 271971.286774
Number of cuts added at the end of the first stage for the initialization of the relaxed MILP problem: 3635
Termination status of the first stage: LP Optimal

------------------ end of the first stage ------------------


----------------- start of the second stage ----------------

Gurobi Optimizer version 11.0.1 build v11.0.1rc0 (linux64 - "CentOS Linux 7 (Core)")

CPU model: Intel(R) Xeon(R) Gold 6230R CPU @ 2.10GHz, instruction set [SSE2|AVX|AVX2|AVX512]
Thread count: 52 physical cores, 52 logical processors, using up to 1 threads


Warning: excessive time spent in model updates.
Consider calling update less frequently.

Optimize a model with 6638 rows, 4000 columns and 53277 nonzeros
Model fingerprint: 0x7dc2bae6
Variable types: 3000 continuous, 1000 integer (0 binary)
Coefficient statistics:
  Matrix range     [5e-11, 2e+03]
  Objective range  [1e+01, 2e+03]
  Bounds range     [1e+00, 1e+00]
  RHS range        [3e-06, 2e+06]
Warning: Model contains large matrix coefficient range
         Consider reformulating model or setting NumericFocus parameter
         to avoid numerical issues.

User MIP start did not produce a new incumbent solution

Presolve removed 3002 rows and 0 columns
Presolve time: 0.15s
Presolved: 3636 rows, 4000 columns, 42268 nonzeros
Variable types: 3000 continuous, 1000 integer (1000 binary)

Root relaxation: objective 8.661089e+05, 308 iterations, 0.01 seconds (0.00 work units)
Another try with MIP start

    Nodes    |    Current Node    |     Objective Bounds      |     Work
 Expl Unexpl |  Obj  Depth IntInf | Incumbent    BestBd   Gap | It/Node Time

H    0     0                    271971.28677 866108.913   218%     -    1s
     0     0 866108.913    0   16 271971.287 866108.913   218%     -    1s
     0     0 843620.444    0  153 271971.287 843620.444   210%     -    1s
     0     0 843620.444    0  153 271971.287 843620.444   210%     -    1s
     0     2 843616.591    0  153 271971.287 843616.591   210%     -    2s
     2     4 788501.007    1  310 271971.287 804283.733   196%  1764    5s
     4     6 778504.930    2  361 271971.287 788458.241   190%  1741   10s
     6     8 772834.961    3  377 271971.287 788458.241   190%  1782   16s
     8    10 768092.715    4  391 271971.287 788458.241   190%  1724   22s
    29    31 762372.400   20  364 271971.287 788458.241   190%   570   26s
    61    63 757430.807   46  309 271971.287 788458.241   190%   319   30s
   135   137 747428.809  109  216 271971.287 788458.241   190%   175   35s
   315   317 723927.685  278   52 271971.287 788458.241   190%  91.3   40s
*  415   388             377    721044.29531 788458.241  9.35%  71.6   41s
   418   387 763457.121    2  420 721044.295 788455.361  9.35%  82.1   48s
   431   400 761787.042   14  393 721044.295 788455.361  9.35%  82.2   50s
   515   483 754752.223   68  153 721044.295 788455.361  9.35%  76.7  161s
   517   484 752468.265   86  417 721044.295 762969.968  5.81%  76.5  195s
   518   485 755096.499   62  426 721044.295 755096.499  4.72%  76.3  213s
   519   486 740697.584  155  421 721044.295 750931.045  4.14%  76.2  222s
   520   486 721052.917  358  430 721044.295 750579.284  4.10%  76.0  225s
   521   487 750515.889   83  434 721044.295 750515.889  4.09%  75.9  235s
   522   488 748745.334   76  431 721044.295 748745.334  3.84%  75.7  255s
   523   488 722845.699  326  421 721044.295 748410.243  3.80%  75.6  263s
   524   489 723020.551  299  435 721044.295 747959.200  3.73%  75.4  273s
   525   490 738315.940  182  412 721044.295 747850.052  3.72%  75.3  280s
   526   490 741270.750  150  423 721044.295 747750.873  3.70%  75.1  287s
   527   491 747750.873   73  423 721044.295 747750.873  3.70%  75.0  292s
   528   492 723054.494  307  423 721044.295 747750.873  3.70%  74.9  310s
   529   494 746353.803   10  446 721044.295 747740.309  3.70%   120  320s
   530   495 746404.132   10  452 721044.295 746404.132  3.52%   124  328s
   531   496 746324.968   11  445 721044.295 746404.132  3.52%   124  330s
   534   498 746290.551   12  445 721044.295 746404.132  3.52%   124  336s
   537   500 746250.714   14  444 721044.295 746404.132  3.52%   124  341s
   539   501 746207.925   15  443 721044.295 746404.132  3.52%   125  346s
   542   503 746133.507   16  439 721044.295 746404.132  3.52%   125  352s
   545   505 746080.252   18  444 721044.295 746404.132  3.52%   126  356s
   548   507 745993.503   19  439 721044.295 746404.132  3.52%   126  362s
   550   508 745778.036   20  430 721044.295 746404.132  3.52%   126  365s
   554   511 745772.551   22  431 721044.295 746404.132  3.52%   127  371s
   557   513 745653.459   24  428 721044.295 746404.132  3.52%   127  375s
   561   516 745558.590   26  416 721044.295 746404.132  3.52%   128  380s
   564   518 745419.606   27  412 721044.295 746404.132  3.52%   128  385s
   567   520 745258.723   29  414 721044.295 746404.132  3.52%   128  390s
   570   522 745162.799   30  410 721044.295 746404.132  3.52%   128  395s
   572   523 745098.037   31  410 721044.295 746404.132  3.52%   128  400s
   576   526 745082.675   33  419 721044.295 746404.132  3.52%   128  405s
   579   528 745027.087   35  418 721044.295 746404.132  3.52%   128  410s
   582   530 744956.973   36  415 721044.295 746404.132  3.52%   129  415s
   585   532 744988.780   38  408 721044.295 746404.132  3.52%   128  421s
   588   534 744957.206   39  407 721044.295 746404.132  3.52%   128  425s
   592   536 744644.020   41  406 721044.295 746404.132  3.52%   128  430s
   595   538 744810.715   43  402 721044.295 746404.132  3.52%   128  435s
   598   540 744751.414   44  389 721044.295 746404.132  3.52%   128  440s
   601   542 744773.642   46  402 721044.295 746404.132  3.52%   128  445s
   605   545 744718.412   48  398 721044.295 746404.132  3.52%   128  450s
   609   548 744662.367   50  393 721044.295 746404.132  3.52%   128  456s
   613   550 744572.752   52  390 721044.295 746404.132  3.52%   128  460s
   617   553 744463.892   54  377 721044.295 746404.132  3.52%   128  465s
   622   556 744322.533   56  370 721044.295 746404.132  3.52%   128  470s
   627   560 744373.059   59  371 721044.295 746404.132  3.52%   127  475s
   633   564 744192.057   62  357 721044.295 746404.132  3.52%   127  480s
   647   573 743883.005   69  347 721044.295 746404.132  3.52%   127  485s
   659   581 743585.444   75  327 721044.295 746404.132  3.52%   126  490s
   681   596 743242.809   86  307 721044.295 746404.132  3.52%   125  495s
   697   606 743046.033   94  293 721044.295 746404.132  3.52%   124  500s
   716   619 742545.215  103  286 721044.295 746404.132  3.52%   123  505s
   745   638 737893.461  118  271 721044.295 746404.132  3.52%   122  510s
   765   652 737459.843  128  264 721044.295 746404.132  3.52%   122  515s
   813   684 736748.422  152  251 721044.295 746404.132  3.52%   119  520s
   854   711 735671.722  172  221 721044.295 746404.132  3.52%   117  525s
   913   750 733217.286  202  176 721044.295 746404.132  3.52%   114  530s
   989   801 730979.240  240  155 721044.295 746404.132  3.52%   109  535s
  1057   846 730169.159  274  130 721044.295 746404.132  3.52%   104  540s
  1131   896 728608.806  311  103 721044.295 746404.132  3.52%   100  545s
H 1203   917                    725968.24150 746404.132  2.81%  96.0  549s
  1216   927 727773.938  353   67 725968.241 746404.132  2.81%  95.2  550s
  1302   982 726523.787  396   39 725968.241 746404.132  2.81%  90.5  555s
* 1396   930             447    726309.02152 746404.132  2.77%  85.3  559s
  1397   931 744993.307   11  452 726309.022 746403.660  2.77%  86.8  575s
  1399   932 744074.600   12  454 726309.022 746403.660  2.77%  90.5  583s
  1401   934 743971.507   13  443 726309.022 746403.660  2.77%  90.6  585s
  1418   945 743784.381   22  439 726309.022 746403.660  2.77%  91.5  590s
  1436   957 743394.904   31  424 726309.022 746403.660  2.77%  92.4  595s
  1458   972 742903.715   42  390 726309.022 746403.660  2.77%  92.9  600s
  1478   985 742385.821   52  374 726309.022 746403.660  2.77%  93.5  605s
  1505  1003 741604.920   65  339 726309.022 746403.660  2.77%  93.7  610s
  1548  1032 740942.027   87  268 726309.022 746403.660  2.77%  93.3  615s
  1594  1062 740223.599  110  234 726309.022 746403.660  2.77%  92.5  620s
  1631  1087 736915.695  128  227 726309.022 746403.660  2.77%  92.9  625s
  1691  1127 736029.906  158  171 726309.022 746403.660  2.77%  91.0  630s
  1753  1168 734492.745  189  131 726309.022 746403.660  2.77%  89.1  635s
  1813  1208 733432.012  219  116 726309.022 746403.660  2.77%  87.4  640s
H 1824   829                    732754.42818 746403.660  1.86%  87.1  640s
  1888   871 732965.831  258   86 732754.428 746403.660  1.86%  84.9  645s
  1910   870 743718.712   11  479 732754.428 746275.767  1.85%  86.5  654s
  1911   871 743706.948   12  473 732754.428 746275.767  1.85%  86.5  655s
  1913   873 743539.923   13  473 732754.428 746275.767  1.85%  86.6  660s
  1915   875 743489.586   14  471 732754.428 746275.767  1.85%  86.7  665s
  1921   881 743234.682   17  463 732754.428 746275.767  1.85%  87.0  670s
  1932   892 743244.540   22  447 732754.428 746275.767  1.85%  87.3  676s
  1939   899 743084.798   26  436 732754.428 746275.767  1.85%  87.5  680s
  1947   907 742725.243   30  433 732754.428 746275.767  1.85%  88.0  685s
  1953   913 742551.722   33  429 732754.428 746275.767  1.85%  88.4  690s
  1965   925 742289.349   39  419 732754.428 746275.767  1.85%  88.5  695s
  1978   938 742018.557   45  405 732754.428 746275.767  1.85%  88.9  700s
  1991   951 741733.695   52  397 732754.428 746275.767  1.85%  89.1  705s
  2003   963 741338.406   58  386 732754.428 746275.767  1.85%  89.3  710s
  2024   984 741086.536   68  361 732754.428 746275.767  1.85%  89.4  715s
  2043  1003 740649.523   78  347 732754.428 746275.767  1.85%  89.4  720s
  2069  1029 740229.718   91  326 732754.428 746275.767  1.85%  89.4  725s
  2094  1054 739503.411  103  287 732754.428 746275.767  1.85%  89.4  730s
  2144  1104 738784.781  128  226 732754.428 746275.767  1.85%  88.3  735s
  2176  1136 738464.888  144  220 732754.428 746275.767  1.85%  87.7  740s
  2206  1166 738021.394  159  194 732754.428 746275.767  1.85%  86.9  745s
  2226  1186 737553.019  169  183 732754.428 746275.767  1.85%  86.6  750s
  2248  1208 734108.008  180  170 732754.428 746275.767  1.85%  87.0  756s
  2281  1241 733736.303  197  142 732754.428 746275.767  1.85%  86.2  760s
  2314  1272 733088.878  213  123 732754.428 746275.767  1.85%  85.4  765s
  2352  1293 732969.100  235  110 732754.428 746275.767  1.85%  84.4  778s
  2369  1293     cutoff  244      732754.428 746275.767  1.85%  83.9  780s
H 2391   891                    736278.19020 746275.767  1.36%  83.2  785s
  2393   891 743303.612   12  466 736278.190 746273.576  1.36%  85.1  797s
  2399   897 743232.245   15  458 736278.190 746273.576  1.36%  85.2  800s
  2414   912 742998.507   23  448 736278.190 746273.576  1.36%  85.6  805s
  2418   916 742904.486   25  434 736278.190 746273.576  1.36%  85.7  810s
  2432   930 742244.574   32  418 736278.190 746273.576  1.36%  86.0  815s
  2445   943 741860.565   38  397 736278.190 746273.576  1.36%  86.3  821s
  2459   957 741220.531   45  388 736278.190 746273.576  1.36%  86.5  825s
  2472   970 740888.719   52  377 736278.190 746273.576  1.36%  86.6  833s
  2485   983 740305.296   58  353 736278.190 746273.576  1.36%  86.5  835s
  2499   997 740195.684   65  338 736278.190 746273.576  1.36%  86.6  848s
  2504  1002 740245.464   68  343 736278.190 746273.576  1.36%  86.5  850s
H 2526   872                    737681.31236 746273.576  1.16%  86.5  860s
  2553   901 738907.662   92  277 737681.312 746273.576  1.16%  86.5  869s
  2560   908 739149.858   96  278 737681.312 746273.576  1.16%  86.4  870s
  2580   928 738935.722  106  263 737681.312 746273.576  1.16%  86.3  878s
  2581   929 738874.508  106  266 737681.312 746273.576  1.16%  86.3  885s
  2607   955 738304.727  119  245 737681.312 746273.576  1.16%  86.0  895s
  2634   982 738195.739  133  221 737681.312 746273.576  1.16%  85.7  909s
  2639   985 738092.868  135  206 737681.312 746273.576  1.16%  85.6  910s
  2678  1006 743266.058   12  478 737681.312 746242.405  1.16%  86.7  924s
  2680  1008 743086.469   13  472 737681.312 746242.405  1.16%  86.7  925s
  2695  1023 742788.762   21  450 737681.312 746242.405  1.16%  87.0  930s
  2710  1038 742334.614   28  431 737681.312 746242.405  1.16%  87.4  935s
  2730  1058 741627.371   38  417 737681.312 746242.405  1.16%  87.7  940s
  2761  1089 740793.290   54  370 737681.312 746242.405  1.16%  87.8  945s
  2792  1120 740012.288   69  340 737681.312 746242.405  1.16%  88.1  950s
  2834  1162 739267.198   90  319 737681.312 746242.405  1.16%  88.2  955s
  2874  1202 738501.390  110  269 737681.312 746242.405  1.16%  88.0  960s
  2930  1257 737780.550  138  208 737681.312 746242.405  1.16%  87.2  965s
  2944  1259 743306.972   14  473 737681.312 746241.288  1.16%  88.5  976s
  2945  1260 743295.129   15  469 737681.312 746241.288  1.16%  88.5 1095s
H 2946  1226                    737816.68118 746241.288  1.14%  88.5 1098s
  2950  1232 743006.131   17  455 737816.681 746241.288  1.14%  88.6 1100s
  2967  1249 742649.505   26  440 737816.681 746241.288  1.14%  88.8 1105s
  2986  1268 742101.320   35  416 737816.681 746241.288  1.14%  88.9 1110s
  3002  1284 741238.846   43  398 737816.681 746241.288  1.14%  89.4 1115s
  3024  1306 740990.962   54  350 737816.681 746241.288  1.14%  89.4 1120s
  3058  1340 740190.061   71  322 737816.681 746241.288  1.14%  89.4 1125s
  3089  1371 739591.729   87  303 737816.681 746241.288  1.14%  89.5 1130s
  3127  1409 738947.026  106  264 737816.681 746241.288  1.14%  89.3 1135s
  3177  1458 738156.336  131  238 737816.681 746241.288  1.14%  88.9 1140s
H 3205  1460                    737857.04227 746241.288  1.14%  88.4 1160s
  3217  1474 742724.784   20  449 737857.042 746225.266  1.13%  89.9 1165s
  3230  1487 742356.882   27  433 737857.042 746225.266  1.13%  90.2 1170s
  3243  1500 742111.151   33  424 737857.042 746225.266  1.13%  90.4 1175s
  3259  1516 741640.444   41  400 737857.042 746225.266  1.13%  90.7 1180s
  3287  1544 740626.059   55  353 737857.042 746225.266  1.13%  90.8 1185s
  3329  1586 739818.597   76  315 737857.042 746225.266  1.13%  91.0 1190s
  3392  1649 738526.190  108  247 737857.042 746225.266  1.13%  90.7 1195s
  3450  1678 743270.581   13  472 737857.042 746175.309  1.13%  91.2 1206s
  3453  1681 743070.952   15  467 737857.042 746175.309  1.13%  91.3 1210s
  3467  1695 742733.408   22  456 737857.042 746175.309  1.13%  91.4 1215s
  3482  1710 742288.005   29  427 737857.042 746175.309  1.13%  91.7 1220s
  3496  1724 741648.170   36  414 737857.042 746175.309  1.13%  91.9 1225s
  3522  1750 740945.963   49  386 737857.042 746175.309  1.13%  92.1 1230s
  3548  1776 740304.310   62  349 737857.042 746175.309  1.13%  92.3 1235s
  3588  1816 739296.103   82  319 737857.042 746175.309  1.13%  92.3 1240s
  3633  1861 738795.607  105  269 737857.042 746175.309  1.13%  92.1 1245s
  3693  1913 737925.511  135  234 737857.042 746175.309  1.13%  91.5 1250s
  3697  1912 743332.865   13  469 737857.042 746175.154  1.13%  92.7 1257s
  3699  1914 743268.663   15  463 737857.042 746175.154  1.13%  92.7 1261s
  3706  1921 742658.732   22  449 737857.042 746175.154  1.13%  92.7 1265s
  3719  1934 741877.200   34  423 737857.042 746175.154  1.13%  92.8 1270s
  3737  1952 741342.423   47  396 737857.042 746175.154  1.13%  92.9 1275s
  3756  1971 740724.104   57  368 737857.042 746175.154  1.13%  93.1 1280s
  3782  1997 740093.786   74  353 737857.042 746175.154  1.13%  93.1 1285s
  3806  2021 739549.992   83  337 737857.042 746175.154  1.13%  93.2 1290s
  3856  2071 738896.062  101  294 737857.042 746175.154  1.13%  93.0 1295s
  3911  2122 737888.138  139  227 737857.042 746175.154  1.13%  92.5 1300s
  3918  2119 743149.355   16  462 737857.042 746175.085  1.13%  93.4 1307s
  3921  2122 743068.430   19  453 737857.042 746175.085  1.13%  93.4 1311s
H 3931  2124                    737878.95021 746175.085  1.12%  93.4 1318s
  3933  2128 742088.212   31  425 737878.950 746175.085  1.12%  93.4 1320s
  3944  2139 741617.604   39  412 737878.950 746175.085  1.12%  93.5 1325s
  3966  2161 740834.770   55  381 737878.950 746175.085  1.12%  93.5 1330s
  3983  2178 740534.236   59  374 737878.950 746175.085  1.12%  93.7 1335s
  3996  2191 740143.020   69  349 737878.950 746175.085  1.12%  93.6 1340s
  4036  2231 739226.158   97  301 737878.950 746175.085  1.12%  93.5 1345s
  4075  2270 738441.994  119  257 737878.950 746175.085  1.12%  93.2 1350s
  4116  2297 743238.185   16  467 737878.950 746157.373  1.12%  93.8 1364s
  4117  2298 743226.774   17  466 737878.950 746157.373  1.12%  93.8 1365s
  4122  2303 742793.700   22  447 737878.950 746157.373  1.12%  93.8 1370s
  4137  2318 741921.610   33  430 737878.950 746157.373  1.12%  93.9 1375s
  4152  2333 741384.418   44  405 737878.950 746157.373  1.12%  93.9 1380s
  4175  2356 740684.940   57  374 737878.950 746157.373  1.12%  94.0 1385s
  4202  2383 739762.394   72  336 737878.950 746157.373  1.12%  94.1 1390s
  4257  2438 738548.144  109  256 737878.950 746157.373  1.12%  93.6 1395s
  4309  2469 743096.939   19  470 737878.950 746157.245  1.12%  94.0 1411s
  4318  2478 742300.804   28  447 737878.950 746157.245  1.12%  94.0 1415s
  4331  2491 741678.933   38  428 737878.950 746157.245  1.12%  94.1 1420s
  4353  2513 740918.048   51  394 737878.950 746157.245  1.12%  94.2 1425s
  4356  2516 740877.734   52  395 737878.950 746157.245  1.12%  94.2 1430s
  4374  2534 740430.353   60  383 737878.950 746157.245  1.12%  94.3 1435s
  4407  2567 739509.954   84  327 737878.950 746157.245  1.12%  94.2 1440s
  4439  2599 739065.799   98  312 737878.950 746157.245  1.12%  94.1 1445s
  4471  2631 738361.180  120  268 737878.950 746157.245  1.12%  93.9 1450s
  4512  2652 743107.524   19  461 737878.950 746138.776  1.12%  94.3 1462s
  4519  2659 742470.018   26  443 737878.950 746138.776  1.12%  94.3 1465s
  4535  2675 741848.770   38  412 737878.950 746138.776  1.12%  94.3 1470s
  4559  2699 740889.086   55  399 737878.950 746138.776  1.12%  94.4 1475s
  4578  2718 740330.271   66  382 737878.950 746138.776  1.12%  94.4 1480s
  4606  2746 739524.073   82  341 737878.950 746138.776  1.12%  94.4 1485s
  4660  2800 738476.257  111  289 737878.950 746138.776  1.12%  94.1 1490s
  4700  2825 742880.478   18  463 737878.950 746138.776  1.12%  94.6 1505s
  4710  2835 742118.053   28  437 737878.950 746138.776  1.12%  94.6 1510s
  4727  2852 741367.870   38  408 737878.950 746138.776  1.12%  94.6 1515s
  4745  2870 740940.769   50  400 737878.950 746138.776  1.12%  94.7 1520s
  4764  2889 740568.056   58  387 737878.950 746138.776  1.12%  94.8 1525s
  4785  2910 739973.403   67  368 737878.950 746138.776  1.12%  94.8 1530s
H 4790  2905                    737884.83959 746138.776  1.12%  94.8 1542s
  4801  2918 739478.123   78  336 737884.840 746138.776  1.12%  94.8 1545s
  4850  2966 738239.020  104  277 737884.840 746138.776  1.12%  94.5 1550s
  4872  2977 743195.898   18  467 737884.840 746133.058  1.12%  95.2 1563s
  4876  2981 742946.934   22  448 737884.840 746133.058  1.12%  95.3 1565s
  4895  3000 741760.017   37  416 737884.840 746133.058  1.12%  95.3 1570s
  4920  3025 740871.559   54  396 737884.840 746133.058  1.12%  95.4 1575s
  4948  3053 740246.671   66  366 737884.840 746133.058  1.12%  95.4 1580s
  4985  3090 739078.418   93  309 737884.840 746133.058  1.12%  95.2 1585s
  5039  3142 738003.183  119  245 737884.840 746133.058  1.12%  94.8 1590s
  5049  3142 743111.520   17  462 737884.840 746132.394  1.12%  95.5 1601s
  5063  3156 742129.208   31  436 737884.840 746132.394  1.12%  95.5 1605s
  5080  3173 741361.664   41  405 737884.840 746132.394  1.12%  95.7 1610s
  5109  3202 740558.611   59  383 737884.840 746132.394  1.12%  95.7 1615s
  5135  3228 739962.543   70  345 737884.840 746132.394  1.12%  95.8 1620s
  5177  3270 738870.497   95  297 737884.840 746132.394  1.12%  95.6 1625s
  5233  3315 743110.154   17  464 737884.840 746090.495  1.11%  95.9 1640s
  5246  3328 742077.187   30  439 737884.840 746090.495  1.11%  96.0 1645s
  5263  3345 741135.726   47  422 737884.840 746090.495  1.11%  95.9 1650s
  5279  3361 740065.926   63  388 737884.840 746090.495  1.11%  95.9 1655s
  5297  3379 739291.928   81  377 737884.840 746090.495  1.11%  95.8 1660s
  5324  3406 738101.226  108  351 737884.840 746090.495  1.11%  95.6 1665s
  5337  3406 743060.032   15  469 737884.840 746086.824  1.11%  96.3 1676s
  5343  3412 742615.785   21  449 737884.840 746086.824  1.11%  96.3 1680s
  5357  3426 741496.658   35  425 737884.840 746086.824  1.11%  96.3 1685s
  5380  3449 740006.231   58  400 737884.840 746086.824  1.11%  96.2 1690s
  5402  3471 738978.957   80  373 737884.840 746086.824  1.11%  96.1 1695s
  5433  3500     cutoff  111      737884.840 746086.824  1.11%  96.0 1700s
  5448  3497 743082.353   15  471 737884.840 745920.188  1.09%  96.6 1713s
  5452  3501 742844.401   17  459 737884.840 745920.188  1.09%  96.7 1715s
  5465  3514 742466.230   24  450 737884.840 745920.188  1.09%  96.8 1720s
  5480  3529 741887.331   31  426 737884.840 745920.188  1.09%  96.9 1725s
  5492  3541 741191.660   37  414 737884.840 745920.188  1.09%  97.0 1730s
  5505  3554 740942.142   44  400 737884.840 745920.188  1.09%  97.2 1735s
  5524  3573 740576.811   53  392 737884.840 745920.188  1.09%  97.3 1740s
  5540  3589 740156.050   61  384 737884.840 745920.188  1.09%  97.4 1745s
  5563  3612 739741.624   73  358 737884.840 745920.188  1.09%  97.4 1750s
  5599  3648 738951.357   91  319 737884.840 745920.188  1.09%  97.3 1755s
  5631  3679 738206.247  107  291 737884.840 745920.188  1.09%  97.3 1760s
  5653  3690 742308.865   20  457 737884.840 745844.330  1.08%  97.9 1801s
  5655  3692 742062.704   22  447 737884.840 745844.330  1.08%  97.9 1805s
  5663  3700 741291.983   30  433 737884.840 745844.330  1.08%  97.9 1810s
  5677  3714 740589.467   44  419 737884.840 745844.330  1.08%  97.9 1816s
  5690  3727 739910.617   57  411 737884.840 745844.330  1.08%  97.8 1820s
  5701  3738 739373.886   68  396 737884.840 745844.330  1.08%  97.8 1825s
  5715  3752 738745.407   82  371 737884.840 745844.330  1.08%  97.8 1830s
  5745  3772 742721.031   20  458 737884.840 745786.756  1.07%  98.3 1846s
  5747  3774 742687.974   22  452 737884.840 745786.756  1.07%  98.3 1851s
  5757  3784 742141.569   32  438 737884.840 745786.756  1.07%  98.3 1855s
  5777  3804 741033.050   52  397 737884.840 745786.756  1.07%  98.3 1860s
  5790  3817 740380.439   65  366 737884.840 745786.756  1.07%  98.3 1866s
  5829  3856 738656.919  104  277 737884.840 745786.756  1.07%  98.1 1870s
  5857  3875 742648.029   22  452 737884.840 745786.705  1.07%  98.5 1877s
  5861  3879 742446.078   26  438 737884.840 745786.705  1.07%  98.5 1880s
  5889  3907 740934.088   47  397 737884.840 745786.705  1.07%  98.5 1885s
  5922  3940 739825.301   68  353 737884.840 745786.705  1.07%  98.5 1890s
  5967  3985 738751.376   91  306 737884.840 745786.705  1.07%  98.4 1895s
  6010  4018 742703.264   22  459 737884.840 745778.036  1.07%  98.8 1906s
  6012  4020 742681.972   24  451 737884.840 745778.036  1.07%  98.8 1923s
  6016  4024 742297.659   28  441 737884.840 745778.036  1.07%  98.8 1926s
  6035  4043 740624.008   47  414 737884.840 745778.036  1.07%  98.7 1930s
  6052  4060 739405.516   64  392 737884.840 745778.036  1.07%  98.7 1935s
  6086  4086 738089.696   93  359 737884.840 745778.036  1.07%  98.5 1940s
  6099  4089 742555.372   21  450 737884.840 745778.036  1.07%  99.1 1950s
  6101  4091 742373.337   23  444 737884.840 745778.036  1.07%  99.1 1955s
  6112  4102 741607.995   34  430 737884.840 745778.036  1.07%  99.1 1960s
  6133  4123 740660.953   55  413 737884.840 745778.036  1.07%  99.0 1965s
  6153  4143 739618.100   75  393 737884.840 745778.036  1.07%  99.0 1970s
  6185  4175 738298.038  107  358 737884.840 745778.036  1.07%  98.8 1975s
  6211  4184 742500.330   21  444 737884.840 745663.255  1.05%  99.3 1985s
  6220  4193 741752.644   30  430 737884.840 745663.255  1.05%  99.3 1990s
  6238  4211 740180.235   48  397 737884.840 745663.255  1.05%  99.3 1995s
  6259  4232 739209.841   69  380 737884.840 745663.255  1.05%  99.3 2000s
  6282  4246 737924.257   85  341 737884.840 745663.255  1.05%  99.2 2006s
  6285  4245 742348.394   23  445 737884.840 745658.852  1.05%   100 2017s
  6292  4252 742113.267   26  434 737884.840 745658.852  1.05%   100 2020s
  6303  4263 740984.327   33  423 737884.840 745658.852  1.05%   100 2027s
  6312  4272 740572.110   37  414 737884.840 745658.852  1.05%   100 2030s
  6327  4287 739624.416   48  400 737884.840 745658.852  1.05%   100 2035s
  6339  4299 739295.254   52  379 737884.840 745658.852  1.05%   100 2041s
  6358  4318 738538.987   61  365 737884.840 745658.852  1.05%   100 2045s
  6371  4330 737983.946   65  346 737884.840 745658.852  1.05%   100 2050s
  6384  4329 742219.937   23  439 737884.840 745649.992  1.05%   101 2064s
  6385  4330 742201.547   24  436 737884.840 745649.992  1.05%   101 2065s
  6391  4336 741447.261   30  420 737884.840 745649.992  1.05%   101 2070s
  6401  4346 740787.459   40  422 737884.840 745649.992  1.05%   101 2075s
  6412  4357 740077.466   51  405 737884.840 745649.992  1.05%   101 2080s
  6418  4363 739766.745   57  398 737884.840 745649.992  1.05%   101 2085s
  6431  4376 739018.911   70  394 737884.840 745649.992  1.05%   101 2090s
  6442  4387 738537.320   81  366 737884.840 745649.992  1.05%   101 2095s
  6467  4395 737905.079   92  356 737884.840 745649.992  1.05%   101 2101s
  6469  4395 742120.389   24  443 737884.840 745649.966  1.05%   101 2114s
  6470  4396 742101.285   25  439 737884.840 745649.966  1.05%   101 2116s
  6473  4399 741927.978   28  431 737884.840 745649.966  1.05%   101 2120s
  6486  4412 741205.804   41  411 737884.840 745649.966  1.05%   101 2125s
  6496  4422 740854.881   51  396 737884.840 745649.966  1.05%   101 2130s
  6514  4440 740002.495   69  348 737884.840 745649.966  1.05%   101 2135s
  6533  4459 739146.057   88  310 737884.840 745649.966  1.05%   101 2140s
  6578  4487 742252.607   24  447 737884.840 745630.854  1.05%   101 2156s
  6579  4488 742234.353   25  445 737884.840 745630.854  1.05%   101 2160s
  6585  4494 741711.340   31  426 737884.840 745630.854  1.05%   101 2165s
  6593  4502 741117.557   39  432 737884.840 745630.854  1.05%   101 2170s
  6602  4511 740133.420   48  409 737884.840 745630.854  1.05%   101 2175s
  6609  4518 739846.032   55  398 737884.840 745630.854  1.05%   101 2180s
  6626  4535 738565.725   72  367 737884.840 745630.854  1.05%   101 2185s
  6636  4545 737933.065   82  352 737884.840 745630.854  1.05%   101 2190s
  6648  4543 742327.448   25  449 737884.840 745629.929  1.05%   102 2203s
  6649  4544 742311.059   26  446 737884.840 745629.929  1.05%   102 2205s
  6653  4548 741951.998   30  435 737884.840 745629.929  1.05%   102 2210s
  6663  4558 741027.818   40  425 737884.840 745629.929  1.05%   102 2215s
  6670  4565 740453.719   47  417 737884.840 745629.929  1.05%   102 2220s
  6683  4578 739840.147   60  410 737884.840 745629.929  1.05%   102 2225s
  6694  4589 739369.415   71  382 737884.840 745629.929  1.05%   102 2230s
  6707  4602 738657.592   84  358 737884.840 745629.929  1.05%   102 2235s
  6727  4617 737893.100  100  332 737884.840 745629.929  1.05%   102 2240s
  6745  4613 742260.375   25  449 737884.840 745538.060  1.04%   102 2255s
  6751  4619 741721.114   31  432 737884.840 745538.060  1.04%   102 2260s
  6758  4626 741132.217   38  422 737884.840 745538.060  1.04%   102 2265s
  6764  4632 740501.134   44  415 737884.840 745538.060  1.04%   102 2270s
  6778  4646 739327.898   58  399 737884.840 745538.060  1.04%   102 2275s
  6791  4659 738748.296   71  379 737884.840 745538.060  1.04%   102 2280s
  6805  4663 742072.807   26  444 737884.840 745538.060  1.04%   103 2296s
  6810  4668 741698.771   31  432 737884.840 745538.060  1.04%   103 2300s
  6822  4680 740721.106   43  420 737884.840 745538.060  1.04%   103 2306s
  6831  4689 740152.064   52  420 737884.840 745538.060  1.04%   103 2310s
  6843  4701 739774.363   64  401 737884.840 745538.060  1.04%   102 2315s
  6854  4712 739235.388   75  383 737884.840 745538.060  1.04%   102 2320s
  6864  4722 738741.807   85  364 737884.840 745538.060  1.04%   102 2325s
  6885  4733 742205.054   26  450 737884.840 745465.135  1.03%   103 2341s
  6893  4741 741359.995   34  435 737884.840 745465.135  1.03%   103 2345s
  6905  4753 740939.454   41  415 737884.840 745465.135  1.03%   103 2350s
  6922  4770 740416.314   50  410 737884.840 745465.135  1.03%   103 2355s
  6934  4782 740088.644   60  399 737884.840 745465.135  1.03%   103 2360s
  6954  4802 739500.224   71  372 737884.840 745465.135  1.03%   103 2365s
  6985  4833 738699.215   91  331 737884.840 745465.135  1.03%   103 2370s
  7005  4852 738267.913  101  314 737884.840 745465.135  1.03%   103 2375s
  7036  4868 741975.714   27  445 737884.840 745465.135  1.03%   103 2392s
  7043  4875 741384.210   34  431 737884.840 745465.135  1.03%   103 2395s
  7057  4889 740296.621   48  416 737884.840 745465.135  1.03%   103 2400s
  7076  4908 739366.406   67  381 737884.840 745465.135  1.03%   103 2405s
  7090  4922 738599.239   81  374 737884.840 745465.135  1.03%   103 2410s
  7115  4935 741865.270   27  437 737884.840 745419.534  1.02%   104 2425s
  7124  4944 741331.106   36  427 737884.840 745419.534  1.02%   103 2451s
  7135  4955 740598.189   47  404 737884.840 745419.534  1.02%   103 2455s
  7150  4970 740003.945   62  382 737884.840 745419.534  1.02%   103 2460s
  7182  5002 738521.615   94  303 737884.840 745419.534  1.02%   103 2465s
  7201  5009 742060.941   28  449 737884.840 745415.222  1.02%   104 2478s
  7206  5014 741687.455   33  436 737884.840 745415.222  1.02%   104 2480s
  7219  5027 740768.152   46  416 737884.840 745415.222  1.02%   104 2485s
  7235  5043 739760.504   62  406 737884.840 745415.222  1.02%   104 2490s
  7256  5064 738833.013   83  380 737884.840 745415.222  1.02%   104 2495s
  7279  5075 741898.930   28  450 737884.840 745377.011  1.02%   104 2509s
  7280  5076 741882.826   29  445 737884.840 745377.011  1.02%   104 2510s
  7298  5094 740131.479   47  416 737884.840 745377.011  1.02%   104 2515s
  7311  5107 739212.818   60  408 737884.840 745377.011  1.02%   104 2520s
  7340  5124 741567.959   30  452 737884.840 745376.129  1.02%   104 2530s
  7361  5145 740896.704   41  436 737884.840 745376.129  1.02%   104 2535s
  7389  5173 739770.807   55  405 737884.840 745376.129  1.02%   105 2540s
  7417  5201 739014.757   69  376 737884.840 745376.129  1.02%   105 2545s
  7472  5242     cutoff   94      737884.840 745376.129  1.02%   104 2550s
  7475  5241 741725.980   30  452 737884.840 745264.963  1.00%   105 2556s
  7493  5259 741235.925   37  439 737884.840 745264.963  1.00%   105 2560s
  7522  5288 739685.332   52  399 737884.840 745264.963  1.00%   105 2565s
  7561  5327 738847.487   67  371 737884.840 745264.963  1.00%   105 2570s
  7591  5343 741537.989   29  445 737884.840 745264.963  1.00%   106 2578s
  7598  5350 740938.208   36  430 737884.840 745264.963  1.00%   106 2580s
  7626  5378 739054.053   64  404 737884.840 745264.963  1.00%   106 2585s
  7657  5395 741667.165   29  442 737884.840 745162.792  0.99%   106 2596s
  7676  5414 740266.260   48  412 737884.840 745162.792  0.99%   106 2600s
  7692  5430 739186.915   64  392 737884.840 745162.792  0.99%   106 2605s
  7706  5444 738480.032   78  387 737884.840 745162.792  0.99%   106 2610s
  7728  5454 741560.954   31  445 737884.840 745162.444  0.99%   106 2622s
  7741  5467 740913.064   44  424 737884.840 745162.444  0.99%   106 2625s
  7767  5493 739235.723   70  366 737884.840 745162.444  0.99%   106 2630s
  7818  5524 741488.641   31  443 737884.840 745097.727  0.98%   106 2642s
  7829  5535 740602.555   42  419 737884.840 745097.727  0.98%   106 2645s
  7854  5560 739155.938   67  396 737884.840 745097.727  0.98%   106 2650s
  7873  5579 738256.167   86  377 737884.840 745097.727  0.98%   106 2655s
  7891  5584 741481.859   32  455 737884.840 745097.590  0.98%   106 2669s
  7892  5585 741465.274   33  452 737884.840 745097.590  0.98%   106 2670s
  7907  5600 740498.861   44  427 737884.840 745097.590  0.98%   107 2675s
  7926  5619 739997.587   50  407 737884.840 745097.590  0.98%   107 2680s
  7944  5637 739445.624   58  396 737884.840 745097.590  0.98%   107 2685s
  7963  5656 738907.166   66  386 737884.840 745097.590  0.98%   107 2690s
  7986  5679 738370.308   74  356 737884.840 745097.590  0.98%   107 2695s
  8012  5704 737934.845   86  339 737884.840 745097.590  0.98%   107 2700s
  8018  5700 741343.926   32  448 737884.840 745086.720  0.98%   107 2711s
  8028  5710 740430.696   42  431 737884.840 745086.720  0.98%   107 2715s
  8038  5720 739538.208   52  395 737884.840 745086.720  0.98%   107 2720s
  8039  5721 739457.559   53  387 737884.840 745086.720  0.98%   107 2798s
  8049  5731 738789.682   63  376 737884.840 745086.720  0.98%   107 2800s
  8066  5740 741392.888   33  445 737884.840 745082.616  0.98%   107 2813s
  8072  5746 740943.236   39  432 737884.840 745082.616  0.98%   107 2815s
  8091  5765 739654.214   58  411 737884.840 745082.616  0.98%   107 2820s
  8106  5780 738805.057   73  387 737884.840 745082.616  0.98%   107 2825s
  8132  5794 741335.062   34  449 737884.840 745081.943  0.98%   108 2839s
  8135  5797 741168.000   37  437 737884.840 745081.943  0.98%   108 2840s
  8152  5814 739701.232   54  414 737884.840 745081.943  0.98%   108 2845s
  8166  5828 738767.281   68  398 737884.840 745081.943  0.98%   108 2850s
  8186  5848 737914.848   88  374 737884.840 745081.943  0.98%   107 2855s
  8192  5844 741317.453   34  445 737884.840 745077.305  0.97%   108 2865s
  8209  5861 740007.173   51  413 737884.840 745077.305  0.97%   108 2870s
  8221  5873 739369.020   63  401 737884.840 745077.305  0.97%   108 2897s
  8228  5880 738814.903   70  391 737884.840 745077.305  0.97%   108 2900s
  8259  5891     cutoff   86      737884.840 745077.305  0.97%   108 2905s
  8260  5892 741233.750   33  440 737884.840 744968.004  0.96%   108 2914s
  8263  5895 741003.814   36  428 737884.840 744968.004  0.96%   108 2915s
  8281  5913 739898.639   54  403 737884.840 744968.004  0.96%   108 2920s
  8295  5927 739132.315   68  375 737884.840 744968.004  0.96%   108 2925s
  8329  5946     cutoff   92      737884.840 744968.004  0.96%   108 2930s
  8330  5947 741077.769   35  448 737884.840 744966.369  0.96%   108 2939s
  8331  5948 741062.292   36  442 737884.840 744966.369  0.96%   108 2940s
  8343  5960 740176.407   48  422 737884.840 744966.369  0.96%   108 2945s
  8357  5974 739349.442   62  405 737884.840 744966.369  0.96%   108 2950s
  8369  5986 738476.675   74  389 737884.840 744966.369  0.96%   108 2955s
  8392  5997 741301.816   35  452 737884.840 744956.973  0.96%   109 2969s
  8393  5998 741286.338   36  446 737884.840 744956.973  0.96%   109 2971s
  8400  6005 740924.143   43  429 737884.840 744956.973  0.96%   109 2975s
  8419  6024 739198.313   62  406 737884.840 744956.973  0.96%   109 2980s
  8432  6037 738588.201   75  384 737884.840 744956.973  0.96%   109 2985s
  8453  6046 741246.193   37  445 737884.840 744956.973  0.96%   109 2998s
  8455  6048 741210.165   39  436 737884.840 744956.973  0.96%   109 3001s
  8463  6056 740606.068   44  425 737884.840 744956.973  0.96%   109 3005s
  8480  6073 739814.459   51  412 737884.840 744956.973  0.96%   109 3010s
  8502  6095 738813.323   60  390 737884.840 744956.973  0.96%   109 3015s
  8526  6111 738049.811   70  373 737884.840 744956.973  0.96%   109 3020s
  8545  6108 741090.760   37  442 737884.840 744939.166  0.96%   109 3031s
  8548  6111 740725.497   40  434 737884.840 744939.166  0.96%   109 3035s
  8568  6131 738923.482   60  385 737884.840 744939.166  0.96%   109 3040s
  8582  6144 738142.298   74  364 737884.840 744939.166  0.96%   109 3045s
  8617  6145 737926.500   77  355 737884.840 744939.166  0.96%   109 3053s
  8620  6144 741156.022   40  433 737884.840 744921.486  0.95%   109 3062s
  8631  6155 740297.039   51  412 737884.840 744921.486  0.95%   109 3065s
  8646  6170 739220.956   66  396 737884.840 744921.486  0.95%   109 3070s
  8661  6185 738522.843   81  377 737884.840 744921.486  0.95%   109 3075s
  8689  6196 741016.188   40  431 737884.840 744909.426  0.95%   110 3090s
  8699  6206 740224.620   50  415 737884.840 744909.426  0.95%   110 3095s
  8707  6214 739996.953   53  419 737884.840 744909.426  0.95%   110 3100s
  8734  6241 739245.997   62  378 737884.840 744909.426  0.95%   110 3105s
  8754  6261 738831.238   71  369 737884.840 744909.426  0.95%   110 3110s
  8779  6286 738109.262   87  344 737884.840 744909.426  0.95%   110 3115s
  8798  6291 741191.068   36  451 737884.840 744909.426  0.95%   110 3127s
  8800  6293 741119.697   38  441 737884.840 744909.426  0.95%   110 3131s
  8815  6308 740407.978   53  418 737884.840 744909.426  0.95%   110 3135s
  8826  6319 739660.035   64  391 737884.840 744909.426  0.95%   110 3140s
  8854  6347 738217.576   92  325 737884.840 744909.426  0.95%   110 3145s
  8868  6348 741173.809   36  449 737884.840 744822.074  0.94%   110 3155s
  8877  6357 740806.139   41  433 737884.840 744822.074  0.94%   110 3160s
  8889  6369 740639.369   47  430 737884.840 744822.074  0.94%   110 3165s
  8901  6381 740302.089   53  420 737884.840 744822.074  0.94%   110 3170s
  8920  6400 739348.031   62  381 737884.840 744822.074  0.94%   110 3175s
  8931  6411 739307.181   68  392 737884.840 744822.074  0.94%   110 3180s
  8969  6449 738415.472   87  341 737884.840 744822.074  0.94%   110 3186s
  8978  6458 738266.860   91  323 737884.840 744822.074  0.94%   110 3190s
  9003  6466 741111.551   38  440 737884.840 744821.053  0.94%   110 3198s
  9005  6468 741075.538   40  433 737884.840 744821.053  0.94%   110 3200s
  9028  6491 739203.029   63  411 737884.840 744821.053  0.94%   110 3205s
  9053  6515 737972.142   88  377 737884.840 744821.053  0.94%   110 3210s
  9061  6513 740814.804   38  446 737884.840 744805.475  0.94%   111 3216s
  9069  6521 740049.194   46  420 737884.840 744805.475  0.94%   111 3220s
  9105  6546 740961.684   39  447 737884.840 744803.993  0.94%   111 3230s
  9113  6554 740196.101   47  422 737884.840 744803.993  0.94%   111 3235s
  9139  6580 738607.813   73  390 737884.840 744803.993  0.94%   111 3240s
  9161  6594 737949.932   89  367 737884.840 744803.993  0.94%   111 3245s
  9166  6593 740930.393   39  437 737884.840 744750.516  0.93%   111 3250s
  9191  6618 739099.277   64  394 737884.840 744750.516  0.93%   111 3255s
  9238  6642 740899.665   45  427 737884.840 744745.600  0.93%   111 3264s
  9239  6643 740885.999   46  422 737884.840 744745.600  0.93%   111 3265s
  9252  6656 739849.556   59  411 737884.840 744745.600  0.93%   111 3270s
  9279  6683 738427.796   86  378 737884.840 744745.600  0.93%   111 3275s
  9298  6692 740858.171   45  421 737884.840 744745.040  0.93%   111 3283s
  9300  6694 740823.850   47  419 737884.840 744745.040  0.93%   111 3285s
  9325  6719 739067.551   72  370 737884.840 744745.040  0.93%   111 3290s
  9358  6741 740843.678   49  422 737884.840 744742.975  0.93%   112 3299s
  9359  6742 740823.497   50  421 737884.840 744742.975  0.93%   112 3300s
  9377  6760 739469.727   68  401 737884.840 744742.975  0.93%   112 3305s
  9404  6787 738043.734   95  370 737884.840 744742.975  0.93%   111 3310s
  9414  6787 740419.255   49  422 737884.840 744739.131  0.93%   112 3316s
  9423  6796 739873.425   54  406 737884.840 744739.131  0.93%   112 3320s
  9452  6825 738484.481   66  376 737884.840 744739.131  0.93%   112 3325s
  9475  6832 740808.965   41  440 737884.840 744738.699  0.93%   112 3333s
  9477  6834 740772.086   43  433 737884.840 744738.699  0.93%   112 3335s
  9499  6856 739586.533   57  405 737884.840 744738.699  0.93%   112 3340s
  9522  6879 738769.934   68  386 737884.840 744738.699  0.93%   112 3345s
  9560  6911     cutoff   89      737884.840 744738.699  0.93%   112 3350s
  9565  6908 741042.498   43  442 737884.840 744738.340  0.93%   112 3356s
  9570  6913 740663.251   48  421 737884.840 744738.340  0.93%   112 3360s
  9594  6936 738061.293   72  375 737884.840 744738.340  0.93%   112 3365s
  9603  6937 741030.499   41  441 737884.840 744721.350  0.93%   113 3371s
  9610  6944 740334.708   48  425 737884.840 744721.350  0.93%   113 3375s
  9633  6967 738764.322   71  402 737884.840 744721.350  0.93%   113 3380s
  9662  6980 740883.157   44  434 737884.840 744699.206  0.92%   113 3389s
  9663  6981 740709.433   45  431 737884.840 744699.206  0.92%   113 3390s
  9684  7002 739416.045   66  412 737884.840 744699.206  0.92%   113 3395s
  9706  7024 738330.091   88  381 737884.840 744699.206  0.92%   113 3400s
  9719  7027 740971.766   43  440 737884.840 744699.161  0.92%   113 3407s
  9734  7042 740187.827   58  413 737884.840 744699.161  0.92%   113 3410s
  9739  7047 739720.469   63  402 737884.840 744699.161  0.92%   113 3427s
  9752  7060 739198.186   76  374 737884.840 744699.161  0.92%   113 3430s
  9789  7079     cutoff  101      737884.840 744699.161  0.92%   113 3435s
  9795  7078 740793.992   44  428 737884.840 744662.235  0.92%   113 3440s
  9819  7102 738969.492   68  400 737884.840 744662.235  0.92%   113 3445s
  9840  7113 740467.750   51  426 737884.840 744659.076  0.92%   114 3454s
  9842  7115 740393.170   53  421 737884.840 744659.076  0.92%   114 3455s
  9866  7139 738813.642   77  396 737884.840 744659.076  0.92%   114 3460s
  9898  7161 740639.159   47  435 737884.840 744658.815  0.92%   114 3470s
  9918  7181 739007.324   67  400 737884.840 744658.815  0.92%   114 3475s
  9948  7199 740465.662   51  421 737884.840 744656.441  0.92%   114 3485s
  9970  7221 739064.469   73  410 737884.840 744656.441  0.92%   114 3492s
  9976  7227 738846.579   79  403 737884.840 744656.441  0.92%   114 3496s
  9998  7247     cutoff  101      737884.840 744656.441  0.92%   114 3500s
 10009  7245 740497.996   47  431 737884.840 744652.384  0.92%   114 3506s
 10028  7264 738960.530   66  399 737884.840 744652.384  0.92%   114 3510s
 10051  7277 740507.265   50  423 737884.840 744650.654  0.92%   114 3519s
 10056  7282 740384.590   53  415 737884.840 744650.654  0.92%   115 3520s
 10089  7315 739286.697   69  398 737884.840 744650.654  0.92%   115 3525s
 10131  7357 738242.158   90  353 737884.840 744650.654  0.92%   115 3530s
 10176  7363 740648.743   50  425 737884.840 744635.021  0.91%   115 3538s
 10182  7369 740028.055   56  412 737884.840 744635.021  0.91%   115 3540s
 10211  7398 739146.003   72  396 737884.840 744635.021  0.91%   115 3545s
 10247  7434 738372.751   86  371 737884.840 744635.021  0.91%   115 3550s
 10275  7446 740759.381   42  433 737884.840 744600.893  0.91%   115 3558s
 10284  7455 740442.662   47  419 737884.840 744600.893  0.91%   115 3560s
 10316  7487 739547.131   57  389 737884.840 744600.893  0.91%   115 3565s
 10357  7515 740828.360   46  428 737884.840 744600.059  0.91%   115 3575s
 10383  7541 739103.899   72  400 737884.840 744600.059  0.91%   115 3580s
 10416  7560 740704.254   46  422 737884.840 744597.985  0.91%   116 3590s
 10440  7584 739021.933   70  398 737884.840 744597.985  0.91%   116 3595s
 10468  7608 737916.932   95  369 737884.840 744597.985  0.91%   116 3600s
 10478  7606 740236.194   48  424 737884.840 744593.578  0.91%   116 3606s
 10499  7627 738383.012   69  401 737884.840 744593.578  0.91%   116 3610s
 10515  7633 740702.095   48  425 737884.840 744575.701  0.91%   116 3649s
 10516  7634 740680.206   49  422 737884.840 744575.701  0.91%   116 3650s
 10546  7664 738651.563   79  395 737884.840 744575.701  0.91%   116 3655s
 10577  7676 740826.279   42  437 737884.840 744572.726  0.91%   116 3665s
 10602  7701 739218.809   67  411 737884.840 744572.726  0.91%   116 3670s
 10630  7713 740511.894   53  420 737884.840 744571.269  0.91%   117 3679s
 10631  7714 740499.820   54  417 737884.840 744571.269  0.91%   117 3680s
 10661  7744 738633.040   84  381 737884.840 744571.269  0.91%   116 3685s
 10683  7752 740380.511   53  419 737884.840 744551.024  0.90%   117 3693s
 10693  7762 739824.921   63  408 737884.840 744551.024  0.90%   117 3695s
 10726  7795 738129.672   96  360 737884.840 744551.024  0.90%   117 3700s
 10738  7796 740419.325   52  426 737884.840 744543.422  0.90%   117 3706s
 10758  7816 739133.910   72  398 737884.840 744543.422  0.90%   117 3710s
 10788  7837 740386.892   52  421 737884.840 744440.043  0.89%   117 3719s
 10789  7838 740374.851   53  418 737884.840 744440.043  0.89%   117 3720s
 10817  7866 738373.137   81  381 737884.840 744440.043  0.89%   117 3725s
 10834  7871 740104.377   56  414 737884.840 744438.975  0.89%   117 3731s
 10855  7892 739206.982   70  380 737884.840 744438.975  0.89%   117 3735s
 10901  7938 737933.143   94  334 737884.840 744438.975  0.89%   117 3740s
 10908  7933 740195.110   56  415 737884.840 744427.086  0.89%   117 3745s
 10938  7963 738574.445   86  364 737884.840 744427.086  0.89%   117 3750s
 10971  7975 740375.262   54  420 737884.840 744427.086  0.89%   117 3758s
 10973  7977 740300.476   56  412 737884.840 744427.086  0.89%   117 3760s
 10997  8001 738753.772   80  393 737884.840 744427.086  0.89%   117 3765s
 11022  8015 740322.186   54  416 737884.840 744372.676  0.88%   118 3783s
 11031  8024 739885.621   63  398 737884.840 744372.676  0.88%   118 3785s
 11072  8051 739754.578   60  412 737884.840 744371.323  0.88%   118 3795s
 11099  8078 738014.627   87  366 737884.840 744371.323  0.88%   118 3800s
 11119  8076 739670.661   60  407 737884.840 744337.056  0.87%   118 3806s
 11136  8093 738653.698   77  381 737884.840 744337.056  0.87%   118 3810s
 11164  8099 739449.157   59  408 737884.840 744335.460  0.87%   118 3818s
 11179  8114 738643.074   74  386 737884.840 744335.460  0.87%   118 3820s
 11200  8121 739558.829   59  409 737884.840 744322.508  0.87%   118 3827s
 11220  8141 739122.066   69  379 737884.840 744322.508  0.87%   118 3830s
 11273  8177     cutoff   94      737884.840 744322.508  0.87%   118 3835s
 11274  8178 739657.166   57  404 737884.840 744322.001  0.87%   119 3840s
 11308  8206     cutoff   88      737884.840 744322.001  0.87%   119 3845s
 11313  8205 739690.698   58  406 737884.840 744304.578  0.87%   119 3850s
 11347  8226 737953.880   82  374 737884.840 744304.578  0.87%   119 3855s
 11354  8227 739533.554   59  398 737884.840 744303.528  0.87%   119 3860s
 11371  8244 738559.126   76  362 737884.840 744303.528  0.87%   119 3865s
 11386  8247 739636.106   58  403 737884.840 744292.579  0.87%   119 3870s
 11418  8279 738746.835   70  365 737884.840 744292.579  0.87%   119 3875s
 11456  8316 738021.816   83  340 737884.840 744292.579  0.87%   119 3880s
 11473  8309 739497.822   62  394 737884.840 744291.380  0.87%   119 3887s
 11487  8323 738665.443   76  370 737884.840 744291.380  0.87%   119 3890s
 11504  8330 739505.305   62  395 737884.840 744258.167  0.86%   119 3897s
 11509  8335 739129.668   67  385 737884.840 744258.167  0.86%   119 3900s
 11541  8348 739467.789   61  407 737884.840 744257.377  0.86%   120 3909s
 11542  8349 739455.904   62  405 737884.840 744257.377  0.86%   120 3910s
 11557  8364 738624.423   77  371 737884.840 744257.377  0.86%   120 3915s
 11578  8374 739610.079   61  410 737884.840 744214.820  0.86%   120 3923s
 11581  8377 739365.809   64  406 737884.840 744214.820  0.86%   120 3925s
 11613  8398 737938.296   88  353 737884.840 744214.820  0.86%   120 3931s
 11622  8397 740207.450   55  415 737884.840 744211.698  0.86%   120 3936s
 11640  8415 739478.548   62  399 737884.840 744211.698  0.86%   120 3940s
 11665  8440 738100.686   72  366 737884.840 744211.698  0.86%   120 3945s
 11678  8439 740165.006   55  405 737884.840 744159.685  0.85%   120 3950s
 11690  8451 739408.579   67  374 737884.840 744159.685  0.85%   120 3955s
 11727  8474 739152.988   63  384 737884.840 744158.895  0.85%   121 3964s
 11733  8480 738986.109   69  368 737884.840 744158.895  0.85%   121 3965s
 11761  8493 739295.267   63  387 737884.840 744119.898  0.84%   121 3972s
 11769  8501 738370.319   71  371 737884.840 744119.898  0.84%   121 3976s
 11781  8505 739093.425   67  378 737884.840 744118.433  0.84%   121 3981s
 11807  8517 739138.975   67  374 737884.840 744084.189  0.84%   121 3988s
 11819  8529 738354.030   79  352 737884.840 744084.189  0.84%   121 3990s
 11835  8529 739144.661   66  376 737884.840 744079.278  0.84%   121 3995s
 11870  8550 739073.865   66  374 737884.840 744057.520  0.84%   121 4002s
 11889  8566 737924.470   84  326 737884.840 744057.520  0.84%   121 4005s
 11895  8564 739177.003   64  382 737884.840 744056.278  0.84%   122 4010s
 11923  8579 739094.747   64  378 737884.840 744029.204  0.83%   122 4018s
 11924  8580 739078.374   65  374 737884.840 744029.204  0.83%   122 4020s
 11949  8589 739120.436   65  379 737884.840 744027.833  0.83%   122 4027s
 11965  8605 738484.822   73  355 737884.840 744027.833  0.83%   122 4030s
 11994  8620 739064.237   65  379 737884.840 744001.161  0.83%   122 4037s
 12005  8631 738045.256   76  358 737884.840 744001.161  0.83%   122 4040s
 12018  8630 743112.646   15  473 737884.840 744000.330  0.83%   122 4045s
 12022  8634 742661.586   19  456 737884.840 744000.330  0.83%   122 4050s
 12034  8646 741965.344   31  427 737884.840 744000.330  0.83%   122 4055s
 12059  8671 740942.285   56  375 737884.840 744000.330  0.83%   122 4060s
 12079  8691 739960.047   76  350 737884.840 744000.330  0.83%   122 4065s
 12106  8718 738857.820  103  324 737884.840 744000.330  0.83%   122 4070s
 12127  8730 742945.764   15  471 737884.840 743971.507  0.82%   122 4078s
 12134  8737 742679.354   19  463 737884.840 743971.507  0.82%   122 4080s
 12155  8758 741792.176   29  443 737884.840 743971.507  0.82%   122 4085s
 12176  8779 740914.581   37  419 737884.840 743971.507  0.82%   122 4090s
 12202  8805 740294.253   48  402 737884.840 743971.507  0.82%   122 4095s
 12239  8842 738485.919   62  364 737884.840 743971.507  0.82%   122 4100s
 12259  8849 742990.437   14  469 737884.840 743971.507  0.82%   122 4105s
 12275  8865 741975.091   30  426 737884.840 743971.507  0.82%   122 4110s
 12300  8890 740941.175   55  370 737884.840 743971.507  0.82%   122 4115s
 12335  8925 738942.654   90  330 737884.840 743971.507  0.82%   122 4120s
 12361  8941 742997.949   14  468 737884.840 743923.620  0.82%   122 4126s
 12368  8948 742414.087   21  450 737884.840 743923.620  0.82%   122 4130s
 12385  8965 741446.603   38  403 737884.840 743923.620  0.82%   122 4135s
 12429  9009 739755.961   82  313 737884.840 743923.620  0.82%   122 4140s
 12501  9068 742934.959   13  478 737884.840 743923.331  0.82%   122 4147s
 12510  9077 742303.055   22  451 737884.840 743923.331  0.82%   122 4150s
 12532  9099 741269.074   44  393 737884.840 743923.331  0.82%   122 4155s
 12557  9124 739734.245   69  351 737884.840 743923.331  0.82%   122 4160s
 12599  9166 738084.404  111  314 737884.840 743923.331  0.82%   121 4165s
 12609  9167 742983.134   13  480 737884.840 743917.936  0.82%   121 4171s
 12610  9168 742927.196   14  472 737884.840 743917.936  0.82%   122 4181s
 12619  9177 742178.478   23  442 737884.840 743917.936  0.82%   122 4185s
 12642  9200 741332.770   46  403 737884.840 743917.936  0.82%   121 4190s
 12682  9240 739701.888   73  346 737884.840 743917.936  0.82%   121 4195s
 12709  9267 739020.136   90  319 737884.840 743917.936  0.82%   121 4200s
 12765  9323 738203.261  110  273 737884.840 743917.936  0.82%   121 4205s
 12796  9342 738264.952   69  369 737884.840 743917.468  0.82%   121 4211s
 12829  9341 738644.910   69  371 737884.840 743874.940  0.81%   121 4217s
 12844  9348 738514.515   70  374 737884.840 743858.666  0.81%   122 4222s
 12856  9358     cutoff   82      737884.840 743858.666  0.81%   122 4225s
 12865  9359 742721.443   22  462 737884.840 743853.476  0.81%   122 4230s
 12883  9377 741955.227   40  409 737884.840 743853.476  0.81%   122 4235s
 12907  9401 740677.889   64  383 737884.840 743853.476  0.81%   122 4240s
 12949  9443 738030.431  106  323 737884.840 743853.476  0.81%   121 4245s
 12961  9441 742897.486   20  469 737884.840 743850.361  0.81%   122 4251s
 12964  9444 742616.649   23  455 737884.840 743850.361  0.81%   122 4255s
 12981  9461 741571.298   40  403 737884.840 743850.361  0.81%   122 4260s
 13034  9514 739226.892   93  296 737884.840 743850.361  0.81%   121 4265s
 13091  9552 738505.744   70  376 737884.840 743843.928  0.81%   121 4270s
 13114  9561 742829.456   17  472 737884.840 743840.112  0.81%   121 4277s
 13120  9567 742339.730   23  456 737884.840 743840.112  0.81%   121 4280s
 13137  9584 741538.104   40  396 737884.840 743840.112  0.81%   121 4285s
 13171  9618 739776.994   74  352 737884.840 743840.112  0.81%   121 4290s
 13222  9669 737891.155  125  313 737884.840 743840.112  0.81%   121 4295s
 13234  9666 742690.114   22  455 737884.840 743839.785  0.81%   121 4300s
 13247  9679 741985.643   35  424 737884.840 743839.785  0.81%   121 4305s
 13273  9705 740569.049   61  382 737884.840 743839.785  0.81%   121 4311s
 13304  9736 738231.305   92  335 737884.840 743839.785  0.81%   121 4315s
 13319  9740 742709.128   22  460 737884.840 743837.516  0.81%   121 4321s
 13332  9753 742315.055   28  447 737884.840 743837.516  0.81%   121 4325s
 13349  9770 741938.994   34  437 737884.840 743837.516  0.81%   121 4330s
 13371  9792 740822.822   43  400 737884.840 743837.516  0.81%   121 4335s
 13396  9817 739714.967   55  375 737884.840 743837.516  0.81%   121 4340s
 13426  9846 738183.131   65  350 737884.840 743837.516  0.81%   121 4345s
 13439  9848 742231.342   21  454 737884.840 743834.483  0.81%   121 4351s
 13453  9862 741297.055   35  413 737884.840 743834.483  0.81%   121 4355s
 13481  9890 739655.228   63  376 737884.840 743834.483  0.81%   121 4360s
 13520  9912     cutoff   90      737884.840 743834.483  0.81%   121 4365s
 13534  9924 738447.814   78  357 737884.840 743834.368  0.81%   121 4370s
 13560  9940 739106.669   68  371 737884.840 743828.937  0.81%   121 4376s
 13588  9952 742760.074   16  466 737884.840 743826.855  0.81%   121 4385s
 13598  9962 741959.362   26  442 737884.840 743826.855  0.81%   121 4390s
 13627  9991 740663.017   55  382 737884.840 743826.855  0.81%   121 4395s
 13664 10028 738915.556   92  323 737884.840 743826.855  0.81%   121 4400s
 13698 10050 742926.491   16  471 737884.840 743761.799  0.80%   121 4406s
 13702 10054 742483.173   20  456 737884.840 743761.799  0.80%   121 4410s
 13723 10075 741488.844   41  403 737884.840 743761.799  0.80%   121 4415s
 13749 10101 739390.912   67  353 737884.840 743761.799  0.80%   121 4420s
 13775 10115 742797.023   22  457 737884.840 743761.201  0.80%   121 4426s
 13786 10126 742142.320   33  429 737884.840 743761.201  0.80%   121 4430s
 13813 10153 740858.104   60  374 737884.840 743761.201  0.80%   121 4435s
 13837 10177 739720.898   84  353 737884.840 743761.201  0.80%   121 4440s
 13875 10205 742607.041   22  451 737884.840 743742.668  0.79%   121 4447s
 13878 10208 742362.120   25  446 737884.840 743742.668  0.79%   121 4450s
 13896 10226 741378.721   43  398 737884.840 743742.668  0.79%   121 4455s
 13930 10260 738984.328   77  345 737884.840 743742.668  0.79%   121 4460s
 13963 10278 742821.415   18  471 737884.840 743741.880  0.79%   121 4468s
 13965 10280 742583.914   20  451 737884.840 743741.880  0.79%   121 4470s
 13975 10290 741163.256   30  415 737884.840 743741.880  0.79%   121 4475s
 14007 10309 742664.167   18  467 737884.840 743739.890  0.79%   121 4482s
 14013 10315 742269.812   24  452 737884.840 743739.890  0.79%   121 4485s
 14028 10330 741547.345   39  413 737884.840 743739.890  0.79%   121 4499s
 14030 10332 741322.157   41  406 737884.840 743739.890  0.79%   121 4500s
 14053 10355 739680.242   64  376 737884.840 743739.890  0.79%   121 4505s
 14084 10376 742777.426   19  468 737884.840 743739.478  0.79%   121 4512s
 14090 10382 742290.772   25  450 737884.840 743739.478  0.79%   121 4515s
 14117 10409 740391.989   52  380 737884.840 743739.478  0.79%   121 4520s
 14166 10458 738037.458  101  271 737884.840 743739.478  0.79%   121 4525s
 14179 10461 742750.520   19  464 737884.840 743713.871  0.79%   121 4530s
 14200 10482 741121.505   40  410 737884.840 743713.871  0.79%   121 4535s
 14224 10506 739124.352   64  371 737884.840 743713.871  0.79%   121 4540s
 14259 10527 742738.707   23  456 737884.840 743710.744  0.79%   121 4547s
 14272 10540 742014.687   36  425 737884.840 743710.744  0.79%   121 4550s
 14302 10570 740289.982   66  367 737884.840 743710.744  0.79%   120 4555s
 14343 10611 738523.504  107  333 737884.840 743710.744  0.79%   120 4560s
 14368 10625 742549.286   23  452 737884.840 743710.364  0.79%   120 4565s
 14393 10650 741278.050   47  380 737884.840 743710.364  0.79%   120 4570s
 14438 10695 739839.362   80  338 737884.840 743710.364  0.79%   120 4575s
 14495 10752 738397.166  108  291 737884.840 743710.364  0.79%   120 4580s
 14543 10789 742644.678   25  460 737884.840 743706.533  0.79%   120 4586s
 14546 10792 742434.359   28  451 737884.840 743706.533  0.79%   120 4719s
H14547 10767                    737910.74382 743706.533  0.79%   120 4737s
 14554 10776 741884.726   36  422 737910.744 743706.533  0.79%   120 4740s
 14590 10812 740082.042   72  362 737910.744 743706.533  0.79%   120 4745s
 14649 10859 743328.267   13  480 737910.744 743703.791  0.79%   120 4757s
 14652 10862 742677.089   16  452 737910.744 743703.791  0.79%   120 4760s
 14673 10883 740952.916   37  424 737910.744 743703.791  0.79%   120 4765s
 14697 10907 739352.104   61  376 737910.744 743703.791  0.79%   120 4770s
 14732 10923 742369.091   27  453 737910.744 743703.627  0.79%   120 4779s
 14735 10926 742161.853   30  453 737910.744 743703.627  0.79%   120 4780s
 14757 10948 741101.198   52  404 737910.744 743703.627  0.79%   120 4785s
 14789 10980 739499.735   84  351 737910.744 743703.627  0.79%   120 4790s
 14837 11018 742924.127   13  468 737910.744 743703.455  0.79%   120 4797s
 14845 11026 742479.271   21  460 737910.744 743703.455  0.79%   120 4800s
 14858 11039 741484.501   34  423 737910.744 743703.455  0.79%   120 4805s
 14895 11076 740185.638   71  314 737910.744 743703.455  0.79%   120 4810s
 14994 11162 742272.830   27  456 737910.744 743702.921  0.78%   119 4819s
 14998 11166 741892.332   31  443 737910.744 743702.921  0.78%   119 4820s
 15022 11190 740562.427   55  393 737910.744 743702.921  0.78%   119 4825s
 15075 11243 738266.494  108  328 737910.744 743702.921  0.78%   119 4830s
 15095 11244     cutoff   74      737910.744 743684.230  0.78%   120 4837s
 15096 11243     cutoff   74      737910.744 743680.046  0.78%   120 4840s
 15098 11241     cutoff   72      737910.744 743674.387  0.78%   120 4845s
 15099 11242 742137.274   25  444 737910.744 743673.929  0.78%   120 4850s
 15130 11273 740712.631   54  376 737910.744 743673.929  0.78%   120 4855s
 15179 11322 739371.684   87  322 737910.744 743673.929  0.78%   120 4860s
 15237 11380 738472.543  105  281 737910.744 743673.929  0.78%   120 4865s
 15282 11405     cutoff   71      737910.744 743630.064  0.78%   120 4870s
 15284 11403     cutoff   75      737910.744 743623.461  0.77%   120 4875s
 15287 11406 742119.798   26  450 737910.744 743623.461  0.77%   121 4880s
 15311 11430 740987.220   50  398 737910.744 743623.461  0.77%   121 4885s
 15348 11467 739329.489   87  340 737910.744 743623.461  0.77%   120 4890s
 15400 11504 742228.793   24  442 737910.744 743540.601  0.76%   120 4897s
 15409 11513 741734.410   33  434 737910.744 743540.601  0.76%   120 4900s
 15438 11542 740325.209   62  379 737910.744 743540.601  0.76%   120 4905s
 15475 11579 738504.176   99  320 737910.744 743540.601  0.76%   120 4910s
 15512 11587     cutoff   73      737910.744 743496.303  0.76%   120 4915s
 15513 11588 742144.596   26  446 737910.744 743496.177  0.76%   120 4920s
 15537 11612 741276.208   50  408 737910.744 743496.177  0.76%   120 4925s
 15550 11625 740465.286   63  389 737910.744 743496.177  0.76%   120 4930s
 15597 11672 738478.866  110  342 737910.744 743496.177  0.76%   120 4935s
 15622 11683     cutoff   77      737910.744 743491.388  0.76%   120 4940s
 15624 11685 741841.031   27  447 737910.744 743489.586  0.76%   121 4945s
 15648 11709 741008.023   51  407 737910.744 743489.586  0.76%   120 4950s
 15688 11749 739624.600   79  332 737910.744 743489.586  0.76%   120 4955s
 15756 11817 738223.232  110  279 737910.744 743489.586  0.76%   120 4960s
 15784 11826 742617.746   15  466 737910.744 743489.586  0.76%   120 4965s
 15798 11840 741826.232   29  442 737910.744 743489.586  0.76%   120 4970s
 15826 11868 740742.277   57  410 737910.744 743489.586  0.76%   120 4975s
 15848 11890 739509.286   79  369 737910.744 743489.586  0.76%   120 4980s
 15889 11921 742775.282   15  463 737910.744 743478.007  0.75%   120 4987s
 15894 11926 742318.028   20  461 737910.744 743478.007  0.75%   120 4990s
 15912 11944 741628.318   38  430 737910.744 743478.007  0.75%   120 4995s
 15938 11970 740062.514   64  388 737910.744 743478.007  0.75%   120 5000s
 15964 11996 738552.384   90  325 737910.744 743478.007  0.75%   120 5005s
 15981 12003 742757.290   14  461 737910.744 743477.760  0.75%   120 5010s
 15995 12017 742024.785   28  448 737910.744 743477.760  0.75%   120 5015s
 16022 12044 740855.803   55  371 737910.744 743477.760  0.75%   120 5020s
 16078 12100 738563.402  111  263 737910.744 743477.760  0.75%   120 5025s
 16128 12127 742729.891   14  472 737910.744 743476.638  0.75%   120 5031s
 16148 12147 741889.436   25  446 737910.744 743476.638  0.75%   120 5035s
 16169 12168 740950.052   33  425 737910.744 743476.638  0.75%   120 5040s
 16205 12204 739950.558   45  402 737910.744 743476.638  0.75%   120 5045s
 16264 12245     cutoff   79      737910.744 743476.431  0.75%   120 5051s
 16266 12243     cutoff   76      737910.744 743461.790  0.75%   120 5055s
 16268 12243 742053.899   28  451 737910.744 743431.736  0.75%   120 5060s
 16291 12266 740981.561   51  393 737910.744 743431.736  0.75%   120 5065s
 16328 12303 739100.222   88  326 737910.744 743431.736  0.75%   120 5070s
 16363 12330 741914.456   28  451 737910.744 743390.505  0.74%   120 5076s
 16377 12344 740878.041   42  414 737910.744 743390.505  0.74%   120 5080s
 16421 12388 738826.142   86  286 737910.744 743390.505  0.74%   120 5085s
 16463 12401 741779.951   29  445 737910.744 743389.927  0.74%   120 5092s
 16473 12411 741300.173   39  432 737910.744 743389.927  0.74%   120 5095s
 16500 12438 739906.102   66  380 737910.744 743389.927  0.74%   120 5100s
 16532 12460 742081.051   29  450 737910.744 743385.543  0.74%   120 5108s
 16538 12466 741807.508   35  441 737910.744 743385.543  0.74%   120 5110s
 16567 12495 740508.595   64  370 737910.744 743385.543  0.74%   120 5115s
 16607 12535 738366.474  104  329 737910.744 743385.543  0.74%   120 5120s
 16629 12545 742572.479   16  474 737910.744 743379.261  0.74%   120 5126s
 16638 12554 742099.520   25  452 737910.744 743379.261  0.74%   120 5130s
 16661 12577 741243.845   48  409 737910.744 743379.261  0.74%   120 5135s
 16688 12604 739759.219   75  351 737910.744 743379.261  0.74%   120 5140s
 16731 12647 738024.073  118  317 737910.744 743379.261  0.74%   120 5145s
 16740 12644 742417.984   16  470 737910.744 743378.386  0.74%   120 5150s
 16757 12661 741363.455   33  431 737910.744 743378.386  0.74%   120 5155s
 16790 12694 739436.122   66  343 737910.744 743378.386  0.74%   120 5160s
 16832 12723     cutoff   78      737910.744 743359.624  0.74%   120 5165s
 16835 12726 742412.611   21  451 737910.744 743359.434  0.74%   120 5170s
 16854 12745 741672.097   40  430 737910.744 743359.434  0.74%   120 5175s
 16882 12773 740400.948   68  394 737910.744 743359.434  0.74%   120 5180s
 16921 12812 738796.524  107  351 737910.744 743359.434  0.74%   120 5185s
 16950 12832 742608.107   19  468 737910.744 743339.559  0.74%   120 5192s
 16952 12834 742425.367   21  452 737910.744 743339.559  0.74%   120 5195s
 16959 12841 742125.911   28  450 737910.744 743339.559  0.74%   120 5200s
 16970 12852 741242.869   39  434 737910.744 743339.559  0.74%   120 5205s
 16999 12881 740175.102   68  387 737910.744 743339.559  0.74%   120 5210s
 17035 12917 738272.451  104  351 737910.744 743339.559  0.74%   120 5215s
 17050 12919 741976.655   33  441 737910.744 743338.449  0.74%   120 5222s
 17057 12926 741792.547   40  433 737910.744 743338.449  0.74%   120 5225s
 17078 12947 740860.623   61  377 737910.744 743338.449  0.74%   120 5230s
 17113 12982 738836.919   96  332 737910.744 743338.449  0.74%   120 5235s
 17151 13007 741963.313   33  438 737910.744 743329.975  0.73%   120 5243s
 17152 13008 741952.964   34  430 737910.744 743329.975  0.73%   120 5245s
 17179 13035 740711.921   61  376 737910.744 743329.975  0.73%   120 5250s
 17229 13085 738341.427  111  309 737910.744 743329.975  0.73%   119 5255s
 17248 13092 742835.589   14  460 737910.744 743328.210  0.73%   119 5262s
 17250 13094 742579.998   16  454 737910.744 743328.210  0.73%   119 5265s
 17267 13111 741746.688   33  411 737910.744 743328.210  0.73%   119 5270s
 17296 13140 740689.571   62  352 737910.744 743328.210  0.73%   119 5275s
 17354 13198 738677.060  120  260 737910.744 743328.210  0.73%   119 5280s
 17409 13236 742980.650   14  481 737910.744 743320.810  0.73%   119 5288s
 17412 13239 742705.370   17  467 737910.744 743320.810  0.73%   119 5291s
 17424 13251 742062.783   29  434 737910.744 743320.810  0.73%   119 5295s
 17451 13278 740821.636   56  380 737910.744 743320.810  0.73%   119 5301s
 17468 13295 739398.287   73  348 737910.744 743320.810  0.73%   119 5305s
 17505 13314 742844.827   15  466 737910.744 743294.776  0.73%   119 5312s
 17512 13321 742192.426   22  434 737910.744 743294.776  0.73%   119 5315s
 17530 13339 741277.895   40  417 737910.744 743294.776  0.73%   119 5320s
 17557 13366 739990.846   67  367 737910.744 743294.776  0.73%   119 5325s
 17595 13404 738542.450  105  307 737910.744 743294.776  0.73%   119 5330s
 17616 13415 742823.627   16  460 737910.744 743294.256  0.73%   119 5335s
 17625 13424 742047.478   25  434 737910.744 743294.256  0.73%   119 5340s
 17641 13440 741193.692   41  400 737910.744 743294.256  0.73%   119 5345s
 17668 13467 739705.437   68  367 737910.744 743294.256  0.73%   119 5350s
 17705 13494 742807.980   16  458 737910.744 743288.957  0.73%   119 5358s
 17706 13495 742649.284   17  456 737910.744 743288.957  0.73%   119 5361s
 17722 13511 741661.547   33  409 737910.744 743288.957  0.73%   119 5365s
 17749 13538 740649.805   60  391 737910.744 743288.957  0.73%   119 5370s
 17768 13557 739315.871   79  358 737910.744 743288.957  0.73%   119 5375s
 17816 13589 741828.700   31  442 737910.744 743288.393  0.73%   119 5384s
 17817 13590 741810.998   32  441 737910.744 743288.393  0.73%   119 5386s
 17833 13606 741307.327   39  411 737910.744 743288.393  0.73%   119 5390s
 17867 13640 739249.594   56  356 737910.744 743288.393  0.73%   119 5395s
 17898 13658 741382.270   31  444 737910.744 743284.816  0.73%   119 5402s
 17902 13662 741213.240   35  434 737910.744 743284.816  0.73%   119 5405s
 17930 13690 740078.443   63  361 737910.744 743284.816  0.73%   119 5410s
 17957 13717 738395.870   90  289 737910.744 743284.816  0.73%   119 5415s
 17981 13727 742357.008   23  467 737910.744 743284.373  0.73%   119 5421s
 17986 13732 741853.433   28  446 737910.744 743284.373  0.73%   119 5425s
 18006 13752 740662.868   48  405 737910.744 743284.373  0.73%   119 5430s
 18029 13775 739024.203   71  361 737910.744 743284.373  0.73%   119 5435s
 18036 13782 738744.048   78  332 737910.744 743284.373  0.73%   119 5441s
 18063 13791 742135.479   20  462 737910.744 743283.950  0.73%   119 5448s
 18064 13792 742006.031   21  460 737910.744 743283.950  0.73%   119 5450s
 18084 13812 740826.825   41  405 737910.744 743283.950  0.73%   119 5455s
 18112 13840 739510.642   69  361 737910.744 743283.950  0.73%   119 5460s
 18153 13861 742385.493   20  466 737910.744 743283.191  0.73%   119 5467s
 18157 13865 741994.276   24  448 737910.744 743283.191  0.73%   119 5470s
 18173 13881 741382.423   40  417 737910.744 743283.191  0.73%   119 5475s
 18197 13905 740243.936   64  389 737910.744 743283.191  0.73%   119 5480s
 18227 13935 738986.967   94  350 737910.744 743283.191  0.73%   119 5485s
 18258 13954 742305.281   23  457 737910.744 743278.088  0.73%   119 5492s
 18262 13958 741872.727   27  435 737910.744 743278.088  0.73%   119 5495s
 18283 13979 740930.091   48  417 737910.744 743278.088  0.73%   119 5500s
 18319 14015 739179.049   84  347 737910.744 743278.088  0.73%   119 5505s
 18371 14049 741665.443   34  435 737910.744 743276.026  0.73%   119 5513s
 18376 14054 741495.731   39  415 737910.744 743276.026  0.73%   119 5515s
 18402 14080 740507.074   65  355 737910.744 743276.026  0.73%   119 5520s
 18488 14151 741684.497   34  432 737910.744 743274.405  0.73%   118 5528s
 18490 14153 741613.806   36  425 737910.744 743274.405  0.73%   118 5531s
 18509 14172 740928.714   55  383 737910.744 743274.405  0.73%   118 5535s
 18551 14214 739140.359   97  336 737910.744 743274.405  0.73%   118 5540s
 18599 14250 741726.854   30  443 737910.744 743273.192  0.73%   118 5547s
 18605 14256 740930.360   36  416 737910.744 743273.192  0.73%   118 5550s
 18633 14284 739790.673   64  384 737910.744 743273.192  0.73%   118 5555s
 18668 14317 737914.512   99  307 737910.744 743273.192  0.73%   118 5560s
 18674 14315 741614.599   31  439 737910.744 743265.313  0.73%   118 5566s
 18695 14336 740759.395   52  398 737910.744 743265.313  0.73%   118 5570s
 18713 14354 739573.938   70  379 737910.744 743265.313  0.73%   118 5575s
 18764 14394 737916.716  113  312 737910.744 743265.313  0.73%   118 5580s
 18768 14396 742661.991   18  452 737910.744 743257.585  0.72%   118 5585s
 18791 14419 741384.060   41  425 737910.744 743257.585  0.72%   118 5590s
 18817 14445 740243.362   67  384 737910.744 743257.585  0.72%   118 5595s
 18847 14475 738318.105   97  328 737910.744 743257.585  0.72%   118 5600s
 18865 14478 742693.976   15  460 737910.744 743254.046  0.72%   118 5605s
 18886 14499 741763.956   27  428 737910.744 743254.046  0.72%   118 5610s
 18912 14525 740705.101   37  390 737910.744 743254.046  0.72%   118 5615s
 18944 14557 739901.250   49  377 737910.744 743254.046  0.72%   118 5620s
 18983 14595 738202.670   66  323 737910.744 743254.046  0.72%   118 5625s
 19010 14603 742754.464   14  464 737910.744 743254.000  0.72%   118 5631s
 19026 14619 741623.898   30  417 737910.744 743254.000  0.72%   118 5635s
 19048 14641 740842.472   52  401 737910.744 743254.000  0.72%   118 5640s
 19092 14685 739344.138   82  318 737910.744 743254.000  0.72%   118 5645s
 19141 14733 738536.352  100  291 737910.744 743254.000  0.72%   118 5650s
 19181 14758 742324.098   22  459 737910.744 743253.870  0.72%   118 5657s
 19188 14765 741925.396   29  435 737910.744 743253.870  0.72%   118 5660s
 19207 14784 741039.984   48  405 737910.744 743253.870  0.72%   118 5665s
 19236 14813 739971.448   77  346 737910.744 743253.870  0.72%   118 5670s
 19296 14858 742258.725   22  453 737910.744 743253.724  0.72%   118 5679s
 19297 14859 742128.045   23  452 737910.744 743253.724  0.72%   118 5680s
 19308 14870 741392.718   34  421 737910.744 743253.724  0.72%   118 5685s
 19334 14896 740237.492   60  365 737910.744 743253.724  0.72%   118 5690s
 19373 14925 737956.749   91  314 737910.744 743253.724  0.72%   118 5695s
 19377 14925 742763.139   14  465 737910.744 743252.336  0.72%   118 5706s
 19382 14930 742244.918   19  454 737910.744 743252.336  0.72%   118 5710s
 19398 14946 741401.027   35  420 737910.744 743252.336  0.72%   118 5715s
 19422 14970 740395.058   59  382 737910.744 743252.336  0.72%   118 5720s
 19458 15006 738743.565   95  320 737910.744 743252.336  0.72%   118 5725s
 19486 15024 742247.654   17  470 737910.744 743251.911  0.72%   118 5731s
 19491 15029 741808.672   22  449 737910.744 743251.911  0.72%   118 5735s
 19510 15048 740942.551   41  414 737910.744 743251.911  0.72%   118 5740s
 19534 15072 739249.612   65  364 737910.744 743251.911  0.72%   118 5745s
 19571 15098 742749.886   15  467 737910.744 743249.973  0.72%   118 5754s
 19572 15099 742587.057   16  458 737910.744 743249.973  0.72%   118 5755s
 19588 15115 741907.062   32  427 737910.744 743249.973  0.72%   118 5760s
 19604 15131 741174.287   48  411 737910.744 743249.973  0.72%   118 5765s
 19629 15156 740025.732   73  362 737910.744 743249.973  0.72%   118 5770s
 19668 15195 738489.315  112  291 737910.744 743249.973  0.72%   117 5775s
 19695 15208 742098.665   17  466 737910.744 743238.998  0.72%   117 5782s
 19702 15215 741524.817   24  436 737910.744 743238.998  0.72%   117 5785s
 19721 15234 740384.176   43  416 737910.744 743238.998  0.72%   117 5790s
 19751 15264 738384.747   73  366 737910.744 743238.998  0.72%   117 5795s
 19773 15271 742592.209   16  451 737910.744 743237.348  0.72%   117 5801s
 19787 15285 741719.629   30  411 737910.744 743237.348  0.72%   117 5805s
 19814 15312 740585.163   57  373 737910.744 743237.348  0.72%   117 5810s
 19860 15358 738329.220  103  301 737910.744 743237.348  0.72%   117 5815s
 19876 15363 742682.062   16  459 737910.744 743235.334  0.72%   117 5820s
 19891 15378 742042.841   31  418 737910.744 743235.334  0.72%   117 5825s
 19922 15409 740587.078   62  355 737910.744 743235.334  0.72%   117 5830s
 19943 15430 739609.886   83  304 737910.744 743235.334  0.72%   117 5835s
 20015 15485 742075.015   24  456 737910.744 743234.568  0.72%   117 5844s
 20016 15486 741944.089   25  454 737910.744 743234.568  0.72%   117 5845s
 20038 15508 740877.631   47  403 737910.744 743234.568  0.72%   117 5850s
 20040 15510 740832.253   49  397 737910.744 743234.568  0.72%   117 5862s
 20065 15535 739773.577   74  370 737910.744 743234.568  0.72%   117 5865s
 20106 15575 738247.538  115  328 737910.744 743234.568  0.72%   117 5870s
 20129 15584 742255.553   18  463 737910.744 743234.116  0.72%   117 5876s
 20141 15596 741419.726   30  430 737910.744 743234.116  0.72%   117 5880s
 20171 15626 740048.945   60  398 737910.744 743234.116  0.72%   117 5885s
 20209 15663 738104.314   98  333 737910.744 743234.116  0.72%   117 5890s
 20220 15664 742035.508   20  454 737910.744 743233.891  0.72%   117 5895s
 20244 15688 740896.026   44  401 737910.744 743233.891  0.72%   117 5900s
 20286 15730 739460.871   74  346 737910.744 743233.891  0.72%   117 5905s
 20339 15783 738366.035  102  279 737910.744 743233.891  0.72%   117 5910s
 20372 15804 741229.560   35  425 737910.744 743233.403  0.72%   117 5916s
 20391 15823 740606.597   43  405 737910.744 743233.403  0.72%   117 5920s
 20423 15855 738996.036   56  374 737910.744 743233.403  0.72%   117 5925s
 20460 15882 741541.796   35  429 737910.744 743231.898  0.72%   117 5933s
 20468 15890 741300.360   43  407 737910.744 743231.898  0.72%   117 5935s
 20503 15925 739749.041   78  336 737910.744 743231.898  0.72%   117 5940s
 20558 15978 737962.438  133  288 737910.744 743231.898  0.72%   117 5945s
 20566 15976 742198.654   24  457 737910.744 743229.431  0.72%   117 5950s
 20586 15996 741140.235   44  404 737910.744 743229.431  0.72%   117 5955s
 20614 16024 739043.085   72  358 737910.744 743229.431  0.72%   117 5960s
 20648 16042 742464.314   17  457 737910.744 743228.380  0.72%   117 5967s
 20658 16052 741905.480   27  438 737910.744 743228.380  0.72%   117 5970s
 20696 16090 740395.735   65  339 737910.744 743228.380  0.72%   117 5975s
 20782 16163 742449.844   16  457 737910.744 743227.240  0.72%   117 5983s
 20786 16167 742070.190   20  446 737910.744 743227.240  0.72%   117 5985s
 20810 16191 740683.497   44  403 737910.744 743227.240  0.72%   117 5990s
 20842 16223 739146.106   76  358 737910.744 743227.240  0.72%   116 5995s
 20874 16244     cutoff   82      737910.744 743226.659  0.72%   116 6000s
 20880 16250 742043.640   23  446 737910.744 743224.330  0.72%   117 6005s
 20902 16272 741095.722   45  406 737910.744 743224.330  0.72%   117 6010s
 20941 16311 739135.616   84  353 737910.744 743224.330  0.72%   116 6015s
 20971 16332 742610.656   16  462 737910.744 743214.418  0.72%   116 6021s
 20989 16350 742041.417   25  424 737910.744 743214.418  0.72%   116 6025s
 21018 16379 741304.468   40  407 737910.744 743214.418  0.72%   117 6030s
 21053 16414 740480.055   57  372 737910.744 743214.418  0.72%   117 6035s
 21098 16459 739678.561   80  326 737910.744 743214.418  0.72%   116 6040s
 21150 16511 738748.744  106  284 737910.744 743214.418  0.72%   116 6045s
 21206 16547     cutoff   86      737910.744 743194.605  0.72%   116 6051s
 21208 16547 742360.521   19  461 737910.744 743184.157  0.71%   117 6055s
 21222 16561 741167.589   33  423 737910.744 743184.157  0.71%   117 6060s
 21253 16592 740145.947   64  389 737910.744 743184.157  0.71%   116 6065s
 21300 16639 738108.954  111  302 737910.744 743184.157  0.71%   116 6070s
 21313 16642 741643.685   29  437 737910.744 743181.362  0.71%   116 6075s
 21332 16661 740435.596   48  393 737910.744 743181.362  0.71%   116 6080s
 21375 16704 738112.090   91  334 737910.744 743181.362  0.71%   116 6085s
 21390 16704 741989.368   26  447 737910.744 743178.828  0.71%   116 6102s
 21398 16712 741634.104   31  440 737910.744 743178.828  0.71%   116 6105s
 21428 16742 740619.757   45  406 737910.744 743178.828  0.71%   116 6110s
 21471 16785 738039.700   65  355 737910.744 743178.828  0.71%   116 6115s
 21485 16787 742511.823   15  446 737910.744 743178.576  0.71%   117 6120s
 21507 16809 740798.153   37  385 737910.744 743178.576  0.71%   117 6125s
 21553 16855 738481.299   83  312 737910.744 743178.576  0.71%   116 6130s
 21571 16862 742532.987   15  455 737910.744 743178.375  0.71%   116 6136s
 21584 16875 741677.610   28  424 737910.744 743178.375  0.71%   116 6140s
 21613 16904 740571.092   57  387 737910.744 743178.375  0.71%   116 6145s
 21653 16944 738547.075   97  312 737910.744 743178.375  0.71%   116 6150s
 21679 16958 742480.362   20  454 737910.744 743171.328  0.71%   116 6155s
 21695 16974 741141.015   36  429 737910.744 743171.328  0.71%   116 6160s
 21724 17003 739246.756   65  403 737910.744 743171.328  0.71%   116 6165s
 21763 17017 737960.243   80  365 737910.744 743171.328  0.71%   116 6170s
 21780 17014 742541.568   21  461 737910.744 743159.289  0.71%   116 6175s
 21799 17033 741405.750   40  401 737910.744 743159.289  0.71%   116 6180s
 21834 17068 739801.908   75  333 737910.744 743159.289  0.71%   116 6185s
 21881 17105 742613.911   19  454 737910.744 743148.957  0.71%   116 6190s
 21895 17119 741461.437   33  430 737910.744 743148.957  0.71%   116 6195s
 21925 17149 740274.829   63  401 737910.744 743148.957  0.71%   116 6200s
 21962 17186 738125.251  100  326 737910.744 743148.957  0.71%   116 6205s
 21975 17185 742381.299   17  455 737910.744 743137.757  0.71%   116 6210s
 21993 17203 741343.834   35  417 737910.744 743137.757  0.71%   116 6215s
 22030 17240 739888.074   69  364 737910.744 743137.757  0.71%   116 6220s
 22079 17289 738628.568   93  318 737910.744 743137.757  0.71%   116 6225s
 22129 17324 742498.232   18  448 737910.744 743129.653  0.71%   116 6231s
 22142 17337 741416.862   31  420 737910.744 743129.653  0.71%   116 6235s
 22181 17376 739075.118   70  358 737910.744 743129.653  0.71%   116 6240s
 22218 17399 742512.330   19  456 737910.744 743125.413  0.71%   116 6246s
 22231 17412 741938.028   32  425 737910.744 743125.413  0.71%   116 6250s
 22255 17436 740680.240   56  366 737910.744 743125.413  0.71%   116 6255s
 22337 17512 737922.247  133  211 737910.744 743125.413  0.71%   116 6260s
 22346 17506 742427.214   14  463 737910.744 743122.425  0.71%   116 6267s
 22356 17516 741594.699   24  431 737910.744 743122.425  0.71%   116 6270s
 22390 17550 739913.180   58  357 737910.744 743122.425  0.71%   116 6275s
 22439 17585 742415.843   14  461 737910.744 743113.844  0.71%   116 6284s
 22443 17589 742049.297   18  444 737910.744 743113.844  0.71%   116 6285s
 22469 17615 740696.509   44  397 737910.744 743113.844  0.71%   116 6290s
 22507 17653 739276.237   82  340 737910.744 743113.844  0.71%   116 6295s
 22549 17685 741990.747   21  454 737910.744 743113.759  0.71%   116 6302s
 22559 17695 741244.109   31  428 737910.744 743113.759  0.71%   116 6305s
 22597 17733 739174.239   69  338 737910.744 743113.759  0.71%   116 6310s
 22629 17752 742049.592   21  456 737910.744 743111.823  0.70%   116 6316s
 22648 17771 741092.968   40  405 737910.744 743111.823  0.70%   116 6320s
 22699 17822 738736.743   91  286 737910.744 743111.823  0.70%   116 6325s
 22726 17835 742601.711   16  479 737910.744 743109.079  0.70%   116 6337s
 22733 17842 742022.083   23  451 737910.744 743109.079  0.70%   116 6340s
 22782 17891 740184.126   67  366 737910.744 743109.079  0.70%   116 6345s
 22856 17965 738613.219  107  292 737910.744 743109.079  0.70%   116 6350s
 22904 18004 742262.734   18  457 737910.744 743107.664  0.70%   116 6356s
 22917 18017 741403.318   31  424 737910.744 743107.664  0.70%   116 6360s
 22950 18050 739992.079   64  387 737910.744 743107.664  0.70%   115 6365s
 23006 18096     cutoff  113      737910.744 743107.664  0.70%   115 6370s
 23013 18103 741648.728   24  446 737910.744 743104.560  0.70%   115 6375s
 23037 18127 740526.848   48  390 737910.744 743104.560  0.70%   115 6380s
 23083 18173 738350.963   94  329 737910.744 743104.560  0.70%   115 6385s
 23114 18181 742277.357   20  462 737910.744 743100.971  0.70%   115 6391s
 23127 18194 741226.687   33  433 737910.744 743100.971  0.70%   115 6395s
 23166 18233 739636.647   72  377 737910.744 743100.971  0.70%   115 6400s
 23215 18271     cutoff   85      737910.744 743098.921  0.70%   115 6405s
 23219 18273 742304.350   23  456 737910.744 743093.432  0.70%   115 6410s
 23240 18294 741120.410   44  389 737910.744 743093.432  0.70%   115 6415s
 23287 18341 739072.662   91  293 737910.744 743093.432  0.70%   115 6420s
 23324 18366 742264.708   20  464 737910.744 743092.593  0.70%   115 6425s
 23346 18388 741673.712   29  449 737910.744 743092.593  0.70%   115 6430s
 23369 18411 741354.129   31  443 737910.744 743092.593  0.70%   115 6435s
 23392 18434 741159.028   34  432 737910.744 743092.593  0.70%   115 6440s
 23418 18460 740917.971   38  411 737910.744 743092.593  0.70%   115 6445s
 23463 18505 739958.725   49  392 737910.744 743092.593  0.70%   115 6450s
 23515 18557 739352.728   56  378 737910.744 743092.593  0.70%   115 6455s
 23561 18603 739197.514   58  373 737910.744 743092.593  0.70%   115 6460s
 23592 18634 738848.284   62  370 737910.744 743092.593  0.70%   115 6465s
 23628 18666 738495.317   66  367 737910.744 743092.593  0.70%   115 6470s
 23676 18666 742466.850   19  456 737910.744 743091.230  0.70%   115 6478s
 23677 18667 742304.548   20  453 737910.744 743091.230  0.70%   115 6480s
 23693 18683 741229.357   36  422 737910.744 743091.230  0.70%   115 6485s
 23723 18713 739652.335   66  391 737910.744 743091.230  0.70%   115 6490s
 23758 18734 742487.985   19  459 737910.744 743089.928  0.70%   115 6497s
 23763 18739 742038.565   24  449 737910.744 743089.928  0.70%   115 6500s
 23785 18761 741214.081   46  406 737910.744 743089.928  0.70%   115 6505s
 23821 18797 739526.419   82  349 737910.744 743089.928  0.70%   115 6510s
 23873 18839 737925.549  127  284 737910.744 743089.928  0.70%   115 6515s
 23876 18838 742287.042   18  451 737910.744 743088.922  0.70%   115 6520s
 23892 18854 741228.212   34  427 737910.744 743088.922  0.70%   115 6525s
 23925 18887 739979.181   67  369 737910.744 743088.922  0.70%   115 6530s
 23956 18918 738138.467   98  316 737910.744 743088.922  0.70%   115 6535s
 23976 18917 742113.529   18  446 737910.744 743085.911  0.70%   115 6541s
 23993 18934 741082.398   35  403 737910.744 743085.911  0.70%   115 6545s
 24025 18966 739814.021   63  355 737910.744 743085.911  0.70%   115 6550s
 24048 18989 739181.807   80  314 737910.744 743085.911  0.70%   115 6557s
 24067 19008 738789.294   87  309 737910.744 743085.911  0.70%   115 6560s
 24126 19051 742471.470   17  456 737910.744 743082.139  0.70%   115 6568s
 24127 19052 742320.019   18  449 737910.744 743082.139  0.70%   115 6570s
 24146 19071 741113.097   37  406 737910.744 743082.139  0.70%   115 6575s
 24176 19101 739236.864   67  347 737910.744 743082.139  0.70%   115 6580s
 24214 19129 742454.364   22  463 737910.744 743081.671  0.70%   115 6586s
 24225 19140 741864.469   33  428 737910.744 743081.671  0.70%   115 6590s
 24250 19165 740635.701   58  363 737910.744 743081.671  0.70%   115 6595s
 24314 19225     cutoff  121      737910.744 743081.671  0.70%   115 6600s
 24328 19225 742221.754   22  455 737910.744 743075.958  0.70%   115 6606s
 24343 19240 740425.194   37  394 737910.744 743075.958  0.70%   115 6610s
 24369 19256 742456.189   18  460 737910.744 743074.504  0.70%   115 6615s
 24382 19269 741602.335   31  430 737910.744 743074.504  0.70%   115 6620s
 24405 19292 740881.978   54  389 737910.744 743074.504  0.70%   115 6625s
 24453 19340 738933.399  102  319 737910.744 743074.504  0.70%   115 6630s
 24489 19366 742385.141   17  456 737910.744 743074.217  0.70%   115 6638s
 24498 19375 741540.252   26  436 737910.744 743074.217  0.70%   115 6640s
 24517 19394 740435.434   45  400 737910.744 743074.217  0.70%   115 6645s
 24554 19431 738428.807   82  347 737910.744 743074.217  0.70%   114 6650s
 24571 19435 742368.058   22  465 737910.744 743070.423  0.70%   115 6655s
 24586 19450 741207.196   37  425 737910.744 743070.423  0.70%   114 6660s
 24615 19479 739933.672   66  371 737910.744 743070.423  0.70%   114 6665s
 24661 19524 738203.266  112  323 737910.744 743070.423  0.70%   114 6670s
 24681 19532 742326.024   19  456 737910.744 743069.915  0.70%   114 6675s
 24697 19548 741409.292   35  429 737910.744 743069.915  0.70%   114 6680s
 24726 19577 739546.860   64  362 737910.744 743069.915  0.70%   114 6685s
 24776 19605 742376.310   17  453 737910.744 743069.587  0.70%   114 6693s
 24778 19607 742160.138   19  442 737910.744 743069.587  0.70%   114 6695s
 24801 19630 740906.937   42  405 737910.744 743069.587  0.70%   114 6700s
 24839 19668 739014.200   80  345 737910.744 743069.587  0.70%   114 6705s
 24875 19692 742435.963   17  466 737910.744 743066.330  0.70%   114 6711s
 24886 19703 741836.700   28  437 737910.744 743066.330  0.70%   114 6715s
 24908 19725 740810.241   50  381 737910.744 743066.330  0.70%   114 6720s
 24969 19784 737970.106  111  260 737910.744 743066.330  0.70%   114 6725s
 24981 19782 742324.271   21  449 737910.744 743064.557  0.70%   114 6730s
 25002 19803 741418.944   42  394 737910.744 743064.557  0.70%   114 6735s
 25038 19839 739882.644   78  347 737910.744 743064.557  0.70%   114 6740s
 25098 19888 742355.514   22  449 737910.744 743064.285  0.70%   114 6747s
 25100 19890 742162.407   24  445 737910.744 743064.285  0.70%   114 6750s
 25121 19911 741155.148   45  410 737910.744 743064.285  0.70%   114 6755s
 25150 19940 740153.033   70  352 737910.744 743064.285  0.70%   114 6760s
 25204 19994 738869.677  101  304 737910.744 743064.285  0.70%   114 6765s
 25266 20043 742325.977   22  452 737910.744 743060.766  0.70%   114 6772s
 25273 20050 741883.072   29  439 737910.744 743060.766  0.70%   114 6775s
 25296 20073 740959.696   52  389 737910.744 743060.766  0.70%   114 6780s
 25326 20103 739518.410   82  337 737910.744 743060.766  0.70%   114 6785s
 25373 20140 741323.993   36  439 737910.744 743059.111  0.70%   114 6793s
 25379 20146 740973.877   42  411 737910.744 743059.111  0.70%   114 6795s
 25410 20177 739240.779   73  332 737910.744 743059.111  0.70%   114 6800s
 25438 20191 742287.850   16  460 737910.744 743052.736  0.70%   114 6805s
 25451 20204 741202.035   29  427 737910.744 743052.736  0.70%   114 6810s
 25481 20234 740006.775   59  381 737910.744 743052.736  0.70%   114 6815s
 25520 20273 738512.124   98  313 737910.744 743052.736  0.70%   114 6820s
 25546 20283 742174.874   17  446 737910.744 743049.906  0.70%   114 6826s
 25554 20291 741722.974   25  431 737910.744 743049.906  0.70%   114 6830s
 25591 20328 740069.031   62  347 737910.744 743049.906  0.70%   114 6835s
 25662 20386 742335.917   17  456 737910.744 743047.839  0.70%   114 6842s
 25669 20393 741816.244   24  435 737910.744 743047.839  0.70%   114 6845s
 25685 20409 740979.716   40  414 737910.744 743047.839  0.70%   114 6850s
 25725 20449 738696.610   80  327 737910.744 743047.839  0.70%   114 6855s
 25747 20456 742439.813   17  460 737910.744 743046.667  0.70%   114 6861s
 25761 20470 741149.339   31  428 737910.744 743046.667  0.70%   114 6865s
 25789 20498 739933.116   59  377 737910.744 743046.667  0.70%   114 6870s
 25810 20519 738585.752   80  352 737910.744 743046.667  0.70%   114 6875s
 25847 20528 740947.659   36  434 737910.744 743046.423  0.70%   114 6881s
 25868 20549 740145.923   57  381 737910.744 743046.423  0.70%   114 6885s
 25919 20586     cutoff   91      737910.744 743045.770  0.70%   114 6890s
 25922 20587 742371.716   17  459 737910.744 743027.708  0.69%   114 6896s
 25936 20601 741740.829   31  422 737910.744 743027.708  0.69%   114 6900s
 25967 20632 740390.755   62  335 737910.744 743027.708  0.69%   114 6905s
 26054 20717 737954.717  149  165 737910.744 743027.708  0.69%   113 6910s
 26063 20716 742189.965   18  449 737910.744 743025.860  0.69%   113 6915s
 26086 20739 740936.078   41  409 737910.744 743025.860  0.69%   113 6920s
 26117 20770 739682.069   72  357 737910.744 743025.860  0.69%   113 6925s
 26174 20815 741645.604   25  445 737910.744 743025.610  0.69%   113 6933s
 26176 20817 741457.988   27  442 737910.744 743025.610  0.69%   113 6935s
 26200 20841 740116.313   51  393 737910.744 743025.610  0.69%   113 6940s
 26236 20877 738327.013   87  314 737910.744 743025.610  0.69%   113 6945s
 26255 20886 742045.083   26  441 737910.744 743025.225  0.69%   113 6950s
 26272 20903 741229.849   43  415 737910.744 743025.225  0.69%   113 6955s
 26309 20940 739789.929   80  343 737910.744 743025.225  0.69%   113 6960s
 26364 20993     cutoff  135      737910.744 743025.225  0.69%   113 6965s
 26375 20994 742025.712   27  435 737910.744 743024.652  0.69%   113 6970s
 26389 21008 741135.411   41  410 737910.744 743024.652  0.69%   113 6975s
 26421 21040 739654.689   73  366 737910.744 743024.652  0.69%   113 6980s
 26488 21078 741891.215   25  450 737910.744 743024.085  0.69%   113 6988s
 26489 21079 741834.012   26  445 737910.744 743024.085  0.69%   113 6990s
 26508 21098 740661.490   45  416 737910.744 743024.085  0.69%   113 6995s
 26547 21137 738986.758   84  338 737910.744 743024.085  0.69%   113 7000s
 26578 21155 742297.904   15  464 737910.744 743023.762  0.69%   113 7007s
 26583 21160 741723.689   20  452 737910.744 743023.762  0.69%   113 7010s
 26604 21181 740696.336   41  421 737910.744 743023.762  0.69%   113 7015s
 26636 21213 739396.838   73  345 737910.744 743023.762  0.69%   113 7020s
 26680 21241 742317.737   15  468 737910.744 743021.464  0.69%   113 7027s
 26686 21247 742013.214   21  454 737910.744 743021.464  0.69%   113 7030s
 26706 21267 740982.689   41  408 737910.744 743021.464  0.69%   113 7035s
 26745 21306 739368.063   80  306 737910.744 743021.464  0.69%   113 7040s
 26789 21337 742360.884   23  466 737910.744 743009.495  0.69%   113 7046s
 26801 21349 741459.539   35  431 737910.744 743009.495  0.69%   113 7050s
 26829 21377 740208.122   63  392 737910.744 743009.495  0.69%   113 7055s
 26865 21413 738254.352   99  345 737910.744 743009.495  0.69%   113 7060s
 26882 21420 742360.266   17  459 737910.744 743008.274  0.69%   113 7065s
 26903 21441 740960.646   38  415 737910.744 743008.274  0.69%   113 7070s
 26907 21445 740881.780   42  407 737910.744 743008.274  0.69%   113 7082s

Cutting planes:
  Learned: 2
  Gomory: 6
  Implied bound: 3
  MIR: 1671
  Mixing: 1
  Flow cover: 1847
  RLT: 40
  Relax-and-lift: 12
  Lazy constraints: 5639

Explored 26908 nodes (3039204 simplex iterations) in 7082.38 seconds (7072.62 work units)
Thread count was 1 (of 52 available processors)

Solution count 10: 737911 737885 737879 ... 725968

Time limit reached
Best objective 7.379107438164e+05, best bound 7.430082741101e+05, gap 0.6908%

User-callback calls 398607, time in user-callback 3.81 sec

CPU time spent in the second stage: 7082.38 sec
The LP relaxation bound at the root node: 843616.590626
Termination status of the second stage: TIME_LIMIT

------------------ end of the second stage -----------------

Total CPU time: 7200.03 sec
Percentage optimality gap: 0.69 %
CPU time spent in separating the cuts: 38.92 sec
Number of explored nodes: 26908
Objective value of the returned solution: 737910.743816
Optimal facility locations: [10, 11, 15, 29, 41, 45, 91, 118, 123, 127, 135, 136, 138, 151, 155, 160, 164, 168, 171, 184, 187, 192, 197, 204, 206, 210, 220, 237, 244, 246, 250, 251, 278, 296, 344, 349, 351, 358, 363, 380, 384, 393, 399, 409, 411, 421, 422, 426, 434, 448, 452, 454, 466, 473, 477, 484, 493, 497, 501, 506, 512, 516, 520, 524, 525, 529, 533, 534, 535, 540, 555, 592, 595, 599, 601, 603, 607, 609, 633, 644, 659, 670, 672, 681, 694, 703, 705, 729, 738, 753, 760, 761, 762, 763, 779, 787, 788, 796, 823, 826, 828, 830, 831, 835, 838, 868, 906, 909, 910, 914, 931, 932, 936, 938, 943, 944, 958, 967, 980, 991, 996]

@end of file
