Set parameter TimeLimit to value 7200
Setting B&C+LSI: The proposed B&C algorithm based on formulation (40) (equipped with the lifted submodular inequalities).

----------------- start of the first stage -----------------

Iter     Best Incumbent      BestBound     Gap      Time  #VioCuts
1                 0.000    1229896.551   100.0       0.4      3000
2            714220.896    1210247.335    41.0       0.6      3000
3            947050.004    1165117.014    18.7       1.1      2688
4           1084474.658    1124968.678     3.6       1.7      1973
5           1099795.468    1106036.791     0.6       2.3       771
6           1101683.454    1102880.062     0.1       2.5       247
7           1102385.085    1102484.519     0.0       2.6        36
8           1102447.053    1102447.053     0.0       2.7         0

CPU time spent in the first stage: 2.67 sec
Upper bound returned at the end of the first stage: 1102447.053265
Objective value of the optimal solution or the best incumbent at the end of the first stage: 1102447.053265
Number of cuts added at the end of the first stage for the initialization of the relaxed MILP problem: 4284
Termination status of the first stage: MIP Optimal

------------------ end of the first stage ------------------

Total CPU time: 2.67 sec
Percentage optimality gap: 0.00 %
CPU time spent in separating the cuts: 0.27 sec
Number of explored nodes: 1
Objective value of the returned solution: 1102447.053265
Optimal facility locations: [1, 3, 5, 6, 11, 14, 15, 16, 17, 26, 29, 30, 34, 36, 37, 43, 44, 45, 46, 47, 48, 50, 52, 54, 55, 56, 59, 62, 65, 68, 69, 70, 71, 72, 75, 77, 78, 79, 80, 85, 86, 87, 88, 89, 90, 91, 94, 98, 99]

@end of file
