Set parameter TimeLimit to value 7200
Setting GBD: A two-stage implementation of the stage-of-the-art generalized Benders decomposition (GBD) approach proposed by Lin & Tian (2021).

----------------- start of the first stage -----------------

Iter     Best Incumbent      BestBound     Gap      Time  #VioCuts
1                 0.000    1243480.595   100.0       9.0      3000
2             34590.674    1131887.130    96.9      25.5      2999
3             94682.010     960802.744    90.1      75.0      2766
4             94682.010     862771.264    89.0     109.3      1965
5             94682.010     833845.263    88.6     127.2      1129
6             94682.010     826782.933    88.5     142.9       538
7             94682.010     824645.044    88.5     153.9       203
8             94682.010     824183.532    88.5     162.8        98
9             94682.010     824028.941    88.5     171.4        22
10            94682.010     823917.830    88.5     180.2         5
11            94682.010     823903.877    88.5     188.9         2
12            94682.010     823903.790    88.5     198.7         0

CPU time spent in the first stage: 256.53 sec
Upper bound returned at the end of the first stage: 823903.790444
Objective value of the optimal solution or the best incumbent at the end of the first stage: 94682.010417
Number of cuts added at the end of the first stage for the initialization of the relaxed MILP problem: 3895
Termination status of the first stage: LP Optimal

------------------ end of the first stage ------------------


----------------- start of the second stage ----------------

Gurobi Optimizer version 11.0.1 build v11.0.1rc0 (linux64 - "CentOS Linux 7 (Core)")

CPU model: Intel(R) Xeon(R) Gold 6230R CPU @ 2.10GHz, instruction set [SSE2|AVX|AVX2|AVX512]
Thread count: 52 physical cores, 52 logical processors, using up to 1 threads


Warning: excessive time spent in model updates.
Consider calling update less frequently.

Optimize a model with 6898 rows, 5000 columns and 81074 nonzeros
Model fingerprint: 0x75cbc829
Variable types: 3000 continuous, 2000 integer (0 binary)
Coefficient statistics:
  Matrix range     [3e-11, 6e+03]
  Objective range  [1e+01, 2e+03]
  Bounds range     [1e+00, 1e+00]
  RHS range        [2e-06, 2e+06]
Warning: Model contains large matrix coefficient range
         Consider reformulating model or setting NumericFocus parameter
         to avoid numerical issues.

Loaded user MIP start with objective 94682

Presolve removed 3002 rows and 0 columns
Presolve time: 0.20s
Presolved: 3896 rows, 5000 columns, 68058 nonzeros
Variable types: 3000 continuous, 2000 integer (2000 binary)

Root relaxation: objective 7.225709e+05, 562 iterations, 0.39 seconds (0.21 work units)

    Nodes    |    Current Node    |     Objective Bounds      |     Work
 Expl Unexpl |  Obj  Depth IntInf | Incumbent    BestBd   Gap | It/Node Time

     0     0 722570.922    0   81 94682.0104 722570.922   663%     -    3s
     0     0 722456.517    0   81 94682.0104 722456.517   663%     -    6s
     0     2 722423.215    0   81 94682.0104 722423.215   663%     -    8s
     1     3 674731.598    1  252 94682.0104 722410.160   663%  1198   11s
     2     4 638779.653    1  375 94682.0104 674698.055   613%  1686   16s
     3     5 638714.508    2  380 94682.0104 674635.745   613%  1694   24s
     4     6 626887.672    2  446 94682.0104 638777.937   575%  1910   33s
     5     7 627143.774    3  451 94682.0104 638777.937   575%  1811   38s
     6     8 627029.137    3  449 94682.0104 638777.937   575%  1758   44s
     7     9 627096.152    4  452 94682.0104 638777.937   575%  1509   45s
    12    14 626697.895    6  450 94682.0104 638777.937   575%   888   50s
    16    18 626547.401    8  449 94682.0104 638777.937   575%   672   55s
    21    23 626457.091   11  450 94682.0104 638777.937   575%   518   60s
    26    28 626192.006   13  446 94682.0104 638777.937   575%   422   66s
    28    30 621886.651   14  481 94682.0104 638777.937   575%   438   74s
    29    31 621692.189   15  479 94682.0104 638777.937   575%   465   81s
    30    32 620194.112   15  479 94682.0104 638777.937   575%   503   87s
    31    33 619377.978   16  484 94682.0104 638777.937   575%   512   92s
    32    34 619796.586   16  483 94682.0104 638777.937   575%   518   95s
    35    37 619422.452   18  476 94682.0104 638777.937   575%   478  101s
    37    39 619356.539   19  476 94682.0104 638777.937   575%   454  105s
    40    42 619161.817   20  472 94682.0104 638777.937   575%   423  111s
    43    45 619162.507   22  480 94682.0104 638777.937   575%   396  116s
    46    48 619077.535   23  479 94682.0104 638777.937   575%   373  120s
    50    52 618798.202   26  482 94682.0104 638777.937   575%   347  126s
    52    54 618772.615   27  480 94682.0104 638777.937   575%   335  132s
    54    56 618706.861   28  482 94682.0104 638777.937   575%   324  138s
    55    57 617999.165   28  487 94682.0104 638777.937   575%   326  141s
    56    58 617883.611   29  488 94682.0104 638777.937   575%   328  146s
    58    60 617299.811   30  485 94682.0104 638777.937   575%   332  152s
    60    62 617227.702   31  484 94682.0104 638777.937   575%   327  155s
    63    65 617125.143   32  484 94682.0104 638777.937   575%   313  160s
    66    68 617075.172   34  479 94682.0104 638777.937   575%   300  165s
    69    71 617006.884   36  478 94682.0104 638777.937   575%   288  170s
    73    75 616612.929   38  479 94682.0104 638777.937   575%   275  176s
    76    78 616720.513   40  476 94682.0104 638777.937   575%   266  182s
    78    80 616554.584   41  474 94682.0104 638777.937   575%   261  186s
    80    82 616383.637   42  475 94682.0104 638777.937   575%   255  190s
    82    84 615475.129   43  472 94682.0104 638777.937   575%   254  196s
    84    86 615446.117   44  473 94682.0104 638777.937   575%   257  202s
    87    89 615209.510   46  470 94682.0104 638777.937   575%   249  206s
    91    93 615177.291   50  470 94682.0104 638777.937   575%   239  210s
    95    97 614894.804   52  467 94682.0104 638777.937   575%   230  216s
    98   100 614897.453   54  470 94682.0104 638777.937   575%   224  221s
   101   103 614903.239   56  470 94682.0104 638777.937   575%   218  258s
   102   104 609462.322   57  481 94682.0104 638777.937   575%   235  264s
   103   105 609225.994   57  477 94682.0104 638777.937   575%   251  270s
   106   108 609208.908   59  481 94682.0104 638777.937   575%   245  276s
   108   110 609104.478   60  483 94682.0104 638777.937   575%   242  282s
   109   111 608221.848   60  485 94682.0104 638777.937   575%   243  285s
   111   113 608000.173   61  486 94682.0104 638777.937   575%   248  293s
   113   115 607972.403   63  491 94682.0104 638777.937   575%   244  296s
   115   117 607804.546   64  494 94682.0104 638777.937   575%   241  300s
   119   121 607510.070   67  498 94682.0104 638777.937   575%   235  306s
   122   124 607362.448   69  498 94682.0104 638777.937   575%   230  311s
   125   127 607116.291   71  495 94682.0104 638777.937   575%   225  316s
   128   130 606982.359   74  495 94682.0104 638777.937   575%   220  320s
   130   132 606791.426   75  492 94682.0104 638777.937   575%   218  325s
   133   135 606691.962   77  489 94682.0104 638777.937   575%   214  330s
   136   138 606563.988   80  485 94682.0104 638777.937   575%   210  337s
   139   141 606401.195   83  486 94682.0104 638777.937   575%   206  341s
   141   143 606368.650   84  487 94682.0104 638777.937   575%   204  345s
   145   147 606127.854   87  481 94682.0104 638777.937   575%   199  350s
   151   153 605958.587   92  485 94682.0104 638777.937   575%   193  355s
   159   161 605543.178   97  478 94682.0104 638777.937   575%   185  360s
   162   164 605269.019   99  473 94682.0104 638777.937   575%   183  365s
   164   166 603951.962  100  472 94682.0104 638777.937   575%   189  373s
   165   167 603857.987  100  468 94682.0104 638777.937   575%   192  376s
   170   172 603699.711  103  475 94682.0104 638777.937   575%   188  380s
   175   177 603492.143  106  478 94682.0104 638777.937   575%   184  385s
   184   186 602938.099  115  471 94682.0104 638777.937   575%   177  391s
   189   191 602768.267  119  468 94682.0104 638777.937   575%   173  395s
   192   194 602395.858  121  472 94682.0104 638777.937   575%   173  401s
   200   202 601977.466  129  469 94682.0104 638777.937   575%   167  405s
   210   212 601497.807  138  469 94682.0104 638777.937   575%   161  410s
   216   218 601326.532  142  471 94682.0104 638777.937   575%   157  416s
   219   221 601118.244  144  467 94682.0104 638777.937   575%   157  421s
   227   229 600863.696  150  463 94682.0104 638777.937   575%   153  425s
   236   238 600564.402  157  462 94682.0104 638777.937   575%   148  430s
   243   245 600186.970  163  457 94682.0104 638777.937   575%   145  437s
   246   248 599717.264  165  460 94682.0104 638777.937   575%   145  440s
   255   257 599425.146  171  452 94682.0104 638777.937   575%   142  445s
   263   265 599121.793  178  459 94682.0104 638777.937   575%   138  451s
   268   270 599015.951  181  461 94682.0104 638777.937   575%   137  455s
   270   272 598816.315  182  455 94682.0104 638777.937   575%   136  460s
   276   278 598181.679  186  457 94682.0104 638777.937   575%   136  465s
   288   290 597609.565  194  445 94682.0104 638777.937   575%   132  470s
   297   299 596932.708  202  443 94682.0104 638777.937   575%   130  476s
   302   304 596236.841  205  444 94682.0104 638777.937   575%   130  480s
   309   311 595832.362  211  444 94682.0104 638777.937   575%   128  485s
   322   324 595022.968  222  443 94682.0104 638777.937   575%   125  490s
   326   328 594238.385  224  440 94682.0104 638777.937   575%   125  495s
   333   335 593819.612  229  440 94682.0104 638777.937   575%   125  500s
   347   349 593171.005  239  439 94682.0104 638777.937   575%   121  505s
   352   354 592340.419  243  442 94682.0104 638777.937   575%   121  511s
   356   358 592087.382  246  440 94682.0104 638777.937   575%   121  515s
   365   367 591696.788  251  438 94682.0104 638777.937   575%   119  520s
   374   376 591374.710  258  436 94682.0104 638777.937   575%   117  525s
   393   395 590580.141  272  417 94682.0104 638777.937   575%   114  530s
   407   409 589871.922  281  407 94682.0104 638777.937   575%   111  535s
   416   418 587888.452  289  407 94682.0104 638777.937   575%   110  541s
   424   426 587460.243  295  405 94682.0104 638777.937   575%   109  545s
   437   439 586697.332  304  391 94682.0104 638777.937   575%   107  550s
   447   449 586424.591  309  385 94682.0104 638777.937   575%   106  555s
   469   471 585473.179  329  369 94682.0104 638777.937   575%   102  560s
   479   481 585073.218  338  364 94682.0104 638777.937   575%   101  565s
   493   495 584114.084  350  359 94682.0104 638777.937   575%  99.1  570s
   501   503 583727.648  356  361 94682.0104 638777.937   575%  98.1  575s
   520   522 582942.552  373  347 94682.0104 638777.937   575%  95.4  580s
   536   538 582034.192  386  345 94682.0104 638777.937   575%  93.6  585s
   550   552 581365.821  398  342 94682.0104 638777.937   575%  91.9  590s
   563   565 580652.799  410  344 94682.0104 638777.937   575%  90.6  597s
   564   566 578032.091  410  350 94682.0104 638777.937   575%  91.5  600s
   569   571 577772.424  414  350 94682.0104 638777.937   575%  92.9  605s
   585   587 576892.610  427  335 94682.0104 638777.937   575%  91.4  610s
   599   601 576176.331  438  333 94682.0104 638777.937   575%  90.0  615s
   612   614 575618.302  447  320 94682.0104 638777.937   575%  88.8  620s
   624   626 574764.281  457  317 94682.0104 638777.937   575%  88.0  625s
   642   644 574000.808  471  309 94682.0104 638777.937   575%  86.1  630s
   664   666 572764.352  489  297 94682.0104 638777.937   575%  83.8  635s
   677   679 571969.331  499  293 94682.0104 638777.937   575%  82.8  640s
   690   692 568953.312  507  286 94682.0104 638777.937   575%  82.9  645s
   712   714 567929.442  526  286 94682.0104 638777.937   575%  80.8  650s
   733   735 567042.466  543  283 94682.0104 638777.937   575%  79.1  655s
   749   751 566159.826  558  281 94682.0104 638777.937   575%  78.1  660s
   771   773 565049.743  579  274 94682.0104 638777.937   575%  76.5  665s
   787   789 562995.707  592  269 94682.0104 638777.937   575%  75.6  671s
   800   802 562326.332  601  262 94682.0104 638777.937   575%  74.9  675s
   817   819 561447.697  617  264 94682.0104 638777.937   575%  73.9  680s
   839   841 560149.323  639  252 94682.0104 638777.937   575%  72.6  685s
   867   869 558455.091  662  240 94682.0104 638777.937   575%  70.9  690s
   894   896 556823.804  682  232 94682.0104 638777.937   575%  69.4  695s
   900   902 554856.491  686  231 94682.0104 638777.937   575%  69.6  700s
   920   922 553814.008  703  225 94682.0104 638777.937   575%  68.7  705s
   945   947 553154.277  726  216 94682.0104 638777.937   575%  67.4  710s
   967   969 552039.556  748  209 94682.0104 638777.937   575%  66.3  715s
   984   986 551502.910  764  205 94682.0104 638777.937   575%  65.7  720s
   993   995 549230.804  771  199 94682.0104 638777.937   575%  65.9  726s
  1005  1007 548471.487  781  200 94682.0104 638777.937   575%  65.7  730s
  1019  1021 547981.272  795  204 94682.0104 638777.937   575%  65.1  735s
  1038  1040 546884.823  811  204 94682.0104 638777.937   575%  64.6  740s
  1058  1060 545993.311  828  195 94682.0104 638777.937   575%  63.8  745s
  1082  1084 545033.647  848  187 94682.0104 638777.937   575%  62.9  750s
  1103  1105 544168.976  868  178 94682.0104 638777.937   575%  62.1  755s
  1131  1133 542794.375  893  167 94682.0104 638777.937   575%  61.2  760s
  1162  1164 541691.896  921  156 94682.0104 638777.937   575%  60.0  765s
  1194  1196 540184.813  949  150 94682.0104 638777.937   575%  58.8  770s
  1211  1213 535910.898  963  152 94682.0104 638777.937   575%  58.8  775s
  1236  1238 534760.527  984  136 94682.0104 638777.937   575%  57.9  780s
  1258  1260 533811.453 1003  131 94682.0104 638777.937   575%  57.2  785s
  1282  1284 532980.698 1027  126 94682.0104 638777.937   575%  56.4  790s
  1299  1301 530588.671 1042  125 94682.0104 638777.937   575%  56.1  795s
  1335  1337 529582.012 1077  109 94682.0104 638777.937   575%  54.9  800s
  1378  1380 528461.219 1120   95 94682.0104 638777.937   575%  53.5  805s
  1405  1407 527821.580 1146   93 94682.0104 638777.937   575%  52.7  810s
  1447  1449 527241.011 1188   77 94682.0104 638777.937   575%  51.4  815s
  1487  1489 526928.224 1227   66 94682.0104 638777.937   575%  50.3  820s
  1522  1524 526726.750 1262   51 94682.0104 638777.937   575%  49.3  825s
  1580  1582 526625.533 1320   21 94682.0104 638777.937   575%  47.7  830s
* 1605  1554            1345    526622.93513 638777.937  21.3%  47.0  831s
  1608  1553 611582.145    2  503 526622.935 638772.249  21.3%  49.8  851s
  1610  1554 541896.390  916   81 526622.935 638772.249  21.3%  49.7 2520s
  1612  1555 526926.033 1226  527 526622.935 609751.476  15.8%  49.7 2572s
  1613  1556 536267.435  959  536 526622.935 594939.221  13.0%  49.6 2640s
  1614  1557 544186.024  868  540 526622.935 591808.035  12.4%  49.6 2653s
  1615  1557 526706.624 1265  537 526622.935 591459.823  12.3%  49.6 2677s
H 1615  1479                    531481.96267 588632.829  10.8%  49.6 2724s
  1616  1480 562346.806  600  525 531481.963 588632.829  10.8%  49.5 2725s
  1617  1481 551751.054  760  572 531481.963 587487.652  10.5%  49.5 2739s
  1618  1481 541920.499  917  578 531481.963 587157.911  10.5%  49.5 2782s
  1619  1482 543624.452  881  545 531481.963 586097.869  10.3%  49.5 2833s
  1620  1483 531481.963 1137  566 531481.963 585818.810  10.2%  49.4 2873s
  1621  1483 531481.963 1103  540 531481.963 585471.407  10.2%  49.4 2919s
  1622  1484 566004.372  561  540 531481.963 585471.407  10.2%  49.4 2952s
  1623  1485 585471.407  144  540 531481.963 585471.407  10.2%  49.3 2992s
  1624  1487 585151.911   14  535 531481.963 585471.407  10.2%  66.5 3011s
  1625  1488 585197.127   14  533 531481.963 585197.127  10.1%  67.2 3022s
  1626  1489 585081.425   15  534 531481.963 585197.127  10.1%  67.3 3025s
  1628  1490 585100.773   16  526 531481.963 585197.127  10.1%  67.4 3032s
  1629  1491 585102.827   16  523 531481.963 585197.127  10.1%  67.5 3035s
  1631  1492 585035.497   17  528 531481.963 585197.127  10.1%  67.6 3043s
  1632  1493 585052.419   18  525 531481.963 585197.127  10.1%  67.6 3046s
  1634  1494 585040.406   19  530 531481.963 585197.127  10.1%  67.6 3052s
  1635  1495 585005.624   19  530 531481.963 585197.127  10.1%  67.7 3055s
  1637  1496 585012.914   20  514 531481.963 585197.127  10.1%  67.9 3061s
  1639  1497 584997.329   21  526 531481.963 585197.127  10.1%  67.9 3067s
  1641  1499 584884.591   22  519 531481.963 585197.127  10.1%  67.9 3073s
  1642  1499 584845.914   23  514 531481.963 585197.127  10.1%  67.9 3075s
  1645  1501 584827.559   24  514 531481.963 585197.127  10.1%  67.9 3082s
  1646  1502 584820.003   25  513 531481.963 585197.127  10.1%  67.9 3086s
  1649  1504 584720.948   26  508 531481.963 585197.127  10.1%  67.9 3093s
  1650  1505 584746.815   27  500 531481.963 585197.127  10.1%  67.9 3095s
  1653  1507 584731.182   28  499 531481.963 585197.127  10.1%  67.9 3103s
  1654  1507 584681.157   29  492 531481.963 585197.127  10.1%  67.9 3105s
  1657  1509 584628.295   30  501 531481.963 585197.127  10.1%  68.0 3112s
  1659  1511 584627.761   31  494 531481.963 585197.127  10.1%  68.0 3115s
  1661  1512 584570.645   32  490 531481.963 585197.127  10.1%  68.1 3120s
  1663  1513 584555.942   33  499 531481.963 585197.127  10.1%  68.1 3126s
  1664  1514 584538.903   34  499 531481.963 585197.127  10.1%  68.3 3131s
  1666  1515 584582.835   35  487 531481.963 585197.127  10.1%  68.3 3137s
  1668  1517 584562.226   36  479 531481.963 585197.127  10.1%  68.4 3142s
  1669  1517 584488.491   36  481 531481.963 585197.127  10.1%  68.5 3146s
  1671  1519 584493.811   37  485 531481.963 585197.127  10.1%  68.6 3150s
  1673  1520 584346.738   38  479 531481.963 585197.127  10.1%  68.7 3157s
  1675  1521 584362.130   39  473 531481.963 585197.127  10.1%  68.8 3161s
  1677  1523 584467.942   40  484 531481.963 585197.127  10.1%  68.9 3167s
  1678  1523 583639.744   41  505 531481.963 585197.127  10.1%  69.6 3174s
  1679  1524 583631.651   41  510 531481.963 585197.127  10.1%  70.4 3180s
  1681  1525 583574.759   42  507 531481.963 585197.127  10.1%  70.3 3185s
  1684  1527 583575.858   44  505 531481.963 585197.127  10.1%  70.3 3193s
  1685  1528 583466.029   44  505 531481.963 585197.127  10.1%  70.4 3196s
  1687  1529 583420.618   45  499 531481.963 585197.127  10.1%  70.4 3203s
  1688  1530 583462.539   46  489 531481.963 585197.127  10.1%  70.4 3205s
  1690  1531 583422.269   47  489 531481.963 585197.127  10.1%  70.6 3210s
  1693  1533 583368.997   48  482 531481.963 585197.127  10.1%  70.6 3216s
  1695  1535 583323.031   49  475 531481.963 585197.127  10.1%  70.7 3222s
  1697  1536 583259.803   50  469 531481.963 585197.127  10.1%  70.7 3227s
  1699  1537 583186.438   51  470 531481.963 585197.127  10.1%  70.7 3232s
  1701  1539 583156.055   52  465 531481.963 585197.127  10.1%  70.8 3236s
  1704  1541 583220.292   54  465 531481.963 585197.127  10.1%  70.7 3243s
  1705  1541 582724.047   54  474 531481.963 585197.127  10.1%  71.1 3248s
  1706  1542 582955.117   55  471 531481.963 585197.127  10.1%  71.4 3253s
  1707  1543 582936.697   55  476 531481.963 585197.127  10.1%  71.6 3255s
  1710  1545 582895.575   57  475 531481.963 585197.127  10.1%  71.6 3261s
  1712  1546 582888.719   58  477 531481.963 585197.127  10.1%  71.7 3265s
  1714  1547 582855.879   59  469 531481.963 585197.127  10.1%  71.7 3270s
  1716  1549 582786.367   60  471 531481.963 585197.127  10.1%  71.7 3275s
  1719  1551 582753.215   61  462 531481.963 585197.127  10.1%  71.7 3281s
  1721  1552 582683.114   62  458 531481.963 585197.127  10.1%  71.8 3286s
  1724  1554 582704.204   64  462 531481.963 585197.127  10.1%  71.8 3291s
  1727  1556 582665.459   65  458 531481.963 585197.127  10.1%  71.7 3295s
  1729  1557 582656.650   66  451 531481.963 585197.127  10.1%  71.8 3300s
  1731  1559 582628.856   67  447 531481.963 585197.127  10.1%  71.9 3305s
  1733  1560 582133.354   68  438 531481.963 585197.127  10.1%  72.6 3313s
  1735  1561 582095.433   69  424 531481.963 585197.127  10.1%  72.6 3316s
  1738  1563 582040.898   71  426 531481.963 585197.127  10.1%  72.6 3321s
  1741  1565 582025.432   72  412 531481.963 585197.127  10.1%  72.7 3327s
  1743  1567 581954.332   73  409 531481.963 585197.127  10.1%  72.8 3331s
  1746  1569 581937.866   75  410 531481.963 585197.127  10.1%  72.7 3335s
  1749  1571 581903.498   76  413 531481.963 585197.127  10.1%  72.8 3341s
  1751  1572 581297.474   77  405 531481.963 585197.127  10.1%  72.9 3346s
  1754  1574 581910.621   79  401 531481.963 585197.127  10.1%  72.8 3350s
  1758  1577 581882.534   81  399 531481.963 585197.127  10.1%  72.9 3356s
  1760  1578 581266.436   82  408 531481.963 585197.127  10.1%  73.3 3360s
  1763  1580 581034.695   83  405 531481.963 585197.127  10.1%  73.5 3365s
  1767  1583 581175.035   85  408 531481.963 585197.127  10.1%  73.5 3370s
  1770  1585 581154.941   87  407 531481.963 585197.127  10.1%  73.5 3376s
  1773  1587 581066.091   88  402 531481.963 585197.127  10.1%  73.6 3380s
  1776  1589 580967.963   90  399 531481.963 585197.127  10.1%  73.7 3387s
  1778  1590 580918.300   91  389 531481.963 585197.127  10.1%  73.7 3391s
  1780  1591 580785.831   92  382 531481.963 585197.127  10.1%  73.8 3396s
  1783  1593 580806.743   93  374 531481.963 585197.127  10.1%  73.8 3400s
  1787  1596 580228.101   95  378 531481.963 585197.127  10.1%  73.9 3405s
  1796  1602 580179.894  100  376 531481.963 585197.127  10.1%  73.8 3410s
  1803  1607 580003.558  103  368 531481.963 585197.127  10.1%  73.8 3415s
  1808  1610 579917.680  106  363 531481.963 585197.127  10.1%  73.8 3420s
  1815  1615 579705.313  109  361 531481.963 585197.127  10.1%  73.9 3425s
  1824  1621 579559.185  114  360 531481.963 585197.127  10.1%  73.8 3430s
  1830  1625 579512.365  117  357 531481.963 585197.127  10.1%  73.8 3435s
  1835  1628 579276.896  119  354 531481.963 585197.127  10.1%  73.8 3440s
  1841  1632 578995.999  122  342 531481.963 585197.127  10.1%  74.0 3445s
  1851  1639 578757.097  127  331 531481.963 585197.127  10.1%  73.9 3450s
  1860  1645 578728.602  132  346 531481.963 585197.127  10.1%  73.8 3455s
  1866  1649 578532.492  135  342 531481.963 585197.127  10.1%  73.9 3461s
  1873  1653 578309.244  138  325 531481.963 585197.127  10.1%  73.9 3465s
  1882  1659 578237.365  143  335 531481.963 585197.127  10.1%  73.8 3471s
  1891  1665 577993.957  147  296 531481.963 585197.127  10.1%  73.7 3475s
  1896  1669 577853.245  150  295 531481.963 585197.127  10.1%  73.8 3480s
  1911  1679 577690.504  157  275 531481.963 585197.127  10.1%  73.6 3485s
  1920  1685 577567.346  162  262 531481.963 585197.127  10.1%  73.4 3490s
  1933  1693 577345.109  168  246 531481.963 585197.127  10.1%  73.2 3495s
  1947  1703 576909.587  175  238 531481.963 585197.127  10.1%  72.9 3500s
  1957  1709 576102.621  180  248 531481.963 585197.127  10.1%  72.9 3505s
  1973  1720 576101.821  188  240 531481.963 585197.127  10.1%  72.5 3510s
  1982  1726 575937.418  193  236 531481.963 585197.127  10.1%  72.5 3515s
  1997  1736 575630.035  200  220 531481.963 585197.127  10.1%  72.2 3520s
  2006  1742 575097.679  205  212 531481.963 585197.127  10.1%  72.2 3525s
  2019  1751 574957.495  211  204 531481.963 585197.127  10.1%  72.0 3530s
  2029  1757 574537.094  216  206 531481.963 585197.127  10.1%  71.9 3535s
  2041  1765 574467.592  222  201 531481.963 585197.127  10.1%  71.8 3540s
  2054  1774 574214.030  229  207 531481.963 585197.127  10.1%  71.5 3545s
  2068  1783 574088.476  236  194 531481.963 585197.127  10.1%  71.3 3550s
  2082  1793 573968.435  243  183 531481.963 585197.127  10.1%  71.0 3556s
  2091  1799 573448.798  247  174 531481.963 585197.127  10.1%  70.9 3560s
  2103  1807 573614.940  253  161 531481.963 585197.127  10.1%  70.7 3565s
  2115  1815 573541.349  259  161 531481.963 585197.127  10.1%  70.5 3570s
  2130  1825 573439.132  267  158 531481.963 585197.127  10.1%  70.1 3575s
  2140  1831 573088.300  272  162 531481.963 585197.127  10.1%  70.0 3580s
  2154  1841 572950.205  279  158 531481.963 585197.127  10.1%  69.8 3585s
  2164  1847 572834.589  284  155 531481.963 585197.127  10.1%  69.6 3590s
  2180  1858 572617.373  292  157 531481.963 585197.127  10.1%  69.3 3595s
  2191  1865 572352.402  297  156 531481.963 585197.127  10.1%  69.0 3600s
  2206  1875 572443.183  305  154 531481.963 585197.127  10.1%  68.7 3605s
  2218  1883 572336.002  311  158 531481.963 585197.127  10.1%  68.4 3610s
  2232  1893 572249.030  318  151 531481.963 585197.127  10.1%  68.1 3615s
  2244  1901 572133.114  324  150 531481.963 585197.127  10.1%  67.9 3620s
  2259  1911 571647.812  331  138 531481.963 585197.127  10.1%  67.6 3625s
  2271  1919 571478.034  337  143 531481.963 585197.127  10.1%  67.4 3630s
  2282  1926 571820.747  343  135 531481.963 585197.127  10.1%  67.3 3635s
H 2298  1860                    570281.81506 585197.127  2.62%  67.0 3640s
  2310  1870 571702.262  357  138 570281.815 585197.127  2.62%  66.7 3645s
  2325  1880 571362.310  364  136 570281.815 585197.127  2.62%  66.4 3650s
  2340  1890 571524.339  372  134 570281.815 585197.127  2.62%  66.2 3655s
  2352  1898 571509.727  378  128 570281.815 585197.127  2.62%  66.0 3660s
  2365  1906 570881.155  384  124 570281.815 585197.127  2.62%  65.7 3665s
  2379  1916 571185.632  391  122 570281.815 585197.127  2.62%  65.4 3670s
  2396  1927 571359.805  400  108 570281.815 585197.127  2.62%  65.1 3675s
  2411  1936 570893.547  407  101 570281.815 585197.127  2.62%  64.8 3680s
  2430  1946 570824.101  417   95 570281.815 585197.127  2.62%  64.5 3685s
  2455  1946 570778.755  431   94 570281.815 585197.127  2.62%  63.9 3690s
  2482  1951 570730.959  446   74 570281.815 585197.127  2.62%  63.4 3695s
  2514  1951 570479.374  465   62 570281.815 585197.127  2.62%  62.7 3700s
  2578  1929 570302.050  505   22 570281.815 585197.127  2.62%  61.3 3705s
* 2597  1850             519    570297.86145 585197.127  2.61%  60.9 3705s
  2600  1848 584696.473   15  556 570297.861 585196.904  2.61%  61.6 3746s
  2601  1849 584094.145   16  574 570297.861 585196.904  2.61%  62.6 3757s
  2602  1849 584031.219   16  573 570297.861 585196.904  2.61%  63.5 3768s
  2603  1850 584094.144   17  573 570297.861 585196.904  2.61%  63.5 3770s
  2606  1852 584066.002   18  569 570297.861 585196.904  2.61%  63.7 3777s
  2608  1853 583779.920   19  562 570297.861 585196.904  2.61%  63.8 3781s
  2610  1855 584039.548   20  556 570297.861 585196.904  2.61%  63.8 3785s
  2615  1858 583871.478   23  544 570297.861 585196.904  2.61%  63.9 3790s
  2623  1863 583953.184   27  531 570297.861 585196.904  2.61%  63.9 3796s
  2628  1867 583908.034   29  514 570297.861 585196.904  2.61%  64.0 3800s
  2633  1870 583899.325   32  508 570297.861 585196.904  2.61%  64.1 3805s
  2641  1875 583735.983   36  503 570297.861 585196.904  2.61%  64.2 3810s
  2651  1882 583583.916   41  491 570297.861 585196.904  2.61%  64.3 3815s
  2656  1885 583531.604   43  485 570297.861 585196.904  2.61%  64.4 3820s
  2664  1891 583173.611   47  469 570297.861 585196.904  2.61%  64.5 3825s
  2675  1898 583225.161   53  448 570297.861 585196.904  2.61%  64.6 3830s
  2686  1905 583072.216   58  418 570297.861 585196.904  2.61%  64.6 3835s
  2699  1914 582865.976   65  403 570297.861 585196.904  2.61%  64.6 3840s
  2716  1925 582554.703   73  362 570297.861 585196.904  2.61%  64.6 3845s
  2730  1935 582177.038   80  342 570297.861 585196.904  2.61%  64.5 3850s
  2745  1945 582118.431   88  327 570297.861 585196.904  2.61%  64.6 3855s
  2760  1955 582030.180   95  319 570297.861 585196.904  2.61%  64.5 3860s
  2772  1963 581932.165  101  285 570297.861 585196.904  2.61%  64.4 3865s
  2788  1973 581562.850  109  263 570297.861 585196.904  2.61%  64.2 3870s
  2800  1981 581327.575  115  271 570297.861 585196.904  2.61%  64.1 3875s
  2816  1992 581220.647  123  255 570297.861 585196.904  2.61%  64.0 3881s
  2821  1995 580561.871  126  291 570297.861 585196.904  2.61%  64.3 3885s
  2835  2005 580393.029  133  278 570297.861 585196.904  2.61%  64.2 3890s
  2844  2011 579847.154  137  270 570297.861 585196.904  2.61%  64.1 3895s
  2858  2020 579961.167  144  265 570297.861 585196.904  2.61%  64.1 3900s
  2870  2028 579650.893  150  252 570297.861 585196.904  2.61%  64.0 3905s
  2876  2032 579547.220  153  263 570297.861 585196.904  2.61%  64.0 3910s
  2892  2043 579146.838  161  246 570297.861 585196.904  2.61%  63.9 3915s
  2900  2048 578858.566  165  254 570297.861 585196.904  2.61%  64.0 3920s
  2913  2057 579010.110  172  231 570297.861 585196.904  2.61%  63.9 3925s
  2925  2065 578896.758  178  213 570297.861 585196.904  2.61%  63.7 3932s
  2936  2072 578841.683  183  203 570297.861 585196.904  2.61%  63.6 3935s
  2950  2081 578364.780  190  199 570297.861 585196.904  2.61%  63.4 3940s
  2955  2085 578555.682  193  199 570297.861 585196.904  2.61%  63.4 3945s
  2973  2097 578353.433  202  199 570297.861 585196.904  2.61%  63.2 3950s
  2977  2099 578336.883  204  187 570297.861 585196.904  2.61%  63.1 3956s
  2984  2104 578188.006  207  183 570297.861 585196.904  2.61%  63.1 3960s
  2998  2113 577592.255  214  160 570297.861 585196.904  2.61%  62.9 3965s
H 3005  1539                    576663.70395 585196.904  1.48%  62.9 3969s
  3007  1542 577843.327  219  164 576663.704 585196.904  1.48%  62.8 3970s
  3021  1552 577772.931  226  163 576663.704 585196.904  1.48%  62.7 3975s
  3029  1557 577716.507  230  159 576663.704 585196.904  1.48%  62.6 3983s
  3034  1560 577660.323  232  154 576663.704 585196.904  1.48%  62.5 3985s
  3052  1572 577133.578  241  138 576663.704 585196.904  1.48%  62.3 3990s
  3057  1576 577372.308  244  140 576663.704 585196.904  1.48%  62.2 3995s
  3072  1584 577056.627  251  139 576663.704 585196.904  1.48%  62.1 4000s
  3081  1587 576824.172  256  140 576663.704 585196.904  1.48%  61.9 4010s
  3098  1593 577076.298  265  140 576663.704 585196.904  1.48%  61.7 4015s
  3107  1596 576863.234  270  136 576663.704 585196.904  1.48%  61.6 4021s
  3118  1591 583893.252   15  588 576663.704 585102.533  1.46%  62.8 4042s
  3119  1592 583883.291   16  583 576663.704 585102.533  1.46%  62.8 4046s
  3120  1593 583818.923   16  583 576663.704 585102.533  1.46%  62.9 4050s
  3122  1594 583607.669   17  573 576663.704 585102.533  1.46%  62.9 4056s
  3127  1597 583819.549   20  561 576663.704 585102.533  1.46%  63.1 4062s
  3132  1601 583629.455   22  552 576663.704 585102.533  1.46%  63.2 4068s
  3133  1601 583596.509   23  551 576663.704 585102.533  1.46%  63.2 4075s
  3140  1606 583586.268   26  544 576663.704 585102.533  1.46%  63.3 4089s
  3141  1607 583531.616   27  538 576663.704 585102.533  1.46%  63.4 4090s
  3143  1608 583472.392   28  538 576663.704 585102.533  1.46%  63.5 4095s
  3149  1612 583441.888   31  534 576663.704 585102.533  1.46%  63.6 4102s
  3152  1614 583363.852   32  526 576663.704 585102.533  1.46%  63.6 4105s
  3159  1619 583293.012   36  513 576663.704 585102.533  1.46%  63.6 4112s
  3162  1621 583254.763   37  513 576663.704 585102.533  1.46%  63.7 4115s
  3167  1624 583156.395   40  499 576663.704 585102.533  1.46%  63.8 4126s
  3171  1627 583115.208   42  503 576663.704 585102.533  1.46%  63.8 4132s
  3175  1629 583039.652   44  496 576663.704 585102.533  1.46%  63.9 4135s
  3184  1635 582953.782   48  480 576663.704 585102.533  1.46%  64.0 4142s
  3185  1636 582928.454   49  479 576663.704 585102.533  1.46%  64.0 4147s
  3190  1639 582707.149   51  471 576663.704 585102.533  1.46%  64.2 4150s
  3194  1642 582646.206   53  460 576663.704 585102.533  1.46%  64.2 4161s
  3198  1645 582532.059   55  457 576663.704 585102.533  1.46%  64.3 4166s
  3204  1649 582360.130   58  446 576663.704 585102.533  1.46%  64.4 4170s
  3208  1651 582312.681   60  444 576663.704 585102.533  1.46%  64.4 4175s
  3211  1653 582421.489   62  454 576663.704 585102.533  1.46%  64.4 4190s
  3221  1660 582294.050   67  432 576663.704 585102.533  1.46%  64.4 4206s
  3228  1665 582004.918   70  413 576663.704 585102.533  1.46%  64.5 4210s
  3236  1670 581856.388   74  403 576663.704 585102.533  1.46%  64.6 4215s
  3237  1671 582010.133   75  411 576663.704 585102.533  1.46%  64.6 4220s
  3248  1678 581714.068   80  383 576663.704 585102.533  1.46%  64.6 4233s
  3251  1680 581641.597   82  388 576663.704 585102.533  1.46%  64.6 4235s
  3262  1687 581145.771   87  381 576663.704 585102.533  1.46%  64.6 4241s
  3271  1693 581393.168   92  379 576663.704 585102.533  1.46%  64.6 4245s
  3275  1696 581318.677   94  374 576663.704 585102.533  1.46%  64.6 4256s
  3282  1701 580933.560   97  364 576663.704 585102.533  1.46%  64.6 4260s
  3294  1709 580895.550  103  354 576663.704 585102.533  1.46%  64.7 4265s
  3302  1714 580805.784  107  348 576663.704 585102.533  1.46%  64.7 4280s
  3314  1722 580682.464  113  343 576663.704 585102.533  1.46%  64.6 4285s
  3327  1731 580591.470  120  348 576663.704 585102.533  1.46%  64.6 4290s
H 3329  1492                    578123.05021 585102.533  1.21%  64.5 4298s
  3333  1497 580446.551  123  345 578123.050 585102.533  1.21%  64.5 4300s
  3344  1504 580397.055  128  322 578123.050 585102.533  1.21%  64.5 4305s
  3363  1517 580191.403  138  325 578123.050 585102.533  1.21%  64.4 4310s
  3375  1525 579870.077  144  318 578123.050 585102.533  1.21%  64.4 4315s
  3388  1533 579409.126  150  291 578123.050 585102.533  1.21%  64.4 4320s
  3402  1543 579286.788  157  293 578123.050 585102.533  1.21%  64.3 4325s
  3416  1552 579258.978  164  297 578123.050 585102.533  1.21%  64.2 4330s
  3430  1561 579249.707  171  288 578123.050 585102.533  1.21%  64.2 4335s
  3443  1570 579125.492  178  284 578123.050 585102.533  1.21%  64.1 4340s
  3457  1579 578924.705  185  276 578123.050 585102.533  1.21%  64.1 4345s
  3474  1591 578568.381  193  261 578123.050 585102.533  1.21%  64.1 4350s
  3494  1599 578404.924  204  249 578123.050 585102.533  1.21%  63.9 4355s
  3523  1599 583676.325   17  571 578123.050 585101.714  1.21%  64.7 4374s
  3524  1600 583666.478   18  567 578123.050 585101.714  1.21%  64.7 4376s
  3525  1601 583601.918   18  566 578123.050 585101.714  1.21%  64.7 4380s
  3527  1602 583644.541   19  559 578123.050 585101.714  1.21%  64.7 4386s
  3529  1603 583350.723   20  549 578123.050 585101.714  1.21%  64.8 4391s
  3533  1606 583448.633   22  550 578123.050 585101.714  1.21%  64.8 4395s
  3537  1609 583338.215   24  534 578123.050 585101.714  1.21%  64.9 4400s
  3543  1613 583240.858   27  519 578123.050 585101.714  1.21%  65.0 4405s
  3553  1619 583041.419   32  504 578123.050 585101.714  1.21%  65.1 4412s
  3560  1624 582927.798   36  499 578123.050 585101.714  1.21%  65.2 4417s
  3567  1629 582501.096   39  489 578123.050 585101.714  1.21%  65.3 4420s
  3573  1633 582611.328   42  471 578123.050 585101.714  1.21%  65.3 4427s
  3580  1637 582618.801   46  458 578123.050 585101.714  1.21%  65.4 4430s
  3587  1642 582495.316   49  457 578123.050 585101.714  1.21%  65.5 4435s
  3593  1646 582201.022   52  448 578123.050 585101.714  1.21%  65.6 4440s
  3602  1652 582208.490   57  448 578123.050 585101.714  1.21%  65.7 4446s
  3609  1657 582114.006   60  434 578123.050 585101.714  1.21%  65.8 4450s
  3619  1663 581959.641   65  427 578123.050 585101.714  1.21%  65.8 4455s
  3633  1673 581635.083   72  408 578123.050 585101.714  1.21%  65.8 4460s
  3646  1681 581455.869   79  391 578123.050 585101.714  1.21%  65.8 4465s
  3656  1688 581321.676   84  385 578123.050 585101.714  1.21%  65.8 4470s
  3671  1698 580980.733   91  362 578123.050 585101.714  1.21%  65.8 4475s
  3684  1707 581009.324   98  357 578123.050 585101.714  1.21%  65.8 4480s
  3693  1713 580840.349  102  357 578123.050 585101.714  1.21%  65.8 4485s
  3707  1722 580662.119  109  323 578123.050 585101.714  1.21%  65.8 4490s
  3721  1731 580193.769  116  306 578123.050 585101.714  1.21%  65.8 4495s
  3737  1742 580220.223  124  287 578123.050 585101.714  1.21%  65.6 4500s
  3752  1752 580027.078  132  274 578123.050 585101.714  1.21%  65.5 4505s
  3768  1763 579828.938  140  274 578123.050 585101.714  1.21%  65.4 4510s
  3782  1772 579741.601  147  252 578123.050 585101.714  1.21%  65.4 4515s
  3791  1778 579520.633  151  249 578123.050 585101.714  1.21%  65.3 4520s
  3805  1787 578908.313  158  249 578123.050 585101.714  1.21%  65.3 4525s
  3818  1796 579409.195  165  242 578123.050 585101.714  1.21%  65.3 4530s
  3832  1805 579182.634  172  238 578123.050 585101.714  1.21%  65.2 4535s
  3848  1816 578914.712  180  223 578123.050 585101.714  1.21%  65.1 4540s
  3867  1829 578580.848  189  218 578123.050 585101.714  1.21%  65.0 4545s
  3885  1840 578463.820  198  216 578123.050 585101.714  1.21%  64.9 4550s
  3911  1847     cutoff  211      578123.050 585101.714  1.21%  64.6 4555s
  3948  1839 583622.740   17  575 578123.050 585081.425  1.20%  65.2 4576s
  3949  1839 583612.893   18  571 578123.050 585081.425  1.20%  65.2 4581s
  3951  1841 583603.554   19  569 578123.050 585081.425  1.20%  65.2 4585s
  3953  1842 583570.979   20  564 578123.050 585081.425  1.20%  65.2 4591s
  3956  1844 583378.827   21  553 578123.050 585081.425  1.20%  65.3 4595s
  3963  1849 583254.120   25  526 578123.050 585081.425  1.20%  65.4 4600s
  3970  1853 583030.070   28  518 578123.050 585081.425  1.20%  65.5 4605s
  3977  1858 583110.257   32  512 578123.050 585081.425  1.20%  65.5 4611s
  3981  1861 583090.450   34  513 578123.050 585081.425  1.20%  65.5 4616s
  3988  1865 582990.653   37  500 578123.050 585081.425  1.20%  65.6 4625s
  3991  1867 582929.528   39  497 578123.050 585081.425  1.20%  65.6 4630s
  3996  1871 582822.259   41  485 578123.050 585081.425  1.20%  65.7 4635s
  4007  1878 582622.980   47  471 578123.050 585081.425  1.20%  65.8 4640s
  4016  1884 582450.110   51  460 578123.050 585081.425  1.20%  65.9 4645s
  4024  1889 582267.102   55  440 578123.050 585081.425  1.20%  66.0 4650s
  4030  1893 582154.201   58  421 578123.050 585081.425  1.20%  66.1 4655s
  4043  1902 581810.528   65  412 578123.050 585081.425  1.20%  66.1 4660s
  4055  1910 581699.390   71  398 578123.050 585081.425  1.20%  66.1 4665s
  4067  1918 581558.401   77  394 578123.050 585081.425  1.20%  66.1 4670s
  4082  1928 580889.829   84  369 578123.050 585081.425  1.20%  66.1 4675s
  4093  1935 581083.126   90  353 578123.050 585081.425  1.20%  66.1 4680s
  4108  1945 580625.894   97  339 578123.050 585081.425  1.20%  66.1 4685s
  4124  1956 580338.067  105  301 578123.050 585081.425  1.20%  66.0 4690s
  4140  1967 580311.503  113  295 578123.050 585081.425  1.20%  66.0 4695s
  4152  1975 580346.497  119  291 578123.050 585081.425  1.20%  65.9 4700s
  4167  1985 580199.869  127  290 578123.050 585081.425  1.20%  65.9 4705s
  4178  1992 579856.808  132  284 578123.050 585081.425  1.20%  65.9 4710s
  4194  2003 579434.300  140  272 578123.050 585081.425  1.20%  65.8 4715s
  4212  2015 579183.299  149  269 578123.050 585081.425  1.20%  65.8 4720s
  4227  2025 579137.316  157  268 578123.050 585081.425  1.20%  65.8 4725s
  4246  2037 578678.319  166  248 578123.050 585081.425  1.20%  65.7 4730s
  4266  2051 578638.006  176  233 578123.050 585081.425  1.20%  65.6 4735s
  4288  2062 578381.149  187  231 578123.050 585081.425  1.20%  65.4 4740s
  4321  2070     cutoff  204      578123.050 585081.425  1.20%  65.1 4745s
  4326  2066 583693.054   16  581 578123.050 585081.425  1.20%  66.0 4761s
  4329  2068 583666.135   18  575 578123.050 585081.425  1.20%  66.0 4765s
  4337  2073 583614.189   22  560 578123.050 585081.425  1.20%  66.1 4770s
  4345  2078 583383.815   26  544 578123.050 585081.425  1.20%  66.2 4775s
  4354  2084 583104.081   30  513 578123.050 585081.425  1.20%  66.3 4780s
  4363  2090 583108.531   35  508 578123.050 585081.425  1.20%  66.4 4785s
  4369  2094 583133.279   38  492 578123.050 585081.425  1.20%  66.4 4790s
  4378  2100 582974.691   42  488 578123.050 585081.425  1.20%  66.4 4795s
  4386  2106 582675.778   46  477 578123.050 585081.425  1.20%  66.5 4800s
  4396  2112 582445.961   51  474 578123.050 585081.425  1.20%  66.6 4805s
  4403  2117 582568.207   55  469 578123.050 585081.425  1.20%  66.6 4810s
  4415  2125 582187.286   61  432 578123.050 585081.425  1.20%  66.7 4815s
  4431  2136 581944.509   69  410 578123.050 585081.425  1.20%  66.8 4820s
  4446  2146 581717.920   76  397 578123.050 585081.425  1.20%  66.8 4825s
  4461  2156 581541.052   84  379 578123.050 585081.425  1.20%  66.8 4830s
  4473  2164 581444.911   90  370 578123.050 585081.425  1.20%  66.9 4835s
  4489  2174 581318.296   98  358 578123.050 585081.425  1.20%  66.8 4840s
  4503  2184 581176.882  105  355 578123.050 585081.425  1.20%  66.8 4845s
  4520  2195 580843.900  113  317 578123.050 585081.425  1.20%  66.9 4850s
  4536  2206 580216.655  121  317 578123.050 585081.425  1.20%  66.8 4855s
  4552  2216 580178.902  129  301 578123.050 585081.425  1.20%  66.8 4860s
  4565  2225 580057.438  136  306 578123.050 585081.425  1.20%  66.7 4865s
  4582  2236 579865.841  144  302 578123.050 585081.425  1.20%  66.6 4870s
  4600  2248 579563.436  153  302 578123.050 585081.425  1.20%  66.5 4875s
  4615  2258 579477.830  161  308 578123.050 585081.425  1.20%  66.5 4880s
  4634  2271 579265.043  170  277 578123.050 585081.425  1.20%  66.4 4885s
  4652  2283 579178.439  179  279 578123.050 585081.425  1.20%  66.2 4890s
  4672  2296 578885.365  189  266 578123.050 585081.425  1.20%  66.2 4895s
  4691  2309 578880.306  199  254 578123.050 585081.425  1.20%  66.1 4900s
  4711  2322 578643.788  209  247 578123.050 585081.425  1.20%  66.1 4905s
  4737  2336 578206.640  222  225 578123.050 585081.425  1.20%  65.9 4910s
  4777  2327 583633.460   16  582 578123.050 585035.497  1.20%  66.3 4930s
  4786  2333 583571.878   21  569 578123.050 585035.497  1.20%  66.4 4935s
  4793  2338 583536.480   24  556 578123.050 585035.497  1.20%  66.5 4940s
  4800  2343 583477.081   28  546 578123.050 585035.497  1.20%  66.6 4945s
  4808  2348 583343.307   32  536 578123.050 585035.497  1.20%  66.7 4950s
  4814  2352 583223.264   35  526 578123.050 585035.497  1.20%  66.8 4955s
  4821  2357 583002.171   38  510 578123.050 585035.497  1.20%  66.9 4960s
  4830  2363 582887.778   43  498 578123.050 585035.497  1.20%  66.9 4965s
  4840  2369 582754.860   48  485 578123.050 585035.497  1.20%  67.0 4970s
  4852  2377 582629.885   54  476 578123.050 585035.497  1.20%  67.0 4975s
  4861  2383 582334.362   58  451 578123.050 585035.497  1.20%  67.1 4980s
  4877  2394 582149.497   66  425 578123.050 585035.497  1.20%  67.1 4985s
  4893  2405 581778.172   74  389 578123.050 585035.497  1.20%  67.2 4990s
  4911  2417 581562.727   83  371 578123.050 585035.497  1.20%  67.2 4995s
  4924  2425 581416.243   90  361 578123.050 585035.497  1.20%  67.2 5000s
  4941  2437 581123.731   98  346 578123.050 585035.497  1.20%  67.2 5005s
  4952  2444 581021.240  104  353 578123.050 585035.497  1.20%  67.2 5010s
  4968  2455 580729.775  112  348 578123.050 585035.497  1.20%  67.2 5015s
  4983  2465 580411.059  119  325 578123.050 585035.497  1.20%  67.3 5020s
  4991  2470 579575.143  123  328 578123.050 585035.497  1.20%  67.3 5025s
  5008  2481 580208.784  132  323 578123.050 585035.497  1.20%  67.2 5030s
  5025  2493 579716.493  140  321 578123.050 585035.497  1.20%  67.2 5035s
  5042  2504 579834.807  149  326 578123.050 585035.497  1.20%  67.1 5040s
  5061  2517 579342.697  158  303 578123.050 585035.497  1.20%  67.1 5045s
  5077  2527 579301.332  166  292 578123.050 585035.497  1.20%  67.0 5050s
  5091  2537 578882.826  173  298 578123.050 585035.497  1.20%  67.0 5055s
  5109  2549 578986.973  182  287 578123.050 585035.497  1.20%  67.0 5060s
  5130  2563 578838.359  193  275 578123.050 585035.497  1.20%  66.9 5065s
  5150  2576 578628.048  203  271 578123.050 585035.497  1.20%  66.7 5070s
  5179  2586     cutoff  217      578123.050 585035.497  1.20%  66.6 5075s
  5218  2577 583541.215   18  569 578123.050 585035.497  1.20%  67.0 5095s
  5224  2581 583318.878   21  557 578123.050 585035.497  1.20%  67.1 5100s
  5233  2587 583378.027   26  542 578123.050 585035.497  1.20%  67.2 5105s
  5240  2592 583246.892   29  529 578123.050 585035.497  1.20%  67.3 5110s
  5247  2597 583140.374   33  516 578123.050 585035.497  1.20%  67.4 5115s
  5254  2604 582954.475   36  507 578123.050 585035.497  1.20%  67.5 5120s
  5264  2614 582852.023   41  498 578123.050 585035.497  1.20%  67.6 5125s
  5270  2620 582609.636   44  489 578123.050 585035.497  1.20%  67.6 5130s
  5280  2630 582607.151   49  491 578123.050 585035.497  1.20%  67.7 5135s
  5291  2641 582470.370   55  480 578123.050 585035.497  1.20%  67.7 5140s
  5301  2651 582250.618   60  463 578123.050 585035.497  1.20%  67.8 5145s
  5312  2662 582097.675   65  453 578123.050 585035.497  1.20%  67.8 5150s
  5324  2674 582016.157   71  447 578123.050 585035.497  1.20%  67.9 5155s
  5336  2686 581727.307   77  439 578123.050 585035.497  1.20%  67.9 5160s
  5348  2698 581286.354   83  417 578123.050 585035.497  1.20%  67.9 5165s
  5365  2715 581296.401   92  407 578123.050 585035.497  1.20%  67.9 5170s
  5381  2731 581116.363  100  389 578123.050 585035.497  1.20%  67.9 5175s
  5398  2748 580708.062  108  374 578123.050 585035.497  1.20%  67.9 5180s
  5416  2766 580417.065  117  368 578123.050 585035.497  1.20%  67.8 5185s
  5432  2782 579948.221  125  358 578123.050 585035.497  1.20%  67.8 5190s
  5445  2795 579965.133  132  367 578123.050 585035.497  1.20%  67.8 5195s
  5458  2808 579526.032  138  363 578123.050 585035.497  1.20%  67.9 5200s
  5476  2826 579409.573  147  327 578123.050 585035.497  1.20%  67.8 5205s
  5492  2842 579104.623  155  322 578123.050 585035.497  1.20%  67.8 5210s
  5502  2852 578492.938  160  331 578123.050 585035.497  1.20%  67.8 5215s
  5522  2872 578597.393  170  299 578123.050 585035.497  1.20%  67.8 5220s
  5543  2890 578412.816  181  287 578123.050 585035.497  1.20%  67.7 5225s
  5569  2914 578270.314  194  261 578123.050 585035.497  1.20%  67.5 5230s
  5612  2926     cutoff  216      578123.050 585035.497  1.20%  67.2 5235s
  5613  2927 583487.804   18  573 578123.050 585030.828  1.19%  67.9 5249s
  5614  2928 583477.957   19  569 578123.050 585030.828  1.19%  67.9 5250s
  5626  2940 583257.335   31  541 578123.050 585030.828  1.19%  67.8 5255s
  5633  2947 583059.360   37  531 578123.050 585030.828  1.19%  67.9 5260s
  5640  2954 582846.740   44  530 578123.050 585030.828  1.19%  68.0 5265s
  5646  2960 582668.589   48  525 578123.050 585030.828  1.19%  68.1 5270s
  5656  2970 582479.662   51  515 578123.050 585030.828  1.19%  68.2 5275s
  5666  2980 582212.421   57  490 578123.050 585030.828  1.19%  68.2 5280s
  5680  2994 581907.253   68  480 578123.050 585030.828  1.19%  68.3 5285s
  5695  3009 581607.613   77  472 578123.050 585030.828  1.19%  68.3 5290s
  5715  3029 581270.387   91  447 578123.050 585030.828  1.19%  68.4 5295s
  5730  3044 581076.319   98  446 578123.050 585030.828  1.19%  68.4 5300s
  5743  3057 580935.675  101  438 578123.050 585030.828  1.19%  68.4 5305s
  5756  3070 580808.305  104  439 578123.050 585030.828  1.19%  68.4 5310s
  5768  3082 580630.806  105  438 578123.050 585030.828  1.19%  68.5 5315s
  5789  3103 579991.753  120  403 578123.050 585030.828  1.19%  68.4 5320s
  5807  3121 580084.645  128  402 578123.050 585030.828  1.19%  68.4 5325s
  5823  3137 579946.242  139  396 578123.050 585030.828  1.19%  68.4 5335s
  5835  3149 579738.778  145  384 578123.050 585030.828  1.19%  68.5 5340s
  5851  3165 579570.763  152  377 578123.050 585030.828  1.19%  68.4 5345s
  5881  3195 579051.151  167  352 578123.050 585030.828  1.19%  68.3 5350s
  5904  3218 578822.008  176  335 578123.050 585030.828  1.19%  68.2 5355s
  5924  3238 578609.160  186  320 578123.050 585030.828  1.19%  68.2 5360s
  5965  3272     cutoff  205      578123.050 585030.828  1.19%  67.9 5365s
  5979  3270 583521.667   19  576 578123.050 585030.828  1.19%  68.5 5382s
  5982  3273 583471.407   22  569 578123.050 585030.828  1.19%  68.5 5389s
  5983  3274 583466.606   23  567 578123.050 585030.828  1.19%  68.5 5390s
  5992  3283 583201.971   32  542 578123.050 585030.828  1.19%  68.6 5395s
  5996  3287 583103.138   34  537 578123.050 585030.828  1.19%  68.7 5400s
  6005  3296 582820.909   39  536 578123.050 585030.828  1.19%  68.8 5405s
  6017  3308 582475.525   49  510 578123.050 585030.828  1.19%  68.8 5410s
  6029  3320 582061.736   58  502 578123.050 585030.828  1.19%  68.9 5415s
  6044  3335 581756.651   67  487 578123.050 585030.828  1.19%  68.9 5420s
  6056  3347 581475.032   74  488 578123.050 585030.828  1.19%  69.0 5425s
  6060  3351 581423.863   75  483 578123.050 585030.828  1.19%  68.9 5446s
  6065  3356 581401.342   77  485 578123.050 585030.828  1.19%  69.0 5450s
  6078  3369 581202.284   80  473 578123.050 585030.828  1.19%  69.1 5455s
  6095  3386 581006.724   90  460 578123.050 585030.828  1.19%  69.2 5460s
  6107  3398 580765.868  100  457 578123.050 585030.828  1.19%  69.2 5466s
  6115  3406 580675.161  101  451 578123.050 585030.828  1.19%  69.2 5470s
  6130  3421 580441.344  108  453 578123.050 585030.828  1.19%  69.3 5475s
  6146  3437 580228.466  112  438 578123.050 585030.828  1.19%  69.3 5480s
  6163  3454 580120.412  119  415 578123.050 585030.828  1.19%  69.3 5485s
  6189  3480 579684.660  134  393 578123.050 585030.828  1.19%  69.2 5490s
  6216  3507 579188.655  149  362 578123.050 585030.828  1.19%  69.2 5495s
  6232  3523 579028.997  154  356 578123.050 585030.828  1.19%  69.1 5500s
  6257  3548 578677.439  173  327 578123.050 585030.828  1.19%  69.0 5505s
  6276  3566 578413.153  181  313 578123.050 585030.828  1.19%  68.9 5510s
  6302  3592 578284.622  192  313 578123.050 585030.828  1.19%  68.8 5515s
  6326  3595 583489.148   19  572 578123.050 585012.914  1.19%  69.3 5534s
  6327  3596 583479.298   20  566 578123.050 585012.914  1.19%  69.3 5538s
  6328  3597 583443.923   21  564 578123.050 585012.914  1.19%  69.3 5541s
  6330  3599 583434.135   23  564 578123.050 585012.914  1.19%  69.3 5545s
  6338  3607 583206.693   30  557 578123.050 585012.914  1.19%  69.4 5550s
  6342  3611 583147.180   33  553 578123.050 585012.914  1.19%  69.4 5555s
  6348  3617 582955.976   36  542 578123.050 585012.914  1.19%  69.5 5560s
  6354  3623 582608.395   40  538 578123.050 585012.914  1.19%  69.5 5565s
  6358  3627 582680.479   42  531 578123.050 585012.914  1.19%  69.6 5571s
  6366  3635 582457.342   48  515 578123.050 585012.914  1.19%  69.6 5575s
  6380  3649 582090.995   59  504 578123.050 585012.914  1.19%  69.6 5582s
  6386  3655 581958.853   62  500 578123.050 585012.914  1.19%  69.7 5585s
  6396  3665 581745.482   70  477 578123.050 585012.914  1.19%  69.7 5590s
  6403  3672 581553.967   73  468 578123.050 585012.914  1.19%  69.8 5595s
  6413  3682 581324.164   82  465 578123.050 585012.914  1.19%  69.8 5601s
  6422  3691 581235.135   86  454 578123.050 585012.914  1.19%  69.9 5605s
  6433  3702 581045.697   90  447 578123.050 585012.914  1.19%  69.9 5610s
  6450  3719 580873.740  103  446 578123.050 585012.914  1.19%  69.9 5615s
  6460  3729 580777.774  107  444 578123.050 585012.914  1.19%  69.9 5620s
  6475  3744 580601.570  115  431 578123.050 585012.914  1.19%  69.9 5625s
  6488  3757 580501.857  118  435 578123.050 585012.914  1.19%  69.9 5631s
  6499  3768 580284.869  125  412 578123.050 585012.914  1.19%  69.9 5635s
  6512  3781 580062.888  135  409 578123.050 585012.914  1.19%  69.9 5640s
  6530  3799 579769.198  145  386 578123.050 585012.914  1.19%  69.9 5645s
  6544  3813 579590.807  153  381 578123.050 585012.914  1.19%  69.9 5650s
  6566  3835 579273.175  168  368 578123.050 585012.914  1.19%  69.8 5655s
  6576  3845 579134.524  175  367 578123.050 585012.914  1.19%  69.8 5660s
  6592  3861 578940.533  179  368 578123.050 585012.914  1.19%  69.8 5665s
  6605  3874 578713.654  184  368 578123.050 585012.914  1.19%  69.8 5670s
  6617  3886 578664.627  193  362 578123.050 585012.914  1.19%  69.8 5675s
  6643  3912 578372.813  204  340 578123.050 585012.914  1.19%  69.7 5680s
  6676  3929 583433.776   21  554 578123.050 585012.914  1.19%  70.1 5698s
  6677  3930 583423.925   22  548 578123.050 585012.914  1.19%  70.1 5700s
  6679  3932 583379.010   24  543 578123.050 585012.914  1.19%  70.1 5708s
  6682  3935 583192.130   27  529 578123.050 585012.914  1.19%  70.2 5710s
  6688  3941 583041.638   33  524 578123.050 585012.914  1.19%  70.2 5716s
  6693  3946 582873.986   36  528 578123.050 585012.914  1.19%  70.2 5720s
  6698  3951 582713.861   40  517 578123.050 585012.914  1.19%  70.3 5725s
  6705  3958 582537.237   43  501 578123.050 585012.914  1.19%  70.4 5730s
  6720  3973 582227.445   56  499 578123.050 585012.914  1.19%  70.4 5735s
  6725  3978 582134.890   58  488 578123.050 585012.914  1.19%  70.4 5740s
  6734  3987 581993.156   61  478 578123.050 585012.914  1.19%  70.5 5746s
  6745  3998 581685.689   71  457 578123.050 585012.914  1.19%  70.5 5750s
  6753  4006 581553.596   75  457 578123.050 585012.914  1.19%  70.5 5755s
  6777  4030 581066.298   89  429 578123.050 585012.914  1.19%  70.5 5760s
  6791  4044 580816.016   98  427 578123.050 585012.914  1.19%  70.5 5765s
  6805  4058 580596.621  101  422 578123.050 585012.914  1.19%  70.5 5770s
  6822  4075 580453.452  109  425 578123.050 585012.914  1.19%  70.5 5775s
  6836  4089 580081.541  111  422 578123.050 585012.914  1.19%  70.5 5780s
  6846  4099 580033.922  112  422 578123.050 585012.914  1.19%  70.5 5785s
  6868  4121 579861.668  127  418 578123.050 585012.914  1.19%  70.4 5790s
  6889  4142 579625.621  144  397 578123.050 585012.914  1.19%  70.4 5795s
  6912  4165 579228.768  159  362 578123.050 585012.914  1.19%  70.3 5800s
  6930  4183 579008.251  167  346 578123.050 585012.914  1.19%  70.2 5805s
  6946  4199 578823.342  171  336 578123.050 585012.914  1.19%  70.2 5810s
  6962  4215 578597.112  175  329 578123.050 585012.914  1.19%  70.1 5815s
  6979  4231 578485.261  181  313 578123.050 585012.914  1.19%  70.1 5822s
  6988  4240 578421.578  184  314 578123.050 585012.914  1.19%  70.1 5825s
  7009  4258 578227.448  195  292 578123.050 585012.914  1.19%  70.1 5830s
  7035  4259 583261.963   21  547 578123.050 585004.063  1.19%  70.5 5845s
  7038  4262 583202.233   24  534 578123.050 585004.063  1.19%  70.5 5852s
  7040  4264 583122.734   26  529 578123.050 585004.063  1.19%  70.5 5856s
  7041  4265 583057.162   27  526 578123.050 585004.063  1.19%  70.5 5884s
  7042  4266 583031.969   28  526 578123.050 585004.063  1.19%  70.5 5885s
  7048  4272 582862.741   34  522 578123.050 585004.063  1.19%  70.5 5890s
  7055  4279 582677.355   40  524 578123.050 585004.063  1.19%  70.6 5896s
  7062  4286 582491.167   47  507 578123.050 585004.063  1.19%  70.6 5900s
  7069  4293 582305.230   51  498 578123.050 585004.063  1.19%  70.6 5905s
  7081  4305 582132.721   58  480 578123.050 585004.063  1.19%  70.7 5911s
  7089  4313 581964.579   61  468 578123.050 585004.063  1.19%  70.7 5916s
  7100  4324 581862.468   69  446 578123.050 585004.063  1.19%  70.7 5921s
  7108  4332 581731.531   72  440 578123.050 585004.063  1.19%  70.8 5925s
  7120  4344 581420.694   78  428 578123.050 585004.063  1.19%  70.9 5930s
  7141  4365 581010.344   96  427 578123.050 585004.063  1.19%  70.8 5935s
  7152  4376 580868.308  102  426 578123.050 585004.063  1.19%  70.9 5940s
  7170  4394 580620.590  112  415 578123.050 585004.063  1.19%  70.8 5945s
  7181  4405 580485.932  116  418 578123.050 585004.063  1.19%  70.8 5950s
  7201  4425 580106.946  125  390 578123.050 585004.063  1.19%  70.8 5955s
  7217  4441 579879.891  134  372 578123.050 585004.063  1.19%  70.8 5960s
  7231  4455 579745.856  139  362 578123.050 585004.063  1.19%  70.8 5965s
  7249  4473 579451.547  150  345 578123.050 585004.063  1.19%  70.7 5970s
  7269  4493 579124.775  159  341 578123.050 585004.063  1.19%  70.7 5975s
  7283  4507 578995.014  167  325 578123.050 585004.063  1.19%  70.6 5980s
  7300  4524 578722.870  174  311 578123.050 585004.063  1.19%  70.6 5986s
  7313  4537 578620.145  174  316 578123.050 585004.063  1.19%  70.6 5990s
  7340  4564 578462.519  187  301 578123.050 585004.063  1.19%  70.6 5995s
  7371  4590 578156.598  206  246 578123.050 585004.063  1.19%  70.4 6000s
  7379  4587 583512.234   20  559 578123.050 585003.149  1.19%  70.8 6016s
  7381  4589 583488.736   22  552 578123.050 585003.149  1.19%  70.8 6022s
  7384  4592 583370.710   25  545 578123.050 585003.149  1.19%  70.8 6025s
  7388  4596 583161.108   28  539 578123.050 585003.149  1.19%  70.9 6030s
  7398  4606 582911.491   38  518 578123.050 585003.149  1.19%  70.9 6035s
  7407  4615 582696.609   42  511 578123.050 585003.149  1.19%  71.0 6040s
  7413  4621 582617.698   43  495 578123.050 585003.149  1.19%  71.0 6045s
  7430  4638 582172.169   52  468 578123.050 585003.149  1.19%  71.0 6050s
  7443  4651 581975.921   61  450 578123.050 585003.149  1.19%  71.0 6055s
  7455  4663 581735.462   69  434 578123.050 585003.149  1.19%  71.0 6060s
  7470  4678 581444.718   79  434 578123.050 585003.149  1.19%  71.0 6065s
  7488  4696 581078.228   92  417 578123.050 585003.149  1.19%  71.0 6070s
  7504  4712 580962.283   96  408 578123.050 585003.149  1.19%  70.9 6075s
  7523  4731 580763.763  107  400 578123.050 585003.149  1.19%  70.9 6080s
  7547  4755 580354.827  122  372 578123.050 585003.149  1.19%  70.9 6085s
  7566  4774 580123.732  131  345 578123.050 585003.149  1.19%  70.8 6090s
  7576  4784 579978.533  134  342 578123.050 585003.149  1.19%  70.8 6095s
  7602  4810 579523.503  153  300 578123.050 585003.149  1.19%  70.8 6100s
  7620  4828 579266.089  159  293 578123.050 585003.149  1.19%  70.7 6105s
  7638  4846 579117.665  166  288 578123.050 585003.149  1.19%  70.7 6110s
  7662  4870 578823.929  184  273 578123.050 585003.149  1.19%  70.6 6115s
  7689  4897 578576.184  203  239 578123.050 585003.149  1.19%  70.5 6120s
  7744  4933 583481.600   20  564 578123.050 584997.287  1.19%  70.6 6149s
  7745  4934 583471.743   21  559 578123.050 584997.287  1.19%  70.6 6151s
  7747  4936 583405.720   23  551 578123.050 584997.287  1.19%  70.6 6156s
  7749  4938 583271.907   25  546 578123.050 584997.287  1.19%  70.7 6161s
  7755  4944 583009.807   31  532 578123.050 584997.287  1.19%  70.7 6165s
  7760  4949 582838.960   34  525 578123.050 584997.287  1.19%  70.7 6170s
  7766  4955 582722.705   39  532 578123.050 584997.287  1.19%  70.8 6175s
  7771  4960 582572.835   42  527 578123.050 584997.287  1.19%  70.8 6180s
  7777  4966 582395.575   45  517 578123.050 584997.287  1.19%  70.9 6185s
  7787  4976 582235.177   53  495 578123.050 584997.287  1.19%  70.9 6190s
  7800  4989 582010.038   64  487 578123.050 584997.287  1.19%  70.9 6195s
  7811  5000 581794.530   70  474 578123.050 584997.287  1.19%  70.9 6201s
  7823  5012 581528.311   76  478 578123.050 584997.287  1.19%  70.9 6205s
  7833  5022 581329.945   83  470 578123.050 584997.287  1.19%  70.9 6210s
  7847  5036 581070.684   91  464 578123.050 584997.287  1.19%  70.9 6215s
  7861  5050 580699.826  100  446 578123.050 584997.287  1.19%  71.0 6220s
  7868  5057 580714.066  104  452 578123.050 584997.287  1.19%  71.0 6225s
  7876  5065 580551.753  110  439 578123.050 584997.287  1.19%  71.0 6230s
  7894  5083 580171.061  127  434 578123.050 584997.287  1.19%  71.0 6235s
  7904  5093 580102.534  129  434 578123.050 584997.287  1.19%  71.0 6241s
  7919  5108 579957.390  137  426 578123.050 584997.287  1.19%  70.9 6245s
  7934  5123 579674.287  141  413 578123.050 584997.287  1.19%  70.9 6250s
  7949  5138 579510.828  151  393 578123.050 584997.287  1.19%  70.9 6255s
  7965  5154 579203.215  162  357 578123.050 584997.287  1.19%  70.9 6260s
  7976  5165 579083.568  169  353 578123.050 584997.287  1.19%  70.8 6266s
  7986  5175 579027.465  171  344 578123.050 584997.287  1.19%  70.8 6270s
  8008  5197 578786.307  181  341 578123.050 584997.287  1.19%  70.7 6275s
  8038  5226 578451.083  203  310 578123.050 584997.287  1.19%  70.6 6280s
  8076  5242 583500.737   22  563 578123.050 584996.762  1.19%  70.8 6298s
  8078  5244 583437.052   24  552 578123.050 584996.762  1.19%  70.9 6300s
  8085  5251 583191.983   31  540 578123.050 584996.762  1.19%  70.9 6305s
  8096  5262 582775.441   40  523 578123.050 584996.762  1.19%  71.0 6310s
  8106  5272 582571.500   45  526 578123.050 584996.762  1.19%  71.0 6315s
  8115  5281 582401.881   51  509 578123.050 584996.762  1.19%  71.0 6320s
  8125  5291 582139.205   56  495 578123.050 584996.762  1.19%  71.1 6325s
  8139  5305 581921.941   66  497 578123.050 584996.762  1.19%  71.1 6330s
  8151  5317 581685.376   71  483 578123.050 584996.762  1.19%  71.2 6335s
  8164  5330 581551.118   76  460 578123.050 584996.762  1.19%  71.2 6340s
  8178  5344 581299.076   80  454 578123.050 584996.762  1.19%  71.2 6345s
  8197  5363 581024.169   86  442 578123.050 584996.762  1.19%  71.2 6350s
  8219  5385 580793.421   95  430 578123.050 584996.762  1.19%  71.1 6355s
  8236  5402 580382.146  107  409 578123.050 584996.762  1.19%  71.1 6360s
  8246  5412 580310.751  111  405 578123.050 584996.762  1.19%  71.1 6365s
  8267  5433 580036.634  124  406 578123.050 584996.762  1.19%  71.1 6370s
  8282  5448 579837.781  133  389 578123.050 584996.762  1.19%  71.1 6375s
  8299  5465 579579.584  140  380 578123.050 584996.762  1.19%  71.1 6380s
  8313  5479 579381.939  147  359 578123.050 584996.762  1.19%  71.1 6385s
  8327  5493 579183.870  153  340 578123.050 584996.762  1.19%  71.1 6390s
  8345  5511 579040.025  161  344 578123.050 584996.762  1.19%  71.1 6395s
  8367  5533 578738.542  169  335 578123.050 584996.762  1.19%  71.0 6400s
  8389  5555 578629.546  171  335 578123.050 584996.762  1.19%  70.9 6405s
  8407  5572 578464.948  179  335 578123.050 584996.762  1.19%  70.9 6410s
  8439  5592 578134.109  197  308 578123.050 584996.762  1.19%  70.8 6415s
  8444  5589 583471.442   22  566 578123.050 584884.480  1.17%  71.3 6430s
  8451  5596 583108.730   29  543 578123.050 584884.480  1.17%  71.3 6435s
  8459  5604 582481.750   37  535 578123.050 584884.480  1.17%  71.3 6440s
  8470  5615 582099.668   48  525 578123.050 584884.480  1.17%  71.3 6445s
  8479  5624 581539.777   57  514 578123.050 584884.480  1.17%  71.4 6450s
  8489  5634 581131.259   67  492 578123.050 584884.480  1.17%  71.4 6455s
  8495  5640 580843.807   73  477 578123.050 584884.480  1.17%  71.4 6460s
  8506  5651 580560.573   84  481 578123.050 584884.480  1.17%  71.4 6465s
  8518  5663 580154.392   96  455 578123.050 584884.480  1.17%  71.4 6470s
  8536  5681 579389.197  114  425 578123.050 584884.480  1.17%  71.4 6475s
  8551  5696 578668.235  129  414 578123.050 584884.480  1.17%  71.3 6495s
  8565  5701 583326.405   23  554 578123.050 584882.383  1.17%  71.8 6512s
  8569  5705 583236.468   27  534 578123.050 584882.383  1.17%  71.8 6515s
  8579  5715 582766.718   37  513 578123.050 584882.383  1.17%  71.8 6520s
  8591  5727 582419.937   49  514 578123.050 584882.383  1.17%  71.8 6525s
  8603  5739 581957.737   61  505 578123.050 584882.383  1.17%  71.8 6530s
  8612  5748 581715.266   70  486 578123.050 584882.383  1.17%  71.8 6535s
  8625  5761 581331.498   83  483 578123.050 584882.383  1.17%  71.8 6540s
  8639  5775 581034.564   97  470 578123.050 584882.383  1.17%  71.8 6545s
  8654  5790 580580.068  112  464 578123.050 584882.383  1.17%  71.8 6550s
  8665  5801 580061.181  123  462 578123.050 584882.383  1.17%  71.8 6555s
  8679  5815 579567.744  137  452 578123.050 584882.383  1.17%  71.8 6560s
  8682  5818 579519.019  140  456 578123.050 584882.383  1.17%  71.8 6576s
  8693  5829 579232.192  151  448 578123.050 584882.383  1.17%  71.8 6580s
  8716  5852 578619.429  174  442 578123.050 584882.383  1.17%  71.7 6585s
  8731  5867 578258.813  189  438 578123.050 584882.383  1.17%  71.7 6590s
  8742  5866 583296.855   23  561 578123.050 584842.216  1.16%  72.1 6605s
  8746  5870 583237.016   25  553 578123.050 584842.216  1.16%  72.1 6610s
  8755  5879 583082.027   30  523 578123.050 584842.216  1.16%  72.1 6615s
  8762  5886 582682.848   33  508 578123.050 584842.216  1.16%  72.2 6620s
  8772  5896 582502.366   38  495 578123.050 584842.216  1.16%  72.3 6625s
  8781  5905 582471.880   43  499 578123.050 584842.216  1.16%  72.4 6630s
  8792  5916 582230.426   48  485 578123.050 584842.216  1.16%  72.4 6635s
  8802  5926 582022.163   53  479 578123.050 584842.216  1.16%  72.4 6640s
  8810  5934 581721.023   57  453 578123.050 584842.216  1.16%  72.5 6645s
  8824  5948 581414.943   64  434 578123.050 584842.216  1.16%  72.5 6650s
  8833  5957 581375.698   69  427 578123.050 584842.216  1.16%  72.5 6655s
  8847  5971 581097.334   76  422 578123.050 584842.216  1.16%  72.5 6660s
  8861  5985 580865.916   83  422 578123.050 584842.216  1.16%  72.5 6665s
  8877  6001 580656.575   91  415 578123.050 584842.216  1.16%  72.5 6670s
  8892  6016 580318.802   98  415 578123.050 584842.216  1.16%  72.5 6675s
  8903  6027 580360.747  104  407 578123.050 584842.216  1.16%  72.6 6680s
  8917  6041 580061.354  111  395 578123.050 584842.216  1.16%  72.6 6685s
  8929  6053 579884.924  117  397 578123.050 584842.216  1.16%  72.6 6690s
  8947  6071 579696.125  126  379 578123.050 584842.216  1.16%  72.6 6695s
  8968  6092 579413.968  136  359 578123.050 584842.216  1.16%  72.6 6700s
  8976  6100 579380.054  140  356 578123.050 584842.216  1.16%  72.6 6706s
  8985  6109 579236.710  145  349 578123.050 584842.216  1.16%  72.6 6710s
  8999  6123 579102.204  152  351 578123.050 584842.216  1.16%  72.6 6715s
  9018  6142 578452.128  161  324 578123.050 584842.216  1.16%  72.5 6726s
  9033  6157 578785.993  169  333 578123.050 584842.216  1.16%  72.5 6730s
  9056  6180 578457.124  180  317 578123.050 584842.216  1.16%  72.4 6735s
  9082  6200 578205.407  195  300 578123.050 584842.216  1.16%  72.4 6740s
  9101  6202 583228.859   24  562 578123.050 584841.021  1.16%  72.7 6755s
  9110  6211 582877.790   33  533 578123.050 584841.021  1.16%  72.7 6760s
  9118  6219 582325.860   41  532 578123.050 584841.021  1.16%  72.7 6765s
  9131  6232 581976.285   54  519 578123.050 584841.021  1.16%  72.7 6770s
  9142  6243 581551.557   65  519 578123.050 584841.021  1.16%  72.8 6775s
  9150  6251 581254.571   73  521 578123.050 584841.021  1.16%  72.8 6780s
H 9157  5652                    578526.38880 584841.021  1.09%  72.8 6794s
  9158  5655 581076.358   81  510 578526.389 584841.021  1.09%  72.8 6795s
  9169  5666 580764.023   92  495 578526.389 584841.021  1.09%  72.8 6800s
  9178  5675 580426.071  101  497 578526.389 584841.021  1.09%  72.8 6805s
  9190  5687 580108.285  113  489 578526.389 584841.021  1.09%  72.8 6810s
  9205  5702 579602.504  128  476 578526.389 584841.021  1.09%  72.8 6815s
  9216  5713 579355.535  139  466 578526.389 584841.021  1.09%  72.8 6820s
  9238  5735 578826.635  161  452 578526.389 584841.021  1.09%  72.7 6825s
  9258  5739 583232.697   24  559 578526.389 584830.770  1.09%  73.1 6842s
  9262  5743 582965.096   28  551 578526.389 584830.770  1.09%  73.1 6845s
  9268  5749 582536.148   34  523 578526.389 584830.770  1.09%  73.2 6850s
  9277  5758 582229.327   43  504 578526.389 584830.770  1.09%  73.2 6855s
  9294  5775 581737.470   60  476 578526.389 584830.770  1.09%  73.2 6860s
  9306  5787 581271.533   72  453 578526.389 584830.770  1.09%  73.2 6865s
  9323  5804 580627.929   89  419 578526.389 584830.770  1.09%  73.1 6870s
  9351  5832 579343.416  117  381 578526.389 584830.770  1.09%  73.1 6875s
  9379  5845 583231.256   25  553 578526.389 584830.751  1.09%  73.4 6893s
  9382  5848 583094.016   28  544 578526.389 584830.751  1.09%  73.4 6895s
  9392  5858 582732.062   37  526 578526.389 584830.751  1.09%  73.4 6900s
  9404  5870 582381.013   45  517 578526.389 584830.751  1.09%  73.5 6905s
  9416  5882 582067.004   54  506 578526.389 584830.751  1.09%  73.5 6910s
  9438  5904 581687.389   67  494 578526.389 584830.751  1.09%  73.5 6915s
  9456  5922 581297.880   76  475 578526.389 584830.751  1.09%  73.5 6920s
  9471  5937 581146.514   84  482 578526.389 584830.751  1.09%  73.6 6925s
  9485  5951 580845.116   92  457 578526.389 584830.751  1.09%  73.6 6930s
  9500  5966 580695.032   95  455 578526.389 584830.751  1.09%  73.6 6935s
  9512  5978 580507.383  102  456 578526.389 584830.751  1.09%  73.7 6940s
  9532  5998 580191.815  106  436 578526.389 584830.751  1.09%  73.7 6945s
  9547  6013 580101.877  115  429 578526.389 584830.751  1.09%  73.7 6950s
  9570  6036 579763.870  124  400 578526.389 584830.751  1.09%  73.7 6955s
  9596  6062 579316.565  143  389 578526.389 584830.751  1.09%  73.7 6960s
  9620  6085 578822.240  153  378 578526.389 584830.751  1.09%  73.6 6965s
  9646  6108 578696.393  168  358 578526.389 584830.751  1.09%  73.6 6970s
  9667  6114 583219.536   25  559 578526.389 584805.466  1.09%  74.0 6986s
  9668  6115 583209.718   26  554 578526.389 584805.466  1.09%  74.0 7001s

Cutting planes:
  Learned: 2
  MIR: 1723
  Flow cover: 1582
  RLT: 8
  Lazy constraints: 6304

Explored 9669 nodes (715794 simplex iterations) in 7001.66 seconds (4522.44 work units)
Thread count was 1 (of 52 available processors)

Solution count 8: 578526 578123 576664 ... 94682

Time limit reached
Best objective 5.785263887991e+05, best bound 5.848054660282e+05, gap 1.0854%

User-callback calls 307617, time in user-callback 9.72 sec

CPU time spent in the second stage: 7001.66 sec
The LP relaxation bound at the root node: 722423.214978
Termination status of the second stage: TIME_LIMIT

------------------ end of the second stage -----------------

Total CPU time: 7200.50 sec
Percentage optimality gap: 1.07 %
CPU time spent in separating the cuts: 86.82 sec
Number of explored nodes: 9669
Objective value of the returned solution: 578526.388799
Optimal facility locations: [25, 65, 91, 111, 117, 137, 146, 166, 186, 213, 222, 229, 250, 257, 273, 274, 282, 289, 306, 314, 319, 323, 363, 367, 376, 387, 388, 403, 406, 420, 432, 455, 471, 472, 556, 561, 570, 599, 625, 664, 714, 732, 734, 737, 741, 744, 746, 754, 768, 774, 781, 792, 796, 801, 832, 841, 851, 872, 882, 901, 906, 907, 920, 932, 936, 944, 973, 978, 983, 999, 1046, 1072, 1078, 1113, 1123, 1133, 1162, 1167, 1175, 1185, 1193, 1213, 1251, 1256, 1262, 1272, 1292, 1315, 1323, 1324, 1329, 1338, 1390, 1397, 1403, 1429, 1448, 1455, 1461, 1462, 1474, 1484, 1493, 1500, 1513, 1540, 1543, 1546, 1552, 1555, 1567, 1568, 1577, 1607, 1621, 1623, 1624, 1646, 1664, 1665, 1683, 1685, 1701, 1705, 1725, 1740, 1795, 1808, 1815, 1826, 1831, 1834, 1856, 1860, 1876, 1877, 1879, 1888, 1954, 1960, 1991]

@end of file
