Set parameter TimeLimit to value 7200
Setting sB&C+LSI: The proposed B&C algorithm based on formulation (40) (equipped with the lifted submodular inequalities), with only the second stage implemented
Gurobi Optimizer version 11.0.1 build v11.0.1rc0 (linux64 - "CentOS Linux 7 (Core)")

CPU model: Intel(R) Xeon(R) Gold 6230R CPU @ 2.10GHz, instruction set [SSE2|AVX|AVX2|AVX512]
Thread count: 52 physical cores, 52 logical processors, using up to 1 threads

Optimize a model with 3000 rows, 3200 columns and 3000 nonzeros
Model fingerprint: 0x7413af9b
Variable types: 3000 continuous, 200 integer (200 binary)
Coefficient statistics:
  Matrix range     [1e+00, 1e+00]
  Objective range  [1e+01, 2e+03]
  Bounds range     [0e+00, 0e+00]
  RHS range        [3e-05, 1e+00]
Found heuristic solution: objective -3.00655e+15
Presolve removed 3000 rows and 0 columns
Presolve time: 0.00s
Presolved: 0 rows, 3200 columns, 0 nonzeros
Variable types: 3000 continuous, 200 integer (200 binary)
Found heuristic solution: objective -3.00655e+15

Root relaxation: objective 1.232347e+06, 0 iterations, 0.00 seconds (0.00 work units)

    Nodes    |    Current Node    |     Objective Bounds      |     Work
 Expl Unexpl |  Obj  Depth IntInf | Incumbent    BestBd   Gap | It/Node Time

     0     0 1232347.48    0    - -3.007e+15 1232347.48   100%     -    0s
     0     0 1195059.94    0   37 -3.007e+15 1195059.94   100%     -    0s
     0     0 1194620.21    0   37 -3.007e+15 1194620.21   100%     -    1s
H    0     0                    724627.81588 1194396.71  64.8%     -    2s
     0     2 1110318.25    0   96 724627.816 1110318.25  53.2%     -    3s
     5     7 1109730.07    3   92 724627.816 1110151.52  53.2%  31.6    5s
    28    30 1032422.81   16   76 724627.816 1110151.52  53.2%   104   10s
    53    55 1030739.18   33   62 724627.816 1110151.52  53.2%   155   15s
H  137   133                    1006810.7277 1110151.52  10.3%  90.6   17s
*  138   132              99    1006816.2818 1110151.52  10.3%  89.9   17s
   149   141 1016078.92   11   92 1006816.28 1110127.36  10.3%   120   20s
*  217   181              69    1009136.0394 1110127.36  10.0%  92.9   22s
   236   196 1014709.30   19   73 1009136.04 1110094.44  10.0%   105   25s
*  284   184              63    1012516.6428 1110094.44  9.64%  90.5   26s
   329   215 1016247.61    2   97 1012516.64 1109708.59  9.60%   105   30s
*  419   276              60    1012858.5349 1109685.29  9.56%  96.1   34s
   423   274 1017005.91    4   94 1012858.53 1109451.22  9.54%   104   36s
   516   336 1016204.21    5   93 1012858.53 1109231.63  9.51%   105   41s
   565   374 1030938.83   32   37 1012858.53 1109221.20  9.51%   105  137s
   567   375 1013638.34   20   96 1012858.53 1017234.31  0.43%   105  154s
   568   376 1015001.46   12   74 1012858.53 1015001.46  0.21%   104  162s
   570   377 1014942.02    8   75 1012858.53 1014942.02  0.21%   104  168s
H  570   358                    1013447.5878 1014410.15  0.09%   104  179s
   572   360 1013447.59   45   72 1013447.59 1014410.15  0.09%   104  180s
   573   360 1013857.02   28   72 1013447.59 1014410.15  0.09%   104  188s
   574   361 1014375.29    4   66 1013447.59 1014375.29  0.09%   103  193s
   575   362 1013447.59   41   72 1013447.59 1014375.29  0.09%   103  196s
H  575   343                    1014106.3514 1014346.13  0.02%   103  200s
   578   345 1014106.35   37   70 1014106.35 1014344.54  0.02%   103  209s
   579   345 1014344.54   46   70 1014106.35 1014344.54  0.02%   102  213s
   580   346 1014317.40   39   78 1014106.35 1014317.40  0.02%   102  217s
   581   347 1014317.40    8   71 1014106.35 1014317.40  0.02%   102  221s
H  581   330                    1014198.8574 1014261.35  0.01%   102  222s
   586   333 1014211.29   14   37 1014198.86 1014232.24  0.00%   101  225s

Cutting planes:
  Gomory: 43
  Lift-and-project: 53
  Cover: 2
  Implied bound: 28
  MIR: 118
  Mixing: 3
  Flow cover: 910
  RLT: 62
  Relax-and-lift: 25
  BQP: 2
  Lazy constraints: 2

Explored 599 nodes (65891 simplex iterations) in 227.79 seconds (115.37 work units)
Thread count was 1 (of 52 available processors)

Solution count 10: 1.0142e+06 1.01411e+06 1.01345e+06 ... -3.00655e+15

Optimal solution found (tolerance 0.00e+00)
Best objective 1.014198857423e+06, best bound 1.014198857423e+06, gap 0.0000%

User-callback calls 42046, time in user-callback 0.80 sec

Total CPU time: 227.79 sec
Termination status: OPTIMAL
Percentage optimality gap: 0.00 %
Number of explored nodes: 599
Objective value of the returned solution: 1014198.857423
The LP relaxation bound at the root node: 1110318.252909
Optimal facility locations: [3, 8, 9, 12, 13, 15, 17, 20, 21, 22, 23, 26, 31, 32, 36, 48, 51, 55, 61, 62, 64, 66, 67, 70, 71, 74, 75, 77, 79, 81, 84, 92, 96, 98, 101, 106, 110, 118, 120, 125, 127, 128, 129, 130, 132, 133, 134, 135, 136, 137, 139, 141, 144, 149, 155, 160, 161, 167, 169, 176, 178, 179, 180, 188, 189, 190, 191, 192, 195, 196, 198]

@end of file
