Set parameter TimeLimit to value 7200
Setting GBD: A two-stage implementation of the stage-of-the-art generalized Benders decomposition (GBD) approach proposed by Lin & Tian (2021).

----------------- start of the first stage -----------------

Iter     Best Incumbent      BestBound     Gap      Time  #VioCuts
1                 0.000    1232347.482   100.0       0.6      3000
2            137213.561    1209678.171    88.7       1.6      3000
3            670668.922    1161172.941    42.2       4.6      2877
4            764370.137    1107646.029    31.0      10.1      1825
5            764370.137    1089650.654    29.9      14.0       982
6            764370.137    1085325.075    29.6      15.9       358
7            764370.137    1084774.897    29.5      16.9        90
8            764370.137    1084708.507    29.5      17.7        27
9            764370.137    1084677.364    29.5      18.4         7
10           764370.137    1084677.219    29.5      19.1         0

CPU time spent in the first stage: 27.34 sec
Upper bound returned at the end of the first stage: 1084677.219329
Objective value of the optimal solution or the best incumbent at the end of the first stage: 764370.136997
Number of cuts added at the end of the first stage for the initialization of the relaxed MILP problem: 2988
Termination status of the first stage: LP Optimal

------------------ end of the first stage ------------------


----------------- start of the second stage ----------------

Gurobi Optimizer version 11.0.1 build v11.0.1rc0 (linux64 - "CentOS Linux 7 (Core)")

CPU model: Intel(R) Xeon(R) Gold 6230R CPU @ 2.10GHz, instruction set [SSE2|AVX|AVX2|AVX512]
Thread count: 52 physical cores, 52 logical processors, using up to 1 threads


Warning: excessive time spent in model updates.
Consider calling update less frequently.

Optimize a model with 5992 rows, 3200 columns and 30355 nonzeros
Model fingerprint: 0x4c758f60
Variable types: 3000 continuous, 200 integer (0 binary)
Coefficient statistics:
  Matrix range     [2e-09, 2e+03]
  Objective range  [1e+01, 2e+03]
  Bounds range     [1e+00, 1e+00]
  RHS range        [3e-05, 2e+06]

Loaded user MIP start with objective 764370

Presolve removed 3003 rows and 0 columns
Presolve time: 0.10s
Presolved: 2989 rows, 3200 columns, 17754 nonzeros
Variable types: 3000 continuous, 200 integer (200 binary)

Root relaxation: objective 1.074530e+06, 218 iterations, 0.01 seconds (0.01 work units)

    Nodes    |    Current Node    |     Objective Bounds      |     Work
 Expl Unexpl |  Obj  Depth IntInf | Incumbent    BestBd   Gap | It/Node Time

     0     0 1074529.78    0   32 764370.137 1074529.78  40.6%     -    0s
H    0     0                    890021.06943 1074529.78  20.7%     -    0s
     0     0 1057453.11    0   99 890021.069 1057453.11  18.8%     -    1s
H    0     0                    946096.10076 1057237.72  11.7%     -    1s
     0     0 1045179.28    0  138 946096.101 1045179.28  10.5%     -    1s
     0     2 1044798.80    0  138 946096.101 1044798.80  10.4%     -    2s
     5     7 1028600.76    3  152 946096.101 1035669.71  9.47%  1282    5s
    19    21 1022213.77   10  146 946096.101 1035669.51  9.47%   582   10s
*  162   162             117    1005502.9330 1035669.51  3.00%   116   14s
   164   162 1023313.14    2  156 1005502.93 1035654.58  3.00%   132   15s
H  302   297                    1006359.1562 1035654.58  2.91%  90.9   17s
H  303   282                    1006729.2755 1035654.58  2.87%  90.8   17s
H  305   269                    1008209.6816 1035654.58  2.72%  90.4   17s
*  306   249             116    1009897.8465 1035654.58  2.55%  90.2   17s
*  440   364             102    1009975.9031 1030501.69  2.03%  80.7   19s
   442   364 1021023.87    3  147 1009975.90 1030486.47  2.03%  85.5   20s
   527   448 1019579.08   11  138 1009975.90 1030486.47  2.03%  79.8   27s
   529   449 1019737.85   27  147 1009975.90 1021174.45  1.11%  79.5   35s
   532   451 1015582.25    4  142 1009975.90 1015582.25  0.56%  79.1   41s
   534   453 1010659.29  103  124 1009975.90 1014959.18  0.49%  78.8   48s
   535   453 1011949.18   56  133 1009975.90 1014760.25  0.47%  78.6   51s
   537   455 1014760.25   24  130 1009975.90 1014760.25  0.47%  78.4   57s
   538   455 1014760.25   10  130 1009975.90 1014760.25  0.47%  78.2   60s
   546   463 1014631.59   15  114 1009975.90 1014657.70  0.46%  97.1   65s
   572   480 1014162.26   28   72 1009975.90 1014633.42  0.46%  96.2   70s
H  620   453                    1014000.8356 1014633.42  0.06%  92.0   73s
   627   448 1014515.40   14  131 1014000.84 1014631.45  0.06%  91.9   75s
   718   455 1014119.66   19  115 1014000.84 1014626.80  0.06%  90.1   80s
   825   463 1014435.02   15  119 1014000.84 1014591.98  0.06%  88.9   85s
H  838   432                    1014030.1245 1014591.98  0.06%  89.0   85s
*  919   419              42    1014046.1313 1014534.72  0.05%  87.2   87s
   956   417 1014256.57   20  107 1014046.13 1014485.08  0.04%  87.2   90s
* 1057   387              51    1014076.0007 1014436.38  0.04%  85.3   92s
  1114   392 1014159.42   24   98 1014076.00 1014429.16  0.03%  85.3   95s
H 1277   337                    1014090.0411 1014402.75  0.03%  84.5   99s
  1281   334 1014244.36   18  105 1014090.04 1014398.03  0.03%  84.5  100s
  1382   328 1014282.25   23   80 1014090.04 1014377.45  0.03%  83.8  105s
* 1501   246              47    1014138.9547 1014346.54  0.02%  84.0  109s
  1521   241 1014186.94   19  115 1014138.95 1014343.60  0.02%  83.8  110s
* 1626   151              49    1014189.1147 1014320.79  0.01%  83.4  113s
  1661   133 1014225.62   20  104 1014189.11 1014296.82  0.01%  83.4  115s
H 1823    38                    1014198.8574 1014221.10  0.00%  80.5  119s

Cutting planes:
  Gomory: 29
  Implied bound: 28
  MIR: 465
  Flow cover: 1509
  RLT: 54
  Relax-and-lift: 4
  Lazy constraints: 236

Explored 1871 nodes (150633 simplex iterations) in 119.76 seconds (91.87 work units)
Thread count was 1 (of 52 available processors)

Solution count 10: 1.0142e+06 1.01419e+06 1.01414e+06 ... 1.0099e+06

Optimal solution found (tolerance 0.00e+00)
Best objective 1.014198857423e+06, best bound 1.014198857423e+06, gap 0.0000%

User-callback calls 27328, time in user-callback 0.62 sec

CPU time spent in the second stage: 119.76 sec
The LP relaxation bound at the root node: 1044798.801677
Termination status of the second stage: OPTIMAL

------------------ end of the second stage -----------------

Total CPU time: 138.90 sec
Percentage optimality gap: 0.00 %
CPU time spent in separating the cuts: 5.87 sec
Number of explored nodes: 1871
Objective value of the returned solution: 1014198.857423
Optimal facility locations: [3, 8, 9, 12, 13, 15, 17, 20, 21, 22, 23, 26, 31, 32, 36, 48, 51, 55, 61, 62, 64, 66, 67, 70, 71, 74, 75, 77, 79, 81, 84, 92, 96, 98, 101, 106, 110, 118, 120, 125, 127, 128, 129, 130, 132, 133, 134, 135, 136, 137, 139, 141, 144, 149, 155, 160, 161, 167, 169, 176, 178, 179, 180, 188, 189, 190, 191, 192, 195, 196, 198]

@end of file
