Set parameter TimeLimit to value 7200
Setting sB&C+LSI: The proposed B&C algorithm based on formulation (40) (equipped with the lifted submodular inequalities), with only the second stage implemented
Gurobi Optimizer version 11.0.1 build v11.0.1rc0 (linux64 - "CentOS Linux 7 (Core)")

CPU model: Intel(R) Xeon(R) Gold 6230R CPU @ 2.10GHz, instruction set [SSE2|AVX|AVX2|AVX512]
Thread count: 52 physical cores, 52 logical processors, using up to 1 threads

Optimize a model with 3000 rows, 3500 columns and 3000 nonzeros
Model fingerprint: 0x75eeaf5d
Variable types: 3000 continuous, 500 integer (500 binary)
Coefficient statistics:
  Matrix range     [1e+00, 1e+00]
  Objective range  [1e+01, 2e+03]
  Bounds range     [0e+00, 0e+00]
  RHS range        [1e-05, 1e+00]
Found heuristic solution: objective -3.00655e+15
Presolve removed 3000 rows and 0 columns
Presolve time: 0.00s
Presolved: 0 rows, 3500 columns, 0 nonzeros
Variable types: 3000 continuous, 500 integer (500 binary)
Found heuristic solution: objective -3.00655e+15

Root relaxation: objective 1.261258e+06, 0 iterations, 0.00 seconds (0.00 work units)

    Nodes    |    Current Node    |     Objective Bounds      |     Work
 Expl Unexpl |  Obj  Depth IntInf | Incumbent    BestBd   Gap | It/Node Time

     0     0 1261257.54    0    - -3.007e+15 1261257.54   100%     -    1s
     0     0 1182656.01    0   83 -3.007e+15 1182656.01   100%     -    2s
H    0     0                    592047.49711 1182656.01   100%     -    2s
     0     0 1022880.22    0  200 592047.497 1022880.22  72.8%     -    6s
H    0     0                    795125.58795 1022700.76  28.6%     -    8s
H    0     0                    796071.54386 1022700.76  28.5%     -    8s
     0     2 928099.002    0  179 796071.544 928099.002  16.6%     -   13s
     5     7 927589.747    3  173 796071.544 927877.097  16.6%  29.2   15s
    16    18 927217.474    8  167 796071.544 927877.097  16.6%  23.8   20s
    28    30 894823.144   14  189 796071.544 927877.097  16.6%  89.4   26s
    30    32 887840.915   15  204 796071.544 927877.097  16.6%   232   30s
    35    37 887612.347   19  209 796071.544 927877.097  16.6%   262   35s
    39    41 884150.882   21  212 796071.544 927877.097  16.6%   276   40s
    44    46 881741.923   24  212 796071.544 927877.097  16.6%   284   45s
    50    52 880449.190   27  208 796071.544 927877.097  16.6%   266   50s
    57    59 879242.356   30  197 796071.544 927877.097  16.6%   260   55s
    71    73 878083.092   42  181 796071.544 927877.097  16.6%   224   60s
   122   124 873550.615   79  119 796071.544 927877.097  16.6%   149   65s
H  201   199                    867327.12200 927877.097  6.98%  98.2   69s
*  202   198             145    867364.51120 927877.097  6.98%  97.8   69s
   204   198 885085.835    2  205 867364.511 927805.497  6.97%   113   72s
   217   211 880828.207   15  166 867364.511 927805.497  6.97%   111   75s
   319   313 875807.792   98    4 867364.511 927805.497  6.97%  82.4   80s
*  321   213             100    875804.70993 927805.497  5.94%  81.9   80s
   381   263 877573.709   51   80 875804.710 927457.107  5.90%  81.8   85s
*  438   315             100    875824.55676 927457.107  5.90%  72.7   86s
   478   351 877791.434   42  104 875824.557 927443.296  5.89%  76.3   90s
   533   395 881784.918   25  200 875824.557 927395.573  5.89%  77.0  340s
   535   396 876103.409   81  189 875824.557 881482.931  0.65%  76.7  369s
   536   397 878761.437   29  206 875824.557 878761.437  0.34%  76.5  379s
   537   398 878535.995   36  214 875824.557 878535.995  0.31%  76.4  380s
   538   398 878531.571   31  213 875824.557 878531.571  0.31%  76.2  387s
   539   399 878256.000   39  155 875824.557 878256.000  0.28%  76.1  400s
   541   400 877581.335   54  151 875824.557 878256.000  0.28%  75.8  413s
   542   401 878072.941   43  172 875824.557 878200.535  0.27%  75.7  425s
   545   403 877892.320   41  182 875824.557 878200.535  0.27%  75.3  436s
   546   404 878180.016   27  177 875824.557 878180.016  0.27%  75.1  447s
   547   404 876765.375   79  176 875824.557 878180.016  0.27%  75.0  452s
   548   405 878115.318   15  140 875824.557 878115.318  0.26%  74.9  459s
   549   406 878115.318   19  140 875824.557 878115.318  0.26%  74.7  464s
   550   406 877900.414   47  176 875824.557 878115.318  0.26%  74.6  470s
   552   408 878115.318   32  163 875824.557 878115.318  0.26%  74.3  476s
   554   409 877635.389   49  165 875824.557 878115.318  0.26%  74.0  480s
   557   413 878064.537   11  159 875824.557 878115.318  0.26%  89.8  487s
   559   414 878055.736   12  107 875824.557 878115.318  0.26%  89.9  491s
   563   417 878050.408   14  118 875824.557 878066.431  0.26%  89.8  495s
   569   421 877253.189   17  102 875824.557 878063.885  0.26%  90.4  500s
   576   426 877094.205   20  105 875824.557 878063.885  0.26%  90.6  505s
H  579   403                    876918.19666 878063.885  0.13%  90.8  506s
   586   401 876977.149   28   36 876918.197 878063.885  0.13%  90.1  510s
*  596   377              35    876923.90732 878063.885  0.13%  88.8  510s
   599   379 877804.425   13  128 876923.907 878063.669  0.13%  89.2  515s
   606   384 877566.656   17  135 876923.907 878063.669  0.13%  89.4  521s
   611   387 877487.404   19  168 876923.907 878063.669  0.13%  89.5  525s
   620   392 877419.773   24   60 876923.907 878063.669  0.13%  88.8  530s
*  636   362              32    877364.16300 878063.669  0.08%  87.1  533s
   642   356 877805.455   12   95 877364.163 878053.092  0.08%  86.9  535s
   648   360 877604.616   15  135 877364.163 878053.092  0.08%  87.0  540s
   676   354     cutoff   15      877364.163 877982.276  0.07%  85.6  545s
H  696   325                    877435.46144 877804.245  0.04%  84.5  548s
*  703   300              36    877464.54710 877804.245  0.04%  83.7  549s
   710   301 877616.514   18  148 877464.547 877766.179  0.03%  83.5  550s
H  723   282                    877511.11535 877766.179  0.03%  82.4  550s
   759   272 877652.781   15  149 877511.115 877702.417  0.02%  81.1  555s
   821   252     cutoff   16      877511.115 877642.799  0.02%  77.2  560s
   840   242 877616.954   17  163 877511.115 877616.954  0.01%  76.3  566s
*  880   199              32    877513.96897 877581.545  0.01%  74.6  568s
   906   167     cutoff   26      877513.969 877513.969  0.00%  73.2  570s

Cutting planes:
  Gomory: 41
  Lift-and-project: 11
  Implied bound: 12
  MIR: 167
  Mixing: 4
  Flow cover: 1096
  RLT: 21
  Lazy constraints: 56

Explored 907 nodes (69820 simplex iterations) in 570.02 seconds (367.90 work units)
Thread count was 1 (of 52 available processors)

Solution count 10: 877514 877511 877465 ... 867365

Optimal solution found (tolerance 0.00e+00)
Best objective 8.775139689739e+05, best bound 8.775139689739e+05, gap 0.0000%

User-callback calls 54802, time in user-callback 1.59 sec

Total CPU time: 570.02 sec
Termination status: OPTIMAL
Percentage optimality gap: 0.00 %
Number of explored nodes: 907
Objective value of the returned solution: 877513.968974
The LP relaxation bound at the root node: 928099.002258
Optimal facility locations: [2, 8, 9, 13, 14, 16, 17, 19, 31, 33, 36, 38, 41, 45, 53, 55, 78, 92, 94, 95, 96, 97, 108, 111, 119, 127, 131, 132, 133, 136, 137, 139, 142, 151, 153, 154, 169, 172, 177, 179, 180, 187, 195, 198, 203, 206, 208, 209, 211, 213, 216, 218, 222, 226, 228, 229, 243, 246, 248, 253, 258, 259, 262, 265, 266, 268, 273, 286, 290, 291, 296, 317, 321, 331, 332, 340, 350, 353, 364, 367, 369, 371, 386, 389, 392, 393, 407, 409, 420, 424, 431, 447, 452, 453, 462, 468, 489, 490, 495, 496, 497, 500]

@end of file
