Set parameter TimeLimit to value 7200
Setting sB&C+LSI: The proposed B&C algorithm based on formulation (40) (equipped with the lifted submodular inequalities), with only the second stage implemented
Gurobi Optimizer version 11.0.1 build v11.0.1rc0 (linux64 - "CentOS Linux 7 (Core)")

CPU model: Intel(R) Xeon(R) Gold 6230R CPU @ 2.10GHz, instruction set [SSE2|AVX|AVX2|AVX512]
Thread count: 52 physical cores, 52 logical processors, using up to 1 threads

Optimize a model with 3000 rows, 5000 columns and 3000 nonzeros
Model fingerprint: 0xb2a833c5
Variable types: 3000 continuous, 2000 integer (2000 binary)
Coefficient statistics:
  Matrix range     [1e+00, 1e+00]
  Objective range  [1e+01, 2e+03]
  Bounds range     [0e+00, 0e+00]
  RHS range        [2e-06, 1e+00]
Found heuristic solution: objective -3.00655e+15
Presolve removed 3000 rows and 0 columns
Presolve time: 0.00s
Presolved: 0 rows, 5000 columns, 0 nonzeros
Variable types: 3000 continuous, 2000 integer (2000 binary)
Found heuristic solution: objective -3.00655e+15

Root relaxation: objective 1.243481e+06, 0 iterations, 0.00 seconds (0.00 work units)

    Nodes    |    Current Node    |     Objective Bounds      |     Work
 Expl Unexpl |  Obj  Depth IntInf | Incumbent    BestBd   Gap | It/Node Time

     0     0 1243480.59    0    - -3.007e+15 1243480.59   100%     -    5s
     0     0 1043224.61    0  202 -3.007e+15 1043224.61   100%     -    9s
     0     0 1043224.61    0  202 -3.007e+15 1043224.61   100%     -   10s
H    0     0                    398649.45106 1043224.61   162%     -   11s
     0     0 731070.545    0  307 398649.451 731070.545  83.4%     -   22s
H    0     0                    509223.75316 731066.252  43.6%     -   25s
     0     2 621883.311    0  240 509223.753 621883.311  22.1%     -   33s
     3     5 621821.656    2  237 509223.753 621821.656  22.1%  18.0   35s
    18    20 621500.557   10  233 509223.753 621739.644  22.1%  12.6   40s
    28    30 595185.703   15  248 509223.753 621739.644  22.1%  74.3   46s
    37    39 595023.953   20  244 509223.753 621739.644  22.1%   109   50s
    53    55 594602.865   29  242 509223.753 621739.644  22.1%  79.8   55s
    68    70 594129.881   39  240 509223.753 621739.644  22.1%  65.7   60s
    82    84 584011.436   47  241 509223.753 621739.644  22.1%  70.7   65s
    92    94 583994.738   52  234 509223.753 621739.644  22.1%  90.0   70s
   109   111 581208.336   62  231 509223.753 621739.644  22.1%  84.2   75s
   135   137 580856.791   80  216 509223.753 621739.644  22.1%  76.5   80s
   161   163 578690.760   98  196 509223.753 621739.644  22.1%  73.1   85s
   189   191 576887.747  117  213 509223.753 621739.644  22.1%  67.4   90s
   216   218 575876.689  135  174 509223.753 621739.644  22.1%  63.6   95s
   243   245 574633.397  152  174 509223.753 621739.644  22.1%  59.3  100s
   271   273 573039.567  171  160 509223.753 621739.644  22.1%  55.1  105s
   298   300 572210.056  190  156 509223.753 621739.644  22.1%  51.6  110s
   325   327 569964.272  208  141 509223.753 621739.644  22.1%  49.3  115s
   355   357 569352.120  228  114 509223.753 621739.644  22.1%  46.7  120s
   399   401 568531.932  263   62 509223.753 621739.644  22.1%  42.2  125s
   415   417 567805.257  273   60 509223.753 621739.644  22.1%  41.1  130s
   445   447 567181.680  293   29 509223.753 621739.644  22.1%  38.8  135s
H  459   457                    567076.21934 621739.644  9.64%  37.8  136s
   496   487 582738.615   25  190 567076.219 621735.016  9.64%  41.5  140s
   505   496 582395.164   31  185 567076.219 621735.016  9.64%  41.1  150s
   516   506 579258.645   82  307 567076.219 621735.016  9.64%  42.9  392s
   518   507 570088.180  216  256 567076.219 581969.037  2.63%  42.7  428s
H  518   481                    570134.24614 579757.945  1.69%  42.7  441s
   522   484 579258.645   82  213 570134.246 579330.376  1.61%  42.4  445s
   523   485 579330.064   46  213 570134.246 579330.064  1.61%  42.3  453s
   524   485 579035.907   39  156 570134.246 579058.565  1.57%  42.2  470s
   527   487 579044.751   34  146 570134.246 579044.751  1.56%  42.0  478s
H  527   463                    575054.01386 578965.176  0.68%  42.0  486s
H  527   439                    578007.88318 578965.176  0.17%  42.0  488s
   530   441 578880.130    4  133 578007.883 578880.130  0.15%  41.7  490s
   532   443 578007.883  107  129 578007.883 578877.559  0.15%  41.6  498s
   533   443 578007.883  217  134 578007.883 578858.318  0.15%  41.5  501s
H  535   423                    578575.62587 578839.159  0.05%  41.3  509s
   537   424 578575.626  118  136 578575.626 578828.421  0.04%  41.2  510s
   540   426 578814.837   42  130 578575.626 578814.837  0.04%  41.0  517s
   542   427 578575.626  256  126 578575.626 578814.837  0.04%  40.8  520s
   544   429 578808.829   11  145 578575.626 578808.829  0.04%  40.7  525s
   547   432 578575.626  191  307 578575.626 578808.468  0.04%  55.8  920s
   549   433 578808.468   64  250 578575.626 578808.468  0.04%  55.6  942s
   550   434 578575.626  267  228 578575.626 578808.468  0.04%  55.5  952s
   553   436 578575.626  256  122 578575.626 578801.785  0.04%  55.2  955s
   554   437 578801.522   83  113 578575.626 578801.522  0.04%  55.1  960s
   555   437 578575.626  169  146 578575.626 578787.928  0.04%  55.0  974s
   557   439 578786.808   53  145 578575.626 578786.808  0.04%  54.8  986s
H  557   416                    578773.18582 578786.284  0.00%  54.8  996s

Cutting planes:
  Gomory: 38
  Lift-and-project: 28
  Cover: 6
  Implied bound: 4
  MIR: 226
  Mixing: 1
  Flow cover: 950
  RLT: 22
  Lazy constraints: 1

Explored 559 nodes (43479 simplex iterations) in 998.72 seconds (458.81 work units)
Thread count was 1 (of 52 available processors)

Solution count 10: 578773 578576 578008 ... -3.00655e+15

Optimal solution found (tolerance 0.00e+00)
Best objective 5.787731858162e+05, best bound 5.787731858162e+05, gap 0.0000%

User-callback calls 51923, time in user-callback 6.77 sec

Total CPU time: 998.72 sec
Termination status: OPTIMAL
Percentage optimality gap: 0.00 %
Number of explored nodes: 559
Objective value of the returned solution: 578773.185816
The LP relaxation bound at the root node: 621883.310797
Optimal facility locations: [30, 65, 91, 111, 117, 137, 146, 166, 186, 213, 222, 229, 250, 257, 273, 274, 282, 289, 306, 307, 314, 319, 323, 351, 363, 367, 376, 387, 388, 403, 406, 420, 432, 455, 471, 472, 556, 561, 570, 599, 625, 664, 714, 732, 734, 737, 741, 744, 746, 754, 768, 774, 796, 801, 832, 841, 851, 872, 882, 901, 906, 907, 920, 932, 936, 944, 955, 973, 978, 983, 999, 1046, 1072, 1078, 1113, 1123, 1133, 1162, 1175, 1185, 1193, 1213, 1251, 1256, 1262, 1272, 1292, 1315, 1323, 1324, 1329, 1338, 1355, 1368, 1390, 1397, 1403, 1429, 1448, 1455, 1461, 1462, 1474, 1484, 1493, 1500, 1513, 1540, 1543, 1552, 1555, 1562, 1568, 1577, 1607, 1621, 1623, 1624, 1646, 1664, 1665, 1683, 1685, 1701, 1705, 1725, 1740, 1795, 1804, 1808, 1815, 1826, 1831, 1834, 1856, 1860, 1876, 1879, 1888, 1954, 1960, 1991]

@end of file
