Set parameter TimeLimit to value 7200
Setting B&C+LSI: The proposed B&C algorithm based on formulation (40) (equipped with the lifted submodular inequalities).

----------------- start of the first stage -----------------

Iter     Best Incumbent      BestBound     Gap      Time  #VioCuts
1                 0.000    1253993.457   100.0       3.2      3000
2            530816.853    1128480.795    53.0       4.5      2998
3            666731.204     893159.620    25.4      19.0      2955
4            718989.392     764395.948     5.9      32.7      2192
5            730537.770     740193.575     1.3      35.9       914
6            737910.744     738021.522     0.0      37.0        83
7            737910.744     737916.829     0.0      37.6         0

CPU time spent in the first stage: 54.51 sec
Upper bound returned at the end of the first stage: 737916.828582
Objective value of the optimal solution or the best incumbent at the end of the first stage: 737910.743816
Number of cuts added at the end of the first stage for the initialization of the relaxed MILP problem: 5964
Termination status of the first stage: LP Optimal

------------------ end of the first stage ------------------


----------------- start of the second stage ----------------

Gurobi Optimizer version 11.0.1 build v11.0.1rc0 (linux64 - "CentOS Linux 7 (Core)")

CPU model: Intel(R) Xeon(R) Gold 6230R CPU @ 2.10GHz, instruction set [SSE2|AVX|AVX2|AVX512]
Thread count: 52 physical cores, 52 logical processors, using up to 1 threads


Warning: excessive time spent in model updates.
Consider calling update less frequently.

Optimize a model with 8970 rows, 4000 columns and 76497 nonzeros
Model fingerprint: 0xf1174967
Variable types: 3000 continuous, 1000 integer (0 binary)
Coefficient statistics:
  Matrix range     [3e-05, 2e+03]
  Objective range  [1e+01, 2e+03]
  Bounds range     [1e+00, 1e+00]
  RHS range        [3e-06, 2e+06]

Loaded user MIP start with objective 737911

Presolve removed 3005 rows and 0 columns
Presolve time: 0.37s
Presolved: 5965 rows, 4000 columns, 53497 nonzeros
Variable types: 3000 continuous, 1000 integer (1000 binary)

Root relaxation: objective 7.379168e+05, 2651 iterations, 0.10 seconds (0.06 work units)

    Nodes    |    Current Node    |     Objective Bounds      |     Work
 Expl Unexpl |  Obj  Depth IntInf | Incumbent    BestBd   Gap | It/Node Time

     0     0 737916.829    0   10 737910.744 737916.829  0.00%     -    0s
     0     0     cutoff    0      737910.744 737910.744  0.00%     -    0s

Cutting planes:
  Gomory: 6
  Lift-and-project: 3
  Implied bound: 9
  Zero half: 2

Explored 1 nodes (2655 simplex iterations) in 0.73 seconds (0.64 work units)
Thread count was 1 (of 52 available processors)

Solution count 1: 737911 

Optimal solution found (tolerance 0.00e+00)
Best objective 7.379107438164e+05, best bound 7.379107438164e+05, gap 0.0000%

User-callback calls 321, time in user-callback 0.00 sec

CPU time spent in the second stage: 0.73 sec
The LP relaxation bound at the root node: 737910.743816
Termination status of the second stage: OPTIMAL

------------------ end of the second stage -----------------

Total CPU time: 38.32 sec
Percentage optimality gap: 0.00 %
CPU time spent in separating the cuts: 1.36 sec
Number of explored nodes: 1
Objective value of the returned solution: 737910.743816
Optimal facility locations: [10, 11, 15, 29, 41, 45, 91, 118, 123, 127, 135, 136, 138, 151, 155, 160, 164, 168, 171, 184, 187, 192, 197, 204, 206, 210, 220, 237, 244, 246, 250, 251, 278, 296, 344, 349, 351, 358, 363, 380, 384, 393, 399, 409, 411, 421, 422, 426, 434, 448, 452, 454, 466, 473, 477, 484, 493, 497, 501, 506, 512, 516, 520, 524, 525, 529, 533, 534, 535, 540, 555, 592, 595, 599, 601, 603, 607, 609, 633, 644, 659, 670, 672, 681, 694, 703, 705, 729, 738, 753, 760, 761, 762, 763, 779, 787, 788, 796, 823, 826, 828, 830, 831, 835, 838, 868, 906, 909, 910, 914, 931, 932, 936, 938, 943, 944, 958, 967, 980, 991, 996]

@end of file
