Set parameter TimeLimit to value 7200
Setting GBD: A two-stage implementation of the state-of-the-art generalized Benders decomposition (GBD) approach proposed by Lin & Tian (2021).

----------------- start of the first stage -----------------

Iter     Best Incumbent      BestBound     Gap      Time  #VioCuts
1                 0.000    2073828.729   100.0       6.4      4999
2            166961.866    1992318.028    91.6      18.3      4998
3            732847.037    1831421.056    60.0      76.6      4815
4            732847.037    1700588.636    56.9     221.7      3776
5            732847.037    1649474.183    55.6     272.3      2159
6            732847.037    1638234.121    55.3     290.2      1008
7            732847.037    1635574.146    55.2     303.5       352
8            732847.037    1634707.132    55.2     314.5       109
9            732847.037    1634581.522    55.2     324.2        51
10           732847.037    1634416.672    55.2     334.1        19
11           732847.037    1634402.575    55.2     343.1         6
12           732847.037    1634400.064    55.2     352.9         0

CPU time spent in the first stage: 435.50 sec
Upper bound returned at the end of the first stage: 1634400.064361
Objective value of the optimal solution or the best incumbent at the end of the first stage: 732847.037051
Number of cuts added at the end of the first stage for the initialization of the relaxed MILP problem: 5761
Termination status of the first stage: LP Optimal

------------------ end of the first stage ------------------


----------------- start of the second stage ----------------

Gurobi Optimizer version 11.0.1 build v11.0.1rc0 (linux64 - "CentOS Linux 7 (Core)")

CPU model: Intel(R) Xeon(R) Gold 6230R CPU @ 2.10GHz, instruction set [SSE2|AVX|AVX2|AVX512]
Thread count: 52 physical cores, 52 logical processors, using up to 1 threads


Warning: excessive time spent in model updates.
Consider calling update less frequently.

Optimize a model with 10764 rows, 6000 columns and 70142 nonzeros
Model fingerprint: 0x0356baa0
Variable types: 5000 continuous, 1000 integer (0 binary)
Coefficient statistics:
  Matrix range     [2e-10, 2e+03]
  Objective range  [1e+01, 2e+03]
  Bounds range     [1e+00, 1e+00]
  RHS range        [3e-05, 3e+06]
Warning: Model contains large matrix coefficient range
         Consider reformulating model or setting NumericFocus parameter
         to avoid numerical issues.

User MIP start did not produce a new incumbent solution

Presolve removed 5002 rows and 0 columns
Presolve time: 0.16s
Presolved: 5762 rows, 6000 columns, 53131 nonzeros
Variable types: 5000 continuous, 1000 integer (1000 binary)

Root relaxation: objective 1.579899e+06, 368 iterations, 0.01 seconds (0.00 work units)
Another try with MIP start

    Nodes    |    Current Node    |     Objective Bounds      |     Work
 Expl Unexpl |  Obj  Depth IntInf | Incumbent    BestBd   Gap | It/Node Time

H    0     0                    732847.03705 1579898.72   116%     -    0s
     0     0 1579898.72    0   12 732847.037 1579898.72   116%     -    0s
     0     0 1553056.16    0  221 732847.037 1553056.16   112%     -    1s
H    0     0                    1091141.1162 1553056.16  42.3%     -    1s
     0     0 1509163.76    0  298 1091141.12 1509163.76  38.3%     -    3s
H    0     0                    1261263.4335 1509163.76  19.7%     -    4s
     0     0 1478635.44    0  450 1261263.43 1478635.44  17.2%     -    8s
     0     2 1478623.12    0  450 1261263.43 1478623.12  17.2%     -    8s
     1     3 1463786.34    1  480 1261263.43 1478623.12  17.2%  2902   12s
     2     4 1463798.48    1  482 1261263.43 1463798.48  16.1%  2848   16s
    28    30 1447360.14   25  473 1261263.43 1463798.48  16.1%   373   22s
    41    43 1446494.89   35  458 1261263.43 1463798.48  16.1%   339   25s
    75    77 1435013.28   66  408 1261263.43 1463798.48  16.1%   252   30s
   174   176 1419750.82  153  278 1261263.43 1463798.48  16.1%   140   35s
   416   418 1402200.75  388   62 1261263.43 1463798.48  16.1%  70.0   40s
*  523   513             494    1382413.6685 1463798.48  5.89%  62.2   43s
   526   512 1443914.18    2  497 1382413.67 1463797.03  5.89%  71.7   48s
   528   513 1383323.41  413  298 1382413.67 1463797.03  5.89%  71.4   71s
   530   514 1442899.64   47  498 1382413.67 1442899.64  4.38%  71.1   94s
   531   515 1383421.20  407  529 1382413.67 1433209.01  3.67%  71.0  115s
   532   516 1382955.90  434  546 1382413.67 1428947.43  3.37%  70.8  124s
   533   516 1406781.21  287  554 1382413.67 1428561.25  3.34%  70.7  127s
   534   517 1406313.31  295  553 1382413.67 1428492.93  3.33%  70.6  136s
   535   518 1426136.69   56  549 1382413.67 1426136.69  3.16%  70.5  157s
   536   518 1425616.42   43  561 1382413.67 1425616.42  3.13%  70.3  162s
   537   519 1409099.59  262  558 1382413.67 1425421.06  3.11%  70.2  165s
   538   520 1382459.38  472  555 1382413.67 1425376.37  3.11%  70.1  176s
   539   520 1424857.21   27  554 1382413.67 1424857.21  3.07%  69.9  186s
   541   522 1411531.54  228  567 1382413.67 1424696.88  3.06%  69.7  194s
   542   522 1424619.12    6  572 1382413.67 1424619.12  3.05%  69.5  201s
   543   523 1424619.12  104  565 1382413.67 1424619.12  3.05%  69.4  207s
   544   524 1424576.90   24  574 1382413.67 1424576.90  3.05%  69.3  214s
   545   524 1424576.90   22  581 1382413.67 1424576.90  3.05%  69.2  215s
   548   526 1408224.08  270  581 1382413.67 1424576.90  3.05%  68.8  237s
   549   529 1420405.48   13  547 1382413.67 1424576.90  3.05%   138  250s
   550   530 1420925.66   13  539 1382413.67 1420925.66  2.79%   144  260s
   552   531 1420806.05   14  530 1382413.67 1420830.55  2.78%   145  265s
   555   533 1420727.62   16  537 1382413.67 1420805.65  2.78%   145  271s
   558   535 1420573.72   17  534 1382413.67 1420805.65  2.78%   145  276s
   562   538 1420367.75   19  530 1382413.67 1420805.65  2.78%   146  280s
   565   540 1420396.32   21  529 1382413.67 1420805.65  2.78%   145  285s
   568   542 1420284.77   22  526 1382413.67 1420805.65  2.78%   146  290s
   573   545 1420066.83   25  527 1382413.67 1420805.65  2.78%   147  296s
   576   547 1419944.68   26  523 1382413.67 1420805.65  2.78%   147  301s
   579   549 1419667.37   28  519 1382413.67 1420805.65  2.78%   148  305s
   583   552 1419691.28   30  515 1382413.67 1420805.65  2.78%   147  311s
   585   553 1419686.84   31  514 1382413.67 1420805.65  2.78%   147  315s
   590   556 1419371.82   33  510 1382413.67 1420805.65  2.78%   148  320s
   593   558 1419430.05   35  502 1382413.67 1420805.65  2.78%   148  325s
   596   560 1419009.93   36  500 1382413.67 1420805.65  2.78%   148  330s
   600   563 1419066.31   38  493 1382413.67 1420805.65  2.78%   149  335s
   604   566 1418772.69   40  494 1382413.67 1420805.65  2.78%   149  340s
   608   568 1418741.70   42  490 1382413.67 1420805.65  2.78%   149  346s
   612   571 1418675.70   44  487 1382413.67 1420805.65  2.78%   150  350s
   617   574 1418576.97   47  481 1382413.67 1420805.65  2.78%   150  355s
   621   577 1418408.88   49  474 1382413.67 1420805.65  2.78%   150  361s
   624   579 1418198.37   50  470 1382413.67 1420805.65  2.78%   150  365s
   627   581 1418120.77   52  472 1382413.67 1420805.65  2.78%   150  370s
   632   584 1418010.65   54  478 1382413.67 1420805.65  2.78%   150  375s
   637   588 1417845.45   57  463 1382413.67 1420805.65  2.78%   150  380s
   642   591 1417599.64   59  457 1382413.67 1420805.65  2.78%   149  385s
   648   595 1417590.16   62  461 1382413.67 1420805.65  2.78%   149  390s
   654   599 1417466.90   65  441 1382413.67 1420805.65  2.78%   150  395s
   661   604 1417257.28   69  430 1382413.67 1420805.65  2.78%   149  400s
   669   609 1417173.20   73  420 1382413.67 1420805.65  2.78%   149  405s
   686   620 1416706.35   81  403 1382413.67 1420805.65  2.78%   147  410s
   712   638 1416143.91   94  392 1382413.67 1420805.65  2.78%   145  415s
   740   656 1415573.50  108  363 1382413.67 1420805.65  2.78%   144  420s
   765   673 1409306.65  121  377 1382413.67 1420805.65  2.78%   145  425s
   789   689 1408361.44  133  352 1382413.67 1420805.65  2.78%   145  430s
   836   720 1407152.00  156  313 1382413.67 1420805.65  2.78%   140  435s
   899   762 1405593.51  188  264 1382413.67 1420805.65  2.78%   134  440s
   933   785 1401158.98  205  273 1382413.67 1420805.65  2.78%   134  445s
   997   828 1398550.46  237  248 1382413.67 1420805.65  2.78%   129  450s
  1061   870 1397524.16  269  197 1382413.67 1420805.65  2.78%   124  455s
  1125   913 1395503.70  301  177 1382413.67 1420805.65  2.78%   120  460s
  1196   960 1394386.65  336  150 1382413.67 1420805.65  2.78%   114  465s
H 1223   949                    1390114.2126 1420805.65  2.21%   112  467s
  1259   975 1393562.67  368   95 1390114.21 1420805.65  2.21%   110  470s
H 1304   978                    1390832.7684 1420805.65  2.16%   107  473s
  1336  1002 1392384.49  406   55 1390832.77 1420805.65  2.16%   105  475s
  1413  1053 1391860.89  445   30 1390832.77 1420805.65  2.16%   100  480s
H 1439   999                    1391740.1944 1420805.65  2.09%  98.6  481s
  1453   985 1418458.39   15  566 1391740.19 1420801.87  2.09%   101  508s
  1454   985 1416991.25   16  567 1391740.19 1420801.87  2.09%   103  515s
  1455   986 1416882.15   16  568 1391740.19 1420801.87  2.09%   106  521s
  1462   991 1416634.75   20  563 1391740.19 1420801.87  2.09%   106  525s
  1478  1001 1415776.08   28  527 1391740.19 1420801.87  2.09%   107  530s
  1495  1013 1415334.53   36  497 1391740.19 1420801.87  2.09%   108  535s
  1519  1029 1414519.14   48  451 1391740.19 1420801.87  2.09%   109  540s
  1557  1054 1413589.24   67  405 1391740.19 1420801.87  2.09%   109  545s
  1607  1087 1412623.15   92  354 1391740.19 1420801.87  2.09%   109  550s
  1649  1115 1411670.49  113  313 1391740.19 1420801.87  2.09%   108  555s
  1702  1151 1410519.86  140  266 1391740.19 1420801.87  2.09%   107  560s
  1746  1180 1407595.57  162  240 1391740.19 1420801.87  2.09%   106  565s
  1793  1211 1405752.37  185  233 1391740.19 1420801.87  2.09%   105  570s
  1852  1251 1404381.82  215  169 1391740.19 1420801.87  2.09%   103  575s
  1913  1297 1402758.97  245  147 1391740.19 1420801.87  2.09%   101  580s
  1978  1362 1402128.83  278   82 1391740.19 1420801.87  2.09%  98.2  585s
  2040  1424 1401410.49  309   51 1391740.19 1420801.87  2.09%  96.0  590s
H 2060   948                    1401241.0089 1420801.87  1.40%  95.3  591s
  2085   940 1416258.90   15  598 1401241.01 1420765.06  1.39%  97.6  605s
  2087   942 1416144.15   16  587 1401241.01 1420765.06  1.39%  97.7  610s
  2090   945 1415655.94   18  582 1401241.01 1420765.06  1.39%  98.0  616s
  2092   947 1415917.90   19  583 1401241.01 1420765.06  1.39%  98.1  620s
  2098   953 1415713.75   22  570 1401241.01 1420765.06  1.39%  98.5  625s
  2107   962 1415223.62   26  568 1401241.01 1420765.06  1.39%  98.9  630s
  2114   969 1415341.44   30  544 1401241.01 1420765.06  1.39%  99.4  635s
  2130   985 1414809.04   38  527 1401241.01 1420765.06  1.39%   100  641s
  2139   994 1414559.70   42  518 1401241.01 1420765.06  1.39%   100  646s
  2152  1007 1414143.10   49  499 1401241.01 1420765.06  1.39%   101  650s
  2176  1031 1413453.75   61  469 1401241.01 1420765.06  1.39%   101  655s
  2195  1050 1412942.98   70  444 1401241.01 1420765.06  1.39%   101  660s
  2222  1077 1412415.04   84  427 1401241.01 1420765.06  1.39%   101  665s
  2255  1110 1411640.04  100  376 1401241.01 1420765.06  1.39%   101  670s
  2292  1147 1410998.12  119  332 1401241.01 1420765.06  1.39%   101  675s
  2346  1201 1409709.26  146  278 1401241.01 1420765.06  1.39%   100  680s
  2394  1249 1408393.50  170  234 1401241.01 1420765.06  1.39%  98.8  686s
  2421  1276 1407416.18  183  215 1401241.01 1420765.06  1.39%  98.1  690s
  2449  1304 1407107.84  197  197 1401241.01 1420765.06  1.39%  97.6  695s
  2498  1353 1406406.29  222  156 1401241.01 1420765.06  1.39%  96.4  705s
  2538  1393 1405962.28  242  125 1401241.01 1420765.06  1.39%  95.6  710s
  2550  1405 1403226.64  248  137 1401241.01 1420765.06  1.39%  96.1  721s
  2600  1455 1402571.72  273  121 1401241.01 1420765.06  1.39%  94.8  725s
  2644  1499 1402006.14  295   96 1401241.01 1420765.06  1.39%  93.8  730s
  2681  1536 1401369.31  313   80 1401241.01 1420765.06  1.39%  92.9  735s
  2706  1543 1415840.52   16  599 1401241.01 1420764.43  1.39%  95.0  754s
  2707  1544 1415788.47   17  605 1401241.01 1420764.43  1.39%  95.1  755s
  2714  1551 1415649.82   20  596 1401241.01 1420764.43  1.39%  95.4  760s
  2725  1562 1415206.60   26  571 1401241.01 1420764.43  1.39%  95.9  765s
  2735  1572 1415064.18   31  566 1401241.01 1420764.43  1.39%  96.2  774s
  2737  1574 1414922.50   32  558 1401241.01 1420764.43  1.39%  96.4  775s
  2749  1586 1414505.84   38  556 1401241.01 1420764.43  1.39%  96.7  780s
  2762  1599 1414083.87   44  529 1401241.01 1420764.43  1.39%  97.2  792s
  2772  1609 1413405.79   49  510 1401241.01 1420764.43  1.39%  97.5  795s
  2789  1626 1413209.84   58  490 1401241.01 1420764.43  1.39%  97.7  803s
  2791  1628 1413026.49   59  491 1401241.01 1420764.43  1.39%  97.9  805s
  2812  1649 1412334.02   69  454 1401241.01 1420764.43  1.39%  98.2  810s
  2816  1653 1412185.25   71  449 1401241.01 1420764.43  1.39%  98.1  816s
  2839  1676 1411562.33   83  418 1401241.01 1420764.43  1.39%  98.4  820s
  2843  1680 1411532.62   85  411 1401241.01 1420764.43  1.39%  98.4  827s
  2864  1701 1410957.24   95  391 1401241.01 1420764.43  1.39%  98.6  830s
  2870  1707 1410665.27   98  379 1401241.01 1420764.43  1.39%  98.6  835s
  2897  1734 1409910.28  112  339 1401241.01 1420764.43  1.39%  98.4  844s
  2899  1736 1409890.04  113  332 1401241.01 1420764.43  1.39%  98.4  845s
  2924  1761 1409232.39  125  303 1401241.01 1420764.43  1.39%  98.2  854s
  2925  1762 1409434.43  126  304 1401241.01 1420764.43  1.39%  98.2  857s
  2965  1802 1408497.82  146  289 1401241.01 1420764.43  1.39%  97.8  860s
  3041  1878 1406665.55  184  215 1401241.01 1420764.43  1.39%  96.5  865s
  3103  1940 1405558.97  215  182 1401241.01 1420764.43  1.39%  95.4  870s
  3173  2010 1404677.13  250  129 1401241.01 1420764.43  1.39%  94.0  875s
  3221  2058 1404279.86  274  108 1401241.01 1420764.43  1.39%  93.0  880s
  3297  2134 1404035.98  312   58 1401241.01 1420764.43  1.39%  91.4  885s
  3376  2213 1403400.82  351   14 1401241.01 1420764.43  1.39%  89.7  890s
* 3396  1808             362    1403746.5086 1420764.43  1.21%  89.3  891s
  3406  1800 1415827.37   16  600 1403746.51 1420717.80  1.21%  91.2  924s
  3407  1801 1415765.42   17  598 1403746.51 1420717.80  1.21%  91.3  925s
  3414  1808 1415058.15   20  576 1403746.51 1420717.80  1.21%  91.7  943s
  3419  1813 1415375.18   23  566 1403746.51 1420717.80  1.21%  91.8  945s
  3433  1827 1415054.95   30  548 1403746.51 1420717.80  1.21%  92.1  950s
  3449  1843 1414272.86   38  506 1403746.51 1420717.80  1.21%  92.5  955s
  3470  1864 1413445.85   48  473 1403746.51 1420717.80  1.21%  92.9  960s
  3506  1900 1412206.61   66  424 1403746.51 1420717.80  1.21%  93.1  965s
  3550  1944 1411323.72   88  402 1403746.51 1420717.80  1.21%  93.2  970s
  3602  1996 1409883.84  114  370 1403746.51 1420717.80  1.21%  93.1  975s
  3660  2054 1408557.10  143  302 1403746.51 1420717.80  1.21%  92.8  980s
  3730  2124 1407008.97  178  224 1403746.51 1420717.80  1.21%  91.8  985s
  3798  2192 1405757.55  212  156 1403746.51 1420717.80  1.21%  91.0  990s
  3854  2248 1405200.73  240  135 1403746.51 1420717.80  1.21%  90.1  995s
  3929  2323 1404880.90  278   82 1403746.51 1420717.80  1.21%  88.9 1000s
  4003  2397 1404737.10  315   18 1403746.51 1420717.80  1.21%  87.6 1005s
  4041  2413 1415724.40   17  585 1403746.51 1420717.43  1.21%  88.9 1025s
  4051  2423 1415494.77   22  576 1403746.51 1420717.43  1.21%  89.1 1030s
  4063  2435 1415191.20   28  564 1403746.51 1420717.43  1.21%  89.4 1035s
  4082  2454 1414766.70   38  538 1403746.51 1420717.43  1.21%  89.6 1040s
  4100  2472 1413953.30   47  503 1403746.51 1420717.43  1.21%  89.9 1045s
  4119  2491 1413175.15   56  479 1403746.51 1420717.43  1.21%  90.3 1050s
  4136  2508 1412601.03   65  451 1403746.51 1420717.43  1.21%  90.5 1055s
  4162  2534 1411976.56   78  426 1403746.51 1420717.43  1.21%  90.8 1060s
  4190  2562 1411043.38   92  395 1403746.51 1420717.43  1.21%  90.9 1065s
  4227  2599 1410112.05  110  371 1403746.51 1420717.43  1.21%  90.9 1070s
  4264  2636 1409292.29  129  347 1403746.51 1420717.43  1.21%  90.9 1075s
  4308  2680 1408377.82  151  303 1403746.51 1420717.43  1.21%  90.6 1080s
  4366  2738 1406926.10  180  249 1403746.51 1420717.43  1.21%  90.1 1085s
  4411  2783 1406038.26  202  206 1403746.51 1420717.43  1.21%  89.5 1090s
  4472  2844 1405218.56  233  167 1403746.51 1420717.43  1.21%  88.8 1095s
  4541  2913 1404307.91  267  125 1403746.51 1420717.43  1.21%  88.0 1100s
  4617  2989 1403881.21  305   70 1403746.51 1420717.43  1.21%  87.0 1105s
  4696  3039 1415733.03   17  586 1403746.51 1420572.47  1.20%  87.4 1141s
  4698  3041 1415683.46   18  589 1403746.51 1420572.47  1.20%  87.5 1146s
  4699  3042 1415545.48   19  587 1403746.51 1420572.47  1.20%  87.5 1150s
  4701  3044 1415579.72   20  586 1403746.51 1420572.47  1.20%  87.6 1156s
  4705  3048 1415539.27   22  586 1403746.51 1420572.47  1.20%  87.7 1160s
  4710  3053 1415465.14   24  578 1403746.51 1420572.47  1.20%  87.9 1165s
  4721  3064 1415120.35   30  557 1403746.51 1420572.47  1.20%  88.1 1170s
  4728  3071 1415047.11   33  558 1403746.51 1420572.47  1.20%  88.2 1175s
  4738  3081 1414932.65   38  548 1403746.51 1420572.47  1.20%  88.3 1180s
  4745  3088 1414554.80   42  535 1403746.51 1420572.47  1.20%  88.4 1185s
  4751  3094 1414466.57   45  515 1403746.51 1420572.47  1.20%  88.6 1190s
  4763  3106 1413898.36   51  502 1403746.51 1420572.47  1.20%  88.7 1195s
  4775  3118 1413438.37   57  487 1403746.51 1420572.47  1.20%  88.9 1200s
  4793  3136 1412778.71   66  448 1403746.51 1420572.47  1.20%  89.1 1205s
  4821  3164 1411750.86   80  415 1403746.51 1420572.47  1.20%  89.2 1210s
  4854  3197 1410342.14   96  382 1403746.51 1420572.47  1.20%  89.2 1215s
  4887  3230 1409867.09  113  357 1403746.51 1420572.47  1.20%  89.2 1220s
  4920  3263 1408891.30  129  323 1403746.51 1420572.47  1.20%  89.2 1225s
  4957  3300 1408103.45  148  267 1403746.51 1420572.47  1.20%  89.1 1230s
  4994  3337 1407419.93  166  246 1403746.51 1420572.47  1.20%  88.7 1235s
  5048  3391 1406123.75  193  218 1403746.51 1420572.47  1.20%  88.1 1240s
  5111  3454 1405613.80  225  163 1403746.51 1420572.47  1.20%  87.5 1245s
  5158  3501 1404608.30  248  133 1403746.51 1420572.47  1.20%  87.1 1250s
  5227  3570 1404562.54  283   94 1403746.51 1420572.47  1.20%  86.2 1255s
H 5245  3154                    1404519.9138 1420572.47  1.14%  86.0 1257s
  5289  3145 1415332.28   18  578 1404519.91 1420571.19  1.14%  86.8 1277s
  5290  3146 1415194.54   19  576 1404519.91 1420571.19  1.14%  86.8 1293s
  5291  3147 1415228.56   19  577 1404519.91 1420571.19  1.14%  86.9 1295s
  5295  3151 1414777.54   21  570 1404519.91 1420571.19  1.14%  87.0 1300s
  5306  3162 1414773.35   27  561 1404519.91 1420571.19  1.14%  87.2 1305s
H 5309  2900                    1405133.5854 1420571.19  1.10%  87.2 1314s
  5313  2906 1414870.54   30  556 1405133.59 1420571.19  1.10%  87.3 1315s
  5329  2922 1414543.67   38  539 1405133.59 1420571.19  1.10%  87.4 1320s
  5345  2938 1413725.10   46  525 1405133.59 1420571.19  1.10%  87.6 1326s
  5361  2954 1413355.23   54  497 1405133.59 1420571.19  1.10%  87.7 1330s
  5378  2971 1412542.43   63  460 1405133.59 1420571.19  1.10%  88.0 1335s
  5406  2999 1411610.65   77  427 1405133.59 1420571.19  1.10%  88.2 1340s
  5452  3045 1410412.86  100  391 1405133.59 1420571.19  1.10%  88.2 1345s
  5506  3099 1408894.56  127  328 1405133.59 1420571.19  1.10%  88.3 1350s
  5565  3158 1407206.96  156  246 1405133.59 1420571.19  1.10%  88.0 1355s
  5630  3223 1406329.33  189  188 1405133.59 1420571.19  1.10%  87.5 1360s
  5701  3291 1405160.98  224  101 1405133.59 1420571.19  1.10%  86.9 1365s
  5734  3300 1415348.42   18  580 1405133.59 1420468.45  1.09%  87.9 1384s
  5735  3301 1415212.05   19  578 1405133.59 1420468.45  1.09%  87.9 1385s
  5742  3308 1414446.79   26  557 1405133.59 1420468.45  1.09%  88.1 1390s
  5757  3323 1413407.20   41  519 1405133.59 1420468.45  1.09%  88.1 1395s
  5771  3337 1412508.94   47  490 1405133.59 1420468.45  1.09%  88.3 1400s
  5793  3359 1411674.11   60  469 1405133.59 1420468.45  1.09%  88.6 1405s
  5820  3386 1411053.68   70  436 1405133.59 1420468.45  1.09%  88.8 1410s
  5869  3435 1409664.62   96  378 1405133.59 1420468.45  1.09%  88.7 1415s
  5921  3487 1408700.29  108  360 1405133.59 1420468.45  1.09%  88.7 1420s
  5955  3521 1407920.38  121  331 1405133.59 1420468.45  1.09%  88.8 1425s
  5985  3551 1407392.16  135  316 1405133.59 1420468.45  1.09%  88.7 1430s
  6036  3602 1406304.28  163  298 1405133.59 1420468.45  1.09%  88.4 1435s
  6085  3651 1405543.65  183  280 1405133.59 1420468.45  1.09%  88.0 1440s
  6123  3667 1415261.85   21  581 1405133.59 1420467.11  1.09%  89.0 1460s
  6129  3673 1414451.59   27  568 1405133.59 1420467.11  1.09%  89.2 1465s
  6134  3678 1413919.36   32  546 1405133.59 1420467.11  1.09%  89.2 1470s
  6154  3698 1412650.22   47  519 1405133.59 1420467.11  1.09%  89.3 1475s
  6169  3713 1412013.13   55  494 1405133.59 1420467.11  1.09%  89.6 1480s
  6190  3734 1411345.44   66  465 1405133.59 1420467.11  1.09%  89.9 1485s
  6218  3762 1410430.66   80  436 1405133.59 1420467.11  1.09%  90.0 1490s
  6262  3806 1409419.07   98  396 1405133.59 1420467.11  1.09%  90.1 1495s
  6285  3829 1408805.43  103  369 1405133.59 1420467.11  1.09%  90.1 1505s
  6327  3871 1407790.46  119  351 1405133.59 1420467.11  1.09%  90.1 1510s
  6403  3947 1406274.99  160  292 1405133.59 1420467.11  1.09%  89.6 1515s
  6481  4003 1415268.67   21  580 1405133.59 1420403.19  1.09%  90.3 1549s
  6482  4004 1415132.30   22  579 1405133.59 1420403.19  1.09%  90.3 1550s
  6502  4024 1413573.44   42  525 1405133.59 1420403.19  1.09%  90.5 1555s
  6518  4040 1412637.97   51  500 1405133.59 1420403.19  1.09%  90.7 1560s
  6538  4060 1411863.98   62  469 1405133.59 1420403.19  1.09%  90.9 1565s
  6572  4094 1410686.53   79  433 1405133.59 1420403.19  1.09%  91.1 1570s
  6617  4139 1409816.98   93  410 1405133.59 1420403.19  1.09%  91.0 1575s
  6670  4192 1408713.63  108  362 1405133.59 1420403.19  1.09%  91.0 1580s
  6740  4262 1406806.54  144  305 1405133.59 1420403.19  1.09%  90.7 1585s
  6818  4340 1405519.36  177  238 1405133.59 1420403.19  1.09%  90.2 1590s
  6872  4366 1415150.49   14  599 1405133.59 1420401.55  1.09%  91.0 1613s
  6873  4367 1415096.93   15  599 1405133.59 1420401.55  1.09%  91.0 1615s
  6877  4371 1414558.20   19  589 1405133.59 1420401.55  1.09%  91.1 1620s
  6885  4379 1413604.70   27  552 1405133.59 1420401.55  1.09%  91.2 1625s
  6898  4392 1412883.67   40  526 1405133.59 1420401.55  1.09%  91.2 1630s
  6911  4405 1412314.83   46  518 1405133.59 1420401.55  1.09%  91.4 1635s
  6926  4420 1411578.68   57  469 1405133.59 1420401.55  1.09%  91.6 1640s
  6950  4444 1410721.62   72  448 1405133.59 1420401.55  1.09%  91.8 1645s
  6979  4473 1409549.25   91  401 1405133.59 1420401.55  1.09%  91.8 1650s
  6991  4485 1409257.75   94  390 1405133.59 1420401.55  1.09%  91.8 1655s
  7018  4512 1408959.26   99  389 1405133.59 1420401.55  1.09%  91.9 1669s
  7019  4513 1408936.31   99  394 1405133.59 1420401.55  1.09%  91.9 1684s
  7020  4514 1408872.52  100  389 1405133.59 1420401.55  1.09%  91.9 1685s
  7062  4556 1407747.72  121  349 1405133.59 1420401.55  1.09%  91.8 1690s
  7123  4617 1406476.65  155  292 1405133.59 1420401.55  1.09%  91.5 1695s
  7197  4686 1405239.98  182  216 1405133.59 1420401.55  1.09%  91.1 1700s
  7212  4684 1415398.89   14  607 1405133.59 1420400.35  1.09%  92.1 1721s
  7214  4686 1415132.81   16  601 1405133.59 1420400.35  1.09%  92.2 1726s
  7215  4687 1414995.60   17  598 1405133.59 1420400.35  1.09%  92.2 1730s
  7217  4689 1414747.97   19  594 1405133.59 1420400.35  1.09%  92.3 1739s
  7218  4690 1414575.56   20  589 1405133.59 1420400.35  1.09%  92.3 1740s
  7228  4700 1413755.61   30  548 1405133.59 1420400.35  1.09%  92.3 1745s
  7243  4715 1413075.32   40  525 1405133.59 1420400.35  1.09%  92.4 1751s
  7252  4724 1412787.55   45  526 1405133.59 1420400.35  1.09%  92.5 1755s
  7260  4732 1412480.73   47  517 1405133.59 1420400.35  1.09%  92.7 1760s
  7262  4734 1412488.42   48  521 1405133.59 1420400.35  1.09%  92.7 1768s
  7268  4740 1412157.47   53  492 1405133.59 1420400.35  1.09%  92.8 1770s
  7279  4751 1411779.56   61  465 1405133.59 1420400.35  1.09%  92.9 1775s
  7295  4767 1411308.69   66  456 1405133.59 1420400.35  1.09%  93.0 1780s
  7314  4786 1410711.07   75  439 1405133.59 1420400.35  1.09%  93.2 1785s
  7335  4807 1410075.51   84  431 1405133.59 1420400.35  1.09%  93.3 1790s
  7364  4836 1409170.62  101  414 1405133.59 1420400.35  1.09%  93.3 1795s
  7397  4869 1408237.43  117  383 1405133.59 1420400.35  1.09%  93.3 1800s
  7445  4917 1407206.19  139  333 1405133.59 1420400.35  1.09%  93.2 1805s
  7486  4958 1406343.29  155  307 1405133.59 1420400.35  1.09%  93.0 1810s
  7551  5005 1415151.04   19  585 1405133.59 1420400.35  1.09%  93.7 1833s
  7552  5006 1414939.74   20  582 1405133.59 1420400.35  1.09%  93.7 1835s
  7555  5009 1414755.08   23  576 1405133.59 1420400.35  1.09%  93.7 1871s
  7559  5013 1414110.68   27  557 1405133.59 1420400.35  1.09%  93.8 1875s
  7567  5021 1413626.95   35  537 1405133.59 1420400.35  1.09%  93.8 1880s
  7580  5034 1412958.73   44  506 1405133.59 1420400.35  1.09%  93.9 1886s
  7595  5049 1412166.95   51  486 1405133.59 1420400.35  1.09%  94.0 1890s
  7613  5067 1411624.16   60  463 1405133.59 1420400.35  1.09%  94.1 1895s
  7632  5086 1410908.49   69  442 1405133.59 1420400.35  1.09%  94.2 1900s
  7666  5120 1409609.18   87  387 1405133.59 1420400.35  1.09%  94.4 1905s
  7700  5154 1408751.07  101  363 1405133.59 1420400.35  1.09%  94.4 1910s
  7739  5193 1407708.88  119  318 1405133.59 1420400.35  1.09%  94.3 1915s
  7786  5240 1406790.26  136  290 1405133.59 1420400.35  1.09%  94.1 1920s
  7860  5314 1405434.26  173  244 1405133.59 1420400.35  1.09%  93.7 1925s
  7911  5334 1415186.92   19  575 1405133.59 1420365.81  1.08%  94.2 1942s
  7912  5335 1415049.75   20  573 1405133.59 1420365.81  1.08%  94.2 1945s
  7914  5337 1414806.93   22  566 1405133.59 1420365.81  1.08%  94.3 1952s
  7920  5343 1414125.43   28  550 1405133.59 1420365.81  1.08%  94.3 1955s
  7930  5353 1413505.89   38  528 1405133.59 1420365.81  1.08%  94.3 1960s
  7945  5368 1412455.04   48  487 1405133.59 1420365.81  1.08%  94.5 1965s
  7962  5385 1412067.62   56  474 1405133.59 1420365.81  1.08%  94.6 1970s
  7976  5399 1411394.12   64  457 1405133.59 1420365.81  1.08%  94.7 1975s
  7985  5408 1411322.44   66  446 1405133.59 1420365.81  1.08%  94.7 1980s
  8022  5445 1410001.51   82  402 1405133.59 1420365.81  1.08%  94.8 1985s
  8065  5488 1408705.64   99  367 1405133.59 1420365.81  1.08%  94.8 1990s
  8114  5537 1407766.50  118  337 1405133.59 1420365.81  1.08%  94.8 1995s
  8174  5597 1406440.63  143  283 1405133.59 1420365.81  1.08%  94.5 2000s
  8249  5668 1405432.12  177  257 1405133.59 1420365.81  1.08%  94.0 2005s
  8275  5670 1415305.86   20  578 1405133.59 1420365.21  1.08%  94.8 2023s
  8276  5671 1415168.70   21  576 1405133.59 1420365.21  1.08%  94.8 2025s
  8281  5676 1414494.99   26  564 1405133.59 1420365.21  1.08%  94.8 2030s
H 8298  5522                    1405377.5622 1420365.21  1.07%  94.8 2043s
  8304  5530 1413063.96   43  523 1405377.56 1420365.21  1.07%  94.9 2045s
  8316  5542 1412590.58   46  511 1405377.56 1420365.21  1.07%  95.1 2050s
  8340  5566 1411661.09   59  467 1405377.56 1420365.21  1.07%  95.2 2055s
  8368  5594 1410535.84   73  439 1405377.56 1420365.21  1.07%  95.3 2060s
  8422  5648 1409154.64   88  390 1405377.56 1420365.21  1.07%  95.2 2065s
  8479  5705 1407650.19  119  339 1405377.56 1420365.21  1.07%  95.0 2070s
  8550  5776 1406041.42  156  268 1405377.56 1420365.21  1.07%  94.7 2075s
  8594  5808 1415317.41   20  576 1405377.56 1420320.48  1.06%  95.3 2093s
  8596  5810 1415016.02   22  568 1405377.56 1420320.48  1.06%  95.3 2095s
  8608  5822 1413532.24   34  532 1405377.56 1420320.48  1.06%  95.4 2100s
  8623  5837 1412045.47   49  500 1405377.56 1420320.48  1.06%  95.4 2105s
  8639  5853 1410744.93   65  472 1405377.56 1420320.48  1.06%  95.5 2110s
  8660  5874 1409218.93   86  424 1405377.56 1420320.48  1.06%  95.5 2115s
  8697  5911 1406788.76  123  371 1405377.56 1420320.48  1.06%  95.4 2120s
  8727  5931 1415081.42   22  579 1405377.56 1420310.63  1.06%  96.1 2140s
  8734  5938 1414055.70   29  550 1405377.56 1420310.63  1.06%  96.2 2145s
  8752  5956 1412923.75   47  503 1405377.56 1420310.63  1.06%  96.2 2150s
  8765  5969 1411942.68   60  488 1405377.56 1420310.63  1.06%  96.2 2155s
  8780  5984 1410893.76   75  483 1405377.56 1420310.63  1.06%  96.2 2160s
  8801  6005 1409556.55   96  459 1405377.56 1420310.63  1.06%  96.2 2165s
  8827  6031 1408122.27  122  409 1405377.56 1420310.63  1.06%  96.2 2170s
  8855  6059 1406512.38  150  379 1405377.56 1420310.63  1.06%  96.1 2175s
  8888  6078 1414941.40   22  570 1405377.56 1420284.77  1.06%  96.8 2194s
  8889  6079 1414804.24   23  568 1405377.56 1420284.77  1.06%  96.8 2195s
  8900  6090 1414492.52   28  565 1405377.56 1420284.77  1.06%  96.9 2200s
  8916  6106 1414031.64   36  543 1405377.56 1420284.77  1.06%  97.0 2205s
  8928  6118 1413614.67   42  529 1405377.56 1420284.77  1.06%  97.2 2210s
  8945  6135 1413085.71   51  507 1405377.56 1420284.77  1.06%  97.3 2215s
  8969  6159 1411985.25   63  456 1405377.56 1420284.77  1.06%  97.4 2220s
  8979  6169 1411651.88   68  455 1405377.56 1420284.77  1.06%  97.5 2225s
  8989  6179 1411213.70   73  436 1405377.56 1420284.77  1.06%  97.6 2241s
H 8990  5955                    1405597.2728 1420284.77  1.04%  97.6 2254s
  8999  5966 1410956.41   78  423 1405597.27 1420284.77  1.04%  97.6 2255s
  9018  5985 1410265.02   87  403 1405597.27 1420284.77  1.04%  97.6 2274s
  9026  5993 1409792.60   91  383 1405597.27 1420284.77  1.04%  97.6 2275s
  9078  6045 1408497.86  117  321 1405597.27 1420284.77  1.04%  97.5 2280s
  9137  6104 1407293.82  147  282 1405597.27 1420284.77  1.04%  97.3 2285s
  9201  6168 1406297.66  179  260 1405597.27 1420284.77  1.04%  97.0 2290s
  9242  6192 1415008.79   23  577 1405597.27 1420284.77  1.04%  97.5 2308s
  9243  6193 1414793.95   24  570 1405597.27 1420284.77  1.04%  97.5 2310s
  9254  6204 1413767.15   35  529 1405597.27 1420284.77  1.04%  97.6 2315s
  9271  6221 1412439.91   52  498 1405597.27 1420284.77  1.04%  97.6 2320s
  9284  6234 1411362.30   65  479 1405597.27 1420284.77  1.04%  97.6 2325s
  9298  6248 1410328.11   79  469 1405597.27 1420284.77  1.04%  97.7 2330s
  9319  6269 1409344.54  100  448 1405597.27 1420284.77  1.04%  97.6 2335s
  9342  6292 1407900.32  123  405 1405597.27 1420284.77  1.04%  97.6 2340s
  9372  6322 1406180.35  153  391 1405597.27 1420284.77  1.04%  97.6 2345s
  9390  6328 1414936.86   23  569 1405597.27 1420146.39  1.04%  98.3 2363s
  9393  6331 1414750.61   26  561 1405597.27 1420146.39  1.04%  98.3 2365s
  9404  6342 1414259.21   37  543 1405597.27 1420146.39  1.04%  98.3 2370s
  9421  6359 1412895.32   54  501 1405597.27 1420146.39  1.04%  98.3 2375s
  9428  6366 1412444.93   61  484 1405597.27 1420146.39  1.04%  98.3 2387s
  9451  6389 1410525.82   84  407 1405597.27 1420146.39  1.04%  98.3 2390s
  9537  6465 1414391.99   25  582 1405597.27 1420146.39  1.04%  98.8 2412s
  9540  6468 1414045.98   28  569 1405597.27 1420146.39  1.04%  98.8 2415s
  9552  6480 1412960.69   40  528 1405597.27 1420146.39  1.04%  98.9 2420s
  9568  6496 1412200.94   49  503 1405597.27 1420146.39  1.04%  99.0 2425s
  9592  6520 1411088.75   62  487 1405597.27 1420146.39  1.04%  99.1 2430s
  9621  6549 1410123.48   72  453 1405597.27 1420146.39  1.04%  99.2 2435s
  9658  6586 1408935.56   92  412 1405597.27 1420146.39  1.04%  99.3 2440s
  9704  6632 1407908.99  111  387 1405597.27 1420146.39  1.04%  99.3 2445s
  9765  6693 1406550.40  142  351 1405597.27 1420146.39  1.04%  99.1 2450s
  9813  6729 1414520.41   25  580 1405597.27 1420093.89  1.03%   100 2471s
  9819  6735 1413712.23   31  563 1405597.27 1420093.89  1.03%   100 2475s
  9833  6749 1411678.27   45  503 1405597.27 1420093.89  1.03%   100 2480s
  9851  6767 1410135.69   63  476 1405597.27 1420093.89  1.03%   100 2485s
  9867  6783 1408886.60   79  450 1405597.27 1420093.89  1.03%   100 2501s
  9894  6810 1407232.83  106  411 1405597.27 1420093.89  1.03%   100 2505s
  9927  6831 1414391.16   24  578 1405597.27 1420093.89  1.03%   101 2528s
  9928  6832 1414182.71   25  576 1405597.27 1420093.89  1.03%   101 2543s
  9929  6833 1414043.76   26  576 1405597.27 1420093.89  1.03%   101 2547s
  9932  6836 1413591.70   29  569 1405597.27 1420093.89  1.03%   101 2550s
  9940  6844 1412893.79   37  534 1405597.27 1420093.89  1.03%   101 2555s
  9958  6862 1411518.71   55  497 1405597.27 1420093.89  1.03%   101 2560s
  9969  6873 1410591.40   66  490 1405597.27 1420093.89  1.03%   101 2565s
  9980  6884 1409937.70   77  478 1405597.27 1420093.89  1.03%   101 2570s
  9990  6894 1409266.52   87  466 1405597.27 1420093.89  1.03%   101 2575s
 10010  6914 1408065.79  107  428 1405597.27 1420093.89  1.03%   101 2580s
 10034  6938 1406553.08  131  401 1405597.27 1420093.89  1.03%   101 2585s
 10061  6955 1414532.39   24  577 1405597.27 1420040.52  1.03%   101 2610s
 10063  6957 1414184.82   26  575 1405597.27 1420040.52  1.03%   101 2616s
 10066  6960 1413734.68   29  569 1405597.27 1420040.52  1.03%   101 2620s
 10075  6969 1412831.46   38  542 1405597.27 1420040.52  1.03%   101 2625s
 10092  6986 1410901.95   55  498 1405597.27 1420040.52  1.03%   101 2630s
 10103  6997 1409780.35   66  479 1405597.27 1420040.52  1.03%   101 2635s
 10118  7012 1408658.46   81  463 1405597.27 1420040.52  1.03%   101 2640s
 10142  7036 1406627.90  105  415 1405597.27 1420040.52  1.03%   101 2645s
H10175  6834                    1405787.3937 1420040.52  1.01%   101 2679s
 10175  6836 1414445.26   26  577 1405787.39 1420031.62  1.01%   102 2681s
 10177  6838 1414250.79   28  575 1405787.39 1420031.62  1.01%   102 2686s
 10182  6843 1414084.50   31  563 1405787.39 1420031.62  1.01%   102 2690s
 10189  6850 1413716.62   34  564 1405787.39 1420031.62  1.01%   102 2695s
 10199  6860 1413221.01   38  545 1405787.39 1420031.62  1.01%   102 2700s
 10211  6872 1412690.17   42  545 1405787.39 1420031.62  1.01%   102 2705s
 10221  6882 1411970.73   50  524 1405787.39 1420031.62  1.01%   102 2711s
 10234  6895 1411130.54   57  496 1405787.39 1420031.62  1.01%   103 2715s
 10246  6907 1410782.67   61  476 1405787.39 1420031.62  1.01%   103 2720s
 10262  6923 1409835.39   69  457 1405787.39 1420031.62  1.01%   103 2725s
 10276  6937 1408788.54   75  438 1405787.39 1420031.62  1.01%   103 2730s
 10301  6962 1407625.73   83  417 1405787.39 1420031.62  1.01%   103 2735s
 10339  6997 1406476.04   95  378 1405787.39 1420031.62  1.01%   103 2740s
 10377  7027 1405884.69  104  358 1405787.39 1420031.62  1.01%   103 2745s
 10392  7026 1414391.09   26  567 1405787.39 1419944.68  1.01%   103 2764s
 10393  7027 1414178.31   27  565 1405787.39 1419944.68  1.01%   103 2766s
 10395  7029 1414008.01   29  561 1405787.39 1419944.68  1.01%   103 2772s
 10399  7033 1413369.71   33  548 1405787.39 1419944.68  1.01%   103 2775s
 10413  7047 1412293.29   47  522 1405787.39 1419944.68  1.01%   103 2782s
 10421  7055 1411586.09   55  511 1405787.39 1419944.68  1.01%   103 2785s
 10433  7067 1410658.69   67  497 1405787.39 1419944.68  1.01%   104 2790s
 10445  7079 1409588.68   79  489 1405787.39 1419944.68  1.01%   104 2795s
 10462  7096 1408561.60   96  455 1405787.39 1419944.68  1.01%   104 2800s
 10484  7118 1407097.75  118  422 1405787.39 1419944.68  1.01%   104 2805s
 10510  7132 1414036.68   27  574 1405787.39 1419944.68  1.01%   104 2827s
 10512  7134 1413885.46   29  569 1405787.39 1419944.68  1.01%   104 2830s
 10515  7137 1413823.77   32  565 1405787.39 1419944.68  1.01%   104 2835s
 10525  7147 1413251.91   42  540 1405787.39 1419944.68  1.01%   104 2841s
 10536  7158 1412431.59   53  504 1405787.39 1419944.68  1.01%   104 2845s
 10552  7174 1411014.13   69  463 1405787.39 1419944.68  1.01%   104 2850s
 10558  7180 1410458.86   75  445 1405787.39 1419944.68  1.01%   104 2860s
 10589  7211 1408179.10  106  372 1405787.39 1419944.68  1.01%   104 2865s
 10633  7243 1414143.30   27  566 1405787.39 1419826.02  1.00%   105 2885s
 10635  7245 1413947.47   29  562 1405787.39 1419826.02  1.00%   105 2890s
 10641  7251 1413333.55   35  547 1405787.39 1419826.02  1.00%   105 2895s
 10653  7263 1412341.48   47  526 1405787.39 1419826.02  1.00%   105 2900s
 10666  7276 1411284.80   60  498 1405787.39 1419826.02  1.00%   105 2905s
H10671  6968                    1406092.1668 1419826.02  0.98%   105 2921s
 10678  6977 1410432.47   72  482 1406092.17 1419826.02  0.98%   105 2925s
 10691  6990 1409481.71   85  470 1406092.17 1419826.02  0.98%   105 2930s
 10714  7013 1407255.31  108  433 1406092.17 1419826.02  0.98%   105 2935s
 10737  7034 1406196.38  130  406 1406092.17 1419826.02  0.98%   105 2940s
 10746  7031 1414097.92   28  578 1406092.17 1419825.83  0.98%   105 2961s
 10748  7033 1413859.86   30  574 1406092.17 1419825.83  0.98%   105 2965s
 10750  7035 1413539.64   32  564 1406092.17 1419825.83  0.98%   105 2978s
 10751  7036 1413295.71   33  561 1406092.17 1419825.83  0.98%   105 2980s
 10763  7048 1412148.36   45  530 1406092.17 1419825.83  0.98%   105 2986s
 10776  7061 1411223.48   58  509 1406092.17 1419825.83  0.98%   105 2990s
 10784  7069 1410717.53   66  501 1406092.17 1419825.83  0.98%   105 2995s
 10802  7087 1409724.56   84  471 1406092.17 1419825.83  0.98%   105 3000s
 10819  7104 1408423.33  101  459 1406092.17 1419825.83  0.98%   105 3005s
 10842  7127 1407185.66  124  419 1406092.17 1419825.83  0.98%   105 3010s
 10871  7146 1406211.30  145  399 1406092.17 1419825.83  0.98%   105 3016s
 10879  7145 1414189.69   28  572 1406092.17 1419761.11  0.97%   106 3035s
 10882  7148 1413813.56   31  566 1406092.17 1419761.11  0.97%   106 3041s
 10890  7156 1413051.03   39  549 1406092.17 1419761.11  0.97%   106 3045s
 10897  7163 1412354.82   46  529 1406092.17 1419761.11  0.97%   106 3050s
 10912  7178 1411342.14   61  503 1406092.17 1419761.11  0.97%   106 3055s
 10921  7187 1410843.27   70  499 1406092.17 1419761.11  0.97%   106 3060s
 10935  7201 1409599.60   84  473 1406092.17 1419761.11  0.97%   106 3065s
 10949  7215 1408720.11   98  456 1406092.17 1419761.11  0.97%   106 3070s
 10967  7233 1407766.89  116  428 1406092.17 1419761.11  0.97%   106 3075s
 10999  7252 1412665.01   30  557 1406092.17 1419760.07  0.97%   107 3097s
 11001  7254 1412319.72   32  552 1406092.17 1419760.07  0.97%   107 3100s
 11006  7259 1411648.36   37  535 1406092.17 1419760.07  0.97%   107 3105s
H11008  7133                    1406189.0155 1419760.07  0.97%   107 3127s
 11015  7142 1410871.79   46  512 1406189.02 1419760.07  0.97%   107 3130s
 11022  7149 1410288.32   53  490 1406189.02 1419760.07  0.97%   107 3151s
 11033  7160 1409464.22   64  487 1406189.02 1419760.07  0.97%   107 3155s
 11053  7180 1408121.57   84  475 1406189.02 1419760.07  0.97%   107 3160s
 11073  7200 1406884.99  104  449 1406189.02 1419760.07  0.97%   107 3165s
 11091  7210 1412856.34   30  561 1406189.02 1419670.94  0.96%   107 3184s
 11093  7212 1412511.05   32  556 1406189.02 1419670.94  0.96%   107 3185s
 11104  7223 1411264.50   42  525 1406189.02 1419670.94  0.96%   107 3190s
 11118  7237 1410515.19   50  514 1406189.02 1419670.94  0.96%   107 3195s
 11144  7263 1409308.58   65  480 1406189.02 1419670.94  0.96%   107 3200s
 11166  7285 1408457.39   77  445 1406189.02 1419670.94  0.96%   107 3205s
 11197  7316 1407426.41   88  418 1406189.02 1419670.94  0.96%   107 3210s
 11248  7366 1406326.53  107  366 1406189.02 1419670.94  0.96%   107 3215s
 11258  7366 1412396.25   33  546 1406189.02 1419670.70  0.96%   108 3230s
 11266  7374 1411298.08   41  524 1406189.02 1419670.70  0.96%   108 3235s
 11286  7394 1409741.47   61  485 1406189.02 1419670.70  0.96%   108 3240s
 11303  7411 1408432.69   78  468 1406189.02 1419670.70  0.96%   108 3245s
 11327  7435 1406897.19  102  432 1406189.02 1419670.70  0.96%   108 3250s
 11346  7442 1412586.91   33  550 1406189.02 1419667.29  0.96%   108 3269s
 11347  7443 1412528.80   34  548 1406189.02 1419667.29  0.96%   108 3270s
 11357  7453 1412072.82   44  532 1406189.02 1419667.29  0.96%   108 3275s
 11371  7467 1410545.81   58  491 1406189.02 1419667.29  0.96%   108 3280s
 11392  7488 1408853.74   79  437 1406189.02 1419667.29  0.96%   108 3285s
 11427  7520 1406316.97  113  381 1406189.02 1419667.29  0.96%   108 3290s
 11435  7519 1412788.43   29  572 1406189.02 1419666.90  0.96%   109 3309s
 11436  7520 1412581.68   30  569 1406189.02 1419666.90  0.96%   109 3310s
 11443  7527 1411677.99   37  545 1406189.02 1419666.90  0.96%   109 3315s
 11456  7540 1410320.74   50  502 1406189.02 1419666.90  0.96%   109 3320s
 11476  7560 1409097.75   70  496 1406189.02 1419666.90  0.96%   109 3325s
 11496  7580 1407667.60   90  470 1406189.02 1419666.90  0.96%   109 3330s
 11520  7600 1406301.39  111  434 1406189.02 1419666.90  0.96%   109 3335s
 11527  7599 1412755.23   29  569 1406189.02 1419470.25  0.94%   109 3354s
 11528  7600 1412548.48   30  566 1406189.02 1419470.25  0.94%   109 3355s
 11536  7608 1412056.35   38  546 1406189.02 1419470.25  0.94%   110 3360s
 11547  7619 1410507.59   49  492 1406189.02 1419470.25  0.94%   110 3365s
 11568  7640 1409165.75   70  468 1406189.02 1419470.25  0.94%   110 3370s
 11592  7664 1407335.14   94  446 1406189.02 1419470.25  0.94%   109 3375s
 11618  7672 1412559.23   31  552 1406189.02 1419469.79  0.94%   110 3395s
 11630  7684 1412003.68   37  530 1406189.02 1419469.79  0.94%   110 3400s
 11644  7698 1411460.03   44  515 1406189.02 1419469.79  0.94%   110 3405s
 11661  7715 1410785.43   53  509 1406189.02 1419469.79  0.94%   110 3410s
 11684  7738 1409692.75   64  469 1406189.02 1419469.79  0.94%   110 3415s
 11722  7776 1408357.78   83  414 1406189.02 1419469.79  0.94%   110 3420s
 11760  7814 1407069.29  102  368 1406189.02 1419469.79  0.94%   110 3425s
 11793  7833 1412574.99   31  536 1406189.02 1419459.71  0.94%   111 3442s
 11798  7838 1412423.49   33  532 1406189.02 1419459.71  0.94%   111 3445s
 11810  7850 1411908.61   40  504 1406189.02 1419459.71  0.94%   111 3450s
 11831  7871 1410470.61   48  498 1406189.02 1419459.71  0.94%   111 3455s
 11842  7882 1410115.88   51  494 1406189.02 1419459.71  0.94%   111 3460s
 11858  7898 1408642.63   60  469 1406189.02 1419459.71  0.94%   111 3465s
 11880  7920 1408048.38   69  447 1406189.02 1419459.71  0.94%   111 3470s
 11915  7955 1406355.81   83  417 1406189.02 1419459.71  0.94%   111 3475s
 11933  7961 1411923.05   36  554 1406189.02 1419459.58  0.94%   112 3507s
 11937  7965 1411477.43   40  536 1406189.02 1419459.58  0.94%   112 3510s
 11949  7977 1409919.18   52  505 1406189.02 1419459.58  0.94%   112 3515s
 11966  7994 1408817.22   69  479 1406189.02 1419459.58  0.94%   112 3520s
 11985  8013 1407468.49   88  470 1406189.02 1419459.58  0.94%   112 3525s
 12009  8029 1406323.82  105  451 1406189.02 1419459.58  0.94%   112 3532s
 12015  8028 1412224.28   36  557 1406189.02 1419435.80  0.94%   112 3551s
 12025  8038 1411055.39   46  523 1406189.02 1419435.80  0.94%   112 3555s
 12041  8054 1409571.69   62  482 1406189.02 1419435.80  0.94%   112 3560s
 12068  8081 1407376.95   89  450 1406189.02 1419435.80  0.94%   112 3565s
H12092  8084                    1406199.2402 1419435.80  0.94%   112 3602s
 12096  8090 1412357.40   36  525 1406199.24 1419435.48  0.94%   113 3605s
 12111  8105 1411257.32   51  496 1406199.24 1419435.48  0.94%   113 3610s
 12131  8125 1409403.47   71  437 1406199.24 1419435.48  0.94%   113 3615s
 12160  8154 1406819.53  100  378 1406199.24 1419435.48  0.94%   113 3620s
 12177  8162 1412712.51   32  538 1406199.24 1419371.82  0.94%   113 3638s
 12181  8166 1412091.59   36  530 1406199.24 1419371.82  0.94%   113 3640s
 12193  8178 1410802.02   48  498 1406199.24 1419371.82  0.94%   113 3645s
 12209  8194 1409394.32   64  476 1406199.24 1419371.82  0.94%   113 3650s
 12232  8217 1407319.72   87  442 1406199.24 1419371.82  0.94%   113 3655s
 12266  8229     cutoff  104      1406199.24 1419371.82  0.94%   113 3660s
 12268  8229 1412233.57   34  546 1406199.24 1419371.82  0.94%   113 3675s
 12276  8237 1411121.30   42  528 1406199.24 1419371.82  0.94%   114 3680s
 12294  8255 1409696.90   56  481 1406199.24 1419371.82  0.94%   114 3685s
 12319  8280 1408869.22   69  458 1406199.24 1419371.82  0.94%   114 3690s
 12354  8315 1407689.49   82  426 1406199.24 1419371.82  0.94%   114 3695s
 12397  8358 1406779.86   99  392 1406199.24 1419371.82  0.94%   114 3700s
 12428  8373 1412372.95   34  549 1406199.24 1419313.88  0.93%   114 3720s
 12437  8382 1411174.06   43  526 1406199.24 1419313.88  0.93%   114 3725s
 12453  8398 1409242.52   59  498 1406199.24 1419313.88  0.93%   114 3730s
 12467  8412 1408080.19   73  479 1406199.24 1419313.88  0.93%   114 3735s
 12483  8428 1407094.20   89  464 1406199.24 1419313.88  0.93%   114 3740s
 12513  8435 1412208.64   35  556 1406199.24 1419313.47  0.93%   115 3762s
 12518  8440 1411434.04   40  535 1406199.24 1419313.47  0.93%   115 3765s
 12536  8458 1409690.34   58  496 1406199.24 1419313.47  0.93%   115 3770s
 12553  8475 1408689.64   75  470 1406199.24 1419313.47  0.93%   115 3775s
 12574  8496 1407370.84   96  455 1406199.24 1419313.47  0.93%   115 3780s
 12599  8509 1406282.36  110  422 1406199.24 1419313.47  0.93%   115 3785s
 12605  8507 1412246.65   35  554 1406199.24 1419225.53  0.93%   115 3806s
 12607  8509 1411856.43   37  546 1406199.24 1419225.53  0.93%   115 3810s
 12613  8515 1410860.41   43  524 1406199.24 1419225.53  0.93%   115 3815s
 12624  8526 1409261.62   54  488 1406199.24 1419225.53  0.93%   115 3820s
 12632  8534 1408688.03   62  474 1406199.24 1419225.53  0.93%   115 3825s
 12653  8555 1407274.61   83  462 1406199.24 1419225.53  0.93%   115 3830s
 12676  8566 1412175.89   39  553 1406199.24 1419225.45  0.93%   116 3849s
 12677  8567 1411964.72   40  548 1406199.24 1419225.45  0.93%   116 3851s
 12678  8568 1411758.92   41  541 1406199.24 1419225.45  0.93%   116 3856s
 12688  8578 1410612.94   51  510 1406199.24 1419225.45  0.93%   116 3860s
 12703  8593 1409577.20   66  488 1406199.24 1419225.45  0.93%   116 3865s
 12719  8609 1408375.81   82  468 1406199.24 1419225.45  0.93%   116 3870s
 12744  8634 1406771.17  107  432 1406199.24 1419225.45  0.93%   116 3875s
 12762  8638 1406407.50  112  420 1406199.24 1419225.45  0.93%   116 3880s
 12769  8637 1411739.38   39  548 1406199.24 1419109.95  0.92%   116 3896s
 12782  8650 1410822.40   52  517 1406199.24 1419109.95  0.92%   116 3900s
 12793  8661 1409922.28   63  477 1406199.24 1419109.95  0.92%   116 3905s
 12811  8679 1408403.08   81  438 1406199.24 1419109.95  0.92%   116 3910s
 12848  8703 1406312.98  108  403 1406199.24 1419109.95  0.92%   116 3915s
 12851  8702 1411872.37   38  552 1406199.24 1419076.79  0.92%   116 3928s
 12852  8703 1411661.20   39  547 1406199.24 1419076.79  0.92%   116 3931s
 12858  8709 1410978.13   45  522 1406199.24 1419076.79  0.92%   116 3935s
 12875  8726 1409455.22   62  479 1406199.24 1419076.79  0.92%   116 3940s
 12887  8738 1408592.53   74  480 1406199.24 1419076.79  0.92%   116 3964s
 12892  8743 1408241.25   79  468 1406199.24 1419076.79  0.92%   116 3965s
 12908  8759 1407097.00   95  442 1406199.24 1419076.79  0.92%   116 3970s
 12924  8765 1411983.58   38  550 1406199.24 1419009.93  0.91%   117 3988s
 12925  8766 1411772.40   39  545 1406199.24 1419009.93  0.91%   117 3991s
 12930  8771 1411478.97   44  526 1406199.24 1419009.93  0.91%   117 3995s
 12948  8789 1409803.42   62  482 1406199.24 1419009.93  0.91%   117 4000s
 12966  8807 1408417.54   80  448 1406199.24 1419009.93  0.91%   117 4006s
 12989  8830 1406596.37  103  417 1406199.24 1419009.93  0.91%   117 4010s
 13011  8830 1411917.62   37  551 1406199.24 1419009.93  0.91%   117 4028s
 13012  8831 1411706.45   38  546 1406199.24 1419009.93  0.91%   117 4031s
 13013  8832 1411428.08   39  545 1406199.24 1419009.93  0.91%   117 4035s
 13020  8839 1410256.39   46  522 1406199.24 1419009.93  0.91%   117 4040s
 13036  8855 1409400.62   54  499 1406199.24 1419009.93  0.91%   117 4045s
 13049  8868 1408842.43   58  505 1406199.24 1419009.93  0.91%   117 4050s
 13078  8897 1407302.16   71  464 1406199.24 1419009.93  0.91%   117 4055s
 13106  8925 1406425.88   82  431 1406199.24 1419009.93  0.91%   117 4060s
 13127  8928 1411662.60   37  551 1406199.24 1418920.91  0.90%   118 4077s
 13128  8929 1411451.42   38  546 1406199.24 1418920.91  0.90%   118 4081s
 13135  8936 1410647.73   45  516 1406199.24 1418920.91  0.90%   118 4085s
H13143  8842                    1406268.9299 1418920.91  0.90%   118 4121s
 13153  8854 1408777.39   63  482 1406268.93 1418920.91  0.90%   118 4125s
 13168  8869 1407815.99   78  480 1406268.93 1418920.91  0.90%   118 4130s
 13182  8883 1406751.87   92  472 1406268.93 1418920.91  0.90%   118 4135s
 13211  8883 1406334.65   93  455 1406268.93 1418920.91  0.90%   118 4140s
 13219  8881 1411445.63   40  545 1406268.93 1418919.83  0.90%   118 4156s
 13221  8883 1411069.63   42  536 1406268.93 1418919.83  0.90%   118 4161s
 13236  8898 1409547.23   57  490 1406268.93 1418919.83  0.90%   118 4165s
 13256  8918 1408322.58   77  461 1406268.93 1418919.83  0.90%   118 4170s
 13288  8950 1406312.43  109  410 1406268.93 1418919.83  0.90%   118 4175s
 13298  8946 1411486.26   40  543 1406268.93 1418766.54  0.89%   119 4190s
 13301  8949 1411077.19   43  537 1406268.93 1418766.54  0.89%   119 4196s
 13318  8966 1410029.59   56  507 1406268.93 1418766.54  0.89%   119 4200s
 13343  8991 1408774.93   67  460 1406268.93 1418766.54  0.89%   119 4205s
 13391  9039 1407133.04   98  407 1406268.93 1418766.54  0.89%   118 4211s
 13429  9077 1406376.14  105  387 1406268.93 1418766.54  0.89%   118 4215s
 13449  9078 1411544.48   41  549 1406268.93 1418765.27  0.89%   119 4234s
 13451  9080 1411471.18   43  549 1406268.93 1418765.27  0.89%   119 4235s
 13466  9095 1410493.75   58  510 1406268.93 1418765.27  0.89%   119 4240s
 13477  9106 1409387.27   69  486 1406268.93 1418765.27  0.89%   119 4245s
 13493  9122 1408425.55   85  449 1406268.93 1418765.27  0.89%   119 4250s
 13522  9149 1406291.25  113  385 1406268.93 1418765.27  0.89%   119 4255s
 13531  9146 1411480.20   41  549 1406268.93 1418739.54  0.89%   119 4271s
 13533  9148 1411421.63   42  546 1406268.93 1418739.54  0.89%   119 4276s
 13542  9157 1411345.73   47  539 1406268.93 1418739.54  0.89%   119 4281s
 13550  9165 1410781.39   51  529 1406268.93 1418739.54  0.89%   119 4285s
 13563  9178 1410271.90   57  511 1406268.93 1418739.54  0.89%   119 4290s
 13584  9199 1409590.75   68  466 1406268.93 1418739.54  0.89%   119 4295s
 13610  9225 1408467.81   81  448 1406268.93 1418739.54  0.89%   119 4300s
 13640  9255 1407294.30   96  420 1406268.93 1418739.54  0.89%   119 4305s
 13680  9283 1411498.21   43  546 1406268.93 1418736.86  0.89%   120 4326s
 13683  9286 1411069.98   46  538 1406268.93 1418736.86  0.89%   120 4330s
 13695  9298 1409753.48   58  510 1406268.93 1418736.86  0.89%   120 4335s
 13711  9314 1408608.05   74  471 1406268.93 1418736.86  0.89%   120 4340s
 13728  9331 1407295.19   91  463 1406268.93 1418736.86  0.89%   120 4345s
 13746  9340 1406482.79  102  439 1406268.93 1418736.86  0.89%   120 4351s
 13756  9340 1410900.98   43  538 1406268.93 1418702.25  0.88%   120 4365s
 13769  9353 1409485.45   56  515 1406268.93 1418702.25  0.88%   120 4370s
 13783  9367 1408597.48   70  472 1406268.93 1418702.25  0.88%   120 4376s
 13804  9388 1406769.35   91  438 1406268.93 1418702.25  0.88%   120 4380s
 13824  9392 1411393.25   42  548 1406268.93 1418701.02  0.88%   120 4399s
 13825  9393 1411182.38   43  543 1406268.93 1418701.02  0.88%   120 4401s
 13831  9399 1410710.61   49  528 1406268.93 1418701.02  0.88%   120 4405s
 13844  9412 1409249.34   62  479 1406268.93 1418701.02  0.88%   120 4410s
 13857  9425 1408394.97   75  475 1406268.93 1418701.02  0.88%   120 4415s
 13872  9440 1407309.44   90  450 1406268.93 1418701.02  0.88%   120 4420s
H13888  9396                    1406301.0792 1418701.02  0.88%   120 4463s
 13889  9399 1411242.61   43  540 1406301.08 1418685.29  0.88%   121 4465s
 13904  9414 1409824.79   58  510 1406301.08 1418685.29  0.88%   121 4470s
 13923  9433 1408292.40   77  474 1406301.08 1418685.29  0.88%   121 4475s
 13936  9446 1407436.71   90  451 1406301.08 1418685.29  0.88%   121 4480s
 13962  9460 1411334.19   45  543 1406301.08 1418680.78  0.88%   121 4500s
 13971  9469 1410471.06   54  520 1406301.08 1418680.78  0.88%   121 4505s
 13988  9486 1408738.00   71  469 1406301.08 1418680.78  0.88%   121 4510s
 14008  9506 1407274.44   91  459 1406301.08 1418680.78  0.88%   121 4515s
 14026  9514 1411208.43   45  537 1406301.08 1418522.53  0.87%   122 4535s
 14028  9516 1411138.51   47  536 1406301.08 1418522.53  0.87%   122 4565s
 14039  9527 1410344.30   58  514 1406301.08 1418522.53  0.87%   122 4570s
 14056  9544 1408740.53   75  469 1406301.08 1418522.53  0.87%   122 4575s
 14088  9576 1406614.06  107  409 1406301.08 1418522.53  0.87%   121 4580s
 14105  9578 1411078.78   47  539 1406301.08 1418522.45  0.87%   122 4597s
 14108  9581 1410649.75   50  524 1406301.08 1418522.45  0.87%   122 4600s
 14124  9597 1409023.48   66  474 1406301.08 1418522.45  0.87%   122 4605s
 14144  9617 1407770.03   86  456 1406301.08 1418522.45  0.87%   122 4610s
 14167  9628 1411074.00   47  539 1406301.08 1418515.83  0.87%   122 4631s
 14173  9634 1410526.64   51  521 1406301.08 1418515.83  0.87%   122 4635s
 14191  9652 1409081.26   59  496 1406301.08 1418515.83  0.87%   122 4640s
 14210  9671 1408567.34   65  475 1406301.08 1418515.83  0.87%   122 4645s
 14242  9703 1406592.67   80  438 1406301.08 1418515.83  0.87%   122 4650s
 14251  9704 1411168.48   46  520 1406301.08 1418504.01  0.87%   123 4666s
 14259  9712 1410478.95   54  493 1406301.08 1418504.01  0.87%   123 4670s
 14280  9733 1409010.86   66  452 1406301.08 1418504.01  0.87%   123 4675s
 14318  9771 1407543.07   83  401 1406301.08 1418504.01  0.87%   123 4680s
 14360  9805 1406314.55  103  356 1406301.08 1418504.01  0.87%   123 4685s
 14368  9799 1410709.78   44  540 1406301.08 1418497.13  0.87%   123 4700s
 14379  9810 1409565.51   55  498 1406301.08 1418497.13  0.87%   123 4705s
 14401  9832 1406790.95   77  436 1406301.08 1418497.13  0.87%   123 4710s
 14409  9833 1411026.33   46  535 1406301.08 1418493.65  0.87%   124 4727s
 14412  9836 1410601.64   49  521 1406301.08 1418493.65  0.87%   124 4730s
 14423  9847 1409252.59   60  494 1406301.08 1418493.65  0.87%   124 4858s
 14428  9852 1408663.29   65  488 1406301.08 1418493.65  0.87%   124 4860s
 14443  9867 1407460.06   80  460 1406301.08 1418493.65  0.87%   124 4865s
 14465  9879 1411180.87   49  519 1406301.08 1418491.64  0.87%   124 4884s
 14466  9880 1410969.78   50  512 1406301.08 1418491.64  0.87%   124 4885s
 14478  9892 1409028.05   62  467 1406301.08 1418491.64  0.87%   124 4890s
 14495  9909 1407471.60   79  433 1406301.08 1418491.64  0.87%   124 4895s
 14520  9918 1411086.73   49  524 1406301.08 1418484.60  0.87%   124 4915s
 14535  9933 1409977.79   64  489 1406301.08 1418484.60  0.87%   124 4920s
 14560  9958 1408023.29   89  429 1406301.08 1418484.60  0.87%   124 4925s
 14597  9980 1410438.96   44  545 1406301.08 1418456.42  0.86%   125 4946s
 14602  9985 1409855.64   49  532 1406301.08 1418456.42  0.86%   125 4950s
 14620 10003 1407924.34   67  465 1406301.08 1418456.42  0.86%   125 4955s
 14642 10019     cutoff   86      1406301.08 1418456.42  0.86%   124 4960s
 14651 10018 1410949.21   48  518 1406301.08 1418452.53  0.86%   125 4975s
 14665 10032 1409120.97   62  475 1406301.08 1418452.53  0.86%   125 4980s
 14688 10055 1407188.23   85  423 1406301.08 1418452.53  0.86%   125 4985s
 14705 10062 1410963.27   48  513 1406301.08 1418353.16  0.86%   125 5001s
 14713 10070 1409806.39   56  485 1406301.08 1418353.16  0.86%   125 5005s
 14733 10090 1407957.69   76  445 1406301.08 1418353.16  0.86%   125 5010s
 14758 10103 1411074.69   52  514 1406301.08 1418304.02  0.85%   126 5028s
 14760 10105 1410679.83   54  500 1406301.08 1418304.02  0.85%   126 5030s
 14783 10128 1408543.40   77  450 1406301.08 1418304.02  0.85%   126 5035s
 14799 10144 1407347.71   93  438 1406301.08 1418304.02  0.85%   126 5040s
 14832 10157 1410890.52   50  510 1406301.08 1418299.57  0.85%   126 5054s
 14833 10158 1410679.44   51  503 1406301.08 1418299.57  0.85%   126 5055s
 14843 10168 1409107.51   61  464 1406301.08 1418299.57  0.85%   126 5060s
 14870 10195 1406668.74   88  426 1406301.08 1418299.57  0.85%   126 5065s
 14881 10196 1410680.64   50  512 1406301.08 1418257.95  0.85%   126 5079s
 14882 10197 1410469.56   51  505 1406301.08 1418257.95  0.85%   126 5080s
 14893 10208 1410333.01   56  506 1406301.08 1418257.95  0.85%   126 5085s
 14914 10229 1409520.27   67  473 1406301.08 1418257.95  0.85%   126 5090s
 14940 10255 1408729.51   80  445 1406301.08 1418257.95  0.85%   126 5095s
 14967 10282 1407650.95   93  421 1406301.08 1418257.95  0.85%   126 5100s
 15014 10326 1406377.25  117  369 1406301.08 1418257.95  0.85%   126 5105s
 15036 10322 1410873.97   52  501 1406301.08 1418180.84  0.84%   126 5118s
 15039 10325 1410448.62   55  488 1406301.08 1418180.84  0.84%   126 5120s
 15057 10343 1409209.85   70  462 1406301.08 1418180.84  0.84%   126 5125s
 15084 10370 1408270.19   80  449 1406301.08 1418180.84  0.84%   126 5130s
 15106 10392 1407454.20   90  431 1406301.08 1418180.84  0.84%   127 5135s
 15148 10428 1406380.16  107  391 1406301.08 1418180.84  0.84%   126 5140s
 15157 10421 1410531.27   51  506 1406301.08 1418176.26  0.84%   127 5154s
 15159 10423 1410288.12   53  497 1406301.08 1418176.26  0.84%   127 5155s
 15176 10440 1409038.78   61  464 1406301.08 1418176.26  0.84%   127 5160s
 15208 10472 1407274.43   75  420 1406301.08 1418176.26  0.84%   127 5165s
 15236 10486 1410516.06   51  504 1406301.08 1418164.17  0.84%   127 5181s
 15248 10498 1409420.35   63  467 1406301.08 1418164.17  0.84%   127 5185s
 15270 10520 1407166.78   85  420 1406301.08 1418164.17  0.84%   127 5190s
 15293 10529 1410708.65   53  513 1406301.08 1418068.96  0.84%   127 5206s
 15301 10537 1409951.17   61  488 1406301.08 1418068.96  0.84%   127 5210s
 15324 10560 1408038.95   84  441 1406301.08 1418068.96  0.84%   127 5215s
 15368 10586 1406431.40  112  385 1406301.08 1418068.96  0.84%   127 5220s
 15374 10584 1410507.93   53  500 1406301.08 1417944.16  0.83%   128 5234s
 15375 10585 1410296.87   54  493 1406301.08 1417944.16  0.83%   128 5235s
 15394 10604 1408509.64   73  444 1406301.08 1417944.16  0.83%   128 5240s
 15419 10629 1406612.98   98  425 1406301.08 1417944.16  0.83%   127 5245s
 15438 10630 1410434.68   55  503 1406301.08 1417896.78  0.82%   128 5259s
 15440 10632 1410039.69   57  489 1406301.08 1417896.78  0.82%   128 5260s
 15462 10654 1408289.98   79  438 1406301.08 1417896.78  0.82%   128 5265s
 15489 10681 1406370.05  106  392 1406301.08 1417896.78  0.82%   128 5270s
 15502 10678 1410101.73   56  498 1406301.08 1417896.57  0.82%   128 5282s
 15505 10681 1409674.79   59  484 1406301.08 1417896.57  0.82%   128 5285s
 15525 10701 1408175.18   79  441 1406301.08 1417896.57  0.82%   128 5290s
 15548 10724 1406331.64  102  401 1406301.08 1417896.57  0.82%   128 5295s
 15568 10722 1409764.88   56  498 1406301.08 1417854.74  0.82%   128 5308s
 15569 10723 1409705.48   57  494 1406301.08 1417854.74  0.82%   128 5310s
 15590 10744 1408131.10   78  434 1406301.08 1417854.74  0.82%   128 5315s
 15614 10768 1406373.53  102  386 1406301.08 1417854.74  0.82%   128 5320s
 15635 10766 1409821.94   58  497 1406301.08 1417847.66  0.82%   128 5333s
 15636 10767 1409609.03   59  493 1406301.08 1417847.66  0.82%   128 5336s
 15641 10772 1409262.27   64  477 1406301.08 1417847.66  0.82%   128 5340s
 15663 10794 1407287.11   86  444 1406301.08 1417847.66  0.82%   128 5345s
 15684 10805 1409835.27   58  497 1406301.08 1417779.63  0.82%   129 5361s
 15696 10817 1408749.48   70  457 1406301.08 1417779.63  0.82%   129 5365s
 15718 10839 1406795.18   92  428 1406301.08 1417779.63  0.82%   129 5370s
 15734 10843 1409806.08   59  500 1406301.08 1417777.29  0.82%   129 5383s
 15736 10845 1409560.49   61  494 1406301.08 1417777.29  0.82%   129 5387s
 15745 10854 1408925.99   70  472 1406301.08 1417777.29  0.82%   129 5390s
 15764 10873 1407244.36   89  448 1406301.08 1417777.29  0.82%   129 5395s
 15790 10885 1409588.42   59  493 1406301.08 1417666.06  0.81%   129 5410s
 15796 10891 1408913.60   65  472 1406301.08 1417666.06  0.81%   129 5415s
 15822 10917 1407754.59   81  429 1406301.08 1417666.06  0.81%   129 5420s
 15857 10952 1406933.07   92  426 1406301.08 1417666.06  0.81%   129 5425s
 15883 10962 1409693.09   62  495 1406301.08 1417659.67  0.81%   129 5440s
 15892 10971 1408762.66   71  461 1406301.08 1417659.67  0.81%   129 5445s
 15909 10988 1406747.53   88  442 1406301.08 1417659.67  0.81%   129 5450s
 15922 10989 1409497.40   62  488 1406301.08 1417647.10  0.81%   130 5465s
 15928 10995 1408820.35   68  468 1406301.08 1417647.10  0.81%   130 5470s
 15952 11019 1406764.21   92  436 1406301.08 1417647.10  0.81%   129 5475s
 15969 11022 1409710.64   61  493 1406301.08 1417645.38  0.81%   130 5491s
 15976 11029 1409560.09   68  485 1406301.08 1417645.38  0.81%   130 5495s
 15999 11052 1407274.88   91  424 1406301.08 1417645.38  0.81%   130 5500s
 16022 11063 1409644.34   61  486 1406301.08 1417626.45  0.81%   130 5513s
 16023 11064 1409430.76   62  482 1406301.08 1417626.45  0.81%   130 5515s
 16034 11075 1408553.30   73  450 1406301.08 1417626.45  0.81%   130 5520s
 16056 11097 1406718.53   95  436 1406301.08 1417626.45  0.81%   130 5525s
 16074 11101 1410286.45   54  505 1406301.08 1417599.64  0.80%   130 5540s
 16080 11107 1409473.27   60  478 1406301.08 1417599.64  0.80%   130 5545s
 16089 11116 1408819.16   69  461 1406301.08 1417599.64  0.80%   130 5550s
 16116 11143 1406793.37   96  420 1406301.08 1417599.64  0.80%   130 5555s
 16134 11145 1409246.49   60  495 1406301.08 1417599.64  0.80%   130 5568s
 16136 11147 1409019.50   62  492 1406301.08 1417599.64  0.80%   130 5570s
 16153 11164 1407708.35   79  464 1406301.08 1417599.64  0.80%   130 5575s
 16178 11181 1406456.36   97  432 1406301.08 1417599.64  0.80%   130 5580s
 16191 11178 1409643.02   60  489 1406301.08 1417590.09  0.80%   131 5594s
 16192 11179 1409429.43   61  484 1406301.08 1417590.09  0.80%   131 5597s
 16203 11190 1409056.34   66  482 1406301.08 1417590.09  0.80%   131 5600s
 16219 11206 1408898.74   74  454 1406301.08 1417590.09  0.80%   131 5605s
 16250 11237 1407808.50   90  409 1406301.08 1417590.09  0.80%   131 5610s
 16289 11276 1406501.32  109  397 1406301.08 1417590.09  0.80%   130 5615s
 16304 11279 1409514.41   63  490 1406301.08 1417588.59  0.80%   131 5628s
 16305 11280 1409301.13   64  486 1406301.08 1417588.59  0.80%   131 5630s
 16320 11295 1408075.01   79  443 1406301.08 1417588.59  0.80%   131 5635s
 16347 11313     cutoff  101      1406301.08 1417588.59  0.80%   131 5640s
 16359 11313 1409062.65   63  489 1406301.08 1417566.91  0.80%   131 5653s
 16360 11314 1408849.37   64  485 1406301.08 1417566.91  0.80%   131 5655s
 16370 11324 1407345.29   74  463 1406301.08 1417566.91  0.80%   131 5660s
 16395 11335 1409523.21   65  485 1406301.08 1417555.97  0.80%   131 5673s
 16397 11337 1409429.88   67  478 1406301.08 1417555.97  0.80%   131 5676s
 16419 11359 1407815.06   89  425 1406301.08 1417555.97  0.80%   131 5680s
 16447 11366 1409331.25   65  483 1406301.08 1417500.35  0.80%   131 5694s
 16448 11367 1409117.48   66  479 1406301.08 1417500.35  0.80%   131 5695s
 16472 11391 1407551.81   87  426 1406301.08 1417500.35  0.80%   131 5700s
 16497 11416 1407055.58   91  419 1406301.08 1417500.35  0.80%   131 5705s
 16547 11442 1409343.34   66  485 1406301.08 1417499.98  0.80%   131 5720s
 16564 11459 1407667.22   83  435 1406301.08 1417499.98  0.80%   131 5725s
 16591 11476 1409438.81   66  488 1406301.08 1417479.71  0.79%   132 5736s
 16598 11483 1408822.57   73  463 1406301.08 1417479.71  0.79%   132 5740s
 16636 11507 1410114.58   54  504 1406301.08 1417365.65  0.79%   132 5758s
 16637 11508 1409903.53   55  497 1406301.08 1417365.65  0.79%   132 5760s
 16646 11517 1408912.39   64  489 1406301.08 1417365.65  0.79%   132 5765s
 16676 11547 1406608.85   94  440 1406301.08 1417365.65  0.79%   132 5770s
 16688 11548 1410097.96   55  504 1406301.08 1417348.93  0.79%   132 5786s
 16693 11553 1409189.70   60  491 1406301.08 1417348.93  0.79%   132 5790s
 16717 11577 1407486.98   84  439 1406301.08 1417348.93  0.79%   132 5795s
 16742 11593 1409128.62   67  479 1406301.08 1417348.46  0.79%   132 5807s
 16747 11598 1409043.03   69  474 1406301.08 1417348.46  0.79%   132 5810s
 16767 11617 1406492.10   80  440 1406301.08 1417348.46  0.79%   132 5815s
 16786 11618 1408840.47   67  477 1406301.08 1417287.71  0.78%   133 5823s
 16788 11620 1408759.49   69  473 1406301.08 1417287.71  0.78%   133 5825s
 16812 11644 1406854.46   93  410 1406301.08 1417287.71  0.78%   132 5830s
 16837 11649 1409110.66   69  471 1406301.08 1417285.81  0.78%   133 5841s
 16849 11661 1408078.96   81  438 1406301.08 1417285.81  0.78%   133 5845s
 16883 11684 1409112.91   69  473 1406301.08 1417260.46  0.78%   133 5858s
 16885 11686 1408863.55   71  468 1406301.08 1417260.46  0.78%   133 5860s
 16922 11723 1406353.10  108  387 1406301.08 1417260.46  0.78%   133 5865s
 16932 11720 1409586.48   57  498 1406301.08 1417253.37  0.78%   133 5878s
 16933 11721 1409372.91   58  494 1406301.08 1417253.37  0.78%   133 5880s
 16941 11729 1408939.63   66  482 1406301.08 1417253.37  0.78%   133 5885s
 16952 11740 1408108.97   77  453 1406301.08 1417253.37  0.78%   133 5891s
 16968 11756 1406901.79   93  441 1406301.08 1417253.37  0.78%   133 5895s
 16991 11757     cutoff   99      1406301.08 1417253.37  0.78%   133 5900s
 16992 11758 1409599.81   57  498 1406301.08 1417199.95  0.78%   133 5913s
 16994 11760 1409242.28   59  490 1406301.08 1417199.95  0.78%   133 5915s
 17004 11770 1408372.72   69  472 1406301.08 1417199.95  0.78%   133 5920s
 17024 11790 1406641.87   89  449 1406301.08 1417199.95  0.78%   133 5925s
 17038 11790 1408931.26   70  463 1406301.08 1417199.64  0.77%   133 5935s
 17067 11819 1407494.21   89  422 1406301.08 1417199.64  0.77%   133 5940s
 17102 11852 1406378.59  104  393 1406301.08 1417199.64  0.77%   133 5945s
 17111 11851 1408945.25   70  477 1406301.08 1417161.33  0.77%   133 5955s
 17143 11878 1406406.91   98  420 1406301.08 1417161.33  0.77%   133 5960s
 17159 11876 1408917.85   71  469 1406301.08 1417160.87  0.77%   134 5969s
 17163 11880 1408745.46   75  444 1406301.08 1417160.87  0.77%   134 5970s
 17200 11909     cutoff  107      1406301.08 1417160.87  0.77%   133 5975s
 17205 11908 1408652.38   71  462 1406301.08 1417133.78  0.77%   134 5983s
 17214 11917 1407712.97   80  433 1406301.08 1417133.78  0.77%   134 5985s
 17239 11933 1409079.95   64  486 1406301.08 1417127.33  0.77%   134 5998s
 17246 11940 1408916.26   68  476 1406301.08 1417127.33  0.77%   134 6000s
 17275 11969 1408237.43   82  439 1406301.08 1417127.33  0.77%   134 6005s
 17309 12003 1406872.43   99  409 1406301.08 1417127.33  0.77%   134 6010s
 17338 12014 1409103.91   64  484 1406301.08 1417123.71  0.77%   134 6025s
 17358 12034 1407544.55   84  441 1406301.08 1417123.71  0.77%   134 6030s
 17381 12040 1408834.33   73  464 1406301.08 1417117.56  0.77%   134 6041s
 17408 12067 1406652.44  100  407 1406301.08 1417117.56  0.77%   134 6045s
 17420 12068 1408695.41   72  460 1406301.08 1417113.66  0.77%   134 6053s
 17425 12073 1408307.10   74  453 1406301.08 1417113.66  0.77%   134 6055s
 17457 12105 1406702.80   85  428 1406301.08 1417113.66  0.77%   134 6060s
 17505 12139 1406372.22   95  402 1406301.08 1417113.66  0.77%   134 6065s
 17516 12134 1408625.54   73  468 1406301.08 1417107.50  0.77%   135 6074s
 17518 12136 1408375.01   75  467 1406301.08 1417107.50  0.77%   135 6075s
 17553 12162 1408486.62   72  464 1406301.08 1417073.45  0.77%   135 6086s
 17574 12183 1406477.87   93  397 1406301.08 1417073.45  0.77%   135 6090s
 17584 12182 1408838.86   77  454 1406301.08 1417064.43  0.77%   135 6098s
 17586 12184 1408449.21   79  446 1406301.08 1417064.43  0.77%   135 6100s
 17625 12211 1406358.20  108  392 1406301.08 1417064.43  0.77%   135 6105s
 17628 12210 1408679.25   77  445 1406301.08 1417010.46  0.76%   135 6112s
 17640 12222 1407699.58   86  426 1406301.08 1417010.46  0.76%   135 6115s
 17680 12262 1406407.35  104  381 1406301.08 1417010.46  0.76%   135 6120s
 17698 12260 1408642.40   78  448 1406301.08 1417004.22  0.76%   135 6129s
 17700 12262 1408232.54   80  435 1406301.08 1417004.22  0.76%   135 6130s
 17748 12276 1408649.15   78  449 1406301.08 1416991.11  0.76%   135 6141s
 17766 12294 1406931.81   96  397 1406301.08 1416991.11  0.76%   135 6145s
 17783 12297 1415395.48   17  584 1406301.08 1416990.85  0.76%   135 6160s
 17785 12299 1415317.35   19  579 1406301.08 1416990.85  0.76%   135 6165s
 17788 12302 1415038.41   22  572 1406301.08 1416990.85  0.76%   135 6173s
 17789 12303 1414916.68   23  566 1406301.08 1416990.85  0.76%   135 6176s
 17792 12306 1414716.41   26  538 1406301.08 1416990.85  0.76%   135 6181s
 17794 12308 1414362.91   28  533 1406301.08 1416990.85  0.76%   135 6185s
 17798 12312 1414007.74   32  530 1406301.08 1416990.85  0.76%   135 6190s
 17805 12319 1413440.19   39  506 1406301.08 1416990.85  0.76%   135 6195s
 17824 12338 1412261.54   58  461 1406301.08 1416990.85  0.76%   135 6200s
 17843 12357 1410924.93   77  426 1406301.08 1416990.85  0.76%   135 6205s
 17857 12371 1409573.98   91  420 1406301.08 1416990.85  0.76%   135 6211s
 17870 12384 1408438.87  104  394 1406301.08 1416990.85  0.76%   135 6215s
 17904 12417 1406385.68  138  334 1406301.08 1416990.85  0.76%   135 6220s
 17915 12415 1415356.90   17  585 1406301.08 1416983.51  0.76%   135 6234s
 17916 12416 1415303.69   18  584 1406301.08 1416983.51  0.76%   135 6236s
 17920 12420 1414999.84   22  573 1406301.08 1416983.51  0.76%   135 6240s
 17931 12431 1413798.59   33  529 1406301.08 1416983.51  0.76%   135 6245s
 17946 12446 1412526.24   48  498 1406301.08 1416983.51  0.76%   135 6251s
 17951 12451 1411944.83   53  489 1406301.08 1416983.51  0.76%   135 6255s
 17962 12462 1411208.56   64  462 1406301.08 1416983.51  0.76%   135 6260s
 17979 12479 1409952.11   81  431 1406301.08 1416983.51  0.76%   135 6265s
 18002 12502 1408082.12  104  398 1406301.08 1416983.51  0.76%   135 6270s
 18033 12517 1408593.38   75  457 1406301.08 1416982.07  0.76%   135 6281s
 18036 12520 1408489.27   78  455 1406301.08 1416982.07  0.76%   135 6293s
 18037 12521 1408454.92   79  451 1406301.08 1416982.07  0.76%   135 6314s
 18042 12526 1408023.39   84  442 1406301.08 1416982.07  0.76%   135 6315s
 18082 12541 1408579.74   75  444 1406301.08 1416946.67  0.76%   135 6326s
 18109 12568 1406716.11  102  407 1406301.08 1416946.67  0.76%   135 6330s
 18145 12568 1408751.08   79  452 1406301.08 1416945.74  0.76%   135 6341s
 18168 12591 1406484.67  102  400 1406301.08 1416945.74  0.76%   135 6345s
 18183 12588 1408621.07   79  455 1406301.08 1416910.10  0.75%   136 6356s
 18215 12606 1408555.28   68  478 1406301.08 1416898.88  0.75%   136 6369s
 18220 12611 1407972.53   72  471 1406301.08 1416898.88  0.75%   136 6370s
 18250 12641 1406829.07   83  437 1406301.08 1416898.88  0.75%   136 6375s
 18288 12653 1408720.54   74  460 1406301.08 1416876.62  0.75%   136 6385s
 18321 12674     cutoff   99      1406301.08 1416876.62  0.75%   136 6390s
 18326 12673 1408644.23   68  473 1406301.08 1416866.40  0.75%   136 6399s
 18328 12675 1408415.47   70  466 1406301.08 1416866.40  0.75%   136 6400s
 18360 12707 1406787.55   90  407 1406301.08 1416866.40  0.75%   136 6405s
 18379 12710 1408425.90   74  463 1406301.08 1416820.33  0.75%   136 6414s
 18381 12712 1408362.76   76  462 1406301.08 1416820.33  0.75%   136 6415s
 18413 12728 1408667.13   80  450 1406301.08 1416819.37  0.75%   136 6425s
 18452 12753     cutoff  108      1406301.08 1416819.37  0.75%   136 6430s
 18458 12751 1408311.78   80  446 1406301.08 1416786.69  0.75%   136 6437s
 18472 12765 1407019.61   94  395 1406301.08 1416786.69  0.75%   136 6440s
 18491 12770 1415370.63   18  583 1406301.08 1416785.66  0.75%   137 6453s
 18494 12773 1415243.28   21  574 1406301.08 1416785.66  0.75%   137 6455s
 18504 12783 1414554.33   31  533 1406301.08 1416785.66  0.75%   137 6460s
 18517 12796 1413443.76   44  500 1406301.08 1416785.66  0.75%   137 6465s
 18539 12818 1412240.88   66  452 1406301.08 1416785.66  0.75%   136 6470s
 18565 12844 1410436.65   92  399 1406301.08 1416785.66  0.75%   136 6475s
 18594 12873 1408190.33  121  365 1406301.08 1416785.66  0.75%   136 6480s
 18633 12911 1406759.53  160  309 1406301.08 1416785.66  0.75%   136 6485s
 18655 12914 1414970.37   18  579 1406301.08 1416756.58  0.74%   136 6497s
 18659 12918 1414663.42   22  571 1406301.08 1416756.58  0.74%   136 6500s
 18668 12927 1413830.65   31  531 1406301.08 1416756.58  0.74%   136 6505s
 18681 12940 1412653.23   44  483 1406301.08 1416756.58  0.74%   136 6510s
 18700 12959 1411449.60   63  441 1406301.08 1416756.58  0.74%   136 6515s
 18722 12981 1409732.29   85  410 1406301.08 1416756.58  0.74%   136 6520s
 18739 12998 1407737.24  102  400 1406301.08 1416756.58  0.74%   136 6525s
 18765 13010 1415179.74   20  581 1406301.08 1416754.96  0.74%   136 6539s
 18766 13011 1415017.02   21  574 1406301.08 1416754.96  0.74%   136 6540s
 18773 13018 1414442.43   28  539 1406301.08 1416754.96  0.74%   136 6545s
 18785 13030 1413070.74   40  495 1406301.08 1416754.96  0.74%   136 6550s
 18806 13051 1410840.18   61  419 1406301.08 1416754.96  0.74%   136 6555s
 18849 13074 1406310.97   86  302 1406301.08 1416754.96  0.74%   136 6560s
 18857 13072 1415233.97   20  581 1406301.08 1416703.65  0.74%   136 6571s
 18862 13077 1414805.78   25  568 1406301.08 1416703.65  0.74%   136 6575s
 18872 13087 1413964.30   35  531 1406301.08 1416703.65  0.74%   136 6580s
 18889 13104 1412953.48   52  474 1406301.08 1416703.65  0.74%   136 6585s
 18912 13127 1411500.89   75  429 1406301.08 1416703.65  0.74%   136 6590s
 18934 13149 1409366.89   97  381 1406301.08 1416703.65  0.74%   136 6595s
 18975 13190 1406844.33  138  336 1406301.08 1416703.65  0.74%   136 6600s
 18996 13200 1408375.71   84  445 1406301.08 1416703.58  0.74%   136 6609s
 18997 13201 1408316.52   85  445 1406301.08 1416703.58  0.74%   136 6610s
 19047 13223 1408380.73   82  445 1406301.08 1416679.22  0.74%   136 6621s
 19071 13247 1406334.37  106  379 1406301.08 1416679.22  0.74%   136 6625s
 19081 13243 1408313.84   84  442 1406301.08 1416679.15  0.74%   136 6633s
 19084 13246 1407687.19   87  421 1406301.08 1416679.15  0.74%   136 6635s
 19112 13262 1408318.87   82  442 1406301.08 1416665.92  0.74%   137 6647s
 19132 13282 1406802.95   99  387 1406301.08 1416665.92  0.74%   136 6650s
 19151 13283 1415099.96   21  576 1406301.08 1416665.26  0.74%   137 6663s
 19153 13285 1415022.16   23  571 1406301.08 1416665.26  0.74%   137 6665s
 19163 13295 1413904.16   33  542 1406301.08 1416665.26  0.74%   137 6670s
 19180 13312 1412884.50   50  478 1406301.08 1416665.26  0.74%   137 6675s
 19205 13337 1411514.22   75  429 1406301.08 1416665.26  0.74%   137 6680s
 19228 13360 1409628.32   98  401 1406301.08 1416665.26  0.74%   136 6685s
 19259 13391 1407248.81  129  360 1406301.08 1416665.26  0.74%   136 6690s
 19286 13408 1415079.77   21  570 1406301.08 1416600.15  0.73%   136 6703s
 19289 13411 1414884.19   24  570 1406301.08 1416600.15  0.73%   136 6705s
 19299 13421 1413817.76   34  518 1406301.08 1416600.15  0.73%   136 6710s
 19313 13435 1412948.45   48  472 1406301.08 1416600.15  0.73%   136 6715s
 19334 13456 1411288.43   69  430 1406301.08 1416600.15  0.73%   136 6720s
 19368 13490 1408638.06  103  364 1406301.08 1416600.15  0.73%   136 6725s
 19424 13521     cutoff  139      1406301.08 1416600.15  0.73%   136 6730s
 19426 13521 1408183.87   81  440 1406301.08 1416598.14  0.73%   136 6737s
 19438 13533 1406910.28   93  398 1406301.08 1416598.14  0.73%   136 6740s
 19454 13537 1408311.44   81  445 1406301.08 1416595.39  0.73%   136 6747s
 19470 13553 1407218.17   97  406 1406301.08 1416595.39  0.73%   136 6750s
 19491 13560 1407888.00   89  439 1406301.08 1416591.05  0.73%   137 6759s
 19492 13561 1407680.61   90  436 1406301.08 1416591.05  0.73%   137 6760s
 19526 13572 1408182.71   90  440 1406301.08 1416591.05  0.73%   137 6772s
 19543 13589 1406706.82  107  400 1406301.08 1416591.05  0.73%   137 6775s
 19566 13590 1408079.14   90  429 1406301.08 1416585.56  0.73%   137 6784s
 19567 13591 1407871.75   91  426 1406301.08 1416585.56  0.73%   137 6785s
 19593 13605 1414876.40   22  572 1406301.08 1416583.85  0.73%   137 6798s
 19597 13609 1414484.31   26  564 1406301.08 1416583.85  0.73%   137 6800s
 19606 13618 1413627.00   35  544 1406301.08 1416583.85  0.73%   137 6805s
 19621 13633 1412121.46   50  487 1406301.08 1416583.85  0.73%   137 6810s
 19645 13657 1410490.52   74  431 1406301.08 1416583.85  0.73%   137 6815s
 19670 13682 1408557.59   99  403 1406301.08 1416583.85  0.73%   137 6820s
 19699 13709     cutoff  128      1406301.08 1416583.85  0.73%   137 6825s
 19708 13708 1407783.35   89  436 1406301.08 1416583.54  0.73%   137 6833s
 19716 13716 1407558.58   93  429 1406301.08 1416583.54  0.73%   137 6835s

Cutting planes:
  Gomory: 24
  Implied bound: 22
  MIR: 1897
  Mixing: 1
  Flow cover: 2526
  RLT: 63
  Relax-and-lift: 6
  Lazy constraints: 9699

Explored 19755 nodes (2708735 simplex iterations) in 6847.01 seconds (7011.34 work units)
Thread count was 1 (of 52 available processors)

Solution count 10: 1.4063e+06 1.40627e+06 1.4062e+06 ... 1.40452e+06

Time limit reached
Best objective 1.406301079246e+06, best bound 1.416583538453e+06, gap 0.7312%

User-callback calls 393859, time in user-callback 4.09 sec

CPU time spent in the second stage: 6847.01 sec
The LP relaxation bound at the root node: 1478623.122755
Termination status of the second stage: TIME_LIMIT

------------------ end of the second stage -----------------

Total CPU time: 7200.01 sec
Percentage optimality gap: 0.73 %
CPU time spent in separating the cuts: 86.62 sec
Number of explored nodes: 19755
Objective value of the returned solution: 1406301.079246
Optimal facility locations: [7, 25, 32, 33, 39, 40, 46, 47, 49, 52, 59, 63, 69, 78, 100, 104, 108, 112, 114, 121, 122, 123, 130, 140, 151, 155, 161, 164, 169, 173, 177, 187, 189, 194, 195, 196, 202, 205, 207, 208, 210, 224, 228, 233, 236, 247, 249, 251, 258, 260, 261, 263, 275, 284, 288, 289, 294, 310, 319, 320, 323, 324, 330, 334, 338, 341, 344, 350, 351, 352, 363, 367, 369, 385, 402, 406, 431, 447, 448, 450, 452, 456, 457, 466, 472, 477, 480, 486, 492, 507, 508, 514, 515, 522, 524, 525, 526, 538, 557, 563, 584, 586, 588, 592, 594, 596, 599, 600, 601, 603, 608, 616, 624, 629, 630, 633, 641, 659, 668, 675, 686, 689, 699, 701, 703, 709, 718, 728, 732, 736, 739, 744, 746, 747, 750, 757, 761, 766, 773, 782, 785, 789, 791, 802, 806, 813, 819, 822, 839, 841, 848, 853, 856, 857, 872, 880, 881, 882, 889, 892, 895, 903, 922, 923, 929, 937, 939, 946, 948, 949, 954, 960, 961, 968, 971, 985, 988, 989, 992, 999, 1000]

@end of file
