Set parameter TimeLimit to value 7200
Setting sB&C+LSI: The proposed B&C algorithm based on formulation (40) (equipped with the lifted submodular inequalities), with only the second stage implemented
Gurobi Optimizer version 11.0.1 build v11.0.1rc0 (linux64 - "CentOS Linux 7 (Core)")

CPU model: Intel(R) Xeon(R) Gold 6230R CPU @ 2.10GHz, instruction set [SSE2|AVX|AVX2|AVX512]
Thread count: 52 physical cores, 52 logical processors, using up to 1 threads

Optimize a model with 5000 rows, 6000 columns and 5000 nonzeros
Model fingerprint: 0x3ac973af
Variable types: 5000 continuous, 1000 integer (1000 binary)
Coefficient statistics:
  Matrix range     [1e+00, 1e+00]
  Objective range  [1e+01, 2e+03]
  Bounds range     [0e+00, 0e+00]
  RHS range        [3e-05, 1e+00]
Found heuristic solution: objective -5.00371e+15
Presolve removed 5000 rows and 0 columns
Presolve time: 0.00s
Presolved: 0 rows, 6000 columns, 0 nonzeros
Variable types: 5000 continuous, 1000 integer (1000 binary)
Found heuristic solution: objective -5.00371e+15

Root relaxation: objective 2.073829e+06, 0 iterations, 0.00 seconds (0.00 work units)

    Nodes    |    Current Node    |     Objective Bounds      |     Work
 Expl Unexpl |  Obj  Depth IntInf | Incumbent    BestBd   Gap | It/Node Time

     0     0 2073828.73    0    - -5.004e+15 2073828.73   100%     -    4s
     0     0 1938811.85    0  138 -5.004e+15 1938811.85   100%     -    7s
H    0     0                    935879.64893 1938811.85   107%     -    9s
     0     0 1643920.78    0  335 935879.649 1643920.78  75.7%     -   24s
     0     0 1643905.65    0  335 935879.649 1643905.65  75.7%     -   26s
H    0     0                    1292876.0391 1643905.65  27.2%     -   28s
     0     2 1482953.82    0  324 1292876.04 1482953.82  14.7%     -   44s
     2     4 1482574.41    1  331 1292876.04 1482574.41  14.7%  61.0   45s
    12    14 1481548.45    7  318 1292876.04 1482559.03  14.7%  36.9   50s
    26    28 1481124.83   14  310 1292876.04 1482559.03  14.7%  28.0   55s
    28    30 1436491.85   15  316 1292876.04 1482559.03  14.7%   144   62s
    29    31 1436173.82   15  321 1292876.04 1482559.03  14.7%   252   66s
    38    40 1436109.35   20  315 1292876.04 1482559.03  14.7%   199   70s
    50    52 1435558.17   26  299 1292876.04 1482559.03  14.7%   160   75s
    55    57 1419546.88   29  306 1292876.04 1482559.03  14.7%   186   81s
    56    58 1419444.19   29  307 1292876.04 1482559.03  14.7%   218   85s
    69    71 1419119.91   36  302 1292876.04 1482559.03  14.7%   182   90s
    81    83 1418682.72   43  303 1292876.04 1482559.03  14.7%   161   95s
    83    85 1412273.09   44  311 1292876.04 1482559.03  14.7%   191  100s
    96    98 1411980.27   52  315 1292876.04 1482559.03  14.7%   171  105s
   109   111 1409018.50   60  297 1292876.04 1482559.03  14.7%   162  111s
   118   120 1408688.30   65  294 1292876.04 1482559.03  14.7%   167  115s
   136   138 1406058.12   75  285 1292876.04 1482559.03  14.7%   155  120s
   148   150 1404911.65   83  301 1292876.04 1482559.03  14.7%   153  125s
   163   165 1404517.85   91  288 1292876.04 1482559.03  14.7%   144  130s
   188   190 1403918.47  108  272 1292876.04 1482559.03  14.7%   130  135s
   201   203 1403034.31  116  253 1292876.04 1482559.03  14.7%   126  140s
   233   235 1401865.52  135  211 1292876.04 1482559.03  14.7%   113  145s
   259   261 1400095.52  152  206 1292876.04 1482559.03  14.7%   105  150s
   288   290 1398571.04  170  183 1292876.04 1482559.03  14.7%  96.8  155s
   323   325 1397724.56  192  142 1292876.04 1482559.03  14.7%  88.5  160s
   346   348 1396092.89  207  135 1292876.04 1482559.03  14.7%  85.5  165s
   378   380 1394861.13  227  120 1292876.04 1482559.03  14.7%  79.9  170s
   405   407 1394076.13  244   99 1292876.04 1482559.03  14.7%  75.6  175s
   435   437 1393313.58  264   68 1292876.04 1482559.03  14.7%  71.5  180s
*  487   468             308    1392578.3395 1482559.03  6.46%  64.4  183s
   490   467 1414585.52    2  339 1392578.34 1482556.46  6.46%  75.3  190s
   510   487 1413103.43   18  302 1392578.34 1482556.46  6.46%  73.9  195s
   515   491 1404345.01   98  335 1392578.34 1482556.46  6.46%  73.6  621s
   517   492 1396543.79  198  354 1392578.34 1412460.03  1.43%  73.3  710s
   518   493 1409195.04   47  370 1392578.34 1409195.04  1.19%  73.1  731s
   519   494 1404891.04   84  359 1392578.34 1408591.27  1.15%  73.0  735s
   522   496 1394373.67  241  351 1392578.34 1408545.74  1.15%  72.6  750s
   523   496 1398005.02  181  314 1392578.34 1408030.48  1.11%  72.4  777s
   525   498 1392591.67  301  349 1392578.34 1407977.02  1.11%  72.2  781s
   527   499 1407971.51   58  353 1392578.34 1407971.51  1.11%  71.9  803s
   528   500 1398274.44  174  302 1392578.34 1407751.11  1.09%  71.8  828s
   529   500 1392922.70  265  281 1392578.34 1407751.11  1.09%  71.6  830s
   532   502 1400023.31  156  280 1392578.34 1407741.28  1.09%  71.2  843s
   533   503 1398409.33  173  292 1392578.34 1407692.18  1.09%  71.1  857s
   535   504 1398227.71  176  292 1392578.34 1407692.18  1.09%  70.8  861s
   537   506 1407603.99   56  291 1392578.34 1407603.99  1.08%  70.5  869s
   538   506 1403339.67  111  296 1392578.34 1407603.99  1.08%  70.4  871s
   540   508 1395659.07  213  296 1392578.34 1407603.99  1.08%  70.2  880s
   542   509 1407603.99   70  292 1392578.34 1407603.99  1.08%  69.9  886s
   544   510 1402423.52  125  293 1392578.34 1407603.99  1.08%  69.6  893s
   547   514 1407603.99    5  335 1392578.34 1407603.99  1.08%  98.2 1731s
   549   515 1407603.99   42  354 1392578.34 1407603.99  1.08%  97.8 1789s
   550   516 1397925.29  183  361 1392578.34 1407603.99  1.08%  97.7 1813s
   551   517 1404516.41   92  355 1392578.34 1407603.99  1.08%  97.5 1818s
   552   517 1407603.99   75  351 1392578.34 1407603.99  1.08%  97.3 1822s
   554   519 1404846.91   86  320 1392578.34 1407603.99  1.08%  96.9 1825s
   556   520 1402337.43  131  290 1392578.34 1407603.99  1.08%  96.6 1842s
   557   521 1404580.34   92  290 1392578.34 1407586.44  1.08%  96.4 1877s
   559   522 1407586.44   50  291 1392578.34 1407586.44  1.08%  96.1 1913s
   560   523 1394244.21  243  303 1392578.34 1407507.92  1.07%  95.9 1955s
   563   525 1392713.93  279  269 1392578.34 1407507.92  1.07%  95.4 1979s
   564   525 1398008.82  181  323 1392578.34 1407484.76  1.07%  95.2 2006s
   566   527 1407484.76   15  317 1392578.34 1407484.76  1.07%  94.9 2027s
   567   527 1407484.76   35  332 1392578.34 1407484.76  1.07%  94.7 2058s
   568   528 1393594.66  261  344 1392578.34 1407246.76  1.05%  94.6 2062s
   569   529 1407199.23   59  359 1392578.34 1407199.23  1.05%  94.4 2067s
   571   530 1402220.26  131  364 1392578.34 1407191.44  1.05%  94.1 2089s
   572   531 1392634.13  250  356 1392578.34 1407160.28  1.05%  93.9 2101s
   573   531 1407160.28   13  362 1392578.34 1407160.28  1.05%  93.7 2105s
   574   532 1393920.53  249  346 1392578.34 1407160.28  1.05%  93.6 2111s
   576   533 1394625.51  227  344 1392578.34 1407160.28  1.05%  93.2 2119s
   577   534 1404891.04   84  343 1392578.34 1407160.28  1.05%  93.1 2122s
   578   535 1400315.03  150  347 1392578.34 1407160.28  1.05%  92.9 2125s
   580   536 1396264.77  204  347 1392578.34 1407146.14  1.05%  92.6 2136s
   582   539 1407146.14   27  320 1392578.34 1407146.14  1.05%   121 2151s
   583   540 1407130.90   27  348 1392578.34 1407146.14  1.05%   121 2156s
   585   541 1407082.34   28  312 1392578.34 1407130.88  1.05%   120 2160s
   587   543 1407076.27   29  305 1392578.34 1407130.88  1.05%   120 2167s
   589   544 1407028.82   30  306 1392578.34 1407130.88  1.05%   120 2173s
   590   545 1407005.71   31  300 1392578.34 1407130.88  1.05%   120 2178s
   591   545 1406798.51   31  301 1392578.34 1407130.88  1.05%   120 2181s
   593   547 1406994.65   32  279 1392578.34 1407130.88  1.05%   120 2186s
   594   547 1406979.12   33  239 1392578.34 1407130.88  1.05%   120 2191s
   595   548 1406962.35   33  223 1392578.34 1407130.88  1.05%   120 2197s
   596   549 1406957.88   34  232 1392578.34 1407130.88  1.05%   120 2200s
   598   550 1406929.79   35  232 1392578.34 1407130.88  1.05%   120 2206s
   599   551 1406829.44   35  232 1392578.34 1407130.88  1.05%   120 2211s
   600   551 1406899.39   36  229 1392578.34 1407130.88  1.05%   120 2215s
   602   553 1406821.20   37  277 1392578.34 1407130.88  1.05%   120 2221s
   603   553 1406821.73   37  217 1392578.34 1407130.88  1.05%   120 2225s
   605   555 1406701.33   38  214 1392578.34 1407130.88  1.05%   120 2232s
   606   555 1406748.86   39  193 1392578.34 1407130.88  1.05%   120 2245s
   608   557 1406610.13   40  182 1392578.34 1407130.88  1.05%   120 2252s
   609   557 1406430.71   40  178 1392578.34 1407130.88  1.05%   120 2256s
   611   559 1406525.00   41  126 1392578.34 1407130.88  1.05%   120 2261s
   613   560 1406561.36   42  166 1392578.34 1407130.88  1.05%   120 2265s
   616   562 1406481.75   44   79 1392578.34 1407130.88  1.05%   119 2271s
   618   563 1406469.20   45   77 1392578.34 1407130.88  1.05%   119 2275s
   621   565 1406436.72   46   50 1392578.34 1407130.88  1.05%   119 2280s
   624   567 1406461.97   48   30 1392578.34 1407130.88  1.05%   118 2286s
H  628   540                    1400463.7029 1407130.88  0.48%   118 2290s
*  630   503              51    1406457.1054 1407130.88  0.05%   118 2292s
   636   497 1407001.42   28  338 1406457.11 1407127.58  0.05%   117 2298s
   637   498 1406997.58   29  311 1406457.11 1407127.58  0.05%   117 2301s
   639   499 1406971.63   30  289 1406457.11 1407127.58  0.05%   117 2306s
   641   501 1406965.47   31  287 1406457.11 1407127.58  0.05%   117 2312s
   643   502 1406881.88   32  304 1406457.11 1407127.58  0.05%   117 2317s
   645   503 1406910.44   33  271 1406457.11 1407127.58  0.05%   116 2320s
   648   505 1406843.19   34  262 1406457.11 1407127.58  0.05%   116 2326s
   650   507 1406867.55   35  205 1406457.11 1407127.58  0.05%   116 2330s
   652   508 1406765.18   36  201 1406457.11 1407127.58  0.05%   116 2337s
   653   509 1406856.94   37  200 1406457.11 1407127.58  0.05%   116 2340s
   655   508 1406850.52   38  197 1406457.11 1407127.58  0.05%   115 2349s
   656   509 1406845.05   38  197 1406457.11 1407127.58  0.05%   115 2354s
   657   508 1406822.50   39  193 1406457.11 1407127.58  0.05%   115 2357s
   658   508 1406761.88   39  189 1406457.11 1407127.58  0.05%   115 2362s
   659   509 1406821.45   40  192 1406457.11 1407127.58  0.05%   115 2365s
   660   508 1406797.83   41  193 1406457.11 1407127.58  0.05%   115 2370s
   661   509 1406785.03   41  183 1406457.11 1407127.58  0.05%   115 2376s
   662   510 1406796.92   42  193 1406457.11 1407127.58  0.05%   115 2380s
   664   510 1406715.95   43  179 1406457.11 1407127.58  0.05%   115 2386s
   666   511 1406699.36   45  173 1406457.11 1407127.58  0.05%   115 2392s
   667   511 1406626.59   45  172 1406457.11 1407127.58  0.05%   115 2396s
   669   511 1406635.61   46  173 1406457.11 1407127.58  0.05%   115 2401s
   671   512 1406596.80   47  163 1406457.11 1407127.58  0.05%   114 2405s
   673   512 1406564.28   48  162 1406457.11 1407127.58  0.05%   114 2411s
   677   511 1406477.98   50   75 1406457.11 1407127.58  0.05%   114 2416s
   686   517 1406472.62   55   41 1406457.11 1407127.58  0.05%   113 2420s
   696   513 1406962.05   28  335 1406457.11 1407089.19  0.04%   113 2425s
   698   515 1406961.56   29  324 1406457.11 1407089.19  0.04%   112 2430s
   700   516 1406703.75   30  318 1406457.11 1407089.19  0.04%   112 2437s
   702   517 1406841.80   31  300 1406457.11 1407089.19  0.04%   112 2442s
   703   518 1406895.73   32  289 1406457.11 1407089.19  0.04%   112 2446s
   705   519 1406762.12   33  278 1406457.11 1407089.19  0.04%   112 2450s
   707   521 1406690.50   34  265 1406457.11 1407089.19  0.04%   112 2457s
   709   520 1406644.24   35  264 1406457.11 1407089.19  0.04%   112 2460s
   719   523 1406524.69   41  173 1406457.11 1407089.19  0.04%   111 2465s
   730   519 1407014.29   29  306 1406457.11 1407088.29  0.04%   111 2472s
   731   520 1406930.70   30  323 1406457.11 1407088.29  0.04%   111 2475s
   734   522 1406719.75   31  295 1406457.11 1407088.29  0.04%   110 2480s
   745   529 1406764.28   37  182 1406457.11 1407088.29  0.04%   110 2485s
   752   533 1406664.50   41  171 1406457.11 1407088.29  0.04%   110 2490s
   772   536 1406504.46   51   25 1406457.11 1407088.29  0.04%   108 2495s
   779   531 1406864.01   30  332 1406457.11 1406994.16  0.04%   107 2500s
   795   538 1406551.30   38  249 1406457.11 1406994.16  0.04%   107 2505s
   813   538 1406804.92   33  204 1406457.11 1406993.30  0.04%   106 2510s
   822   544 1406662.10   38  186 1406457.11 1406993.30  0.04%   106 2515s
   837   548 1406480.50   45  105 1406457.11 1406993.30  0.04%   105 2520s
   855   545 1406709.29   35  277 1406457.11 1406991.05  0.04%   104 2526s
   863   550 1406621.52   39  228 1406457.11 1406991.05  0.04%   104 2530s
   881   553     cutoff   48      1406457.11 1406991.05  0.04%   103 2535s
   894   553 1406723.85   34  279 1406457.11 1406986.43  0.04%   103 2540s
   902   558 1406578.01   38  183 1406457.11 1406986.43  0.04%   102 2545s
   916   558 1406743.27   34  256 1406457.11 1406965.53  0.04%   102 2550s
   931   561     cutoff   44      1406457.11 1406965.53  0.04%   102 2555s
   950   561 1406852.61   31  301 1406457.11 1406944.53  0.03%   101 2562s
   957   565 1406663.08   38  256 1406457.11 1406944.53  0.03%   101 2565s
   965   570 1406516.19   44  227 1406457.11 1406944.53  0.03%   101 2571s
   972   568 1406686.48   37  245 1406457.11 1406927.30  0.03%   100 2575s
   993   571 1406721.16   31  319 1406457.11 1406903.93  0.03%  99.5 2581s
  1001   577 1406608.06   39  275 1406457.11 1406903.93  0.03%  99.1 2585s
  1013   579 1406484.91   46  178 1406457.11 1406903.93  0.03%  98.6 2590s
  1023   574 1406664.80   36  190 1406457.11 1406903.60  0.03%  98.1 2595s
  1050   577 1406725.11   35  247 1406457.11 1406895.24  0.03%  96.6 2600s
  1067   580     cutoff   47      1406457.11 1406895.24  0.03%  95.7 2605s
  1074   583 1406688.76   39  251 1406457.11 1406894.09  0.03%  95.5 2611s
  1078   586 1406644.51   41  247 1406457.11 1406894.09  0.03%  95.8 2616s
  1100   589 1406831.63   33  284 1406457.11 1406891.45  0.03%  94.8 2620s
  1106   593 1406697.77   39  262 1406457.11 1406891.45  0.03%  94.6 2625s
  1116   598 1406559.87   46  190 1406457.11 1406891.45  0.03%  94.7 2630s
  1132   597 1406657.63   36  184 1406457.11 1406891.34  0.03%  93.9 2635s
  1149   599 1406666.68   35  198 1406457.11 1406890.10  0.03%  93.2 2640s
  1158   604 1406464.80   44  151 1406457.11 1406890.10  0.03%  93.0 2645s
  1171   601 1406473.47   37  195 1406457.11 1406889.24  0.03%  92.7 2650s
  1181   598 1406631.26   37  246 1406457.11 1406888.60  0.03%  92.6 2656s
  1189   601 1406459.08   45  138 1406457.11 1406888.60  0.03%  92.5 2660s
  1202   595 1406710.85   31  325 1406457.11 1406887.43  0.03%  92.0 2666s
  1219   594 1406748.80   30  299 1406457.11 1406885.82  0.03%  91.6 2672s
  1221   595 1406709.72   32  270 1406457.11 1406885.82  0.03%  91.6 2675s
  1232   596 1406506.99   38  200 1406457.11 1406885.82  0.03%  91.2 2682s
  1241   594 1406560.12   36  240 1406457.11 1406885.00  0.03%  90.9 2685s
  1260   593 1406541.49   39  203 1406457.11 1406877.00  0.03%  90.6 2691s
  1268   591 1406698.08   30  298 1406457.11 1406875.14  0.03%  90.6 2696s
  1275   588 1406578.20   31  290 1406457.11 1406875.14  0.03%  90.5 2700s
  1282   586 1406600.50   34  262 1406457.11 1406872.43  0.03%  90.4 2705s
  1298   582 1406481.03   40  234 1406457.11 1406872.43  0.03%  90.3 2710s
  1304   581 1406545.70   32  325 1406457.11 1406870.88  0.03%  90.3 2716s
  1315   578 1406662.15   38  243 1406457.11 1406870.17  0.03%  90.2 2720s
  1329   573     cutoff   43      1406457.11 1406870.17  0.03%  89.6 2725s
  1333   574 1406574.29   35  299 1406457.11 1406870.03  0.03%  89.6 2730s
  1344   572 1406560.35   35  262 1406457.11 1406869.28  0.03%  89.5 2736s
  1366   565     cutoff   39      1406457.11 1406869.28  0.03%  88.4 2740s
  1377   563 1406611.11   33  297 1406457.11 1406850.52  0.03%  88.4 2745s
  1382   566 1406466.57   38  226 1406457.11 1406850.52  0.03%  88.3 2750s
  1397   566 1406500.88   45  165 1406457.11 1406846.08  0.03%  88.1 2755s
  1406   561 1406641.25   32  317 1406457.11 1406842.87  0.03%  88.0 2760s
  1421   562 1406637.11   35  259 1406457.11 1406841.33  0.03%  87.7 2769s
  1424   564 1406588.49   38  183 1406457.11 1406841.33  0.03%  87.6 2770s
  1439   566 1406551.07   38  200 1406457.11 1406839.80  0.03%  87.3 2775s
  1449   562 1406727.27   32  294 1406457.11 1406836.61  0.03%  87.3 2780s
  1465   563 1406517.21   42  201 1406457.11 1406836.61  0.03%  86.8 2785s
  1475   565 1406680.09   33  267 1406457.11 1406835.26  0.03%  86.6 2790s
  1488   569     cutoff   39      1406457.11 1406835.26  0.03%  86.5 2795s
  1496   570 1406489.22   42  175 1406457.11 1406835.26  0.03%  86.3 2800s
  1510   563 1406473.47   46  188 1406457.11 1406835.26  0.03%  86.3 2805s
  1519   562 1406488.28   36  278 1406457.11 1406831.51  0.03%  86.2 2810s
  1527   562 1406526.20   36  268 1406457.11 1406831.51  0.03%  86.2 2815s
  1538   563 1406584.09   40  189 1406457.11 1406830.36  0.03%  86.0 2820s
  1550   559     cutoff   31      1406457.11 1406829.10  0.03%  86.0 2825s
  1553   560 1406510.22   38  212 1406457.11 1406828.77  0.03%  86.1 2830s
  1567   560 1406471.25   42  206 1406457.11 1406822.76  0.03%  86.0 2835s
  1577   559 1406646.60   39  250 1406457.11 1406819.24  0.03%  85.7 2840s
  1591   562 1406496.53   49  160 1406457.11 1406819.24  0.03%  85.6 2845s
  1607   561 1406487.93   39  215 1406457.11 1406817.48  0.03%  85.3 2850s
  1629   555     cutoff   44      1406457.11 1406803.71  0.02%  84.9 2855s
  1640   554 1406489.39   39  217 1406457.11 1406802.39  0.02%  84.8 2860s
  1663   548 1406478.48   37  182 1406457.11 1406800.81  0.02%  84.4 2865s
  1679   543 1406698.83   33  294 1406457.11 1406790.59  0.02%  84.2 2871s
  1685   546 1406602.08   39  239 1406457.11 1406790.59  0.02%  84.2 2875s
  1703   546 1406502.18   38  241 1406457.11 1406785.73  0.02%  83.9 2880s
  1726   538     cutoff   41      1406457.11 1406785.73  0.02%  83.7 2885s
  1730   540 1406588.08   37  262 1406457.11 1406785.03  0.02%  83.7 2890s
  1751   536 1406463.82   42  151 1406457.11 1406785.03  0.02%  83.6 2895s
  1766   525 1406699.74   38  252 1406457.11 1406782.12  0.02%  83.5 2900s
  1778   525 1406682.90   33  272 1406457.11 1406781.80  0.02%  83.3 2905s
  1792   528 1406513.50   40  200 1406457.11 1406781.80  0.02%  83.3 2910s
  1811   526 1406501.68   38  234 1406457.11 1406777.48  0.02%  83.0 2915s
  1819   520 1406692.45   35  284 1406457.11 1406776.24  0.02%  83.1 2920s
  1828   525 1406509.44   44  196 1406457.11 1406776.24  0.02%  83.0 2925s
  1846   516     cutoff   44      1406457.11 1406763.57  0.02%  82.8 2930s
  1864   514     cutoff   41      1406457.11 1406763.14  0.02%  82.6 2935s
  1875   507 1406633.12   35  265 1406457.11 1406761.88  0.02%  82.8 2940s
  1893   505 1406728.43   34  272 1406457.11 1406759.38  0.02%  82.6 2945s
  1904   510 1406460.31   44   90 1406457.11 1406759.38  0.02%  82.5 2950s
  1911   510 1406547.70   35  266 1406457.11 1406748.58  0.02%  82.4 2955s
  1927   507 1406551.67   39  183 1406457.11 1406747.11  0.02%  82.2 2960s
  1952   510 1406463.43   52  124 1406457.11 1406745.78  0.02%  81.6 2965s
  1965   505 1406544.25   38  225 1406457.11 1406745.42  0.02%  81.6 2970s
  1980   505 1406658.80   35  189 1406457.11 1406744.95  0.02%  81.4 2975s
  1997   505 1406705.09   37  185 1406457.11 1406743.12  0.02%  81.3 2980s
  2014   509 1406671.68   39  219 1406457.11 1406740.28  0.02%  81.1 2985s
  2024   509 1406675.91   35  280 1406457.11 1406739.64  0.02%  81.1 2990s
  2039   513     cutoff   45      1406457.11 1406739.64  0.02%  80.9 2995s
  2044   513 1406635.39   31  310 1406457.11 1406737.17  0.02%  81.1 3001s
  2050   512 1406459.63   33  243 1406457.11 1406737.17  0.02%  81.1 3005s
  2063   519     cutoff   47      1406457.11 1406736.92  0.02%  80.9 3010s
  2092   528 1406647.68   38  242 1406457.11 1406735.24  0.02%  80.3 3015s
  2113   539 1406468.35   42  120 1406457.11 1406734.97  0.02%  80.0 3020s
  2134   540 1406562.84   32  269 1406457.11 1406728.11  0.02%  79.8 3026s
  2142   540 1406704.23   35  226 1406457.11 1406726.95  0.02%  79.7 3036s
  2149   547 1406459.79   42  149 1406457.11 1406726.95  0.02%  79.8 3040s
  2165   545 1406493.86   32  281 1406457.11 1406724.87  0.02%  79.8 3045s
  2179   545 1406657.09   36  191 1406457.11 1406723.37  0.02%  79.8 3050s
  2196   552 1406563.47   36  256 1406457.11 1406722.82  0.02%  79.8 3055s
  2209   556 1406468.02   39  207 1406457.11 1406722.81  0.02%  79.8 3060s
  2223   554     cutoff   38      1406457.11 1406721.65  0.02%  79.8 3065s
  2236   564 1406503.23   42  137 1406457.11 1406719.86  0.02%  79.9 3070s
  2257   565 1406516.72   39  138 1406457.11 1406718.63  0.02%  79.6 3075s
  2273   567 1406569.83   36  247 1406457.11 1406718.28  0.02%  79.4 3080s
  2288   570 1406634.81   39  202 1406457.11 1406717.49  0.02%  79.4 3085s
  2305   579     cutoff   51      1406457.11 1406717.49  0.02%  79.3 3090s
  2324   584     cutoff   47      1406457.11 1406717.16  0.02%  79.0 3095s
  2345   588     cutoff   42      1406457.11 1406717.06  0.02%  78.8 3100s
  2359   590     cutoff   41      1406457.11 1406714.88  0.02%  78.9 3105s
  2370   594 1406566.88   39  205 1406457.11 1406714.58  0.02%  79.0 3110s
  2387   596 1406501.27   35  287 1406457.11 1406714.14  0.02%  78.9 3115s
  2400   595     cutoff   37      1406457.11 1406714.10  0.02%  78.9 3120s
  2409   592     cutoff   37      1406457.11 1406711.98  0.02%  79.1 3125s
  2414   595 1406531.89   37  285 1406457.11 1406711.96  0.02%  79.2 3130s
  2430   597 1406571.12   35  210 1406457.11 1406710.63  0.02%  79.1 3135s
  2449   602 1406462.71   45   98 1406457.11 1406709.29  0.02%  79.0 3140s
  2462   600     cutoff   40      1406457.11 1406708.83  0.02%  79.0 3145s
  2476   604 1406638.44   34  301 1406457.11 1406707.46  0.02%  79.1 3150s
  2488   608 1406506.00   39  189 1406457.11 1406705.15  0.02%  79.0 3155s
  2507   609 1406639.93   36  245 1406457.11 1406703.36  0.02%  79.0 3160s
  2520   615 1406470.45   44   87 1406457.11 1406703.36  0.02%  78.9 3165s
H 2542   588                    1406478.0712 1406702.51  0.02%  78.6 3176s
  2549   590 1406498.27   31  331 1406478.07 1406701.91  0.02%  78.9 3180s
  2567   586     cutoff   43      1406478.07 1406700.29  0.02%  78.8 3185s
  2582   585 1406609.53   39  249 1406478.07 1406698.27  0.02%  78.7 3190s
  2599   588 1406547.93   36  194 1406478.07 1406696.98  0.02%  78.5 3195s
  2617   588 1406482.54   38  178 1406478.07 1406695.69  0.02%  78.5 3200s
  2625   586 1406520.88   38  223 1406478.07 1406695.69  0.02%  78.5 3210s
  2641   586 1406481.40   33  245 1406478.07 1406694.44  0.02%  78.5 3215s
  2653   586 1406487.28   38  292 1406478.07 1406693.30  0.02%  78.7 3243s
  2657   585 1406493.42   33  302 1406478.07 1406692.63  0.02%  78.7 3245s
  2674   586 1406521.59   36  264 1406478.07 1406690.52  0.02%  78.7 3250s
  2680   588 1406517.70   39  197 1406478.07 1406690.12  0.02%  78.8 3257s
  2689   585 1406635.06   37  196 1406478.07 1406688.73  0.01%  78.8 3260s
  2700   588 1406488.82   35  214 1406478.07 1406687.78  0.01%  78.9 3265s
  2708   592 1406577.64   42  172 1406478.07 1406686.26  0.01%  78.8 3270s
  2725   594 1406608.63   33  269 1406478.07 1406685.93  0.01%  78.8 3275s
  2738   593 1406541.61   38  250 1406478.07 1406685.66  0.01%  78.7 3282s
  2744   593 1406575.80   35  234 1406478.07 1406685.64  0.01%  78.8 3285s
  2758   595 1406522.01   38  207 1406478.07 1406685.54  0.01%  78.7 3290s
  2765   594 1406582.17   34  270 1406478.07 1406685.53  0.01%  78.7 3316s
  2779   597 1406480.17   43  171 1406478.07 1406684.54  0.01%  78.7 3320s
  2795   595 1406548.72   39  161 1406478.07 1406683.33  0.01%  78.9 3326s
  2807   600 1406507.54   41  180 1406478.07 1406683.25  0.01%  78.8 3330s
  2818   603 1406544.50   39  211 1406478.07 1406683.08  0.01%  78.8 3335s
  2831   607 1406495.78   40  182 1406478.07 1406683.00  0.01%  78.8 3340s
  2841   603 1406546.61   34  282 1406478.07 1406679.13  0.01%  78.9 3346s
  2851   600 1406606.84   36  297 1406478.07 1406676.53  0.01%  79.0 3350s
  2859   605     cutoff   41      1406478.07 1406676.53  0.01%  79.0 3355s
  2872   603 1406585.53   37  218 1406478.07 1406673.94  0.01%  79.0 3360s
  2887   605 1406550.33   36  168 1406478.07 1406673.56  0.01%  78.9 3367s
  2888   605 1406526.80   37  154 1406478.07 1406673.56  0.01%  78.8 3371s
  2901   608 1406552.01   41  204 1406478.07 1406673.02  0.01%  78.8 3375s
  2912   610 1406540.78   40  225 1406478.07 1406672.02  0.01%  78.8 3380s
  2922   609 1406596.83   40  166 1406478.07 1406671.40  0.01%  78.9 3385s
  2938   613 1406561.58   41  203 1406478.07 1406670.13  0.01%  78.7 3390s
  2951   613     cutoff   32      1406478.07 1406670.09  0.01%  78.7 3395s
  2958   620 1406501.45   41  176 1406478.07 1406669.91  0.01%  78.7 3400s
  2966   617 1406602.23   42  193 1406478.07 1406669.20  0.01%  78.7 3405s
  2979   622 1406523.23   35  188 1406478.07 1406668.97  0.01%  78.7 3410s
  2990   620 1406546.65   41  211 1406478.07 1406667.75  0.01%  78.7 3415s
  2991   621 1406540.84   42  198 1406478.07 1406667.75  0.01%  78.7 3424s
  2994   624 1406488.82   45  173 1406478.07 1406667.75  0.01%  78.6 3425s
  3006   625     cutoff   39      1406478.07 1406667.46  0.01%  78.6 3430s
  3016   626     cutoff   42      1406478.07 1406664.98  0.01%  78.5 3435s
  3031   625 1406550.95   37  254 1406478.07 1406664.71  0.01%  78.5 3440s
  3041   624 1406482.00   37  143 1406478.07 1406663.81  0.01%  78.6 3445s
  3052   620 1406535.91   35  215 1406478.07 1406662.93  0.01%  78.6 3451s
  3066   618     cutoff   39      1406478.07 1406662.93  0.01%  78.5 3455s
  3077   618 1406548.47   35  264 1406478.07 1406661.67  0.01%  78.6 3460s
  3093   619 1406556.75   37  241 1406478.07 1406661.39  0.01%  78.5 3467s
  3106   620 1406552.71   39  245 1406478.07 1406660.93  0.01%  78.4 3470s
  3116   620 1406491.80   41  272 1406478.07 1406660.89  0.01%  78.4 3475s
  3131   623 1406588.84   38  258 1406478.07 1406659.63  0.01%  78.4 3481s
  3141   625 1406570.06   39  218 1406478.07 1406659.48  0.01%  78.3 3486s
  3151   627 1406580.81   38  180 1406478.07 1406659.42  0.01%  78.3 3490s
  3166   628     cutoff   36      1406478.07 1406659.15  0.01%  78.3 3495s
  3176   629 1406482.36   40  176 1406478.07 1406658.07  0.01%  78.4 3500s
  3186   628 1406542.34   43  165 1406478.07 1406656.17  0.01%  78.5 3505s
  3194   627 1406499.59   37  261 1406478.07 1406655.22  0.01%  78.5 3510s
  3207   630 1406564.93   40  187 1406478.07 1406651.10  0.01%  78.4 3515s
  3231   636 1406484.92   43   92 1406478.07 1406650.17  0.01%  78.1 3520s
  3242   633 1406575.04   36  211 1406478.07 1406648.59  0.01%  78.1 3525s
  3254   634 1406559.26   43  185 1406478.07 1406648.26  0.01%  78.0 3531s
  3271   632 1406559.01   37  186 1406478.07 1406647.87  0.01%  78.0 3537s
  3272   632 1406530.18   38  170 1406478.07 1406647.87  0.01%  78.0 3541s
  3273   633 1406513.06   39  104 1406478.07 1406647.87  0.01%  78.0 3551s
  3283   631 1406601.57   40  230 1406478.07 1406647.55  0.01%  78.0 3555s
  3298   634 1406518.58   43  179 1406478.07 1406647.22  0.01%  77.8 3561s
  3306   636 1406579.63   41  210 1406478.07 1406646.90  0.01%  77.8 3565s
  3316   640 1406486.57   45  180 1406478.07 1406646.90  0.01%  77.9 3570s
  3325   637 1406614.12   36  272 1406478.07 1406646.06  0.01%  77.9 3576s
  3329   640 1406569.20   40  207 1406478.07 1406646.06  0.01%  77.9 3580s
  3341   640 1406590.28   40  195 1406478.07 1406645.96  0.01%  77.9 3585s
  3343   641 1406542.21   42  191 1406478.07 1406645.96  0.01%  77.9 3591s
  3352   642 1406619.75   38  180 1406478.07 1406645.67  0.01%  77.8 3596s
  3369   650     cutoff   51      1406478.07 1406645.67  0.01%  77.6 3600s
  3380   649 1406581.41   38  190 1406478.07 1406644.54  0.01%  77.6 3605s
  3390   651 1406564.21   37  212 1406478.07 1406644.41  0.01%  77.6 3611s
  3398   651 1406578.06   42  248 1406478.07 1406644.36  0.01%  77.6 3615s
  3405   651 1406506.60   44  179 1406478.07 1406644.36  0.01%  77.5 3620s
  3415   654 1406492.49   47  165 1406478.07 1406644.36  0.01%  77.5 3625s
  3434   649 1406571.91   36  261 1406478.07 1406644.19  0.01%  77.4 3631s
  3435   649 1406548.42   37  202 1406478.07 1406644.19  0.01%  77.4 3635s
  3443   649 1406527.87   35  284 1406478.07 1406643.80  0.01%  77.5 3640s
  3454   647 1406575.64   42  260 1406478.07 1406643.60  0.01%  77.5 3647s
  3460   653 1406499.92   48  203 1406478.07 1406643.60  0.01%  77.5 3650s
  3481   650     cutoff   42      1406478.07 1406643.17  0.01%  77.3 3655s
  3486   651 1406530.19   43  141 1406478.07 1406642.84  0.01%  77.2 3660s
  3502   651 1406539.19   42  258 1406478.07 1406641.79  0.01%  77.2 3666s
  3511   652 1406551.72   38  162 1406478.07 1406641.65  0.01%  77.2 3678s
  3512   653 1406536.12   39  140 1406478.07 1406641.65  0.01%  77.2 3683s
  3517   653     cutoff   43      1406478.07 1406641.65  0.01%  77.1 3685s
  3532   652 1406510.45   41  237 1406478.07 1406641.48  0.01%  77.0 3692s
  3540   652 1406499.20   40  201 1406478.07 1406640.48  0.01%  77.0 3695s
  3546   650 1406616.43   37  185 1406478.07 1406639.11  0.01%  76.9 3700s
  3557   654 1406615.97   34  242 1406478.07 1406638.69  0.01%  76.9 3705s
  3563   660 1406502.72   40  168 1406478.07 1406638.69  0.01%  76.9 3710s
  3570   655 1406593.41   35  249 1406478.07 1406637.75  0.01%  76.9 3715s
  3583   654 1406543.09   34  269 1406478.07 1406637.70  0.01%  76.8 3720s
  3598   651     cutoff   38      1406478.07 1406635.88  0.01%  76.7 3726s
  3603   649     cutoff   40      1406478.07 1406635.56  0.01%  76.8 3730s
  3613   649 1406579.59   38  185 1406478.07 1406634.02  0.01%  76.7 3735s
  3625   652 1406536.05   43  180 1406478.07 1406633.95  0.01%  76.7 3741s
  3633   650     cutoff   41      1406478.07 1406633.87  0.01%  76.6 3745s
  3649   648 1406591.01   36  276 1406478.07 1406633.04  0.01%  76.6 3752s
  3653   652 1406534.43   40  178 1406478.07 1406633.04  0.01%  76.6 3755s
  3669   652     cutoff   43      1406478.07 1406632.77  0.01%  76.5 3760s
  3678   650 1406552.56   36  220 1406478.07 1406632.54  0.01%  76.5 3767s
  3683   653     cutoff   41      1406478.07 1406632.54  0.01%  76.4 3770s
  3699   653     cutoff   45      1406478.07 1406631.62  0.01%  76.3 3775s
  3708   654     cutoff   36      1406478.07 1406630.74  0.01%  76.2 3780s
  3714   652 1406526.41   37  226 1406478.07 1406630.67  0.01%  76.3 3786s
  3722   650 1406540.40   39  178 1406478.07 1406629.80  0.01%  76.3 3790s
  3732   650 1406563.24   40  160 1406478.07 1406628.28  0.01%  76.3 3795s
  3742   652 1406517.77   36  248 1406478.07 1406628.22  0.01%  76.3 3803s
  3749   652 1406557.85   40  200 1406478.07 1406627.70  0.01%  76.3 3806s
  3763   650 1406484.37   38  147 1406478.07 1406627.36  0.01%  76.2 3821s
  3773   648 1406571.05   41  262 1406478.07 1406626.59  0.01%  76.2 3825s
  3787   648     cutoff   45      1406478.07 1406626.59  0.01%  76.2 3830s
  3791   645 1406569.21   41  226 1406478.07 1406625.74  0.01%  76.2 3836s
  3805   647 1406567.38   35  244 1406478.07 1406625.68  0.01%  76.1 3840s
  3819   649     cutoff   41      1406478.07 1406625.59  0.01%  76.0 3845s
  3826   643 1406538.97   43  212 1406478.07 1406624.12  0.01%  76.0 3851s
  3847   646     cutoff   41      1406478.07 1406623.21  0.01%  75.8 3855s
  3858   645 1406555.79   39  223 1406478.07 1406621.68  0.01%  75.8 3860s
  3872   646 1406530.82   38  256 1406478.07 1406620.94  0.01%  75.7 3866s
  3880   646 1406513.95   36  265 1406478.07 1406620.78  0.01%  75.7 3870s
  3895   646     cutoff   47      1406478.07 1406620.32  0.01%  75.6 3875s
  3908   644 1406529.04   36  309 1406478.07 1406619.76  0.01%  75.5 3880s
  3913   642 1406596.61   35  235 1406478.07 1406619.68  0.01%  75.5 3885s
  3933   645 1406564.22   39  170 1406478.07 1406619.46  0.01%  75.3 3891s
  3953   644 1406480.22   49   87 1406478.07 1406619.46  0.01%  75.1 3895s
  3959   643 1406509.53   37  181 1406478.07 1406619.24  0.01%  75.2 3900s
  3969   641 1406543.04   37  194 1406478.07 1406618.83  0.01%  75.2 3905s
  3979   642 1406520.32   39  167 1406478.07 1406618.79  0.01%  75.3 3911s
  3987   639 1406526.76   43  250 1406478.07 1406618.24  0.01%  75.3 3915s
  4003   636 1406575.15   32  316 1406478.07 1406617.67  0.01%  75.2 3922s
  4009   636 1406546.00   41  192 1406478.07 1406617.59  0.01%  75.2 3925s
  4029   634 1406533.21   36  271 1406478.07 1406617.48  0.01%  75.0 3933s
  4035   634 1406579.53   38  238 1406478.07 1406617.33  0.01%  75.0 3936s
  4045   632     cutoff   38      1406478.07 1406616.75  0.01%  75.0 3940s
  4055   632 1406540.62   40  154 1406478.07 1406615.70  0.01%  75.0 3945s
  4058   633 1406505.74   42  142 1406478.07 1406615.70  0.01%  75.0 3958s
  4067   631     cutoff   43      1406478.07 1406615.70  0.01%  74.9 3960s
  4074   630 1406500.82   40  181 1406478.07 1406615.05  0.01%  75.0 3965s
  4077   628 1406558.92   35  230 1406478.07 1406614.95  0.01%  75.0 3970s
  4087   627 1406588.70   39  186 1406478.07 1406614.59  0.01%  74.9 3975s
  4100   632 1406502.10   41  147 1406478.07 1406614.36  0.01%  74.9 3980s
  4114   630     cutoff   49      1406478.07 1406614.21  0.01%  74.8 3985s
  4128   630 1406499.85   43  178 1406478.07 1406612.71  0.01%  74.7 3990s
  4140   624 1406507.58   39  176 1406478.07 1406611.29  0.01%  74.8 3997s
  4149   625 1406536.24   40  151 1406478.07 1406611.13  0.01%  74.7 4000s
  4165   628     cutoff   41      1406478.07 1406610.93  0.01%  74.6 4005s
  4174   628     cutoff   44      1406478.07 1406610.75  0.01%  74.6 4010s
  4184   624 1406517.80   39  136 1406478.07 1406609.99  0.01%  74.6 4015s
  4192   623 1406532.61   34  304 1406478.07 1406609.83  0.01%  74.6 4020s
  4204   626 1406492.31   48  113 1406478.07 1406609.48  0.01%  74.5 4025s
  4221   625 1406500.79   39  165 1406478.07 1406608.82  0.01%  74.4 4030s
  4229   622 1406586.07   34  265 1406478.07 1406607.70  0.01%  74.3 4035s
  4246   622     cutoff   36      1406478.07 1406607.58  0.01%  74.2 4040s
  4262   623 1406562.92   39  178 1406478.07 1406607.23  0.01%  74.0 4045s
  4277   622 1406517.13   34  266 1406478.07 1406606.92  0.01%  74.0 4050s
  4287   619     cutoff   36      1406478.07 1406606.35  0.01%  74.0 4055s
  4299   622 1406525.63   42  176 1406478.07 1406605.29  0.01%  74.0 4060s
  4325   616     cutoff   41      1406478.07 1406604.40  0.01%  73.8 4065s
  4336   618 1406481.56   41  144 1406478.07 1406603.68  0.01%  73.8 4071s
  4354   616     cutoff   36      1406478.07 1406603.21  0.01%  73.7 4075s
  4369   615 1406554.69   43  250 1406478.07 1406601.57  0.01%  73.6 4080s
  4386   609     cutoff   37      1406478.07 1406600.35  0.01%  73.7 4086s
  4396   612 1406548.74   43  179 1406478.07 1406599.90  0.01%  73.7 4090s
  4417   609 1406598.22   44  184 1406478.07 1406598.94  0.01%  73.6 4114s
  4418   609 1406564.79   45  165 1406478.07 1406598.94  0.01%  73.7 4115s
  4434   605     cutoff   33      1406478.07 1406596.38  0.01%  73.7 4120s
  4448   601 1406505.04   38  178 1406478.07 1406594.76  0.01%  73.8 4125s
  4459   598 1406506.32   38  178 1406478.07 1406593.81  0.01%  73.9 4130s
  4476   593     cutoff   34      1406478.07 1406593.06  0.01%  73.8 4135s
  4498   592     cutoff   37      1406478.07 1406591.98  0.01%  73.8 4140s
  4509   592 1406504.74   40  186 1406478.07 1406590.72  0.01%  73.8 4145s
  4525   590 1406484.80   35  203 1406478.07 1406590.30  0.01%  73.8 4150s
  4536   589 1406493.96   40  144 1406478.07 1406590.18  0.01%  73.8 4155s
  4551   588 1406551.29   40  205 1406478.07 1406589.92  0.01%  73.8 4161s
  4565   585     cutoff   36      1406478.07 1406589.26  0.01%  73.7 4165s
  4582   586 1406523.26   35  221 1406478.07 1406588.62  0.01%  73.7 4171s
  4594   580 1406511.16   42  154 1406478.07 1406587.82  0.01%  73.8 4175s
  4611   575 1406525.27   38  167 1406478.07 1406587.35  0.01%  73.8 4180s
  4631   568     cutoff   42      1406478.07 1406587.00  0.01%  73.8 4185s
  4644   567 1406493.01   45  126 1406478.07 1406586.36  0.01%  73.8 4190s
  4663   563     cutoff   44      1406478.07 1406585.98  0.01%  73.7 4195s
  4684   568 1406540.42   41  159 1406478.07 1406584.38  0.01%  73.6 4200s
  4702   564     cutoff   42      1406478.07 1406583.31  0.01%  73.5 4205s
  4711   560 1406513.84   40  180 1406478.07 1406581.91  0.01%  73.6 4210s
  4719   560 1406506.43   37  204 1406478.07 1406581.75  0.01%  73.6 4215s
  4740   555     cutoff   39      1406478.07 1406579.75  0.01%  73.4 4220s
  4749   552 1406489.73   40  176 1406478.07 1406579.55  0.01%  73.5 4225s
  4757   550     cutoff   40      1406478.07 1406579.52  0.01%  73.5 4230s
  4774   543 1406510.01   43  187 1406478.07 1406578.51  0.01%  73.4 4235s
  4784   538 1406496.35   39  179 1406478.07 1406576.98  0.01%  73.4 4240s
  4801   535 1406480.83   35  200 1406478.07 1406576.42  0.01%  73.3 4246s
  4813   535 1406501.58   46  146 1406478.07 1406575.89  0.01%  73.3 4250s
  4830   524     cutoff   42      1406478.07 1406574.79  0.01%  73.2 4255s
  4841   520 1406556.41   38  198 1406478.07 1406573.33  0.01%  73.2 4260s
  4851   516     cutoff   36      1406478.07 1406572.68  0.01%  73.3 4265s
  4859   512 1406528.88   41  174 1406478.07 1406571.88  0.01%  73.3 4270s
  4880   510 1406488.33   38  165 1406478.07 1406571.36  0.01%  73.2 4275s
  4893   501 1406489.05   43  107 1406478.07 1406570.27  0.01%  73.1 4280s
  4911   496 1406490.74   46  110 1406478.07 1406568.75  0.01%  73.1 4285s
  4923   488     cutoff   41      1406478.07 1406568.08  0.01%  73.1 4290s
  4938   477 1406533.77   38  191 1406478.07 1406566.43  0.01%  73.1 4295s
  4950   477 1406485.90   41  132 1406478.07 1406566.15  0.01%  73.0 4300s
  4968   464     cutoff   38      1406478.07 1406565.07  0.01%  72.9 4305s
  4979   461 1406490.00   43  165 1406478.07 1406564.33  0.01%  73.0 4310s
  4991   449     cutoff   40      1406478.07 1406562.90  0.01%  72.9 4315s
  5000   442 1406529.34   37  179 1406478.07 1406561.31  0.01%  72.9 4320s
  5014   432     cutoff   42      1406478.07 1406560.24  0.01%  72.9 4325s
  5031   429 1406482.77   35  172 1406478.07 1406559.41  0.01%  72.8 4331s
  5047   421     cutoff   42      1406478.07 1406558.67  0.01%  72.7 4335s
  5059   416 1406516.02   38  189 1406478.07 1406558.19  0.01%  72.8 4341s
  5074   407     cutoff   37      1406478.07 1406557.45  0.01%  72.7 4345s
  5085   402 1406500.89   39  175 1406478.07 1406555.85  0.01%  72.7 4350s
  5098   393 1406494.49   41  173 1406478.07 1406554.25  0.01%  72.7 4355s
  5117   378 1406503.99   40  181 1406478.07 1406552.82  0.01%  72.6 4361s
  5129   373 1406480.45   46   92 1406478.07 1406551.60  0.01%  72.5 4365s
  5143   366 1406486.52   39  186 1406478.07 1406551.28  0.01%  72.5 4370s
  5161   357     cutoff   38      1406478.07 1406550.52  0.01%  72.4 4375s
  5173   350     cutoff   49      1406478.07 1406550.10  0.01%  72.3 4380s
  5189   338     cutoff   50      1406478.07 1406548.20  0.00%  72.3 4385s
  5204   332     cutoff   42      1406478.07 1406547.52  0.00%  72.2 4390s
  5224   326     cutoff   35      1406478.07 1406546.12  0.00%  72.1 4395s
  5234   322     cutoff   47      1406478.07 1406545.73  0.00%  72.1 4400s
  5249   315 1406512.85   41  198 1406478.07 1406544.39  0.00%  72.0 4405s
  5260   312 1406485.95   44   86 1406478.07 1406544.04  0.00%  72.0 4415s
  5277   297 1406508.42   46  123 1406478.07 1406542.50  0.00%  71.9 4420s
  5296   290     cutoff   44      1406478.07 1406541.24  0.00%  71.8 4425s
  5315   273 1406502.44   42  165 1406478.07 1406538.80  0.00%  71.6 4430s
  5337   267     cutoff   38      1406478.07 1406538.11  0.00%  71.4 4435s
  5348   257     cutoff   43      1406478.07 1406537.15  0.00%  71.4 4440s
  5368   243     cutoff   46      1406478.07 1406535.50  0.00%  71.3 4445s
  5387   224     cutoff   44      1406478.07 1406533.00  0.00%  71.2 4450s
  5404   209 1406500.50   44   73 1406478.07 1406529.73  0.00%  71.1 4455s
  5428   204     cutoff   44      1406478.07 1406529.26  0.00%  70.9 4460s
  5445   189     cutoff   44      1406478.07 1406525.92  0.00%  70.8 4465s
  5464   170     cutoff   39      1406478.07 1406523.45  0.00%  70.7 4470s
  5481   153     cutoff   40      1406478.07 1406521.44  0.00%  70.5 4475s
  5496   141     cutoff   35      1406478.07 1406519.40  0.00%  70.4 4480s
  5518   122 1406479.74   45   88 1406478.07 1406516.08  0.00%  70.3 4486s
  5536   110     cutoff   42      1406478.07 1406513.91  0.00%  70.1 4490s
  5553    95 1406498.39   45  168 1406478.07 1406510.84  0.00%  70.0 4495s
  5578    70     cutoff   41      1406478.07 1406503.71  0.00%  69.7 4500s
  5604    44     cutoff   45      1406478.07 1406493.49  0.00%  69.5 4505s
  5628    20     cutoff   43      1406478.07 1406485.81  0.00%  69.3 4510s

Cutting planes:
  Gomory: 56
  Lift-and-project: 42
  Implied bound: 11
  MIR: 352
  Mixing: 5
  Flow cover: 1561
  RLT: 51
  Lazy constraints: 207

Explored 5649 nodes (395791 simplex iterations) in 4513.38 seconds (3026.23 work units)
Thread count was 1 (of 52 available processors)

Solution count 8: 1.40648e+06 1.40646e+06 1.40046e+06 ... -5.00371e+15

Optimal solution found (tolerance 0.00e+00)
Best objective 1.406478071229e+06, best bound 1.406478071229e+06, gap 0.0000%

User-callback calls 221673, time in user-callback 5.49 sec

Total CPU time: 4513.38 sec
Termination status: OPTIMAL
Percentage optimality gap: 0.00 %
Number of explored nodes: 5649
Objective value of the returned solution: 1406478.071229
The LP relaxation bound at the root node: 1482953.821596
Optimal facility locations: [7, 25, 32, 33, 39, 40, 46, 47, 49, 52, 63, 69, 78, 100, 104, 108, 112, 114, 121, 122, 123, 130, 140, 147, 151, 155, 161, 164, 169, 173, 177, 187, 189, 194, 196, 202, 205, 207, 208, 210, 224, 228, 233, 236, 247, 249, 251, 258, 260, 261, 263, 275, 284, 288, 289, 294, 310, 319, 320, 323, 324, 330, 334, 338, 341, 344, 350, 351, 352, 363, 367, 369, 385, 402, 406, 414, 431, 447, 448, 450, 452, 456, 457, 466, 472, 477, 480, 485, 486, 492, 507, 508, 514, 515, 522, 524, 526, 538, 557, 563, 584, 586, 588, 592, 594, 596, 599, 600, 601, 603, 608, 616, 624, 629, 630, 633, 641, 659, 668, 675, 686, 689, 699, 701, 703, 709, 718, 728, 732, 736, 739, 744, 746, 750, 757, 761, 766, 773, 785, 789, 791, 802, 806, 807, 813, 819, 822, 839, 841, 848, 853, 856, 857, 861, 872, 880, 881, 882, 889, 893, 895, 903, 922, 923, 929, 939, 946, 948, 949, 954, 960, 961, 968, 971, 985, 988, 989, 992, 994, 999, 1000]

@end of file
