Set parameter TimeLimit to value 7200
Setting GBD: A two-stage implementation of the stage-of-the-art generalized Benders decomposition (GBD) approach proposed by Lin & Tian (2021).

----------------- start of the first stage -----------------

Iter     Best Incumbent      BestBound     Gap      Time  #VioCuts
1                 0.000    2075119.061   100.0       1.4      4999
2            452772.380    2039753.377    77.8       4.1      4998
3           1192637.292    1963522.137    39.3      14.6      4872
4           1263310.015    1876401.000    32.7      29.7      3955
5           1263310.015    1835900.398    31.2      42.7      1756
6           1263310.015    1829159.684    30.9      47.8       802
7           1263310.015    1827387.141    30.9      50.9       272
8           1263310.015    1826984.841    30.9      53.5       115
9           1263310.015    1826848.944    30.8      55.7        58
10          1263310.015    1826738.634    30.8      57.7        20
11          1263310.015    1826684.148    30.8      59.7         1
12          1263310.015    1826684.041    30.8      61.6         0

CPU time spent in the first stage: 96.05 sec
Upper bound returned at the end of the first stage: 1826684.041275
Objective value of the optimal solution or the best incumbent at the end of the first stage: 1263310.014685
Number of cuts added at the end of the first stage for the initialization of the relaxed MILP problem: 5364
Termination status of the first stage: LP Optimal

------------------ end of the first stage ------------------


----------------- start of the second stage ----------------

Gurobi Optimizer version 11.0.1 build v11.0.1rc0 (linux64 - "CentOS Linux 7 (Core)")

CPU model: Intel(R) Xeon(R) Gold 6230R CPU @ 2.10GHz, instruction set [SSE2|AVX|AVX2|AVX512]
Thread count: 52 physical cores, 52 logical processors, using up to 1 threads


Warning: excessive time spent in model updates.
Consider calling update less frequently.

Optimize a model with 10368 rows, 5300 columns and 50350 nonzeros
Model fingerprint: 0x1837edcc
Variable types: 5000 continuous, 300 integer (0 binary)
Coefficient statistics:
  Matrix range     [1e-10, 2e+03]
  Objective range  [1e+01, 2e+03]
  Bounds range     [1e+00, 1e+00]
  RHS range        [8e-06, 3e+06]
Warning: Model contains large matrix coefficient range
         Consider reformulating model or setting NumericFocus parameter
         to avoid numerical issues.

Loaded user MIP start with objective 1.26331e+06

Presolve removed 5003 rows and 0 columns
Presolve time: 0.17s
Presolved: 5365 rows, 5300 columns, 29443 nonzeros
Variable types: 5000 continuous, 300 integer (300 binary)

Root relaxation: objective 1.810916e+06, 371 iterations, 0.04 seconds (0.03 work units)

    Nodes    |    Current Node    |     Objective Bounds      |     Work
 Expl Unexpl |  Obj  Depth IntInf | Incumbent    BestBd   Gap | It/Node Time

     0     0 1810916.05    0   57 1263310.01 1810916.05  43.3%     -    1s
H    0     0                    1542516.3314 1810916.05  17.4%     -    1s
     0     0 1786157.79    0  143 1542516.33 1786157.79  15.8%     -    1s
     0     2 1786151.23    0  143 1542516.33 1786151.23  15.8%     -    2s
     5     7 1751184.75    3  236 1542516.33 1768179.90  14.6%  1874    5s
    73    75 1732567.88   58  148 1542516.33 1768179.90  14.6%   297   10s
H   81    81                    1712726.9322 1768179.90  3.24%   274   10s
H  193   193                    1716798.8858 1768179.90  2.99%   132   12s
H  194   193                    1716843.0136 1768179.90  2.99%   131   12s
H  195   193                    1716907.8758 1768179.90  2.99%   131   12s
*  196   194             176    1716934.0863 1768179.90  2.98%   130   12s
   257   251 1733073.15   54  139 1716934.09 1768079.00  2.98%   131   15s
*  370   341             162    1717205.2712 1768079.00  2.96%   102   17s
   432   393 1735075.69   55  140 1717205.27 1768069.82  2.96%   105   20s
   523   483 1739311.47   42  143 1717205.27 1768069.82  2.96%  93.5   28s
   525   484 1722913.52  109  224 1717205.27 1739659.92  1.31%  93.1   39s
   526   485 1733233.66   51  235 1717205.27 1733233.66  0.93%  92.9   43s
   529   487 1731550.13   14  216 1717205.27 1731550.13  0.84%  92.4   48s
   530   488 1730650.16   45  200 1717205.27 1730650.16  0.78%  92.2   52s
   532   489 1725976.65   86  219 1717205.27 1730534.64  0.78%  91.9   57s
   533   490 1730216.66   64  225 1717205.27 1730216.66  0.76%  91.7   60s
   538   493 1729449.48   18  223 1717205.27 1729449.48  0.71%  90.8   65s
   540   496 1729393.11   12  216 1717205.27 1729449.48  0.71%   119   71s
   546   500 1729222.72   15  209 1717205.27 1729319.03  0.71%   119   75s
   560   510 1728436.34   22  173 1717205.27 1729319.03  0.71%   119   80s
   580   523 1727951.44   32  141 1717205.27 1729319.03  0.71%   118   85s
   612   544 1727167.15   48  112 1717205.27 1729319.03  0.71%   115   90s
H  674   517                    1726694.6891 1729319.03  0.15%   108   92s
   681   510 1729127.72   15  209 1726694.69 1729316.79  0.15%   108   95s
   729   542 1727483.06   39  130 1726694.69 1729316.79  0.15%   108  100s
H  782   503                    1727210.6466 1729316.79  0.12%   105  102s
   830   526 1727797.06   34  139 1727210.65 1729316.28  0.12%   104  105s
H  863   501                    1727306.0952 1729316.28  0.12%   102  106s
   869   498 1729122.66   13  214 1727306.10 1729247.65  0.11%   103  110s
   992   549 1727424.88   77   12 1727306.10 1729247.65  0.11%  98.3  115s
* 1004   477              83    1727424.4205 1729247.65  0.11%  97.2  115s
H 1124   441                    1727535.9498 1729244.90  0.10%  92.5  119s
* 1126   419              78    1727536.0971 1729244.90  0.10%  92.3  119s
  1128   418 1728908.22   14  219 1727536.10 1729207.91  0.10%  92.9  120s
  1201   448 1727685.91   30  150 1727536.10 1728927.30  0.08%  93.1  125s
  1330   479 1727995.05   19  198 1727536.10 1728777.00  0.07%  91.9  130s
  1392   492 1728370.02   17  206 1727536.10 1728731.09  0.07%  91.9  135s
  1470   513     cutoff   28      1727536.10 1728727.81  0.07%  92.2  140s
  1562   530 1728564.69   18  200 1727536.10 1728671.08  0.07%  91.6  146s
  1634   539 1727725.91   29  149 1727536.10 1728598.56  0.06%  92.0  150s
  1710   568 1728544.39   20  158 1727536.10 1728581.04  0.06%  91.3  155s
  1827   638 1727574.21   28  114 1727536.10 1728571.99  0.06%  91.2  160s
  1923   679 1727631.61   26  152 1727536.10 1728551.79  0.06%  91.0  165s
  1999   708 1728021.03   24  187 1727536.10 1728539.48  0.06%  91.2  170s
  2099   741 1727679.48   28  157 1727536.10 1728520.04  0.06%  90.9  175s
  2167   770 1727803.30   32  137 1727536.10 1728513.89  0.06%  91.4  180s
  2282   823 1727776.74   26  130 1727536.10 1728491.64  0.06%  90.5  185s
  2383   870 1728263.65   20  164 1727536.10 1728477.29  0.05%  90.2  190s
  2481   920 1727849.19   25  155 1727536.10 1728454.04  0.05%  90.0  195s
  2601   970 1728169.95   24  153 1727536.10 1728435.29  0.05%  90.0  200s
  2716  1019 1727779.35   19  169 1727536.10 1728420.07  0.05%  89.9  205s
  2829  1059 1727631.10   23  144 1727536.10 1728409.04  0.05%  89.6  210s
  2957  1089 1728229.24   26  176 1727536.10 1728392.50  0.05%  89.4  215s
  3086  1156 1727665.57   25  143 1727536.10 1728387.81  0.05%  88.6  220s
  3212  1202 1728061.53   23  182 1727536.10 1728356.19  0.05%  88.2  225s
  3322  1253 1727619.45   22  154 1727536.10 1728345.10  0.05%  87.9  230s
  3396  1274 1727973.85   30  147 1727536.10 1728341.87  0.05%  88.1  235s
  3497  1315 1727698.81   27  154 1727536.10 1728338.60  0.05%  87.9  240s
  3608  1348 1727954.41   27  148 1727536.10 1728326.43  0.05%  87.5  245s
  3715  1380 1728000.18   27  145 1727536.10 1728315.68  0.05%  87.1  250s
  3818  1411 1727982.96   26  177 1727536.10 1728305.38  0.04%  87.0  255s
  3905  1440 1727934.85   21  200 1727536.10 1728298.56  0.04%  87.0  260s
  4001  1460 1727553.06   35  114 1727536.10 1728289.63  0.04%  87.1  265s
  4130  1495 1728044.16   25  147 1727536.10 1728279.76  0.04%  87.1  270s
  4237  1516 1727734.04   24  140 1727536.10 1728273.90  0.04%  87.4  275s
  4340  1538 1727553.54   27  120 1727536.10 1728266.19  0.04%  87.7  280s
  4473  1586 1728087.72   24  166 1727536.10 1728254.03  0.04%  87.3  285s
  4574  1617 1727645.35   27  138 1727536.10 1728245.89  0.04%  87.4  290s
  4683  1642 1727807.84   25  161 1727536.10 1728239.79  0.04%  87.3  295s
  4796  1699 1727648.47   26  159 1727536.10 1728234.76  0.04%  87.1  300s
  4912  1728     cutoff   26      1727536.10 1728231.69  0.04%  87.0  305s
  4992  1748 1727575.57   39   91 1727536.10 1728225.05  0.04%  87.2  310s
  5090  1766 1727592.71   27  155 1727536.10 1728218.45  0.04%  87.3  315s
  5187  1792 1727816.96   33  125 1727536.10 1728214.01  0.04%  87.4  320s
  5287  1814     cutoff   30      1727536.10 1728207.91  0.04%  87.5  325s
  5400  1857     cutoff   29      1727536.10 1728202.41  0.04%  87.2  330s
  5505  1896 1727950.48   23  170 1727536.10 1728195.30  0.04%  87.0  335s
  5633  1917 1727883.52   29  132 1727536.10 1728192.31  0.04%  86.6  340s
  5746  1955     cutoff   32      1727536.10 1728187.84  0.04%  86.3  345s
  5856  1981 1727542.79   28  117 1727536.10 1728179.23  0.04%  86.4  350s
  5967  2001 1728057.70   29  160 1727536.10 1728172.44  0.04%  86.3  355s
  6095  2047 1727869.26   27  142 1727536.10 1728162.62  0.04%  86.1  360s
H 6170  2068                    1727570.1109 1728162.44  0.03%  85.7  362s
  6241  2075     cutoff   32      1727570.11 1728159.47  0.03%  85.5  365s
  6358  2097     cutoff   35      1727570.11 1728156.15  0.03%  85.6  370s
  6494  2126 1727885.52   22  186 1727570.11 1728147.25  0.03%  85.5  375s
  6626  2148 1727762.08   25  143 1727570.11 1728139.66  0.03%  85.2  380s
  6769  2208 1727642.63   44   85 1727570.11 1728136.93  0.03%  85.0  385s
  6898  2224 1727873.63   29  165 1727570.11 1728132.08  0.03%  85.0  390s
  7014  2250 1727796.15   29  132 1727570.11 1728124.72  0.03%  85.0  395s
  7101  2261 1727751.10   24  171 1727570.11 1728119.13  0.03%  85.1  400s
  7217  2276 1727605.61   29  139 1727570.11 1728114.29  0.03%  85.1  405s
  7342  2313 1727672.80   28  146 1727570.11 1728110.81  0.03%  84.9  410s
  7460  2327     cutoff   23      1727570.11 1728106.98  0.03%  84.8  415s
  7570  2336     cutoff   18      1727570.11 1728100.25  0.03%  84.9  420s
  7662  2341 1727940.71   36  124 1727570.11 1728096.31  0.03%  85.0  425s
  7779  2384 1727745.48   25  157 1727570.11 1728092.83  0.03%  84.8  430s
  7903  2403 1727879.40   25  173 1727570.11 1728089.14  0.03%  84.6  435s
  8024  2411 1727919.26   26  174 1727570.11 1728084.85  0.03%  84.5  440s
  8145  2434 1727626.90   29  141 1727570.11 1728080.00  0.03%  84.5  445s
  8281  2439     cutoff   32      1727570.11 1728075.98  0.03%  84.4  450s
  8399  2444     cutoff   32      1727570.11 1728073.28  0.03%  84.4  455s
  8524  2459 1727849.21   26  150 1727570.11 1728069.55  0.03%  84.4  460s
  8653  2496 1727756.93   21  176 1727570.11 1728065.43  0.03%  84.3  465s
  8773  2517 1727623.52   31  130 1727570.11 1728061.03  0.03%  84.3  470s
  8917  2527 1727739.46   23  156 1727570.11 1728056.08  0.03%  84.2  475s
  9046  2544 1727734.24   24  169 1727570.11 1728051.44  0.03%  84.1  480s
  9168  2555 1727911.29   31  143 1727570.11 1728047.04  0.03%  84.1  485s
  9293  2566 1727654.34   23  157 1727570.11 1728043.11  0.03%  84.1  490s
  9429  2565 1727817.39   22  188 1727570.11 1728040.02  0.03%  84.0  495s
  9553  2575 1727689.70   33  147 1727570.11 1728037.16  0.03%  83.9  500s
  9675  2595 1727849.90   25  151 1727570.11 1728034.59  0.03%  83.8  505s
  9773  2605 1727781.86   24  132 1727570.11 1728030.35  0.03%  84.0  510s
  9879  2608 1727662.72   22  161 1727570.11 1728026.06  0.03%  83.9  515s
  9987  2618 1727682.32   37  112 1727570.11 1728024.21  0.03%  84.0  520s
 10105  2629 1727758.54   28  156 1727570.11 1728020.18  0.03%  83.8  525s
 10221  2637 1727689.32   32  124 1727570.11 1728015.30  0.03%  83.8  530s
 10348  2637 1727863.20   23  151 1727570.11 1728010.58  0.03%  83.9  535s
 10457  2641 1727656.19   23  168 1727570.11 1728005.31  0.03%  83.8  540s
 10579  2670     cutoff   24      1727570.11 1728002.08  0.03%  83.8  545s
 10708  2673 1727745.98   34  139 1727570.11 1727999.12  0.02%  83.8  550s
 10844  2691     cutoff   40      1727570.11 1727993.02  0.02%  83.7  555s
 10964  2695 1727692.17   21  159 1727570.11 1727989.67  0.02%  83.7  560s
 11080  2699 1727574.44   27  138 1727570.11 1727986.30  0.02%  83.6  565s
 11208  2726 1727760.50   26  139 1727570.11 1727981.61  0.02%  83.6  570s
 11334  2726 1727598.45   31  107 1727570.11 1727979.02  0.02%  83.6  575s
 11459  2731 1727588.19   35  119 1727570.11 1727976.48  0.02%  83.6  580s
 11576  2716     cutoff   25      1727570.11 1727973.18  0.02%  83.8  585s
 11705  2736 1727636.45   32  106 1727570.11 1727969.55  0.02%  83.7  590s
 11829  2737 1727877.78   24  177 1727570.11 1727966.04  0.02%  83.8  595s
 11971  2739     cutoff   23      1727570.11 1727962.87  0.02%  83.7  600s
 12078  2733 1727658.24   21  161 1727570.11 1727958.56  0.02%  83.8  605s
 12201  2729 1727646.86   32  151 1727570.11 1727956.00  0.02%  83.8  610s
 12310  2729 1727643.40   25  140 1727570.11 1727949.82  0.02%  83.9  615s
 12420  2728 1727578.24   40   85 1727570.11 1727945.70  0.02%  83.9  620s
 12535  2726 1727601.12   34  120 1727570.11 1727942.18  0.02%  83.9  625s
 12666  2732 1727785.43   37  113 1727570.11 1727939.51  0.02%  83.9  630s
 12771  2740 1727588.11   31  117 1727570.11 1727936.35  0.02%  83.9  635s
 12872  2730 1727600.90   29  113 1727570.11 1727932.15  0.02%  84.0  640s
 12975  2725 1727588.53   36   95 1727570.11 1727928.25  0.02%  84.1  645s
 13077  2727     cutoff   29      1727570.11 1727925.93  0.02%  84.1  650s
 13199  2736 1727659.86   26  161 1727570.11 1727922.78  0.02%  84.1  655s
 13319  2728 1727648.43   32  126 1727570.11 1727920.70  0.02%  84.1  660s
 13438  2720 1727811.40   24  173 1727570.11 1727918.62  0.02%  84.2  665s
 13584  2719 1727595.59   39  115 1727570.11 1727914.62  0.02%  84.1  670s
 13713  2721     cutoff   25      1727570.11 1727911.14  0.02%  84.1  675s
 13833  2703 1727604.39   25  151 1727570.11 1727907.71  0.02%  84.3  680s
 13975  2719 1727665.82   34  134 1727570.11 1727905.92  0.02%  84.1  685s
 14113  2724     cutoff   36      1727570.11 1727901.28  0.02%  84.1  690s
 14229  2716 1727586.34   32  126 1727570.11 1727897.34  0.02%  84.1  695s
 14342  2709 1727582.28   39   97 1727570.11 1727894.93  0.02%  84.2  700s
 14465  2697     cutoff   30      1727570.11 1727892.40  0.02%  84.2  705s
H14556  2680                    1727574.9557 1727890.70  0.02%  84.2  711s
 14636  2671 1727616.61   25  147 1727574.96 1727888.89  0.02%  84.3  715s
 14773  2666 1727586.63   32  106 1727574.96 1727885.38  0.02%  84.3  720s
 14904  2665 1727655.22   35  118 1727574.96 1727881.79  0.02%  84.2  725s
 15005  2654 1727615.34   30  121 1727574.96 1727878.55  0.02%  84.2  730s
 15093  2647 1727687.57   22  164 1727574.96 1727876.88  0.02%  84.2  735s
 15210  2647 1727741.01   28  129 1727574.96 1727874.08  0.02%  84.2  740s
 15346  2648 1727600.14   23  155 1727574.96 1727870.97  0.02%  84.1  745s
 15484  2647     cutoff   35      1727574.96 1727868.37  0.02%  84.0  750s
 15610  2632 1727645.45   34  105 1727574.96 1727864.82  0.02%  84.0  755s
 15743  2625 1727587.48   30  137 1727574.96 1727861.58  0.02%  83.9  760s
 15867  2605 1727607.00   34  111 1727574.96 1727857.27  0.02%  83.9  765s
 15983  2589 1727711.99   27  152 1727574.96 1727854.52  0.02%  83.9  770s
 16101  2579 1727667.84   36   85 1727574.96 1727852.34  0.02%  84.0  775s
 16238  2565     cutoff   33      1727574.96 1727849.11  0.02%  83.9  780s
 16382  2565 1727603.71   29  130 1727574.96 1727847.39  0.02%  83.8  785s
 16536  2551 1727609.94   28  116 1727574.96 1727844.27  0.02%  83.7  790s
 16683  2550 1727674.56   29  141 1727574.96 1727840.97  0.02%  83.6  795s
 16818  2529     cutoff   33      1727574.96 1727838.44  0.02%  83.6  800s
 16953  2511 1727695.48   28  158 1727574.96 1727834.93  0.02%  83.6  805s
 17085  2513 1727645.77   49   76 1727574.96 1727832.61  0.01%  83.5  810s
 17232  2514 1727677.68   24  154 1727574.96 1727829.76  0.01%  83.4  815s
 17376  2492     cutoff   25      1727574.96 1727825.28  0.01%  83.3  820s
 17503  2473 1727598.87   29  131 1727574.96 1727822.27  0.01%  83.3  825s
 17633  2443     cutoff   31      1727574.96 1727818.66  0.01%  83.3  830s
H17661  2397                    1727590.1262 1727818.58  0.01%  83.2  831s
 17773  2376 1727649.34   24  148 1727590.13 1727816.41  0.01%  83.2  835s
 17925  2345 1727640.27   34  119 1727590.13 1727812.75  0.01%  83.2  840s
 18060  2305     cutoff   29      1727590.13 1727809.08  0.01%  83.0  845s
 18179  2264     cutoff   25      1727590.13 1727803.45  0.01%  83.1  850s
 18325  2231 1727710.53   26  126 1727590.13 1727799.86  0.01%  83.0  855s
 18449  2198 1727674.46   37  111 1727590.13 1727797.20  0.01%  83.0  860s
 18563  2159 1727607.51   26   80 1727590.13 1727793.47  0.01%  83.1  865s
 18696  2137 1727624.89   33  123 1727590.13 1727790.85  0.01%  83.0  870s
 18838  2105     cutoff   37      1727590.13 1727786.96  0.01%  82.9  875s
 18972  2080 1727599.18   50   64 1727590.13 1727783.91  0.01%  82.9  880s
 19093  2040     cutoff   25      1727590.13 1727780.63  0.01%  82.9  885s
 19213  1997 1727638.40   32  131 1727590.13 1727776.88  0.01%  82.9  890s
 19320  1954 1727600.71   34   65 1727590.13 1727773.72  0.01%  83.0  895s
 19445  1889     cutoff   26      1727590.13 1727768.81  0.01%  83.0  900s
 19569  1839 1727606.26   31  129 1727590.13 1727764.82  0.01%  83.1  905s
 19628  1809 1727653.18   29  119 1727590.13 1727762.13  0.01%  83.1  912s
 19699  1788     cutoff   30      1727590.13 1727760.52  0.01%  83.0  915s
 19837  1735     cutoff   32      1727590.13 1727755.91  0.01%  82.9  920s
 19963  1679 1727601.79   29  131 1727590.13 1727751.76  0.01%  82.9  925s
 20080  1635 1727633.34   42   79 1727590.13 1727748.27  0.01%  82.9  930s
 20228  1589     cutoff   27      1727590.13 1727744.92  0.01%  82.7  935s
 20365  1520 1727596.99   42   70 1727590.13 1727739.84  0.01%  82.7  940s
 20498  1442     cutoff   25      1727590.13 1727735.53  0.01%  82.7  945s
 20643  1388     cutoff   50      1727590.13 1727731.15  0.01%  82.6  950s
 20799  1326     cutoff   34      1727590.13 1727726.18  0.01%  82.4  955s
 20951  1233 1727600.47   38  102 1727590.13 1727719.97  0.01%  82.3  960s
 21089  1156     cutoff   36      1727590.13 1727715.03  0.01%  82.2  965s
 21253  1064 1727638.63   20  155 1727590.13 1727708.71  0.01%  82.0  970s
 21418   950     cutoff   38      1727590.13 1727700.96  0.01%  81.9  975s
 21582   840     cutoff   44      1727590.13 1727693.63  0.01%  81.7  980s
H21638   765                    1727601.8737 1727691.46  0.01%  81.6  981s
 21762   661     cutoff   34      1727601.87 1727684.15  0.00%  81.3  985s
 21959   472     cutoff   32      1727601.87 1727667.99  0.00%  80.9  990s
 22174   268 1727605.39   41   89 1727601.87 1727643.15  0.00%  80.4  995s
 22410    41     cutoff   33      1727601.87 1727610.56  0.00%  79.7 1000s

Cutting planes:
  Gomory: 45
  Lift-and-project: 5
  Implied bound: 72
  MIR: 880
  Flow cover: 2064
  RLT: 114
  Relax-and-lift: 25
  Lazy constraints: 882

Explored 22452 nodes (1788404 simplex iterations) in 1000.78 seconds (855.36 work units)
Thread count was 1 (of 52 available processors)

Solution count 10: 1.7276e+06 1.72759e+06 1.72757e+06 ... 1.71721e+06

Optimal solution found (tolerance 0.00e+00)
Best objective 1.727601873665e+06, best bound 1.727601873665e+06, gap 0.0000%

User-callback calls 127928, time in user-callback 1.47 sec

CPU time spent in the second stage: 1000.78 sec
The LP relaxation bound at the root node: 1786151.225329
Termination status of the second stage: OPTIMAL

------------------ end of the second stage -----------------

Total CPU time: 1062.47 sec
Percentage optimality gap: 0.00 %
CPU time spent in separating the cuts: 19.43 sec
Number of explored nodes: 22452
Objective value of the returned solution: 1727601.873665
Optimal facility locations: [1, 2, 4, 7, 11, 14, 20, 23, 24, 27, 28, 30, 31, 33, 37, 41, 42, 46, 54, 55, 58, 59, 62, 64, 67, 69, 70, 72, 74, 77, 78, 80, 82, 85, 86, 88, 92, 97, 100, 103, 104, 110, 111, 114, 115, 120, 122, 123, 134, 135, 136, 137, 138, 139, 141, 142, 148, 150, 158, 159, 161, 164, 168, 171, 175, 176, 180, 181, 182, 183, 184, 186, 187, 188, 191, 194, 198, 199, 202, 205, 217, 220, 221, 224, 227, 229, 230, 238, 239, 242, 244, 247, 248, 252, 253, 254, 256, 260, 263, 269, 270, 272, 273, 276, 277, 278, 279, 281, 284, 288, 290, 291, 294, 295, 297, 299]

@end of file
