Set parameter TimeLimit to value 7200
Setting B&C+LSI: The proposed B&C algorithm based on formulation (40) (equipped with the lifted submodular inequalities).

----------------- start of the first stage -----------------

Iter     Best Incumbent      BestBound     Gap      Time  #VioCuts
1                 0.000    2067378.145   100.0       2.8      4999
2           1076239.985    1987446.773    45.8       3.9      4996
3           1423768.949    1811390.610    21.4      16.3      4834
4           1585948.641    1661063.401     4.5      30.3      3649
5           1599618.512    1615346.740     1.0      34.9      1678
6           1609316.914    1610083.789     0.0      36.4       205
7           1609316.914    1609757.810     0.0      36.8         9
8           1609316.914    1609756.226     0.0      37.3         0

CPU time spent in the first stage: 66.89 sec
Upper bound returned at the end of the first stage: 1609756.225644
Objective value of the optimal solution or the best incumbent at the end of the first stage: 1609316.913920
Number of cuts added at the end of the first stage for the initialization of the relaxed MILP problem: 9098
Termination status of the first stage: LP Optimal

------------------ end of the first stage ------------------


----------------- start of the second stage ----------------

Gurobi Optimizer version 11.0.1 build v11.0.1rc0 (linux64 - "CentOS Linux 7 (Core)")

CPU model: Intel(R) Xeon(R) Gold 6230R CPU @ 2.10GHz, instruction set [SSE2|AVX|AVX2|AVX512]
Thread count: 52 physical cores, 52 logical processors, using up to 1 threads


Warning: excessive time spent in model updates.
Consider calling update less frequently.

Optimize a model with 14104 rows, 5500 columns and 77740 nonzeros
Model fingerprint: 0x51d361cf
Variable types: 5000 continuous, 500 integer (0 binary)
Coefficient statistics:
  Matrix range     [2e-05, 2e+03]
  Objective range  [1e+01, 2e+03]
  Bounds range     [1e+00, 1e+00]
  RHS range        [1e-05, 3e+06]

Loaded user MIP start with objective 1.60932e+06

Presolve removed 5005 rows and 0 columns
Presolve time: 0.12s
Presolved: 9099 rows, 5500 columns, 45240 nonzeros
Variable types: 5000 continuous, 500 integer (500 binary)

Root relaxation: objective 1.609756e+06, 2838 iterations, 0.12 seconds (0.07 work units)

    Nodes    |    Current Node    |     Objective Bounds      |     Work
 Expl Unexpl |  Obj  Depth IntInf | Incumbent    BestBd   Gap | It/Node Time

     0     0 1609756.23    0    4 1609316.91 1609756.23  0.03%     -    0s
     0     0 1609739.92    0    4 1609316.91 1609739.92  0.03%     -    0s
H    0     0                    1609512.5841 1609729.76  0.01%     -    0s
     0     0 1609729.76    0    4 1609512.58 1609729.76  0.01%     -    0s
     0     0 1609726.29    0    4 1609512.58 1609726.29  0.01%     -    0s
H    0     0                    1609675.1695 1609711.72  0.00%     -    0s
H    0     0                    1609711.7204 1609711.72  0.00%     -    0s

Cutting planes:
  Gomory: 12
  Lazy constraints: 3

Explored 1 nodes (2859 simplex iterations) in 0.88 seconds (0.56 work units)
Thread count was 1 (of 52 available processors)

Solution count 4: 1.60971e+06 1.60968e+06 1.60951e+06 1.60932e+06 

Optimal solution found (tolerance 0.00e+00)
Best objective 1.609711720406e+06, best bound 1.609711720406e+06, gap 0.0000%

User-callback calls 498, time in user-callback 0.02 sec

CPU time spent in the second stage: 0.88 sec
The LP relaxation bound at the root node: 1609711.720406
Termination status of the second stage: OPTIMAL

------------------ end of the second stage -----------------

Total CPU time: 38.17 sec
Percentage optimality gap: 0.00 %
CPU time spent in separating the cuts: 1.59 sec
Number of explored nodes: 1
Objective value of the returned solution: 1609711.720406
Optimal facility locations: [3, 7, 9, 23, 24, 26, 29, 31, 34, 37, 39, 45, 46, 53, 73, 77, 78, 79, 81, 83, 84, 86, 88, 89, 91, 93, 95, 102, 110, 113, 115, 118, 121, 123, 125, 128, 129, 131, 132, 138, 144, 145, 148, 151, 156, 157, 159, 164, 165, 167, 168, 169, 170, 173, 176, 181, 182, 185, 187, 190, 197, 200, 207, 212, 215, 216, 218, 222, 233, 237, 238, 239, 248, 249, 254, 265, 266, 273, 280, 281, 284, 286, 288, 296, 297, 300, 301, 302, 306, 307, 308, 315, 317, 321, 322, 323, 324, 326, 328, 329, 333, 337, 340, 342, 343, 345, 348, 358, 373, 374, 380, 386, 400, 402, 408, 411, 415, 416, 419, 420, 422, 425, 429, 431, 447, 452, 455, 457, 460, 461, 462, 464, 467, 469, 476, 479, 483, 486, 487, 488, 490, 492, 499]

@end of file
