Set parameter TimeLimit to value 7200
Setting sB&C+LSI: The proposed B&C algorithm based on formulation (40) (equipped with the lifted submodular inequalities), with only the second stage implemented
Gurobi Optimizer version 11.0.1 build v11.0.1rc0 (linux64 - "CentOS Linux 7 (Core)")

CPU model: Intel(R) Xeon(R) Gold 6230R CPU @ 2.10GHz, instruction set [SSE2|AVX|AVX2|AVX512]
Thread count: 52 physical cores, 52 logical processors, using up to 1 threads

Optimize a model with 5000 rows, 7000 columns and 5000 nonzeros
Model fingerprint: 0x677e515e
Variable types: 5000 continuous, 2000 integer (2000 binary)
Coefficient statistics:
  Matrix range     [1e+00, 1e+00]
  Objective range  [1e+01, 2e+03]
  Bounds range     [0e+00, 0e+00]
  RHS range        [4e-06, 1e+00]
Found heuristic solution: objective -5.00371e+15
Presolve removed 5000 rows and 0 columns
Presolve time: 0.00s
Presolved: 0 rows, 7000 columns, 0 nonzeros
Variable types: 5000 continuous, 2000 integer (2000 binary)
Found heuristic solution: objective -5.00371e+15

Root relaxation: objective 2.051225e+06, 0 iterations, 0.00 seconds (0.00 work units)

    Nodes    |    Current Node    |     Objective Bounds      |     Work
 Expl Unexpl |  Obj  Depth IntInf | Incumbent    BestBd   Gap | It/Node Time

     0     0 2051225.44    0    - -5.004e+15 2051225.44   100%     -   11s
     0     0 1825898.46    0  235 -5.004e+15 1825898.46   100%     -   21s
H    0     0                    770700.71049 1825898.46   137%     -   27s
     0     0 1418865.91    0  405 770700.710 1418865.91  84.1%     -   61s
     0     0 1418863.79    0  405 770700.710 1418863.79  84.1%     -   66s
H    0     0                    1042183.9995 1418863.79  36.1%     -   69s
     0     0 1418863.79    0  405 1042184.00 1418863.79  36.1%     -   73s
H    0     0                    1042653.1089 1418863.79  36.1%     -   76s
     0     2 1228596.80    0  396 1042653.11 1228596.80  17.8%     -  103s
     2     4 1228539.33    1  396 1042653.11 1228539.33  17.8%  18.0  105s
     7     9 1228145.00    4  395 1042653.11 1228412.75  17.8%  19.6  110s
    13    15 1227801.92    7  391 1042653.11 1228400.65  17.8%  20.9  115s
    19    21 1227853.57   11  396 1042653.11 1228400.65  17.8%  20.4  120s
    26    28 1227773.72   14  387 1042653.11 1228400.65  17.8%  19.2  125s
    28    30 1180604.38   15  374 1042653.11 1228400.65  17.8%   133  136s
    29    31 1180844.54   16  379 1042653.11 1228400.65  17.8%   245  141s
    30    32 1180584.41   16  378 1042653.11 1228400.65  17.8%   343  148s
    33    35 1180787.35   18  377 1042653.11 1228400.65  17.8%   314  150s
    41    43 1180568.75   22  371 1042653.11 1228400.65  17.8%   259  155s
    49    51 1180472.43   26  370 1042653.11 1228400.65  17.8%   219  160s
    54    56 1180299.77   29  374 1042653.11 1228400.65  17.8%   201  166s
    55    57 1165666.60   29  411 1042653.11 1228400.65  17.8%   234  170s
    57    59 1165475.61   30  412 1042653.11 1228400.65  17.8%   299  177s
    61    63 1165117.54   32  406 1042653.11 1228400.65  17.8%   280  180s
    68    70 1164864.80   36  394 1042653.11 1228400.65  17.8%   254  185s
    75    77 1164768.09   40  395 1042653.11 1228400.65  17.8%   232  190s
    82    84 1164660.34   44  392 1042653.11 1228400.65  17.8%   214  195s
    88    90 1164562.79   47  389 1042653.11 1228400.65  17.8%   202  200s
    93    95 1164459.61   49  390 1042653.11 1228400.65  17.8%   194  205s
    99   101 1164299.29   53  383 1042653.11 1228400.65  17.8%   184  210s
   106   108 1164245.43   57  385 1042653.11 1228400.65  17.8%   173  215s
   109   111 1155863.60   59  410 1042653.11 1228400.65  17.8%   182  226s
   111   113 1155131.86   60  407 1042653.11 1228400.65  17.8%   205  234s
   112   114 1155084.81   61  410 1042653.11 1228400.65  17.8%   204  235s
   119   121 1154996.69   64  403 1042653.11 1228400.65  17.8%   193  240s
   125   127 1154876.86   68  396 1042653.11 1228400.65  17.8%   185  245s
   132   134 1154819.10   71  395 1042653.11 1228400.65  17.8%   177  250s
   136   138 1152750.43   74  405 1042653.11 1228400.65  17.8%   177  256s
   139   141 1152707.51   75  399 1042653.11 1228400.65  17.8%   179  260s
   147   149 1152566.39   82  387 1042653.11 1228400.65  17.8%   171  265s
   154   156 1151918.19   86  381 1042653.11 1228400.65  17.8%   169  270s
   162   164 1151813.39   90  368 1042653.11 1228400.65  17.8%   163  276s
   167   169 1151299.08   93  370 1042653.11 1228400.65  17.8%   161  280s
   179   181 1151128.17   99  362 1042653.11 1228400.65  17.8%   153  285s
   189   191 1150820.53  105  348 1042653.11 1228400.65  17.8%   146  291s
   193   195 1149795.33  107  365 1042653.11 1228400.65  17.8%   147  295s
   213   215 1149265.86  120  347 1042653.11 1228400.65  17.8%   135  300s
   224   226 1148975.15  127  336 1042653.11 1228400.65  17.8%   131  305s
   237   239 1148678.66  135  334 1042653.11 1228400.65  17.8%   126  310s
   243   245 1148461.94  138  330 1042653.11 1228400.65  17.8%   124  315s
   250   252 1146161.54  142  340 1042653.11 1228400.65  17.8%   125  320s
   267   269 1145908.59  154  321 1042653.11 1228400.65  17.8%   118  325s
   271   273 1144973.80  157  323 1042653.11 1228400.65  17.8%   117  330s
   285   287 1144730.14  165  319 1042653.11 1228400.65  17.8%   114  335s
   302   304 1144250.60  176  309 1042653.11 1228400.65  17.8%   109  340s
   317   319 1143916.26  184  299 1042653.11 1228400.65  17.8%   105  345s
   325   327 1142463.82  188  307 1042653.11 1228400.65  17.8%   104  350s
   334   336 1141963.36  193  298 1042653.11 1228400.65  17.8%   104  356s
   346   348 1141578.12  200  270 1042653.11 1228400.65  17.8%   102  360s
   358   360 1140940.87  208  266 1042653.11 1228400.65  17.8%  99.3  365s
   378   380 1140424.24  221  259 1042653.11 1228400.65  17.8%  95.0  371s
   387   389 1139946.91  226  256 1042653.11 1228400.65  17.8%  93.5  375s
   405   407 1139540.22  238  245 1042653.11 1228400.65  17.8%  90.2  380s
   415   417 1139081.55  243  245 1042653.11 1228400.65  17.8%  88.8  385s
   433   435 1138203.49  256  224 1042653.11 1228400.65  17.8%  85.7  391s
   451   453 1137654.46  267  210 1042653.11 1228400.65  17.8%  83.2  395s
   466   468 1136341.18  278  211 1042653.11 1228400.65  17.8%  81.3  400s
   486   488 1135882.39  291  207 1042653.11 1228400.65  17.8%  78.5  405s
   489   491 1135382.46  293  202 1042653.11 1228400.65  17.8%  78.2  410s
   507   509 1134492.32  302  196 1042653.11 1228400.65  17.8%  76.0  415s
   520   522 1134091.46  312  190 1042653.11 1228400.65  17.8%  74.5  420s
   541   543 1133544.16  329  154 1042653.11 1228400.65  17.8%  72.0  425s
   567   569 1132805.01  349  125 1042653.11 1228400.65  17.8%  68.9  430s
   584   586 1132476.53  360  100 1042653.11 1228400.65  17.8%  67.3  435s
   601   603 1131808.26  371   91 1042653.11 1228400.65  17.8%  65.9  440s
   622   624 1131084.15  387   70 1042653.11 1228400.65  17.8%  64.0  445s
   632   634 1130800.69  394   58 1042653.11 1228400.65  17.8%  63.2  450s
*  671   656             430    1130611.6067 1228400.65  8.65%  59.8  454s
   674   655 1158057.37    2  425 1130611.61 1228381.64  8.65%  67.6  462s
   676   656 1135780.17  288  405 1130611.61 1228381.64  8.65%  67.4 1146s
   678   657 1138839.70  252  430 1130611.61 1158305.93  2.45%  67.2 1288s
   679   658 1130662.95  410  368 1130611.61 1155286.24  2.18%  67.1 1318s
   680   659 1146015.02  140  409 1130611.61 1153423.73  2.02%  67.0 1326s
   681   659 1153338.30   20  402 1130611.61 1153338.30  2.01%  66.9 1331s
   683   661 1141559.76  200  396 1130611.61 1153333.70  2.01%  66.7 1352s
H  683   627                    1137808.1379 1152769.62  1.31%  66.7 1396s
   685   628 1138837.16  252  350 1137808.14 1152583.54  1.30%  66.5 1401s
   686   629 1151165.15   98  344 1137808.14 1152547.75  1.30%  66.4 1406s
   688   630 1138051.75  258  344 1137808.14 1152542.23  1.29%  66.2 1434s
H  688   599                    1138824.6103 1152384.71  1.19%  66.2 1466s
   691   601 1152311.04   47  208 1138824.61 1152311.04  1.18%  65.9 1472s
   693   602 1138824.61  318  215 1138824.61 1152304.10  1.18%  65.7 1476s
   695   604 1151165.15   98  214 1138824.61 1152300.38  1.18%  65.5 1503s
   696   604 1152239.99   47  311 1138824.61 1152239.99  1.18%  65.4 1521s
   698   606 1143975.38  178  302 1138824.61 1152239.39  1.18%  65.3 1526s
   699   606 1138824.61  280  302 1138824.61 1152239.04  1.18%  65.2 1541s
   700   607 1149131.02  123  302 1138824.61 1152211.71  1.18%  65.1 1560s
   702   608 1138824.61  257  303 1138824.61 1152211.71  1.18%  64.9 1577s
   703   609 1138824.61  265  303 1138824.61 1152211.31  1.18%  64.8 1584s
   704   610 1142001.05  193  303 1138824.61 1152211.31  1.18%  64.7 1588s
H  704   579                    1141917.0283 1152211.31  0.90%  64.7 1596s
   706   580 1141917.03  206  353 1141917.03 1152200.09  0.90%  64.5 1600s
   709   583 1141917.03  355  405 1141917.03 1152200.09  0.90%  85.9 2729s
   711   584 1152200.09   64  430 1141917.03 1152200.09  0.90%  85.6 2814s
   712   585 1152200.09   61  441 1141917.03 1152200.09  0.90%  85.5 2854s
   713   586 1144149.86  180  279 1141917.03 1152200.09  0.90%  85.4 2862s
   714   586 1141917.03  332  266 1141917.03 1152200.09  0.90%  85.3 2866s
   715   587 1152197.45   33  263 1141917.03 1152197.45  0.90%  85.2 2870s
   717   588 1141917.03  226  261 1141917.03 1152193.56  0.90%  84.9 2892s
   718   589 1141917.03  198  206 1141917.03 1152178.53  0.90%  84.8 2947s
   719   590 1151165.15   98  190 1141917.03 1152176.73  0.90%  84.7 2950s
   721   591 1152171.79   81  168 1141917.03 1152171.79  0.90%  84.5 2993s
H  721   561                    1148863.8494 1152140.27  0.29%  84.5 3032s
   723   562 1148863.85  311  143 1148863.85 1152118.49  0.28%  84.2 3036s
   724   563 1148863.85  174  143 1148863.85 1152118.24  0.28%  84.1 3063s
   725   564 1148863.85  298  108 1148863.85 1152112.29  0.28%  84.0 3092s
   726   564 1148863.85  222  145 1148863.85 1152112.29  0.28%  83.9 3095s
   727   565 1152112.29   36  145 1148863.85 1152112.29  0.28%  83.8 3100s
H  727   536                    1150647.7536 1152103.96  0.13%  83.8 3110s
   730   538 1150647.75  325  217 1150647.75 1152103.15  0.13%  83.4 3116s
   731   539 1150647.75  318  216 1150647.75 1152093.91  0.13%  83.3 3126s
   732   539 1150647.75  150  216 1150647.75 1152093.91  0.13%  83.2 3131s
H  732   512                    1151708.2364 1152093.91  0.03%  83.2 3142s
   734   514 1151708.24  304  215 1151708.24 1152093.91  0.03%  83.0 3148s
   735   514 1151708.24  230  215 1151708.24 1152093.91  0.03%  82.9 3158s
   736   515 1151708.24  412  215 1151708.24 1152093.91  0.03%  82.7 3161s
   737   518 1152091.71   26  124 1151708.24 1152093.91  0.03%   101 3176s
   739   519 1152071.78   27   93 1151708.24 1152091.67  0.03%   101 3183s
   740   519 1151941.29   27   96 1151708.24 1152091.67  0.03%   101 3186s
H  741   491                    1152049.0597 1152091.67  0.00%   101 3190s
   743   491 1152069.65   29   22 1152049.06 1152091.67  0.00%   101 3195s
   752   488 1152082.91   27   89 1152049.06 1152090.28  0.00%   100 3201s
   753   487 1152068.75   28   73 1152049.06 1152090.28  0.00%   100 3207s
   756   484 1152056.30   27   72 1152049.06 1152056.30  0.00%   100 3211s

Cutting planes:
  Gomory: 64
  Lift-and-project: 37
  Implied bound: 3
  MIR: 322
  Mixing: 4
  Flow cover: 1323
  RLT: 11
  Lazy constraints: 23

Explored 759 nodes (83608 simplex iterations) in 3212.43 seconds (1489.62 work units)
Thread count was 1 (of 52 available processors)

Solution count 10: 1.15205e+06 1.15171e+06 1.15065e+06 ... 1.04218e+06

Optimal solution found (tolerance 0.00e+00)
Best objective 1.152049059686e+06, best bound 1.152049059686e+06, gap 0.0000%

User-callback calls 150325, time in user-callback 13.66 sec

Total CPU time: 3212.43 sec
Termination status: OPTIMAL
Percentage optimality gap: 0.00 %
Number of explored nodes: 759
Objective value of the returned solution: 1152049.059686
The LP relaxation bound at the root node: 1228596.800791
Optimal facility locations: [5, 8, 10, 22, 28, 42, 46, 50, 51, 59, 75, 80, 83, 89, 90, 116, 125, 154, 158, 160, 184, 199, 209, 212, 217, 224, 225, 260, 271, 276, 281, 289, 297, 298, 306, 308, 318, 332, 345, 359, 362, 363, 365, 367, 374, 385, 389, 395, 405, 407, 429, 443, 445, 448, 454, 464, 465, 476, 482, 485, 486, 494, 504, 511, 514, 515, 521, 525, 527, 536, 537, 538, 550, 574, 607, 614, 617, 637, 649, 651, 670, 674, 675, 681, 684, 689, 696, 701, 738, 750, 754, 766, 770, 778, 783, 786, 788, 790, 796, 803, 820, 825, 830, 837, 844, 855, 871, 879, 886, 890, 904, 907, 919, 936, 952, 955, 968, 979, 985, 996, 1007, 1008, 1019, 1057, 1059, 1061, 1062, 1102, 1104, 1105, 1117, 1124, 1125, 1129, 1137, 1138, 1148, 1153, 1177, 1186, 1190, 1207, 1213, 1214, 1234, 1251, 1253, 1260, 1264, 1278, 1283, 1286, 1288, 1289, 1299, 1300, 1312, 1318, 1335, 1338, 1340, 1364, 1378, 1398, 1402, 1403, 1409, 1413, 1415, 1428, 1441, 1444, 1451, 1459, 1464, 1474, 1476, 1497, 1499, 1506, 1509, 1515, 1517, 1518, 1522, 1590, 1611, 1612, 1666, 1667, 1669, 1702, 1703, 1732, 1741, 1750, 1764, 1778, 1785, 1787, 1788, 1806, 1809, 1824, 1825, 1835, 1877, 1909, 1913, 1914, 1927, 1929, 1942, 1954, 1974, 1975, 1983, 1986]

@end of file
