Set parameter TimeLimit to value 7200
Setting B&C+LSI: The proposed B&C algorithm based on formulation (40) (equipped with the lifted submodular inequalities).

----------------- start of the first stage -----------------

Iter     Best Incumbent      BestBound     Gap      Time  #VioCuts
1                 0.000    2075119.061   100.0       1.6      4999
2           1136436.568    2018751.715    43.7       2.3      4998
3           1587617.687    1888548.603    15.9       8.2      4646
4           1698152.172    1771908.720     4.2      15.9      3346
5           1721137.884    1732627.664     0.7      18.8      1324
6           1727397.304    1727781.183     0.0      19.7       133
7           1727601.874    1727601.874     0.0      20.1         0

CPU time spent in the first stage: 20.10 sec
Upper bound returned at the end of the first stage: 1727601.873665
Objective value of the optimal solution or the best incumbent at the end of the first stage: 1727601.873665
Number of cuts added at the end of the first stage for the initialization of the relaxed MILP problem: 7932
Termination status of the first stage: MIP Optimal

------------------ end of the first stage ------------------

Total CPU time: 20.10 sec
Percentage optimality gap: 0.00 %
CPU time spent in separating the cuts: 0.99 sec
Number of explored nodes: 1
Objective value of the returned solution: 1727601.873665
Optimal facility locations: [1, 2, 4, 7, 11, 14, 20, 23, 24, 27, 28, 30, 31, 33, 37, 41, 42, 46, 54, 55, 58, 59, 62, 64, 67, 69, 70, 72, 74, 77, 78, 80, 82, 85, 86, 88, 92, 97, 100, 103, 104, 110, 111, 114, 115, 120, 122, 123, 134, 135, 136, 137, 138, 139, 141, 142, 148, 150, 158, 159, 161, 164, 168, 171, 175, 176, 180, 181, 182, 183, 184, 186, 187, 188, 191, 194, 198, 199, 202, 205, 217, 220, 221, 224, 227, 229, 230, 238, 239, 242, 244, 247, 248, 252, 253, 254, 256, 260, 263, 269, 270, 272, 273, 276, 277, 278, 279, 281, 284, 288, 290, 291, 294, 295, 297, 299]

@end of file
