Set parameter TimeLimit to value 7200
Setting sB&C+LSI: The proposed B&C algorithm based on formulation (40) (equipped with the lifted submodular inequalities), with only the second stage implemented
Gurobi Optimizer version 11.0.1 build v11.0.1rc0 (linux64 - "CentOS Linux 7 (Core)")

CPU model: Intel(R) Xeon(R) Gold 6230R CPU @ 2.10GHz, instruction set [SSE2|AVX|AVX2|AVX512]
Thread count: 52 physical cores, 52 logical processors, using up to 1 threads

Optimize a model with 5000 rows, 5500 columns and 5000 nonzeros
Model fingerprint: 0x805fbd70
Variable types: 5000 continuous, 500 integer (500 binary)
Coefficient statistics:
  Matrix range     [1e+00, 1e+00]
  Objective range  [1e+01, 2e+03]
  Bounds range     [0e+00, 0e+00]
  RHS range        [1e-05, 1e+00]
Found heuristic solution: objective -5.00371e+15
Presolve removed 5000 rows and 0 columns
Presolve time: 0.00s
Presolved: 0 rows, 5500 columns, 0 nonzeros
Variable types: 5000 continuous, 500 integer (500 binary)
Found heuristic solution: objective -5.00371e+15

Root relaxation: objective 2.067378e+06, 0 iterations, 0.00 seconds (0.00 work units)

    Nodes    |    Current Node    |     Objective Bounds      |     Work
 Expl Unexpl |  Obj  Depth IntInf | Incumbent    BestBd   Gap | It/Node Time

     0     0 2067378.15    0    - -5.004e+15 2067378.15   100%     -    1s
     0     0 1987446.77    0   81 -5.004e+15 1987446.77   100%     -    2s
H    0     0                    1076239.9848 1987446.77  84.7%     -    3s
     0     0 1798233.11    0  199 1076239.98 1798233.11  67.1%     -   10s
H    0     0                    1477112.6431 1798079.58  21.7%     -   13s
H    0     0                    1477774.2477 1798079.58  21.7%     -   14s
     0     2 1666902.45    0  193 1477774.25 1666902.45  12.8%     -   22s
     4     6 1666902.45    2  187 1477774.25 1666902.45  12.8%  33.5   25s
    11    13 1665703.19    6  188 1477774.25 1666902.45  12.8%  28.7   30s
    18    20 1665049.21    9  186 1477774.25 1666902.45  12.8%  28.1   35s
    25    27 1664467.75   13  177 1477774.25 1666902.45  12.8%  29.3   40s
    28    30 1626172.76   14  203 1477774.25 1666902.45  12.8%   118   46s
    30    32 1616783.44   15  212 1477774.25 1666902.45  12.8%   308   52s
    31    33 1616656.93   16  216 1477774.25 1666902.45  12.8%   334   55s
    33    35 1612777.86   17  195 1477774.25 1666902.45  12.8%   376   62s
    35    37 1612701.86   18  192 1477774.25 1666902.45  12.8%   378   66s
    39    41 1612454.13   20  196 1477774.25 1666902.45  12.8%   345   70s
    44    46 1610617.26   22  198 1477774.25 1666902.45  12.8%   332   75s
    52    54 1610112.44   26  200 1477774.25 1666902.45  12.8%   286   80s
    56    58 1609433.58   28  201 1477774.25 1666902.45  12.8%   276   85s
    61    63 1609131.80   31  184 1477774.25 1666902.45  12.8%   258   90s
    74    76 1607799.12   40  171 1477774.25 1666902.45  12.8%   220   95s
   104   106 1605198.39   63  118 1477774.25 1666902.45  12.8%   168  100s
H  135   135                    1602372.6930 1666902.45  4.03%   135  103s
   162   164 1602589.99  115   25 1602372.69 1666902.45  4.03%   114  105s
   173   167 1615630.63    3  216 1602372.69 1666902.45  4.03%   130  110s
   185   179 1611210.22   12  200 1602372.69 1666902.45  4.03%   128  115s
   236   230 1608012.07   62  119 1602372.69 1666902.45  4.03%   106  120s
   301   295 1605823.07  116   13 1602372.69 1666902.45  4.03%  86.4  125s
*  319   236             133    1605719.6830 1666902.45  3.81%  81.7  126s
   326   235 1613950.91    5  202 1605719.68 1666902.45  3.81%  92.9  130s
   359   268 1610943.64   31  152 1605719.68 1666902.45  3.81%  88.1  135s
   423   332 1607304.92   86   44 1605719.68 1666902.45  3.81%  78.3  140s
H  453   300                    1606977.1142 1666902.45  3.73%  73.5  141s
H  454   299                    1606987.0260 1666902.45  3.73%  73.4  141s
*  455   294             116    1607037.5270 1666902.45  3.73%  73.2  141s
   463   294 1613338.03    6  199 1607037.53 1666683.04  3.71%  81.3  145s
H  514   240                    1608455.8809 1666683.04  3.62%  76.2  149s
   528   255 1610463.37   24  199 1608455.88 1666683.04  3.62%  74.4  496s
   530   256 1609521.74   55  203 1608455.88 1615013.26  0.41%  74.2  535s
   531   257 1611223.48   19  199 1608455.88 1611223.48  0.17%  74.0  555s
   535   260 1610812.78   26  215 1608455.88 1610812.78  0.15%  73.5  574s
   536   260 1609607.50   62  184 1608455.88 1610231.78  0.11%  73.3  597s
   539   262 1610228.31    7  135 1608455.88 1610228.31  0.11%  72.9  616s
   540   263 1610000.00   12  156 1608455.88 1610000.00  0.10%  72.8  639s
   541   264 1610000.00   20  122 1608455.88 1610000.00  0.10%  72.7  640s
   542   264 1610000.00    6  143 1608455.88 1610000.00  0.10%  72.5  658s
   543   265 1610000.00   38   86 1608455.88 1610000.00  0.10%  72.4  678s
   545   266 1609848.92   21  102 1608455.88 1609848.92  0.09%  72.1  680s
   547   268 1608945.08   71   94 1608455.88 1609839.20  0.09%  71.9  690s
H  547   254                    1609349.9661 1609805.44  0.03%  71.9  701s
   550   256 1609622.11   36   94 1609349.97 1609805.44  0.03%  71.5  711s
H  550   243                    1609412.6395 1609753.12  0.02%  71.5  722s
   553   245 1609753.12   29  106 1609412.64 1609753.12  0.02%  71.1  732s
   554   245 1609734.69   43   97 1609412.64 1609734.69  0.02%  71.0  736s
   557   247 1609727.99   36   97 1609412.64 1609727.99  0.02%  70.6  741s
H  559   236                    1609711.7204 1609715.76  0.00%  70.3  746s

Cutting planes:
  Gomory: 62
  Lift-and-project: 68
  Cover: 2
  Implied bound: 65
  Clique: 1
  MIR: 328
  Mixing: 1
  Flow cover: 1874
  Zero half: 1
  RLT: 63
  Relax-and-lift: 28
  Lazy constraints: 56

Explored 561 nodes (55611 simplex iterations) in 747.05 seconds (413.43 work units)
Thread count was 1 (of 52 available processors)

Solution count 10: 1.60971e+06 1.60941e+06 1.60935e+06 ... 1.07624e+06

Optimal solution found (tolerance 0.00e+00)
Best objective 1.609711720406e+06, best bound 1.609711720406e+06, gap 0.0000%

User-callback calls 84648, time in user-callback 2.43 sec

Total CPU time: 747.05 sec
Termination status: OPTIMAL
Percentage optimality gap: 0.00 %
Number of explored nodes: 561
Objective value of the returned solution: 1609711.720406
The LP relaxation bound at the root node: 1666902.450434
Optimal facility locations: [3, 7, 9, 23, 24, 26, 29, 31, 34, 37, 39, 45, 46, 53, 73, 77, 78, 79, 81, 83, 84, 86, 88, 89, 91, 93, 95, 102, 110, 113, 115, 118, 121, 123, 125, 128, 129, 131, 132, 138, 144, 145, 148, 151, 156, 157, 159, 164, 165, 167, 168, 169, 170, 173, 176, 181, 182, 185, 187, 190, 197, 200, 207, 212, 215, 216, 218, 222, 233, 237, 238, 239, 248, 249, 254, 265, 266, 273, 280, 281, 284, 286, 288, 296, 297, 300, 301, 302, 306, 307, 308, 315, 317, 321, 322, 323, 324, 326, 328, 329, 333, 337, 340, 342, 343, 345, 348, 358, 373, 374, 380, 386, 400, 402, 408, 411, 415, 416, 419, 420, 422, 425, 429, 431, 447, 452, 455, 457, 460, 461, 462, 464, 467, 469, 476, 479, 483, 486, 487, 488, 490, 492, 499]

@end of file
