Set parameter TimeLimit to value 7200
Setting GBD: A two-stage implementation of the state-of-the-art generalized Benders decomposition (GBD) approach proposed by Lin & Tian (2021).

----------------- start of the first stage -----------------

Iter     Best Incumbent      BestBound     Gap      Time  #VioCuts
1                 0.000    2067378.145   100.0       2.3      4999
2            287773.902    2017822.339    85.7       6.5      4997
3           1014692.505    1912432.681    46.9      25.9      4844
4           1014692.505    1807143.491    43.9     109.6      3906
5           1014692.505    1764399.968    42.5     130.3      2223
6           1014692.505    1755210.616    42.2     137.6       976
7           1014692.505    1753489.907    42.1     142.6       296
8           1014692.505    1753044.818    42.1     146.6        82
9           1014692.505    1752944.738    42.1     149.8        30
10          1014692.505    1752923.094    42.1     152.9         8
11          1014692.505    1752918.298    42.1     156.0        22
12          1014692.505    1752838.082    42.1     159.1        16
13          1014692.505    1752827.279    42.1     162.1         2
14          1014692.505    1752825.095    42.1     165.0         3
15          1014692.505    1752825.085    42.1     167.9         0

CPU time spent in the first stage: 215.31 sec
Upper bound returned at the end of the first stage: 1752825.084514
Objective value of the optimal solution or the best incumbent at the end of the first stage: 1014692.505172
Number of cuts added at the end of the first stage for the initialization of the relaxed MILP problem: 5440
Termination status of the first stage: LP Optimal

------------------ end of the first stage ------------------


----------------- start of the second stage ----------------

Gurobi Optimizer version 11.0.1 build v11.0.1rc0 (linux64 - "CentOS Linux 7 (Core)")

CPU model: Intel(R) Xeon(R) Gold 6230R CPU @ 2.10GHz, instruction set [SSE2|AVX|AVX2|AVX512]
Thread count: 52 physical cores, 52 logical processors, using up to 1 threads


Warning: excessive time spent in model updates.
Consider calling update less frequently.

Optimize a model with 10443 rows, 5500 columns and 52587 nonzeros
Model fingerprint: 0x7983148f
Variable types: 5000 continuous, 500 integer (0 binary)
Coefficient statistics:
  Matrix range     [5e-11, 2e+03]
  Objective range  [1e+01, 2e+03]
  Bounds range     [1e+00, 1e+00]
  RHS range        [1e-05, 3e+06]
Warning: Model contains large matrix coefficient range
         Consider reformulating model or setting NumericFocus parameter
         to avoid numerical issues.

User MIP start did not produce a new incumbent solution

Presolve removed 5002 rows and 0 columns
Presolve time: 0.27s
Presolved: 5441 rows, 5500 columns, 36580 nonzeros
Variable types: 5000 continuous, 500 integer (500 binary)

Root relaxation: objective 1.730291e+06, 219 iterations, 0.00 seconds (0.00 work units)
Another try with MIP start

    Nodes    |    Current Node    |     Objective Bounds      |     Work
 Expl Unexpl |  Obj  Depth IntInf | Incumbent    BestBd   Gap | It/Node Time

H    0     0                    1014692.5052 1730291.28  70.5%     -    0s
     0     0 1730291.28    0    7 1014692.51 1730291.28  70.5%     -    0s
     0     0 1709219.48    0  171 1014692.51 1709219.48  68.4%     -    1s
H    0     0                    1446948.0129 1709219.48  18.1%     -    1s
     0     0 1684959.89    0  211 1446948.01 1684959.89  16.4%     -    2s
H    0     0                    1472025.2465 1684959.89  14.5%     -    2s
     0     2 1662161.93    0  281 1472025.25 1662161.93  12.9%     -    4s
     9    11 1642552.72    9  303 1472025.25 1662161.93  12.9%   377    5s
    15    17 1633139.14   13  316 1472025.25 1662161.93  12.9%   770   10s
    50    52 1624722.35   41  294 1472025.25 1662161.93  12.9%   346   15s
   174   176 1592300.63  155  127 1472025.25 1662161.93  12.9%   152   20s
H  229   229                    1535564.7331 1662161.93  8.24%   126   22s
H  230   230                    1535878.8667 1662161.93  8.22%   125   22s
H  235   235                    1583908.4389 1662161.93  4.94%   123   22s
   260   255 1631271.64    1  322 1583908.44 1661992.88  4.93%   134   25s
   310   305 1619214.24   44  247 1583908.44 1661992.88  4.93%   131   30s
H  487   388                    1596771.2735 1661992.88  4.08%  97.3   34s
H  488   389                    1596827.0926 1661992.88  4.08%  97.2   34s
H  489   390                    1596873.0841 1661992.88  4.08%  97.0   34s
H  490   391                    1596911.4759 1661992.88  4.08%  96.8   34s
H  491   390                    1598914.9964 1661992.88  3.95%  96.6   34s
*  492   391             218    1598950.3912 1661992.88  3.94%  96.5   34s
   498   387 1627235.76    2  317 1598950.39 1661824.69  3.93%   107   38s
   505   394 1626552.71    7  308 1598950.39 1661824.69  3.93%   107   46s
   523   411 1628579.05   24  211 1598950.39 1661824.69  3.93%   108   63s
   525   412 1625136.55   13  330 1598950.39 1625136.55  1.64%   108   77s
   526   413 1599142.77  142  345 1598950.39 1617058.00  1.13%   108   89s
   527   414 1614973.98   56  342 1598950.39 1614973.98  1.00%   108   92s
   531   416 1614707.74   24  350 1598950.39 1614707.74  0.99%   107   99s
   532   417 1611094.09   90  333 1598950.39 1613467.08  0.91%   107  108s
   534   418 1602834.33  120  328 1598950.39 1613321.64  0.90%   106  110s
   538   421 1613286.55    9  327 1598950.39 1613286.55  0.90%   105  117s
   539   422 1599039.37  209  327 1598950.39 1613035.98  0.88%   105  125s
   544   425 1613032.64   61  324 1598950.39 1613032.64  0.88%   104  133s
   545   426 1601062.44  129  319 1598950.39 1612779.67  0.86%   104  141s
   551   430 1612779.67    5  327 1598950.39 1612779.67  0.86%   103  146s
   557   435 1612779.67   52  211 1598950.39 1612779.67  0.86%   147  154s
   559   436 1599911.47  177  331 1598950.39 1612779.67  0.86%   146  168s
   560   437 1599107.32  196  350 1598950.39 1612779.67  0.86%   146  177s
   561   438 1602662.76  138  317 1598950.39 1612779.67  0.86%   146  181s
   567   442 1612779.67   51  337 1598950.39 1612779.67  0.86%   144  188s
   568   442 1608265.97  108  335 1598950.39 1612726.66  0.86%   144  197s
   570   444 1612726.66    6  333 1598950.39 1612726.66  0.86%   143  203s
   571   444 1599142.77  142  337 1598950.39 1612726.66  0.86%   143  212s
   574   446 1602818.64  136  333 1598950.39 1612726.66  0.86%   142  217s
   575   447 1599120.72  198  332 1598950.39 1612726.66  0.86%   142  222s
   579   450 1603247.42  116  334 1598950.39 1612726.66  0.86%   141  225s
   584   453 1599388.86  141  335 1598950.39 1612726.66  0.86%   140  230s
   590   457 1612726.66   10  335 1598950.39 1612726.66  0.86%   139  236s
   591   458 1612726.66   67  335 1598950.39 1612726.66  0.86%   138  243s
   592   460 1611849.69   27  329 1598950.39 1612701.73  0.86%   175  247s
   593   461 1611454.79   27  328 1598950.39 1611849.08  0.81%   177  250s
   596   463 1611661.63   29  317 1598950.39 1611760.84  0.80%   177  255s
   601   466 1611538.66   31  316 1598950.39 1611760.84  0.80%   177  260s
   609   472 1611195.67   35  310 1598950.39 1611760.84  0.80%   176  265s
   614   475 1611142.55   38  297 1598950.39 1611760.84  0.80%   176  270s
   620   479 1610992.41   41  282 1598950.39 1611760.84  0.80%   176  276s
   626   483 1610847.40   44  266 1598950.39 1611760.84  0.80%   175  280s
   636   490 1610683.78   49  258 1598950.39 1611760.84  0.80%   174  285s
   644   495 1610631.86   53  249 1598950.39 1611760.84  0.80%   173  290s
   652   500 1609553.15   57  254 1598950.39 1611760.84  0.80%   175  295s
   667   510 1608737.57   64  228 1598950.39 1611760.84  0.80%   173  300s
   677   517 1609087.25   69  220 1598950.39 1611760.84  0.80%   172  305s
   728   551 1608800.29   95  125 1598950.39 1611760.84  0.80%   165  310s
*  810   544             136    1608402.0442 1611760.84  0.21%   152  314s
*  811   491             137    1608527.8143 1611760.84  0.20%   152  314s
   815   488 1611547.44   29  334 1608527.81 1611760.84  0.20%   152  319s
   816   489 1611074.65   30  326 1608527.81 1611760.84  0.20%   154  320s
   837   503 1610656.96   40  298 1608527.81 1611760.84  0.20%   154  325s
   872   526 1610060.83   58  250 1608527.81 1611760.84  0.20%   152  330s
   914   554 1609252.68   79  208 1608527.81 1611760.84  0.20%   151  335s
H  969   485                    1608896.3376 1611760.84  0.18%   146  339s
   983   477 1611006.67   29  334 1608896.34 1611644.14  0.17%   146  340s
  1006   492 1610475.88   41  290 1608896.34 1611644.14  0.17%   145  345s
  1047   520 1609900.86   61  214 1608896.34 1611644.14  0.17%   144  350s
  1089   539 1608970.16   83  148 1608896.34 1611644.14  0.17%   143  355s
  1116   546 1610203.65   38  287 1608896.34 1611643.51  0.17%   143  360s
  1156   572 1609733.49   58  230 1608896.34 1611643.51  0.17%   142  365s
H 1212   483                    1609391.3740 1611643.51  0.14%   139  369s
  1224   483 1609482.65   93   34 1609391.37 1611643.51  0.14%   138  370s
* 1246   423             105    1609482.3113 1611643.51  0.13%   136  370s
  1262   433 1610370.91   38  295 1609482.31 1611536.98  0.13%   137  375s
  1301   458 1609579.75   57  225 1609482.31 1611536.98  0.13%   136  380s
  1330   468 1610401.55   38  290 1609482.31 1611525.77  0.13%   137  385s
  1366   490 1609799.80   56  249 1609482.31 1611525.77  0.13%   136  390s
  1401   493 1610603.37   33  323 1609482.31 1611524.32  0.13%   135  395s
  1447   520 1609643.29   56  245 1609482.31 1611524.32  0.13%   135  400s
  1499   534 1610104.77   45  261 1609482.31 1611521.35  0.13%   135  405s
  1548   550 1610689.12   31  330 1609482.31 1611454.18  0.12%   135  410s
  1588   567 1610499.34   28  337 1609482.31 1611435.56  0.12%   135  415s
  1616   583 1609644.90   52  252 1609482.31 1611435.56  0.12%   135  420s
  1653   600 1609589.46   47  261 1609482.31 1611277.74  0.11%   135  425s
  1699   636 1609591.83   62  212 1609482.31 1611277.33  0.11%   135  430s
  1742   667 1609532.40   60  204 1609482.31 1611195.36  0.11%   135  435s
  1789   701 1609604.72   64  206 1609482.31 1611194.95  0.11%   135  440s
  1839   730 1610328.57   38  306 1609482.31 1611154.26  0.10%   136  445s
  1878   759 1610127.55   38  304 1609482.31 1611134.35  0.10%   137  450s
  1910   773 1610070.07   43  275 1609482.31 1611130.60  0.10%   137  455s
  1947   799 1609855.78   46  264 1609482.31 1611111.71  0.10%   138  460s
  2008   829 1610167.76   36  298 1609482.31 1611107.54  0.10%   137  465s
  2039   852 1609711.24   47  266 1609482.31 1611074.33  0.10%   137  470s
  2075   878 1609746.20   50  261 1609482.31 1611073.94  0.10%   137  475s
  2123   900 1610169.68   40  288 1609482.31 1611062.22  0.10%   137  480s
  2173   935 1609508.20   64  162 1609482.31 1611061.98  0.10%   136  485s
  2204   944 1609516.94   49  201 1609482.31 1611044.33  0.10%   137  492s
  2219   953 1609685.74   48  235 1609482.31 1611010.92  0.09%   137  495s
  2260   984 1609491.92   63  164 1609482.31 1611010.21  0.09%   137  500s
  2289   999 1609856.32   43  279 1609482.31 1610988.94  0.09%   137  505s
  2320  1015 1609943.16   49  268 1609482.31 1610974.07  0.09%   137  510s
  2366  1034 1610341.12   35  312 1609482.31 1610959.75  0.09%   137  515s
  2396  1056 1610537.12   32  327 1609482.31 1610950.75  0.09%   137  520s
  2429  1088 1609513.71   65  214 1609482.31 1610950.75  0.09%   136  525s
H 2467  1097                    1609529.8650 1610936.02  0.09%   135  530s
  2509  1129 1609874.21   51  274 1609529.87 1610931.59  0.09%   135  535s
  2540  1151 1609837.94   47  275 1609529.87 1610893.56  0.08%   134  540s
  2566  1162 1609763.68   46  250 1609529.87 1610893.35  0.08%   135  545s
  2612  1178 1609905.74   45  289 1609529.87 1610820.16  0.08%   134  550s
H 2634  1138                    1609566.4552 1610820.16  0.08%   134  554s
  2639  1143 1609836.22   48  263 1609566.46 1610819.85  0.08%   135  555s
  2664  1151 1610507.23   36  314 1609566.46 1610785.72  0.08%   135  560s
  2699  1180 1609873.37   36  307 1609566.46 1610768.54  0.07%   135  565s
  2719  1188 1609776.83   39  280 1609566.46 1610767.11  0.07%   135  570s
  2757  1212 1609659.03   66  206 1609566.46 1610762.13  0.07%   135  575s
  2808  1239 1609878.60   34  304 1609566.46 1610753.87  0.07%   134  580s
  2844  1263 1609621.54   68  175 1609566.46 1610750.98  0.07%   134  585s
  2873  1274 1609794.86   47  268 1609566.46 1610738.72  0.07%   134  590s
  2900  1285 1610330.64   40  315 1609566.46 1610735.76  0.07%   134  595s
  2939  1312 1609706.99   49  246 1609566.46 1610735.02  0.07%   134  600s
  2982  1323 1610174.22   44  281 1609566.46 1610728.13  0.07%   133  605s
  3028  1349 1610070.75   46  261 1609566.46 1610726.03  0.07%   134  610s
  3076  1374 1609575.21   51  154 1609566.46 1610723.64  0.07%   134  615s
H 3084  1257                    1609631.5166 1610709.83  0.07%   134  616s
  3113  1275 1609652.67   56  183 1609631.52 1610709.58  0.07%   134  620s
  3133  1281 1610004.05   41  311 1609631.52 1610689.71  0.07%   134  625s
  3162  1299 1609778.76   54  235 1609631.52 1610688.34  0.07%   134  630s
  3197  1318 1610004.27   32  330 1609631.52 1610687.27  0.07%   134  635s
  3237  1336     cutoff   48      1609631.52 1610686.26  0.07%   134  640s
  3276  1351 1610044.56   42  311 1609631.52 1610673.89  0.06%   135  645s
  3310  1371 1610319.32   32  341 1609631.52 1610670.60  0.06%   135  650s
  3343  1388 1610313.33   32  337 1609631.52 1610669.63  0.06%   135  655s
  3376  1413 1609868.46   47  270 1609631.52 1610663.56  0.06%   135  660s
  3405  1423 1609916.11   47  279 1609631.52 1610651.14  0.06%   135  665s
  3446  1435     cutoff   51      1609631.52 1610649.29  0.06%   136  670s
  3487  1452 1610162.48   39  307 1609631.52 1610642.57  0.06%   136  675s
  3520  1471 1609642.20   47  215 1609631.52 1610632.80  0.06%   136  680s
  3548  1479 1609671.06   47  246 1609631.52 1610626.74  0.06%   136  685s
  3588  1481 1610272.57   33  337 1609631.52 1610611.47  0.06%   137  691s
  3618  1503 1610426.51   34  318 1609631.52 1610611.38  0.06%   136  695s
  3658  1534 1610113.49   40  318 1609631.52 1610610.65  0.06%   136  700s
  3690  1554 1609999.58   38  305 1609631.52 1610605.76  0.06%   136  705s
  3715  1571 1609978.06   42  303 1609631.52 1610598.74  0.06%   136  710s
  3738  1586 1609886.71   37  320 1609631.52 1610598.61  0.06%   136  715s
  3767  1599 1610072.39   42  292 1609631.52 1610597.62  0.06%   136  720s
  3799  1620 1609716.23   51  229 1609631.52 1610597.20  0.06%   136  725s
  3836  1625 1610280.59   34  319 1609631.52 1610586.74  0.06%   136  730s
  3874  1645 1609790.06   48  274 1609631.52 1610584.92  0.06%   136  735s
  3912  1668 1610051.49   36  322 1609631.52 1610582.95  0.06%   136  741s
  3941  1676     cutoff   44      1609631.52 1610580.56  0.06%   136  745s
  3957  1681 1609995.38   40  320 1609631.52 1610578.53  0.06%   136  750s
  3982  1696     cutoff   45      1609631.52 1610568.60  0.06%   136  755s
  4008  1706 1609647.16   42  272 1609631.52 1610568.49  0.06%   136  760s
  4029  1717     cutoff   51      1609631.52 1610563.59  0.06%   136  765s
  4031  1716 1609653.14   49  228 1609631.52 1610563.59  0.06%   136  770s
  4058  1729 1610020.39   44  281 1609631.52 1610556.08  0.06%   137  775s
  4086  1737 1610217.98   37  317 1609631.52 1610549.66  0.06%   137  782s
  4108  1749 1610272.98   36  313 1609631.52 1610539.37  0.06%   137  785s
  4130  1763 1610213.22   41  313 1609631.52 1610531.93  0.06%   136  790s
  4150  1783 1609674.82   51  193 1609631.52 1610531.93  0.06%   137  795s
H 4175  1772                    1609641.0958 1610531.93  0.06%   136  798s
  4201  1780 1609645.55   78   74 1609641.10 1610531.93  0.06%   136  800s
  4234  1788 1610005.79   48  261 1609641.10 1610526.73  0.06%   135  805s
  4254  1792 1610014.45   37  310 1609641.10 1610526.30  0.05%   135  810s
  4276  1796 1609699.97   48  238 1609641.10 1610525.79  0.05%   135  815s
  4297  1809 1609846.34   46  274 1609641.10 1610522.86  0.05%   135  820s
  4312  1814 1610147.78   36  327 1609641.10 1610519.73  0.05%   136  826s
  4330  1824 1609685.20   47  262 1609641.10 1610519.73  0.05%   135  830s
  4334  1823 1610180.61   34  335 1609641.10 1610516.29  0.05%   136  835s
  4356  1835 1609895.04   35  297 1609641.10 1610505.59  0.05%   136  840s
  4378  1838 1609687.63   41  261 1609641.10 1610505.59  0.05%   136  846s
  4396  1848     cutoff   50      1609641.10 1610499.26  0.05%   136  850s
  4418  1856 1609672.29   37  259 1609641.10 1610495.46  0.05%   136  855s
  4436  1867 1609650.29   50  230 1609641.10 1610495.18  0.05%   136  860s
  4455  1878 1609734.69   51  205 1609641.10 1610494.68  0.05%   136  865s
  4474  1889 1609694.37   45  251 1609641.10 1610491.30  0.05%   136  870s
  4484  1891 1609907.05   39  307 1609641.10 1610489.33  0.05%   136  875s
  4505  1898 1610207.58   39  303 1609641.10 1610488.85  0.05%   136  880s
  4520  1902 1609797.06   36  306 1609641.10 1610486.03  0.05%   136  886s
  4536  1911 1609745.40   44  258 1609641.10 1610482.69  0.05%   136  891s
  4547  1913 1609820.61   41  288 1609641.10 1610480.69  0.05%   136  895s
  4566  1914 1610198.26   37  303 1609641.10 1610459.73  0.05%   136  901s
  4580  1923 1609668.88   48  231 1609641.10 1610459.73  0.05%   136  905s
  4593  1930 1609932.93   43  292 1609641.10 1610459.60  0.05%   137  910s
  4608  1937 1610174.64   32  328 1609641.10 1610458.38  0.05%   137  915s
  4625  1953 1609746.80   49  246 1609641.10 1610458.38  0.05%   137  920s
  4642  1954 1609731.74   39  291 1609641.10 1610455.95  0.05%   137  925s
  4662  1955 1610108.01   42  300 1609641.10 1610454.33  0.05%   137  930s
  4679  1964 1609661.41   54  179 1609641.10 1610454.33  0.05%   137  935s
  4699  1979 1609673.38   59  181 1609641.10 1610452.72  0.05%   137  940s
  4722  1992 1609733.77   50  237 1609641.10 1610451.60  0.05%   137  945s
  4738  1992 1609897.62   38  304 1609641.10 1610446.93  0.05%   137  951s
  4753  1996 1609805.08   46  282 1609641.10 1610446.79  0.05%   137  955s
  4788  1994 1609845.32   37  303 1609641.10 1610446.71  0.05%   137  961s
  4797  1994 1610232.46   37  304 1609641.10 1610446.01  0.05%   137  965s
  4817  2005 1610209.04   32  330 1609641.10 1610445.37  0.05%   137  970s
  4831  2017 1609713.43   46  271 1609641.10 1610445.37  0.05%   137  975s
  4854  2030 1609738.78   55  248 1609641.10 1610442.07  0.05%   137  980s
  4873  2031 1609890.48   47  264 1609641.10 1610441.17  0.05%   137  985s
  4886  2034     cutoff   36      1609641.10 1610441.11  0.05%   137  990s
  4918  2037 1609772.82   32  313 1609641.10 1610434.89  0.05%   137  996s
  4934  2042 1609783.34   45  275 1609641.10 1610433.68  0.05%   137 1000s
  4963  2051 1609675.98   45  237 1609641.10 1610433.03  0.05%   137 1005s
  4985  2067 1609783.50   50  249 1609641.10 1610431.94  0.05%   137 1010s
  5008  2081 1609856.04   50  255 1609641.10 1610431.51  0.05%   137 1015s
  5010  2083 1609820.88   52  241 1609641.10 1610431.51  0.05%   137 1021s
  5025  2088 1609794.55   38  261 1609641.10 1610430.78  0.05%   137 1025s
  5044  2100 1609734.28   46  246 1609641.10 1610426.42  0.05%   137 1030s
  5058  2106 1609928.01   35  321 1609641.10 1610422.94  0.05%   137 1035s
  5089  2121 1610066.71   42  282 1609641.10 1610419.69  0.05%   136 1040s
  5109  2137 1609657.75   61  166 1609641.10 1610419.69  0.05%   136 1045s
  5136  2143 1609755.63   46  260 1609641.10 1610417.36  0.05%   136 1050s
  5166  2155 1609818.31   46  259 1609641.10 1610417.00  0.05%   136 1055s
  5179  2160 1610151.37   40  298 1609641.10 1610414.47  0.05%   136 1060s
  5200  2173 1609718.09   39  300 1609641.10 1610410.87  0.05%   136 1065s
  5223  2168 1610161.95   36  309 1609641.10 1610404.79  0.05%   136 1070s
  5250  2191 1609775.58   50  248 1609641.10 1610404.79  0.05%   136 1075s
  5284  2202 1609972.42   37  322 1609641.10 1610402.96  0.05%   136 1080s
  5308  2218 1610051.39   42  279 1609641.10 1610402.01  0.05%   136 1085s
  5331  2233 1609991.03   43  261 1609641.10 1610400.39  0.05%   136 1090s
  5356  2248 1610135.66   41  290 1609641.10 1610398.16  0.05%   136 1095s
  5377  2262 1610085.91   46  274 1609641.10 1610397.95  0.05%   136 1100s
  5414  2287 1609898.58   42  277 1609641.10 1610397.93  0.05%   136 1105s
H 5434  2174                    1609677.6860 1610395.83  0.04%   135 1109s
  5435  2177 1610011.98   42  269 1609677.69 1610395.83  0.04%   135 1110s
  5455  2190 1610026.42   31  329 1609677.69 1610395.75  0.04%   135 1115s
  5471  2196 1610035.04   45  279 1609677.69 1610389.76  0.04%   135 1120s
  5500  2207     cutoff   56      1609677.69 1610389.22  0.04%   135 1125s
  5514  2207 1609958.20   36  322 1609677.69 1610379.86  0.04%   136 1130s
  5545  2222 1609690.27   51  188 1609677.69 1610378.65  0.04%   135 1135s
  5573  2233 1609912.87   49  251 1609677.69 1610376.07  0.04%   135 1140s
  5598  2247 1609828.09   45  281 1609677.69 1610373.41  0.04%   135 1145s
  5632  2258 1609839.31   35  309 1609677.69 1610372.63  0.04%   135 1151s
  5641  2255 1610044.10   38  293 1609677.69 1610366.06  0.04%   136 1155s
  5663  2267 1609913.57   40  304 1609677.69 1610365.82  0.04%   136 1160s
  5686  2278 1609731.47   47  227 1609677.69 1610365.56  0.04%   136 1165s
  5703  2281 1609959.73   45  292 1609677.69 1610364.35  0.04%   136 1170s
  5729  2296 1610015.73   35  325 1609677.69 1610364.31  0.04%   136 1175s
  5754  2305 1609923.30   42  306 1609677.69 1610363.32  0.04%   136 1180s
  5778  2322 1609927.94   53  253 1609677.69 1610362.96  0.04%   136 1185s
  5794  2326 1609848.51   36  302 1609677.69 1610359.96  0.04%   136 1190s
  5815  2331 1610072.43   44  290 1609677.69 1610359.21  0.04%   136 1195s
  5844  2340 1610042.23   34  316 1609677.69 1610358.28  0.04%   136 1201s
  5864  2353 1609957.13   44  288 1609677.69 1610356.54  0.04%   136 1205s
  5898  2367     cutoff   41      1609677.69 1610355.07  0.04%   136 1210s
  5919  2370 1609990.05   37  310 1609677.69 1610352.13  0.04%   136 1215s
  5947  2386 1609865.75   47  261 1609677.69 1610351.69  0.04%   136 1220s
  5972  2403 1609705.31   51  196 1609677.69 1610351.53  0.04%   136 1225s
  5988  2411 1609725.51   49  231 1609677.69 1610351.22  0.04%   136 1230s
  6008  2422 1609707.29   49  205 1609677.69 1610349.75  0.04%   136 1235s
  6035  2426 1609725.63   43  253 1609677.69 1610349.36  0.04%   136 1240s
  6061  2441 1609700.58   58  190 1609677.69 1610348.82  0.04%   136 1245s
  6076  2440 1609777.62   38  284 1609677.69 1610347.47  0.04%   136 1250s
  6089  2439 1610148.93   37  307 1609677.69 1610341.86  0.04%   136 1255s
  6115  2453 1609928.02   46  280 1609677.69 1610339.98  0.04%   136 1260s
  6145  2461 1609972.64   41  293 1609677.69 1610338.23  0.04%   136 1266s
  6164  2472 1609899.36   46  293 1609677.69 1610337.55  0.04%   136 1270s
  6185  2480 1609774.22   43  287 1609677.69 1610334.88  0.04%   136 1275s
  6208  2491 1609767.71   43  259 1609677.69 1610333.08  0.04%   137 1280s
  6224  2490     cutoff   39      1609677.69 1610330.87  0.04%   137 1285s
  6252  2496 1609855.54   35  321 1609677.69 1610329.25  0.04%   137 1290s
  6280  2499 1609758.56   40  284 1609677.69 1610328.57  0.04%   137 1295s
  6312  2509 1609816.53   36  292 1609677.69 1610327.16  0.04%   137 1300s
  6348  2511 1610213.63   33  335 1609677.69 1610326.39  0.04%   137 1305s
  6375  2529 1609783.92   45  243 1609677.69 1610326.13  0.04%   137 1310s
  6395  2540 1609817.56   50  227 1609677.69 1610326.06  0.04%   137 1315s
  6422  2550 1609839.32   42  266 1609677.69 1610325.72  0.04%   137 1320s
  6445  2565 1609773.52   51  237 1609677.69 1610325.51  0.04%   137 1325s
  6462  2564 1609826.74   31  319 1609677.69 1610320.77  0.04%   137 1330s
  6486  2572 1609868.39   39  316 1609677.69 1610319.69  0.04%   137 1335s
  6517  2585 1609971.52   36  297 1609677.69 1610318.09  0.04%   137 1340s
  6545  2594 1609785.06   50  229 1609677.69 1610317.38  0.04%   137 1345s
  6582  2615 1609766.93   38  290 1609677.69 1610314.85  0.04%   137 1350s
  6610  2621 1609855.96   35  317 1609677.69 1610313.30  0.04%   137 1355s
  6642  2632 1610138.67   44  287 1609677.69 1610311.97  0.04%   137 1361s
H 6643  2509                    1609711.7204 1610311.97  0.04%   137 1361s
  6668  2519 1609797.80   35  288 1609711.72 1610311.88  0.04%   137 1365s
  6696  2529 1610133.66   36  313 1609711.72 1610306.82  0.04%   137 1370s
  6722  2543 1610031.51   40  302 1609711.72 1610306.33  0.04%   137 1375s
  6743  2550 1609855.13   36  280 1609711.72 1610304.23  0.04%   137 1380s
  6771  2560 1609998.09   43  289 1609711.72 1610300.90  0.04%   137 1385s
  6792  2573 1609728.55   54  181 1609711.72 1610299.85  0.04%   137 1390s
  6819  2581 1610125.56   41  316 1609711.72 1610297.22  0.04%   137 1395s
  6842  2595 1609804.01   43  247 1609711.72 1610296.08  0.04%   137 1400s
  6867  2600 1609831.00   46  249 1609711.72 1610293.47  0.04%   137 1405s
  6891  2606 1609832.55   45  246 1609711.72 1610293.32  0.04%   137 1410s
  6924  2616     cutoff   44      1609711.72 1610292.81  0.04%   137 1415s
  6945  2625 1609773.92   43  279 1609711.72 1610291.84  0.04%   137 1420s
  6967  2627 1609734.18   50  212 1609711.72 1610290.81  0.04%   137 1426s
  6984  2631 1609943.82   40  299 1609711.72 1610289.43  0.04%   138 1430s
  7002  2631 1609833.09   39  279 1609711.72 1610287.02  0.04%   138 1435s
  7014  2627 1610125.22   37  291 1609711.72 1610286.27  0.04%   138 1448s
  7022  2635 1609971.77   45  256 1609711.72 1610286.27  0.04%   138 1450s
  7034  2639 1609867.14   38  289 1609711.72 1610285.53  0.04%   138 1455s
  7047  2637 1609912.02   36  320 1609711.72 1610284.65  0.04%   138 1460s
  7067  2640 1609720.24   38  260 1609711.72 1610283.80  0.04%   138 1465s
  7076  2638 1609890.21   37  312 1609711.72 1610282.83  0.04%   139 1470s
  7094  2645     cutoff   52      1609711.72 1610282.27  0.04%   139 1475s
  7112  2648 1609742.75   47  221 1609711.72 1610281.91  0.04%   139 1480s
  7130  2651 1609883.36   42  293 1609711.72 1610281.82  0.04%   139 1485s
  7156  2664 1609951.40   49  262 1609711.72 1610280.39  0.04%   139 1490s
  7176  2671 1609923.91   36  295 1609711.72 1610277.92  0.04%   139 1495s
  7193  2670 1609969.11   35  303 1609711.72 1610276.79  0.04%   139 1500s
  7219  2670 1610079.03   33  335 1609711.72 1610272.62  0.03%   139 1505s
  7244  2683 1609828.97   40  279 1609711.72 1610272.40  0.03%   138 1510s
  7270  2689 1609825.82   43  290 1609711.72 1610270.35  0.03%   138 1515s
  7300  2699 1609751.08   45  231 1609711.72 1610269.01  0.03%   138 1520s
  7328  2706 1609909.51   35  311 1609711.72 1610267.87  0.03%   138 1525s
  7345  2711     cutoff   46      1609711.72 1610266.45  0.03%   138 1530s
  7370  2717 1609872.22   39  284 1609711.72 1610265.93  0.03%   139 1536s
  7382  2721 1609867.66   41  265 1609711.72 1610265.87  0.03%   139 1540s
  7398  2729 1609902.62   43  281 1609711.72 1610265.78  0.03%   139 1545s
  7421  2737 1609833.29   48  262 1609711.72 1610265.67  0.03%   139 1550s
  7448  2743     cutoff   45      1609711.72 1610262.68  0.03%   139 1555s
  7463  2745 1609729.06   39  242 1609711.72 1610261.78  0.03%   139 1560s
  7487  2749 1609759.54   43  261 1609711.72 1610261.41  0.03%   139 1565s
  7510  2742     cutoff   38      1609711.72 1610257.21  0.03%   139 1570s
  7526  2748 1610114.11   39  284 1609711.72 1610256.95  0.03%   139 1575s
  7556  2769 1609833.15   42  272 1609711.72 1610256.37  0.03%   139 1580s
  7585  2768 1610033.95   33  331 1609711.72 1610253.46  0.03%   139 1585s
  7616  2784 1609718.85   47  206 1609711.72 1610253.19  0.03%   139 1590s
  7635  2789     cutoff   48      1609711.72 1610252.11  0.03%   139 1595s
  7660  2804 1609832.53   50  244 1609711.72 1610251.78  0.03%   139 1600s
  7686  2808     cutoff   40      1609711.72 1610251.17  0.03%   139 1605s
  7711  2820 1609860.17   48  270 1609711.72 1610250.04  0.03%   139 1610s
  7730  2831     cutoff   50      1609711.72 1610247.42  0.03%   139 1615s
  7753  2838 1609937.79   39  280 1609711.72 1610246.98  0.03%   139 1620s
  7775  2850 1609865.24   45  241 1609711.72 1610246.68  0.03%   139 1625s
  7795  2855 1609749.57   44  229 1609711.72 1610246.63  0.03%   139 1630s
  7829  2865 1609766.04   42  259 1609711.72 1610245.99  0.03%   139 1635s
  7856  2860 1609930.06   40  279 1609711.72 1610243.34  0.03%   139 1640s
  7883  2869 1610075.19   37  314 1609711.72 1610242.00  0.03%   139 1645s
  7910  2878     cutoff   37      1609711.72 1610241.11  0.03%   139 1650s
  7926  2880 1609847.99   42  286 1609711.72 1610240.59  0.03%   139 1655s
  7949  2883 1609866.23   43  250 1609711.72 1610239.70  0.03%   139 1660s
  7973  2886     cutoff   53      1609711.72 1610237.95  0.03%   140 1665s
  7988  2899     cutoff   51      1609711.72 1610236.59  0.03%   140 1670s
  8003  2902 1609926.08   45  277 1609711.72 1610233.98  0.03%   140 1675s
  8028  2906 1609760.16   31  310 1609711.72 1610233.90  0.03%   140 1681s
  8047  2919 1609858.23   52  248 1609711.72 1610232.83  0.03%   140 1685s
  8062  2922 1609740.31   43  229 1609711.72 1610230.33  0.03%   140 1690s
  8080  2918 1609971.28   43  289 1609711.72 1610228.90  0.03%   140 1695s
  8097  2927 1610134.70   39  289 1609711.72 1610228.38  0.03%   140 1700s
  8121  2941     cutoff   58      1609711.72 1610228.38  0.03%   140 1705s
  8142  2947     cutoff   45      1609711.72 1610227.51  0.03%   140 1710s
  8169  2954     cutoff   46      1609711.72 1610224.58  0.03%   140 1715s
  8192  2957 1609784.43   43  248 1609711.72 1610223.20  0.03%   140 1720s
  8220  2963 1609793.49   50  253 1609711.72 1610221.92  0.03%   140 1725s
  8244  2969 1609722.17   42  241 1609711.72 1610221.68  0.03%   140 1730s
  8267  2968 1609877.86   45  271 1609711.72 1610220.47  0.03%   140 1735s
  8291  2976 1609865.78   41  273 1609711.72 1610218.48  0.03%   140 1740s
  8321  2978 1609981.94   46  266 1609711.72 1610218.02  0.03%   140 1745s
  8347  2989 1609908.36   56  256 1609711.72 1610217.88  0.03%   140 1750s
  8363  2991 1609857.52   36  290 1609711.72 1610217.39  0.03%   140 1755s
  8385  2999 1609714.16   50  176 1609711.72 1610214.38  0.03%   140 1760s
  8407  3004 1609786.14   49  249 1609711.72 1610213.04  0.03%   141 1765s
  8436  3017 1609932.34   44  256 1609711.72 1610212.97  0.03%   140 1771s
  8462  3027 1609860.63   41  272 1609711.72 1610212.09  0.03%   140 1775s
  8485  3028 1610166.14   42  299 1609711.72 1610211.28  0.03%   140 1780s
  8512  3048 1609861.75   41  269 1609711.72 1610210.36  0.03%   140 1785s
  8538  3057 1609768.89   43  260 1609711.72 1610209.64  0.03%   140 1790s
  8559  3059 1609729.44   48  225 1609711.72 1610209.55  0.03%   140 1795s
  8570  3056 1609923.47   43  284 1609711.72 1610207.02  0.03%   141 1800s
  8591  3068 1609848.47   40  301 1609711.72 1610206.95  0.03%   141 1805s
  8610  3076 1609873.20   51  257 1609711.72 1610206.48  0.03%   141 1810s
  8623  3084 1609799.63   56  228 1609711.72 1610206.48  0.03%   141 1815s
  8632  3082 1609870.88   44  264 1609711.72 1610205.48  0.03%   141 1820s
  8637  3084     cutoff   49      1609711.72 1610205.48  0.03%   141 1825s
  8654  3088 1609780.90   45  237 1609711.72 1610204.00  0.03%   141 1830s
  8676  3102 1609777.62   56  206 1609711.72 1610204.00  0.03%   141 1835s
  8699  3099 1609900.92   41  290 1609711.72 1610202.88  0.03%   141 1840s
  8714  3105 1609914.38   51  262 1609711.72 1610202.34  0.03%   141 1845s
  8734  3111 1609823.45   46  243 1609711.72 1610201.27  0.03%   141 1850s
  8752  3118 1609818.02   45  257 1609711.72 1610200.45  0.03%   141 1855s
  8777  3119 1609723.80   39  257 1609711.72 1610200.13  0.03%   141 1860s
  8796  3129 1609713.89   56  172 1609711.72 1610199.57  0.03%   141 1865s
  8813  3125 1609803.47   39  276 1609711.72 1610199.09  0.03%   141 1871s
  8819  3123 1609814.73   39  286 1609711.72 1610197.48  0.03%   142 1875s
  8834  3127 1609769.70   42  258 1609711.72 1610196.98  0.03%   142 1880s
  8848  3124 1609718.15   42  235 1609711.72 1610194.27  0.03%   142 1885s
  8867  3125 1610042.58   37  308 1609711.72 1610193.10  0.03%   142 1890s
  8888  3122     cutoff   44      1609711.72 1610190.25  0.03%   142 1895s
  8916  3127 1609829.48   37  275 1609711.72 1610188.46  0.03%   142 1901s
  8923  3125 1609755.30   44  250 1609711.72 1610187.93  0.03%   142 1905s
  8943  3135 1609801.07   50  233 1609711.72 1610187.52  0.03%   142 1910s
  8959  3132     cutoff   37      1609711.72 1610187.20  0.03%   142 1915s
  8965  3135 1609927.37   45  265 1609711.72 1610186.78  0.03%   142 1920s
  8989  3150 1609890.23   36  315 1609711.72 1610186.36  0.03%   142 1925s
  9006  3152 1609942.51   44  285 1609711.72 1610185.42  0.03%   142 1930s
  9018  3154 1609955.94   38  288 1609711.72 1610185.15  0.03%   142 1940s
  9039  3158 1609814.29   47  238 1609711.72 1610183.40  0.03%   142 1945s
  9062  3163     cutoff   48      1609711.72 1610182.93  0.03%   142 1950s
  9080  3168 1609898.84   44  278 1609711.72 1610180.31  0.03%   142 1956s
  9101  3175 1609813.76   40  278 1609711.72 1610179.03  0.03%   142 1960s
  9114  3177 1609896.94   46  249 1609711.72 1610178.71  0.03%   142 1965s
  9141  3180 1609787.10   38  300 1609711.72 1610178.23  0.03%   142 1970s
  9179  3186 1609940.69   41  295 1609711.72 1610177.51  0.03%   142 1975s
  9201  3199 1609825.01   49  251 1609711.72 1610176.94  0.03%   142 1980s
  9235  3200 1609893.41   46  240 1609711.72 1610175.93  0.03%   143 1986s
  9262  3204 1609716.23   44  193 1609711.72 1610174.84  0.03%   143 1990s
  9286  3200 1609741.32   39  245 1609711.72 1610173.63  0.03%   143 1995s
  9319  3200 1609772.32   39  252 1609711.72 1610173.03  0.03%   143 2001s
  9339  3201 1609870.59   37  290 1609711.72 1610170.51  0.03%   143 2005s
  9368  3202 1609796.86   33  285 1609711.72 1610168.20  0.03%   143 2010s
  9392  3209 1609806.14   44  252 1609711.72 1610167.65  0.03%   143 2015s
  9421  3215 1609791.45   40  273 1609711.72 1610166.55  0.03%   143 2020s
  9446  3220 1609755.08   43  274 1609711.72 1610165.17  0.03%   143 2025s
  9481  3219 1609759.92   47  224 1609711.72 1610163.19  0.03%   143 2030s
  9513  3228 1609800.57   44  254 1609711.72 1610162.57  0.03%   143 2035s
  9533  3228 1609835.27   38  290 1609711.72 1610162.31  0.03%   143 2040s
  9559  3229 1609988.28   44  279 1609711.72 1610161.74  0.03%   143 2045s
  9585  3243 1609762.65   45  222 1609711.72 1610161.53  0.03%   143 2050s
  9616  3256 1609848.47   41  270 1609711.72 1610160.96  0.03%   144 2056s
  9638  3260 1609884.70   46  275 1609711.72 1610160.87  0.03%   144 2060s
  9672  3270 1609718.26   40  260 1609711.72 1610160.78  0.03%   143 2065s
  9691  3276 1609813.21   39  265 1609711.72 1610158.76  0.03%   143 2070s
  9724  3282 1609853.52   52  206 1609711.72 1610157.40  0.03%   144 2075s
  9756  3286     cutoff   43      1609711.72 1610155.08  0.03%   143 2080s
  9782  3289 1609787.63   41  252 1609711.72 1610154.78  0.03%   144 2085s
  9817  3294 1609726.14   47  182 1609711.72 1610151.33  0.03%   144 2090s
  9846  3297 1609854.53   48  228 1609711.72 1610150.59  0.03%   144 2095s
  9871  3305 1609823.67   38  302 1609711.72 1610149.82  0.03%   144 2100s
  9895  3309 1609731.96   42  208 1609711.72 1610149.11  0.03%   144 2105s
  9918  3308 1609952.99   40  313 1609711.72 1610147.91  0.03%   144 2110s
  9945  3312 1609844.28   50  229 1609711.72 1610147.60  0.03%   144 2115s
  9972  3319 1609719.49   37  256 1609711.72 1610145.34  0.03%   144 2120s
  9996  3323 1609868.17   43  274 1609711.72 1610144.87  0.03%   144 2126s
 10014  3324 1609751.17   46  224 1609711.72 1610144.34  0.03%   144 2131s
 10030  3328 1609750.53   55  220 1609711.72 1610144.15  0.03%   144 2135s
 10053  3333 1609892.70   40  278 1609711.72 1610143.06  0.03%   144 2140s
 10080  3337 1609809.28   40  261 1609711.72 1610141.12  0.03%   144 2145s
 10105  3336 1609813.57   43  267 1609711.72 1610140.36  0.03%   144 2150s
 10135  3346     cutoff   48      1609711.72 1610139.52  0.03%   144 2155s
 10162  3343 1609738.04   44  233 1609711.72 1610138.78  0.03%   144 2160s
 10185  3351 1609758.15   39  271 1609711.72 1610138.34  0.03%   144 2165s
 10199  3345 1609957.41   40  286 1609711.72 1610136.73  0.03%   144 2170s
 10221  3355     cutoff   45      1609711.72 1610136.67  0.03%   144 2175s
 10248  3355 1609794.90   43  267 1609711.72 1610134.39  0.03%   144 2180s
 10270  3354 1609759.84   38  269 1609711.72 1610133.39  0.03%   144 2185s
 10280  3351 1609829.72   33  309 1609711.72 1610132.76  0.03%   145 2190s
 10302  3353 1609725.15   49  204 1609711.72 1610132.27  0.03%   145 2195s
 10333  3358 1609829.40   44  262 1609711.72 1610131.48  0.03%   145 2200s
 10358  3359 1609730.45   41  248 1609711.72 1610130.96  0.03%   145 2205s
 10377  3362 1609727.95   47  217 1609711.72 1610129.83  0.03%   145 2210s
 10401  3364 1609758.14   44  255 1609711.72 1610128.77  0.03%   145 2215s
 10423  3370 1609911.23   48  240 1609711.72 1610128.46  0.03%   145 2220s
 10457  3382 1609923.71   41  291 1609711.72 1610128.26  0.03%   145 2225s
 10488  3397     cutoff   52      1609711.72 1610128.13  0.03%   145 2230s
 10519  3398 1609739.31   47  213 1609711.72 1610127.16  0.03%   145 2235s
 10545  3401     cutoff   51      1609711.72 1610125.67  0.03%   145 2240s
 10572  3405 1609745.88   45  255 1609711.72 1610124.83  0.03%   145 2245s
 10603  3411 1609830.64   46  240 1609711.72 1610122.24  0.03%   145 2250s
 10628  3414 1609779.75   42  264 1609711.72 1610121.83  0.03%   145 2255s
 10643  3409 1609852.99   39  278 1609711.72 1610121.27  0.03%   145 2260s
 10666  3411     cutoff   38      1609711.72 1610120.89  0.03%   145 2265s
 10689  3414 1609828.80   43  274 1609711.72 1610120.59  0.03%   145 2271s
 10710  3419     cutoff   47      1609711.72 1610119.74  0.03%   145 2275s
 10735  3428 1609770.48   51  236 1609711.72 1610119.68  0.03%   145 2280s
 10768  3427 1609868.91   40  279 1609711.72 1610118.77  0.03%   145 2285s
 10786  3434 1609823.63   48  250 1609711.72 1610118.24  0.03%   145 2290s
 10816  3432     cutoff   38      1609711.72 1610117.26  0.03%   145 2295s
 10840  3436 1609951.57   39  289 1609711.72 1610115.56  0.03%   146 2300s
 10862  3447 1609748.00   44  244 1609711.72 1610114.87  0.03%   146 2305s
 10888  3445 1609840.10   45  247 1609711.72 1610114.25  0.03%   146 2311s
 10905  3455 1609721.53   51  180 1609711.72 1610114.02  0.02%   146 2315s
 10933  3452 1609801.55   47  238 1609711.72 1610112.38  0.02%   146 2320s
 10953  3452 1609768.09   47  228 1609711.72 1610112.31  0.02%   146 2325s
 10972  3459 1609731.49   50  179 1609711.72 1610112.19  0.02%   146 2330s
 10993  3462     cutoff   50      1609711.72 1610111.93  0.02%   146 2335s
 11020  3467 1609744.25   47  200 1609711.72 1610111.66  0.02%   146 2340s
 11036  3466 1609834.36   50  236 1609711.72 1610110.50  0.02%   146 2345s
 11084  3487 1609722.46   55  164 1609711.72 1610110.29  0.02%   146 2350s
 11113  3488 1609878.56   44  258 1609711.72 1610110.18  0.02%   146 2355s
 11137  3492     cutoff   45      1609711.72 1610109.06  0.02%   146 2360s
 11162  3494 1609922.08   37  308 1609711.72 1610108.27  0.02%   146 2365s
 11182  3497 1609931.28   49  265 1609711.72 1610108.07  0.02%   146 2370s
 11211  3498 1609859.19   41  263 1609711.72 1610107.64  0.02%   146 2375s
 11235  3498 1609865.73   40  286 1609711.72 1610107.48  0.02%   146 2380s
 11262  3507     cutoff   51      1609711.72 1610107.44  0.02%   146 2385s
 11286  3505 1609885.02   44  270 1609711.72 1610107.14  0.02%   146 2390s
 11312  3510 1609774.72   43  256 1609711.72 1610105.56  0.02%   146 2395s
 11332  3507 1609824.26   33  303 1609711.72 1610104.41  0.02%   146 2400s
 11359  3504 1609939.41   42  273 1609711.72 1610102.06  0.02%   146 2405s
 11375  3513 1609720.51   53  150 1609711.72 1610102.06  0.02%   146 2410s
 11401  3513     cutoff   41      1609711.72 1610100.30  0.02%   146 2415s
 11431  3515     cutoff   45      1609711.72 1610099.41  0.02%   146 2420s
 11455  3519 1609882.15   42  268 1609711.72 1610098.98  0.02%   146 2425s
 11489  3529 1609769.45   43  240 1609711.72 1610098.71  0.02%   146 2430s
 11523  3531 1609792.79   43  255 1609711.72 1610098.04  0.02%   146 2436s
 11530  3531 1609779.41   44  268 1609711.72 1610097.59  0.02%   146 2440s
 11550  3535 1609818.60   44  251 1609711.72 1610097.26  0.02%   146 2445s
 11571  3537 1609923.19   42  265 1609711.72 1610096.78  0.02%   146 2450s
 11598  3546 1609790.03   47  233 1609711.72 1610096.64  0.02%   146 2455s
 11621  3548 1609851.95   46  270 1609711.72 1610096.39  0.02%   146 2460s
 11652  3553 1609728.23   39  250 1609711.72 1610095.60  0.02%   146 2465s
 11677  3555 1609958.98   39  284 1609711.72 1610094.81  0.02%   146 2471s
 11693  3560 1609785.16   49  230 1609711.72 1610094.81  0.02%   146 2476s
 11709  3559 1609803.20   41  276 1609711.72 1610094.19  0.02%   146 2480s
 11740  3564 1609759.32   45  245 1609711.72 1610093.70  0.02%   146 2485s
 11756  3563 1609747.00   41  243 1609711.72 1610092.66  0.02%   146 2490s
 11771  3562 1609734.76   43  224 1609711.72 1610092.34  0.02%   147 2496s
 11787  3569 1609763.51   56  207 1609711.72 1610091.93  0.02%   147 2500s
 11816  3577 1609788.30   43  251 1609711.72 1610090.74  0.02%   147 2505s
 11850  3574 1609751.58   45  211 1609711.72 1610089.73  0.02%   147 2511s
 11868  3579 1609753.04   43  258 1609711.72 1610089.11  0.02%   147 2515s
 11881  3577 1609779.81   46  245 1609711.72 1610088.20  0.02%   147 2520s
 11898  3578 1609866.09   46  250 1609711.72 1610087.14  0.02%   147 2525s
 11920  3583 1609856.45   48  244 1609711.72 1610086.78  0.02%   147 2530s
 11941  3587 1609762.18   44  219 1609711.72 1610085.67  0.02%   147 2535s
 11967  3593 1609731.97   54  162 1609711.72 1610085.60  0.02%   147 2540s
 11980  3590 1609754.57   34  303 1609711.72 1610084.93  0.02%   147 2545s
 12008  3593     cutoff   48      1609711.72 1610084.60  0.02%   147 2550s
 12029  3598 1609780.31   42  239 1609711.72 1610083.91  0.02%   147 2555s
 12041  3598 1609775.77   46  258 1609711.72 1610083.44  0.02%   147 2560s
 12060  3595 1609961.95   40  290 1609711.72 1610082.95  0.02%   147 2565s
 12084  3607 1609898.85   44  251 1609711.72 1610082.59  0.02%   147 2570s
 12110  3616 1609717.67   51  123 1609711.72 1610082.53  0.02%   147 2575s
 12138  3612     cutoff   43      1609711.72 1610080.87  0.02%   147 2580s
 12156  3612 1609823.69   40  291 1609711.72 1610080.42  0.02%   147 2585s
 12179  3618 1609820.93   44  260 1609711.72 1610079.94  0.02%   147 2590s
 12203  3622 1609794.85   50  244 1609711.72 1610079.41  0.02%   147 2595s
 12217  3619 1609771.55   37  286 1609711.72 1610077.86  0.02%   147 2600s
 12238  3623 1609827.36   44  278 1609711.72 1610077.51  0.02%   147 2605s
 12267  3631     cutoff   39      1609711.72 1610077.02  0.02%   147 2610s
 12286  3638 1609773.10   48  222 1609711.72 1610076.36  0.02%   147 2615s
 12298  3638 1609815.78   48  184 1609711.72 1610075.64  0.02%   148 2620s
 12318  3636 1609919.33   42  292 1609711.72 1610074.47  0.02%   148 2625s
 12345  3643     cutoff   32      1609711.72 1610074.01  0.02%   148 2630s
 12371  3649 1609878.06   43  264 1609711.72 1610072.12  0.02%   148 2635s
 12410  3653 1609875.24   45  286 1609711.72 1610071.25  0.02%   148 2640s
 12436  3657 1609722.62   46  193 1609711.72 1610070.88  0.02%   148 2645s
 12470  3660 1609843.64   34  304 1609711.72 1610070.25  0.02%   148 2650s
 12508  3661 1609765.68   47  228 1609711.72 1610069.67  0.02%   148 2655s
 12542  3671 1609792.41   37  291 1609711.72 1610069.29  0.02%   148 2660s
 12566  3675 1609759.56   46  256 1609711.72 1610068.45  0.02%   148 2665s
 12601  3672 1609798.01   48  230 1609711.72 1610066.87  0.02%   148 2670s
 12640  3671     cutoff   50      1609711.72 1610065.07  0.02%   148 2675s
 12674  3686 1609764.55   52  203 1609711.72 1610064.88  0.02%   148 2680s
 12697  3684 1609792.99   38  266 1609711.72 1610063.22  0.02%   148 2685s
 12734  3686 1609762.77   49  214 1609711.72 1610062.21  0.02%   148 2690s
 12760  3682 1609872.38   50  247 1609711.72 1610060.63  0.02%   148 2695s
 12794  3694 1609767.69   55  214 1609711.72 1610060.19  0.02%   148 2700s
 12819  3698 1609723.06   52  177 1609711.72 1610059.46  0.02%   148 2705s
 12853  3709 1609712.59   53  151 1609711.72 1610058.81  0.02%   148 2710s
 12876  3710     cutoff   43      1609711.72 1610058.32  0.02%   148 2715s
 12903  3708     cutoff   48      1609711.72 1610056.50  0.02%   148 2720s
 12920  3703     cutoff   43      1609711.72 1610055.31  0.02%   148 2725s
 12941  3702 1609792.76   38  255 1609711.72 1610055.11  0.02%   148 2731s
 12956  3699 1609759.27   44  242 1609711.72 1610052.45  0.02%   149 2735s
 12970  3700 1609736.71   57  181 1609711.72 1610052.24  0.02%   149 2740s
 12993  3701 1609742.95   49  202 1609711.72 1610051.54  0.02%   149 2745s
 13026  3701 1609728.01   49  220 1609711.72 1610050.61  0.02%   149 2750s
 13070  3709 1609736.45   48  218 1609711.72 1610050.02  0.02%   149 2755s
 13097  3716 1609739.56   51  174 1609711.72 1610049.41  0.02%   149 2760s
 13131  3726 1609716.06   55  169 1609711.72 1610049.01  0.02%   149 2765s
 13153  3725 1609806.64   50  248 1609711.72 1610048.59  0.02%   149 2770s
 13180  3729 1609726.54   47  240 1609711.72 1610047.41  0.02%   149 2775s
 13211  3732 1609876.48   40  294 1609711.72 1610046.27  0.02%   149 2780s
 13236  3729 1609811.73   45  276 1609711.72 1610045.48  0.02%   149 2785s
 13261  3725 1609729.43   45  202 1609711.72 1610044.21  0.02%   149 2790s
 13283  3724 1609798.44   45  245 1609711.72 1610042.93  0.02%   149 2795s
 13304  3718 1609847.35   43  260 1609711.72 1610041.43  0.02%   149 2800s
 13325  3716 1609774.90   43  252 1609711.72 1610041.07  0.02%   149 2805s
 13361  3720 1609785.96   50  243 1609711.72 1610040.58  0.02%   149 2810s
 13392  3724 1609739.08   55  184 1609711.72 1610040.38  0.02%   149 2815s
 13414  3724 1609736.26   45  226 1609711.72 1610040.01  0.02%   149 2820s
 13434  3722 1609846.07   39  272 1609711.72 1610039.31  0.02%   149 2825s
 13461  3728 1609843.20   44  273 1609711.72 1610039.06  0.02%   149 2830s
 13489  3724     cutoff   41      1609711.72 1610038.46  0.02%   149 2835s
 13510  3718 1609794.27   45  234 1609711.72 1610036.27  0.02%   149 2840s
 13543  3722 1609759.69   48  225 1609711.72 1610035.83  0.02%   149 2845s
 13562  3720 1609853.33   48  245 1609711.72 1610034.77  0.02%   149 2850s
 13588  3731 1609747.37   53  182 1609711.72 1610034.43  0.02%   149 2855s
 13615  3732 1609744.38   47  204 1609711.72 1610033.61  0.02%   149 2860s
 13638  3733 1609779.60   44  251 1609711.72 1610032.78  0.02%   149 2865s
 13667  3734 1609789.74   45  252 1609711.72 1610031.97  0.02%   149 2870s
 13697  3736 1609808.59   44  262 1609711.72 1610031.60  0.02%   149 2875s
 13723  3736 1609764.06   45  224 1609711.72 1610031.47  0.02%   149 2880s
 13748  3733     cutoff   43      1609711.72 1610031.11  0.02%   149 2886s
 13770  3738 1609750.78   36  304 1609711.72 1610030.69  0.02%   149 2890s
 13794  3736 1609811.30   40  271 1609711.72 1610029.92  0.02%   149 2895s
 13824  3738 1609833.12   44  271 1609711.72 1610029.44  0.02%   149 2900s
 13854  3738 1609818.97   39  273 1609711.72 1610028.52  0.02%   150 2905s
 13873  3738 1609750.90   52  188 1609711.72 1610028.43  0.02%   150 2910s
 13905  3735 1609916.68   40  265 1609711.72 1610026.39  0.02%   150 2915s
 13929  3735     cutoff   42      1609711.72 1610025.84  0.02%   150 2920s
 13950  3738 1609781.36   48  245 1609711.72 1610025.52  0.02%   150 2925s
 13977  3744 1609770.82   50  235 1609711.72 1610024.94  0.02%   150 2930s
 13999  3736     cutoff   45      1609711.72 1610024.35  0.02%   150 2935s
 14019  3737     cutoff   48      1609711.72 1610023.82  0.02%   150 2940s
 14043  3733 1609745.20   48  216 1609711.72 1610023.27  0.02%   150 2945s
 14071  3736     cutoff   52      1609711.72 1610023.04  0.02%   150 2950s
 14095  3746 1609796.47   49  244 1609711.72 1610022.61  0.02%   150 2955s
 14120  3748     cutoff   47      1609711.72 1610021.82  0.02%   150 2960s
 14144  3750 1609725.54   51  217 1609711.72 1610021.34  0.02%   150 2965s
 14171  3743 1609819.00   39  281 1609711.72 1610020.10  0.02%   150 2970s
 14213  3751 1609801.41   38  271 1609711.72 1610018.52  0.02%   150 2975s
 14234  3756 1609736.37   51  201 1609711.72 1610018.27  0.02%   150 2980s
 14248  3751 1609747.23   49  225 1609711.72 1610017.86  0.02%   150 2985s
 14274  3747     cutoff   33      1609711.72 1610017.20  0.02%   150 2990s
 14292  3750 1609745.31   45  195 1609711.72 1610016.82  0.02%   150 2995s
 14314  3747     cutoff   37      1609711.72 1610016.41  0.02%   150 3000s
 14341  3758     cutoff   51      1609711.72 1610015.74  0.02%   150 3005s
 14363  3751 1609756.12   49  218 1609711.72 1610015.16  0.02%   150 3010s
 14387  3747 1609745.71   49  185 1609711.72 1610014.42  0.02%   150 3015s
 14420  3738 1609870.76   43  289 1609711.72 1610012.82  0.02%   150 3020s
 14435  3739 1609739.11   48  230 1609711.72 1610012.36  0.02%   150 3025s
 14461  3739 1609786.95   47  233 1609711.72 1610012.18  0.02%   150 3030s
 14483  3734 1609730.77   41  246 1609711.72 1610011.69  0.02%   150 3035s
 14498  3726     cutoff   50      1609711.72 1610011.07  0.02%   150 3040s
 14518  3722 1609954.77   46  292 1609711.72 1610010.52  0.02%   150 3045s
 14543  3722 1609797.05   42  266 1609711.72 1610010.10  0.02%   150 3050s
 14566  3719 1609736.86   42  245 1609711.72 1610009.15  0.02%   150 3055s
 14593  3715 1609724.55   37  290 1609711.72 1610007.93  0.02%   150 3060s
 14607  3707 1609849.86   42  273 1609711.72 1610006.95  0.02%   151 3075s
 14628  3703 1609788.08   45  248 1609711.72 1610006.34  0.02%   151 3080s
 14659  3700 1609841.87   50  268 1609711.72 1610005.43  0.02%   151 3085s
 14682  3698 1609881.83   43  280 1609711.72 1610005.29  0.02%   151 3090s
 14713  3703 1609796.50   46  249 1609711.72 1610004.81  0.02%   151 3095s
 14739  3703     cutoff   47      1609711.72 1610004.16  0.02%   151 3100s
 14770  3704 1609816.88   46  247 1609711.72 1610003.28  0.02%   151 3105s
 14786  3708 1609765.77   48  214 1609711.72 1610003.14  0.02%   151 3110s
 14806  3705 1609793.36   48  238 1609711.72 1610002.52  0.02%   151 3115s
 14825  3702 1609779.31   44  230 1609711.72 1610002.35  0.02%   151 3120s
 14852  3699     cutoff   48      1609711.72 1610002.14  0.02%   151 3125s
 14882  3697 1609758.60   42  232 1609711.72 1610001.14  0.02%   151 3130s
 14902  3692 1609734.50   40  275 1609711.72 1610000.05  0.02%   151 3135s
 14912  3689 1609718.50   39  233 1609711.72 1609999.75  0.02%   151 3140s
 14935  3682 1609723.55   43  211 1609711.72 1609998.40  0.02%   151 3148s
 14938  3681 1609750.37   50  224 1609711.72 1609998.26  0.02%   151 3150s
 14963  3678 1609717.98   42  248 1609711.72 1609997.66  0.02%   151 3155s
 14981  3672 1609815.93   43  241 1609711.72 1609996.91  0.02%   151 3160s
 15007  3678     cutoff   52      1609711.72 1609995.93  0.02%   151 3165s
 15030  3687 1609743.41   54  189 1609711.72 1609995.43  0.02%   151 3171s
 15048  3679     cutoff   39      1609711.72 1609995.03  0.02%   151 3175s
 15067  3674 1609847.92   41  274 1609711.72 1609994.09  0.02%   151 3180s
 15082  3676 1609740.79   47  223 1609711.72 1609993.59  0.02%   151 3186s
 15092  3674 1609797.27   41  264 1609711.72 1609993.06  0.02%   151 3190s
 15116  3674 1609777.46   43  256 1609711.72 1609992.51  0.02%   151 3195s
 15141  3666 1609754.82   46  201 1609711.72 1609991.74  0.02%   151 3200s
 15166  3669 1609833.83   43  267 1609711.72 1609990.92  0.02%   151 3205s
 15183  3671 1609733.43   42  253 1609711.72 1609990.79  0.02%   151 3212s
 15202  3670 1609864.94   47  258 1609711.72 1609990.57  0.02%   151 3215s
 15233  3680 1609735.61   43  202 1609711.72 1609990.06  0.02%   151 3220s
 15247  3676 1609806.91   47  244 1609711.72 1609988.87  0.02%   151 3225s
 15261  3676 1609722.98   46  213 1609711.72 1609988.83  0.02%   151 3230s
 15287  3671 1609868.68   48  253 1609711.72 1609987.28  0.02%   151 3235s
 15309  3674 1609845.29   42  273 1609711.72 1609986.54  0.02%   151 3240s
 15335  3672 1609726.48   36  291 1609711.72 1609985.01  0.02%   151 3245s
 15358  3674 1609854.14   40  304 1609711.72 1609984.14  0.02%   151 3250s
 15369  3674 1609756.77   47  199 1609711.72 1609983.91  0.02%   151 3255s
 15389  3672 1609818.14   50  252 1609711.72 1609983.23  0.02%   151 3260s
 15412  3672 1609863.97   48  264 1609711.72 1609983.14  0.02%   151 3265s
 15432  3670 1609776.51   49  215 1609711.72 1609982.40  0.02%   151 3271s
 15444  3671 1609734.89   55  211 1609711.72 1609982.09  0.02%   152 3275s
 15473  3668 1609798.01   47  264 1609711.72 1609981.56  0.02%   152 3280s
 15491  3666     cutoff   43      1609711.72 1609981.05  0.02%   152 3285s
 15512  3665 1609767.98   52  215 1609711.72 1609980.67  0.02%   152 3290s
 15537  3667     cutoff   42      1609711.72 1609980.63  0.02%   152 3295s
 15542  3664 1609757.71   46  211 1609711.72 1609980.31  0.02%   152 3300s
 15570  3664 1609799.01   49  237 1609711.72 1609979.45  0.02%   152 3305s
 15597  3659 1609810.14   43  260 1609711.72 1609978.60  0.02%   152 3310s
 15623  3652 1609768.04   45  260 1609711.72 1609977.92  0.02%   152 3316s
 15645  3642 1609870.88   44  291 1609711.72 1609976.67  0.02%   152 3320s
 15671  3642 1609726.70   46  222 1609711.72 1609976.09  0.02%   152 3325s
 15691  3630     cutoff   45      1609711.72 1609975.83  0.02%   152 3330s
 15709  3628 1609731.06   45  237 1609711.72 1609975.44  0.02%   152 3335s
 15741  3622 1609739.23   42  233 1609711.72 1609974.86  0.02%   153 3340s
 15759  3614 1609790.19   45  260 1609711.72 1609974.26  0.02%   153 3346s
 15779  3613 1609730.75   47  193 1609711.72 1609974.07  0.02%   153 3350s
 15816  3608     cutoff   45      1609711.72 1609973.42  0.02%   153 3355s
 15841  3604 1609827.76   43  246 1609711.72 1609972.38  0.02%   153 3360s
 15864  3599 1609837.15   41  264 1609711.72 1609971.09  0.02%   153 3365s
 15891  3594     cutoff   42      1609711.72 1609970.09  0.02%   153 3370s
 15918  3591     cutoff   55      1609711.72 1609968.61  0.02%   153 3375s
 15959  3577 1609883.87   52  241 1609711.72 1609966.67  0.02%   153 3380s
 15990  3581 1609793.59   53  225 1609711.72 1609966.48  0.02%   153 3385s
 16009  3579 1609768.40   44  245 1609711.72 1609965.90  0.02%   153 3390s
 16041  3575 1609802.14   46  245 1609711.72 1609965.49  0.02%   153 3395s
 16080  3575 1609774.03   48  232 1609711.72 1609964.44  0.02%   153 3400s
 16110  3570 1609839.65   47  255 1609711.72 1609963.21  0.02%   153 3405s
 16152  3568 1609830.63   48  226 1609711.72 1609962.45  0.02%   153 3410s
 16196  3564 1609756.31   42  220 1609711.72 1609961.54  0.02%   153 3415s
 16222  3551 1609768.72   48  228 1609711.72 1609960.39  0.02%   153 3420s
 16251  3555 1609733.36   45  245 1609711.72 1609960.02  0.02%   153 3425s
 16286  3548 1609742.33   44  255 1609711.72 1609959.42  0.02%   153 3430s
 16310  3544 1609717.84   42  215 1609711.72 1609958.51  0.02%   153 3435s
 16324  3535     cutoff   41      1609711.72 1609957.72  0.02%   153 3440s
 16343  3527 1609804.92   40  288 1609711.72 1609956.55  0.02%   154 3445s
 16367  3517 1609747.74   48  218 1609711.72 1609955.35  0.02%   154 3450s
 16383  3513 1609801.86   49  239 1609711.72 1609954.84  0.02%   154 3455s
 16416  3512 1609854.66   48  242 1609711.72 1609954.32  0.02%   154 3460s
 16443  3517     cutoff   48      1609711.72 1609954.21  0.02%   154 3465s
 16464  3511 1609851.76   47  282 1609711.72 1609953.86  0.02%   154 3472s
 16494  3502     cutoff   36      1609711.72 1609953.29  0.02%   154 3475s
 16514  3500 1609737.98   48  200 1609711.72 1609952.92  0.01%   154 3480s
 16546  3487 1609778.58   51  223 1609711.72 1609951.50  0.01%   154 3485s
 16579  3497 1609730.59   49  158 1609711.72 1609951.43  0.01%   153 3490s
 16605  3490 1609824.64   42  261 1609711.72 1609950.81  0.01%   154 3496s
 16624  3490 1609722.14   46  206 1609711.72 1609950.65  0.01%   154 3500s
 16641  3483 1609758.11   45  232 1609711.72 1609949.84  0.01%   154 3505s
 16658  3477 1609926.42   42  282 1609711.72 1609949.53  0.01%   154 3510s
 16687  3482 1609754.65   48  214 1609711.72 1609949.09  0.01%   154 3515s
 16713  3482 1609750.95   41  265 1609711.72 1609948.91  0.01%   154 3521s
 16727  3472 1609744.15   46  207 1609711.72 1609947.82  0.01%   154 3525s
 16750  3466 1609731.91   38  294 1609711.72 1609947.15  0.01%   154 3530s
 16769  3460 1609920.90   47  279 1609711.72 1609945.95  0.01%   154 3535s
 16798  3465 1609742.23   44  253 1609711.72 1609945.73  0.01%   154 3540s
 16826  3457     cutoff   52      1609711.72 1609944.71  0.01%   154 3545s
 16859  3457 1609792.53   46  242 1609711.72 1609943.96  0.01%   154 3550s
 16890  3454     cutoff   48      1609711.72 1609943.04  0.01%   154 3555s
 16920  3455     cutoff   49      1609711.72 1609942.72  0.01%   154 3560s
 16944  3452 1609804.45   42  264 1609711.72 1609941.99  0.01%   154 3565s
 16983  3448 1609813.26   38  292 1609711.72 1609941.39  0.01%   154 3570s
 17016  3449 1609810.92   49  241 1609711.72 1609940.94  0.01%   154 3575s
 17043  3451 1609752.55   43  247 1609711.72 1609940.76  0.01%   154 3580s
 17066  3455 1609761.85   45  238 1609711.72 1609940.32  0.01%   154 3585s
 17099  3449 1609727.06   43  210 1609711.72 1609939.32  0.01%   154 3590s
 17138  3453 1609717.78   54  184 1609711.72 1609939.27  0.01%   153 3595s
 17164  3441     cutoff   43      1609711.72 1609938.27  0.01%   153 3600s
 17179  3447 1609722.75   51  189 1609711.72 1609938.19  0.01%   153 3605s
 17203  3434     cutoff   54      1609711.72 1609937.54  0.01%   154 3610s
 17221  3427 1609754.36   40  272 1609711.72 1609936.82  0.01%   154 3615s
 17237  3423     cutoff   41      1609711.72 1609936.63  0.01%   154 3620s
 17260  3418 1609740.03   44  231 1609711.72 1609935.79  0.01%   154 3625s
 17290  3422 1609721.71   44  245 1609711.72 1609935.62  0.01%   154 3630s
 17313  3423 1609741.48   48  218 1609711.72 1609934.98  0.01%   154 3635s
 17338  3422 1609747.47   46  211 1609711.72 1609934.25  0.01%   154 3640s
 17360  3423 1609803.47   47  228 1609711.72 1609933.76  0.01%   154 3645s
 17386  3421 1609809.36   50  233 1609711.72 1609933.23  0.01%   154 3650s
 17411  3410 1609778.95   50  206 1609711.72 1609931.92  0.01%   154 3655s
 17433  3402 1609813.44   45  257 1609711.72 1609931.20  0.01%   154 3660s
 17447  3398 1609839.18   47  256 1609711.72 1609930.90  0.01%   154 3665s
 17470  3391 1609737.21   40  248 1609711.72 1609929.72  0.01%   154 3670s
 17492  3387 1609718.34   45  202 1609711.72 1609929.00  0.01%   154 3675s
 17512  3384 1609747.40   42  242 1609711.72 1609928.45  0.01%   154 3680s
 17542  3380 1609827.75   46  219 1609711.72 1609927.98  0.01%   154 3685s
 17573  3376     cutoff   48      1609711.72 1609927.39  0.01%   154 3690s
 17590  3369 1609866.02   46  267 1609711.72 1609926.54  0.01%   154 3695s
 17607  3364     cutoff   43      1609711.72 1609926.07  0.01%   154 3700s
 17627  3354 1609772.25   49  230 1609711.72 1609925.04  0.01%   154 3705s
 17646  3352 1609854.39   51  243 1609711.72 1609924.83  0.01%   154 3710s
 17694  3370     cutoff   42      1609711.72 1609924.68  0.01%   154 3716s
 17708  3374 1609762.10   48  225 1609711.72 1609924.51  0.01%   154 3720s
 17731  3366     cutoff   55      1609711.72 1609923.93  0.01%   154 3725s
 17760  3358     cutoff   45      1609711.72 1609923.05  0.01%   154 3730s
 17779  3353 1609739.56   53  205 1609711.72 1609922.69  0.01%   154 3735s
 17811  3349 1609808.69   44  264 1609711.72 1609922.33  0.01%   154 3740s
 17838  3344     cutoff   38      1609711.72 1609921.90  0.01%   154 3745s
 17863  3345 1609761.82   48  208 1609711.72 1609920.96  0.01%   154 3750s
 17896  3336 1609791.83   36  291 1609711.72 1609920.54  0.01%   154 3755s
 17911  3333 1609728.49   42  250 1609711.72 1609919.53  0.01%   154 3760s
 17932  3332 1609732.41   49  224 1609711.72 1609919.19  0.01%   154 3765s
 17956  3317     cutoff   44      1609711.72 1609918.32  0.01%   154 3770s
 17979  3314     cutoff   39      1609711.72 1609917.43  0.01%   154 3775s
 17995  3306 1609831.92   43  248 1609711.72 1609916.15  0.01%   154 3780s
 18024  3295     cutoff   46      1609711.72 1609914.98  0.01%   154 3785s
 18040  3291     cutoff   48      1609711.72 1609914.42  0.01%   154 3790s
 18061  3288 1609770.59   43  251 1609711.72 1609913.93  0.01%   154 3795s
 18091  3282 1609719.93   40  240 1609711.72 1609913.08  0.01%   154 3800s
 18112  3276 1609858.50   45  257 1609711.72 1609912.56  0.01%   154 3805s
 18137  3273     cutoff   42      1609711.72 1609912.11  0.01%   154 3810s
 18161  3271 1609885.21   42  278 1609711.72 1609911.62  0.01%   154 3815s
 18195  3275 1609729.42   48  211 1609711.72 1609911.05  0.01%   154 3820s
 18215  3270 1609801.30   49  247 1609711.72 1609909.90  0.01%   154 3825s
 18239  3266     cutoff   49      1609711.72 1609909.71  0.01%   154 3830s
 18260  3259     cutoff   50      1609711.72 1609909.46  0.01%   154 3835s
 18281  3250 1609777.97   50  231 1609711.72 1609908.72  0.01%   154 3840s
 18306  3251 1609744.13   52  215 1609711.72 1609908.27  0.01%   154 3845s
 18329  3243     cutoff   46      1609711.72 1609907.29  0.01%   154 3850s
 18354  3236 1609736.94   47  191 1609711.72 1609906.56  0.01%   154 3855s
 18374  3227     cutoff   44      1609711.72 1609906.06  0.01%   154 3860s
 18397  3222 1609735.17   41  224 1609711.72 1609905.50  0.01%   154 3865s
 18421  3204     cutoff   49      1609711.72 1609904.09  0.01%   154 3870s
 18442  3193     cutoff   41      1609711.72 1609903.38  0.01%   155 3875s
 18469  3194 1609713.11   49  175 1609711.72 1609902.83  0.01%   155 3880s
 18495  3188     cutoff   48      1609711.72 1609902.66  0.01%   155 3885s
 18529  3190 1609796.96   47  236 1609711.72 1609902.45  0.01%   154 3890s
 18550  3187 1609727.53   42  262 1609711.72 1609902.12  0.01%   154 3895s
 18572  3180 1609730.43   44  248 1609711.72 1609901.45  0.01%   155 3900s
 18603  3174 1609732.86   46  233 1609711.72 1609900.35  0.01%   154 3905s
 18628  3166 1609812.88   47  248 1609711.72 1609899.57  0.01%   154 3910s
 18655  3155 1609776.76   40  265 1609711.72 1609898.49  0.01%   154 3915s
 18686  3141 1609740.01   43  248 1609711.72 1609897.65  0.01%   154 3920s
 18716  3130 1609850.13   47  281 1609711.72 1609896.78  0.01%   154 3925s
 18745  3129 1609794.28   45  248 1609711.72 1609896.54  0.01%   154 3930s
 18783  3123 1609754.16   42  263 1609711.72 1609896.02  0.01%   154 3935s
 18810  3121 1609747.70   53  195 1609711.72 1609895.66  0.01%   154 3940s
 18835  3109 1609767.04   46  224 1609711.72 1609894.50  0.01%   154 3945s
 18858  3106 1609751.87   47  217 1609711.72 1609894.16  0.01%   154 3950s
 18886  3088     cutoff   48      1609711.72 1609893.09  0.01%   154 3955s
 18917  3097 1609778.14   48  232 1609711.72 1609892.50  0.01%   154 3960s
 18936  3092 1609734.61   45  248 1609711.72 1609891.99  0.01%   154 3965s
 18960  3088 1609721.72   51  176 1609711.72 1609891.74  0.01%   154 3970s
 18999  3067 1609819.83   42  265 1609711.72 1609890.52  0.01%   154 3975s
 19030  3062 1609724.14   47  210 1609711.72 1609890.26  0.01%   154 3980s
 19059  3058     cutoff   51      1609711.72 1609889.92  0.01%   154 3985s
 19070  3056 1609743.45   50  197 1609711.72 1609889.62  0.01%   154 3990s
 19096  3052 1609767.32   44  222 1609711.72 1609888.88  0.01%   154 3995s
 19133  3041 1609731.07   45  214 1609711.72 1609888.07  0.01%   154 4000s
 19174  3032     cutoff   46      1609711.72 1609887.40  0.01%   154 4005s
 19207  3023 1609743.03   52  184 1609711.72 1609886.46  0.01%   154 4010s
 19249  3010 1609725.30   47  221 1609711.72 1609885.44  0.01%   154 4015s
 19278  2993     cutoff   51      1609711.72 1609884.52  0.01%   154 4020s
 19304  2983 1609768.34   48  232 1609711.72 1609883.46  0.01%   154 4026s
 19327  2976     cutoff   41      1609711.72 1609882.76  0.01%   154 4030s
 19353  2970     cutoff   45      1609711.72 1609882.21  0.01%   154 4035s
 19404  2934     cutoff   49      1609711.72 1609879.84  0.01%   154 4040s
 19443  2919     cutoff   42      1609711.72 1609878.88  0.01%   154 4045s
 19467  2906 1609796.16   45  246 1609711.72 1609878.20  0.01%   154 4050s
 19506  2884 1609768.11   48  241 1609711.72 1609877.08  0.01%   154 4055s
 19544  2881     cutoff   44      1609711.72 1609876.79  0.01%   154 4060s
 19578  2860 1609747.10   46  263 1609711.72 1609874.93  0.01%   154 4067s
 19594  2852     cutoff   52      1609711.72 1609874.33  0.01%   154 4070s
 19620  2839     cutoff   41      1609711.72 1609873.72  0.01%   154 4075s
 19658  2835 1609825.28   40  289 1609711.72 1609872.98  0.01%   154 4080s
 19687  2822 1609820.46   43  266 1609711.72 1609872.29  0.01%   154 4089s
 19692  2825 1609719.47   47  193 1609711.72 1609872.29  0.01%   154 4090s
 19723  2805 1609786.84   44  244 1609711.72 1609870.78  0.01%   154 4095s
 19761  2803 1609788.85   46  243 1609711.72 1609870.26  0.01%   154 4100s
 19813  2796 1609737.39   46  199 1609711.72 1609869.80  0.01%   154 4105s
 19852  2778 1609769.31   52  219 1609711.72 1609868.85  0.01%   154 4110s
 19882  2766     cutoff   43      1609711.72 1609868.41  0.01%   154 4115s
 19911  2764 1609723.61   47  225 1609711.72 1609868.10  0.01%   154 4120s
 19946  2751 1609793.03   49  231 1609711.72 1609867.48  0.01%   154 4125s
 19985  2746 1609716.39   52  163 1609711.72 1609867.19  0.01%   154 4130s
 20019  2739 1609725.70   53  192 1609711.72 1609866.79  0.01%   154 4135s
 20045  2731 1609736.15   48  199 1609711.72 1609866.28  0.01%   154 4140s
 20075  2714 1609724.69   56  100 1609711.72 1609865.73  0.01%   154 4145s
 20119  2698 1609755.71   48  223 1609711.72 1609865.16  0.01%   154 4150s
 20151  2678 1609735.60   42  221 1609711.72 1609864.06  0.01%   154 4155s
 20184  2668 1609727.32   54  160 1609711.72 1609863.27  0.01%   154 4160s
 20216  2656     cutoff   46      1609711.72 1609862.64  0.01%   154 4165s
 20246  2652 1609718.16   49  166 1609711.72 1609862.29  0.01%   154 4170s
 20279  2638 1609758.24   57  176 1609711.72 1609861.52  0.01%   154 4175s
 20325  2621     cutoff   37      1609711.72 1609860.61  0.01%   154 4180s
 20368  2602 1609722.65   52  196 1609711.72 1609858.96  0.01%   154 4185s
 20407  2581     cutoff   45      1609711.72 1609857.95  0.01%   154 4190s
 20441  2576 1609844.15   42  278 1609711.72 1609857.33  0.01%   154 4195s
 20465  2567 1609811.02   45  254 1609711.72 1609856.81  0.01%   154 4200s
 20511  2538     cutoff   47      1609711.72 1609854.85  0.01%   154 4205s
 20551  2522 1609728.15   53  194 1609711.72 1609853.41  0.01%   154 4210s
 20580  2510 1609750.28   54  230 1609711.72 1609853.11  0.01%   154 4215s
 20619  2500 1609727.63   51  113 1609711.72 1609852.76  0.01%   154 4220s
 20653  2491     cutoff   42      1609711.72 1609852.16  0.01%   154 4225s
 20681  2474 1609741.48   51  207 1609711.72 1609851.30  0.01%   154 4230s
 20707  2465 1609728.43   45  212 1609711.72 1609850.90  0.01%   154 4235s
 20742  2447 1609768.23   45  235 1609711.72 1609850.03  0.01%   154 4240s
 20773  2428 1609774.38   44  249 1609711.72 1609848.98  0.01%   154 4246s
 20799  2422 1609761.60   48  195 1609711.72 1609848.74  0.01%   154 4250s
 20832  2410 1609760.07   47  255 1609711.72 1609848.06  0.01%   154 4255s
 20867  2399 1609719.05   53  174 1609711.72 1609847.71  0.01%   154 4260s
 20908  2379 1609767.00   45  226 1609711.72 1609846.70  0.01%   154 4265s
 20944  2357 1609729.96   50  198 1609711.72 1609845.69  0.01%   154 4270s
 20970  2356 1609722.70   48  191 1609711.72 1609845.42  0.01%   154 4275s
 21008  2331     cutoff   44      1609711.72 1609844.29  0.01%   154 4280s
 21042  2327 1609763.05   49  213 1609711.72 1609843.45  0.01%   154 4286s
 21071  2320 1609724.02   54  181 1609711.72 1609842.89  0.01%   154 4290s
 21107  2299 1609732.18   50  201 1609711.72 1609842.13  0.01%   154 4295s
 21139  2279 1609737.37   48  201 1609711.72 1609841.53  0.01%   154 4300s
 21163  2262     cutoff   46      1609711.72 1609841.13  0.01%   154 4305s
 21200  2240 1609732.95   55  188 1609711.72 1609839.96  0.01%   154 4310s
 21235  2225 1609730.15   51  192 1609711.72 1609838.92  0.01%   154 4315s
 21271  2193 1609757.00   50  212 1609711.72 1609837.59  0.01%   154 4320s
 21297  2183 1609749.65   49  219 1609711.72 1609837.00  0.01%   154 4325s
 21339  2177 1609725.87   49  195 1609711.72 1609836.85  0.01%   154 4330s
 21376  2153     cutoff   44      1609711.72 1609835.38  0.01%   154 4335s
 21410  2131     cutoff   45      1609711.72 1609834.68  0.01%   154 4340s
 21442  2109 1609765.75   51  223 1609711.72 1609833.48  0.01%   154 4345s
 21472  2097 1609717.99   51  155 1609711.72 1609832.66  0.01%   154 4350s
 21519  2067     cutoff   48      1609711.72 1609831.51  0.01%   154 4355s
 21564  2025     cutoff   48      1609711.72 1609829.68  0.01%   154 4360s
 21597  2009 1609728.39   48  227 1609711.72 1609828.89  0.01%   154 4365s
 21630  1994 1609790.36   48  213 1609711.72 1609828.02  0.01%   153 4370s
 21664  1978 1609756.50   44  226 1609711.72 1609827.27  0.01%   153 4375s
 21699  1969 1609745.37   54  184 1609711.72 1609826.93  0.01%   153 4380s
 21739  1946 1609782.72   48  233 1609711.72 1609826.26  0.01%   153 4385s
 21772  1938 1609731.73   49  182 1609711.72 1609826.07  0.01%   153 4390s
 21815  1913     cutoff   44      1609711.72 1609825.12  0.01%   153 4395s
 21860  1900 1609727.37   53  171 1609711.72 1609824.13  0.01%   153 4400s
 21909  1866     cutoff   49      1609711.72 1609823.01  0.01%   153 4405s
 21939  1858 1609733.78   51  192 1609711.72 1609822.66  0.01%   153 4410s
 21989  1827     cutoff   49      1609711.72 1609821.75  0.01%   153 4415s
 22045  1799 1609724.00   52  175 1609711.72 1609820.39  0.01%   153 4420s
 22108  1762     cutoff   46      1609711.72 1609818.53  0.01%   153 4425s
 22159  1730     cutoff   51      1609711.72 1609817.62  0.01%   153 4430s
 22219  1684     cutoff   42      1609711.72 1609815.34  0.01%   152 4435s
 22264  1655 1609785.21   47  235 1609711.72 1609813.86  0.01%   152 4440s
 22313  1615 1609748.49   44  231 1609711.72 1609812.25  0.01%   152 4445s
 22372  1584     cutoff   49      1609711.72 1609811.18  0.01%   152 4450s
 22441  1524 1609740.87   50  216 1609711.72 1609808.02  0.01%   152 4455s
 22494  1499     cutoff   51      1609711.72 1609807.01  0.01%   152 4460s
 22556  1470 1609753.88   46  209 1609711.72 1609805.84  0.01%   152 4465s
 22619  1426     cutoff   47      1609711.72 1609803.37  0.01%   151 4470s
 22683  1388 1609754.31   44  256 1609711.72 1609801.65  0.01%   151 4475s
 22739  1347     cutoff   47      1609711.72 1609800.11  0.01%   151 4480s
 22814  1289 1609717.69   46  162 1609711.72 1609797.84  0.01%   151 4485s
 22887  1234     cutoff   45      1609711.72 1609795.41  0.01%   151 4490s
 22944  1190 1609783.90   50  237 1609711.72 1609793.61  0.01%   150 4495s
 23015  1135 1609711.91   45  204 1609711.72 1609791.36  0.00%   150 4500s
 23086  1072     cutoff   40      1609711.72 1609789.36  0.00%   150 4505s
 23146  1022 1609725.23   48  201 1609711.72 1609786.73  0.00%   150 4510s
 23219   968 1609723.61   50  161 1609711.72 1609784.31  0.00%   150 4515s
 23299   910 1609743.82   60  155 1609711.72 1609781.46  0.00%   149 4520s
 23371   873     cutoff   50      1609711.72 1609778.86  0.00%   149 4525s
 23429   830 1609723.01   59  150 1609711.72 1609776.72  0.00%   149 4530s
 23519   748     cutoff   48      1609711.72 1609771.98  0.00%   149 4535s
 23610   666     cutoff   47      1609711.72 1609768.00  0.00%   148 4540s
 23710   591     cutoff   47      1609711.72 1609762.98  0.00%   148 4545s
 23800   527     cutoff   55      1609711.72 1609758.95  0.00%   147 4550s
 23899   452 1609716.04   52  178 1609711.72 1609754.63  0.00%   147 4555s
 23994   377     cutoff   51      1609711.72 1609747.60  0.00%   147 4560s
 24093   302     cutoff   58      1609711.72 1609742.31  0.00%   146 4565s
 24205   234 1609712.23   55  129 1609711.72 1609736.27  0.00%   146 4570s
 24345   108     cutoff   67      1609711.72 1609725.07  0.00%   145 4575s

Cutting planes:
  Gomory: 48
  Implied bound: 45
  MIR: 1090
  Flow cover: 2192
  RLT: 141
  Relax-and-lift: 26
  Lazy constraints: 1206

Explored 24454 nodes (3531770 simplex iterations) in 4577.94 seconds (3525.02 work units)
Thread count was 1 (of 52 available processors)

Solution count 10: 1.60971e+06 1.60968e+06 1.60964e+06 ... 1.60853e+06

Optimal solution found (tolerance 0.00e+00)
Best objective 1.609711720406e+06, best bound 1.609711720406e+06, gap 0.0000%

User-callback calls 226256, time in user-callback 2.53 sec

CPU time spent in the second stage: 4577.94 sec
The LP relaxation bound at the root node: 1662161.930493
Termination status of the second stage: OPTIMAL

------------------ end of the second stage -----------------

Total CPU time: 4745.91 sec
Percentage optimality gap: 0.00 %
CPU time spent in separating the cuts: 36.57 sec
Number of explored nodes: 24454
Objective value of the returned solution: 1609711.720406
Optimal facility locations: [3, 7, 9, 23, 24, 26, 29, 31, 34, 37, 39, 45, 46, 53, 73, 77, 78, 79, 81, 83, 84, 86, 88, 89, 91, 93, 95, 102, 110, 113, 115, 118, 121, 123, 125, 128, 129, 131, 132, 138, 144, 145, 148, 151, 156, 157, 159, 164, 165, 167, 168, 169, 170, 173, 176, 181, 182, 185, 187, 190, 197, 200, 207, 212, 215, 216, 218, 222, 233, 237, 238, 239, 248, 249, 254, 265, 266, 273, 280, 281, 284, 286, 288, 296, 297, 300, 301, 302, 306, 307, 308, 315, 317, 321, 322, 323, 324, 326, 328, 329, 333, 337, 340, 342, 343, 345, 348, 358, 373, 374, 380, 386, 400, 402, 408, 411, 415, 416, 419, 420, 422, 425, 429, 431, 447, 452, 455, 457, 460, 461, 462, 464, 467, 469, 476, 479, 483, 486, 487, 488, 490, 492, 499]

@end of file
