Set parameter TimeLimit to value 7200
Setting GBD: A two-stage implementation of the stage-of-the-art generalized Benders decomposition (GBD) approach proposed by Lin & Tian (2021).

----------------- start of the first stage -----------------

Iter     Best Incumbent      BestBound     Gap      Time  #VioCuts
1                 0.000    2051225.438   100.0      11.2      4999
2             64389.879    1915787.945    96.6      35.0      4996
3            341479.165    1686422.275    79.8     138.1      4701
4            341479.165    1533998.485    77.7     307.6      3564
5            341479.165    1483366.027    77.0     355.7      1977
6            341479.165    1471895.937    76.8     386.6       897
7            341479.165    1468650.847    76.7     407.4       407
8            341479.165    1467440.859    76.7     427.7       124
9            341479.165    1467272.986    76.7     444.6        32
10           341479.165    1467251.588    76.7     460.7        25
11           341479.165    1467234.063    76.7     477.0         7
12           341479.165    1467230.406    76.7     493.1         1
13           341479.165    1467230.389    76.7     509.0         0

CPU time spent in the first stage: 627.96 sec
Upper bound returned at the end of the first stage: 1467230.389195
Objective value of the optimal solution or the best incumbent at the end of the first stage: 341479.165332
Number of cuts added at the end of the first stage for the initialization of the relaxed MILP problem: 6125
Termination status of the first stage: LP Optimal

------------------ end of the first stage ------------------


----------------- start of the second stage ----------------

Gurobi Optimizer version 11.0.1 build v11.0.1rc0 (linux64 - "CentOS Linux 7 (Core)")

CPU model: Intel(R) Xeon(R) Gold 6230R CPU @ 2.10GHz, instruction set [SSE2|AVX|AVX2|AVX512]
Thread count: 52 physical cores, 52 logical processors, using up to 1 threads


Warning: excessive time spent in model updates.
Consider calling update less frequently.

Optimize a model with 11128 rows, 7000 columns and 99146 nonzeros
Model fingerprint: 0x4ef40b72
Variable types: 5000 continuous, 2000 integer (0 binary)
Coefficient statistics:
  Matrix range     [4e-10, 2e+03]
  Objective range  [1e+01, 2e+03]
  Bounds range     [1e+00, 1e+00]
  RHS range        [4e-06, 3e+06]
Warning: Model contains large matrix coefficient range
         Consider reformulating model or setting NumericFocus parameter
         to avoid numerical issues.

Loaded user MIP start with objective 341479

Presolve removed 5002 rows and 0 columns
Presolve time: 0.21s
Presolved: 6126 rows, 7000 columns, 80145 nonzeros
Variable types: 5000 continuous, 2000 integer (2000 binary)

Root relaxation: objective 1.351495e+06, 933 iterations, 0.65 seconds (0.74 work units)

    Nodes    |    Current Node    |     Objective Bounds      |     Work
 Expl Unexpl |  Obj  Depth IntInf | Incumbent    BestBd   Gap | It/Node Time

     0     0 1351495.30    0  145 341479.165 1351495.30   296%     -    3s
H    0     0                    750182.20053 1351495.30  80.2%     -    5s
     0     0 1280533.43    0  354 750182.201 1280533.43  70.7%     -    9s
     0     0 1280533.43    0  354 750182.201 1280533.43  70.7%     -   11s
H    0     0                    966404.38997 1280533.43  32.5%     -   11s
     0     0 1239725.40    0  562 966404.390 1239725.40  28.3%     -   24s
H    0     0                    980625.64286 1239725.40  26.4%     -   25s
     0     2 1239688.54    0  562 980625.643 1239688.54  26.4%     -   25s
     1     3 1219188.66    1  637 980625.643 1239688.54  26.4%  3029   37s
     2     4 1219196.40    1  643 980625.643 1219196.40  24.3%  3023   49s
     5     7 1218567.23    3  629 980625.643 1219196.40  24.3%  1237   50s
    27    29 1216393.32   21  613 980625.643 1219196.40  24.3%   266   57s
    28    30 1208189.78   22  635 980625.643 1219196.40  24.3%   337   62s
    29    31 1208101.43   22  634 980625.643 1219196.40  24.3%   403   66s
    51    53 1206184.67   41  619 980625.643 1219196.40  24.3%   248   70s
    88    90 1202142.93   74  555 980625.643 1219196.40  24.3%   162   75s
    90    92 1201843.53   76  546 980625.643 1219196.40  24.3%   159  107s
    91    93 1185476.79   77  567 980625.643 1219196.40  24.3%   197  114s
    92    94 1183018.79   77  583 980625.643 1219196.40  24.3%   238  120s
    99   101 1181834.57   82  572 980625.643 1219196.40  24.3%   244  125s
   158   160 1174990.81  138  471 980625.643 1219196.40  24.3%   168  130s
   234   236 1167392.66  208  390 980625.643 1219196.40  24.3%   122  135s
   286   288 1155988.57  258  344 980625.643 1219196.40  24.3%   111  140s
   390   392 1147283.85  359  234 980625.643 1219196.40  24.3%  86.8  145s
   513   515 1138557.73  479  158 980625.643 1219196.40  24.3%  69.4  150s
   622   624 1132824.30  586  110 980625.643 1219196.40  24.3%  59.2  155s
   730   732 1131072.18  694   68 980625.643 1219196.40  24.3%  51.5  160s
   824   826 1115629.75  787   24 980625.643 1219196.40  24.3%  49.3  165s
*  853   853             816    1115264.7123 1219196.40  9.32%  47.7  166s
   856   852 1195804.45    2  690 1115264.71 1219182.88  9.32%  54.9  181s
   858   853 1132672.81  592  354 1115264.71 1219182.88  9.32%  54.8  707s
   860   854 1115607.06  808  697 1115264.71 1195333.43  7.18%  54.7  755s
   861   855 1136305.94  528  701 1115264.71 1183329.78  6.10%  54.6  806s
   862   856 1175990.15   49  720 1115264.71 1175990.15  5.44%  54.5  830s
   863   856 1141590.76  431  721 1115264.71 1175416.98  5.39%  54.5  841s
   864   857 1175324.89  116  726 1115264.71 1175324.89  5.39%  54.4  860s
   865   858 1166576.94  222  730 1115264.71 1172119.16  5.10%  54.4  911s
   866   858 1153023.05  292  728 1115264.71 1171072.28  5.00%  54.3  929s
   867   859 1170761.61    4  736 1115264.71 1170761.61  4.98%  54.2  940s
   868   860 1170652.86    3  747 1115264.71 1170652.86  4.97%  54.2  947s
   869   860 1170616.95  139  744 1115264.71 1170616.95  4.96%  54.1  967s
   870   861 1169852.30  164  728 1115264.71 1169852.30  4.89%  54.0 1005s
   871   862 1115658.37  763  720 1115264.71 1169734.27  4.88%  54.0 1015s
   872   862 1137334.38  509  721 1115264.71 1169646.99  4.88%  53.9 1038s
   873   863 1115610.36  777  717 1115264.71 1169367.71  4.85%  53.9 1063s
   874   864 1138534.79  480  727 1115264.71 1169299.80  4.85%  53.8 1070s
   875   864 1134716.23  556  717 1115264.71 1169254.94  4.84%  53.7 1084s
   876   865 1115705.32  751  716 1115264.71 1169191.69  4.84%  53.7 1103s
   877   866 1139912.81  458  718 1115264.71 1169190.40  4.84%  53.6 1107s
   878   866 1115589.21  809  718 1115264.71 1169130.70  4.83%  53.6 1113s
   879   867 1166672.75  219  718 1115264.71 1169130.70  4.83%  53.5 1120s
   880   868 1150741.56  316  718 1115264.71 1169130.70  4.83%  53.4 1178s
   881   870 1166087.74   14  755 1115264.71 1169130.70  4.83%   108 1211s
   882   871 1166091.64   14  755 1115264.71 1166091.64  4.56%   112 1240s
   883   872 1165905.06   15  752 1115264.71 1166091.64  4.56%   112 1245s
   884   872 1165953.63   15  755 1115264.71 1166091.64  4.56%   112 1250s
   886   874 1165848.42   16  751 1115264.71 1166091.64  4.56%   112 1256s
   888   875 1165721.28   17  740 1115264.71 1166091.64  4.56%   112 1265s
   890   876 1165729.44   18  748 1115264.71 1166091.64  4.56%   113 1272s
   891   877 1165686.58   19  746 1115264.71 1166091.64  4.56%   113 1275s
   893   878 1165647.74   20  745 1115264.71 1166091.64  4.56%   113 1280s
   895   880 1165629.63   21  745 1115264.71 1166091.64  4.56%   113 1286s
   896   880 1165591.70   21  732 1115264.71 1166091.64  4.56%   113 1291s
   898   882 1165516.89   22  744 1115264.71 1166091.64  4.56%   113 1297s
   899   882 1165507.51   23  731 1115264.71 1166091.64  4.56%   113 1301s
   901   884 1165491.12   24  730 1115264.71 1166091.64  4.56%   113 1307s
   903   885 1165463.50   25  729 1115264.71 1166091.64  4.56%   113 1313s
   904   886 1165391.29   25  727 1115264.71 1166091.64  4.56%   113 1318s
   905   886 1165451.63   26  733 1115264.71 1166091.64  4.56%   113 1321s
   907   888 1165399.97   27  736 1115264.71 1166091.64  4.56%   113 1328s
   908   888 1165118.62   27  735 1115264.71 1166091.64  4.56%   113 1332s
   909   889 1165319.76   28  734 1115264.71 1166091.64  4.56%   114 1337s
   910   890 1165376.74   28  730 1115264.71 1166091.64  4.56%   114 1340s
   912   891 1165125.35   29  729 1115264.71 1166091.64  4.56%   114 1346s
   914   892 1165123.07   30  739 1115264.71 1166091.64  4.56%   114 1353s
   915   893 1165173.13   31  738 1115264.71 1166091.64  4.56%   114 1356s
   916   894 1165162.40   31  731 1115264.71 1166091.64  4.56%   114 1361s
   918   895 1165127.70   32  732 1115264.71 1166091.64  4.56%   114 1365s
   920   896 1164934.68   33  736 1115264.71 1166091.64  4.56%   114 1372s
   921   897 1165091.97   34  723 1115264.71 1166091.64  4.56%   114 1375s
   924   899 1165004.59   35  719 1115264.71 1166091.64  4.56%   114 1382s
   926   900 1164979.64   36  717 1115264.71 1166091.64  4.56%   114 1388s
   927   901 1164834.67   37  717 1115264.71 1166091.64  4.56%   114 1392s
   928   902 1164968.00   37  718 1115264.71 1166091.64  4.56%   114 1395s
   930   903 1164902.92   38  713 1115264.71 1166091.64  4.56%   114 1402s
   931   904 1164751.44   39  714 1115264.71 1166091.64  4.56%   114 1406s
   932   904 1164855.06   39  715 1115264.71 1166091.64  4.56%   114 1410s
   934   906 1164664.63   40  714 1115264.71 1166091.64  4.56%   114 1417s
   935   906 1164638.15   41  704 1115264.71 1166091.64  4.56%   114 1420s
   937   908 1164597.57   42  705 1115264.71 1166091.64  4.56%   114 1425s
   939   909 1164551.35   43  701 1115264.71 1166091.64  4.56%   114 1431s
   941   910 1164498.53   44  703 1115264.71 1166091.64  4.56%   114 1437s
   942   911 1164492.44   44  695 1115264.71 1166091.64  4.56%   114 1441s
   944   912 1164314.68   45  695 1115264.71 1166091.64  4.56%   114 1445s
   945   913 1164438.11   46  696 1115264.71 1166091.64  4.56%   114 1450s
   947   914 1164400.52   47  691 1115264.71 1166091.64  4.56%   114 1456s
   949   916 1164392.27   48  688 1115264.71 1166091.64  4.56%   113 1461s
   951   917 1164350.28   49  680 1115264.71 1166091.64  4.56%   113 1466s
   953   918 1164344.41   50  679 1115264.71 1166091.64  4.56%   114 1471s
   955   920 1164326.34   51  676 1115264.71 1166091.64  4.56%   114 1476s
   957   921 1164321.11   52  671 1115264.71 1166091.64  4.56%   114 1481s
   959   922 1164293.13   53  672 1115264.71 1166091.64  4.56%   114 1486s
   961   924 1164218.15   54  663 1115264.71 1166091.64  4.56%   114 1490s
   963   925 1164186.05   55  662 1115264.71 1166091.64  4.56%   114 1495s
   965   926 1164173.11   56  660 1115264.71 1166091.64  4.56%   114 1500s
   968   928 1164146.97   57  656 1115264.71 1166091.64  4.56%   114 1505s
   970   930 1163969.52   58  654 1115264.71 1166091.64  4.56%   114 1511s
   972   931 1164075.31   59  645 1115264.71 1166091.64  4.56%   114 1515s
   975   933 1163984.29   61  640 1115264.71 1166091.64  4.56%   114 1522s
   976   934 1163936.54   61  645 1115264.71 1166091.64  4.56%   114 1525s
   978   935 1163899.21   62  645 1115264.71 1166091.64  4.56%   114 1530s
   981   937 1163877.02   64  646 1115264.71 1166091.64  4.56%   114 1537s
   983   938 1163858.79   65  650 1115264.71 1166091.64  4.56%   114 1540s
   986   940 1163646.73   66  644 1115264.71 1166091.64  4.56%   114 1548s
   988   942 1163683.33   67  636 1115264.71 1166091.64  4.56%   114 1551s
   990   943 1163770.51   68  646 1115264.71 1166091.64  4.56%   114 1558s
   991   944 1163750.99   69  634 1115264.71 1166091.64  4.56%   114 1560s
   993   945 1163688.59   70  639 1115264.71 1166091.64  4.56%   114 1565s
   996   947 1163355.18   71  629 1115264.71 1166091.64  4.56%   114 1570s
   999   949 1163609.38   73  631 1115264.71 1166091.64  4.56%   114 1575s
  1002   951 1163487.28   74  629 1115264.71 1166091.64  4.56%   114 1581s
  1004   952 1163409.21   75  623 1115264.71 1166091.64  4.56%   114 1586s
  1006   954 1163404.96   76  632 1115264.71 1166091.64  4.56%   114 1590s
  1009   956 1163457.87   78  636 1115264.71 1166091.64  4.56%   114 1595s
  1012   958 1163238.85   79  624 1115264.71 1166091.64  4.56%   114 1600s
  1015   960 1163413.97   81  634 1115264.71 1166091.64  4.56%   114 1605s
  1018   962 1163372.34   82  633 1115264.71 1166091.64  4.56%   114 1610s
  1021   964 1163315.34   84  628 1115264.71 1166091.64  4.56%   114 1615s
  1023   965 1163283.34   85  623 1115264.71 1166091.64  4.56%   114 1620s
  1026   967 1163235.90   86  626 1115264.71 1166091.64  4.56%   114 1625s
  1030   970 1162934.61   88  618 1115264.71 1166091.64  4.56%   114 1630s
  1032   971 1163147.37   89  620 1115264.71 1166091.64  4.56%   114 1635s
  1035   973 1163066.70   91  615 1115264.71 1166091.64  4.56%   114 1640s
  1038   975 1162947.00   92  603 1115264.71 1166091.64  4.56%   114 1645s
  1042   978 1162890.08   94  602 1115264.71 1166091.64  4.56%   114 1652s
  1045   980 1162934.72   96  599 1115264.71 1166091.64  4.56%   113 1655s
  1048   982 1162685.34   97  596 1115264.71 1166091.64  4.56%   114 1661s
  1051   984 1162894.15   99  597 1115264.71 1166091.64  4.56%   113 1665s
  1054   986 1162793.29  100  598 1115264.71 1166091.64  4.56%   114 1670s
  1057   988 1162766.18  102  606 1115264.71 1166091.64  4.56%   114 1675s
  1061   990 1162604.02  104  591 1115264.71 1166091.64  4.56%   113 1680s
  1065   993 1162548.25  106  587 1115264.71 1166091.64  4.56%   113 1685s
  1070   996 1162333.64  108  583 1115264.71 1166091.64  4.56%   113 1691s
  1075  1000 1162308.18  111  565 1115264.71 1166091.64  4.56%   113 1695s
  1080  1003 1162230.18  113  573 1115264.71 1166091.64  4.56%   113 1700s
  1088  1008 1162094.31  117  571 1115264.71 1166091.64  4.56%   113 1705s
  1096  1014 1161769.53  121  564 1115264.71 1166091.64  4.56%   113 1710s
  1103  1018 1161926.13  125  560 1115264.71 1166091.64  4.56%   112 1715s
  1111  1024 1161776.44  129  541 1115264.71 1166091.64  4.56%   112 1720s
  1117  1028 1161701.76  132  547 1115264.71 1166091.64  4.56%   112 1726s
  1123  1032 1161643.50  135  545 1115264.71 1166091.64  4.56%   112 1730s
  1124  1032 1157476.23  135  580 1115264.71 1166091.64  4.56%   114 1735s
  1125  1033 1157422.50  136  579 1115264.71 1166091.64  4.56%   117 1741s
  1126  1034 1157391.27  136  574 1115264.71 1166091.64  4.56%   119 1745s
  1131  1037 1157304.36  139  565 1115264.71 1166091.64  4.56%   119 1751s
  1135  1040 1157147.92  141  566 1115264.71 1166091.64  4.56%   118 1756s
  1146  1047 1156853.50  146  552 1115264.71 1166091.64  4.56%   118 1760s
  1154  1052 1156590.82  150  538 1115264.71 1166091.64  4.56%   118 1765s
  1164  1059 1156440.53  155  526 1115264.71 1166091.64  4.56%   118 1770s
  1177  1068 1156349.39  162  522 1115264.71 1166091.64  4.56%   117 1775s
  1187  1074 1156164.85  167  505 1115264.71 1166091.64  4.56%   117 1780s
  1203  1085 1155970.70  175  491 1115264.71 1166091.64  4.56%   116 1785s
  1214  1092 1155523.99  180  479 1115264.71 1166091.64  4.56%   116 1790s
  1227  1101 1155697.15  187  490 1115264.71 1166091.64  4.56%   115 1795s
  1243  1112 1155434.92  195  476 1115264.71 1166091.64  4.56%   114 1800s
  1258  1122 1155171.56  202  465 1115264.71 1166091.64  4.56%   114 1805s
  1270  1130 1155020.78  208  456 1115264.71 1166091.64  4.56%   113 1810s
  1283  1138 1154882.23  215  456 1115264.71 1166091.64  4.56%   113 1815s
  1302  1151 1154694.35  224  437 1115264.71 1166091.64  4.56%   112 1820s
  1313  1158 1153072.09  230  454 1115264.71 1166091.64  4.56%   112 1825s
  1325  1166 1152867.04  236  443 1115264.71 1166091.64  4.56%   112 1830s
  1341  1177 1152629.28  244  436 1115264.71 1166091.64  4.56%   111 1835s
  1358  1188 1152211.39  252  427 1115264.71 1166091.64  4.56%   111 1840s
  1374  1199 1152036.14  260  410 1115264.71 1166091.64  4.56%   110 1845s
  1388  1208 1151434.13  267  400 1115264.71 1166091.64  4.56%   109 1850s
  1400  1216 1150901.34  273  386 1115264.71 1166091.64  4.56%   109 1855s
  1421  1230 1150682.18  284  368 1115264.71 1166091.64  4.56%   109 1860s
  1438  1242 1149946.51  292  360 1115264.71 1166091.64  4.56%   108 1865s
  1450  1250 1149735.04  298  372 1115264.71 1166091.64  4.56%   108 1870s
  1468  1262 1149509.49  307  353 1115264.71 1166091.64  4.56%   107 1875s
  1486  1274 1149315.65  316  349 1115264.71 1166091.64  4.56%   106 1880s
  1502  1284 1149000.50  324  338 1115264.71 1166091.64  4.56%   105 1885s
  1519  1296 1149077.98  333  338 1115264.71 1166091.64  4.56%   105 1890s
  1533  1305 1148660.70  340  346 1115264.71 1166091.64  4.56%   105 1895s
  1554  1319 1148071.67  350  334 1115264.71 1166091.64  4.56%   104 1900s
  1571  1330 1147580.89  359  333 1115264.71 1166091.64  4.56%   103 1905s
  1589  1342 1147377.47  368  331 1115264.71 1166091.64  4.56%   103 1910s
  1609  1356 1147014.30  378  325 1115264.71 1166091.64  4.56%   102 1915s
  1632  1371 1146698.30  389  306 1115264.71 1166091.64  4.56%   101 1920s
  1654  1386 1146474.90  400  303 1115264.71 1166091.64  4.56%   100 1925s
  1668  1395 1146290.23  407  299 1115264.71 1166091.64  4.56%   100 1930s
  1690  1410 1145966.10  418  286 1115264.71 1166091.64  4.56%  98.7 1935s
  1713  1425 1145971.31  430  281 1115264.71 1166091.64  4.56%  97.9 1940s
  1729  1436 1145696.76  438  282 1115264.71 1166091.64  4.56%  97.5 1945s
  1744  1446 1145422.82  445  276 1115264.71 1166091.64  4.56%  97.0 1950s
  1768  1462 1144837.86  457  272 1115264.71 1166091.64  4.56%  96.1 1955s
  1790  1476 1144847.90  468  264 1115264.71 1166091.64  4.56%  95.3 1960s
  1811  1490 1144105.24  479  246 1115264.71 1166091.64  4.56%  94.6 1965s
H 1825  1454                    1129549.9828 1166091.64  3.24%  94.1 1968s
  1831  1460 1143862.57  489  239 1129549.98 1166091.64  3.24%  93.9 1970s
  1852  1474 1143250.55  499  227 1129549.98 1166091.64  3.24%  93.1 1975s
  1873  1488 1143554.05  510  207 1129549.98 1166091.64  3.24%  92.5 1980s
  1891  1500 1143283.30  519  203 1129549.98 1166091.64  3.24%  92.0 1985s
  1908  1511 1142024.60  527  199 1129549.98 1166091.64  3.24%  91.5 1990s
  1931  1526 1142121.36  539  192 1129549.98 1166091.64  3.24%  90.8 1995s
  1948  1538 1141580.26  547  193 1129549.98 1166091.64  3.24%  90.2 2000s
  1968  1551 1141109.35  557  183 1129549.98 1166091.64  3.24%  89.5 2005s
  1992  1567 1140467.17  569  176 1129549.98 1166091.64  3.24%  88.7 2010s
  2014  1582 1139902.34  580  173 1129549.98 1166091.64  3.24%  88.0 2015s
  2032  1594 1139584.96  589  168 1129549.98 1166091.64  3.24%  87.4 2020s
  2051  1606 1139996.68  599  161 1129549.98 1166091.64  3.24%  86.8 2025s
  2073  1621 1139969.76  610  154 1129549.98 1166091.64  3.24%  86.1 2030s
  2095  1636 1139870.92  621  145 1129549.98 1166091.64  3.24%  85.4 2035s
  2122  1654 1139340.30  634  136 1129549.98 1166091.64  3.24%  84.6 2040s
  2140  1666 1138903.10  643  135 1129549.98 1166091.64  3.24%  84.2 2045s
  2163  1681 1138588.64  655  120 1129549.98 1166091.64  3.24%  83.5 2050s
  2183  1694 1138492.91  665  109 1129549.98 1166091.64  3.24%  83.0 2055s
H 2203  1664                    1136453.6202 1166091.64  2.61%  82.5 2059s
  2206  1668 1138285.32  676   87 1136453.62 1166091.64  2.61%  82.4 2060s
  2226  1681 1137636.89  686   82 1136453.62 1166091.64  2.61%  81.8 2065s
  2249  1696 1138067.46  698   83 1136453.62 1166091.64  2.61%  81.2 2070s
H 2257  1661                    1136490.5505 1166091.64  2.60%  81.0 2071s
  2271  1672 1138027.70  709   75 1136490.55 1166091.64  2.60%  80.6 2075s
  2293  1687 1137617.19  720   70 1136490.55 1166091.64  2.60%  80.0 2080s
  2315  1701 1137461.00  731   67 1136490.55 1166091.64  2.60%  79.4 2085s
H 2338  1674                    1136627.0164 1166091.64  2.59%  78.8 2089s
  2339  1676 1137205.08  743   50 1136627.02 1166091.64  2.59%  78.8 2090s
  2368  1684 1136775.31  759   44 1136627.02 1166091.64  2.59%  78.0 2095s
  2414  1681 1136669.13  788   34 1136627.02 1166091.64  2.59%  76.7 2101s
  2441  1670 1163294.12   15  773 1136627.02 1166089.91  2.59%  78.0 2188s
  2442  1671 1161698.99   16  795 1136627.02 1166089.91  2.59%  80.2 2212s
  2443  1672 1161673.20   16  796 1136627.02 1166089.91  2.59%  82.4 2236s
  2444  1672 1161627.28   17  790 1136627.02 1166089.91  2.59%  82.4 2242s
  2445  1673 1161673.91   17  780 1136627.02 1166089.91  2.59%  82.4 2246s
  2447  1674 1161442.41   18  771 1136627.02 1166089.91  2.59%  82.5 2251s
  2450  1676 1161570.45   20  776 1136627.02 1166089.91  2.59%  82.8 2256s
  2453  1678 1161517.39   21  771 1136627.02 1166089.91  2.59%  83.0 2260s
  2459  1682 1161320.26   24  770 1136627.02 1166089.91  2.59%  83.0 2265s
  2463  1685 1161145.10   26  758 1136627.02 1166089.91  2.59%  83.3 2271s
  2467  1688 1161154.37   28  751 1136627.02 1166089.91  2.59%  83.4 2281s
  2469  1689 1160892.94   29  755 1136627.02 1166089.91  2.59%  83.7 2285s
  2475  1693 1161014.44   32  740 1136627.02 1166089.91  2.59%  83.9 2291s
  2479  1696 1160966.79   34  739 1136627.02 1166089.91  2.59%  84.0 2296s
  2483  1698 1160991.45   36  737 1136627.02 1166089.91  2.59%  84.1 2300s
  2489  1702 1160805.46   39  725 1136627.02 1166089.91  2.59%  84.3 2305s
  2493  1705 1160760.57   41  722 1136627.02 1166089.91  2.59%  84.3 2312s
  2494  1706 1160722.92   42  718 1136627.02 1166089.91  2.59%  84.4 2315s
  2499  1709 1160510.35   44  717 1136627.02 1166089.91  2.59%  84.7 2320s
  2507  1714 1160216.95   48  705 1136627.02 1166089.91  2.59%  84.8 2325s
  2519  1722 1159990.24   54  659 1136627.02 1166089.91  2.59%  84.9 2336s
  2522  1724 1159734.04   56  672 1136627.02 1166089.91  2.59%  85.2 2341s
  2528  1728 1159734.80   59  673 1136627.02 1166089.91  2.59%  85.3 2345s
  2538  1735 1159620.97   64  652 1136627.02 1166089.91  2.59%  85.3 2350s
  2545  1740 1159450.78   67  644 1136627.02 1166089.91  2.59%  85.3 2357s
  2547  1741 1159496.11   68  641 1136627.02 1166089.91  2.59%  85.5 2360s
  2557  1748 1159279.83   73  625 1136627.02 1166089.91  2.59%  85.6 2365s
  2569  1756 1158994.32   79  618 1136627.02 1166089.91  2.59%  85.6 2370s
  2582  1764 1158885.27   86  608 1136627.02 1166089.91  2.59%  85.6 2375s
  2598  1775 1158497.67   94  572 1136627.02 1166089.91  2.59%  85.7 2380s
  2612  1784 1158007.87  101  545 1136627.02 1166089.91  2.59%  85.7 2385s
  2624  1792 1157744.48  107  521 1136627.02 1166089.91  2.59%  85.6 2390s
  2637  1801 1157342.21  113  504 1136627.02 1166089.91  2.59%  85.6 2395s
  2652  1811 1157363.26  121  512 1136627.02 1166089.91  2.59%  85.6 2400s
  2663  1818 1157223.83  126  505 1136627.02 1166089.91  2.59%  85.6 2407s
  2665  1820 1156102.38  127  531 1136627.02 1166089.91  2.59%  86.1 2410s
  2682  1831 1155682.75  136  515 1136627.02 1166089.91  2.59%  86.1 2415s
  2690  1836 1155577.75  140  513 1136627.02 1166089.91  2.59%  86.0 2435s
  2693  1838 1154816.22  141  517 1136627.02 1166089.91  2.59%  86.8 2440s
  2711  1850 1154352.26  150  502 1136627.02 1166089.91  2.59%  86.8 2445s
  2717  1854 1154251.93  153  494 1136627.02 1166089.91  2.59%  86.7 2453s
  2720  1856 1154121.52  155  499 1136627.02 1166089.91  2.59%  86.8 2455s
  2734  1866 1153902.09  162  484 1136627.02 1166089.91  2.59%  86.7 2460s
  2744  1872 1153742.89  167  480 1136627.02 1166089.91  2.59%  86.6 2468s
  2750  1876 1153200.84  170  478 1136627.02 1166089.91  2.59%  86.6 2470s
  2769  1889 1153176.06  179  471 1136627.02 1166089.91  2.59%  86.5 2475s
  2771  1890 1153073.81  180  463 1136627.02 1166089.91  2.59%  86.5 2480s
  2785  1900 1152707.53  187  459 1136627.02 1166089.91  2.59%  86.4 2485s
  2798  1908 1152745.90  194  455 1136627.02 1166089.91  2.59%  86.2 2494s
  2801  1910 1152687.29  195  458 1136627.02 1166089.91  2.59%  86.2 2495s
  2817  1921 1152430.12  203  425 1136627.02 1166089.91  2.59%  86.1 2500s
H 2825  1105                    1147246.5411 1166089.91  1.64%  86.0 2507s
  2826  1108 1152318.38  208  416 1147246.54 1166089.91  1.64%  86.0 2511s
  2839  1117 1152109.15  214  405 1147246.54 1166089.91  1.64%  85.9 2515s
  2852  1125 1151826.03  221  400 1147246.54 1166089.91  1.64%  85.7 2525s
  2872  1139 1151409.62  231  377 1147246.54 1166089.91  1.64%  85.6 2530s
  2878  1143 1151347.68  234  379 1147246.54 1166089.91  1.64%  85.5 2538s
  2879  1143 1151230.04  234  372 1147246.54 1166089.91  1.64%  85.5 2543s
  2887  1149 1151159.55  238  378 1147246.54 1166089.91  1.64%  85.4 2545s
  2904  1165 1150988.54  247  378 1147246.54 1166089.91  1.64%  85.1 2551s
H 2906  1130                    1148269.8904 1166089.91  1.55%  85.1 2557s
  2919  1145 1150482.98  254  372 1148269.89 1166089.91  1.55%  85.0 2560s
  2930  1156 1150554.36  260  372 1148269.89 1166089.91  1.55%  84.8 2568s
  2933  1159 1150269.15  261  370 1148269.89 1166089.91  1.55%  84.8 2572s
  2943  1169 1150115.38  266  365 1148269.89 1166089.91  1.55%  84.7 2575s
  2956  1182 1150197.05  273  359 1148269.89 1166089.91  1.55%  84.5 2583s
  2959  1185 1150006.71  274  353 1148269.89 1166089.91  1.55%  84.6 2585s
  2960  1186 1150127.96  275  355 1148269.89 1166089.91  1.55%  84.5 2590s
  2980  1206 1149799.12  285  344 1148269.89 1166089.91  1.55%  84.3 2595s
  2987  1213 1149466.05  288  336 1148269.89 1166089.91  1.55%  84.2 2603s
  2993  1219 1149203.78  291  335 1148269.89 1166089.91  1.55%  84.2 2605s
  3012  1238 1149498.84  301  331 1148269.89 1166089.91  1.55%  83.8 2610s
H 3014  1227                    1148435.7251 1166089.91  1.54%  83.8 2615s
  3032  1247 1149279.27  311  312 1148435.73 1166089.91  1.54%  83.6 2620s
  3042  1257 1149177.06  316  309 1148435.73 1166089.91  1.54%  83.5 2625s
  3065  1275 1148627.53  327  291 1148435.73 1166089.91  1.54%  83.1 2630s
  3072  1278 1148659.98  331  291 1148435.73 1166089.91  1.54%  82.9 2635s
  3083  1276 1161965.17   15  825 1148435.73 1165953.63  1.53%  85.5 2678s
  3084  1277 1161897.94   16  825 1148435.73 1165953.63  1.53%  85.5 2685s
  3086  1279 1161936.61   17  814 1148435.73 1165953.63  1.53%  85.6 2693s
  3087  1280 1161906.80   17  816 1148435.73 1165953.63  1.53%  85.6 2696s
  3089  1282 1161875.62   18  808 1148435.73 1165953.63  1.53%  85.6 2704s
  3090  1283 1161871.34   19  804 1148435.73 1165953.63  1.53%  85.6 2708s
  3091  1284 1161641.77   19  800 1148435.73 1165953.63  1.53%  85.7 2726s
  3092  1285 1161825.75   20  799 1148435.73 1165953.63  1.53%  85.7 2730s
  3093  1286 1161815.85   20  796 1148435.73 1165953.63  1.53%  85.8 2735s
  3095  1288 1161512.62   21  790 1148435.73 1165953.63  1.53%  85.9 2793s
  3096  1289 1161668.35   22  786 1148435.73 1165953.63  1.53%  86.0 2800s
  3098  1291 1161623.88   23  784 1148435.73 1165953.63  1.53%  86.1 2805s
  3104  1297 1161441.41   26  773 1148435.73 1165953.63  1.53%  86.2 2810s
  3108  1301 1161406.25   28  766 1148435.73 1165953.63  1.53%  86.3 2816s
  3110  1303 1161342.16   29  760 1148435.73 1165953.63  1.53%  86.3 2822s
  3113  1306 1160909.12   30  755 1148435.73 1165953.63  1.53%  86.4 2826s
  3116  1309 1161157.92   32  749 1148435.73 1165953.63  1.53%  86.5 2832s
  3122  1315 1161007.05   35  741 1148435.73 1165953.63  1.53%  86.5 2835s
  3127  1320 1160771.93   37  737 1148435.73 1165953.63  1.53%  86.6 2840s
  3130  1323 1160843.72   39  727 1148435.73 1165953.63  1.53%  86.7 2846s
  3132  1325 1160793.87   40  727 1148435.73 1165953.63  1.53%  86.7 2850s
  3140  1333 1160573.36   44  712 1148435.73 1165953.63  1.53%  86.8 2856s
  3144  1337 1160506.07   46  705 1148435.73 1165953.63  1.53%  86.9 2861s
  3150  1343 1160421.68   49  705 1148435.73 1165953.63  1.53%  86.9 2865s
  3154  1347 1160256.57   51  698 1148435.73 1165953.63  1.53%  87.0 2872s
  3157  1350 1160144.85   52  687 1148435.73 1165953.63  1.53%  87.2 2875s
  3164  1357 1159920.90   56  694 1148435.73 1165953.63  1.53%  87.2 2880s
  3169  1362 1159960.97   58  688 1148435.73 1165953.63  1.53%  87.2 2885s
  3176  1369 1159827.58   62  684 1148435.73 1165953.63  1.53%  87.3 2891s
  3181  1374 1159738.88   64  678 1148435.73 1165953.63  1.53%  87.4 2897s
  3187  1380 1159444.08   67  658 1148435.73 1165953.63  1.53%  87.5 2900s
  3193  1386 1159470.65   70  665 1148435.73 1165953.63  1.53%  87.5 2905s
  3198  1391 1159338.03   73  668 1148435.73 1165953.63  1.53%  87.6 2910s
  3204  1397 1159091.60   76  662 1148435.73 1165953.63  1.53%  87.7 2915s
  3210  1403 1159037.72   79  660 1148435.73 1165953.63  1.53%  87.7 2920s
  3216  1409 1158888.47   82  656 1148435.73 1165953.63  1.53%  87.9 2927s
  3220  1413 1158702.72   84  638 1148435.73 1165953.63  1.53%  87.9 2930s
  3224  1417 1158675.12   86  634 1148435.73 1165953.63  1.53%  87.9 2935s
  3235  1428 1158473.96   91  614 1148435.73 1165953.63  1.53%  88.0 2940s
  3243  1436 1158278.15   95  615 1148435.73 1165953.63  1.53%  88.1 2945s
  3251  1444 1157835.71   99  595 1148435.73 1165953.63  1.53%  88.2 2950s
  3259  1452 1157929.08  103  594 1148435.73 1165953.63  1.53%  88.2 2956s
  3270  1463 1157673.25  109  586 1148435.73 1165953.63  1.53%  88.2 2961s
  3279  1472 1157439.83  113  577 1148435.73 1165953.63  1.53%  88.2 2965s
  3291  1484 1157401.39  119  562 1148435.73 1165953.63  1.53%  88.2 2970s
  3300  1493 1157214.22  124  559 1148435.73 1165953.63  1.53%  88.2 2975s
  3313  1506 1156892.08  130  523 1148435.73 1165953.63  1.53%  88.2 2980s
  3321  1514 1156546.04  134  520 1148435.73 1165953.63  1.53%  88.3 2985s
  3331  1524 1156493.73  139  508 1148435.73 1165953.63  1.53%  88.3 2990s
  3346  1539 1156438.71  147  503 1148435.73 1165953.63  1.53%  88.1 2995s
  3359  1552 1156245.94  153  482 1148435.73 1165953.63  1.53%  88.1 3000s
  3374  1567 1155979.75  161  480 1148435.73 1165953.63  1.53%  88.1 3005s
  3387  1580 1155759.59  167  466 1148435.73 1165953.63  1.53%  88.1 3010s
  3405  1598 1155332.74  176  461 1148435.73 1165953.63  1.53%  87.9 3015s
  3422  1615 1155170.66  185  450 1148435.73 1165953.63  1.53%  87.8 3020s
  3435  1628 1154818.50  191  432 1148435.73 1165953.63  1.53%  87.8 3025s
  3450  1643 1154651.41  199  423 1148435.73 1165953.63  1.53%  87.7 3030s
  3468  1661 1154313.46  208  411 1148435.73 1165953.63  1.53%  87.5 3035s
  3488  1681 1154045.47  218  395 1148435.73 1165953.63  1.53%  87.2 3040s
  3508  1701 1153646.26  228  382 1148435.73 1165953.63  1.53%  87.0 3045s
  3527  1720 1153355.81  237  367 1148435.73 1165953.63  1.53%  86.9 3050s
  3546  1739 1153261.67  247  365 1148435.73 1165953.63  1.53%  86.6 3055s
  3567  1760 1152998.39  257  344 1148435.73 1165953.63  1.53%  86.4 3060s
  3587  1780 1152712.89  267  322 1148435.73 1165953.63  1.53%  86.1 3065s
  3603  1796 1152365.29  275  316 1148435.73 1165953.63  1.53%  85.9 3070s
  3618  1811 1152440.38  283  301 1148435.73 1165953.63  1.53%  85.8 3075s
  3638  1831 1152206.63  293  301 1148435.73 1165953.63  1.53%  85.6 3080s
  3656  1849 1152102.40  302  296 1148435.73 1165953.63  1.53%  85.4 3085s
  3677  1870 1151746.80  312  289 1148435.73 1165953.63  1.53%  85.1 3090s
  3695  1888 1151390.50  321  278 1148435.73 1165953.63  1.53%  84.9 3095s
  3718  1911 1151486.84  333  270 1148435.73 1165953.63  1.53%  84.6 3100s
  3739  1932 1151219.99  343  257 1148435.73 1165953.63  1.53%  84.3 3105s
  3762  1955 1151122.28  355  255 1148435.73 1165953.63  1.53%  84.0 3110s
  3784  1977 1150836.23  366  243 1148435.73 1165953.63  1.53%  83.7 3115s
  3806  1999 1150447.60  377  240 1148435.73 1165953.63  1.53%  83.4 3120s
  3829  2022 1149658.19  388  229 1148435.73 1165953.63  1.53%  83.0 3125s
  3853  2046 1149574.62  400  204 1148435.73 1165953.63  1.53%  82.7 3130s
  3871  2064 1149528.78  409  209 1148435.73 1165953.63  1.53%  82.5 3135s
  3895  2088 1149098.01  421  187 1148435.73 1165953.63  1.53%  82.1 3140s
  3917  2109 1149069.97  432  181 1148435.73 1165953.63  1.53%  81.9 3145s
  3948  2138 1149029.72  448  165 1148435.73 1165953.63  1.53%  81.4 3150s
  3979  2162 1148518.59  463  138 1148435.73 1165953.63  1.53%  81.0 3155s
H 4001  1885                    1149594.0879 1165953.63  1.42%  80.7 3201s
  4002  1888 1161903.84   17  813 1149594.09 1165953.63  1.42%  82.8 3207s
  4003  1889 1161939.67   17  809 1149594.09 1165953.63  1.42%  82.9 3211s
  4005  1891 1161906.06   18  805 1149594.09 1165953.63  1.42%  82.9 3220s
  4007  1893 1161701.65   19  791 1149594.09 1165953.63  1.42%  82.9 3227s
  4008  1894 1161912.65   20  801 1149594.09 1165953.63  1.42%  83.0 3262s
  4009  1895 1161834.78   20  796 1149594.09 1165953.63  1.42%  83.1 3267s
  4010  1896 1161833.89   21  801 1149594.09 1165953.63  1.42%  83.2 3273s
  4011  1897 1161817.20   21  799 1149594.09 1165953.63  1.42%  83.3 3277s
  4015  1901 1161384.91   23  786 1149594.09 1165953.63  1.42%  83.4 3280s
  4020  1906 1161486.92   26  768 1149594.09 1165953.63  1.42%  83.5 3286s
  4024  1910 1161408.45   28  766 1149594.09 1165953.63  1.42%  83.6 3291s
  4027  1913 1161308.43   29  757 1149594.09 1165953.63  1.42%  83.7 3296s
  4030  1916 1161307.32   31  757 1149594.09 1165953.63  1.42%  83.8 3300s
  4035  1921 1161179.32   33  747 1149594.09 1165953.63  1.42%  83.8 3306s
  4037  1923 1161029.99   34  743 1149594.09 1165953.63  1.42%  83.9 3310s
  4044  1930 1160996.19   38  737 1149594.09 1165953.63  1.42%  84.0 3315s
  4051  1937 1160686.56   41  725 1149594.09 1165953.63  1.42%  84.0 3320s
  4056  1942 1160623.29   44  732 1149594.09 1165953.63  1.42%  84.2 3326s
  4062  1948 1160471.81   47  721 1149594.09 1165953.63  1.42%  84.3 3330s
  4069  1955 1160150.22   50  713 1149594.09 1165953.63  1.42%  84.4 3336s
  4073  1959 1160194.27   52  710 1149594.09 1165953.63  1.42%  84.5 3340s
  4079  1965 1159955.38   55  703 1149594.09 1165953.63  1.42%  84.6 3345s
  4087  1973 1159832.92   59  691 1149594.09 1165953.63  1.42%  84.7 3350s
  4098  1984 1159638.10   65  685 1149594.09 1165953.63  1.42%  84.7 3356s
  4103  1989 1159520.71   67  681 1149594.09 1165953.63  1.42%  84.8 3360s
  4113  1999 1159364.12   72  678 1149594.09 1165953.63  1.42%  84.9 3365s
  4124  2010 1159157.79   78  678 1149594.09 1165953.63  1.42%  84.9 3371s
  4128  2014 1159105.98   80  680 1149594.09 1165953.63  1.42%  85.0 3375s
  4138  2024 1158887.56   85  676 1149594.09 1165953.63  1.42%  85.1 3380s
  4144  2030 1158794.66   88  675 1149594.09 1165953.63  1.42%  85.2 3385s
  4152  2038 1158568.77   92  675 1149594.09 1165953.63  1.42%  85.4 3390s
  4159  2045 1158405.98   95  659 1149594.09 1165953.63  1.42%  85.5 3395s
  4165  2051 1158213.07   98  656 1149594.09 1165953.63  1.42%  85.6 3400s
  4172  2058 1157947.75  102  650 1149594.09 1165953.63  1.42%  85.7 3405s
  4180  2066 1157756.14  106  631 1149594.09 1165953.63  1.42%  85.7 3410s
  4185  2071 1157543.95  108  628 1149594.09 1165953.63  1.42%  85.8 3421s
  4190  2076 1157494.61  111  617 1149594.09 1165953.63  1.42%  85.8 3425s
  4200  2086 1157289.43  116  609 1149594.09 1165953.63  1.42%  85.9 3430s
  4211  2097 1157083.80  121  595 1149594.09 1165953.63  1.42%  85.9 3435s
  4224  2110 1156899.68  128  587 1149594.09 1165953.63  1.42%  85.9 3440s
  4236  2122 1156630.84  134  566 1149594.09 1165953.63  1.42%  86.0 3445s
  4249  2135 1156272.31  140  564 1149594.09 1165953.63  1.42%  86.0 3450s
  4262  2148 1156012.76  147  557 1149594.09 1165953.63  1.42%  86.0 3455s
  4277  2163 1155776.27  154  532 1149594.09 1165953.63  1.42%  86.0 3460s
  4296  2182 1155391.19  164  505 1149594.09 1165953.63  1.42%  85.9 3465s
  4313  2199 1155044.63  172  479 1149594.09 1165953.63  1.42%  85.9 3470s
  4329  2215 1154919.53  180  477 1149594.09 1165953.63  1.42%  85.8 3475s
  4353  2239 1154638.37  192  450 1149594.09 1165953.63  1.42%  85.6 3480s
  4375  2261 1154128.18  203  419 1149594.09 1165953.63  1.42%  85.4 3485s
  4396  2282 1154073.71  214  420 1149594.09 1165953.63  1.42%  85.3 3490s
  4415  2301 1153638.36  223  410 1149594.09 1165953.63  1.42%  85.2 3495s
  4435  2321 1153514.49  233  401 1149594.09 1165953.63  1.42%  85.1 3500s
  4450  2336 1153286.24  241  400 1149594.09 1165953.63  1.42%  84.9 3505s
  4471  2357 1152966.27  251  392 1149594.09 1165953.63  1.42%  84.8 3510s
  4496  2382 1152896.19  264  386 1149594.09 1165953.63  1.42%  84.5 3515s
  4514  2400 1152610.03  273  380 1149594.09 1165953.63  1.42%  84.3 3520s
  4537  2423 1152073.22  284  367 1149594.09 1165953.63  1.42%  84.1 3525s
  4561  2447 1152127.60  296  359 1149594.09 1165953.63  1.42%  83.9 3530s
  4585  2471 1151822.33  308  352 1149594.09 1165953.63  1.42%  83.7 3535s
  4611  2497 1151224.14  321  333 1149594.09 1165953.63  1.42%  83.5 3540s
  4632  2518 1151225.72  332  313 1149594.09 1165953.63  1.42%  83.3 3545s
  4656  2542 1150809.99  344  302 1149594.09 1165953.63  1.42%  83.1 3550s
  4676  2562 1150404.23  354  295 1149594.09 1165953.63  1.42%  82.9 3555s
  4703  2588 1150125.98  367  289 1149594.09 1165953.63  1.42%  82.7 3560s
  4730  2613 1150107.36  381  268 1149594.09 1165953.63  1.42%  82.4 3565s
  4761  2638 1150021.06  397  253 1149594.09 1165953.63  1.42%  82.0 3570s
  4791  2660 1149760.89  413  250 1149594.09 1165953.63  1.42%  81.7 3575s
  4823  2666 1161742.53   16  818 1149594.09 1165848.32  1.41%  83.2 3620s
  4828  2671 1161709.26   19  804 1149594.09 1165848.32  1.41%  83.2 3625s
  4832  2675 1161625.47   21  797 1149594.09 1165848.32  1.41%  83.4 3630s
  4836  2679 1161536.87   23  792 1149594.09 1165848.32  1.41%  83.5 3635s
  4841  2684 1161451.72   25  784 1149594.09 1165848.32  1.41%  83.7 3640s
  4848  2691 1161163.91   29  753 1149594.09 1165848.32  1.41%  83.8 3645s
  4853  2696 1160809.02   31  747 1149594.09 1165848.32  1.41%  83.9 3650s
  4859  2702 1160794.19   34  745 1149594.09 1165848.32  1.41%  84.0 3655s
  4867  2710 1160661.51   38  728 1149594.09 1165848.32  1.41%  84.1 3661s
  4870  2713 1160493.42   40  728 1149594.09 1165848.32  1.41%  84.1 3674s
  4871  2714 1160492.16   40  728 1149594.09 1165848.32  1.41%  84.1 3675s
  4879  2722 1160200.01   44  715 1149594.09 1165848.32  1.41%  84.2 3680s
  4885  2728 1160129.87   47  712 1149594.09 1165848.32  1.41%  84.2 3685s
  4894  2737 1159963.53   52  698 1149594.09 1165848.32  1.41%  84.3 3691s
  4902  2745 1159673.11   56  690 1149594.09 1165848.32  1.41%  84.4 3695s
  4911  2754 1159408.67   60  679 1149594.09 1165848.32  1.41%  84.4 3712s
  4918  2761 1159259.29   64  683 1149594.09 1165848.32  1.41%  84.4 3715s
  4927  2770 1158979.16   68  675 1149594.09 1165848.32  1.41%  84.5 3720s
  4934  2777 1158913.63   72  667 1149594.09 1165848.32  1.41%  84.7 3725s
  4943  2786 1158604.88   76  661 1149594.09 1165848.32  1.41%  84.8 3730s
  4952  2795 1158610.58   81  662 1149594.09 1165848.32  1.41%  84.9 3735s
  4959  2802 1158487.25   84  657 1149594.09 1165848.32  1.41%  85.1 3740s
  4970  2813 1158242.74   90  654 1149594.09 1165848.32  1.41%  85.1 3745s
  4981  2824 1158109.73   95  652 1149594.09 1165848.32  1.41%  85.2 3750s
  4993  2836 1157782.99  101  632 1149594.09 1165848.32  1.41%  85.2 3755s
  5001  2844 1157568.24  105  636 1149594.09 1165848.32  1.41%  85.2 3761s
  5007  2850 1157279.53  108  619 1149594.09 1165848.32  1.41%  85.4 3765s
  5022  2865 1157051.16  116  603 1149594.09 1165848.32  1.41%  85.4 3770s
  5033  2876 1156906.06  121  595 1149594.09 1165848.32  1.41%  85.4 3775s
  5046  2889 1156717.46  128  590 1149594.09 1165848.32  1.41%  85.5 3780s
  5059  2902 1156190.28  134  589 1149594.09 1165848.32  1.41%  85.5 3785s
  5072  2915 1156123.80  141  575 1149594.09 1165848.32  1.41%  85.6 3790s
  5090  2933 1155807.15  150  562 1149594.09 1165848.32  1.41%  85.5 3795s
  5103  2946 1155497.41  156  550 1149594.09 1165848.32  1.41%  85.6 3800s
  5118  2961 1155272.76  164  541 1149594.09 1165848.32  1.41%  85.6 3805s
  5138  2981 1154841.63  174  512 1149594.09 1165848.32  1.41%  85.5 3810s
  5157  3000 1154208.73  183  486 1149594.09 1165848.32  1.41%  85.5 3815s
  5177  3020 1154024.40  193  487 1149594.09 1165848.32  1.41%  85.4 3820s
  5200  3043 1153818.07  205  458 1149594.09 1165848.32  1.41%  85.2 3825s
  5218  3061 1153535.06  214  446 1149594.09 1165848.32  1.41%  85.1 3830s
  5241  3084 1153039.78  225  422 1149594.09 1165848.32  1.41%  85.0 3835s
  5265  3108 1152552.07  237  425 1149594.09 1165848.32  1.41%  84.8 3840s
  5288  3131 1152365.55  249  408 1149594.09 1165848.32  1.41%  84.6 3845s
  5314  3157 1151921.49  262  393 1149594.09 1165848.32  1.41%  84.5 3850s
  5337  3180 1151324.62  273  372 1149594.09 1165848.32  1.41%  84.4 3855s
  5362  3205 1151213.36  286  374 1149594.09 1165848.32  1.41%  84.2 3860s
  5387  3230 1150904.60  298  349 1149594.09 1165848.32  1.41%  84.0 3865s
  5409  3252 1150532.24  309  349 1149594.09 1165848.32  1.41%  83.9 3870s
  5432  3275 1150545.05  321  333 1149594.09 1165848.32  1.41%  83.7 3875s
  5453  3296 1150097.56  331  315 1149594.09 1165848.32  1.41%  83.5 3880s
  5487  3319     cutoff  348      1149594.09 1165848.32  1.41%  83.2 3885s
  5516  3328 1160787.82   17  820 1149594.09 1165847.81  1.41%  84.6 3941s
  5517  3329 1160709.00   18  819 1149594.09 1165847.81  1.41%  84.6 3946s
  5522  3334 1160506.75   20  800 1149594.09 1165847.81  1.41%  84.7 3951s
  5526  3338 1160642.93   22  795 1149594.09 1165847.81  1.41%  84.8 3955s
  5533  3345 1160382.14   26  785 1149594.09 1165847.81  1.41%  84.8 3960s
  5538  3350 1160079.90   28  780 1149594.09 1165847.81  1.41%  85.0 3965s
  5542  3354 1159537.99   30  779 1149594.09 1165847.81  1.41%  85.0 3971s
  5546  3358 1159743.58   32  775 1149594.09 1165847.81  1.41%  85.1 3975s
  5552  3364 1159708.68   35  759 1149594.09 1165847.81  1.41%  85.2 3980s
  5557  3369 1159848.58   38  767 1149594.09 1165847.81  1.41%  85.3 3985s
  5562  3374 1159731.64   40  761 1149594.09 1165847.81  1.41%  85.4 3990s
  5568  3380 1159572.92   43  757 1149594.09 1165847.81  1.41%  85.5 3995s
  5577  3389 1159301.31   48  737 1149594.09 1165847.81  1.41%  85.5 4000s
  5583  3395 1159113.28   51  733 1149594.09 1165847.81  1.41%  85.6 4005s
  5588  3400 1159026.54   53  731 1149594.09 1165847.81  1.41%  85.7 4010s
  5592  3404 1158879.61   55  723 1149594.09 1165847.81  1.41%  85.8 4015s
  5600  3412 1158653.13   59  714 1149594.09 1165847.81  1.41%  85.9 4020s
  5606  3418 1158614.26   62  710 1149594.09 1165847.81  1.41%  86.0 4026s
  5612  3424 1158579.30   65  709 1149594.09 1165847.81  1.41%  86.1 4030s
  5620  3432 1158386.60   69  711 1149594.09 1165847.81  1.41%  86.1 4036s
  5625  3437 1158439.69   72  713 1149594.09 1165847.81  1.41%  86.2 4071s
  5629  3441 1158190.61   74  702 1149594.09 1165847.81  1.41%  86.3 4075s
H 5632  3299                    1149935.0260 1165847.81  1.38%  86.4 4098s
  5636  3305 1157766.06   77  688 1149935.03 1165847.81  1.38%  86.4 4100s
  5642  3311 1157846.12   80  684 1149935.03 1165847.81  1.38%  86.6 4105s
  5650  3319 1157742.96   84  684 1149935.03 1165847.81  1.38%  86.6 4110s
  5659  3328 1157618.40   89  684 1149935.03 1165847.81  1.38%  86.7 4115s
  5668  3337 1157303.33   93  676 1149935.03 1165847.81  1.38%  86.8 4120s
  5672  3341 1157189.34   95  681 1149935.03 1165847.81  1.38%  86.9 4125s
  5683  3352 1157011.75  101  672 1149935.03 1165847.81  1.38%  86.9 4130s
  5694  3363 1156814.93  106  662 1149935.03 1165847.81  1.38%  87.0 4135s
  5705  3374 1156628.53  112  652 1149935.03 1165847.81  1.38%  87.1 4140s
  5716  3385 1156309.05  117  626 1149935.03 1165847.81  1.38%  87.2 4145s
  5728  3397 1156230.95  123  614 1149935.03 1165847.81  1.38%  87.2 4150s
  5744  3413 1155999.51  131  606 1149935.03 1165847.81  1.38%  87.2 4155s
  5759  3428 1155863.56  139  601 1149935.03 1165847.81  1.38%  87.2 4160s
  5772  3441 1155471.37  145  585 1149935.03 1165847.81  1.38%  87.2 4165s
  5784  3453 1155242.44  151  582 1149935.03 1165847.81  1.38%  87.3 4170s
  5797  3466 1155029.27  158  560 1149935.03 1165847.81  1.38%  87.3 4175s
  5813  3482 1154604.20  166  543 1149935.03 1165847.81  1.38%  87.4 4180s
  5829  3498 1154334.55  174  524 1149935.03 1165847.81  1.38%  87.4 4185s
  5853  3522 1153760.95  186  489 1149935.03 1165847.81  1.38%  87.4 4190s
  5867  3536 1153473.88  193  486 1149935.03 1165847.81  1.38%  87.3 4195s
  5891  3560 1153157.52  205  481 1149935.03 1165847.81  1.38%  87.2 4200s
  5913  3582 1152711.18  216  474 1149935.03 1165847.81  1.38%  87.1 4205s
  5931  3600 1152372.17  225  445 1149935.03 1165847.81  1.38%  87.1 4210s
  5954  3623 1151968.19  236  429 1149935.03 1165847.81  1.38%  87.0 4215s
  5976  3645 1151742.62  247  418 1149935.03 1165847.81  1.38%  86.8 4220s
  5996  3665 1151131.68  257  398 1149935.03 1165847.81  1.38%  86.8 4225s
  6021  3690 1150919.22  270  396 1149935.03 1165847.81  1.38%  86.6 4230s
  6049  3718 1150514.95  284  373 1149935.03 1165847.81  1.38%  86.4 4235s
  6077  3738 1150193.57  298  357 1149935.03 1165847.81  1.38%  86.2 4240s
  6119  3753 1149953.07  316  315 1149935.03 1165847.81  1.38%  85.9 4245s
  6129  3749 1160772.33   17  808 1149935.03 1165729.44  1.37%  87.2 4284s
  6130  3750 1160711.78   18  807 1149935.03 1165729.44  1.37%  87.2 4285s
  6136  3756 1160696.19   21  784 1149935.03 1165729.44  1.37%  87.3 4290s
  6141  3761 1160637.61   23  783 1149935.03 1165729.44  1.37%  87.4 4295s
  6148  3768 1160438.19   27  769 1149935.03 1165729.44  1.37%  87.5 4303s
  6149  3769 1160145.04   27  770 1149935.03 1165729.44  1.37%  87.5 4305s
  6156  3776 1160151.56   31  757 1149935.03 1165729.44  1.37%  87.5 4310s
  6157  3777 1160047.59   31  753 1149935.03 1165729.44  1.37%  87.6 4315s
  6163  3783 1159661.03   34  744 1149935.03 1165729.44  1.37%  87.7 4321s
  6165  3785 1159872.69   35  743 1149935.03 1165729.44  1.37%  87.7 4325s
  6175  3795 1159652.76   40  726 1149935.03 1165729.44  1.37%  87.7 4333s
  6177  3797 1159396.56   41  717 1149935.03 1165729.44  1.37%  87.8 4335s
  6183  3803 1159477.16   44  720 1149935.03 1165729.44  1.37%  87.9 4343s
  6185  3805 1159343.91   45  714 1149935.03 1165729.44  1.37%  87.9 4345s
  6193  3813 1159186.05   49  710 1149935.03 1165729.44  1.37%  87.9 4350s
  6195  3815 1159090.15   50  705 1149935.03 1165729.44  1.37%  88.0 4355s
  6203  3823 1158910.49   54  690 1149935.03 1165729.44  1.37%  88.1 4360s
  6208  3828 1158814.33   57  683 1149935.03 1165729.44  1.37%  88.1 4365s
  6212  3832 1158652.08   59  675 1149935.03 1165729.44  1.37%  88.1 4370s
  6219  3839 1158479.41   62  672 1149935.03 1165729.44  1.37%  88.2 4375s
  6220  3840 1158583.77   63  677 1149935.03 1165729.44  1.37%  88.2 4380s
  6229  3849 1158204.78   67  665 1149935.03 1165729.44  1.37%  88.3 4385s
  6238  3858 1158077.84   72  647 1149935.03 1165729.44  1.37%  88.4 4390s
  6243  3863 1157796.03   74  643 1149935.03 1165729.44  1.37%  88.4 4395s
  6250  3870 1157824.05   78  639 1149935.03 1165729.44  1.37%  88.5 4400s
  6258  3878 1157621.34   82  629 1149935.03 1165729.44  1.37%  88.5 4406s
  6266  3886 1157522.93   86  623 1149935.03 1165729.44  1.37%  88.5 4410s
  6271  3891 1157246.29   88  616 1149935.03 1165729.44  1.37%  88.6 4416s
  6281  3901 1157027.40   93  609 1149935.03 1165729.44  1.37%  88.6 4420s
  6290  3910 1156993.05   98  603 1149935.03 1165729.44  1.37%  88.6 4425s
  6302  3922 1156848.35  104  589 1149935.03 1165729.44  1.37%  88.6 4431s
  6311  3931 1156580.17  108  574 1149935.03 1165729.44  1.37%  88.6 4435s
  6326  3946 1156364.18  116  580 1149935.03 1165729.44  1.37%  88.6 4442s
  6338  3958 1156149.49  122  581 1149935.03 1165729.44  1.37%  88.6 4445s
  6352  3972 1155909.12  129  570 1149935.03 1165729.44  1.37%  88.6 4450s
  6367  3987 1155403.86  136  552 1149935.03 1165729.44  1.37%  88.6 4455s
  6380  4000 1155319.60  143  542 1149935.03 1165729.44  1.37%  88.6 4460s
  6394  4014 1155052.58  150  527 1149935.03 1165729.44  1.37%  88.5 4465s
  6406  4026 1154759.06  156  535 1149935.03 1165729.44  1.37%  88.6 4470s
  6425  4045 1154414.66  165  513 1149935.03 1165729.44  1.37%  88.5 4475s
  6440  4060 1154091.04  173  475 1149935.03 1165729.44  1.37%  88.5 4480s
  6457  4077 1153720.73  181  445 1149935.03 1165729.44  1.37%  88.4 4485s
  6474  4094 1153450.33  190  448 1149935.03 1165729.44  1.37%  88.3 4490s
  6494  4114 1153177.33  200  434 1149935.03 1165729.44  1.37%  88.3 4495s
  6515  4135 1152820.35  210  421 1149935.03 1165729.44  1.37%  88.1 4500s
  6535  4155 1151876.81  220  398 1149935.03 1165729.44  1.37%  88.1 4505s
  6553  4173 1151795.46  229  391 1149935.03 1165729.44  1.37%  88.0 4510s
  6577  4197 1151164.89  241  361 1149935.03 1165729.44  1.37%  87.9 4515s
  6599  4219 1150565.95  252  355 1149935.03 1165729.44  1.37%  87.7 4520s
  6618  4238 1150954.93  262  341 1149935.03 1165729.44  1.37%  87.5 4525s
  6632  4252 1150841.15  269  340 1149935.03 1165729.44  1.37%  87.4 4531s
  6650  4270 1150668.87  278  330 1149935.03 1165729.44  1.37%  87.3 4535s
  6676  4292 1149968.75  291  308 1149935.03 1165729.44  1.37%  87.1 4540s
H 6707  3879                    1150750.4713 1165729.44  1.30%  86.9 4592s
  6708  3882 1160450.49   20  813 1150750.47 1165729.44  1.30%  88.2 4595s
  6710  3884 1160482.67   21  802 1150750.47 1165729.44  1.30%  88.2 4600s
  6711  3885 1160456.97   21  802 1150750.47 1165729.44  1.30%  88.2 4605s
  6713  3887 1160454.56   22  795 1150750.47 1165729.44  1.30%  88.2 4612s
  6714  3888 1160438.30   23  790 1150750.47 1165729.44  1.30%  88.2 4617s
  6715  3889 1160144.01   23  789 1150750.47 1165729.44  1.30%  88.3 4620s
  6716  3890 1160404.97   24  787 1150750.47 1165729.44  1.30%  88.3 4628s
  6719  3893 1160084.07   25  780 1150750.47 1165729.44  1.30%  88.3 4630s
  6727  3901 1159788.83   29  775 1150750.47 1165729.44  1.30%  88.3 4635s
  6733  3907 1159853.01   32  759 1150750.47 1165729.44  1.30%  88.4 4640s
  6737  3911 1159414.93   34  753 1150750.47 1165729.44  1.30%  88.4 4645s
  6740  3914 1159633.66   36  753 1150750.47 1165729.44  1.30%  88.5 4650s
  6748  3922 1159457.10   40  741 1150750.47 1165729.44  1.30%  88.5 4657s
  6755  3929 1159101.11   43  723 1150750.47 1165729.44  1.30%  88.5 4660s
  6758  3932 1159118.28   45  725 1150750.47 1165729.44  1.30%  88.6 4666s
  6763  3937 1158860.02   47  723 1150750.47 1165729.44  1.30%  88.7 4670s
  6767  3941 1158869.02   49  725 1150750.47 1165729.44  1.30%  88.7 4677s
  6771  3945 1158626.86   51  709 1150750.47 1165729.44  1.30%  88.8 4680s
  6778  3952 1158627.64   55  710 1150750.47 1165729.44  1.30%  88.8 4688s
  6782  3956 1158565.98   57  704 1150750.47 1165729.44  1.30%  88.8 4690s
  6789  3963 1158475.53   60  697 1150750.47 1165729.44  1.30%  88.9 4697s
  6790  3964 1158418.84   61  696 1150750.47 1165729.44  1.30%  88.9 4708s
  6792  3966 1158374.34   62  697 1150750.47 1165729.44  1.30%  88.9 4710s
  6797  3971 1158067.10   64  683 1150750.47 1165729.44  1.30%  89.0 4717s
  6799  3973 1158212.92   65  690 1150750.47 1165729.44  1.30%  89.0 4758s
  6802  3976 1158105.07   67  685 1150750.47 1165729.44  1.30%  89.0 4760s
  6810  3984 1157895.31   71  672 1150750.47 1165729.44  1.30%  89.0 4765s
  6817  3991 1157772.43   74  664 1150750.47 1165729.44  1.30%  89.1 4772s
  6823  3997 1157531.16   77  659 1150750.47 1165729.44  1.30%  89.1 4775s
  6829  4003 1157487.77   80  656 1150750.47 1165729.44  1.30%  89.2 4780s
  6836  4010 1157362.92   84  646 1150750.47 1165729.44  1.30%  89.2 4785s
  6849  4023 1157208.47   90  637 1150750.47 1165729.44  1.30%  89.2 4790s
  6855  4029 1157042.57   93  635 1150750.47 1165729.44  1.30%  89.3 4795s
  6865  4039 1156720.84   98  625 1150750.47 1165729.44  1.30%  89.3 4800s
  6874  4048 1156602.18  103  628 1150750.47 1165729.44  1.30%  89.4 4805s
  6882  4056 1156292.36  107  613 1150750.47 1165729.44  1.30%  89.4 4810s
  6893  4067 1156142.81  112  595 1150750.47 1165729.44  1.30%  89.4 4815s
  6898  4072 1156176.50  115  602 1150750.47 1165729.44  1.30%  89.4 4820s
  6911  4085 1155881.18  121  592 1150750.47 1165729.44  1.30%  89.4 4825s
  6922  4096 1155729.43  127  574 1150750.47 1165729.44  1.30%  89.5 4830s
  6934  4108 1155549.00  133  575 1150750.47 1165729.44  1.30%  89.5 4835s
  6943  4117 1155311.14  137  567 1150750.47 1165729.44  1.30%  89.5 4840s
  6956  4130 1155146.56  144  555 1150750.47 1165729.44  1.30%  89.4 4845s
  6974  4148 1154740.84  153  550 1150750.47 1165729.44  1.30%  89.4 4850s
  6979  4153 1154500.92  155  544 1150750.47 1165729.44  1.30%  89.4 4855s
  6980  4154 1154560.06  156  546 1150750.47 1165729.44  1.30%  89.4 4871s
  6982  4156 1154147.03  157  545 1150750.47 1165729.44  1.30%  89.4 4876s
  6991  4165 1153914.29  161  531 1150750.47 1165729.44  1.30%  89.4 4880s
  7005  4179 1153769.42  168  507 1150750.47 1165729.44  1.30%  89.4 4885s
  7023  4197 1153225.71  177  483 1150750.47 1165729.44  1.30%  89.4 4891s
  7039  4213 1153093.31  185  484 1150750.47 1165729.44  1.30%  89.3 4895s
  7056  4230 1152960.89  194  470 1150750.47 1165729.44  1.30%  89.3 4900s
  7072  4246 1152818.16  202  459 1150750.47 1165729.44  1.30%  89.2 4905s
  7089  4263 1152467.89  210  459 1150750.47 1165729.44  1.30%  89.2 4910s
  7107  4281 1152244.33  219  446 1150750.47 1165729.44  1.30%  89.1 4915s
  7126  4300 1152042.03  229  434 1150750.47 1165729.44  1.30%  89.0 4920s
  7146  4320 1151708.67  239  412 1150750.47 1165729.44  1.30%  88.9 4925s
  7168  4342 1151415.91  250  401 1150750.47 1165729.44  1.30%  88.8 4930s
  7189  4360 1151171.74  261  397 1150750.47 1165729.44  1.30%  88.7 4935s
  7216  4375     cutoff  275      1150750.47 1165729.44  1.30%  88.5 4940s
  7221  4374 1160404.03   19  806 1150750.47 1165721.28  1.30%  89.6 4979s
  7222  4375 1160336.85   20  806 1150750.47 1165721.28  1.30%  89.6 4982s
  7223  4376 1160333.12   21  801 1150750.47 1165721.28  1.30%  89.6 4986s
  7224  4377 1160289.33   22  792 1150750.47 1165721.28  1.30%  89.6 4992s
  7226  4379 1160259.25   24  787 1150750.47 1165721.28  1.30%  89.6 4998s
  7227  4380 1160214.55   25  788 1150750.47 1165721.28  1.30%  89.6 5002s
  7231  4384 1159998.94   29  779 1150750.47 1165721.28  1.30%  89.6 5005s
  7235  4388 1159760.11   32  769 1150750.47 1165721.28  1.30%  89.7 5010s
  7241  4394 1159657.22   35  763 1150750.47 1165721.28  1.30%  89.7 5016s
  7248  4401 1159379.92   41  755 1150750.47 1165721.28  1.30%  89.8 5020s
  7251  4404 1159259.90   44  754 1150750.47 1165721.28  1.30%  89.8 5025s
  7256  4409 1159144.59   46  747 1150750.47 1165721.28  1.30%  89.8 5030s
  7262  4415 1158873.16   51  741 1150750.47 1165721.28  1.30%  89.8 5035s
  7265  4418 1158819.67   53  740 1150750.47 1165721.28  1.30%  89.9 5040s
  7269  4422 1158735.18   54  732 1150750.47 1165721.28  1.30%  89.9 5046s
  7275  4428 1158511.64   58  722 1150750.47 1165721.28  1.30%  89.9 5052s
  7279  4432 1158371.97   62  722 1150750.47 1165721.28  1.30%  89.9 5055s
  7282  4435 1158298.25   65  716 1150750.47 1165721.28  1.30%  89.9 5086s
  7289  4442 1158089.21   70  718 1150750.47 1165721.28  1.30%  89.9 5090s
  7291  4444 1157983.06   71  715 1150750.47 1165721.28  1.30%  90.0 5095s
  7296  4449 1157877.04   73  710 1150750.47 1165721.28  1.30%  90.0 5103s
  7298  4451 1157801.16   72  697 1150750.47 1165721.28  1.30%  90.1 5106s
  7300  4453 1157834.29   76  699 1150750.47 1165721.28  1.30%  90.1 5110s
  7306  4459 1157720.40   78  691 1150750.47 1165721.28  1.30%  90.2 5115s
  7310  4463 1157664.49   81  693 1150750.47 1165721.28  1.30%  90.3 5120s
  7314  4467 1157655.94   82  692 1150750.47 1165721.28  1.30%  90.3 5125s
  7320  4473 1157410.81   86  696 1150750.47 1165721.28  1.30%  90.3 5130s
  7325  4478 1157385.45   86  695 1150750.47 1165721.28  1.30%  90.4 5136s
  7329  4482 1157164.77   87  692 1150750.47 1165721.28  1.30%  90.5 5142s
  7333  4486 1157223.89   91  684 1150750.47 1165721.28  1.30%  90.5 5146s
  7338  4491 1157099.09   95  677 1150750.47 1165721.28  1.30%  90.5 5150s
  7344  4497 1156933.66   99  674 1150750.47 1165721.28  1.30%  90.6 5155s
  7351  4504 1156719.54  102  665 1150750.47 1165721.28  1.30%  90.5 5160s
  7357  4510 1156636.74  102  658 1150750.47 1165721.28  1.30%  90.6 5165s
  7362  4515 1156518.95  102  655 1150750.47 1165721.28  1.30%  90.6 5170s
  7371  4524 1156398.15  108  662 1150750.47 1165721.28  1.30%  90.6 5175s
  7376  4529 1156257.84  111  658 1150750.47 1165721.28  1.30%  90.7 5180s
  7383  4536 1156006.20  113  654 1150750.47 1165721.28  1.30%  90.7 5185s
  7393  4546 1156004.47  118  645 1150750.47 1165721.28  1.30%  90.7 5190s
  7402  4555 1155793.43  121  637 1150750.47 1165721.28  1.30%  90.7 5195s
  7411  4564 1155557.45  127  612 1150750.47 1165721.28  1.30%  90.7 5200s
  7427  4580 1155437.14  131  615 1150750.47 1165721.28  1.30%  90.7 5205s
  7437  4590 1155246.10  135  607 1150750.47 1165721.28  1.30%  90.7 5210s
  7444  4597 1155003.63  137  607 1150750.47 1165721.28  1.30%  90.8 5215s
  7453  4606 1154873.74  143  616 1150750.47 1165721.28  1.30%  90.8 5221s
  7460  4613 1154772.94  144  607 1150750.47 1165721.28  1.30%  90.9 5225s
  7469  4622 1154663.65  149  605 1150750.47 1165721.28  1.30%  90.9 5231s
  7479  4632 1154534.84  152  599 1150750.47 1165721.28  1.30%  90.9 5235s
  7486  4639 1154343.88  157  585 1150750.47 1165721.28  1.30%  90.9 5240s
  7498  4651 1154218.97  158  589 1150750.47 1165721.28  1.30%  90.9 5245s
  7510  4663 1153978.18  162  579 1150750.47 1165721.28  1.30%  90.9 5250s
  7519  4672 1153868.33  167  569 1150750.47 1165721.28  1.30%  90.9 5255s
  7531  4684 1153742.69  166  566 1150750.47 1165721.28  1.30%  90.9 5260s
  7544  4697 1153696.45  168  574 1150750.47 1165721.28  1.30%  91.0 5265s
  7556  4709 1153660.56  170  561 1150750.47 1165721.28  1.30%  91.0 5270s
  7569  4722 1153516.59  172  566 1150750.47 1165721.28  1.30%  91.0 5275s
  7584  4737 1153222.45  178  539 1150750.47 1165721.28  1.30%  91.0 5280s
  7601  4754 1153115.81  182  527 1150750.47 1165721.28  1.30%  90.9 5285s
  7626  4779 1152759.77  196  520 1150750.47 1165721.28  1.30%  90.8 5290s
  7643  4796 1152438.42  203  503 1150750.47 1165721.28  1.30%  90.8 5295s
  7663  4816 1152300.47  211  498 1150750.47 1165721.28  1.30%  90.7 5300s
  7677  4830 1152006.51  222  475 1150750.47 1165721.28  1.30%  90.7 5305s
  7692  4845 1151661.36  233  449 1150750.47 1165721.28  1.30%  90.7 5310s
  7713  4866 1151399.79  246  449 1150750.47 1165721.28  1.30%  90.5 5315s
  7738  4891 1151102.44  256  432 1150750.47 1165721.28  1.30%  90.4 5320s
  7769  4905 1160514.09   18  800 1150750.47 1165721.28  1.30%  91.3 5364s
  7770  4906 1160446.91   19  800 1150750.47 1165721.28  1.30%  91.3 5369s
  7771  4907 1160443.16   20  795 1150750.47 1165721.28  1.30%  91.3 5371s
  7775  4911 1160267.40   24  775 1150750.47 1165721.28  1.30%  91.3 5375s
  7780  4916 1159935.99   28  770 1150750.47 1165721.28  1.30%  91.4 5381s
  7788  4924 1159797.97   32  755 1150750.47 1165721.28  1.30%  91.4 5385s
  7800  4936 1159321.41   41  742 1150750.47 1165721.28  1.30%  91.4 5390s
  7808  4944 1159048.19   47  729 1150750.47 1165721.28  1.30%  91.4 5396s
  7811  4947 1158958.83   48  731 1150750.47 1165721.28  1.30%  91.5 5400s
  7818  4954 1158785.26   52  716 1150750.47 1165721.28  1.30%  91.5 5405s
  7826  4962 1158509.85   55  711 1150750.47 1165721.28  1.30%  91.5 5410s
  7835  4971 1158392.06   62  711 1150750.47 1165721.28  1.30%  91.6 5415s
  7842  4978 1158186.88   65  708 1150750.47 1165721.28  1.30%  91.7 5421s
  7845  4981 1158228.61   66  712 1150750.47 1165721.28  1.30%  91.7 5425s
  7849  4985 1158058.99   68  702 1150750.47 1165721.28  1.30%  91.7 5430s
  7851  4987 1157996.19   69  698 1150750.47 1165721.28  1.30%  91.8 5465s
  7855  4991 1157984.06   70  709 1150750.47 1165721.28  1.30%  91.9 5472s
  7861  4997 1157846.07   74  699 1150750.47 1165721.28  1.30%  91.9 5476s
  7869  5005 1157632.87   76  691 1150750.47 1165721.28  1.30%  92.0 5481s
  7875  5011 1157495.90   78  679 1150750.47 1165721.28  1.30%  92.0 5485s
  7884  5020 1157319.39   84  679 1150750.47 1165721.28  1.30%  92.0 5490s
  7891  5027 1157138.30   90  665 1150750.47 1165721.28  1.30%  92.1 5495s
  7900  5036 1156863.39   93  655 1150750.47 1165721.28  1.30%  92.2 5500s
  7906  5042 1156778.98   99  651 1150750.47 1165721.28  1.30%  92.2 5505s
  7913  5049 1156650.53  101  640 1150750.47 1165721.28  1.30%  92.3 5510s
  7923  5059 1156560.11  106  634 1150750.47 1165721.28  1.30%  92.3 5515s
  7933  5069 1156386.28  110  632 1150750.47 1165721.28  1.30%  92.3 5520s
  7950  5086 1156046.86  120  619 1150750.47 1165721.28  1.30%  92.3 5525s
  7958  5094 1155873.26  126  607 1150750.47 1165721.28  1.30%  92.3 5530s
  7970  5106 1155718.47  134  591 1150750.47 1165721.28  1.30%  92.2 5535s
  7976  5112 1155498.00  138  595 1150750.47 1165721.28  1.30%  92.3 5544s
  7979  5115 1155562.24  137  589 1150750.47 1165721.28  1.30%  92.3 5545s
  7993  5129 1155221.09  140  586 1150750.47 1165721.28  1.30%  92.3 5550s
  8008  5144 1155062.68  148  589 1150750.47 1165721.28  1.30%  92.3 5555s
  8020  5156 1154759.05  152  593 1150750.47 1165721.28  1.30%  92.3 5560s
  8037  5173 1154520.06  159  566 1150750.47 1165721.28  1.30%  92.3 5565s
  8058  5194 1154225.00  170  536 1150750.47 1165721.28  1.30%  92.3 5570s
  8082  5218 1153873.16  179  525 1150750.47 1165721.28  1.30%  92.3 5575s
  8101  5237 1153883.29  180  517 1150750.47 1165721.28  1.30%  92.2 5580s
  8112  5248 1153737.01  184  511 1150750.47 1165721.28  1.30%  92.2 5585s
  8131  5267 1153401.84  188  480 1150750.47 1165721.28  1.30%  92.2 5590s
  8145  5281 1153157.01  191  477 1150750.47 1165721.28  1.30%  92.2 5595s
  8172  5308 1152862.59  205  459 1150750.47 1165721.28  1.30%  92.0 5600s
  8202  5338 1152442.86  224  443 1150750.47 1165721.28  1.30%  91.9 5605s
  8242  5378 1151785.85  248  419 1150750.47 1165721.28  1.30%  91.7 5610s
  8268  5404 1151486.11  262  391 1150750.47 1165721.28  1.30%  91.5 5615s
  8294  5430 1151121.39  280  384 1150750.47 1165721.28  1.30%  91.4 5620s
  8323  5455 1150821.48  294  371 1150750.47 1165721.28  1.30%  91.2 5625s
  8331  5453 1160456.59   18  804 1150750.47 1165655.16  1.30%  92.2 5665s
  8340  5462 1160187.86   27  782 1150750.47 1165655.16  1.30%  92.2 5670s
  8344  5466 1159943.74   29  777 1150750.47 1165655.16  1.30%  92.2 5675s
  8351  5473 1159806.92   31  773 1150750.47 1165655.16  1.30%  92.3 5682s
  8355  5477 1159595.77   36  762 1150750.47 1165655.16  1.30%  92.3 5685s
  8360  5482 1159298.96   41  735 1150750.47 1165655.16  1.30%  92.3 5690s
  8367  5489 1159041.63   47  719 1150750.47 1165655.16  1.30%  92.3 5695s
  8376  5498 1158809.50   52  716 1150750.47 1165655.16  1.30%  92.3 5700s
  8385  5507 1158486.28   58  717 1150750.47 1165655.16  1.30%  92.4 5705s
  8389  5511 1158268.30   59  713 1150750.47 1165655.16  1.30%  92.4 5710s
  8398  5520 1158191.85   65  699 1150750.47 1165655.16  1.30%  92.5 5715s
  8406  5528 1157955.73   69  689 1150750.47 1165655.16  1.30%  92.5 5720s
  8413  5535 1157830.37   71  690 1150750.47 1165655.16  1.30%  92.6 5725s
  8419  5541 1157698.38   72  683 1150750.47 1165655.16  1.30%  92.7 5730s
  8430  5552 1157444.18   76  679 1150750.47 1165655.16  1.30%  92.7 5735s
  8440  5562 1157205.33   83  667 1150750.47 1165655.16  1.30%  92.8 5740s
  8449  5571 1156960.73   88  652 1150750.47 1165655.16  1.30%  92.8 5745s
  8456  5578 1156791.20   89  648 1150750.47 1165655.16  1.30%  92.8 5750s
  8466  5588 1156762.02   92  647 1150750.47 1165655.16  1.30%  92.9 5755s
  8473  5595 1156529.78   97  626 1150750.47 1165655.16  1.30%  92.9 5760s
  8486  5608 1156240.81  103  621 1150750.47 1165655.16  1.30%  93.0 5765s
  8496  5618 1155974.62  111  614 1150750.47 1165655.16  1.30%  93.0 5771s
  8505  5627 1155776.54  112  606 1150750.47 1165655.16  1.30%  93.0 5775s
  8525  5647 1155493.62  119  604 1150750.47 1165655.16  1.30%  93.0 5780s
  8540  5662 1155301.44  129  595 1150750.47 1165655.16  1.30%  93.0 5785s
  8558  5680 1155108.48  131  597 1150750.47 1165655.16  1.30%  93.0 5790s
  8581  5703 1154752.93  142  564 1150750.47 1165655.16  1.30%  92.9 5795s
  8598  5720 1154383.01  147  562 1150750.47 1165655.16  1.30%  92.9 5800s
  8623  5745 1153826.58  162  526 1150750.47 1165655.16  1.30%  92.8 5805s
  8647  5769 1153494.94  168  523 1150750.47 1165655.16  1.30%  92.7 5810s
  8666  5788 1153245.11  173  498 1150750.47 1165655.16  1.30%  92.6 5815s
  8694  5816 1152802.01  186  470 1150750.47 1165655.16  1.30%  92.5 5820s
  8720  5842 1152487.89  198  457 1150750.47 1165655.16  1.30%  92.4 5825s
  8746  5868 1151932.72  215  430 1150750.47 1165655.16  1.30%  92.3 5830s
  8782  5904 1151479.16  235  408 1150750.47 1165655.16  1.30%  92.1 5835s
  8810  5932 1151086.87  249  394 1150750.47 1165655.16  1.30%  91.9 5840s
  8843  5948 1160290.20   20  809 1150750.47 1165655.16  1.30%  92.7 5881s
  8849  5954 1160143.22   26  790 1150750.47 1165655.16  1.30%  92.7 5885s
  8855  5960 1159813.69   30  788 1150750.47 1165655.16  1.30%  92.7 5890s
  8860  5965 1159723.78   32  784 1150750.47 1165655.16  1.30%  92.8 5895s
  8867  5972 1159216.07   37  767 1150750.47 1165655.16  1.30%  92.8 5900s
  8876  5981 1158965.82   44  748 1150750.47 1165655.16  1.30%  92.8 5905s
  8884  5989 1158484.41   50  726 1150750.47 1165655.16  1.30%  92.8 5910s
H 8887  5908                    1150885.5339 1165655.16  1.28%  92.9 5922s
  8892  5915 1158361.99   55  725 1150885.53 1165655.16  1.28%  92.9 5925s
  8897  5920 1158322.52   56  715 1150885.53 1165655.16  1.28%  92.9 5930s
  8904  5927 1158069.89   59  715 1150885.53 1165655.16  1.28%  93.0 5935s
  8913  5936 1157804.33   64  706 1150885.53 1165655.16  1.28%  93.0 5940s
  8923  5946 1157433.73   69  694 1150885.53 1165655.16  1.28%  93.1 5945s
  8928  5951 1157435.78   70  699 1150885.53 1165655.16  1.28%  93.1 5950s
  8938  5961 1157130.70   72  682 1150885.53 1165655.16  1.28%  93.2 5955s
  8949  5972 1156979.84   75  674 1150885.53 1165655.16  1.28%  93.2 5960s
  8962  5985 1156612.29   84  660 1150885.53 1165655.16  1.28%  93.3 5965s
  8972  5995 1156442.30   89  659 1150885.53 1165655.16  1.28%  93.3 5970s
  8973  5996 1156451.71   89  657 1150885.53 1165655.16  1.28%  93.3 5977s
  8979  6002 1156267.32   92  648 1150885.53 1165655.16  1.28%  93.4 5980s
  8994  6017 1155956.11  101  627 1150885.53 1165655.16  1.28%  93.4 5985s
  9010  6033 1155590.11  107  621 1150885.53 1165655.16  1.28%  93.4 5990s
  9023  6046 1155440.12  110  611 1150885.53 1165655.16  1.28%  93.4 5995s
  9036  6059 1155352.72  112  610 1150885.53 1165655.16  1.28%  93.4 6000s
  9046  6069 1155173.34  116  613 1150885.53 1165655.16  1.28%  93.4 6005s
  9059  6082 1154980.58  123  598 1150885.53 1165655.16  1.28%  93.4 6010s
  9071  6094 1154816.02  127  592 1150885.53 1165655.16  1.28%  93.4 6015s
  9092  6115 1154306.57  139  567 1150885.53 1165655.16  1.28%  93.4 6020s
  9109  6132 1154056.04  144  559 1150885.53 1165655.16  1.28%  93.3 6025s
  9129  6152 1153742.81  152  549 1150885.53 1165655.16  1.28%  93.3 6030s
  9150  6173 1153416.65  161  545 1150885.53 1165655.16  1.28%  93.3 6035s
  9177  6200 1153043.78  174  508 1150885.53 1165655.16  1.28%  93.2 6040s
  9200  6223 1152580.42  187  481 1150885.53 1165655.16  1.28%  93.1 6045s
  9235  6258 1152174.09  204  451 1150885.53 1165655.16  1.28%  93.0 6050s
  9267  6290 1151671.97  223  432 1150885.53 1165655.16  1.28%  92.9 6055s
  9297  6319 1151232.15  235  415 1150885.53 1165655.16  1.28%  92.8 6060s
  9334  6344 1160192.76   20  806 1150885.53 1165591.70  1.28%  93.5 6113s
  9338  6348 1160075.98   24  789 1150885.53 1165591.70  1.28%  93.5 6116s
  9343  6353 1159850.08   27  784 1150885.53 1165591.70  1.28%  93.5 6120s
  9353  6363 1159640.62   32  787 1150885.53 1165591.70  1.28%  93.5 6125s
  9362  6372 1159347.26   36  762 1150885.53 1165591.70  1.28%  93.5 6130s
  9371  6381 1158812.29   46  721 1150885.53 1165591.70  1.28%  93.6 6135s
  9377  6387 1158561.51   50  712 1150885.53 1165591.70  1.28%  93.6 6140s
  9382  6392 1158433.36   51  714 1150885.53 1165591.70  1.28%  93.7 6145s
  9388  6398 1158228.59   53  705 1150885.53 1165591.70  1.28%  93.7 6150s
  9397  6407 1158134.41   57  705 1150885.53 1165591.70  1.28%  93.8 6155s
  9405  6415 1157980.64   60  699 1150885.53 1165591.70  1.28%  93.8 6160s
  9413  6423 1157687.10   64  687 1150885.53 1165591.70  1.28%  93.8 6165s
  9423  6433 1157306.93   70  681 1150885.53 1165591.70  1.28%  93.9 6170s
  9428  6438 1157254.43   71  675 1150885.53 1165591.70  1.28%  93.9 6175s
  9439  6449 1156978.60   79  656 1150885.53 1165591.70  1.28%  94.0 6180s
  9449  6459 1156754.74   84  659 1150885.53 1165591.70  1.28%  94.0 6185s
  9457  6467 1156544.83   87  649 1150885.53 1165591.70  1.28%  94.0 6190s
  9466  6476 1156439.06   89  645 1150885.53 1165591.70  1.28%  94.1 6195s
  9473  6483 1156260.65   93  632 1150885.53 1165591.70  1.28%  94.2 6200s
  9488  6498 1155869.17  100  632 1150885.53 1165591.70  1.28%  94.1 6205s
  9502  6512 1155802.86  100  622 1150885.53 1165591.70  1.28%  94.1 6210s
  9512  6522 1155783.01  101  628 1150885.53 1165591.70  1.28%  94.1 6215s
  9526  6536 1155419.77  114  611 1150885.53 1165591.70  1.28%  94.1 6220s
  9530  6540 1155304.50  113  607 1150885.53 1165591.70  1.28%  94.2 6241s
  9542  6552 1155118.98  119  605 1150885.53 1165591.70  1.28%  94.1 6245s
  9551  6561 1155030.84  120  602 1150885.53 1165591.70  1.28%  94.1 6250s
  9571  6581 1154668.74  127  599 1150885.53 1165591.70  1.28%  94.1 6283s
  9574  6584 1154659.01  131  588 1150885.53 1165591.70  1.28%  94.1 6285s
  9589  6599 1154370.61  135  576 1150885.53 1165591.70  1.28%  94.1 6290s
  9606  6616 1154052.39  142  563 1150885.53 1165591.70  1.28%  94.0 6295s
  9629  6639 1153558.34  155  530 1150885.53 1165591.70  1.28%  94.0 6300s
  9650  6660 1153207.53  163  520 1150885.53 1165591.70  1.28%  94.0 6305s
  9676  6686 1152913.28  178  508 1150885.53 1165591.70  1.28%  93.9 6310s
  9712  6722 1152425.92  197  470 1150885.53 1165591.70  1.28%  93.7 6315s
  9748  6758 1151866.40  220  443 1150885.53 1165591.70  1.28%  93.6 6320s
  9785  6795 1151304.68  240  408 1150885.53 1165591.70  1.28%  93.4 6325s
  9823  6821 1150954.31  252  387 1150885.53 1165591.70  1.28%  93.2 6330s
  9828  6818 1160189.45   22  802 1150885.53 1165591.70  1.28%  94.1 6372s
  9831  6821 1160079.64   25  787 1150885.53 1165591.70  1.28%  94.1 6375s
  9837  6827 1159845.26   30  778 1150885.53 1165591.70  1.28%  94.2 6380s
  9845  6835 1159421.54   36  759 1150885.53 1165591.70  1.28%  94.2 6385s
  9854  6844 1159098.49   42  747 1150885.53 1165591.70  1.28%  94.2 6390s
  9862  6852 1158654.94   49  717 1150885.53 1165591.70  1.28%  94.2 6395s
  9872  6862 1158467.54   51  705 1150885.53 1165591.70  1.28%  94.3 6400s
  9878  6868 1158212.78   54  703 1150885.53 1165591.70  1.28%  94.3 6405s
  9887  6877 1158008.20   57  694 1150885.53 1165591.70  1.28%  94.3 6413s
  9889  6879 1157915.22   59  690 1150885.53 1165591.70  1.28%  94.3 6415s
  9898  6888 1157564.63   62  676 1150885.53 1165591.70  1.28%  94.3 6420s
  9905  6895 1157531.64   67  671 1150885.53 1165591.70  1.28%  94.4 6425s
  9913  6903 1157258.95   70  658 1150885.53 1165591.70  1.28%  94.4 6430s
  9921  6911 1157124.46   74  653 1150885.53 1165591.70  1.28%  94.4 6435s
  9935  6925 1156870.00   78  637 1150885.53 1165591.70  1.28%  94.5 6440s
  9947  6937 1156575.94   82  629 1150885.53 1165591.70  1.28%  94.5 6445s
  9960  6950 1156231.43   88  605 1150885.53 1165591.70  1.28%  94.5 6450s
  9970  6960 1156011.87   93  600 1150885.53 1165591.70  1.28%  94.5 6460s
  9987  6977 1155739.74   96  591 1150885.53 1165591.70  1.28%  94.5 6465s
 10004  6994 1155334.47  102  588 1150885.53 1165591.70  1.28%  94.5 6470s
 10018  7008 1155141.08  112  585 1150885.53 1165591.70  1.28%  94.6 6475s
 10038  7028 1154865.99  119  562 1150885.53 1165591.70  1.28%  94.5 6480s
 10062  7052 1154496.74  131  544 1150885.53 1165591.70  1.28%  94.4 6485s
 10082  7072 1154294.39  136  546 1150885.53 1165591.70  1.28%  94.3 6490s
 10105  7095 1153767.60  145  509 1150885.53 1165591.70  1.28%  94.3 6495s
 10134  7124 1153281.22  158  487 1150885.53 1165591.70  1.28%  94.2 6500s
 10165  7155 1152858.40  175  466 1150885.53 1165591.70  1.28%  94.1 6505s
 10202  7192 1152329.22  191  441 1150885.53 1165591.70  1.28%  93.9 6510s
 10229  7219 1152153.03  206  434 1150885.53 1165591.70  1.28%  93.8 6515s
 10265  7255 1151578.91  228  390 1150885.53 1165591.70  1.28%  93.6 6520s
 10300  7290 1151208.99  239  386 1150885.53 1165591.70  1.28%  93.4 6525s
 10340  7307 1160238.77   22  806 1150885.53 1165561.40  1.28%  94.0 6567s
 10341  7308 1160178.20   23  804 1150885.53 1165561.40  1.28%  94.0 6571s
 10343  7310 1160128.91   25  794 1150885.53 1165561.40  1.28%  94.0 6577s
 10344  7311 1160123.46   26  790 1150885.53 1165561.40  1.28%  94.0 6580s
 10347  7314 1159932.82   29  782 1150885.53 1165561.40  1.28%  94.0 6585s
 10350  7317 1159822.20   29  779 1150885.53 1165561.40  1.28%  94.1 6590s
 10359  7326 1159518.01   34  770 1150885.53 1165561.40  1.28%  94.1 6597s
 10362  7329 1159329.20   37  767 1150885.53 1165561.40  1.28%  94.1 6600s
 10366  7333 1159176.05   41  754 1150885.53 1165561.40  1.28%  94.1 6628s
 10367  7334 1159081.91   42  745 1150885.53 1165561.40  1.28%  94.1 6630s
 10371  7338 1159178.80   42  756 1150885.53 1165561.40  1.28%  94.1 6636s
 10375  7342 1158956.47   44  752 1150885.53 1165561.40  1.28%  94.2 6640s
 10382  7349 1158731.77   50  742 1150885.53 1165561.40  1.28%  94.2 6645s
 10384  7351 1158622.60   52  736 1150885.53 1165561.40  1.28%  94.2 6652s
 10388  7355 1158426.79   55  737 1150885.53 1165561.40  1.28%  94.2 6655s
 10396  7363 1158164.20   58  724 1150885.53 1165561.40  1.28%  94.3 6660s
 10404  7371 1158075.32   59  719 1150885.53 1165561.40  1.28%  94.3 6665s
 10408  7375 1157971.66   63  724 1150885.53 1165561.40  1.28%  94.3 6671s
 10415  7382 1157772.90   68  712 1150885.53 1165561.40  1.28%  94.3 6675s
 10423  7390 1157487.01   74  692 1150885.53 1165561.40  1.28%  94.4 6680s
 10427  7394 1157411.41   76  694 1150885.53 1165561.40  1.28%  94.4 6685s
 10434  7401 1157202.84   79  677 1150885.53 1165561.40  1.28%  94.4 6690s

Cutting planes:
  Gomory: 25
  Implied bound: 6
  MIR: 2400
  Flow cover: 2679
  RLT: 38
  Relax-and-lift: 1
  Lazy constraints: 8922

Explored 10435 nodes (988353 simplex iterations) in 6690.99 seconds (6014.85 work units)
Thread count was 1 (of 52 available processors)

Solution count 10: 1.15089e+06 1.15075e+06 1.14994e+06 ... 1.13645e+06

Time limit reached
Best objective 1.150885533935e+06, best bound 1.165561400090e+06, gap 1.2752%

User-callback calls 342890, time in user-callback 7.83 sec

CPU time spent in the second stage: 6690.99 sec
The LP relaxation bound at the root node: 1239688.535478
Termination status of the second stage: TIME_LIMIT

------------------ end of the second stage -----------------

Total CPU time: 7200.07 sec
Percentage optimality gap: 1.26 %
CPU time spent in separating the cuts: 174.42 sec
Number of explored nodes: 10435
Objective value of the returned solution: 1150885.533935
Optimal facility locations: [5, 8, 10, 28, 38, 42, 46, 50, 51, 75, 80, 83, 89, 90, 92, 116, 125, 154, 158, 160, 179, 184, 199, 209, 212, 217, 222, 224, 225, 260, 271, 276, 281, 289, 297, 298, 306, 308, 318, 332, 344, 345, 359, 362, 363, 365, 367, 368, 370, 374, 385, 389, 395, 405, 429, 443, 445, 448, 454, 464, 465, 476, 482, 485, 486, 504, 511, 514, 515, 521, 525, 536, 537, 538, 550, 551, 574, 607, 614, 617, 637, 649, 669, 670, 674, 675, 681, 684, 689, 696, 701, 710, 729, 738, 750, 766, 770, 778, 783, 786, 790, 796, 803, 820, 825, 830, 837, 844, 855, 871, 879, 886, 890, 904, 907, 936, 952, 955, 968, 978, 979, 985, 996, 1007, 1008, 1019, 1037, 1057, 1059, 1061, 1102, 1104, 1105, 1121, 1124, 1125, 1129, 1137, 1138, 1148, 1153, 1177, 1186, 1205, 1207, 1213, 1234, 1251, 1278, 1283, 1286, 1288, 1299, 1300, 1318, 1335, 1338, 1340, 1351, 1364, 1378, 1388, 1398, 1402, 1403, 1409, 1415, 1419, 1428, 1444, 1451, 1459, 1464, 1474, 1476, 1497, 1499, 1506, 1509, 1510, 1515, 1517, 1522, 1541, 1590, 1611, 1612, 1666, 1667, 1671, 1702, 1703, 1731, 1732, 1741, 1750, 1777, 1785, 1787, 1788, 1809, 1824, 1825, 1877, 1909, 1913, 1914, 1927, 1942, 1954, 1974, 1975, 1983, 1986]

@end of file
