Set parameter TimeLimit to value 7200
Setting B&C+LSI: The proposed B&C algorithm based on formulation (40) (equipped with the lifted submodular inequalities).

----------------- start of the first stage -----------------

Iter     Best Incumbent      BestBound     Gap      Time  #VioCuts
1                 0.000     421091.515   100.0       0.4      1000
2            177324.476     356193.054    50.2       7.3      1733
3            205993.927     261220.887    21.1      10.5      1684
4            217074.739     232225.637     6.5      14.1      1392
5            220870.260     225703.988     2.1      18.1       753
6            220870.260     224510.392     1.6      22.3       333
7            220870.260     224185.262     1.5      26.5       128
8            220870.260     224109.914     1.4      30.5        36
9            220870.260     224093.943     1.4      34.5        19
10           220870.260     224089.234     1.4      38.3        24
11           220870.260     224082.453     1.4      42.0        14
12           220870.260     224076.873     1.4      45.7         9
13           220870.260     224068.494     1.4      49.6        11
14           220870.260     224067.745     1.4      53.3         2
15           220870.260     224067.261     1.4      56.9         0

CPU time spent in the first stage: 59.59 sec
Upper bound returned at the end of the first stage: 224067.260744
Objective value of the optimal solution or the best incumbent at the end of the first stage: 220870.260329
Number of cuts added at the end of the first stage for the initialization of the relaxed MILP problem: 1193
Termination status of the first stage: LP Optimal

------------------ end of the first stage ------------------


----------------- start of the second stage ----------------

Gurobi Optimizer version 11.0.1 build v11.0.1rc0 (linux64 - "CentOS Linux 7 (Core)")

CPU model: Intel(R) Xeon(R) Gold 6230R CPU @ 2.10GHz, instruction set [SSE2|AVX|AVX2|AVX512]
Thread count: 52 physical cores, 52 logical processors, using up to 1 threads


Warning: excessive time spent in model updates.
Consider calling update less frequently.

Optimize a model with 2198 rows, 1400 columns and 28926 nonzeros
Model fingerprint: 0x73c63970
Variable types: 1000 continuous, 400 integer (0 binary)
Coefficient statistics:
  Matrix range     [4e-10, 2e+03]
  Objective range  [1e+01, 2e+03]
  Bounds range     [1e+00, 1e+00]
  RHS range        [2e-04, 5e+05]
Warning: Model contains large matrix coefficient range
         Consider reformulating model or setting NumericFocus parameter
         to avoid numerical issues.

Loaded user MIP start with objective 220870

Presolve removed 1012 rows and 0 columns
Presolve time: 0.06s
Presolved: 1186 rows, 1400 columns, 22193 nonzeros
Variable types: 1000 continuous, 400 integer (400 binary)

Root relaxation: objective 2.240672e+05, 395 iterations, 0.02 seconds (0.03 work units)

    Nodes    |    Current Node    |     Objective Bounds      |     Work
 Expl Unexpl |  Obj  Depth IntInf | Incumbent    BestBd   Gap | It/Node Time

     0     0 224067.203    0  139 220870.260 224067.203  1.45%     -    1s
     0     0 223956.735    0  119 220870.260 223956.735  1.40%     -    5s
     0     0 223942.724    0  121 220870.260 223942.724  1.39%     -    5s
     0     0 223940.145    0  123 220870.260 223940.145  1.39%     -    5s
     0     0 223932.471    0  124 220870.260 223932.471  1.39%     -    6s
     0     0 223925.765    0  122 220870.260 223925.765  1.38%     -    6s
     0     0 223924.759    0  123 220870.260 223924.759  1.38%     -    6s
     0     0 223924.452    0  123 220870.260 223924.452  1.38%     -    6s
     0     0 223917.790    0  124 220870.260 223917.790  1.38%     -    6s
     0     0 223916.726    0  124 220870.260 223916.726  1.38%     -    7s
     0     2 223916.021    0  124 220870.260 223916.021  1.38%     -    7s
   135   137 222201.566   94   54 220870.260 223906.070  1.37%  36.0   10s
H  243   234                    221896.98348 223900.061  0.90%  42.4   13s
   326   293 223096.502   31   72 221896.983 223898.871  0.90%  43.0   15s
*  376   299              73    222004.96661 223898.871  0.85%  42.1   15s
   505   412 222904.417   31   80 222004.967 223882.046  0.85%  48.7   20s
   545   450 223667.865   19  135 222004.967 223882.046  0.85%  48.5   27s
   551   454 222388.928   41  139 222004.967 223705.825  0.77%  48.0   30s
   557   458 222471.913   60  138 222004.967 223626.044  0.73%  47.5   35s
   574   471 222433.961   36  135 222004.967 223602.226  0.72%  52.8   40s
   582   477 223385.202   13  146 222004.967 223593.129  0.72%  52.1   45s
   606   495 223265.716   24  138 222004.967 223493.902  0.67%  58.7   50s
   650   524 222559.370   46  112 222004.967 223493.902  0.67%  62.0   55s
   713   552 223296.020   22  139 222004.967 223493.784  0.67%  66.1   60s
*  834   497              83    222658.33354 223493.784  0.38%  68.2   63s
   877   511 222890.965   39   78 222658.334 223492.122  0.37%  69.9   65s
  1042   548 222904.071   33   93 222658.334 223487.416  0.37%  70.4   70s
* 1101   472              65    222741.03188 223487.416  0.34%  68.7   70s
* 1226   440              64    222800.69871 223386.484  0.26%  71.2   73s
  1259   448 222971.064   26  115 222800.699 223325.624  0.24%  73.1   75s
  1349   465 223299.415   22  137 222800.699 223307.150  0.23%  75.5   80s
  1462   496 222955.629   24  131 222800.699 223298.301  0.22%  77.5   85s
  1615   514 223260.863   28  128 222800.699 223287.527  0.22%  79.3   90s
  1742   495 223241.826   24  135 222800.699 223278.127  0.21%  80.5   95s
  1860   510 222920.083   33  105 222800.699 223267.320  0.21%  81.8  100s
  1952   547 223238.803   24  137 222800.699 223260.692  0.21%  82.8  105s
  2087   580 223166.342   22  131 222800.699 223241.730  0.20%  83.5  110s
  2237   640 222812.294   40   96 222800.699 223233.851  0.19%  84.3  115s
H 2318   595                    222849.06436 223221.370  0.17%  84.6  118s
  2362   606 223036.443   30  119 222849.064 223214.285  0.16%  84.5  120s
  2433   618 222894.411   29  120 222849.064 223207.954  0.16%  85.0  125s
  2491   626 223026.785   31  116 222849.064 223199.474  0.16%  85.2  130s
  2572   640 222857.099   34  112 222849.064 223192.958  0.15%  85.2  137s
  2602   643     cutoff   29      222849.064 223186.088  0.15%  85.4  140s
  2673   669 222913.498   31  109 222849.064 223178.384  0.15%  85.4  145s
  2850   707 222992.926   32  120 222849.064 223154.573  0.14%  85.1  150s
  3020   738 222942.557   31  122 222849.064 223143.401  0.13%  84.9  155s
  3164   762     cutoff   37      222849.064 223134.075  0.13%  85.7  160s
  3290   784 222873.453   34  109 222849.064 223127.710  0.13%  85.7  165s
  3419   790 222893.113   28  123 222849.064 223120.277  0.12%  86.2  170s
  3554   801 222979.432   31  120 222849.064 223112.501  0.12%  86.6  175s
  3663   813 222914.921   31  115 222849.064 223105.922  0.12%  86.6  180s
  3814   857 222956.210   32  113 222849.064 223094.152  0.11%  86.6  185s
  4004   891 222904.425   26  106 222849.064 223085.972  0.11%  86.5  190s
  4166   899 222940.431   33   96 222849.064 223078.294  0.10%  86.9  195s
  4261   903 222930.777   30  118 222849.064 223074.970  0.10%  86.9  200s
  4400   912 222896.953   29  103 222849.064 223070.706  0.10%  87.1  206s
  4549   928 222947.607   31  128 222849.064 223063.513  0.10%  86.8  210s
  4732   939 222965.754   26  116 222849.064 223054.586  0.09%  86.6  215s
  4935   949     cutoff   30      222849.064 223049.205  0.09%  86.5  220s
  5136   992 222948.853   29  102 222849.064 223041.576  0.09%  86.2  225s
  5310   998 222854.395   36  101 222849.064 223037.386  0.08%  86.0  231s
  5361  1002 222874.021   32  103 222849.064 223035.324  0.08%  85.9  235s
  5534  1018 222944.417   36  100 222849.064 223030.898  0.08%  85.9  240s
  5714  1035 222940.408   34  100 222849.064 223025.327  0.08%  85.7  245s
  5865  1059 222989.940   32  100 222849.064 223020.885  0.08%  85.4  250s
  6101  1088 222923.351   32   99 222849.064 223015.809  0.07%  84.7  255s
  6310  1110 222930.399   25  126 222849.064 223009.936  0.07%  84.5  260s
  6438  1105 222897.705   32  123 222849.064 223004.809  0.07%  84.4  265s
  6675  1121 222864.543   31  112 222849.064 222997.762  0.07%  83.9  270s
  6854  1113 222854.762   36   93 222849.064 222992.318  0.06%  83.9  275s
  7085  1128     cutoff   35      222849.064 222987.867  0.06%  83.3  280s
  7303  1149 222916.266   34  107 222849.064 222982.676  0.06%  82.9  285s
  7474  1151 222866.647   32  105 222849.064 222977.683  0.06%  82.5  290s
  7721  1154 222895.136   36  104 222849.064 222972.830  0.06%  82.1  295s
  7969  1149 222874.244   35  106 222849.064 222967.750  0.05%  81.6  300s
  8090  1146 222912.593   33  102 222849.064 222965.834  0.05%  81.4  305s
  8318  1127 222863.150   37   98 222849.064 222962.367  0.05%  81.1  310s
  8560  1110 222882.134   35   88 222849.064 222957.901  0.05%  80.9  315s
  8801  1083 222876.852   34  114 222849.064 222954.920  0.05%  80.7  320s
  8982  1067     cutoff   33      222849.064 222952.087  0.05%  80.4  325s
  9236  1044 222894.279   35  106 222849.064 222948.450  0.04%  80.1  330s
  9364  1030 222868.735   29  118 222849.064 222945.194  0.04%  80.0  335s
  9590  1004 222865.449   35   93 222849.064 222941.694  0.04%  79.7  340s
  9834   962 222882.339   35  103 222849.064 222937.651  0.04%  79.4  345s
 10064   910 222870.118   37  103 222849.064 222933.073  0.04%  79.2  350s
 10317   857 222910.071   30  111 222849.064 222927.196  0.04%  78.9  355s
 10572   811 222853.721   34   95 222849.064 222924.049  0.03%  78.7  360s
 10827   744 222898.035   37   90 222849.064 222918.503  0.03%  78.4  365s
 11115   673     cutoff   40      222849.064 222912.792  0.03%  77.9  370s
 11375   598 222859.634   35  106 222849.064 222907.365  0.03%  77.6  375s
 11656   502     cutoff   38      222849.064 222901.865  0.02%  77.2  380s
 11951   360     cutoff   34      222849.064 222892.721  0.02%  76.6  385s
 12281   174     cutoff   39      222849.064 222875.755  0.01%  76.0  390s

Cutting planes:
  Gomory: 1
  Lift-and-project: 1
  Implied bound: 1
  MIR: 358
  Flow cover: 231
  RLT: 17
  Relax-and-lift: 6
  Lazy constraints: 717

Explored 12479 nodes (939231 simplex iterations) in 391.87 seconds (473.10 work units)
Thread count was 1 (of 52 available processors)

Solution count 7: 222849 222801 222741 ... 220870

Optimal solution found (tolerance 0.00e+00)
Best objective 2.228490643650e+05, best bound 2.228490643650e+05, gap 0.0000%

User-callback calls 86653, time in user-callback 11.96 sec

CPU time spent in the second stage: 391.87 sec
The LP relaxation bound at the root node: 223916.021165
Termination status of the second stage: OPTIMAL

------------------ end of the second stage -----------------

Total CPU time: 448.81 sec
Percentage optimality gap: 0.00 %
CPU time spent in separating the cuts: 63.86 sec
Number of explored nodes: 12479
Objective value of the returned solution: 222849.064365
Optimal facility locations: [13, 25, 30, 34, 38, 44, 48, 49, 55, 62, 75, 76, 79, 115, 127, 142, 150, 165, 186, 198, 204, 208, 213, 216, 220, 233, 240, 246, 262, 263, 267, 269, 274, 282, 286, 287, 294, 304, 307, 323, 328, 344, 349, 353, 378, 386, 393]

@end of file
