Set parameter TimeLimit to value 7200
Setting sB&C+LSI: The proposed B&C algorithm based on formulation (40) (equipped with the lifted submodular inequalities), with only the second stage implemented
Gurobi Optimizer version 11.0.1 build v11.0.1rc0 (linux64 - "CentOS Linux 7 (Core)")

CPU model: Intel(R) Xeon(R) Gold 6230R CPU @ 2.10GHz, instruction set [SSE2|AVX|AVX2|AVX512]
Thread count: 52 physical cores, 52 logical processors, using up to 1 threads

Optimize a model with 1000 rows, 1100 columns and 1000 nonzeros
Model fingerprint: 0x603b7dc2
Variable types: 1000 continuous, 100 integer (100 binary)
Coefficient statistics:
  Matrix range     [1e+00, 1e+00]
  Objective range  [1e+01, 2e+03]
  Bounds range     [0e+00, 0e+00]
  RHS range        [6e-04, 1e+00]
Found heuristic solution: objective -1.01138e+15
Presolve removed 1000 rows and 0 columns
Presolve time: 0.00s
Presolved: 0 rows, 1100 columns, 0 nonzeros
Variable types: 1000 continuous, 100 integer (100 binary)
Found heuristic solution: objective -1.01138e+15

Root relaxation: objective 4.284882e+05, 0 iterations, 0.00 seconds (0.00 work units)

    Nodes    |    Current Node    |     Objective Bounds      |     Work
 Expl Unexpl |  Obj  Depth IntInf | Incumbent    BestBd   Gap | It/Node Time

     0     0 428488.225    0    - -1.011e+15 428488.225   100%     -    0s
     0     0 406883.145    0   22 -1.011e+15 406883.145   100%     -    0s
H    0     0                    249830.59870 406883.145  62.9%     -    0s
     0     0 368040.087    0   50 249830.599 368040.087  47.3%     -    1s
     0     2 367566.227    0   50 249830.599 367566.227  47.1%     -    1s
    11    13 336262.230    6   46 249830.599 345095.599  38.1%   601    5s
*   64    57              50    330212.11644 345095.599  4.51%   226    9s
    67    56 332807.186    2   60 330212.116 344668.749  4.38%   254   11s
   107    84 332581.399    7   54 330212.116 344642.293  4.37%   208   15s
   211   161 332335.326    7   53 330212.116 344612.259  4.36%   171   20s
   297   231 330891.584   21   38 330212.116 344245.826  4.25%   170   25s
   406   299 332827.348    6   58 330212.116 336261.181  1.83%   160   30s
   499   364 331651.054   10   56 330212.116 333577.178  1.02%   161   35s
   587   426 330823.742   22   26 330212.116 333535.521  1.01%   162   40s
   660   485 330585.006   19   37 330212.116 333035.391  0.85%   161   45s
   765   543 331338.403   12   53 330212.116 332911.767  0.82%   159   50s
   870   608 332292.520    5   61 330212.116 332826.572  0.79%   157   55s
   959   659 331984.974    8   55 330212.116 332728.626  0.76%   157   60s
  1099   695 332406.366    7   55 330212.116 332666.334  0.74%   151   65s
  1199   767 330741.976   17   45 330212.116 332608.198  0.73%   150   70s
  1285   802 331941.736    8   52 330212.116 332569.946  0.71%   151   75s
  1369   852 331273.225   11   49 330212.116 332547.781  0.71%   152   80s
  1424   884 331943.050    8   50 330212.116 332521.677  0.70%   153   95s
  1426   885 331943.050    8   68 330212.116 332521.677  0.70%   152  108s
  1427   886 330717.126   17   75 330212.116 332297.246  0.63%   152  119s
  1428   887 331252.160   16   75 330212.116 332297.246  0.63%   152  123s
  1429   887 332083.724   10   76 330212.116 332141.352  0.58%   152  131s
  1430   888 330694.408   19   75 330212.116 332141.352  0.58%   152  138s
  1431   889 330998.664   17   74 330212.116 332065.015  0.56%   152  145s
  1432   889 331112.755   17   74 330212.116 332065.015  0.56%   152  152s
  1433   890 331576.011   17   74 330212.116 332065.015  0.56%   152  155s
  1441   897 331821.016   19   66 330212.116 332029.287  0.55%   157  160s
  1452   905 331628.825   25   53 330212.116 332029.287  0.55%   157  165s
  1467   915 330650.016   32   37 330212.116 332029.287  0.55%   157  170s
  1481   923 330512.167   39   28 330212.116 332029.287  0.55%   158  175s
  1517   929 332020.550   17   68 330212.116 332029.218  0.55%   155  181s
  1525   934 331455.959   21   63 330212.116 332029.218  0.55%   156  185s
  1538   943 330852.605   28   49 330212.116 332029.218  0.55%   156  190s
  1562   941 331461.845   17   71 330212.116 331890.358  0.51%   156  195s
  1578   951 330302.682   25   61 330212.116 331890.358  0.51%   157  200s
  1615   965 330308.720   29   57 330212.116 331889.250  0.51%   158  205s
  1636   969 331275.065   24   58 330212.116 331819.822  0.49%   158  210s
* 1741   928              53    330302.36014 331818.912  0.46%   156  214s
  1742   929 331757.527   20   65 330302.360 331777.770  0.45%   156  217s
H 1787   864                    330522.54263 331777.770  0.38%   156  220s
H 1815   827                    330544.75970 331777.357  0.37%   157  222s
  1863   831 331477.092   24   60 330544.760 331773.048  0.37%   156  225s
  1918   844 331046.831   24   58 330544.760 331753.703  0.37%   157  230s
  1972   854 330693.600   26   50 330544.760 331733.223  0.36%   158  235s
  2027   853 331573.620   20   68 330544.760 331630.102  0.33%   159  242s
  2070   844 331512.458   21   58 330544.760 331616.673  0.32%   158  247s
  2098   850 331004.258   24   50 330544.760 331608.634  0.32%   159  250s
  2160   848 330551.746   33   43 330544.760 331571.035  0.31%   158  255s
  2215   835 331464.514   26   52 330544.760 331552.733  0.30%   158  260s
  2275   833 330602.894   29   47 330544.760 331518.950  0.29%   158  265s
  2327   821 331236.592   21   60 330544.760 331505.468  0.29%   157  270s
  2392   823 330628.354   24   63 330544.760 331449.734  0.27%   156  275s
  2456   817 331185.878   25   51 330544.760 331423.326  0.27%   156  280s
  2520   817 330586.743   29   51 330544.760 331402.440  0.26%   156  285s
  2560   806 331092.500   22   66 330544.760 331386.288  0.25%   155  290s
  2616   798     cutoff   30      330544.760 331376.149  0.25%   155  295s
* 2698   745              51    330590.52975 331369.570  0.24%   154  299s
  2711   746 330653.993   30   40 330590.530 331368.419  0.24%   154  300s
  2747   742 330813.755   25   55 330590.530 331359.677  0.23%   154  305s
  2780   730 331293.178   22   58 330590.530 331358.596  0.23%   154  310s
  2825   721 330919.656   28   40 330590.530 331352.093  0.23%   155  315s
  2889   710 330802.182   29   43 330590.530 331329.045  0.22%   154  320s
  2942   698 331093.063   22   58 330590.530 331317.649  0.22%   154  325s
  3006   686 331228.167   23   60 330590.530 331311.444  0.22%   154  331s
  3066   676 330693.397   31   35 330590.530 331299.571  0.21%   154  335s
  3137   666 331227.010   22   65 330590.530 331293.176  0.21%   153  342s
  3171   660 330799.666   24   56 330590.530 331281.986  0.21%   154  345s
  3243   642     cutoff   30      330590.530 331272.275  0.21%   153  350s
  3312   622 330687.687   33   29 330590.530 331266.624  0.20%   153  355s
  3378   600 331004.885   19   71 330590.530 331246.738  0.20%   153  360s
  3435   585 330876.835   23   57 330590.530 331241.490  0.20%   153  365s
  3499   565 331130.425   27   54 330590.530 331223.699  0.19%   152  370s
  3562   547 330805.204   24   63 330590.530 331209.324  0.19%   152  375s
  3629   536 330634.613   31   31 330590.530 331204.498  0.19%   152  380s
  3708   539 330747.427   28   41 330590.530 331194.352  0.18%   151  385s
  3787   543 330617.389   31   38 330590.530 331182.774  0.18%   151  390s
  3868   542 330742.369   27   53 330590.530 331171.048  0.18%   150  395s
  3918   544 330823.769   27   55 330590.530 331167.366  0.17%   151  400s
  3977   544     cutoff   27      330590.530 331161.073  0.17%   150  405s
  4059   544 330662.838   23   59 330590.530 331148.323  0.17%   150  410s
  4135   544 330795.999   28   48 330590.530 331135.331  0.16%   149  415s
  4208   545 330849.283   23   53 330590.530 331124.125  0.16%   149  420s
  4285   542 330847.149   27   50 330590.530 331110.333  0.16%   149  425s
  4374   539 330918.287   28   47 330590.530 331104.269  0.16%   148  430s
  4437   533 330866.907   27   47 330590.530 331096.423  0.15%   149  435s
  4509   532 330803.115   27   47 330590.530 331085.837  0.15%   149  440s
  4609   534 330802.064   24   52 330590.530 331078.493  0.15%   148  445s
  4700   532     cutoff   30      330590.530 331071.331  0.15%   147  450s
  4758   525 330779.862   23   61 330590.530 331060.486  0.14%   148  455s
  4834   520 330893.595   27   38 330590.530 331052.361  0.14%   147  460s
  4916   524 330614.547   34   26 330590.530 331048.385  0.14%   147  465s
  5012   517 330816.877   30   44 330590.530 331044.459  0.14%   146  470s
  5070   509 330619.297   27   45 330590.530 331036.106  0.13%   147  475s
  5134   503     cutoff   26      330590.530 331032.189  0.13%   147  480s
  5213   501 330707.480   33   37 330590.530 331018.955  0.13%   146  485s
  5291   489 330664.246   27   49 330590.530 331010.061  0.13%   146  490s
  5370   485 330605.103   29   37 330590.530 331002.968  0.12%   146  495s
  5450   479 330609.473   30   32 330590.530 330997.107  0.12%   146  500s
  5537   470 330967.714   30   52 330590.530 330983.086  0.12%   145  505s
  5613   464 330691.988   34   39 330590.530 330976.477  0.12%   146  510s
  5678   453 330699.577   29   39 330590.530 330973.346  0.12%   146  515s
  5757   446     cutoff   31      330590.530 330964.592  0.11%   146  520s
  5847   441 330652.403   29   37 330590.530 330961.222  0.11%   145  525s
  5940   430 330623.567   26   57 330590.530 330954.457  0.11%   145  530s
  6024   414     cutoff   25      330590.530 330943.888  0.11%   144  535s
  6105   397 330662.034   23   59 330590.530 330930.340  0.10%   144  540s
  6194   385     cutoff   32      330590.530 330916.487  0.10%   144  545s
  6280   367     cutoff   29      330590.530 330905.631  0.10%   144  550s
  6366   358 330601.014   35   32 330590.530 330901.303  0.09%   143  555s
  6460   339 330594.797   24   60 330590.530 330891.198  0.09%   143  560s
  6548   323 330643.566   30   44 330590.530 330881.889  0.09%   143  565s
  6628   301 330718.778   29   42 330590.530 330867.850  0.08%   143  570s
  6724   278 330722.472   28   37 330590.530 330858.584  0.08%   142  575s
  6823   255 330692.330   29   43 330590.530 330843.061  0.08%   142  580s
  6909   231 330666.740   26   50 330590.530 330830.260  0.07%   142  585s
  7002   203 330596.543   30   44 330590.530 330803.969  0.06%   141  590s
  7112   155     cutoff   31      330590.530 330774.107  0.06%   141  595s
  7212   109     cutoff   27      330590.530 330735.300  0.04%   140  600s
* 7314     6              57    330657.88718 330663.871  0.00%   139  603s
* 7316     4              58    330658.61604 330662.986  0.00%   139  603s

Cutting planes:
  Gomory: 1
  Lift-and-project: 7
  MIR: 509
  Flow cover: 533
  RLT: 15
  Relax-and-lift: 8
  Lazy constraints: 354

Explored 7321 nodes (1021449 simplex iterations) in 603.58 seconds (908.98 work units)
Thread count was 1 (of 52 available processors)

Solution count 10: 330659 330658 330591 ... -1.01138e+15

Optimal solution found (tolerance 0.00e+00)
Best objective 3.306586160430e+05, best bound 3.306586160430e+05, gap 0.0000%

User-callback calls 72069, time in user-callback 2.28 sec

Total CPU time: 603.58 sec
Termination status: OPTIMAL
Percentage optimality gap: 0.00 %
Number of explored nodes: 7321
Objective value of the returned solution: 330658.616043
The LP relaxation bound at the root node: 367566.226908
Optimal facility locations: [6, 9, 14, 21, 22, 35, 38, 39, 40, 46, 47, 48, 50, 54, 57, 60, 63, 70, 76, 77, 78, 79, 80, 81, 84, 85, 86, 87, 89, 92]

@end of file
