Set parameter TimeLimit to value 7200
Setting sB&C+LSI: The proposed B&C algorithm based on formulation (40) (equipped with the lifted submodular inequalities), with only the second stage implemented
Gurobi Optimizer version 11.0.1 build v11.0.1rc0 (linux64 - "CentOS Linux 7 (Core)")

CPU model: Intel(R) Xeon(R) Gold 6230R CPU @ 2.10GHz, instruction set [SSE2|AVX|AVX2|AVX512]
Thread count: 52 physical cores, 52 logical processors, using up to 1 threads

Optimize a model with 1000 rows, 1400 columns and 1000 nonzeros
Model fingerprint: 0x44d4fffd
Variable types: 1000 continuous, 400 integer (400 binary)
Coefficient statistics:
  Matrix range     [1e+00, 1e+00]
  Objective range  [1e+01, 2e+03]
  Bounds range     [0e+00, 0e+00]
  RHS range        [2e-04, 1e+00]
Found heuristic solution: objective -1.01138e+15
Presolve removed 1000 rows and 0 columns
Presolve time: 0.00s
Presolved: 0 rows, 1400 columns, 0 nonzeros
Variable types: 1000 continuous, 400 integer (400 binary)
Found heuristic solution: objective -1.01138e+15

Root relaxation: objective 4.205157e+05, 0 iterations, 0.00 seconds (0.00 work units)

    Nodes    |    Current Node    |     Objective Bounds      |     Work
 Expl Unexpl |  Obj  Depth IntInf | Incumbent    BestBd   Gap | It/Node Time

     0     0 420515.711    0    - -1.011e+15 420515.711   100%     -    0s
     0     0 365224.662    0   56 -1.011e+15 365224.662   100%     -    0s
H    0     0                    180021.47835 365224.662   103%     -    0s
     0     0 271932.774    0   91 180021.478 271932.774  51.1%     -    0s
H    0     0                    212028.32616 271879.466  28.2%     -    1s
     0     2 240221.556    0   71 212028.326 240221.556  13.3%     -    1s
   133   135 221845.810  105    9 212028.326 240221.556  13.3%  29.7    5s
*  156   146             124    221558.24834 240221.556  8.42%  25.9    5s
H  216   112                    226320.59917 240084.438  6.08%  30.7    6s
   447   262 227049.455   10   79 226320.599 239795.083  5.95%  40.7   10s
   588   367 228062.066    7   91 226320.599 239718.695  5.92%  43.9   39s
   590   368 226683.778   17   91 226320.599 228409.164  0.92%  43.8   44s
   591   369 227551.423   12  114 226320.599 227551.423  0.54%  43.7   47s
   594   371 226614.302   19   85 226320.599 227440.848  0.49%  43.5   51s
   601   376 227123.234   39  108 226320.599 227379.132  0.47%  43.0   55s
H  630   373                    227112.30724 227366.290  0.11%  47.5   59s
   640   366 227317.735   17   78 227112.307 227317.735  0.09%  47.2   60s
H  657   350                    227112.97856 227292.741  0.08%  46.8   61s
*  754   313              36    227115.02261 227254.886  0.06%  43.8   63s
   824   294 227217.418   23   37 227115.023 227217.650  0.05%  41.8   65s
*  833   269              29    227134.69514 227217.650  0.04%  41.6   65s
*  862   239              29    227135.36646 227204.272  0.03%  40.9   66s
*  919   182              32    227144.65575 227161.967  0.01%  39.8   66s
*  925   162              30    227145.32707 227158.112  0.01%  39.6   66s

Cutting planes:
  Gomory: 26
  Lift-and-project: 15
  MIR: 94
  Flow cover: 364
  RLT: 4
  Lazy constraints: 31

Explored 934 nodes (38278 simplex iterations) in 66.95 seconds (44.47 work units)
Thread count was 1 (of 52 available processors)

Solution count 10: 227145 227145 227135 ... 212028

Optimal solution found (tolerance 0.00e+00)
Best objective 2.271453270658e+05, best bound 2.271453270658e+05, gap 0.0000%

User-callback calls 11481, time in user-callback 0.40 sec

Total CPU time: 66.95 sec
Termination status: OPTIMAL
Percentage optimality gap: 0.00 %
Number of explored nodes: 934
Objective value of the returned solution: 227145.327066
The LP relaxation bound at the root node: 240221.556085
Optimal facility locations: [1, 6, 16, 19, 28, 44, 46, 64, 69, 70, 72, 81, 85, 93, 97, 107, 110, 124, 135, 140, 145, 154, 156, 163, 177, 184, 185, 210, 254, 270, 275, 287, 290, 309, 317, 320, 327, 341, 343, 350, 362, 367, 373]

@end of file
