Setting CP+BI: The cutting plane approach for solving the CFLPLCR based on the Benders reformulation of Lin & Tian (2021).
Iter     Best Incumbent      BestBound     Gap      Time
1                 0.000     415852.318   100.0       0.0
2            208010.967     382216.322    45.6      34.5
3            264133.631     338662.836    22.0     985.0
4            273888.378     303984.457     9.9    1287.8
5            274517.938     290317.921     5.4    1333.0
6            276573.040     284722.522     2.9    1371.8
7            278014.834     280938.817     1.0    1593.1
8            276126.549     280284.422     1.5    1775.8
9            278399.293     279739.494     0.5    1851.5
10           278553.989     279377.870     0.3    2030.6
11           278808.160     279201.814     0.1    2257.6
12           278917.440     279194.573    <0.1    2483.0
13           279105.863     279149.659    <0.1    2689.6
14           279108.472     279114.243    <0.1    2930.9
15           279108.472     279108.472     0.0    3179.2

Total CPU time: 3179.20 sec
Objective value of the returned solution: 279108.472140
Optimal facility locations: [7, 11, 19, 28, 30, 31, 43, 45, 48, 49, 66, 72, 86, 90, 92, 93, 96, 106, 108, 113, 117, 118, 123, 128, 144, 156, 157, 163, 174, 178, 180, 184, 185, 187, 190, 194, 195]

@end of file
