Set parameter TimeLimit to value 7200
Setting GBD: A two-stage implementation of the stage-of-the-art generalized Benders decomposition (GBD) approach proposed by Lin & Tian (2021).

----------------- start of the first stage -----------------

Iter     Best Incumbent      BestBound     Gap      Time  #VioCuts
1                 0.000     424651.174   100.0       0.1      1000
2            156039.587     411493.487    62.1       0.5      1000
3            231396.910     388341.702    40.4       0.8       745
4            231396.910     366637.751    36.9       1.2       745
5            251898.517     353936.169    28.8       1.5       388
6            251898.517     351394.044    28.3       1.8       301
7            252688.618     350721.323    28.0       2.0       145
8            252688.618     350519.624    27.9       2.2        42
9            252688.618     350465.226    27.9       2.4        20
10           252688.618     350454.457    27.9       2.5         7
11           252688.618     350452.544    27.9       2.7         3
12           252688.618     350452.540    27.9       2.8         1
13           252688.618     350452.538    27.9       3.0         0

CPU time spent in the first stage: 3.64 sec
Upper bound returned at the end of the first stage: 350452.537950
Objective value of the optimal solution or the best incumbent at the end of the first stage: 252688.617972
Number of cuts added at the end of the first stage for the initialization of the relaxed MILP problem: 1072
Termination status of the first stage: LP Optimal

------------------ end of the first stage ------------------


----------------- start of the second stage ----------------

Gurobi Optimizer version 11.0.1 build v11.0.1rc0 (linux64 - "CentOS Linux 7 (Core)")

CPU model: Intel(R) Xeon(R) Gold 6230R CPU @ 2.10GHz, instruction set [SSE2|AVX|AVX2|AVX512]
Thread count: 52 physical cores, 52 logical processors, using up to 1 threads


Warning: excessive time spent in model updates.
Consider calling update less frequently.

Optimize a model with 2077 rows, 1100 columns and 16577 nonzeros
Model fingerprint: 0x49698149
Variable types: 1000 continuous, 100 integer (0 binary)
Coefficient statistics:
  Matrix range     [2e-09, 2e+03]
  Objective range  [1e+01, 2e+03]
  Bounds range     [1e+00, 1e+00]
  RHS range        [4e-04, 5e+05]

Loaded user MIP start with objective 252689

Presolve removed 1004 rows and 0 columns
Presolve time: 0.03s
Presolved: 1073 rows, 1100 columns, 11177 nonzeros
Variable types: 1000 continuous, 100 integer (100 binary)

Root relaxation: objective 3.465745e+05, 133 iterations, 0.01 seconds (0.01 work units)

    Nodes    |    Current Node    |     Objective Bounds      |     Work
 Expl Unexpl |  Obj  Depth IntInf | Incumbent    BestBd   Gap | It/Node Time

     0     0 346574.534    0   21 252688.618 346574.534  37.2%     -    0s
H    0     0                    300046.75975 346574.534  15.5%     -    0s
H    0     0                    301339.99699 346574.534  15.0%     -    0s
     0     0 340495.495    0   45 301339.997 340495.495  13.0%     -    0s
H    0     0                    315373.72025 340495.495  7.97%     -    0s
H    0     0                    318405.24978 338861.834  6.42%     -    0s
     0     2 338861.395    0   55 318405.250 338861.395  6.42%     -    0s
*   68    68              57    325464.80838 337809.278  3.79%  58.5    1s
*  126   109              48    329128.26347 337792.988  2.63%  67.4    2s
*  235   193              53    329634.89434 337638.997  2.43%  72.0    3s
H  281   197                    330105.67013 337450.572  2.23%  73.1    4s
   285   197 334817.670    5   53 330105.670 337447.746  2.22%  76.5    5s
   569   406 334305.251   11   47 330105.670 336984.629  2.08%  83.5   10s
   583   418 331217.467   26   58 330105.670 335288.130  1.57%  83.1   17s
   586   420 330872.472   27   68 330105.670 332914.440  0.85%  82.6   20s
   591   424 332257.205   33   72 330105.670 332257.205  0.65%  81.9   25s
   597   428 331964.414   22   72 330105.670 332081.551  0.60%  81.1   30s
   605   433 331981.823   12   72 330105.670 331981.823  0.57%  80.0   35s
   616   442 331323.476   19   65 330105.670 331922.957  0.55%  94.4   40s
   637   455 330784.609   30   39 330105.670 331922.957  0.55%  95.2   45s
H  645   433                    330223.71253 331922.957  0.51%  95.5   46s
H  653   411                    330280.68718 331922.957  0.50%  94.7   46s
   677   414 331579.099   19   59 330280.687 331918.651  0.50%  94.6   50s
H  700   397                    330528.12895 331918.651  0.42%  97.2   51s
H  742   375                    330611.69151 331918.651  0.40%  94.5   52s
*  744   355              54    330611.69158 331918.651  0.40%  94.3   52s
   771   372 330766.448   29   34 330611.692 331843.711  0.37%  96.5   55s
*  831   341              61    330668.46509 331843.711  0.36%  92.9   55s
   868   353 331076.672   29   46 330668.465 331835.213  0.35%  95.9   60s
H  905   288                    331022.50371 331835.213  0.25%  95.3   60s
  1019   274 331332.213   23   58 331022.504 331639.324  0.19%  95.6   65s
  1102   283 331336.090   24   57 331022.504 331613.388  0.18%  97.4   70s
H 1155   254                    331099.76820 331567.901  0.14%  97.8   72s
  1223   249 331290.513   24   57 331099.768 331487.066  0.12%  97.8   75s
  1334   242 331335.752   19   64 331099.768 331470.236  0.11%  97.2   80s
  1436   221 331141.753   22   47 331099.768 331419.821  0.10%  97.5   85s
  1538   221 331383.765   25   54 331099.768 331389.856  0.09%  97.3   90s
  1635   225 331115.412   27   48 331099.768 331354.120  0.08%  98.2   95s
  1746   208 331163.146   24   51 331099.768 331324.567  0.07%   100  100s
  1857   199 331143.473   27   50 331099.768 331293.044  0.06%   100  105s
  1963   188     cutoff   28      331099.768 331273.003  0.05%  99.2  110s
  2118   162     cutoff   24      331099.768 331251.553  0.05%  98.6  115s
  2274   107 331125.473   23   63 331099.768 331195.969  0.03%  97.7  120s

Cutting planes:
  Gomory: 2
  Implied bound: 2
  MIR: 592
  Flow cover: 539
  RLT: 19
  Relax-and-lift: 14
  Lazy constraints: 1203

Explored 2413 nodes (230320 simplex iterations) in 123.72 seconds (153.08 work units)
Thread count was 1 (of 52 available processors)

Solution count 10: 331100 331023 330668 ... 329128

Optimal solution found (tolerance 0.00e+00)
Best objective 3.310997681972e+05, best bound 3.310997681972e+05, gap 0.0000%

User-callback calls 22112, time in user-callback 0.34 sec

CPU time spent in the second stage: 123.72 sec
The LP relaxation bound at the root node: 338861.394906
Termination status of the second stage: OPTIMAL

------------------ end of the second stage -----------------

Total CPU time: 126.71 sec
Percentage optimality gap: 0.00 %
CPU time spent in separating the cuts: 1.83 sec
Number of explored nodes: 2413
Objective value of the returned solution: 331099.768197
Optimal facility locations: [6, 8, 9, 14, 21, 22, 35, 38, 40, 46, 47, 48, 50, 54, 57, 60, 63, 76, 77, 78, 79, 80, 81, 84, 85, 87, 89, 92]

@end of file
