Set parameter TimeLimit to value 7200
Setting B&C+SI: The proposed B&C algorithm based on formulation (16) (equipped with the submodular inequalities).

----------------- start of the first stage -----------------

Iter     Best Incumbent      BestBound     Gap      Time  #VioCuts
1                 0.000     422640.458   100.0       0.2      1000
2            217957.495     384382.572    43.3       1.1      1988
3            260140.048     327496.625    20.6       2.4      1962
4            265787.313     296154.891    10.3       4.2      1701
5            266634.227     287454.458     7.2       6.2      1196
6            266634.227     283732.126     6.0       8.1       660
7            266634.227     282365.136     5.6       9.8       310
8            266634.227     281714.864     5.4      11.2       155
9            266634.227     281371.821     5.2      12.5        95
10           266634.227     281224.022     5.2      14.0        27
11           266634.227     281215.723     5.2      15.2         4
12           266634.227     281215.608     5.2      16.4         0

CPU time spent in the first stage: 18.82 sec
Upper bound returned at the end of the first stage: 281215.607923
Objective value of the optimal solution or the best incumbent at the end of the first stage: 266634.227079
Number of cuts added at the end of the first stage for the initialization of the relaxed MILP problem: 1162
Termination status of the first stage: LP Optimal

------------------ end of the first stage ------------------


----------------- start of the second stage ----------------

Gurobi Optimizer version 11.0.1 build v11.0.1rc0 (linux64 - "CentOS Linux 7 (Core)")

CPU model: Intel(R) Xeon(R) Gold 6230R CPU @ 2.10GHz, instruction set [SSE2|AVX|AVX2|AVX512]
Thread count: 52 physical cores, 52 logical processors, using up to 1 threads


Warning: excessive time spent in model updates.
Consider calling update less frequently.

Optimize a model with 2167 rows, 1200 columns and 16119 nonzeros
Model fingerprint: 0x9998000f
Variable types: 1000 continuous, 200 integer (0 binary)
Coefficient statistics:
  Matrix range     [3e-05, 2e+03]
  Objective range  [1e+01, 2e+03]
  Bounds range     [1e+00, 1e+00]
  RHS range        [2e-04, 5e+05]

Loaded user MIP start with objective 266634

Presolve removed 1016 rows and 0 columns
Presolve time: 0.04s
Presolved: 1151 rows, 1200 columns, 10283 nonzeros
Variable types: 1000 continuous, 200 integer (200 binary)

Root relaxation: objective 2.812000e+05, 438 iterations, 0.03 seconds (0.04 work units)

    Nodes    |    Current Node    |     Objective Bounds      |     Work
 Expl Unexpl |  Obj  Depth IntInf | Incumbent    BestBd   Gap | It/Node Time

     0     0 281199.977    0  108 266634.227 281199.977  5.46%     -    0s
     0     0 281029.137    0  101 266634.227 281029.137  5.40%     -    0s
     0     0 280965.519    0  110 266634.227 280965.519  5.37%     -    1s
     0     2 280954.050    0  112 266634.227 280954.050  5.37%     -    1s
   192   194 271262.386  128   16 266634.227 280887.801  5.35%  59.7    5s
*  214   189             147    271341.92566 280887.801  3.52%  54.9    5s
   395   356 277247.356   29   75 271341.926 280874.484  3.51%  67.9   10s
*  489   274             108    275350.67107 280874.484  2.01%  63.4   11s
   527   303 278567.927   28  110 275350.671 280868.963  2.00%  66.5   15s
   529   304 279870.548   11  117 275350.671 280868.963  2.00%  66.3   21s
   535   308 278435.718   28  122 275350.671 280100.745  1.73%  65.5   25s
   544   314 278435.847   28  128 275350.671 279660.984  1.57%  64.5   31s
   552   320 279415.574   16  132 275350.671 279415.574  1.48%  63.5   37s
   564   328 279307.850    5  131 275350.671 279307.850  1.44%  62.2   40s
   571   334 277291.016   40  123 275350.671 279307.850  1.44%  74.3   47s
   578   339 275407.504   85  127 275350.671 279273.871  1.42%  73.4   52s
   583   342 277262.608   47  129 275350.671 279254.565  1.42%  72.7   55s
   601   354 277665.259   31  126 275350.671 279163.103  1.38%  70.6   60s
   611   363 279061.466   25  114 275350.671 279107.714  1.36%  81.0   65s
   634   378 278360.732   37   87 275350.671 279107.714  1.36%  84.0   70s
   669   401 277018.064   54   74 275350.671 279107.714  1.36%  84.9   75s
   773   443 278934.204   26  123 275350.671 279107.339  1.36%  81.7   80s
   818   473 277473.205   48   67 275350.671 279107.339  1.36%  85.8   85s
*  910   376              96    277059.72250 279107.339  0.74%  81.9   86s
   929   387 278365.944   34  102 277059.723 279084.088  0.73%  84.6   90s
  1045   430 278509.291   31  102 277059.723 279084.009  0.73%  86.6   95s
H 1119   332                    277543.73410 279084.009  0.55%  87.1   97s
  1167   357 277665.627   46   69 277543.734 279070.326  0.55%  89.9  100s
  1248   370 278681.152   27  120 277543.734 278948.063  0.51%  91.7  105s
  1351   390 278707.277   27  123 277543.734 278868.026  0.48%  95.0  110s
  1431   423 278189.457   33  105 277543.734 278840.711  0.47%  97.8  115s
  1497   446 278688.059   28  108 277543.734 278794.114  0.45%   101  120s
  1545   471 278022.636   38  102 277543.734 278786.935  0.45%   102  125s
  1611   510 278090.418   36   96 277543.734 278763.146  0.44%   104  130s
  1701   573 277555.837   41   87 277543.734 278739.315  0.43%   105  135s
  1779   615 278665.617   28  116 277543.734 278717.052  0.42%   106  140s
  1852   658 278308.380   32  105 277543.734 278704.808  0.42%   107  145s
  1928   704 278062.466   37   83 277543.734 278695.029  0.41%   108  150s
  1985   737 277646.857   43   84 277543.734 278693.228  0.41%   108  155s
  2059   773 277808.197   41   96 277543.734 278681.853  0.41%   109  160s
  2136   817 278469.688   28  127 277543.734 278664.291  0.40%   110  165s
  2213   859 278050.308   32  120 277543.734 278653.230  0.40%   111  170s
  2291   902 278050.852   35  113 277543.734 278643.335  0.40%   111  175s
  2371   951 278531.683   29  108 277543.734 278631.523  0.39%   112  180s
  2424   976 278286.593   32  102 277543.734 278628.768  0.39%   113  185s
  2490  1014 277692.985   41   89 277543.734 278617.848  0.39%   113  190s
  2548  1029 278327.791   31  113 277543.734 278617.609  0.39%   113  195s
H 2581  1049                    277546.03110 278616.667  0.39%   113  199s
  2588  1052 277730.026   40   92 277546.031 278616.667  0.39%   113  200s
  2633  1075 277831.905   39   93 277546.031 278611.970  0.38%   113  206s
H 2681  1088                    277575.40432 278606.769  0.37%   113  210s
  2735  1115 277590.406   38   85 277575.404 278605.538  0.37%   114  217s
  2764  1126 278481.367   26  115 277575.404 278604.842  0.37%   114  221s
  2791  1153 277780.866   36   84 277575.404 278604.842  0.37%   114  225s
  2819  1163 277917.417   35   87 277575.404 278595.563  0.37%   114  230s
  2862  1186 277940.921   37  108 277575.404 278593.476  0.37%   114  235s
  2907  1208 277590.082   39   80 277575.404 278587.508  0.36%   114  240s
  2975  1239 278330.819   32  115 277575.404 278578.726  0.36%   115  245s
  3044  1270 278297.185   33  110 277575.404 278576.352  0.36%   115  250s
  3110  1308 278318.480   32  107 277575.404 278573.827  0.36%   116  256s
  3165  1337 277932.631   34  106 277575.404 278566.354  0.36%   116  260s
  3221  1359 278311.795   30  114 277575.404 278557.420  0.35%   116  265s
  3299  1405 277801.100   33  103 277575.404 278554.123  0.35%   116  270s
  3392  1442     cutoff   36      277575.404 278549.652  0.35%   116  275s
  3479  1492     cutoff   49      277575.404 278547.940  0.35%   117  280s
  3504  1501 277993.533   35   99 277575.404 278540.732  0.35%   117  285s
  3620  1541 278029.546   37   95 277575.404 278536.850  0.35%   116  290s
  3721  1590 277812.483   39   98 277575.404 278527.186  0.34%   116  298s
  3744  1601 277712.844   40  107 277575.404 278525.856  0.34%   117  300s
  3832  1637 277582.625   39   89 277575.404 278518.483  0.34%   117  305s
  3917  1684 277671.759   38   99 277575.404 278511.532  0.34%   117  310s
  4003  1721 278277.537   33   98 277575.404 278508.350  0.34%   118  315s
  4028  1736 278073.471   34   96 277575.404 278506.007  0.34%   118  320s
  4118  1779 277688.937   42   86 277575.404 278502.601  0.33%   117  325s
  4192  1813     cutoff   38      277575.404 278498.699  0.33%   118  330s
  4270  1848 278246.908   31  113 277575.404 278495.263  0.33%   118  335s
  4368  1895 277874.287   34   98 277575.404 278488.350  0.33%   118  340s
  4476  1933 277684.998   40   97 277575.404 278482.749  0.33%   118  345s
  4581  1969 277611.477   37  107 277575.404 278480.408  0.33%   117  350s
  4642  2002 277729.187   36   94 277575.404 278469.554  0.32%   118  356s
  4696  2022 278095.161   34  113 277575.404 278466.388  0.32%   118  360s
  4755  2055 277944.854   37   96 277575.404 278462.235  0.32%   118  365s
  4856  2104 278119.063   32  107 277575.404 278460.372  0.32%   118  370s
  4939  2148 277732.492   41   85 277575.404 278459.206  0.32%   118  375s
  5007  2179 278090.536   36  102 277575.404 278454.203  0.32%   118  381s
  5045  2197 277765.180   36   98 277575.404 278453.191  0.32%   118  385s
  5122  2225 277978.592   36   99 277575.404 278448.145  0.31%   118  390s
  5212  2264 278241.369   31  119 277575.404 278444.163  0.31%   118  395s
  5311  2312 278170.112   30  108 277575.404 278435.540  0.31%   119  400s
  5328  2315 277777.514   35   96 277575.404 278435.540  0.31%   119  407s
  5376  2331 278226.244   33  109 277575.404 278431.157  0.31%   119  410s
  5472  2386 277912.276   39   96 277575.404 278426.416  0.31%   119  415s
  5598  2441 278095.660   31  106 277575.404 278422.008  0.30%   118  420s
  5682  2482 278089.564   32  116 277575.404 278416.347  0.30%   119  425s
  5760  2507 278040.389   35  103 277575.404 278414.110  0.30%   119  430s
  5857  2554 278274.691   31  103 277575.404 278410.515  0.30%   119  435s
  5952  2602 278172.963   31  113 277575.404 278405.429  0.30%   119  440s
  6029  2629 278186.933   31  117 277575.404 278403.524  0.30%   119  445s
  6109  2654 278182.100   31  110 277575.404 278399.860  0.30%   119  450s
  6174  2677 277689.237   42   72 277575.404 278399.079  0.30%   119  455s
  6219  2689 277609.565   38   98 277575.404 278396.293  0.30%   119  461s
  6291  2724 277843.748   35  100 277575.404 278391.696  0.29%   119  465s
  6385  2769 277977.080   36   96 277575.404 278385.792  0.29%   120  470s
  6500  2795 278144.223   34  108 277575.404 278382.035  0.29%   119  475s
  6604  2844 278143.760   35  102 277575.404 278379.815  0.29%   119  480s
  6699  2887 277842.100   33   97 277575.404 278377.987  0.29%   119  485s
  6765  2909 277716.674   37   87 277575.404 278376.720  0.29%   119  491s
  6856  2950 278124.958   34  108 277575.404 278373.678  0.29%   119  495s
  6926  2990 277917.529   37   96 277575.404 278372.791  0.29%   119  501s
  7003  3011 277913.972   36  102 277575.404 278371.147  0.29%   119  505s
  7092  3054 277751.766   39  104 277575.404 278367.054  0.29%   119  510s
  7194  3103 278150.217   35  108 277575.404 278364.446  0.28%   119  515s
  7305  3148 277815.506   40   91 277575.404 278359.046  0.28%   119  520s
  7406  3186 277889.547   37  104 277575.404 278354.394  0.28%   119  525s
  7514  3236 278245.663   32  110 277575.404 278350.395  0.28%   119  530s
  7599  3275 277589.795   39   90 277575.404 278345.442  0.28%   119  538s
  7628  3282 277818.287   38   91 277575.404 278344.349  0.28%   119  540s
  7742  3328 277947.661   32   98 277575.404 278337.948  0.27%   118  545s
  7837  3349     cutoff   41      277575.404 278331.749  0.27%   119  550s
  7951  3381 278145.649   30  105 277575.404 278328.826  0.27%   119  555s
  8044  3419 277978.463   35   99 277575.404 278327.815  0.27%   119  560s
  8116  3454 278019.503   30  104 277575.404 278326.583  0.27%   119  565s
  8230  3518 277747.620   41   89 277575.404 278325.148  0.27%   119  570s
  8330  3548 277623.794   39   96 277575.404 278323.556  0.27%   119  575s
  8435  3577 278158.808   33  109 277575.404 278320.239  0.27%   119  580s
  8470  3600 277652.440   38  102 277575.404 278320.152  0.27%   119  585s
  8582  3646 277734.775   37   91 277575.404 278318.270  0.27%   119  590s
  8629  3664 277893.599   38   91 277575.404 278317.910  0.27%   119  595s
  8735  3719 277892.984   34   97 277575.404 278315.994  0.27%   119  600s
  8858  3754 277847.019   38   95 277575.404 278314.311  0.27%   118  605s
  8871  3755 278097.846   33  102 277575.404 278314.200  0.27%   118  612s
  8922  3778 277585.658   37   95 277575.404 278314.111  0.27%   118  615s
  9015  3815 277765.270   38  100 277575.404 278311.299  0.27%   118  620s
  9126  3867 277946.873   38   84 277575.404 278307.924  0.26%   118  625s
  9252  3911 277878.750   37   90 277575.404 278306.352  0.26%   118  630s
  9367  3953 277951.301   36  101 277575.404 278302.846  0.26%   118  635s
  9475  4005 277700.527   38  105 277575.404 278300.566  0.26%   118  640s
  9574  4049 277618.539   45   79 277575.404 278296.909  0.26%   118  645s
  9689  4067 277892.731   37   99 277575.404 278292.644  0.26%   118  650s
  9784  4093 278017.839   37   96 277575.404 278291.517  0.26%   118  655s
  9858  4122 277855.287   35  108 277575.404 278291.001  0.26%   118  660s
  9954  4162 277634.237   39  101 277575.404 278289.265  0.26%   118  665s
 10050  4175 277985.420   30  119 277575.404 278284.847  0.26%   118  670s
 10131  4204 277586.887   38   95 277575.404 278283.619  0.26%   118  675s
 10251  4265 277592.287   47   77 277575.404 278280.442  0.25%   118  680s
 10359  4303 277979.353   33  121 277575.404 278278.010  0.25%   118  685s
 10476  4341     cutoff   39      277575.404 278273.787  0.25%   118  690s
 10598  4395 278141.440   35  101 277575.404 278268.675  0.25%   118  695s
 10710  4447 278059.965   33  103 277575.404 278266.780  0.25%   118  700s
 10816  4496 277629.191   44   84 277575.404 278264.476  0.25%   118  705s
 10950  4523 277666.840   39  101 277575.404 278263.344  0.25%   118  710s
 11045  4547 277753.860   36   99 277575.404 278260.762  0.25%   118  715s
 11156  4582 277672.714   34  102 277575.404 278258.923  0.25%   118  720s
 11262  4614 277743.032   38  111 277575.404 278257.959  0.25%   118  725s
 11366  4637 277845.523   36  109 277575.404 278256.162  0.25%   118  730s
 11468  4679 277861.498   38   88 277575.404 278254.288  0.24%   118  735s
 11576  4719 277698.827   37  103 277575.404 278252.753  0.24%   117  740s
 11668  4745 278061.707   33  102 277575.404 278251.339  0.24%   118  745s
 11792  4805 277668.919   44   80 277575.404 278249.363  0.24%   118  750s
 11921  4851 277818.676   37   98 277575.404 278247.171  0.24%   117  755s
 12025  4899 277935.568   37   91 277575.404 278246.260  0.24%   117  760s
 12145  4946 277584.037   46   85 277575.404 278243.372  0.24%   117  765s
 12262  4979 277982.098   34  113 277575.404 278242.279  0.24%   117  770s
 12377  5019 277782.972   44   82 277575.404 278239.251  0.24%   117  775s
 12472  5055 277660.747   37   99 277575.404 278237.448  0.24%   117  781s
 12533  5077 277671.441   39  106 277575.404 278236.347  0.24%   117  785s
 12644  5097     cutoff   41      277575.404 278234.379  0.24%   117  790s
 12762  5135 278088.272   31  104 277575.404 278230.470  0.24%   117  795s
 12876  5168 277954.292   34  106 277575.404 278229.286  0.24%   117  800s
 13005  5199 277622.450   39   82 277575.404 278228.903  0.24%   117  805s
 13095  5222 277800.473   34  105 277575.404 278227.592  0.23%   117  810s
 13199  5248 277998.300   33  100 277575.404 278226.244  0.23%   117  815s
 13297  5275 277716.064   37  100 277575.404 278223.825  0.23%   117  820s
 13427  5313 277641.071   36   95 277575.404 278222.462  0.23%   117  825s
 13533  5332 277835.322   35  103 277575.404 278220.971  0.23%   117  830s
 13639  5363 277684.822   38  100 277575.404 278219.453  0.23%   117  835s
 13743  5386 277615.155   38   88 277575.404 278217.236  0.23%   117  840s
 13858  5413 278013.347   34  110 277575.404 278215.191  0.23%   117  845s
 13960  5449 278016.673   29  119 277575.404 278214.126  0.23%   117  850s
 14065  5494 277783.260   39   83 277575.404 278213.223  0.23%   117  855s
 14189  5514 277982.782   38   96 277575.404 278212.400  0.23%   117  860s
 14294  5549 277668.100   41   93 277575.404 278211.203  0.23%   117  865s
 14399  5586 277667.415   34  103 277575.404 278209.835  0.23%   117  870s
 14518  5620 277585.503   41   99 277575.404 278208.593  0.23%   117  875s
 14634  5659 278046.031   36   92 277575.404 278206.758  0.23%   117  880s
 14745  5697 278004.908   32  107 277575.404 278203.954  0.23%   117  885s
 14841  5728 277987.338   33  117 277575.404 278202.104  0.23%   117  890s
 14961  5754 277676.752   38   86 277575.404 278201.319  0.23%   117  895s
 15045  5782 277954.940   36  108 277575.404 278200.191  0.23%   117  900s
 15049  5786 277744.489   40   94 277575.404 278200.191  0.23%   117  906s
 15050  5787 277709.400   41   86 277575.404 278200.191  0.23%   117  910s
 15162  5818     cutoff   35      277575.404 278198.732  0.22%   117  915s
 15273  5857 277640.996   35   99 277575.404 278197.279  0.22%   117  920s
 15393  5884 277641.177   37  102 277575.404 278195.556  0.22%   117  925s
 15497  5921 277679.951   44   87 277575.404 278194.682  0.22%   117  930s
 15609  5957 277721.554   41   98 277575.404 278193.511  0.22%   117  935s
 15719  5975 277913.189   33  100 277575.404 278192.526  0.22%   117  940s
 15831  6019 277667.711   40   91 277575.404 278191.203  0.22%   117  945s
 15953  6061 277906.247   36   96 277575.404 278189.996  0.22%   117  950s
 16049  6096 277653.454   37  109 277575.404 278188.494  0.22%   117  955s
 16175  6120 277888.262   36  106 277575.404 278187.360  0.22%   116  960s
 16286  6158     cutoff   39      277575.404 278186.120  0.22%   116  965s
 16385  6190 277931.770   34  101 277575.404 278184.560  0.22%   117  970s
 16492  6223     cutoff   43      277575.404 278182.801  0.22%   116  975s
 16591  6245 277810.636   39  100 277575.404 278181.452  0.22%   117  980s
 16687  6261 277787.606   41  102 277575.404 278179.492  0.22%   117  985s
 16800  6300 277930.510   36   89 277575.404 278178.694  0.22%   117  990s
 16932  6334 278000.949   32  108 277575.404 278177.300  0.22%   116  995s
 17037  6376 278157.558   30  110 277575.404 278175.638  0.22%   116 1000s
 17147  6412 277647.229   36   90 277575.404 278175.035  0.22%   117 1005s
 17288  6439 277805.488   33  107 277575.404 278173.714  0.22%   116 1010s
 17397  6472 277796.426   35  103 277575.404 278172.383  0.22%   116 1015s
 17503  6504 277669.600   37   85 277575.404 278171.253  0.21%   116 1020s
 17617  6534 277920.016   39   91 277575.404 278169.350  0.21%   116 1025s
 17721  6565 277626.246   35  100 277575.404 278168.409  0.21%   116 1030s
 17813  6587 278084.489   34  116 277575.404 278166.897  0.21%   116 1035s
 17928  6629 277999.955   33  105 277575.404 278165.928  0.21%   116 1040s
 18036  6666 277718.683   37   93 277575.404 278165.082  0.21%   116 1045s
 18141  6696 277991.675   34  114 277575.404 278163.906  0.21%   116 1050s
 18241  6728 277735.351   34  102 277575.404 278162.755  0.21%   116 1055s
 18361  6760 277907.494   31  108 277575.404 278161.526  0.21%   116 1060s
 18466  6784 277583.443   39   99 277575.404 278161.058  0.21%   116 1065s
 18574  6815 277829.695   39   91 277575.404 278159.325  0.21%   116 1070s
 18688  6844 277727.707   37   99 277575.404 278158.527  0.21%   116 1075s
 18800  6878 277947.514   34   97 277575.404 278157.250  0.21%   116 1080s
 18923  6911 277934.840   34  104 277575.404 278156.443  0.21%   116 1085s
 19026  6941 277712.561   39   87 277575.404 278155.563  0.21%   116 1090s
 19122  6952 277618.840   35   99 277575.404 278154.388  0.21%   116 1095s
 19218  6965 277992.483   33  108 277575.404 278152.993  0.21%   116 1100s
 19325  6991 277601.133   37   93 277575.404 278151.357  0.21%   116 1105s
 19452  7012 277673.061   38   90 277575.404 278150.111  0.21%   116 1110s
 19551  7029 277810.592   39   98 277575.404 278148.401  0.21%   116 1115s
 19665  7055 277791.851   36   97 277575.404 278146.982  0.21%   116 1120s
 19751  7065 277882.041   34   89 277575.404 278146.032  0.21%   116 1125s
 19874  7104 277614.230   35  100 277575.404 278144.660  0.21%   116 1130s
 19969  7132 277608.905   41  100 277575.404 278143.883  0.20%   116 1135s
 20075  7162 277637.534   49   59 277575.404 278143.307  0.20%   116 1140s
 20198  7179 277747.905   32  108 277575.404 278141.822  0.20%   116 1145s
 20254  7192     cutoff   38      277575.404 278141.384  0.20%   116 1150s
 20382  7231 277854.075   37  106 277575.404 278140.814  0.20%   116 1155s
 20511  7245 277595.929   39  101 277575.404 278140.319  0.20%   116 1160s
 20617  7266 277852.926   36  100 277575.404 278139.253  0.20%   116 1165s
 20723  7286 277821.634   33   97 277575.404 278138.396  0.20%   116 1170s
 20812  7307 277840.927   39  104 277575.404 278136.303  0.20%   116 1175s
 20951  7327 277620.210   41   92 277575.404 278134.929  0.20%   116 1180s
 21043  7351 277870.262   37  100 277575.404 278133.907  0.20%   116 1185s
 21168  7382 277860.133   32  117 277575.404 278133.546  0.20%   116 1190s
 21271  7412 277897.602   35  107 277575.404 278132.503  0.20%   116 1195s
 21392  7441 278006.594   35  105 277575.404 278130.975  0.20%   116 1200s
 21510  7466 277908.837   37   92 277575.404 278129.769  0.20%   116 1205s
 21641  7500 277716.546   40   97 277575.404 278128.699  0.20%   116 1210s
 21760  7531 277889.069   34  102 277575.404 278127.583  0.20%   116 1215s
 21885  7568 277874.647   37   98 277575.404 278126.352  0.20%   116 1220s
 21995  7593 277704.470   39   66 277575.404 278124.732  0.20%   116 1225s
 22103  7606 277857.577   38  104 277575.404 278124.191  0.20%   116 1230s
 22222  7640 277938.895   34   98 277575.404 278122.304  0.20%   116 1235s
 22335  7664 277655.737   40   93 277575.404 278121.410  0.20%   116 1240s
 22446  7690 277816.338   35   98 277575.404 278119.283  0.20%   116 1245s
 22555  7712 278013.977   37   96 277575.404 278118.115  0.20%   116 1250s
 22666  7729 277644.269   41   93 277575.404 278117.585  0.20%   116 1255s
 22789  7765 277958.709   35  108 277575.404 278115.827  0.19%   116 1260s
 22911  7794 277757.777   34  100 277575.404 278115.026  0.19%   116 1265s
 23017  7818 277598.175   38   99 277575.404 278113.840  0.19%   116 1270s
 23129  7832 277940.724   38   96 277575.404 278112.952  0.19%   116 1275s
 23249  7850 277958.182   38  102 277575.404 278112.183  0.19%   116 1280s
 23392  7877 277735.021   33  112 277575.404 278110.477  0.19%   116 1285s
 23499  7900 277874.908   36  106 277575.404 278109.834  0.19%   116 1290s
 23600  7931 277806.343   35  112 277575.404 278109.049  0.19%   116 1295s
 23732  7955 277660.456   33  106 277575.404 278107.003  0.19%   116 1300s
 23852  7996 277794.342   36  106 277575.404 278106.275  0.19%   116 1305s
 23959  8036 277814.447   41   73 277575.404 278104.991  0.19%   116 1310s
 24074  8071 277747.630   37  103 277575.404 278104.211  0.19%   116 1315s
 24200  8113 277820.369   33   98 277575.404 278103.282  0.19%   115 1320s
 24319  8149     cutoff   44      277575.404 278102.730  0.19%   115 1325s
 24450  8178 277638.969   37  101 277575.404 278102.160  0.19%   115 1330s
 24563  8207 277901.519   33  107 277575.404 278101.379  0.19%   115 1335s
 24670  8226     cutoff   41      277575.404 278100.997  0.19%   115 1340s
 24804  8255 277674.178   36   97 277575.404 278100.506  0.19%   115 1345s
 24927  8273 278014.887   36   95 277575.404 278099.878  0.19%   115 1350s
 24994  8295 277815.959   34  102 277575.404 278099.576  0.19%   115 1355s
 25097  8314 277936.079   38  108 277575.404 278099.034  0.19%   115 1360s
 25210  8351 277793.462   38  104 277575.404 278098.447  0.19%   115 1365s
 25321  8375 277778.391   37   88 277575.404 278097.368  0.19%   115 1370s
 25441  8397 277846.558   36  101 277575.404 278096.494  0.19%   115 1375s
 25559  8419 277906.330   36  107 277575.404 278095.482  0.19%   115 1380s
 25677  8434     cutoff   38      277575.404 278095.005  0.19%   115 1385s
 25786  8449 277903.440   36  104 277575.404 278093.331  0.19%   115 1390s
 25887  8472 277884.729   36   96 277575.404 278092.747  0.19%   115 1395s
 25987  8490 277895.973   34  108 277575.404 278091.391  0.19%   115 1400s
 26075  8513     cutoff   43      277575.404 278090.699  0.19%   115 1405s
 26206  8534     cutoff   39      277575.404 278089.526  0.19%   115 1410s
 26311  8561 277748.421   32  113 277575.404 278088.823  0.18%   115 1415s
 26419  8577 277638.871   43   82 277575.404 278088.010  0.18%   115 1420s
 26537  8598 277869.090   37   97 277575.404 278086.308  0.18%   115 1425s
 26644  8616 277614.299   36   99 277575.404 278085.684  0.18%   115 1430s
 26767  8646 277819.537   31  109 277575.404 278084.991  0.18%   115 1435s
 26862  8654 277954.688   36  106 277575.404 278084.542  0.18%   115 1440s
 26981  8678 277759.038   39   81 277575.404 278083.951  0.18%   115 1445s
 27122  8709 278050.510   32  112 277575.404 278083.653  0.18%   115 1450s
 27231  8746     cutoff   43      277575.404 278083.004  0.18%   115 1455s
 27343  8772 277703.803   36  112 277575.404 278082.451  0.18%   115 1460s
 27441  8779 277708.083   37   89 277575.404 278081.664  0.18%   115 1465s
 27556  8801 277605.194   44   76 277575.404 278080.958  0.18%   115 1470s
 27672  8821 277842.874   34  112 277575.404 278079.397  0.18%   115 1475s
 27773  8837 277895.534   37  104 277575.404 278078.812  0.18%   115 1480s
 27880  8863 277802.965   34  100 277575.404 278077.530  0.18%   115 1485s
 28003  8901 277737.758   31  110 277575.404 278076.773  0.18%   115 1490s
 28094  8918 277726.389   38  105 277575.404 278076.089  0.18%   115 1495s
 28191  8936 277909.649   38   81 277575.404 278075.213  0.18%   115 1500s
 28318  8968 277656.051   44   69 277575.404 278073.677  0.18%   115 1505s
 28449  8997 277867.461   31  108 277575.404 278072.534  0.18%   115 1510s
 28556  9019 277584.546   39   85 277575.404 278071.478  0.18%   115 1515s
 28687  9032 277595.005   33  105 277575.404 278070.797  0.18%   115 1520s
 28805  9058 277748.909   39   98 277575.404 278070.119  0.18%   115 1525s
 28917  9082 277895.928   34  112 277575.404 278069.086  0.18%   115 1530s
 29027  9096 277664.932   34   99 277575.404 278068.437  0.18%   115 1535s
 29129  9116 277857.766   35  111 277575.404 278067.285  0.18%   115 1540s
 29194  9134 277629.288   41   90 277575.404 278066.682  0.18%   115 1545s
 29299  9151 277611.232   41   77 277575.404 278066.293  0.18%   115 1550s
 29426  9189 277715.280   35  105 277575.404 278065.944  0.18%   115 1555s
 29537  9215 277782.611   37   90 277575.404 278065.008  0.18%   115 1560s
 29663  9230 277592.327   42   93 277575.404 278064.451  0.18%   115 1565s
 29778  9251 277983.821   33  115 277575.404 278063.663  0.18%   115 1570s
 29893  9285 277599.441   38   79 277575.404 278062.954  0.18%   115 1575s
 30012  9295     cutoff   40      277575.404 278062.542  0.18%   115 1580s
 30121  9327 277591.836   42   74 277575.404 278061.854  0.18%   115 1585s
 30228  9339 277827.049   36  113 277575.404 278061.294  0.18%   115 1590s
 30345  9358 277922.224   33  112 277575.404 278060.731  0.17%   115 1595s
 30461  9393 277595.506   41   83 277575.404 278060.369  0.17%   115 1600s
 30575  9424 277842.967   37  101 277575.404 278059.802  0.17%   115 1605s
 30696  9455 277833.954   38   98 277575.404 278058.887  0.17%   115 1610s
 30814  9475 277630.590   43   89 277575.404 278058.398  0.17%   115 1615s
 30923  9487 277868.800   36  108 277575.404 278057.493  0.17%   115 1620s
 31030  9515     cutoff   41      277575.404 278057.005  0.17%   115 1625s
 31130  9530 277741.259   35  101 277575.404 278056.362  0.17%   115 1630s
 31242  9543 277949.907   34  103 277575.404 278055.314  0.17%   115 1635s
 31356  9564 277952.837   30  112 277575.404 278054.544  0.17%   115 1640s
 31475  9589 277813.727   36  110 277575.404 278053.757  0.17%   115 1645s
 31591  9600 277863.851   36   98 277575.404 278052.869  0.17%   115 1650s
 31724  9637 277879.532   35   93 277575.404 278052.536  0.17%   115 1655s
 31828  9655 277705.649   36   96 277575.404 278051.898  0.17%   115 1660s
 31940  9670 277613.092   42   89 277575.404 278051.074  0.17%   115 1665s
 32053  9696 277584.035   40   99 277575.404 278050.392  0.17%   115 1670s
 32160  9701 277806.888   37  109 277575.404 278049.634  0.17%   115 1675s
 32294  9726 277784.906   32  108 277575.404 278049.000  0.17%   115 1680s
 32399  9752 277931.501   37  114 277575.404 278048.058  0.17%   115 1685s
 32522  9774 277835.440   36   97 277575.404 278047.276  0.17%   115 1690s
 32631  9787 277813.906   31  107 277575.404 278046.136  0.17%   115 1695s
 32741  9797 277937.114   33  106 277575.404 278045.665  0.17%   115 1700s
 32851  9815 277670.646   34  102 277575.404 278044.720  0.17%   115 1705s
 32961  9832 277584.216   37  101 277575.404 278044.427  0.17%   115 1710s
 33078  9843 277655.658   39  106 277575.404 278043.667  0.17%   115 1715s
 33141  9854 277900.855   36   95 277575.404 278043.517  0.17%   115 1720s
 33249  9875 277941.038   33  118 277575.404 278043.042  0.17%   115 1725s
 33375  9904 277863.067   36  100 277575.404 278042.627  0.17%   115 1730s
 33494  9930 277644.158   39   92 277575.404 278042.066  0.17%   115 1735s
 33611  9955 277937.263   34  102 277575.404 278040.464  0.17%   115 1740s
 33733  9986 277658.352   37   99 277575.404 278039.916  0.17%   115 1745s
 33853 10004 278009.356   36  109 277575.404 278038.713  0.17%   115 1750s
 33967 10028 277665.631   45   65 277575.404 278038.462  0.17%   115 1755s
 34077 10044 277845.477   34   96 277575.404 278037.419  0.17%   115 1779s
 34087 10047 277645.710   32  116 277575.404 278037.346  0.17%   115 1780s
 34188 10063 277667.519   37  101 277575.404 278036.568  0.17%   115 1785s
 34315 10084 277655.269   36   94 277575.404 278035.863  0.17%   115 1790s
 34434 10098 277645.863   44   79 277575.404 278035.002  0.17%   115 1795s
 34555 10119 277663.012   43   75 277575.404 278034.421  0.17%   115 1800s
 34665 10137 277654.029   38   95 277575.404 278034.143  0.17%   115 1805s
 34781 10149 277746.663   39   86 277575.404 278033.593  0.17%   115 1810s
 34886 10160 277594.600   36   92 277575.404 278033.073  0.16%   115 1815s
 35005 10178 277620.284   37  108 277575.404 278032.622  0.16%   115 1820s
 35147 10221 277618.718   36   91 277575.404 278031.852  0.16%   114 1825s
 35270 10235 277807.586   35  103 277575.404 278030.991  0.16%   114 1830s
 35383 10250 277767.760   36  113 277575.404 278030.490  0.16%   114 1835s
 35489 10265 277626.685   35   98 277575.404 278029.676  0.16%   114 1840s
 35596 10274 277865.889   38  107 277575.404 278029.174  0.16%   114 1845s
 35710 10288 277895.501   33   98 277575.404 278028.484  0.16%   114 1850s
 35850 10315 277788.854   38  103 277575.404 278027.993  0.16%   114 1855s
 35958 10340 277602.712   39   92 277575.404 278027.726  0.16%   114 1860s
 36093 10364 277851.787   35  107 277575.404 278027.360  0.16%   114 1865s
 36216 10400 277673.962   36   94 277575.404 278026.634  0.16%   114 1870s
 36316 10416 277665.033   36  102 277575.404 278025.943  0.16%   114 1875s
 36446 10449 277859.117   35  109 277575.404 278024.993  0.16%   114 1880s
 36557 10468 277844.496   35  113 277575.404 278024.211  0.16%   114 1885s
 36681 10504 277879.963   36  101 277575.404 278024.040  0.16%   114 1890s
 36804 10521 277886.731   36  102 277575.404 278023.549  0.16%   114 1895s
 36921 10536 277834.035   38   94 277575.404 278023.041  0.16%   114 1900s
 37033 10554 277665.239   38   80 277575.404 278022.361  0.16%   114 1905s
 37146 10573 277687.960   42   90 277575.404 278022.084  0.16%   114 1910s
 37263 10591 277901.080   39   90 277575.404 278021.394  0.16%   114 1915s
 37377 10604 277786.763   39   97 277575.404 278020.857  0.16%   114 1920s
 37498 10619 277906.581   35  108 277575.404 278020.299  0.16%   114 1925s
 37622 10646 277678.422   36   86 277575.404 278019.761  0.16%   114 1930s
 37743 10666 277734.449   35   90 277575.404 278019.506  0.16%   114 1935s
 37866 10688 277601.542   43   83 277575.404 278018.594  0.16%   114 1940s
 37972 10693     cutoff   39      277575.404 278017.962  0.16%   114 1945s
 38076 10702 277700.534   35  106 277575.404 278017.589  0.16%   114 1950s
 38203 10717 277865.210   38   98 277575.404 278016.995  0.16%   114 1955s
 38326 10740 277680.378   36  105 277575.404 278015.847  0.16%   114 1960s
 38430 10759 277679.294   41   87 277575.404 278015.451  0.16%   114 1965s
 38566 10774 277778.838   37   90 277575.404 278014.542  0.16%   114 1970s
 38697 10799 277826.669   35  103 277575.404 278014.011  0.16%   114 1975s
 38808 10811 277763.073   37   87 277575.404 278013.503  0.16%   114 1980s
 38922 10829 277723.362   38   91 277575.404 278013.220  0.16%   114 1985s
 38975 10840 277655.661   36   96 277575.404 278012.993  0.16%   114 1991s
 39054 10851 277874.003   39   97 277575.404 278012.628  0.16%   114 1995s
 39161 10860 277723.080   33  117 277575.404 278012.321  0.16%   114 2000s
 39284 10886 277840.522   36   96 277575.404 278011.509  0.16%   114 2005s
 39330 10892 277854.272   37  107 277575.404 278011.202  0.16%   114 2010s
 39443 10906 277575.739   41   79 277575.404 278010.631  0.16%   114 2015s
 39581 10935     cutoff   43      277575.404 278009.873  0.16%   114 2020s
 39692 10947 277583.668   42   83 277575.404 278009.385  0.16%   114 2025s
 39807 10966 277655.625   38   90 277575.404 278008.863  0.16%   114 2030s
 39934 10970 277754.419   33  113 277575.404 278008.065  0.16%   114 2035s
 40058 10983 277724.961   35  102 277575.404 278007.262  0.16%   114 2040s
 40165 11002 277812.372   35  105 277575.404 278006.647  0.16%   114 2045s
 40272 11011 277790.642   38  102 277575.404 278005.899  0.16%   114 2050s
 40389 11026 277597.334   41   87 277575.404 278005.471  0.15%   114 2055s
 40526 11060 277729.574   34  103 277575.404 278004.714  0.15%   114 2060s
 40658 11081 277930.884   33  111 277575.404 278004.194  0.15%   114 2065s
 40768 11099 277674.328   38   82 277575.404 278003.603  0.15%   114 2070s
 40881 11112 277875.321   31  107 277575.404 278003.189  0.15%   114 2075s
 40990 11122 277670.728   34   95 277575.404 278002.567  0.15%   114 2080s
 41111 11153 277582.951   39   87 277575.404 278002.114  0.15%   114 2085s
 41242 11168 277602.203   40  100 277575.404 278001.686  0.15%   114 2090s
 41358 11180 277891.027   34  111 277575.404 278000.992  0.15%   114 2095s
 41475 11195 277648.337   33   99 277575.404 278000.396  0.15%   114 2100s
 41599 11213 277607.658   35   99 277575.404 277999.876  0.15%   114 2105s
 41711 11229 277818.328   36  109 277575.404 277999.390  0.15%   114 2110s
 41841 11254 277796.506   39   87 277575.404 277999.022  0.15%   114 2115s
 41974 11274 277813.679   39   86 277575.404 277998.303  0.15%   114 2120s
 42084 11301 277797.488   35  116 277575.404 277997.602  0.15%   114 2125s
 42175 11308 277753.633   38  108 277575.404 277997.148  0.15%   114 2130s
 42303 11321 277758.564   39  111 277575.404 277996.424  0.15%   114 2135s
 42415 11339 277612.017   39   93 277575.404 277995.677  0.15%   114 2140s
 42554 11355 277589.120   36  103 277575.404 277995.116  0.15%   113 2145s
 42670 11363     cutoff   38      277575.404 277994.246  0.15%   113 2150s
 42766 11371 277673.085   37   96 277575.404 277993.890  0.15%   113 2155s
 42887 11387 277776.890   36  100 277575.404 277993.462  0.15%   113 2160s
 42992 11395 277595.507   41   83 277575.404 277993.003  0.15%   113 2165s
 43128 11415 277817.505   34  105 277575.404 277992.405  0.15%   113 2170s
 43165 11420 277747.879   37  107 277575.404 277992.254  0.15%   113 2175s
 43282 11434 277837.244   34  101 277575.404 277991.794  0.15%   113 2180s
 43400 11445 277656.152   37   96 277575.404 277991.180  0.15%   113 2185s
 43519 11458 277956.644   34   97 277575.404 277990.345  0.15%   113 2190s
 43656 11475 277709.885   40   95 277575.404 277989.556  0.15%   113 2195s
 43764 11491     cutoff   39      277575.404 277989.032  0.15%   113 2200s
 43883 11511 277605.526   35   94 277575.404 277988.271  0.15%   113 2205s
 44022 11537 277756.358   34  101 277575.404 277987.695  0.15%   113 2210s
 44136 11547 277624.173   46   81 277575.404 277986.963  0.15%   113 2215s
 44241 11546 277713.461   34   99 277575.404 277986.446  0.15%   113 2220s
 44368 11571 277636.399   35   99 277575.404 277985.835  0.15%   113 2225s
 44472 11577 277577.819   33  105 277575.404 277985.523  0.15%   113 2230s
 44591 11605 277665.169   40   89 277575.404 277985.155  0.15%   113 2235s
 44697 11615 277890.534   36   93 277575.404 277984.864  0.15%   113 2240s
 44847 11638 277675.959   33  101 277575.404 277984.406  0.15%   113 2245s
 44957 11653 277631.948   36  100 277575.404 277983.837  0.15%   113 2250s
 45089 11670 277815.036   37   89 277575.404 277983.423  0.15%   113 2255s
 45209 11674 277905.153   32  110 277575.404 277982.713  0.15%   113 2260s
 45349 11691 277613.453   42   87 277575.404 277982.550  0.15%   113 2265s
 45479 11715 277808.975   35  117 277575.404 277982.067  0.15%   113 2270s
 45595 11720 277836.483   36  102 277575.404 277981.751  0.15%   113 2275s
 45715 11738 277621.192   37   92 277575.404 277981.355  0.15%   113 2280s
 45828 11740 277596.588   40   84 277575.404 277980.665  0.15%   113 2285s
 45924 11745 277753.498   38   92 277575.404 277979.976  0.15%   113 2290s
 46058 11750 277648.792   38  100 277575.404 277979.434  0.15%   113 2295s
 46169 11757 277772.911   39   98 277575.404 277978.828  0.15%   113 2300s
 46294 11767 277886.765   37  109 277575.404 277978.259  0.15%   113 2305s
 46421 11780     cutoff   42      277575.404 277977.749  0.14%   113 2310s
 46551 11799 277582.747   40   96 277575.404 277977.525  0.14%   113 2315s
 46690 11822 277733.980   37  112 277575.404 277977.207  0.14%   113 2320s
 46799 11834 277703.500   37   92 277575.404 277976.662  0.14%   113 2325s
 46926 11839 277832.752   36   98 277575.404 277976.270  0.14%   113 2330s
 47045 11856     cutoff   36      277575.404 277975.421  0.14%   113 2335s
 47149 11865 277662.255   39   99 277575.404 277974.825  0.14%   113 2340s
 47285 11878 277704.788   39   84 277575.404 277974.151  0.14%   113 2345s
 47411 11881 277672.426   38  104 277575.404 277973.774  0.14%   113 2350s
 47537 11889 277788.708   33  106 277575.404 277972.832  0.14%   113 2355s
 47658 11898 277693.877   36  100 277575.404 277972.336  0.14%   113 2360s
 47797 11908 277755.697   40   92 277575.404 277971.777  0.14%   113 2365s
 47892 11913 277606.597   39  104 277575.404 277971.215  0.14%   113 2370s
 48018 11917 277792.945   35   95 277575.404 277970.394  0.14%   113 2375s
 48126 11929 277741.934   39  100 277575.404 277969.993  0.14%   113 2380s
 48246 11933 277824.795   33  100 277575.404 277969.395  0.14%   113 2385s
 48358 11938 277712.262   37  112 277575.404 277968.596  0.14%   113 2390s
 48489 11948 277805.094   36  100 277575.404 277968.216  0.14%   113 2395s
 48597 11956 277776.683   34   98 277575.404 277967.566  0.14%   113 2400s
 48699 11961 277606.966   36   95 277575.404 277967.171  0.14%   113 2405s
 48817 11961 277855.420   34  118 277575.404 277966.349  0.14%   113 2410s
 48903 11969 277728.447   40  104 277575.404 277965.944  0.14%   113 2417s
 48967 11975 277672.360   39   84 277575.404 277965.643  0.14%   113 2420s
 49085 11994 277786.081   38  104 277575.404 277965.035  0.14%   113 2425s
 49192 11995 277839.270   35   94 277575.404 277964.691  0.14%   113 2430s
 49318 12013 277586.540   36  106 277575.404 277964.181  0.14%   113 2435s
 49451 12028 277762.150   37   98 277575.404 277963.751  0.14%   113 2440s
 49580 12047     cutoff   38      277575.404 277962.772  0.14%   113 2445s
 49666 12052 277634.118   37   92 277575.404 277962.409  0.14%   113 2450s
 49762 12048 277739.861   34   95 277575.404 277961.804  0.14%   113 2455s
 49882 12066 277713.890   37   81 277575.404 277961.328  0.14%   113 2460s
 50008 12072 277698.337   35  100 277575.404 277960.738  0.14%   113 2465s
 50136 12080 277699.937   39   93 277575.404 277960.254  0.14%   113 2470s
 50257 12085 277812.985   34  109 277575.404 277959.831  0.14%   113 2475s
 50362 12105 277597.488   39  105 277575.404 277959.030  0.14%   113 2480s
 50470 12110     cutoff   35      277575.404 277958.384  0.14%   113 2485s
 50589 12119 277736.162   37  101 277575.404 277957.929  0.14%   113 2490s
 50704 12121 277607.638   35  100 277575.404 277957.273  0.14%   113 2495s
 50832 12124 277584.929   39   86 277575.404 277956.821  0.14%   113 2500s
 50982 12133 277591.782   37  100 277575.404 277956.160  0.14%   113 2505s
 51092 12143 277611.899   45   81 277575.404 277955.827  0.14%   113 2510s
 51213 12151     cutoff   42      277575.404 277955.588  0.14%   113 2515s
 51337 12164 277760.193   39   88 277575.404 277955.094  0.14%   113 2520s
 51480 12182 277641.901   38  114 277575.404 277954.739  0.14%   113 2525s
 51603 12197 277680.756   41   86 277575.404 277954.309  0.14%   113 2530s
 51739 12215     cutoff   36      277575.404 277953.793  0.14%   113 2535s
 51857 12223 277765.028   38  102 277575.404 277953.278  0.14%   113 2540s
 51958 12226 277605.496   41   93 277575.404 277952.534  0.14%   113 2545s
 52075 12232 277652.615   35  109 277575.404 277952.131  0.14%   113 2550s
 52207 12237 277788.379   34  101 277575.404 277951.412  0.14%   113 2555s
 52333 12248 277702.019   42   82 277575.404 277951.008  0.14%   113 2560s
 52465 12266     cutoff   38      277575.404 277950.640  0.14%   112 2565s
 52577 12266 277742.349   35  105 277575.404 277950.094  0.13%   112 2570s
 52710 12284 277787.304   36  101 277575.404 277949.762  0.13%   112 2575s
 52822 12287 277776.257   37   95 277575.404 277948.947  0.13%   112 2580s
 52951 12302     cutoff   38      277575.404 277948.414  0.13%   112 2585s
 53076 12314 277695.778   37   95 277575.404 277948.004  0.13%   112 2590s
 53222 12336 277765.845   35  106 277575.404 277947.319  0.13%   112 2595s
 53331 12348 277805.960   39   83 277575.404 277946.770  0.13%   112 2600s
 53439 12362 277684.044   37   96 277575.404 277945.935  0.13%   112 2605s
 53559 12368 277581.927   43   86 277575.404 277945.664  0.13%   112 2610s
 53686 12387 277713.345   36   96 277575.404 277945.215  0.13%   112 2615s
 53801 12395 277654.906   38   91 277575.404 277944.914  0.13%   112 2620s
 53923 12405 277757.206   35   98 277575.404 277944.515  0.13%   112 2625s
 54071 12436 277699.995   42   85 277575.404 277944.220  0.13%   112 2630s
 54182 12431     cutoff   38      277575.404 277943.684  0.13%   112 2635s
 54322 12446 277811.217   40   84 277575.404 277942.958  0.13%   112 2640s
 54424 12455 277801.055   38  100 277575.404 277942.622  0.13%   112 2645s
 54531 12459     cutoff   43      277575.404 277941.817  0.13%   112 2650s
 54667 12461     cutoff   42      277575.404 277941.462  0.13%   112 2655s
 54694 12462 277873.311   34   95 277575.404 277941.306  0.13%   112 2677s
 54742 12467 277668.303   34  101 277575.404 277940.997  0.13%   112 2680s
 54857 12469 277591.027   37   99 277575.404 277940.664  0.13%   112 2685s
 54987 12484 277604.081   37   94 277575.404 277940.160  0.13%   112 2690s
 55109 12482 277615.255   37   91 277575.404 277939.637  0.13%   112 2695s
 55239 12482 277752.535   34   93 277575.404 277938.783  0.13%   112 2700s
 55363 12484 277843.154   35  102 277575.404 277938.286  0.13%   112 2705s
 55481 12490 277661.797   43   73 277575.404 277937.933  0.13%   112 2710s
 55537 12487 277716.144   39   99 277575.404 277937.885  0.13%   112 2716s
 55632 12495 277578.902   44   85 277575.404 277937.732  0.13%   112 2720s
 55748 12495 277835.354   38  100 277575.404 277937.098  0.13%   112 2725s
 55858 12491 277873.847   31  102 277575.404 277936.367  0.13%   112 2730s
 55988 12509 277784.640   35  103 277575.404 277935.970  0.13%   112 2735s
 56106 12514 277685.985   40   87 277575.404 277935.873  0.13%   112 2740s
 56211 12522 277632.236   34  101 277575.404 277935.404  0.13%   112 2745s
 56327 12523 277741.471   35  100 277575.404 277934.976  0.13%   112 2750s
 56438 12531 277644.396   41   95 277575.404 277934.440  0.13%   112 2755s
 56575 12547 277742.976   38   90 277575.404 277933.631  0.13%   112 2760s
 56725 12562 277745.414   36  104 277575.404 277933.325  0.13%   112 2765s
 56834 12563     cutoff   36      277575.404 277932.997  0.13%   112 2770s
 56939 12560 277582.935   37  104 277575.404 277932.688  0.13%   112 2775s
 57073 12573 277805.885   40   91 277575.404 277932.224  0.13%   112 2780s
 57196 12585 277608.461   40   90 277575.404 277931.932  0.13%   112 2785s
 57278 12584 277789.872   36   94 277575.404 277931.427  0.13%   112 2790s
 57403 12592 277735.774   34  109 277575.404 277931.001  0.13%   112 2795s
 57508 12593 277680.379   39   95 277575.404 277930.377  0.13%   112 2800s
 57634 12605     cutoff   40      277575.404 277929.998  0.13%   112 2805s
 57731 12601     cutoff   40      277575.404 277929.628  0.13%   112 2810s
 57858 12616 277704.891   39   91 277575.404 277929.087  0.13%   112 2815s
 57981 12625 277583.533   38  100 277575.404 277928.577  0.13%   112 2820s
 58097 12631 277808.303   34   91 277575.404 277928.311  0.13%   112 2825s
 58196 12634 277638.849   34   94 277575.404 277928.087  0.13%   112 2830s
 58301 12633 277844.905   37  100 277575.404 277927.688  0.13%   112 2835s
 58422 12642 277744.046   41   87 277575.404 277927.400  0.13%   112 2840s
 58541 12638 277719.409   34   96 277575.404 277926.819  0.13%   112 2845s
 58662 12647 277588.526   38   96 277575.404 277926.450  0.13%   112 2850s
 58769 12642 277592.004   40  101 277575.404 277926.057  0.13%   112 2855s
 58888 12655     cutoff   42      277575.404 277925.813  0.13%   112 2860s
 59002 12665 277644.034   42   85 277575.404 277925.425  0.13%   112 2865s
 59145 12677 277695.780   36   84 277575.404 277925.150  0.13%   112 2870s
 59271 12681 277712.428   38   96 277575.404 277924.604  0.13%   112 2875s
 59373 12679 277714.168   35  102 277575.404 277924.131  0.13%   112 2880s
 59504 12688 277786.109   33  101 277575.404 277923.567  0.13%   112 2885s
 59620 12695 277640.888   36  103 277575.404 277923.440  0.13%   112 2890s
 59743 12702 277760.272   39   89 277575.404 277923.040  0.13%   112 2895s
 59862 12711 277651.717   42   93 277575.404 277922.593  0.13%   112 2900s
 60004 12721     cutoff   38      277575.404 277922.185  0.12%   112 2905s
 60085 12730 277680.213   31  116 277575.404 277921.824  0.12%   112 2911s
 60177 12726 277699.703   36  100 277575.404 277921.167  0.12%   112 2915s
 60304 12721 277640.054   39  105 277575.404 277920.552  0.12%   112 2920s
 60416 12724 277837.897   34  107 277575.404 277920.031  0.12%   112 2925s
 60536 12719 277597.101   44   54 277575.404 277919.741  0.12%   112 2930s
 60664 12725 277762.633   34  106 277575.404 277919.266  0.12%   112 2935s
 60796 12733     cutoff   47      277575.404 277918.687  0.12%   112 2940s
 60917 12734 277749.963   35  104 277575.404 277918.068  0.12%   112 2945s
 61028 12745 277604.089   42   79 277575.404 277917.704  0.12%   112 2950s
 61149 12745 277741.760   35  106 277575.404 277917.379  0.12%   112 2955s
 61270 12743 277731.069   34  108 277575.404 277916.788  0.12%   112 2960s
 61394 12744 277843.808   33  108 277575.404 277916.509  0.12%   112 2965s
 61490 12740 277776.849   34   95 277575.404 277915.918  0.12%   112 2970s
 61640 12752 277646.401   39   84 277575.404 277915.605  0.12%   112 2975s
 61769 12755 277685.431   36   95 277575.404 277915.256  0.12%   112 2980s
 61877 12753 277675.737   35  105 277575.404 277914.884  0.12%   112 2985s
 62016 12758 277588.589   37   88 277575.404 277914.322  0.12%   112 2990s
 62135 12769 277616.840   35   98 277575.404 277913.991  0.12%   112 2995s
 62266 12781 277596.880   36   91 277575.404 277913.659  0.12%   112 3000s
 62372 12776 277596.016   39   97 277575.404 277913.225  0.12%   112 3005s
 62517 12781 277709.124   35   89 277575.404 277912.921  0.12%   112 3010s
 62635 12787 277667.135   43   87 277575.404 277912.463  0.12%   112 3015s
 62769 12792 277805.078   34   99 277575.404 277912.095  0.12%   112 3020s
 62883 12792     cutoff   41      277575.404 277911.748  0.12%   112 3025s
 62996 12788     cutoff   40      277575.404 277911.360  0.12%   112 3030s
 63121 12791 277766.419   33  107 277575.404 277910.973  0.12%   112 3035s
 63249 12796 277596.065   32  108 277575.404 277910.432  0.12%   112 3040s
 63368 12802 277603.807   40   88 277575.404 277910.036  0.12%   112 3045s
 63502 12808 277707.791   39   79 277575.404 277909.281  0.12%   112 3050s
 63570 12816 277719.637   34   97 277575.404 277909.141  0.12%   112 3055s
 63682 12813 277592.124   34  101 277575.404 277908.765  0.12%   112 3060s
 63799 12809 277595.240   44   77 277575.404 277908.199  0.12%   112 3065s
 63924 12803 277629.769   40   89 277575.404 277907.873  0.12%   112 3070s
 64056 12815 277576.108   38   88 277575.404 277907.494  0.12%   112 3075s
 64168 12811 277727.042   39   99 277575.404 277907.165  0.12%   112 3080s
 64293 12822 277581.067   36  105 277575.404 277906.852  0.12%   112 3085s
 64415 12830     cutoff   34      277575.404 277906.309  0.12%   112 3090s
 64540 12842     cutoff   39      277575.404 277905.916  0.12%   111 3095s
 64643 12838 277636.073   39   92 277575.404 277905.596  0.12%   111 3100s
 64769 12840 277593.465   40   97 277575.404 277905.299  0.12%   111 3105s
 64902 12851 277607.091   41   82 277575.404 277905.002  0.12%   111 3110s
 65049 12855     cutoff   45      277575.404 277904.558  0.12%   111 3115s
 65181 12858 277676.325   42  101 277575.404 277904.000  0.12%   111 3120s
 65313 12864 277698.231   34  105 277575.404 277903.732  0.12%   111 3125s
 65436 12867 277644.345   36   90 277575.404 277903.238  0.12%   111 3130s
 65544 12873 277663.136   37   91 277575.404 277902.745  0.12%   111 3135s
 65674 12880     cutoff   41      277575.404 277902.306  0.12%   111 3140s
 65802 12884 277674.854   41   96 277575.404 277902.039  0.12%   111 3145s
 65927 12890 277642.068   38   92 277575.404 277901.717  0.12%   111 3150s
 66051 12890 277576.336   43   82 277575.404 277901.327  0.12%   111 3155s
 66163 12897 277586.012   37  112 277575.404 277900.689  0.12%   111 3160s
 66297 12890 277696.848   36   91 277575.404 277900.197  0.12%   111 3165s
 66427 12886 277767.609   37  105 277575.404 277899.777  0.12%   111 3170s
 66556 12895 277581.107   35   98 277575.404 277899.326  0.12%   111 3175s
 66685 12893 277812.609   40   81 277575.404 277898.863  0.12%   111 3180s
 66803 12892 277686.479   35   90 277575.404 277898.444  0.12%   111 3185s
 66922 12897     cutoff   38      277575.404 277898.030  0.12%   111 3190s
 66953 12903 277599.950   36  106 277575.404 277897.796  0.12%   111 3195s
 67078 12902 277706.708   39   82 277575.404 277897.403  0.12%   111 3200s
 67232 12909 277716.619   36   97 277575.404 277896.800  0.12%   111 3205s
 67354 12909 277746.476   36  108 277575.404 277896.473  0.12%   111 3210s
 67490 12907     cutoff   40      277575.404 277895.901  0.12%   111 3215s
 67607 12900 277578.765   36   97 277575.404 277895.288  0.12%   111 3220s
 67725 12892     cutoff   40      277575.404 277894.915  0.12%   111 3225s
 67857 12904 277636.835   43   82 277575.404 277894.640  0.12%   111 3230s
 67993 12902 277749.300   37  100 277575.404 277894.255  0.11%   111 3235s
 68107 12896 277590.060   38  105 277575.404 277893.576  0.11%   111 3240s
 68217 12897 277778.193   35   81 277575.404 277893.188  0.11%   111 3245s
 68337 12890 277790.807   39   88 277575.404 277892.719  0.11%   111 3250s
 68465 12892 277761.918   37  106 277575.404 277892.440  0.11%   111 3255s
 68584 12888 277641.923   35  107 277575.404 277892.044  0.11%   111 3260s
 68662 12886 277730.005   36   94 277575.404 277891.854  0.11%   111 3266s
 68739 12888 277575.545   41   96 277575.404 277891.447  0.11%   111 3270s
 68864 12891 277648.577   39   86 277575.404 277890.949  0.11%   111 3275s
 68975 12886 277662.474   35  101 277575.404 277890.496  0.11%   111 3280s
 69103 12888 277584.160   39   89 277575.404 277890.229  0.11%   111 3285s
 69233 12889 277825.853   38   88 277575.404 277889.917  0.11%   111 3290s
 69356 12886 277696.043   38  104 277575.404 277889.475  0.11%   111 3295s
 69471 12885 277732.392   36   96 277575.404 277889.070  0.11%   111 3300s
 69609 12893 277645.856   37   98 277575.404 277888.630  0.11%   111 3305s
 69745 12912 277746.134   37   91 277575.404 277888.314  0.11%   111 3310s
 69863 12914 277613.202   36   94 277575.404 277887.980  0.11%   111 3315s
 69982 12918 277590.082   39   93 277575.404 277887.586  0.11%   111 3320s
 70106 12921 277727.460   35   98 277575.404 277887.060  0.11%   111 3325s
 70207 12928 277624.790   42   96 277575.404 277886.910  0.11%   111 3330s
 70328 12921 277579.556   37   92 277575.404 277886.617  0.11%   111 3335s
 70446 12914 277761.069   35  108 277575.404 277886.218  0.11%   111 3340s
 70578 12924 277701.926   39   93 277575.404 277885.940  0.11%   111 3345s
 70695 12917 277642.696   41   93 277575.404 277885.568  0.11%   111 3350s
 70819 12914 277609.058   41   91 277575.404 277885.347  0.11%   111 3355s
 70921 12905 277791.210   34  101 277575.404 277885.011  0.11%   111 3360s
 71029 12902 277668.575   39   92 277575.404 277884.633  0.11%   111 3365s
 71143 12900 277576.196   46   61 277575.404 277884.258  0.11%   111 3370s
 71263 12894 277700.707   38   86 277575.404 277884.010  0.11%   111 3375s
 71407 12894     cutoff   38      277575.404 277883.401  0.11%   111 3380s
 71515 12893     cutoff   39      277575.404 277883.081  0.11%   111 3385s
 71637 12890     cutoff   43      277575.404 277882.665  0.11%   111 3390s
 71769 12885 277726.395   37  104 277575.404 277882.368  0.11%   111 3395s
 71871 12887 277728.975   38   97 277575.404 277881.965  0.11%   111 3400s
 71983 12885 277675.777   36   98 277575.404 277881.624  0.11%   111 3405s
 72126 12900 277683.746   38   98 277575.404 277881.376  0.11%   111 3410s
 72246 12898 277689.681   37  104 277575.404 277880.979  0.11%   111 3415s
 72359 12896 277583.878   43   88 277575.404 277880.616  0.11%   111 3420s
 72504 12901 277608.519   34   99 277575.404 277880.111  0.11%   111 3425s
 72623 12898 277645.769   39   92 277575.404 277879.710  0.11%   111 3430s
 72740 12889 277615.969   34  111 277575.404 277879.251  0.11%   111 3435s
 72869 12894 277591.834   43   82 277575.404 277879.049  0.11%   111 3440s
 72991 12886     cutoff   41      277575.404 277878.324  0.11%   111 3445s
 73142 12899 277688.120   39   89 277575.404 277877.971  0.11%   111 3450s
 73255 12890 277766.306   41   89 277575.404 277877.258  0.11%   111 3455s
 73384 12891 277723.519   41   82 277575.404 277876.799  0.11%   111 3460s
 73517 12891 277639.869   38   92 277575.404 277876.498  0.11%   111 3465s
 73659 12906 277596.767   36  102 277575.404 277876.227  0.11%   111 3470s
 73797 12899 277757.833   40   88 277575.404 277875.922  0.11%   111 3475s
 73909 12900 277654.338   38   93 277575.404 277875.684  0.11%   111 3480s
 74030 12906 277609.968   34  102 277575.404 277875.209  0.11%   111 3485s
 74181 12916 277627.299   38   95 277575.404 277874.921  0.11%   111 3490s
 74295 12922     cutoff   35      277575.404 277874.641  0.11%   111 3495s
 74418 12917 277855.356   38   97 277575.404 277874.234  0.11%   111 3500s
 74513 12913 277670.642   41   97 277575.404 277874.058  0.11%   111 3506s
 74602 12908 277605.012   41   79 277575.404 277873.769  0.11%   111 3510s
 74734 12910 277686.698   36  104 277575.404 277873.486  0.11%   111 3515s
 74852 12906 277664.542   37   90 277575.404 277873.166  0.11%   111 3520s
 74976 12907 277751.140   32  104 277575.404 277872.812  0.11%   111 3525s
 75087 12905 277677.475   36   94 277575.404 277872.474  0.11%   111 3530s
 75230 12914 277641.314   38  105 277575.404 277872.142  0.11%   111 3535s
 75324 12904 277692.469   36   91 277575.404 277871.675  0.11%   111 3540s
 75458 12894     cutoff   41      277575.404 277871.365  0.11%   111 3545s
 75463 12897 277670.934   38   87 277575.404 277871.359  0.11%   111 3551s
 75550 12897 277687.695   32  107 277575.404 277870.951  0.11%   111 3555s
 75665 12891     cutoff   38      277575.404 277870.570  0.11%   111 3560s
 75770 12885 277810.517   38  108 277575.404 277870.264  0.11%   111 3565s
 75793 12890 277585.064   40   92 277575.404 277870.189  0.11%   111 3591s
 75873 12883 277669.044   38  106 277575.404 277870.009  0.11%   111 3595s
 76008 12880     cutoff   35      277575.404 277869.806  0.11%   111 3600s
 76130 12871 277671.389   34  107 277575.404 277869.132  0.11%   111 3605s
 76236 12860     cutoff   39      277575.404 277868.553  0.11%   111 3610s
 76336 12852 277605.319   37   92 277575.404 277868.211  0.11%   111 3615s
 76465 12848 277687.791   37  100 277575.404 277867.779  0.11%   111 3620s
 76571 12846 277755.675   40   70 277575.404 277867.336  0.11%   111 3625s
 76703 12843 277672.484   38   96 277575.404 277867.058  0.11%   111 3630s
 76855 12848 277623.726   36   98 277575.404 277866.674  0.10%   111 3635s
 76976 12832 277792.920   36  101 277575.404 277866.290  0.10%   111 3640s
 77097 12828 277704.121   42   85 277575.404 277865.929  0.10%   111 3645s
 77211 12827 277587.430   39   92 277575.404 277865.523  0.10%   111 3650s
 77326 12821 277702.698   37   96 277575.404 277865.099  0.10%   111 3655s
 77427 12818 277653.813   37   97 277575.404 277864.762  0.10%   111 3660s
 77525 12816 277606.453   38   99 277575.404 277864.253  0.10%   111 3668s
 77566 12817     cutoff   36      277575.404 277864.102  0.10%   111 3670s
 77696 12813 277672.712   42   85 277575.404 277863.850  0.10%   111 3675s
 77803 12804     cutoff   38      277575.404 277863.524  0.10%   111 3680s
 77920 12793 277603.136   37  105 277575.404 277863.089  0.10%   111 3685s
 78027 12786 277600.710   38   98 277575.404 277862.500  0.10%   111 3690s
 78157 12782 277668.611   38   98 277575.404 277862.194  0.10%   111 3695s
 78281 12784 277590.865   43   87 277575.404 277861.851  0.10%   111 3700s
 78400 12783     cutoff   42      277575.404 277861.352  0.10%   111 3705s
 78513 12769     cutoff   38      277575.404 277860.935  0.10%   111 3710s
 78605 12756 277610.765   38   95 277575.404 277860.494  0.10%   111 3715s
 78739 12751 277793.822   39   82 277575.404 277860.105  0.10%   111 3720s
 78868 12755 277794.089   39   86 277575.404 277859.510  0.10%   111 3725s
 78987 12747 277636.542   37   92 277575.404 277859.111  0.10%   111 3730s
 79120 12748 277670.440   36   98 277575.404 277858.836  0.10%   111 3735s
 79243 12745 277585.297   41   90 277575.404 277858.477  0.10%   111 3740s
 79344 12731 277750.536   35   95 277575.404 277858.129  0.10%   111 3745s
 79457 12728 277639.215   33  105 277575.404 277857.773  0.10%   111 3750s
 79553 12719 277579.065   37  103 277575.404 277857.476  0.10%   111 3755s
 79668 12716 277687.210   37   99 277575.404 277857.093  0.10%   111 3760s
 79776 12706 277679.261   36  109 277575.404 277856.755  0.10%   111 3765s
 79887 12705     cutoff   40      277575.404 277856.456  0.10%   111 3770s
 80009 12691     cutoff   39      277575.404 277855.860  0.10%   111 3775s
 80111 12683 277668.033   33  107 277575.404 277855.561  0.10%   111 3780s
 80237 12671 277713.632   39  106 277575.404 277855.004  0.10%   111 3785s
 80336 12658 277627.846   38  103 277575.404 277854.713  0.10%   111 3790s
 80430 12648 277588.373   37  100 277575.404 277854.533  0.10%   111 3795s
 80562 12643 277746.964   38   93 277575.404 277854.132  0.10%   111 3800s
 80685 12639 277692.855   39   81 277575.404 277853.822  0.10%   111 3805s
 80810 12636 277723.179   35  106 277575.404 277853.506  0.10%   111 3810s
 80929 12628 277605.087   35  102 277575.404 277853.036  0.10%   111 3815s
 81046 12616 277664.038   36   99 277575.404 277852.795  0.10%   111 3820s
 81145 12604 277623.607   36  101 277575.404 277852.447  0.10%   111 3825s
 81281 12596     cutoff   42      277575.404 277852.193  0.10%   111 3830s
 81404 12595 277767.624   38   90 277575.404 277851.895  0.10%   111 3835s
 81529 12586 277631.038   37  103 277575.404 277851.643  0.10%   111 3840s
 81653 12574 277688.213   39  103 277575.404 277851.219  0.10%   111 3845s
 81769 12569     cutoff   38      277575.404 277850.804  0.10%   111 3850s
 81907 12577 277683.239   40   89 277575.404 277850.525  0.10%   111 3855s
 82043 12570 277624.879   37   95 277575.404 277850.244  0.10%   111 3860s
 82159 12564 277590.935   33  100 277575.404 277849.705  0.10%   111 3865s
 82279 12551 277743.999   37  105 277575.404 277849.436  0.10%   111 3870s
 82398 12547     cutoff   45      277575.404 277848.937  0.10%   111 3875s
 82546 12549 277624.833   34  111 277575.404 277848.368  0.10%   111 3880s
 82651 12545 277641.611   34  101 277575.404 277847.960  0.10%   111 3885s
 82798 12539 277610.043   37   82 277575.404 277847.541  0.10%   111 3890s
 82922 12529 277784.308   38   92 277575.404 277846.864  0.10%   111 3895s
 83042 12533 277603.420   43   94 277575.404 277846.313  0.10%   111 3900s
 83154 12527 277663.362   36  105 277575.404 277845.980  0.10%   111 3905s
 83293 12534 277667.895   40   83 277575.404 277845.755  0.10%   111 3910s
 83413 12533 277693.165   40   82 277575.404 277845.346  0.10%   111 3915s
 83506 12520 277690.748   36  105 277575.404 277845.084  0.10%   111 3920s
 83617 12516 277589.703   37   97 277575.404 277844.897  0.10%   111 3925s
 83755 12506 277589.531   35  105 277575.404 277844.566  0.10%   111 3930s
 83850 12497     cutoff   37      277575.404 277844.284  0.10%   111 3935s
 83966 12487 277583.539   36   92 277575.404 277843.950  0.10%   111 3940s
 84069 12471 277680.762   37  101 277575.404 277843.350  0.10%   111 3945s
 84184 12456 277649.680   35   87 277575.404 277842.965  0.10%   111 3950s
 84300 12445     cutoff   36      277575.404 277842.666  0.10%   111 3955s
 84430 12444     cutoff   36      277575.404 277842.403  0.10%   111 3960s
 84574 12444 277687.325   40   82 277575.404 277842.042  0.10%   111 3965s
 84698 12435 277592.551   40   81 277575.404 277841.555  0.10%   111 3970s
 84794 12420 277648.087   37   99 277575.404 277841.172  0.10%   111 3975s
 84918 12414     cutoff   48      277575.404 277840.957  0.10%   111 3980s
 85040 12410 277645.454   43   89 277575.404 277840.504  0.10%   111 3985s
 85156 12401     cutoff   39      277575.404 277839.956  0.10%   111 3990s
 85262 12391 277617.579   41   92 277575.404 277839.668  0.10%   111 3995s
 85374 12382 277634.855   39   93 277575.404 277839.192  0.10%   111 4000s
 85501 12381 277580.616   37   87 277575.404 277838.851  0.09%   111 4005s
 85635 12366 277610.634   39   96 277575.404 277838.196  0.09%   111 4010s
 85738 12356 277654.416   42  102 277575.404 277837.966  0.09%   111 4015s
 85851 12358 277590.269   37   93 277575.404 277837.647  0.09%   111 4020s
 85961 12346 277680.948   39   98 277575.404 277837.104  0.09%   111 4025s
 86091 12335 277685.226   33  108 277575.404 277836.454  0.09%   111 4030s
 86199 12333 277635.905   44   89 277575.404 277836.203  0.09%   111 4035s
 86307 12315 277681.261   35  105 277575.404 277835.778  0.09%   111 4040s
 86420 12303     cutoff   40      277575.404 277835.336  0.09%   111 4045s
 86530 12289     cutoff   41      277575.404 277835.133  0.09%   111 4050s
 86649 12282 277637.585   45   72 277575.404 277834.715  0.09%   111 4055s
 86767 12274     cutoff   41      277575.404 277834.311  0.09%   111 4060s
 86864 12263 277682.562   32  107 277575.404 277833.976  0.09%   111 4065s
 86928 12259 277638.554   36   97 277575.404 277833.772  0.09%   111 4070s
 87029 12243 277650.874   33  106 277575.404 277833.391  0.09%   111 4075s
 87168 12229 277707.615   38   75 277575.404 277833.062  0.09%   111 4080s
 87288 12221 277665.290   40   95 277575.404 277832.653  0.09%   111 4085s
 87411 12209 277580.173   42   92 277575.404 277832.311  0.09%   111 4090s
 87528 12205 277626.908   44   74 277575.404 277831.914  0.09%   111 4095s
 87653 12189     cutoff   38      277575.404 277831.309  0.09%   111 4100s
 87769 12177 277807.039   35  105 277575.404 277830.882  0.09%   111 4105s
 87881 12176     cutoff   38      277575.404 277830.580  0.09%   111 4110s
 88005 12163 277650.797   36   97 277575.404 277830.258  0.09%   111 4115s
 88118 12159 277593.288   43   89 277575.404 277829.868  0.09%   111 4120s
 88243 12141     cutoff   37      277575.404 277829.448  0.09%   111 4125s
 88338 12125 277690.107   37  104 277575.404 277828.950  0.09%   111 4130s
 88440 12108 277613.125   36  101 277575.404 277828.696  0.09%   111 4135s
 88534 12086 277721.542   38   90 277575.404 277828.273  0.09%   111 4140s
 88654 12084 277661.272   44   73 277575.404 277827.937  0.09%   111 4145s
 88763 12075 277690.956   42   88 277575.404 277827.433  0.09%   111 4150s
 88924 12066     cutoff   42      277575.404 277827.169  0.09%   111 4155s
 89049 12061 277649.911   42   62 277575.404 277826.559  0.09%   111 4160s
 89172 12051 277622.950   37   98 277575.404 277826.127  0.09%   111 4165s
 89274 12043 277608.978   40   84 277575.404 277825.647  0.09%   111 4170s
 89381 12027 277643.985   41   80 277575.404 277825.284  0.09%   111 4175s
 89477 12017 277696.690   34  106 277575.404 277824.844  0.09%   111 4180s
 89586 12000 277625.465   38  100 277575.404 277824.564  0.09%   111 4185s
 89681 11983 277645.132   38   80 277575.404 277824.166  0.09%   111 4190s
 89788 11962 277596.927   37  110 277575.404 277823.717  0.09%   111 4195s
 89891 11948 277651.065   39   91 277575.404 277823.413  0.09%   111 4201s
 89963 11934 277577.078   39   98 277575.404 277823.151  0.09%   111 4205s
 90087 11932 277667.657   37  108 277575.404 277822.894  0.09%   111 4210s
 90192 11914     cutoff   43      277575.404 277822.403  0.09%   111 4215s
 90317 11907 277633.708   44   77 277575.404 277821.841  0.09%   111 4220s
 90416 11896     cutoff   36      277575.404 277821.295  0.09%   111 4225s
 90522 11892 277633.914   40   82 277575.404 277821.023  0.09%   111 4230s
 90637 11873 277585.480   38   81 277575.404 277820.692  0.09%   111 4235s
 90739 11862 277699.628   36   94 277575.404 277820.393  0.09%   111 4240s
 90844 11852     cutoff   38      277575.404 277820.184  0.09%   111 4245s
 90967 11840 277638.474   42   76 277575.404 277819.818  0.09%   111 4250s
 91079 11824     cutoff   39      277575.404 277819.507  0.09%   111 4255s
 91177 11808     cutoff   40      277575.404 277819.199  0.09%   111 4260s
 91283 11801     cutoff   40      277575.404 277818.917  0.09%   111 4265s
 91413 11794 277613.199   34   98 277575.404 277818.578  0.09%   111 4270s
 91518 11778 277661.161   36  106 277575.404 277818.031  0.09%   111 4275s
 91612 11759 277683.330   38   98 277575.404 277817.743  0.09%   111 4280s
 91740 11751 277630.010   37  101 277575.404 277817.367  0.09%   111 4285s
 91865 11736     cutoff   39      277575.404 277816.776  0.09%   111 4290s
 91990 11726 277665.710   35   88 277575.404 277816.365  0.09%   111 4295s
 92120 11708     cutoff   41      277575.404 277815.885  0.09%   111 4300s
 92238 11696     cutoff   39      277575.404 277815.462  0.09%   111 4305s
 92346 11671 277594.287   37   95 277575.404 277814.993  0.09%   111 4310s
 92444 11653 277636.669   41   78 277575.404 277814.505  0.09%   111 4315s
 92548 11637 277641.449   40   80 277575.404 277814.208  0.09%   111 4320s
 92679 11622     cutoff   36      277575.404 277813.725  0.09%   111 4325s
 92809 11617 277592.605   36  105 277575.404 277813.322  0.09%   111 4330s
 92915 11598     cutoff   36      277575.404 277812.960  0.09%   111 4335s
 93048 11586 277642.869   40   85 277575.404 277812.619  0.09%   111 4340s
 93152 11570 277587.667   41   87 277575.404 277812.116  0.09%   111 4345s
 93270 11561 277633.045   40   95 277575.404 277811.831  0.09%   111 4350s
 93369 11540 277637.519   39  101 277575.404 277811.225  0.08%   111 4355s
 93465 11516 277601.033   37   90 277575.404 277810.781  0.08%   111 4360s
 93579 11493 277678.719   37   91 277575.404 277810.286  0.08%   111 4365s
 93698 11484 277653.490   39   85 277575.404 277809.952  0.08%   111 4370s
 93808 11473 277621.088   40   99 277575.404 277809.677  0.08%   111 4375s
 93856 11464 277633.735   37   90 277575.404 277809.602  0.08%   111 4380s
 93972 11452 277623.274   41   83 277575.404 277809.251  0.08%   111 4385s
 94094 11436 277627.262   36   93 277575.404 277808.823  0.08%   111 4390s
 94220 11419 277613.551   37  102 277575.404 277808.545  0.08%   111 4395s
 94294 11409 277598.723   41   93 277575.404 277808.238  0.08%   111 4402s
 94351 11398 277590.447   38   89 277575.404 277807.885  0.08%   111 4405s
 94453 11382 277697.982   40   88 277575.404 277807.560  0.08%   111 4410s
 94576 11364 277594.433   32   96 277575.404 277807.135  0.08%   111 4415s
 94673 11341     cutoff   41      277575.404 277806.832  0.08%   111 4420s
 94782 11324     cutoff   38      277575.404 277806.346  0.08%   111 4425s
 94916 11315     cutoff   38      277575.404 277806.061  0.08%   111 4430s
 95025 11298 277611.273   38   97 277575.404 277805.786  0.08%   111 4435s
 95176 11285 277688.179   38  102 277575.404 277805.459  0.08%   111 4440s
 95294 11269 277635.777   43   69 277575.404 277805.122  0.08%   111 4445s
 95421 11256 277634.731   38   99 277575.404 277804.731  0.08%   111 4450s
 95529 11231 277697.624   40  100 277575.404 277804.389  0.08%   111 4455s
 95650 11218 277583.134   42   82 277575.404 277803.851  0.08%   111 4460s
 95775 11203 277621.455   39   94 277575.404 277803.382  0.08%   111 4465s
 95885 11191 277633.839   39   92 277575.404 277803.008  0.08%   111 4470s
 96016 11178 277617.009   42   86 277575.404 277802.566  0.08%   111 4475s
 96129 11162 277596.131   36   98 277575.404 277802.245  0.08%   111 4480s
 96236 11143 277610.483   42   91 277575.404 277801.894  0.08%   111 4485s
 96344 11125 277586.453   39  100 277575.404 277801.556  0.08%   111 4490s
 96458 11110 277636.804   37   89 277575.404 277801.178  0.08%   111 4495s
 96566 11087 277680.017   38   99 277575.404 277800.720  0.08%   111 4500s
 96675 11072 277632.142   38   83 277575.404 277800.315  0.08%   111 4505s
 96790 11055 277618.611   40   83 277575.404 277800.099  0.08%   111 4510s
 96882 11033 277617.009   36  108 277575.404 277799.691  0.08%   111 4517s
 96935 11018 277600.997   39   91 277575.404 277799.481  0.08%   111 4520s
 97026 10995 277655.135   41   99 277575.404 277798.971  0.08%   111 4525s
 97135 10974 277678.357   37   94 277575.404 277798.670  0.08%   111 4530s
 97238 10953 277668.792   37  104 277575.404 277798.313  0.08%   111 4535s
 97367 10940 277611.300   41   90 277575.404 277797.902  0.08%   111 4540s
 97488 10924 277580.587   39   98 277575.404 277797.491  0.08%   111 4545s
 97608 10905 277624.763   35   98 277575.404 277797.108  0.08%   111 4550s
 97726 10890     cutoff   33      277575.404 277796.777  0.08%   111 4555s
 97840 10871 277635.418   39  105 277575.404 277796.347  0.08%   111 4560s
 97966 10854     cutoff   37      277575.404 277795.871  0.08%   111 4565s
 98097 10842 277671.029   38   85 277575.404 277795.464  0.08%   111 4570s
 98223 10828 277703.131   37  108 277575.404 277795.107  0.08%   111 4575s
 98333 10811 277663.212   36   95 277575.404 277794.582  0.08%   111 4580s
 98456 10794 277664.747   39   85 277575.404 277793.977  0.08%   111 4585s
 98595 10793 277611.549   41   92 277575.404 277793.639  0.08%   111 4590s
 98711 10772 277586.317   43   94 277575.404 277793.128  0.08%   111 4595s
 98814 10748 277591.231   38   95 277575.404 277792.714  0.08%   111 4600s
 98902 10724 277680.460   41   94 277575.404 277792.357  0.08%   111 4605s
 99022 10711 277598.729   41   73 277575.404 277791.947  0.08%   111 4610s
 99133 10694 277594.684   48   65 277575.404 277791.607  0.08%   111 4615s
 99242 10666     cutoff   42      277575.404 277791.168  0.08%   111 4620s
 99355 10650 277633.022   39   87 277575.404 277790.792  0.08%   111 4625s
 99483 10629 277645.125   40   94 277575.404 277790.388  0.08%   111 4630s
 99597 10602 277666.219   33   98 277575.404 277789.877  0.08%   111 4635s
 99734 10580     cutoff   38      277575.404 277789.460  0.08%   111 4640s
 99873 10569 277671.940   41   85 277575.404 277789.019  0.08%   111 4645s
 99987 10554 277623.408   45   72 277575.404 277788.652  0.08%   111 4650s
 100122 10536 277586.453   37   97 277575.404 277788.173  0.08%   111 4655s
 100230 10515 277588.598   36  103 277575.404 277787.749  0.08%   111 4660s
 100358 10491     cutoff   38      277575.404 277787.045  0.08%   111 4665s
 100447 10473 277589.500   44   81 277575.404 277786.685  0.08%   111 4671s
 100526 10451 277580.538   37  105 277575.404 277786.388  0.08%   111 4675s
 100651 10429 277586.680   41   70 277575.404 277785.811  0.08%   111 4680s
 100783 10403 277674.452   39   87 277575.404 277785.392  0.08%   111 4685s
 100894 10376 277655.804   40   67 277575.404 277785.056  0.08%   111 4690s
 101002 10354 277610.600   37  106 277575.404 277784.788  0.08%   111 4695s
 101120 10331     cutoff   39      277575.404 277784.448  0.08%   111 4700s
 101245 10315 277589.814   41   89 277575.404 277784.164  0.08%   111 4705s
 101376 10297 277584.413   42   90 277575.404 277783.716  0.08%   111 4710s
 101495 10275 277618.332   38   98 277575.404 277783.375  0.07%   111 4715s
 101602 10253 277686.996   38   90 277575.404 277783.021  0.07%   111 4720s
 101718 10219     cutoff   44      277575.404 277782.396  0.07%   111 4725s
 101832 10200 277685.799   42   79 277575.404 277782.083  0.07%   111 4730s
 101963 10177 277650.868   42   67 277575.404 277781.757  0.07%   111 4735s
 102081 10158 277713.226   38   88 277575.404 277781.404  0.07%   111 4740s
 102195 10141 277626.951   38   88 277575.404 277781.099  0.07%   111 4745s
 102312 10110 277643.906   41   96 277575.404 277780.704  0.07%   111 4750s
 102423 10086     cutoff   44      277575.404 277780.358  0.07%   111 4755s
 102532 10059 277604.311   47   60 277575.404 277779.917  0.07%   111 4760s
 102648 10035     cutoff   35      277575.404 277779.400  0.07%   111 4765s
 102753 10015     cutoff   43      277575.404 277778.773  0.07%   111 4770s
 102892  9990 277606.385   40   89 277575.404 277778.092  0.07%   111 4775s
 103008  9967     cutoff   36      277575.404 277777.722  0.07%   111 4780s
 103121  9946     cutoff   43      277575.404 277777.379  0.07%   111 4785s
 103252  9921 277669.275   37   84 277575.404 277776.976  0.07%   111 4790s
 103389  9900 277620.904   41   77 277575.404 277776.597  0.07%   111 4795s
 103479  9875 277606.053   39   98 277575.404 277776.223  0.07%   111 4800s
 103545  9861 277609.306   39   94 277575.404 277775.895  0.07%   111 4805s
 103658  9832     cutoff   42      277575.404 277775.314  0.07%   111 4810s
 103761  9811 277699.469   38   92 277575.404 277774.824  0.07%   111 4815s
 103875  9777 277633.358   36  101 277575.404 277774.362  0.07%   111 4820s
 103993  9757 277674.307   38   88 277575.404 277773.898  0.07%   111 4825s
 104058  9742 277699.661   33  100 277575.404 277773.396  0.07%   111 4856s
 104127  9721 277609.377   37   97 277575.404 277773.046  0.07%   111 4860s
 104252  9695 277700.361   41   82 277575.404 277772.578  0.07%   111 4865s
 104367  9671 277585.661   46   77 277575.404 277772.105  0.07%   111 4870s
 104479  9643 277594.327   38   95 277575.404 277771.695  0.07%   111 4875s
 104546  9632 277679.004   37   89 277575.404 277771.429  0.07%   111 4880s
 104674  9617 277612.288   41   82 277575.404 277771.021  0.07%   111 4885s
 104782  9591 277703.830   36   96 277575.404 277770.685  0.07%   111 4890s
 104902  9574 277669.080   42   82 277575.404 277770.358  0.07%   111 4895s
 105035  9559 277652.960   35  104 277575.404 277770.124  0.07%   111 4900s
 105151  9525     cutoff   40      277575.404 277769.675  0.07%   111 4905s
 105262  9501 277652.479   36   97 277575.404 277769.088  0.07%   111 4910s
 105383  9468 277623.991   40   99 277575.404 277768.614  0.07%   111 4915s
 105480  9443 277621.910   40   82 277575.404 277768.248  0.07%   111 4920s
 105598  9415     cutoff   40      277575.404 277767.808  0.07%   111 4925s
 105701  9394 277606.262   34  102 277575.404 277767.363  0.07%   112 4930s
 105830  9375 277622.328   37   97 277575.404 277767.001  0.07%   111 4935s
 105956  9353     cutoff   39      277575.404 277766.568  0.07%   111 4940s
 106066  9314 277596.494   40   98 277575.404 277766.089  0.07%   112 4945s
 106173  9280 277629.246   43   69 277575.404 277765.723  0.07%   112 4950s
 106250  9258     cutoff   35      277575.404 277765.457  0.07%   112 4955s
 106386  9229 277584.834   41   98 277575.404 277764.941  0.07%   112 4960s
 106495  9208     cutoff   42      277575.404 277764.575  0.07%   111 4965s
 106600  9187 277578.889   38   92 277575.404 277764.020  0.07%   112 4970s
 106712  9154 277598.283   40   75 277575.404 277763.433  0.07%   112 4975s
 106827  9119 277615.865   40   79 277575.404 277763.060  0.07%   112 4980s
 106935  9086 277593.296   41   84 277575.404 277762.332  0.07%   112 4985s
 107075  9055     cutoff   38      277575.404 277761.832  0.07%   112 4990s
 107171  9028 277743.360   41   85 277575.404 277761.345  0.07%   112 4995s
 107261  8998 277663.504   38   96 277575.404 277760.770  0.07%   112 5000s
 107390  8961     cutoff   43      277575.404 277760.469  0.07%   112 5005s
 107488  8935 277651.784   38  101 277575.404 277760.032  0.07%   112 5010s
 107613  8912     cutoff   38      277575.404 277759.418  0.07%   112 5015s
 107726  8877 277619.618   37   95 277575.404 277758.878  0.07%   112 5020s
 107836  8852 277613.948   36  104 277575.404 277758.465  0.07%   112 5025s
 107959  8821 277586.749   44   66 277575.404 277758.065  0.07%   112 5030s
 108080  8791 277610.663   41   91 277575.404 277757.643  0.07%   112 5035s
 108188  8751 277615.818   37  106 277575.404 277757.189  0.07%   112 5040s
 108304  8724 277580.203   41   83 277575.404 277756.737  0.07%   112 5045s
 108422  8683 277656.125   35  114 277575.404 277756.075  0.07%   112 5050s
 108523  8648 277692.548   41   80 277575.404 277755.627  0.06%   112 5055s
 108649  8620 277611.067   36   97 277575.404 277755.130  0.06%   112 5060s
 108752  8585 277646.339   42   80 277575.404 277754.517  0.06%   112 5065s
 108862  8545     cutoff   38      277575.404 277754.081  0.06%   112 5070s
 108879  8540 277609.811   38   81 277575.404 277753.923  0.06%   112 5077s
 108952  8526 277665.709   39   68 277575.404 277753.617  0.06%   112 5080s
 109063  8489     cutoff   38      277575.404 277753.194  0.06%   112 5085s
 109158  8463 277587.407   41   68 277575.404 277752.851  0.06%   112 5090s
 109270  8419     cutoff   37      277575.404 277752.276  0.06%   112 5095s
 109367  8386     cutoff   39      277575.404 277751.770  0.06%   112 5100s
 109473  8341     cutoff   39      277575.404 277751.203  0.06%   112 5105s
 109587  8300     cutoff   39      277575.404 277750.641  0.06%   112 5110s
 109686  8264 277603.414   41   80 277575.404 277750.238  0.06%   112 5115s
 109799  8225 277601.172   39   99 277575.404 277749.579  0.06%   112 5120s
 109914  8188 277603.649   38   91 277575.404 277749.008  0.06%   112 5125s
 110022  8159 277603.791   44   57 277575.404 277748.538  0.06%   112 5130s
 110132  8115     cutoff   34      277575.404 277747.789  0.06%   112 5135s
 110202  8100 277581.787   42   94 277575.404 277747.612  0.06%   112 5140s
 110304  8074 277586.872   39   96 277575.404 277747.170  0.06%   112 5145s
 110413  8036 277642.570   38   97 277575.404 277746.527  0.06%   112 5150s
 110526  7983 277687.967   38  102 277575.404 277745.776  0.06%   112 5155s
 110620  7944 277630.177   39   88 277575.404 277745.135  0.06%   112 5160s
 110730  7909 277590.897   43   69 277575.404 277744.551  0.06%   112 5165s
 110846  7850     cutoff   39      277575.404 277743.783  0.06%   112 5170s
 110960  7816 277585.170   43   85 277575.404 277743.149  0.06%   112 5175s
 111064  7769     cutoff   39      277575.404 277742.610  0.06%   112 5180s
 111176  7720 277609.040   39   84 277575.404 277741.961  0.06%   112 5185s
 111294  7674 277615.791   44   68 277575.404 277741.243  0.06%   112 5190s
 111397  7628     cutoff   44      277575.404 277740.515  0.06%   112 5195s
 111518  7580     cutoff   39      277575.404 277739.820  0.06%   112 5200s
 111627  7545     cutoff   47      277575.404 277739.356  0.06%   112 5205s
 111748  7491     cutoff   43      277575.404 277738.625  0.06%   112 5210s
 111865  7446     cutoff   40      277575.404 277737.981  0.06%   112 5215s
 111985  7408     cutoff   40      277575.404 277737.373  0.06%   112 5220s
 112109  7356     cutoff   41      277575.404 277736.592  0.06%   112 5225s
 112236  7316     cutoff   35      277575.404 277736.031  0.06%   112 5230s
 112344  7275 277607.834   45   72 277575.404 277735.371  0.06%   112 5235s
 112462  7225 277606.953   43   68 277575.404 277734.739  0.06%   112 5240s
 112584  7185 277637.884   39  103 277575.404 277734.115  0.06%   112 5245s
 112699  7154 277610.340   45   68 277575.404 277733.640  0.06%   112 5250s
 112830  7116 277592.915   46   61 277575.404 277732.955  0.06%   112 5255s
 112947  7068     cutoff   37      277575.404 277732.466  0.06%   112 5260s
 113053  7023 277608.299   36   91 277575.404 277731.885  0.06%   112 5265s
 113167  6977     cutoff   36      277575.404 277731.172  0.06%   112 5270s
 113196  6967 277583.412   38   91 277575.404 277730.910  0.06%   112 5275s
 113315  6918     cutoff   38      277575.404 277730.247  0.06%   112 5280s
 113426  6878 277620.085   44   72 277575.404 277729.716  0.06%   112 5285s
 113544  6816     cutoff   41      277575.404 277728.875  0.06%   112 5290s
 113664  6778 277586.861   38  103 277575.404 277728.363  0.06%   112 5295s
 113779  6733 277609.610   42   76 277575.404 277727.739  0.05%   112 5300s
 113906  6683 277629.976   39   91 277575.404 277727.030  0.05%   112 5305s
 114019  6627 277608.387   40   74 277575.404 277726.174  0.05%   112 5310s
 114145  6576 277609.052   37   85 277575.404 277725.478  0.05%   112 5315s
 114266  6536 277576.560   39   91 277575.404 277724.920  0.05%   112 5320s
 114410  6492 277591.086   38   95 277575.404 277724.255  0.05%   112 5325s
 114541  6436 277601.628   49   68 277575.404 277723.413  0.05%   112 5330s
 114663  6388 277577.317   41   74 277575.404 277722.788  0.05%   112 5335s
 114790  6325     cutoff   40      277575.404 277721.980  0.05%   112 5340s
 114903  6267 277622.395   34   91 277575.404 277721.172  0.05%   112 5345s
 115028  6221 277579.579   45   66 277575.404 277720.556  0.05%   112 5350s
 115151  6161 277596.929   42   83 277575.404 277719.873  0.05%   112 5355s
 115289  6114     cutoff   43      277575.404 277719.294  0.05%   112 5360s
 115425  6052 277576.277   39   85 277575.404 277718.459  0.05%   112 5365s
 115539  6000 277607.475   40   96 277575.404 277717.723  0.05%   112 5370s
 115677  5938     cutoff   42      277575.404 277716.916  0.05%   112 5375s
 115809  5884 277590.439   42  106 277575.404 277716.188  0.05%   112 5380s
 115940  5817 277589.968   40   89 277575.404 277715.133  0.05%   112 5385s
 116058  5744     cutoff   39      277575.404 277714.088  0.05%   112 5390s
 116198  5678     cutoff   38      277575.404 277713.150  0.05%   112 5395s
 116315  5619     cutoff   40      277575.404 277712.230  0.05%   112 5400s
 116442  5558 277659.079   46   66 277575.404 277711.233  0.05%   112 5405s
 116576  5497 277606.667   40   98 277575.404 277710.453  0.05%   112 5410s
 116712  5425     cutoff   38      277575.404 277709.726  0.05%   112 5415s
 116841  5366 277583.321   43   68 277575.404 277708.776  0.05%   112 5420s
 116958  5302 277585.511   34  110 277575.404 277707.824  0.05%   112 5425s
 117082  5236     cutoff   44      277575.404 277706.994  0.05%   112 5430s
 117222  5157     cutoff   39      277575.404 277705.776  0.05%   112 5435s
 117358  5101     cutoff   43      277575.404 277704.939  0.05%   112 5440s
 117490  5037 277631.716   42   83 277575.404 277704.147  0.05%   112 5445s
 117613  4975     cutoff   38      277575.404 277703.277  0.05%   112 5450s
 117744  4888     cutoff   37      277575.404 277702.188  0.05%   112 5455s
 117868  4816 277615.836   40   84 277575.404 277701.097  0.05%   112 5460s
 118002  4738     cutoff   41      277575.404 277700.144  0.04%   112 5465s
 118149  4663     cutoff   38      277575.404 277698.984  0.04%   112 5470s
 118279  4584 277622.179   46   62 277575.404 277697.874  0.04%   112 5475s
 118421  4512     cutoff   41      277575.404 277696.926  0.04%   112 5480s
 118567  4432     cutoff   42      277575.404 277695.731  0.04%   112 5485s
 118698  4360     cutoff   41      277575.404 277694.865  0.04%   112 5490s
 118769  4322 277579.329   38   91 277575.404 277694.092  0.04%   112 5495s
 118912  4253     cutoff   41      277575.404 277693.318  0.04%   112 5500s
 119060  4168     cutoff   38      277575.404 277692.064  0.04%   112 5505s
 119199  4075     cutoff   41      277575.404 277690.496  0.04%   112 5510s
 119350  4005 277581.926   45   63 277575.404 277689.438  0.04%   112 5515s
 119480  3923     cutoff   43      277575.404 277688.592  0.04%   112 5520s
 119638  3834 277602.539   43   88 277575.404 277687.082  0.04%   112 5525s
 119783  3732     cutoff   43      277575.404 277685.746  0.04%   112 5530s
 119915  3663     cutoff   46      277575.404 277684.919  0.04%   112 5535s
 120060  3595 277590.240   36   93 277575.404 277683.983  0.04%   112 5540s
 120224  3479 277576.513   40  100 277575.404 277682.317  0.04%   112 5545s
 120362  3397 277581.887   40   88 277575.404 277681.173  0.04%   111 5550s
 120513  3309 277590.599   42   76 277575.404 277679.887  0.04%   111 5555s
 120675  3196     cutoff   39      277575.404 277677.985  0.04%   111 5560s
 120832  3090 277612.806   45   69 277575.404 277676.057  0.04%   111 5565s
 120991  2982     cutoff   40      277575.404 277674.332  0.04%   111 5570s
 121164  2884     cutoff   41      277575.404 277672.728  0.04%   111 5575s
 121329  2765     cutoff   40      277575.404 277670.895  0.03%   111 5580s
 121501  2648     cutoff   42      277575.404 277668.714  0.03%   111 5585s
 121655  2542 277597.654   39   85 277575.404 277666.673  0.03%   111 5590s
 121817  2427     cutoff   42      277575.404 277664.905  0.03%   111 5595s
 121980  2317 277579.354   46   66 277575.404 277662.737  0.03%   111 5600s
 122149  2211     cutoff   47      277575.404 277660.661  0.03%   111 5605s
 122317  2090 277579.973   39   64 277575.404 277658.234  0.03%   111 5610s
 122511  1943 277591.072   46   74 277575.404 277655.392  0.03%   111 5615s
 122715  1783 277592.540   38  102 277575.404 277651.639  0.03%   111 5620s
 122915  1622 277591.796   38   78 277575.404 277647.295  0.03%   111 5625s
 123143  1440     cutoff   40      277575.404 277642.091  0.02%   111 5630s
 123377  1243     cutoff   40      277575.404 277637.036  0.02%   111 5635s
 123599  1054     cutoff   49      277575.404 277630.379  0.02%   111 5640s
 123850   832     cutoff   43      277575.404 277622.343  0.02%   110 5645s
 124155   553     cutoff   40      277575.404 277608.994  0.01%   110 5650s
 124517   206     cutoff   38      277575.404 277588.039  0.00%   110 5655s

Cutting planes:
  Gomory: 5
  Lift-and-project: 1
  Implied bound: 3
  MIR: 1080
  Flow cover: 898
  RLT: 56
  Relax-and-lift: 30
  Lazy constraints: 950

Explored 124725 nodes (13701607 simplex iterations) in 5657.08 seconds (7168.44 work units)
Thread count was 1 (of 52 available processors)

Solution count 7: 277575 277546 277544 ... 266634

Optimal solution found (tolerance 0.00e+00)
Best objective 2.775754043152e+05, best bound 2.775754043152e+05, gap 0.0000%

User-callback calls 635524, time in user-callback 2.55 sec

CPU time spent in the second stage: 5657.08 sec
The LP relaxation bound at the root node: 280954.049606
Termination status of the second stage: OPTIMAL

------------------ end of the second stage -----------------

Total CPU time: 5673.46 sec
Percentage optimality gap: 0.00 %
CPU time spent in separating the cuts: 11.76 sec
Number of explored nodes: 124725
Objective value of the returned solution: 277575.404315
Optimal facility locations: [7, 8, 10, 11, 19, 21, 31, 43, 48, 49, 66, 72, 90, 92, 93, 95, 96, 100, 102, 106, 110, 113, 114, 118, 124, 128, 144, 163, 174, 178, 184, 187, 190, 194, 195, 197]

@end of file
