Set parameter TimeLimit to value 7200
Setting B&C+SI: The proposed B&C algorithm based on formulation (16) (equipped with the submodular inequalities).

----------------- start of the first stage -----------------

Iter     Best Incumbent      BestBound     Gap      Time  #VioCuts
1                 0.000     417635.413   100.0       0.2      1000
2            198721.634     377090.729    47.3       0.8      1733
3            256768.277     317169.562    19.0       2.0      1709
4            258472.020     284782.404     9.2       3.5      1501
5            264558.264     276630.634     4.4       5.4      1020
6            264558.264     273799.891     3.4       7.3       578
7            264558.264     272682.230     3.0       9.2       241
8            264558.264     272440.463     2.9      10.9       102
9            264558.264     272356.634     2.9      12.5        49
10           264558.264     272331.895     2.9      14.0         8
11           264558.264     272330.422     2.9      15.4         2
12           264558.264     272330.393     2.9      16.8         0

CPU time spent in the first stage: 18.81 sec
Upper bound returned at the end of the first stage: 272330.393327
Objective value of the optimal solution or the best incumbent at the end of the first stage: 264558.264336
Number of cuts added at the end of the first stage for the initialization of the relaxed MILP problem: 1167
Termination status of the first stage: LP Optimal

------------------ end of the first stage ------------------


----------------- start of the second stage ----------------

Gurobi Optimizer version 11.0.1 build v11.0.1rc0 (linux64 - "CentOS Linux 7 (Core)")

CPU model: Intel(R) Xeon(R) Gold 6230R CPU @ 2.10GHz, instruction set [SSE2|AVX|AVX2|AVX512]
Thread count: 52 physical cores, 52 logical processors, using up to 1 threads


Warning: excessive time spent in model updates.
Consider calling update less frequently.

Optimize a model with 2172 rows, 1200 columns and 17545 nonzeros
Model fingerprint: 0xb4a86813
Variable types: 1000 continuous, 200 integer (0 binary)
Coefficient statistics:
  Matrix range     [2e-06, 2e+03]
  Objective range  [1e+01, 2e+03]
  Bounds range     [1e+00, 1e+00]
  RHS range        [2e-04, 5e+05]

Loaded user MIP start with objective 264558

Presolve removed 1004 rows and 0 columns
Presolve time: 0.04s
Presolved: 1168 rows, 1200 columns, 11745 nonzeros
Variable types: 1000 continuous, 200 integer (200 binary)

Root relaxation: objective 2.722801e+05, 428 iterations, 0.02 seconds (0.04 work units)

    Nodes    |    Current Node    |     Objective Bounds      |     Work
 Expl Unexpl |  Obj  Depth IntInf | Incumbent    BestBd   Gap | It/Node Time

     0     0 272280.087    0  106 264558.264 272280.087  2.92%     -    0s
     0     0 272056.564    0  110 264558.264 272056.564  2.83%     -    0s
     0     0 271993.581    0  110 264558.264 271993.581  2.81%     -    0s
     0     0 271986.765    0  111 264558.264 271986.765  2.81%     -    0s
     0     0 271984.435    0  112 264558.264 271984.435  2.81%     -    0s
     0     0 271923.027    0  110 264558.264 271923.027  2.78%     -    1s
     0     0 271909.926    0  113 264558.264 271909.926  2.78%     -    1s
     0     0 271905.323    0  115 264558.264 271905.323  2.78%     -    1s
     0     0 271904.661    0  112 264558.264 271904.661  2.78%     -    1s
     0     0 271864.560    0  115 264558.264 271864.560  2.76%     -    2s
     0     0 271857.708    0  113 264558.264 271857.708  2.76%     -    2s
     0     2 271854.883    0  113 264558.264 271854.883  2.76%     -    2s
   110   112 266021.290   63   58 264558.264 271751.218  2.72%  94.5    5s
   407   394 268503.992   41   60 264558.264 271744.287  2.72%  66.7   10s
*  466   210              94    268042.62356 271744.287  1.38%  62.2   10s
   528   262 271023.988    9  115 268042.624 271744.052  1.38%  62.9   18s
   529   263 269140.799   41  116 268042.624 271539.408  1.30%  62.8   20s
   536   268 269219.317   29  117 268042.624 271243.824  1.19%  62.0   25s
   547   275 269243.122   47  114 268042.624 271128.038  1.15%  60.7   30s
   561   285 271072.562    8  115 268042.624 271072.562  1.13%  67.4   36s
   568   290 268173.904   52  118 268042.624 271072.562  1.13%  66.5   40s
   582   299 270820.363   16  117 268042.624 270972.024  1.09%  64.9   45s
   600   313 270921.932   29  109 268042.624 270972.024  1.09%  70.7   50s
   627   331 270126.808   43   77 268042.624 270972.024  1.09%  72.8   55s
*  719   322              89    269219.03301 270972.024  0.65%  72.6   59s
   724   317 270957.948   28  114 269219.033 270972.024  0.65%  72.3   60s
   800   356 270639.229   29  112 269219.033 270917.468  0.63%  77.2   65s
   870   386 270796.850   30  107 269219.033 270911.655  0.63%  80.1   70s
   938   420 270205.265   37   91 269219.033 270795.553  0.59%  85.1   75s
  1016   449 270413.776   32  102 269219.033 270754.486  0.57%  88.6   80s
  1117   483 270060.684   38   91 269219.033 270746.343  0.57%  89.8   85s
  1195   517 270511.631   33  105 269219.033 270726.043  0.56%  91.8   90s
  1323   579 269411.858   53   66 269219.033 270726.008  0.56%  93.5   95s
  1402   608 270147.843   37  109 269219.033 270703.800  0.55%  95.2  100s
  1491   651 269835.337   41   87 269219.033 270657.486  0.53%  97.1  105s
  1594   725 269432.114   52   69 269219.033 270640.779  0.53%  98.1  110s
  1677   770 270500.370   30  112 269219.033 270627.530  0.52%  97.4  115s
  1764   819 270415.313   31  110 269219.033 270616.899  0.52%  98.0  120s
  1865   877 269958.368   37   91 269219.033 270599.606  0.51%  98.5  125s
  1968   931 269315.996   49   82 269219.033 270583.663  0.51%  98.6  130s
  2061   989 270541.438   32  101 269219.033 270566.080  0.50%  98.3  135s
  2151  1044 270138.696   34  103 269219.033 270555.178  0.50%  98.6  140s
  2253  1101 270415.372   32  109 269219.033 270543.430  0.49%  99.4  145s
  2366  1170 269774.556   37  100 269219.033 270526.341  0.49%   100  150s
H 2478   932                    269520.97231 270520.825  0.37%  99.3  155s
H 2504   948                    269522.04733 270519.675  0.37%  99.5  157s
H 2532   930                    269545.40817 270516.501  0.36%  99.4  160s
H 2560   887                    269589.82263 270511.911  0.34%   100  163s
  2576   895 269752.393   40   93 269589.823 270511.284  0.34%   100  165s
  2642   916 269738.323   39   97 269589.823 270505.703  0.34%   100  170s
  2702   938 270037.879   36  109 269589.823 270501.867  0.34%   100  175s
  2748   956 270404.569   32  114 269589.823 270500.367  0.34%   100  182s
  2755   963 269817.262   39   96 269589.823 270500.367  0.34%   100  185s
  2792   982 269713.031   44   78 269589.823 270498.277  0.34%   100  190s
  2837  1001 269741.363   41   85 269589.823 270497.520  0.34%   101  195s
  2942  1036 269929.506   35  113 269589.823 270480.097  0.33%   101  200s
  3027  1065 269810.377   36   99 269589.823 270474.790  0.33%   102  205s
  3175  1107 270231.931   37   89 269589.823 270455.121  0.32%   102  210s
  3220  1121     cutoff   41      269589.823 270453.406  0.32%   102  215s
  3320  1162 270185.140   37   95 269589.823 270440.982  0.32%   102  220s
  3437  1206 269983.660   39   90 269589.823 270435.295  0.31%   102  225s
  3560  1238     cutoff   40      269589.823 270426.532  0.31%   102  230s
  3625  1255 269692.425   46   79 269589.823 270419.670  0.31%   102  235s
  3744  1288 270264.848   33   99 269589.823 270407.164  0.30%   102  240s
  3867  1334 270296.155   33  103 269589.823 270399.322  0.30%   103  245s
  3895  1354 270080.640   36   89 269589.823 270394.788  0.30%   103  250s
  4010  1378 269873.387   37   95 269589.823 270390.605  0.30%   103  255s
  4133  1410 269626.433   43   86 269589.823 270380.436  0.29%   103  260s
  4244  1439 269994.041   41   81 269589.823 270372.380  0.29%   103  265s
  4348  1465 269694.669   42   92 269589.823 270366.547  0.29%   102  270s
  4450  1502 270162.808   34   94 269589.823 270361.643  0.29%   103  275s
  4553  1535 270132.716   36   95 269589.823 270355.962  0.28%   103  280s
  4660  1573 269703.569   38   93 269589.823 270349.642  0.28%   103  285s
  4763  1590 269926.999   37  104 269589.823 270342.034  0.28%   103  290s
  4892  1621 269954.887   38   93 269589.823 270329.415  0.27%   103  295s
  5018  1647 269862.266   42   90 269589.823 270316.760  0.27%   103  300s
  5059  1659 269846.453   38   92 269589.823 270316.170  0.27%   103  305s
  5146  1676 269720.507   42   91 269589.823 270315.099  0.27%   103  311s
  5231  1703 270052.854   39   93 269589.823 270310.567  0.27%   103  315s
  5345  1729 270047.824   33  101 269589.823 270306.259  0.27%   103  320s
  5464  1768 269594.031   42   99 269589.823 270303.022  0.26%   103  325s
  5591  1782 269752.899   37   90 269589.823 270299.590  0.26%   103  330s
  5722  1811 269857.193   39   85 269589.823 270295.495  0.26%   103  335s
  5843  1857     cutoff   46      269589.823 270293.054  0.26%   103  340s
  5992  1882 270196.645   37  103 269589.823 270283.532  0.26%   103  345s
  6115  1903 270097.951   40   84 269589.823 270277.129  0.25%   103  353s
  6158  1928 269948.785   38  101 269589.823 270275.165  0.25%   103  355s
  6291  1952 270038.791   34   98 269589.823 270265.779  0.25%   103  360s
  6424  1981 270136.164   36   94 269589.823 270259.094  0.25%   103  365s
  6569  2018     cutoff   42      269589.823 270256.186  0.25%   103  370s
  6709  2061     cutoff   38      269589.823 270249.021  0.24%   103  375s
  6838  2086 270026.364   42   88 269589.823 270245.983  0.24%   103  380s
  6973  2120 269780.772   39   90 269589.823 270243.030  0.24%   103  385s
  7097  2138 269643.533   38  106 269589.823 270241.076  0.24%   103  390s
  7168  2145 269724.542   39   97 269589.823 270239.935  0.24%   103  395s
  7308  2171 269945.340   34  108 269589.823 270236.070  0.24%   103  401s
  7389  2190     cutoff   39      269589.823 270234.228  0.24%   103  405s
  7563  2216 269996.135   36   96 269589.823 270230.486  0.24%   102  410s
  7704  2256 270081.309   36   95 269589.823 270224.101  0.24%   102  415s
  7785  2273 269644.927   37   88 269589.823 270221.188  0.23%   102  420s
  7944  2286 269884.448   34  105 269589.823 270218.315  0.23%   102  425s
  8064  2317     cutoff   41      269589.823 270214.054  0.23%   102  430s
  8124  2320 269738.657   44   82 269589.823 270213.019  0.23%   102  435s
  8253  2331 269979.986   36   92 269589.823 270209.833  0.23%   102  440s
  8304  2346 269764.603   41   85 269589.823 270207.289  0.23%   102  445s
  8431  2375 269638.323   42   84 269589.823 270201.162  0.23%   102  450s
  8601  2384 269887.029   39   88 269589.823 270196.434  0.23%   102  455s
  8734  2405 269647.963   42   82 269589.823 270193.273  0.22%   102  460s
  8826  2413 269873.108   37   95 269589.823 270190.143  0.22%   102  469s
  8827  2414 269802.256   38   94 269589.823 270190.143  0.22%   102  470s
  8979  2425 269626.222   46   73 269589.823 270185.096  0.22%   102  475s
  9114  2447 269892.585   36  102 269589.823 270180.703  0.22%   102  480s
  9278  2464 269769.448   43   80 269589.823 270177.391  0.22%   102  485s
  9413  2483 269803.248   41   85 269589.823 270173.337  0.22%   102  490s
  9537  2505 269756.689   42   86 269589.823 270171.053  0.22%   102  495s
  9671  2527 269643.747   42   92 269589.823 270166.667  0.21%   102  500s
  9810  2562 269646.893   41   95 269589.823 270164.227  0.21%   102  505s
  9955  2576 269919.016   37  102 269589.823 270161.902  0.21%   102  510s
 10086  2601 269901.108   37   95 269589.823 270158.219  0.21%   102  515s
 10210  2620 269961.763   37   85 269589.823 270153.756  0.21%   102  520s
 10378  2650     cutoff   43      269589.823 270151.279  0.21%   102  525s
 10507  2670 269877.482   35  101 269589.823 270147.737  0.21%   102  530s
 10641  2691 269936.667   35  107 269589.823 270145.048  0.21%   102  535s
 10696  2696 269676.989   38   96 269589.823 270142.837  0.21%   102  543s
 10740  2696 269610.279   38  103 269589.823 270141.925  0.20%   102  545s
 10864  2707 269951.325   34   93 269589.823 270136.873  0.20%   102  550s
 10962  2725 269763.597   39  100 269589.823 270134.273  0.20%   102  555s
 11055  2729 269649.838   42   92 269589.823 270132.330  0.20%   102  560s
 11162  2737 269631.509   40   82 269589.823 270130.678  0.20%   102  565s
 11303  2749 269600.613   44   77 269589.823 270128.905  0.20%   102  570s
 11455  2761 269799.458   36   91 269589.823 270126.258  0.20%   102  575s
 11598  2768 269715.469   39   91 269589.823 270123.190  0.20%   102  580s
 11739  2782 269971.104   35   95 269589.823 270120.713  0.20%   102  585s
 11876  2806 269767.780   38   93 269589.823 270118.467  0.20%   102  590s
 11997  2827     cutoff   42      269589.823 270116.498  0.20%   102  595s
 12127  2838 269956.831   38   85 269589.823 270113.155  0.19%   102  600s
 12262  2851 269910.178   37  104 269589.823 270108.831  0.19%   102  605s
 12409  2870 269893.190   39   96 269589.823 270105.826  0.19%   102  610s
 12433  2874 269673.973   43   98 269589.823 270105.614  0.19%   102  615s
 12567  2892 269618.109   38   98 269589.823 270104.379  0.19%   102  620s
 12702  2920     cutoff   42      269589.823 270103.095  0.19%   102  625s
 12861  2938 269694.650   37  102 269589.823 270101.689  0.19%   102  630s
 12992  2953 269590.341   38   92 269589.823 270098.136  0.19%   102  635s
 13134  2958 269946.300   37   87 269589.823 270093.937  0.19%   102  640s
 13278  2980 269694.224   38   89 269589.823 270090.181  0.19%   102  645s
 13440  2997 269675.496   40   71 269589.823 270087.582  0.18%   102  650s
 13580  2999 269860.134   37   89 269589.823 270085.327  0.18%   102  655s
 13743  3009 269857.921   38   93 269589.823 270081.616  0.18%   102  660s
 13897  3025 269684.860   41   85 269589.823 270079.858  0.18%   102  665s
 14050  3042     cutoff   40      269589.823 270077.555  0.18%   102  670s
 14172  3048 269599.864   42   66 269589.823 270074.158  0.18%   102  675s
 14339  3061 269902.397   39   89 269589.823 270070.288  0.18%   102  680s
 14475  3074 269634.351   40   83 269589.823 270068.768  0.18%   102  685s
 14619  3077 269838.340   40   90 269589.823 270064.442  0.18%   102  690s
 14760  3082 269847.158   39  103 269589.823 270062.561  0.18%   102  695s
 14884  3088 269793.833   35   93 269589.823 270059.774  0.17%   102  700s
 14922  3100 269590.768   43   74 269589.823 270059.562  0.17%   102  705s
 14973  3105 269630.116   45   81 269589.823 270058.816  0.17%   102  710s
 15126  3119     cutoff   43      269589.823 270055.530  0.17%   102  715s
 15223  3126 269725.855   35   96 269589.823 270053.713  0.17%   102  720s
 15368  3140     cutoff   42      269589.823 270051.778  0.17%   102  725s
 15496  3146 269784.932   35  102 269589.823 270048.979  0.17%   102  730s
 15617  3153 269613.045   39   85 269589.823 270047.073  0.17%   102  735s
 15786  3154     cutoff   44      269589.823 270045.030  0.17%   102  740s
 15932  3176 269594.992   48   76 269589.823 270042.710  0.17%   102  745s
 16087  3190 269703.153   40   82 269589.823 270039.342  0.17%   102  750s
 16221  3187 269966.727   36  107 269589.823 270037.345  0.17%   102  755s
 16348  3186 269608.922   39  102 269589.823 270036.007  0.17%   102  760s
 16497  3201 269898.288   38   97 269589.823 270031.830  0.16%   102  765s
 16612  3201 269864.576   38  101 269589.823 270029.038  0.16%   102  770s
 16734  3216 269718.821   46   72 269589.823 270026.971  0.16%   102  775s
 16885  3231 269638.888   45   87 269589.823 270025.194  0.16%   102  780s
 17029  3232 269692.802   41   92 269589.823 270023.734  0.16%   102  785s
 17148  3228 269680.292   35   89 269589.823 270020.398  0.16%   102  790s
 17294  3231     cutoff   37      269589.823 270019.132  0.16%   102  795s
 17436  3247 269935.708   38   85 269589.823 270016.678  0.16%   102  800s
 17566  3259 269914.198   40   81 269589.823 270013.685  0.16%   102  805s
 17734  3279 269599.352   43   95 269589.823 270011.168  0.16%   102  810s
 17916  3291 269815.161   44   93 269589.823 270006.271  0.15%   101  815s
 18074  3300     cutoff   45      269589.823 270003.774  0.15%   101  820s
 18219  3300 269797.374   44   70 269589.823 270000.906  0.15%   101  825s
 18394  3327 269618.223   45   77 269589.823 269998.925  0.15%   101  830s
 18544  3322 269812.439   39   93 269589.823 269996.866  0.15%   101  835s
 18691  3326 269703.457   39   94 269589.823 269994.541  0.15%   101  840s
 18828  3323 269693.243   42   75 269589.823 269991.068  0.15%   101  845s
 18976  3335 269817.094   35   90 269589.823 269989.249  0.15%   101  850s
 19110  3340 269667.677   39   93 269589.823 269987.374  0.15%   101  855s
 19259  3359 269653.204   44   86 269589.823 269983.947  0.15%   101  860s
 19428  3378 269660.236   38   95 269589.823 269981.975  0.15%   101  865s
 19577  3392 269763.744   40   84 269589.823 269979.582  0.14%   101  870s
 19753  3408 269606.325   40   91 269589.823 269978.032  0.14%   101  875s
 19870  3404 269837.505   35   90 269589.823 269976.382  0.14%   101  880s
 20019  3416 269766.665   37   97 269589.823 269973.934  0.14%   101  885s
 20150  3420 269691.001   38   83 269589.823 269971.862  0.14%   101  890s
 20296  3418 269710.779   40   98 269589.823 269969.252  0.14%   101  895s
 20440  3422 269742.426   40   95 269589.823 269967.187  0.14%   101  900s
 20581  3426 269740.363   38  104 269589.823 269965.774  0.14%   101  905s
 20723  3422     cutoff   42      269589.823 269963.536  0.14%   101  910s
 20927  3424 269841.965   36   94 269589.823 269960.913  0.14%   101  915s
 21086  3435 269637.329   39  101 269589.823 269959.589  0.14%   101  920s
 21245  3452 269656.221   39  100 269589.823 269957.464  0.14%   100  925s
 21415  3464 269604.997   39   78 269589.823 269955.633  0.14%   100  930s
 21587  3461 269818.031   38   85 269589.823 269952.910  0.13%   100  935s
 21732  3463 269680.622   39   90 269589.823 269950.358  0.13%   100  940s
 21899  3460     cutoff   40      269589.823 269948.350  0.13%   100  945s
 22051  3466 269601.155   37   98 269589.823 269946.680  0.13%   100  950s
 22200  3466 269735.249   40   83 269589.823 269944.713  0.13%   100  955s
 22338  3469 269781.057   37   93 269589.823 269942.417  0.13%   100  960s
 22497  3476 269775.102   41   90 269589.823 269940.538  0.13%   100  965s
 22667  3487     cutoff   40      269589.823 269938.154  0.13%   100  970s
 22816  3490 269827.112   38   92 269589.823 269936.718  0.13%   100  975s
 22973  3494     cutoff   42      269589.823 269935.603  0.13%   100  980s
 23109  3490 269633.530   38   92 269589.823 269933.666  0.13%   100  985s
 23280  3488 269711.195   39   96 269589.823 269931.760  0.13%   100  990s
 23447  3479     cutoff   43      269589.823 269929.834  0.13%   100  995s
 23627  3484 269760.742   38   92 269589.823 269927.010  0.13%   100 1000s
 23797  3482 269592.591   45   74 269589.823 269925.692  0.12%   100 1005s
 23943  3468     cutoff   44      269589.823 269923.540  0.12%   100 1010s
 24120  3475 269738.920   36  101 269589.823 269922.022  0.12%   100 1015s
 24269  3480 269738.199   45   81 269589.823 269920.054  0.12%   100 1020s
 24445  3485 269699.006   41   81 269589.823 269917.254  0.12%  99.5 1025s
 24601  3486 269832.359   40   81 269589.823 269915.590  0.12%  99.5 1030s
 24744  3490 269822.744   38   87 269589.823 269914.643  0.12%  99.4 1035s
 24899  3496 269695.371   41  100 269589.823 269912.457  0.12%  99.4 1040s
 25051  3494 269637.908   40   91 269589.823 269910.799  0.12%  99.4 1045s
 25221  3498 269817.474   39   92 269589.823 269909.593  0.12%  99.3 1050s
 25373  3499     cutoff   42      269589.823 269908.585  0.12%  99.3 1055s
 25528  3504 269812.465   38   91 269589.823 269907.584  0.12%  99.3 1060s
 25686  3505 269601.807   46   66 269589.823 269905.886  0.12%  99.3 1065s
 25861  3506     cutoff   43      269589.823 269904.277  0.12%  99.2 1070s
 26037  3514 269761.297   39   97 269589.823 269902.777  0.12%  99.1 1075s
 26198  3520 269649.035   39  102 269589.823 269901.574  0.12%  99.1 1080s
 26367  3521 269628.039   38   96 269589.823 269899.064  0.11%  99.1 1085s
 26519  3523 269641.565   41   92 269589.823 269897.875  0.11%  99.1 1090s
 26674  3519 269714.456   40   90 269589.823 269895.610  0.11%  99.0 1096s
 26783  3519 269668.444   43   89 269589.823 269894.383  0.11%  99.0 1100s
 26952  3524 269662.111   41   89 269589.823 269892.985  0.11%  98.9 1105s
 27101  3514 269665.565   40  104 269589.823 269891.220  0.11%  98.9 1110s
 27256  3504 269633.603   43   86 269589.823 269889.568  0.11%  98.9 1115s
 27416  3509 269618.590   41   91 269589.823 269887.601  0.11%  98.8 1120s
 27602  3516 269605.436   44   84 269589.823 269886.126  0.11%  98.7 1125s
 27775  3519 269805.005   41   93 269589.823 269883.922  0.11%  98.7 1130s
 27912  3509     cutoff   37      269589.823 269882.629  0.11%  98.7 1135s
 28078  3514     cutoff   44      269589.823 269880.426  0.11%  98.7 1140s
 28231  3506 269647.453   40   86 269589.823 269878.520  0.11%  98.7 1145s
 28392  3504 269723.846   37   95 269589.823 269876.372  0.11%  98.6 1150s
 28553  3502 269593.486   42   82 269589.823 269874.535  0.11%  98.6 1155s
 28725  3492 269726.541   43   91 269589.823 269873.326  0.11%  98.6 1160s
 28882  3488 269730.131   37   91 269589.823 269872.163  0.10%  98.6 1165s
 29038  3487 269595.309   45   67 269589.823 269870.901  0.10%  98.6 1170s
 29228  3484 269694.738   44   73 269589.823 269868.383  0.10%  98.5 1175s
 29399  3482 269673.138   42   83 269589.823 269866.824  0.10%  98.4 1180s
 29581  3474 269640.687   42   90 269589.823 269865.148  0.10%  98.4 1185s
 29740  3465 269610.993   37  103 269589.823 269864.028  0.10%  98.3 1190s
 29893  3456 269619.168   45   75 269589.823 269862.393  0.10%  98.3 1195s
 30067  3449 269648.073   40   83 269589.823 269860.726  0.10%  98.2 1200s
 30237  3433 269690.209   37   99 269589.823 269859.071  0.10%  98.2 1205s
 30403  3423 269709.569   36   90 269589.823 269857.261  0.10%  98.2 1210s
 30565  3424     cutoff   45      269589.823 269855.842  0.10%  98.1 1215s
 30751  3421 269830.136   40   90 269589.823 269854.625  0.10%  98.0 1220s
 30913  3417     cutoff   43      269589.823 269853.571  0.10%  98.0 1225s
 31099  3411 269690.781   38   82 269589.823 269851.364  0.10%  97.9 1230s
 31273  3405     cutoff   45      269589.823 269849.393  0.10%  97.8 1235s
 31450  3400 269751.647   36   82 269589.823 269847.940  0.10%  97.8 1240s
 31616  3391     cutoff   42      269589.823 269846.227  0.10%  97.7 1245s
 31781  3385 269744.284   38   87 269589.823 269845.042  0.09%  97.7 1250s
 31931  3382 269602.154   47   59 269589.823 269843.638  0.09%  97.7 1255s
 32107  3370 269671.965   42   85 269589.823 269842.168  0.09%  97.6 1260s
 32302  3367 269613.088   45   79 269589.823 269840.696  0.09%  97.5 1265s
 32470  3359 269668.743   41   95 269589.823 269838.611  0.09%  97.5 1270s
 32649  3358 269766.185   43   73 269589.823 269837.643  0.09%  97.4 1275s
 32819  3354     cutoff   41      269589.823 269836.644  0.09%  97.3 1280s
 32980  3347 269722.562   38   83 269589.823 269835.822  0.09%  97.3 1285s
 33136  3338     cutoff   49      269589.823 269834.442  0.09%  97.3 1290s
 33332  3334 269700.829   37   83 269589.823 269832.400  0.09%  97.2 1295s
 33517  3323 269596.719   43   80 269589.823 269831.205  0.09%  97.1 1300s
 33726  3322 269729.648   41   89 269589.823 269829.813  0.09%  97.0 1305s
 33797  3318 269608.382   45   78 269589.823 269829.442  0.09%  97.0 1310s
 33964  3297 269777.292   43   79 269589.823 269827.997  0.09%  97.0 1315s
 34157  3287 269697.788   39   91 269589.823 269826.799  0.09%  96.9 1320s
 34356  3280 269712.773   39   80 269589.823 269825.523  0.09%  96.8 1325s
 34534  3257 269611.304   45   86 269589.823 269823.847  0.09%  96.7 1330s
 34696  3245     cutoff   43      269589.823 269822.406  0.09%  96.7 1335s
 34887  3225 269734.085   42   80 269589.823 269820.732  0.09%  96.7 1340s
 35071  3217 269659.799   39   85 269589.823 269819.432  0.09%  96.6 1345s
 35239  3208 269610.455   44   84 269589.823 269818.152  0.08%  96.6 1350s
 35420  3197 269650.489   42   81 269589.823 269815.991  0.08%  96.5 1355s
 35602  3175 269730.929   39   82 269589.823 269814.435  0.08%  96.5 1360s
 35800  3156 269731.805   40   86 269589.823 269812.947  0.08%  96.4 1365s
 35982  3144     cutoff   39      269589.823 269811.858  0.08%  96.3 1370s
 36133  3128 269699.498   37   90 269589.823 269810.755  0.08%  96.3 1375s
 36322  3110 269610.717   43   75 269589.823 269808.943  0.08%  96.2 1380s
 36501  3089 269613.584   37   85 269589.823 269806.987  0.08%  96.2 1385s
 36679  3064 269711.851   40   97 269589.823 269805.916  0.08%  96.1 1390s
 36851  3049 269731.242   41   92 269589.823 269804.042  0.08%  96.1 1395s
 37045  3033 269684.083   45   77 269589.823 269802.665  0.08%  96.0 1400s
 37240  3025     cutoff   43      269589.823 269801.266  0.08%  95.9 1405s
 37424  3010 269635.187   38  101 269589.823 269799.661  0.08%  95.8 1410s
 37594  2988 269619.646   38   96 269589.823 269797.975  0.08%  95.8 1415s
 37760  2967 269693.956   41   91 269589.823 269796.814  0.08%  95.8 1420s
 37943  2943 269658.232   46   70 269589.823 269795.054  0.08%  95.7 1425s
 38160  2935 269656.171   42   80 269589.823 269793.478  0.08%  95.6 1430s
 38341  2922 269621.670   40   85 269589.823 269792.071  0.08%  95.5 1435s
 38537  2912 269602.110   42   79 269589.823 269790.290  0.07%  95.4 1440s
 38711  2889 269620.967   44   84 269589.823 269788.693  0.07%  95.4 1445s
 38907  2864     cutoff   43      269589.823 269787.185  0.07%  95.3 1450s
 39118  2848 269627.903   47   74 269589.823 269785.904  0.07%  95.2 1455s
 39289  2820 269644.203   46   90 269589.823 269784.499  0.07%  95.2 1460s
 39349  2811 269635.765   37   93 269589.823 269784.010  0.07%  95.2 1485s
 39540  2792     cutoff   47      269589.823 269782.674  0.07%  95.1 1490s
 39720  2771 269671.904   39   93 269589.823 269781.496  0.07%  95.0 1495s
 39883  2742 269640.140   40   93 269589.823 269779.988  0.07%  95.0 1500s
 40078  2722 269652.253   41   79 269589.823 269778.542  0.07%  95.0 1505s
 40277  2702 269684.170   44   82 269589.823 269777.017  0.07%  94.9 1510s
 40460  2683 269628.578   45   80 269589.823 269775.158  0.07%  94.8 1515s
 40639  2651 269687.624   41   85 269589.823 269773.455  0.07%  94.8 1520s
 40848  2638 269643.187   40   89 269589.823 269772.277  0.07%  94.7 1525s
 41046  2608 269616.539   41   82 269589.823 269771.098  0.07%  94.7 1530s
 41236  2578 269702.351   43   88 269589.823 269769.692  0.07%  94.6 1535s
 41440  2554 269599.679   41   85 269589.823 269768.047  0.07%  94.5 1540s
 41641  2532 269649.281   46   73 269589.823 269766.809  0.07%  94.4 1545s
 41820  2490     cutoff   39      269589.823 269765.073  0.07%  94.4 1550s
 42006  2472 269639.700   46   80 269589.823 269763.710  0.06%  94.3 1555s
 42171  2439     cutoff   40      269589.823 269762.365  0.06%  94.3 1560s
 42361  2409 269615.529   42   87 269589.823 269760.701  0.06%  94.3 1565s
 42542  2378     cutoff   44      269589.823 269758.901  0.06%  94.2 1570s
 42741  2356     cutoff   46      269589.823 269757.373  0.06%  94.1 1575s
 42915  2318 269646.594   48   84 269589.823 269755.490  0.06%  94.1 1580s
 43093  2291 269612.251   45   81 269589.823 269754.067  0.06%  94.0 1585s
 43269  2251     cutoff   47      269589.823 269752.143  0.06%  94.0 1590s
 43392  2221 269671.678   40   82 269589.823 269751.113  0.06%  94.0 1595s
 43583  2185 269670.237   44   88 269589.823 269749.162  0.06%  93.9 1600s
 43795  2147 269655.901   39   86 269589.823 269747.479  0.06%  93.8 1605s
 43997  2109 269625.161   40   75 269589.823 269745.658  0.06%  93.8 1610s
 44209  2070 269642.587   47   78 269589.823 269744.071  0.06%  93.7 1615s
 44403  2037 269683.775   43   87 269589.823 269742.401  0.06%  93.6 1620s
 44593  1995 269634.222   44   86 269589.823 269740.421  0.06%  93.6 1625s
 44766  1971 269639.603   42   85 269589.823 269738.596  0.06%  93.5 1630s
 44962  1926 269612.284   46   79 269589.823 269736.536  0.05%  93.5 1635s
 45145  1875 269650.287   39  101 269589.823 269734.011  0.05%  93.4 1640s
 45311  1827 269669.661   47   71 269589.823 269731.471  0.05%  93.4 1645s
 45478  1774 269629.006   45   78 269589.823 269729.261  0.05%  93.4 1650s
 45680  1710     cutoff   43      269589.823 269726.571  0.05%  93.3 1655s
 45861  1653 269605.961   46   83 269589.823 269724.180  0.05%  93.3 1660s
 46065  1601 269615.072   40   88 269589.823 269721.661  0.05%  93.2 1665s
 46260  1542     cutoff   39      269589.823 269718.390  0.05%  93.1 1670s
 46441  1481 269596.068   40   80 269589.823 269714.767  0.05%  93.1 1675s
 46641  1416     cutoff   43      269589.823 269711.393  0.05%  93.0 1680s
 46841  1352     cutoff   43      269589.823 269708.074  0.04%  93.0 1685s
 47028  1278 269607.976   45   74 269589.823 269704.127  0.04%  92.9 1690s
 47231  1206     cutoff   49      269589.823 269700.080  0.04%  92.9 1695s
 47434  1112     cutoff   43      269589.823 269694.542  0.04%  92.8 1700s
 47631  1024 269594.254   48   81 269589.823 269689.372  0.04%  92.7 1705s
 47844   915 269616.922   44   72 269589.823 269681.820  0.03%  92.6 1710s
 48063   787     cutoff   45      269589.823 269673.059  0.03%  92.5 1715s
 48283   679 269611.849   44   67 269589.823 269664.257  0.03%  92.4 1720s
 48534   494     cutoff   49      269589.823 269651.045  0.02%  92.2 1725s
 48858   245     cutoff   43      269589.823 269624.405  0.01%  91.9 1730s

Cutting planes:
  Gomory: 8
  Lift-and-project: 6
  Implied bound: 4
  MIR: 626
  Flow cover: 608
  RLT: 28
  Relax-and-lift: 3
  Lazy constraints: 436

Explored 49131 nodes (4497842 simplex iterations) in 1732.47 seconds (2447.98 work units)
Thread count was 1 (of 52 available processors)

Solution count 7: 269590 269545 269522 ... 264558

Optimal solution found (tolerance 0.00e+00)
Best objective 2.695898226320e+05, best bound 2.695898226320e+05, gap 0.0000%

User-callback calls 270874, time in user-callback 1.16 sec

CPU time spent in the second stage: 1732.47 sec
The LP relaxation bound at the root node: 271854.883046
Termination status of the second stage: OPTIMAL

------------------ end of the second stage -----------------

Total CPU time: 1749.24 sec
Percentage optimality gap: 0.00 %
CPU time spent in separating the cuts: 13.31 sec
Number of explored nodes: 49131
Objective value of the returned solution: 269589.822632
Optimal facility locations: [6, 7, 12, 14, 18, 19, 20, 21, 23, 33, 37, 44, 46, 49, 63, 64, 67, 68, 82, 85, 88, 90, 91, 92, 102, 115, 118, 129, 133, 135, 141, 147, 155, 159, 162, 163, 168, 170, 171, 172, 176, 181, 197, 198]

@end of file
