Set parameter TimeLimit to value 7200
Setting B&C+SI: The proposed B&C algorithm based on formulation (16) (equipped with the submodular inequalities).

----------------- start of the first stage -----------------

Iter     Best Incumbent      BestBound     Gap      Time  #VioCuts
1                 0.000     424651.174   100.0       0.1      1000
2            248594.962     404534.660    38.5       0.7      1996
3            289839.732     372700.182    22.2       1.4      1977
4            324811.689     346254.678     6.2       2.4      1703
5            325910.627     336840.842     3.2       3.4      1151
6            329429.801     334230.567     1.4       4.6       549
7            329429.801     333255.205     1.1       5.6       320
8            329429.801     332902.552     1.0       6.4        93
9            329429.801     332802.635     1.0       7.2        54
10           329429.801     332764.822     1.0       7.9        33
11           329429.801     332760.586     1.0       8.6         3
12           329429.801     332759.821     1.0       9.2         0

CPU time spent in the first stage: 11.19 sec
Upper bound returned at the end of the first stage: 332759.821272
Objective value of the optimal solution or the best incumbent at the end of the first stage: 329429.801044
Number of cuts added at the end of the first stage for the initialization of the relaxed MILP problem: 1113
Termination status of the first stage: LP Optimal

------------------ end of the first stage ------------------


----------------- start of the second stage ----------------

Gurobi Optimizer version 11.0.1 build v11.0.1rc0 (linux64 - "CentOS Linux 7 (Core)")

CPU model: Intel(R) Xeon(R) Gold 6230R CPU @ 2.10GHz, instruction set [SSE2|AVX|AVX2|AVX512]
Thread count: 52 physical cores, 52 logical processors, using up to 1 threads


Warning: excessive time spent in model updates.
Consider calling update less frequently.

Optimize a model with 2119 rows, 1100 columns and 14202 nonzeros
Model fingerprint: 0xc11864cb
Variable types: 1000 continuous, 100 integer (0 binary)
Coefficient statistics:
  Matrix range     [2e-05, 2e+03]
  Objective range  [1e+01, 2e+03]
  Bounds range     [1e+00, 1e+00]
  RHS range        [4e-04, 5e+05]

Loaded user MIP start with objective 329430

Presolve removed 1024 rows and 0 columns
Presolve time: 0.02s
Presolved: 1095 rows, 1100 columns, 7645 nonzeros
Variable types: 1000 continuous, 100 integer (100 binary)

Root relaxation: objective 3.327310e+05, 321 iterations, 0.02 seconds (0.02 work units)

    Nodes    |    Current Node    |     Objective Bounds      |     Work
 Expl Unexpl |  Obj  Depth IntInf | Incumbent    BestBd   Gap | It/Node Time

     0     0 332731.040    0   66 329429.801 332731.040  1.00%     -    0s
H    0     0                    330089.71626 332731.040  0.80%     -    0s
     0     0 332575.713    0   70 330089.716 332575.713  0.75%     -    0s
     0     0 332557.580    0   68 330089.716 332557.580  0.75%     -    0s
     0     0 332557.220    0   65 330089.716 332557.220  0.75%     -    0s
     0     0 332556.966    0   65 330089.716 332556.966  0.75%     -    0s
     0     0 332491.240    0   61 330089.716 332491.240  0.73%     -    0s
     0     0 332473.179    0   61 330089.716 332473.179  0.72%     -    0s
     0     0 332472.087    0   63 330089.716 332472.087  0.72%     -    0s
     0     0 332471.623    0   63 330089.716 332471.623  0.72%     -    0s
     0     0 332421.448    0   65 330089.716 332421.448  0.71%     -    1s
     0     0 332411.811    0   63 330089.716 332411.811  0.70%     -    1s
     0     0 332409.759    0   64 330089.716 332409.759  0.70%     -    1s
     0     0 332409.177    0   63 330089.716 332409.177  0.70%     -    1s
     0     0 332399.768    0   61 330089.716 332399.768  0.70%     -    1s
     0     0 332386.579    0   61 330089.716 332386.579  0.70%     -    1s
     0     2 332383.974    0   61 330089.716 332383.974  0.70%     -    2s
*  170   119              49    330502.01700 332218.970  0.52%  60.4    4s
   177   122 331729.589    6   51 330502.017 332217.888  0.52%  62.1    5s
   525   340 331295.859    8   45 330502.017 332034.030  0.46%  72.2   10s
*  644   389              30    330524.91995 331983.634  0.44%  70.4   11s
   676   404 331624.284    9   68 330524.920 331948.470  0.43%  70.8   15s
   685   410 330720.526   21   64 330524.920 331703.264  0.36%  69.9   20s
   695   417 330962.057   12   65 330524.920 331676.990  0.35%  68.9   25s
   702   424 331550.128   12   70 330524.920 331657.067  0.34%  75.0   30s
   739   436 331013.108   16   55 330524.920 331550.010  0.31%  80.1   35s
H  838   392                    331099.76820 331500.059  0.12%  83.1   39s
   859   385 331258.012   16   54 331099.768 331496.978  0.12%  83.1   40s

Cutting planes:
  Gomory: 17
  Lift-and-project: 1
  MIR: 273
  Flow cover: 342
  Lazy constraints: 230

Explored 1023 nodes (84552 simplex iterations) in 42.77 seconds (44.27 work units)
Thread count was 1 (of 52 available processors)

Solution count 5: 331100 330525 330502 ... 329430

Optimal solution found (tolerance 0.00e+00)
Best objective 3.310997681971e+05, best bound 3.310997681971e+05, gap 0.0000%

User-callback calls 15299, time in user-callback 0.32 sec

CPU time spent in the second stage: 42.77 sec
The LP relaxation bound at the root node: 332383.973945
Termination status of the second stage: OPTIMAL

------------------ end of the second stage -----------------

Total CPU time: 52.03 sec
Percentage optimality gap: 0.00 %
CPU time spent in separating the cuts: 6.67 sec
Number of explored nodes: 1023
Objective value of the returned solution: 331099.768197
Optimal facility locations: [6, 8, 9, 14, 21, 22, 35, 38, 40, 46, 47, 48, 50, 54, 57, 60, 63, 76, 77, 78, 79, 80, 81, 84, 85, 87, 89, 92]

@end of file
