Set parameter TimeLimit to value 7200
Setting sB&C+LSI: The proposed B&C algorithm based on formulation (40) (equipped with the lifted submodular inequalities), with only the second stage implemented
Gurobi Optimizer version 11.0.1 build v11.0.1rc0 (linux64 - "CentOS Linux 7 (Core)")

CPU model: Intel(R) Xeon(R) Gold 6230R CPU @ 2.10GHz, instruction set [SSE2|AVX|AVX2|AVX512]
Thread count: 52 physical cores, 52 logical processors, using up to 1 threads

Optimize a model with 1000 rows, 1100 columns and 1000 nonzeros
Model fingerprint: 0x9fb287fa
Variable types: 1000 continuous, 100 integer (100 binary)
Coefficient statistics:
  Matrix range     [1e+00, 1e+00]
  Objective range  [1e+01, 2e+03]
  Bounds range     [0e+00, 0e+00]
  RHS range        [3e-04, 1e+00]
Found heuristic solution: objective -1.01138e+15
Presolve removed 1000 rows and 0 columns
Presolve time: 0.00s
Presolved: 0 rows, 1100 columns, 0 nonzeros
Variable types: 1000 continuous, 100 integer (100 binary)
Found heuristic solution: objective -1.01138e+15

Root relaxation: objective 4.177628e+05, 0 iterations, 0.00 seconds (0.00 work units)

    Nodes    |    Current Node    |     Objective Bounds      |     Work
 Expl Unexpl |  Obj  Depth IntInf | Incumbent    BestBd   Gap | It/Node Time

     0     0 417762.801    0    - -1.011e+15 417762.801   100%     -    0s
     0     0 399811.392    0   18 -1.011e+15 399811.392   100%     -    0s
H    0     0                    221831.11932 399811.392  80.2%     -    0s
     0     0 365143.214    0   38 221831.119 365143.214  64.6%     -    0s
     0     2 364687.293    0   38 221831.119 364687.293  64.4%     -    0s
*   49    47              34    327603.83010 340113.473  3.82%  86.2    1s
*  112    66              25    329324.43018 340051.810  3.26%  68.7    2s
H  247   128                    329551.51796 339636.728  3.06%  59.2    3s
*  402   136              19    329783.50152 331048.938  0.38%  61.2    4s
H  521   124                    329842.76757 330511.105  0.20%  52.3    4s
H  523    82                    330093.96883 330511.105  0.13%  52.1    4s
*  524    75              18    330114.10297 330511.105  0.12%  52.0    4s
   576    71 330133.814    7   27 330114.103 330486.730  0.11%  49.0    5s
*  596    79              23    330119.66862 330484.128  0.11%  47.7    5s
*  679    29              19    330279.80395 330384.054  0.03%  44.6    5s
H  695     1                    330340.48671 330348.352  0.00%  43.8    5s

Cutting planes:
  Lazy constraints: 3375

Explored 699 nodes (31291 simplex iterations) in 5.46 seconds (5.59 work units)
Thread count was 1 (of 52 available processors)

Solution count 10: 330340 330280 330120 ... 221831

Optimal solution found (tolerance 0.00e+00)
Best objective 3.303404867098e+05, best bound 3.303404867098e+05, gap 0.0000%

User-callback calls 2713, time in user-callback 0.21 sec

Total CPU time: 5.46 sec
Termination status: OPTIMAL
Percentage optimality gap: 0.00 %
Number of explored nodes: 699
Objective value of the returned solution: 330340.486710
The LP relaxation bound at the root node: 364687.292957
Optimal facility locations: [2, 3, 6, 8, 14, 21, 33, 35, 38, 39, 40, 46, 48, 50, 54, 57, 60, 63, 76, 77, 78, 81, 84, 87, 89, 92]

@end of file
