Set parameter TimeLimit to value 7200
Setting sB&C+LSI: The proposed B&C algorithm based on formulation (40) (equipped with the lifted submodular inequalities), with only the second stage implemented
Gurobi Optimizer version 11.0.1 build v11.0.1rc0 (linux64 - "CentOS Linux 7 (Core)")

CPU model: Intel(R) Xeon(R) Gold 6230R CPU @ 2.10GHz, instruction set [SSE2|AVX|AVX2|AVX512]
Thread count: 52 physical cores, 52 logical processors, using up to 1 threads

Optimize a model with 1000 rows, 1200 columns and 1000 nonzeros
Model fingerprint: 0x2b29a19b
Variable types: 1000 continuous, 200 integer (200 binary)
Coefficient statistics:
  Matrix range     [1e+00, 1e+00]
  Objective range  [1e+01, 2e+03]
  Bounds range     [0e+00, 0e+00]
  RHS range        [2e-04, 1e+00]
Found heuristic solution: objective -1.00211e+15
Presolve removed 1000 rows and 0 columns
Presolve time: 0.00s
Presolved: 0 rows, 1200 columns, 0 nonzeros
Variable types: 1000 continuous, 200 integer (200 binary)
Found heuristic solution: objective -1.00211e+15

Root relaxation: objective 4.176354e+05, 0 iterations, 0.00 seconds (0.00 work units)

    Nodes    |    Current Node    |     Objective Bounds      |     Work
 Expl Unexpl |  Obj  Depth IntInf | Incumbent    BestBd   Gap | It/Node Time

     0     0 417635.413    0    - -1.002e+15 417635.413   100%     -    0s
     0     0 377090.729    0   38 -1.002e+15 377090.729   100%     -    0s
H    0     0                    198721.63351 377090.729  89.8%     -    3s
     0     0 313997.189    0   82 198721.634 313997.189  58.0%     -    3s
H    0     0                    254083.69062 313870.845  23.5%     -    4s
H    0     0                    257097.46006 313870.845  22.1%     -    4s
     0     2 281194.941    0   79 257097.460 281194.941  9.37%     -    5s
     8    10 272494.218    4   91 257097.460 281173.554  9.36%   511   10s
    20    22 271169.850   12   86 257097.460 281173.554  9.36%   325   15s
*   89    83              71    267241.22358 281173.554  5.21%   113   18s
    95    85 270952.858    5   92 267241.224 281165.378  5.21%   124   20s
*  172   152              72    267441.76461 281165.378  5.13%  95.8   22s
   216   190 268182.852   40   50 267441.765 280881.996  5.03%  99.5   25s
   299   259 270229.658    4   92 267441.765 273533.286  2.28%   104   30s
*  408   274              52    268190.56672 273523.317  1.99%  98.8   33s
   426   286 269511.281   18   75 268190.567 272347.985  1.55%   101   35s
*  464   314              52    268227.25352 272347.985  1.54%  97.1   35s
*  509   191              44    269139.89661 272270.106  1.16%  96.3   37s
   553   225 270315.232    8   82 269139.897 271736.896  0.96%  96.0   47s
   555   226 269210.962   28   94 269139.897 271478.022  0.87%  95.6   60s
   556   227 270654.914    4  111 269139.897 270654.914  0.56%  95.5   65s
   559   229 270300.267    9  112 269139.897 270358.410  0.45%  95.0   74s
   560   230 269850.465   21  114 269139.897 270358.410  0.45%  94.8   78s
   561   230 269515.048   12  113 269139.897 270288.664  0.43%  94.6   84s
   562   231 269635.081   17  114 269139.897 270288.664  0.43%  94.5   88s
   563   232 269972.845   11  113 269139.897 270213.655  0.40%  94.3   94s
   564   232 269978.414   19  113 269139.897 270213.655  0.40%  94.1   98s
   567   234 269195.738   23  115 269139.897 270213.655  0.40%  93.6  100s
   572   240 270028.848   14  109 269139.897 270213.116  0.40%   104  106s
   577   243 270053.303   16  109 269139.897 270053.303  0.34%   105  110s
   587   249 269386.039   21   91 269139.897 270053.303  0.34%   107  115s
   596   255 269640.989   26   74 269139.897 270053.303  0.34%   107  120s
   609   259 269468.345   32   62 269139.897 270053.303  0.34%   107  125s
*  628   238              43    269495.23650 270053.303  0.21%   107  128s
   636   232 269526.530   18  110 269495.236 270053.296  0.21%   106  130s
   658   242 269694.939   30   75 269495.236 270053.296  0.21%   108  135s
*  695   224              50    269527.86749 270053.296  0.19%   105  136s
*  750   209              44    269589.82263 270028.758  0.16%   105  139s
   752   209 270001.611   15  114 269589.823 270028.722  0.16%   105  142s
   763   214 269723.821   21  101 269589.823 270028.722  0.16%   107  145s
   819   210 269593.750   25   83 269589.823 269889.253  0.11%   108  150s
   858   196     cutoff   23      269589.823 269867.086  0.10%   109  155s
   876   192 269748.641   19  110 269589.823 269850.854  0.10%   109  160s
   913   183 269757.956   21  101 269589.823 269837.258  0.09%   109  165s
   973   171 269656.050   24   88 269589.823 269802.262  0.08%   110  170s
  1060   154 269639.644   29   86 269589.823 269788.031  0.07%   108  175s
  1139   121 269626.887   26   83 269589.823 269747.824  0.06%   108  180s
  1223   102     cutoff   25      269589.823 269719.048  0.05%   108  185s
  1292    81 269601.019   24   92 269589.823 269680.828  0.03%   107  190s
  1353    57     cutoff   23      269589.823 269658.967  0.03%   106  195s
  1450     8 269595.809   36   52 269589.823 269595.809  0.00%   103  200s

Cutting planes:
  Lift-and-project: 5
  Implied bound: 2
  MIR: 321
  Flow cover: 349
  RLT: 2
  Lazy constraints: 348

Explored 1461 nodes (151183 simplex iterations) in 200.88 seconds (239.81 work units)
Thread count was 1 (of 52 available processors)

Solution count 10: 269590 269528 269495 ... 254084

Optimal solution found (tolerance 0.00e+00)
Best objective 2.695898226320e+05, best bound 2.695898226320e+05, gap 0.0000%

User-callback calls 32089, time in user-callback 6.91 sec

Total CPU time: 200.88 sec
Termination status: OPTIMAL
Percentage optimality gap: 0.00 %
Number of explored nodes: 1461
Objective value of the returned solution: 269589.822632
The LP relaxation bound at the root node: 281194.940594
Optimal facility locations: [6, 7, 12, 14, 18, 19, 20, 21, 23, 33, 37, 44, 46, 49, 63, 64, 67, 68, 82, 85, 88, 90, 91, 92, 102, 115, 118, 129, 133, 135, 141, 147, 155, 159, 162, 163, 168, 170, 171, 172, 176, 181, 197, 198]

@end of file
