Set parameter TimeLimit to value 7200
Setting GBD: A two-stage implementation of the state-of-the-art generalized Benders decomposition (GBD) approach proposed by Lin & Tian (2021).

----------------- start of the first stage -----------------

Iter     Best Incumbent      BestBound     Gap      Time  #VioCuts
1                 0.000     417294.435   100.0       0.3      1000
2             65806.391     391921.791    83.2       0.8      1000
3            111339.918     348000.721    68.0       1.6       938
4            111339.918     318486.845    65.0       2.5       692
5            111339.918     308720.835    63.9       3.2       386
6            111339.918     306988.298    63.7       3.8       199
7            111339.918     306176.671    63.6       4.2        95
8            111339.918     305878.902    63.6       4.7        20
9            111339.918     305867.479    63.6       5.1         1
10           111339.918     305867.422    63.6       5.4         1
11           111339.918     305867.308    63.6       5.8         0

CPU time spent in the first stage: 6.73 sec
Upper bound returned at the end of the first stage: 305867.308187
Objective value of the optimal solution or the best incumbent at the end of the first stage: 111339.917689
Number of cuts added at the end of the first stage for the initialization of the relaxed MILP problem: 1201
Termination status of the first stage: LP Optimal

------------------ end of the first stage ------------------


----------------- start of the second stage ----------------

Gurobi Optimizer version 11.0.1 build v11.0.1rc0 (linux64 - "CentOS Linux 7 (Core)")

CPU model: Intel(R) Xeon(R) Gold 6230R CPU @ 2.10GHz, instruction set [SSE2|AVX|AVX2|AVX512]
Thread count: 52 physical cores, 52 logical processors, using up to 1 threads


Warning: excessive time spent in model updates.
Consider calling update less frequently.

Optimize a model with 2204 rows, 1300 columns and 16245 nonzeros
Model fingerprint: 0xc624f8cb
Variable types: 1000 continuous, 300 integer (0 binary)
Coefficient statistics:
  Matrix range     [3e-10, 2e+03]
  Objective range  [1e+01, 2e+03]
  Bounds range     [1e+00, 1e+00]
  RHS range        [7e-06, 5e+05]
Warning: Model contains large matrix coefficient range
         Consider reformulating model or setting NumericFocus parameter
         to avoid numerical issues.

Loaded user MIP start with objective 111340

Presolve removed 1002 rows and 0 columns
Presolve time: 0.04s
Presolved: 1202 rows, 1300 columns, 12643 nonzeros
Variable types: 1000 continuous, 300 integer (300 binary)

Root relaxation: objective 2.883836e+05, 115 iterations, 0.01 seconds (0.00 work units)

    Nodes    |    Current Node    |     Objective Bounds      |     Work
 Expl Unexpl |  Obj  Depth IntInf | Incumbent    BestBd   Gap | It/Node Time

     0     0 288383.633    0   14 111339.918 288383.633   159%     -    0s
     0     0 288383.633    0   14 111339.918 288383.633   159%     -    0s
     0     2 288365.879    0   14 111339.918 288365.879   159%     -    0s
H  102   102                    227390.73836 268583.593  18.1%  77.1    1s
H  108   108                    242477.16278 268583.593  10.8%  73.6    1s
*  247   231             118    243512.26327 268562.128  10.3%  54.2    3s
*  380   322             123    244489.40025 263360.323  7.72%  48.6    4s
   396   330 255721.675   12  104 244489.400 263357.822  7.72%  52.7    5s
*  508   346             114    247385.37860 263357.822  6.46%  47.5    5s
   536   364 251307.522   65  126 247385.379 257322.769  4.02%  49.8   14s
   537   365 252968.954    3  137 247385.379 252968.954  2.26%  49.7   17s
   540   367 251828.622   41  139 247385.379 251828.622  1.80%  49.4   21s
   545   372 251395.899   14  135 247385.379 251611.368  1.71%  60.8   25s
   566   386 251098.231   24  120 247385.379 251469.872  1.65%  62.9   30s
   645   439 249058.185   64   55 247385.379 251469.872  1.65%  64.7   35s
   776   503 249783.296   40   54 247385.379 251469.797  1.65%  63.9   40s
*  843   367              74    249889.41076 251469.797  0.63%  61.0   40s
   981   411 250938.519   19  124 249889.411 251354.810  0.59%  61.9   45s
H 1071   411                    249913.72186 251354.810  0.58%  60.2   46s
* 1073   392              68    249915.08315 251354.810  0.58%  60.1   46s
H 1197   418                    249973.97849 251268.766  0.52%  60.9   49s
  1238   415 250418.843   25  115 249973.978 251268.474  0.52%  60.8   50s
  1468   519 250501.534   26  117 249973.978 251150.712  0.47%  61.6   55s
  1636   651 250504.882   37   96 249973.978 251117.162  0.46%  61.7   60s
H 1715   521                    250207.79197 251113.240  0.36%  61.8   61s
  1806   563 250307.291   33  109 250207.792 251099.326  0.36%  62.6   65s
  1920   592 250414.475   24  129 250207.792 251090.754  0.35%  64.6   70s
  2099   670 250653.906   23   99 250207.792 250978.039  0.31%  65.3   75s
  2316   790 250422.570   38   89 250207.792 250958.705  0.30%  65.5   80s
* 2403   806              65    250248.34472 250957.243  0.28%  64.8   81s
  2490   848 250842.643   20  114 250248.345 250951.486  0.28%  65.2   85s
  2579   887 250717.596   21  118 250248.345 250937.702  0.28%  65.5   90s
  2662   921 250803.923   20  120 250248.345 250934.278  0.27%  65.8   95s
H 2689   908                    250266.91440 250930.308  0.27%  65.8   98s
  2716   927 250513.696   31  106 250266.914 250924.637  0.26%  65.9  100s
  2755   950 250463.674   23  120 250266.914 250922.116  0.26%  66.0  107s
  2816   977 250726.174   21  132 250266.914 250907.740  0.26%  66.4  110s
  3006  1072 250376.615   27  110 250266.914 250890.415  0.25%  66.2  115s
  3114  1124 250339.584   32  108 250266.914 250884.238  0.25%  66.6  120s
  3320  1214 250363.303   30  107 250266.914 250870.933  0.24%  66.9  125s
  3514  1287 250534.817   20  115 250266.914 250851.646  0.23%  67.5  130s
  3715  1385 250495.363   25  115 250266.914 250841.816  0.23%  67.6  135s
  3857  1439 250306.527   28   92 250266.914 250835.648  0.23%  67.7  140s
  4000  1505 250346.999   33   92 250266.914 250823.689  0.22%  68.3  145s
  4123  1538 250629.628   23  125 250266.914 250814.098  0.22%  69.0  150s
  4316  1595 250501.754   23  104 250266.914 250806.940  0.22%  69.3  155s
  4488  1657 250460.080   26  111 250266.914 250797.731  0.21%  69.7  160s
  4591  1694 250373.875   26  106 250266.914 250793.197  0.21%  70.0  165s
  4771  1755 250603.801   19  122 250266.914 250780.410  0.21%  70.3  170s
  4978  1826 250497.084   25  130 250266.914 250766.654  0.20%  70.4  175s
  5156  1894 250346.020   25   97 250266.914 250758.656  0.20%  70.7  180s
  5308  1934 250545.612   24  111 250266.914 250749.279  0.19%  71.0  185s
  5426  1956 250518.000   21  126 250266.914 250744.098  0.19%  71.3  194s
  5445  1967 250367.519   28  113 250266.914 250743.580  0.19%  71.3  195s
  5600  1984 250587.848   23  107 250266.914 250736.646  0.19%  71.9  200s
  5737  2024 250553.317   23  115 250266.914 250725.355  0.18%  72.1  205s
  5944  2073 250528.467   25  105 250266.914 250719.993  0.18%  72.2  210s
  6096  2110 250397.456   27  101 250266.914 250712.067  0.18%  72.7  215s
  6245  2141 250420.516   24  123 250266.914 250706.754  0.18%  73.1  220s
  6452  2189     cutoff   23      250266.914 250699.145  0.17%  73.2  225s
  6584  2207 250506.358   25  114 250266.914 250693.810  0.17%  73.7  230s
  6762  2248 250359.268   25  128 250266.914 250684.341  0.17%  73.8  235s
  6915  2265 250511.120   22  108 250266.914 250674.435  0.16%  74.2  240s
  7019  2275 250373.442   24  116 250266.914 250673.175  0.16%  74.3  245s
  7133  2302 250282.338   31   92 250266.914 250670.928  0.16%  74.5  250s
  7326  2337 250409.748   22  115 250266.914 250664.032  0.16%  74.4  255s
  7517  2382 250489.808   23  118 250266.914 250660.507  0.16%  74.5  260s
  7702  2431     cutoff   23      250266.914 250655.572  0.16%  74.5  265s
  7825  2454 250414.274   24  132 250266.914 250652.352  0.15%  74.5  270s
  8023  2472 250428.332   24  123 250266.914 250644.648  0.15%  74.7  275s
  8248  2521     cutoff   37      250266.914 250641.027  0.15%  74.6  280s
  8476  2552 250401.985   31   96 250266.914 250634.161  0.15%  74.4  285s
  8569  2554 250431.468   25  113 250266.914 250631.585  0.15%  74.5  294s
  8584  2555 250456.870   23  110 250266.914 250631.564  0.15%  74.5  295s
  8776  2588     cutoff   27      250266.914 250625.819  0.14%  74.4  300s
  8982  2622 250573.083   21  112 250266.914 250622.955  0.14%  74.3  305s
  9190  2655 250329.532   32  103 250266.914 250616.557  0.14%  74.1  310s
  9336  2671 250416.659   26  129 250266.914 250612.739  0.14%  74.1  315s
  9592  2718 250310.858   26  103 250266.914 250606.226  0.14%  73.9  320s
  9791  2739 250346.246   28  112 250266.914 250601.845  0.13%  73.9  325s
  9995  2761 250316.000   35   93 250266.914 250596.465  0.13%  74.0  330s
 10214  2784 250385.915   29   96 250266.914 250592.631  0.13%  74.0  335s
 10433  2833 250373.684   29  106 250266.914 250585.921  0.13%  74.0  340s
 10606  2836 250320.927   32   96 250266.914 250581.117  0.13%  74.3  345s
 10814  2856 250348.090   32   68 250266.914 250577.088  0.12%  74.2  350s
 11010  2881 250328.085   26  128 250266.914 250573.510  0.12%  74.1  355s
 11176  2873 250487.484   24  103 250266.914 250567.582  0.12%  74.3  360s
 11375  2904 250305.394   30  107 250266.914 250562.922  0.12%  74.3  365s
 11486  2903 250396.220   23  132 250266.914 250561.216  0.12%  74.4  370s
 11680  2916 250340.458   26  102 250266.914 250557.865  0.12%  74.5  375s
 11879  2925 250282.310   26  109 250266.914 250554.968  0.12%  74.6  380s
 12072  2922 250398.687   27  105 250266.914 250550.255  0.11%  74.6  385s
 12323  2952 250284.364   30  109 250266.914 250546.298  0.11%  74.5  390s
 12559  2980 250327.719   33   84 250266.914 250542.800  0.11%  74.4  395s
 12756  2960 250388.920   26   97 250266.914 250537.546  0.11%  74.5  400s
 12951  2955 250335.162   22  135 250266.914 250531.498  0.11%  74.7  405s
 13114  2949 250286.619   28  113 250266.914 250528.730  0.10%  74.8  410s
 13307  2943 250313.034   24   96 250266.914 250526.046  0.10%  74.8  415s
 13466  2924     cutoff   26      250266.914 250521.721  0.10%  75.1  420s
 13646  2938 250378.679   28  101 250266.914 250517.897  0.10%  75.2  425s
 13836  2925 250320.961   29   90 250266.914 250514.434  0.10%  75.2  430s
 14046  2938 250268.958   29  126 250266.914 250511.332  0.10%  75.2  435s
 14244  2925 250385.162   30  114 250266.914 250505.301  0.10%  75.4  440s
 14469  2924     cutoff   21      250266.914 250501.707  0.09%  75.3  445s
 14673  2916 250399.941   24  116 250266.914 250499.324  0.09%  75.5  450s
 14887  2897     cutoff   24      250266.914 250495.616  0.09%  75.5  455s
 15050  2890 250382.045   28  133 250266.914 250492.682  0.09%  75.6  462s
 15051  2891 250377.705   29  125 250266.914 250492.682  0.09%  75.6  466s
 15189  2858 250292.883   27  123 250266.914 250488.290  0.09%  75.7  470s
 15379  2834 250384.922   29  102 250266.914 250483.550  0.09%  75.8  475s
 15588  2807     cutoff   33      250266.914 250479.169  0.08%  75.9  480s
 15774  2763 250353.698   24  123 250266.914 250472.998  0.08%  76.1  485s
 15956  2712 250280.801   24   96 250266.914 250468.164  0.08%  76.3  490s
 16148  2671     cutoff   22      250266.914 250463.398  0.08%  76.4  495s
 16355  2630 250278.666   22  120 250266.914 250458.861  0.08%  76.5  500s
 16580  2590 250318.137   26  103 250266.914 250453.605  0.07%  76.5  505s
 16802  2546     cutoff   28      250266.914 250449.443  0.07%  76.5  510s
 17031  2497     cutoff   29      250266.914 250443.839  0.07%  76.6  515s
 17232  2447 250275.177   27   96 250266.914 250438.263  0.07%  76.7  520s
 17477  2382 250319.541   28  118 250266.914 250431.792  0.07%  76.6  525s
 17701  2318 250355.191   25  104 250266.914 250427.061  0.06%  76.6  530s
 17934  2230 250293.158   24  117 250266.914 250420.842  0.06%  76.6  535s
 18178  2164     cutoff   31      250266.914 250415.643  0.06%  76.5  540s
 18426  2092     cutoff   28      250266.914 250410.343  0.06%  76.5  545s
 18694  2017 250278.891   23  111 250266.914 250404.954  0.06%  76.4  550s
 18937  1922     cutoff   30      250266.914 250399.976  0.05%  76.4  555s
 19194  1819     cutoff   31      250266.914 250394.291  0.05%  76.3  560s
 19419  1746 250303.554   29   92 250266.914 250390.551  0.05%  76.2  565s
 19689  1646 250267.915   29   89 250266.914 250384.888  0.05%  76.1  570s
 19941  1495 250311.762   31  106 250266.914 250377.013  0.04%  76.0  575s
 20200  1326     cutoff   27      250266.914 250368.852  0.04%  75.9  580s
 20497  1102     cutoff   30      250266.914 250356.774  0.04%  75.7  585s
 20830   799     cutoff   36      250266.914 250341.628  0.03%  75.2  590s
 21195   480     cutoff   29      250266.914 250323.239  0.02%  74.6  595s
 21676    52     cutoff   30      250266.914 250279.492  0.01%  73.6  600s

Cutting planes:
  Learned: 1
  Gomory: 2
  Implied bound: 1
  MIR: 549
  Flow cover: 714
  RLT: 19
  Relax-and-lift: 13
  Lazy constraints: 969

Explored 21729 nodes (1596404 simplex iterations) in 600.38 seconds (767.57 work units)
Thread count was 1 (of 52 available processors)

Solution count 10: 250267 250248 250208 ... 242477

Optimal solution found (tolerance 0.00e+00)
Best objective 2.502669144000e+05, best bound 2.502669144000e+05, gap 0.0000%

User-callback calls 118001, time in user-callback 0.65 sec

CPU time spent in the second stage: 600.38 sec
The LP relaxation bound at the root node: 288365.879407
Termination status of the second stage: OPTIMAL

------------------ end of the second stage -----------------

Total CPU time: 606.21 sec
Percentage optimality gap: 0.00 %
CPU time spent in separating the cuts: 3.65 sec
Number of explored nodes: 21729
Objective value of the returned solution: 250266.914400
Optimal facility locations: [7, 11, 20, 38, 40, 44, 48, 53, 65, 67, 74, 80, 81, 84, 86, 91, 92, 97, 113, 128, 133, 138, 143, 169, 173, 179, 183, 186, 190, 192, 194, 203, 233, 243, 256, 261, 273, 274, 277, 287, 290, 294, 300]

@end of file
