Set parameter TimeLimit to value 7200
Setting sB&C+LSI: The proposed B&C algorithm based on formulation (40) (equipped with the lifted submodular inequalities), with only the second stage implemented
Gurobi Optimizer version 11.0.1 build v11.0.1rc0 (linux64 - "CentOS Linux 7 (Core)")

CPU model: Intel(R) Xeon(R) Gold 6230R CPU @ 2.10GHz, instruction set [SSE2|AVX|AVX2|AVX512]
Thread count: 52 physical cores, 52 logical processors, using up to 1 threads

Optimize a model with 1000 rows, 1200 columns and 1000 nonzeros
Model fingerprint: 0x803cae49
Variable types: 1000 continuous, 200 integer (200 binary)
Coefficient statistics:
  Matrix range     [1e+00, 1e+00]
  Objective range  [1e+01, 2e+03]
  Bounds range     [0e+00, 0e+00]
  RHS range        [2e-04, 1e+00]
Found heuristic solution: objective -1.01138e+15
Presolve removed 1000 rows and 0 columns
Presolve time: 0.00s
Presolved: 0 rows, 1200 columns, 0 nonzeros
Variable types: 1000 continuous, 200 integer (200 binary)
Found heuristic solution: objective -1.01138e+15

Root relaxation: objective 4.226405e+05, 0 iterations, 0.00 seconds (0.00 work units)

    Nodes    |    Current Node    |     Objective Bounds      |     Work
 Expl Unexpl |  Obj  Depth IntInf | Incumbent    BestBd   Gap | It/Node Time

     0     0 422640.458    0    - -1.011e+15 422640.458   100%     -    0s
     0     0 384382.572    0   41 -1.011e+15 384382.572   100%     -    0s
H    0     0                    217957.49486 384382.572  76.4%     -    0s
     0     0 318473.057    0   86 217957.495 318473.057  46.1%     -    1s
     0     2 318329.328    0   86 217957.495 318329.328  46.1%     -    1s
    12    14 289718.107    7   79 217957.495 290539.573  33.3%   301    5s
    24    26 279535.782   13   88 217957.495 290539.573  33.3%   390   10s
*  123   110              97    275531.74467 290539.573  5.45%   126   14s
   127   110 280820.480    3   97 275531.745 290536.842  5.45%   140   15s
   231   198 279277.837    8   97 275531.745 290247.669  5.34%   122   20s
   312   271 278474.494   12   85 275531.745 290246.663  5.34%   118   25s
*  380   314              71    275642.43392 290246.663  5.30%   108   26s
   478   396 279925.484    5  107 275642.434 290011.645  5.21%   108   30s
   540   457 277771.850   24   86 275642.434 290011.645  5.21%   104   44s
   542   458 275972.252   55  111 275642.434 280257.877  1.67%   104   57s
   543   459 276003.342   51  122 275642.434 279436.979  1.38%   104   61s
   545   460 276296.573   57  126 275642.434 279295.030  1.33%   103   65s
   546   461 279019.744    6  120 275642.434 279019.744  1.23%   103   70s
   547   462 275707.403   54  124 275642.434 279019.591  1.23%   103   75s
   549   463 276853.279   37  121 275642.434 278922.997  1.19%   103   83s
   550   464 276552.189   46  121 275642.434 278861.203  1.17%   102   87s
   551   464 276043.170   49  121 275642.434 278855.570  1.17%   102   91s
   553   468 278830.933   11  115 275642.434 278855.570  1.17%   118   96s
   558   471 278602.912   13  111 275642.434 278844.312  1.16%   119  100s
   569   478 278179.773   19  103 275642.434 278844.312  1.16%   121  105s
   583   488 277834.635   26   77 275642.434 278844.312  1.16%   121  110s
   598   498 277401.154   33   60 275642.434 278844.312  1.16%   122  115s
*  669   456              69    277202.02509 278844.312  0.59%   114  119s
   675   450 278666.590   12  115 277202.025 278844.145  0.59%   113  120s
   708   472 277689.840   29   72 277202.025 278844.145  0.59%   116  125s
   753   483 278147.796   16  101 277202.025 278750.175  0.56%   116  130s
*  833   466              60    277217.46343 278750.175  0.55%   113  133s
   846   475 278348.433   19  100 277217.463 278750.156  0.55%   114  135s
*  937   459              66    277270.65138 278750.156  0.53%   109  138s
   949   465 278025.749   18   95 277270.651 278665.027  0.50%   111  140s
   988   485 277961.992   20  101 277270.651 278662.883  0.50%   113  145s
  1018   490 278476.274   15  113 277270.651 278623.609  0.49%   114  150s
  1085   507 277358.141   49   37 277270.651 278623.609  0.49%   114  155s
* 1111   451              62    277353.85413 278623.609  0.46%   112  155s
  1132   463 278055.733   24   91 277353.854 278623.180  0.46%   114  160s
  1238   480 277851.963   19   94 277353.854 278602.698  0.45%   113  165s
  1294   496 277461.350   26   79 277353.854 278480.696  0.41%   113  170s
  1338   501 277907.410   25   93 277353.854 278470.912  0.40%   114  175s
* 1373   486              59    277387.54252 278470.912  0.39%   113  176s
  1409   499 277657.802   28   91 277387.543 278460.415  0.39%   114  180s
  1456   509 277511.900   25   87 277387.543 278457.097  0.39%   114  185s
  1513   517 278082.012   18  104 277387.543 278443.836  0.38%   115  190s
  1552   523 277884.084   24   95 277387.543 278437.993  0.38%   115  195s
  1589   526 278352.511   15  106 277387.543 278435.823  0.38%   116  200s
  1639   544 277853.166   18   95 277387.543 278411.736  0.37%   117  205s
  1692   573 277657.975   22   88 277387.543 278410.828  0.37%   118  210s
  1757   592 278271.561   20   97 277387.543 278404.011  0.37%   118  215s
* 1861   654              68    277394.45443 278402.347  0.36%   117  219s
  1863   654 278245.775   20   99 277394.454 278367.525  0.35%   117  220s
  1902   677 277678.890   30   87 277394.454 278367.016  0.35%   117  225s
  1932   690 278278.663   16  109 277394.454 278361.704  0.35%   117  230s
  1972   720 277665.891   25   86 277394.454 278358.839  0.35%   118  235s
  2023   737 277724.104   23   91 277394.454 278351.503  0.35%   119  240s
  2069   757 278209.839   18  107 277394.454 278326.625  0.34%   119  245s
  2125   784 277742.523   23   98 277394.454 278325.117  0.34%   119  250s
  2184   814     cutoff   30      277394.454 278320.371  0.33%   119  255s
  2237   839     cutoff   31      277394.454 278317.412  0.33%   120  260s
  2299   863 277634.060   21  103 277394.454 278312.709  0.33%   120  265s
  2373   887 277419.967   28   78 277394.454 278308.615  0.33%   120  270s
  2441   928 277816.985   25   85 277394.454 278305.666  0.33%   120  275s
  2481   944 277860.730   24   95 277394.454 278292.021  0.32%   121  280s
H 2496   813                    277524.03311 278291.614  0.28%   121  282s
  2520   824     cutoff   23      277524.033 278288.467  0.28%   121  285s
  2560   836 277619.050   26   83 277524.033 278279.428  0.27%   121  290s
H 2575   775                    277575.40432 278278.498  0.25%   121  293s
  2591   777 278022.287   19  104 277575.404 278274.662  0.25%   121  295s
  2610   789 277671.835   25   95 277575.404 278272.875  0.25%   122  300s
  2635   796 277749.894   26   94 277575.404 278272.046  0.25%   122  305s
  2662   803 277634.361   29   77 277575.404 278266.931  0.25%   122  311s
  2688   809 277869.270   22   93 277575.404 278255.625  0.25%   123  315s
  2717   820 277659.439   27   77 277575.404 278254.240  0.24%   122  321s
  2745   831 277619.965   24   99 277575.404 278246.776  0.24%   122  325s
  2773   840 277911.438   17  106 277575.404 278245.787  0.24%   123  331s
  2779   845 277627.629   21   97 277575.404 278245.787  0.24%   123  335s
  2800   853 277958.364   22   99 277575.404 278244.586  0.24%   123  342s
  2827   861 277966.422   20  105 277575.404 278240.990  0.24%   123  349s
  2828   862 277933.663   21  106 277575.404 278240.990  0.24%   123  350s
  2856   875 278119.764   20   99 277575.404 278238.739  0.24%   124  356s
  2883   895 277632.809   25   93 277575.404 278237.953  0.24%   124  363s
  2899   895 277745.443   17   98 277575.404 278237.590  0.24%   124  365s
  2910   898 277937.252   19   93 277575.404 278237.285  0.24%   124  370s
  2953   910 278007.531   22  103 277575.404 278233.628  0.24%   124  375s
  3015   933 277700.651   22   99 277575.404 278225.195  0.23%   124  380s
  3065   943 277697.453   22   95 277575.404 278219.559  0.23%   125  385s
  3131   963 277886.640   22   95 277575.404 278215.441  0.23%   125  390s
  3177   981 277765.216   27   87 277575.404 278209.199  0.23%   125  397s
  3216   988 278089.603   19  101 277575.404 278208.539  0.23%   125  400s
  3278  1004 278077.627   20   98 277575.404 278198.060  0.22%   125  405s
  3315  1017 278015.934   20  102 277575.404 278197.112  0.22%   126  410s
  3370  1037 277753.041   20   95 277575.404 278195.009  0.22%   126  415s
  3387  1039 278043.272   19  109 277575.404 278193.732  0.22%   126  420s
  3409  1040 277959.372   22   90 277575.404 278189.853  0.22%   126  427s
  3442  1054 277833.846   24   90 277575.404 278186.283  0.22%   126  430s
  3504  1072 277653.564   28   86 277575.404 278170.439  0.21%   126  435s
  3559  1082 277744.121   23   98 277575.404 278162.780  0.21%   126  440s
  3607  1100     cutoff   25      277575.404 278162.194  0.21%   126  445s
  3660  1123 277641.007   24   95 277575.404 278159.821  0.21%   126  450s
  3706  1131 277793.454   17  102 277575.404 278157.160  0.21%   127  455s
  3768  1159 277754.679   26   75 277575.404 278153.404  0.21%   127  460s
  3841  1170 277661.733   25   88 277575.404 278148.555  0.21%   127  465s
  3909  1187     cutoff   25      277575.404 278146.262  0.21%   126  470s
  3972  1196 277615.782   24   90 277575.404 278142.184  0.20%   127  477s
  3997  1199 277617.004   23   92 277575.404 278141.393  0.20%   127  480s
  4046  1211 277810.809   23  102 277575.404 278136.632  0.20%   127  485s
  4097  1230 277594.800   25   95 277575.404 278133.129  0.20%   127  490s
  4146  1241 277582.796   23   90 277575.404 278127.626  0.20%   127  495s
  4208  1245 277708.866   23   98 277575.404 278122.798  0.20%   127  500s
  4229  1248 277860.381   19   97 277575.404 278120.352  0.20%   128  506s
  4259  1255 277696.354   21   97 277575.404 278117.932  0.20%   128  510s
  4304  1267 277998.032   22   94 277575.404 278115.398  0.19%   128  515s
  4370  1287 277584.235   28   99 277575.404 278114.118  0.19%   128  520s
  4426  1294 277937.021   21  101 277575.404 278112.973  0.19%   128  525s
  4486  1306 277703.705   23   95 277575.404 278111.718  0.19%   128  530s
  4528  1322 277587.391   26   70 277575.404 278111.205  0.19%   128  535s
  4588  1323 277831.427   24   80 277575.404 278109.610  0.19%   128  540s
  4653  1338 277841.324   23  100 277575.404 278106.947  0.19%   127  549s
  4656  1341 277707.382   25   95 277575.404 278106.947  0.19%   127  550s
  4716  1345 277905.966   20  104 277575.404 278104.196  0.19%   128  555s
  4774  1359 277870.016   20  107 277575.404 278102.157  0.19%   128  560s
  4785  1366 277603.518   23  101 277575.404 278102.157  0.19%   128  565s
  4842  1382 277588.786   27   94 277575.404 278097.467  0.19%   128  570s
  4904  1394 277705.742   23   95 277575.404 278095.660  0.19%   128  575s
  4970  1395 277643.246   24   95 277575.404 278092.568  0.19%   128  580s
  5013  1402 277750.321   21   96 277575.404 278089.492  0.19%   128  585s
  5069  1416 277796.924   20  104 277575.404 278087.547  0.18%   128  590s
  5124  1421 277692.409   24  106 277575.404 278082.443  0.18%   129  595s
  5156  1427 277801.590   20  102 277575.404 278082.244  0.18%   129  600s
  5216  1432 277847.435   18  107 277575.404 278080.044  0.18%   129  605s
  5284  1444     cutoff   32      277575.404 278077.193  0.18%   129  610s
  5352  1457 277611.737   25   85 277575.404 278072.493  0.18%   128  615s
  5397  1464 277905.440   22   97 277575.404 278067.784  0.18%   128  620s
  5466  1483 277716.589   22   88 277575.404 278060.461  0.17%   128  629s
  5475  1485 277817.430   21  101 277575.404 278060.333  0.17%   128  630s
  5551  1485 277989.725   21  101 277575.404 278059.658  0.17%   128  635s
  5602  1493 277785.898   19   98 277575.404 278057.422  0.17%   128  640s
  5626  1496 277697.615   21  100 277575.404 278056.672  0.17%   128  645s
  5693  1507 277689.734   20   96 277575.404 278054.201  0.17%   128  650s
  5751  1524 277600.489   26   86 277575.404 278052.418  0.17%   128  655s
  5817  1536     cutoff   23      277575.404 278049.170  0.17%   128  660s
  5887  1547 277712.786   25   92 277575.404 278047.798  0.17%   128  665s
  5975  1559 277935.003   21  104 277575.404 278045.826  0.17%   127  670s
  6047  1566     cutoff   27      277575.404 278044.229  0.17%   127  675s
  6105  1572 277851.080   21  105 277575.404 278041.351  0.17%   127  680s
  6160  1582 277909.869   23   93 277575.404 278037.782  0.17%   128  685s
  6248  1604 277620.117   25   87 277575.404 278036.804  0.17%   128  690s
  6265  1605 277676.615   20  101 277575.404 278035.780  0.17%   127  696s
  6301  1606 277776.219   24   96 277575.404 278034.902  0.17%   128  700s
  6388  1620 277895.053   21  106 277575.404 278030.241  0.16%   127  705s
  6469  1643     cutoff   22      277575.404 278027.022  0.16%   127  710s
  6519  1652 277596.062   26   92 277575.404 278025.887  0.16%   127  715s
  6592  1650 277824.327   19  104 277575.404 278023.232  0.16%   127  720s
  6635  1659 277661.949   24   92 277575.404 278020.787  0.16%   127  725s
  6709  1676 277815.946   22   95 277575.404 278017.433  0.16%   127  730s
  6781  1693 277706.759   25   93 277575.404 278016.575  0.16%   127  738s
  6799  1694 277743.017   22   99 277575.404 278015.065  0.16%   127  740s
  6850  1697 277706.454   18  101 277575.404 278014.042  0.16%   127  745s
  6913  1706 277735.769   23   94 277575.404 278010.873  0.16%   127  750s
  6976  1719 277711.960   23   92 277575.404 278008.981  0.16%   127  755s
  7025  1726 277679.353   26   84 277575.404 278007.777  0.16%   127  760s
  7083  1731 277781.909   23   97 277575.404 278006.428  0.16%   127  765s
  7134  1733 277755.084   25   97 277575.404 278004.692  0.15%   127  771s
  7153  1736 277614.099   26   89 277575.404 278003.631  0.15%   127  775s
  7204  1741 277625.013   22   92 277575.404 278001.456  0.15%   127  780s
  7281  1745 277789.224   21   99 277575.404 277998.703  0.15%   127  785s
  7349  1746 277852.027   18   99 277575.404 277995.656  0.15%   127  790s
  7410  1750 277891.240   22  100 277575.404 277994.280  0.15%   127  795s
  7481  1760 277757.455   24   98 277575.404 277992.464  0.15%   127  800s
  7541  1770 277712.217   21  105 277575.404 277991.318  0.15%   127  805s
  7604  1775 277746.352   25   89 277575.404 277989.391  0.15%   127  810s
  7662  1782     cutoff   33      277575.404 277987.716  0.15%   127  815s
  7671  1785 277580.311   26   92 277575.404 277987.548  0.15%   127  821s
  7733  1799 277611.904   25   93 277575.404 277984.881  0.15%   127  825s
  7791  1803 277641.110   22   99 277575.404 277982.556  0.15%   127  830s
  7864  1814 277604.693   23   89 277575.404 277981.080  0.15%   127  835s
  7943  1817 277607.224   23   97 277575.404 277979.280  0.15%   127  840s
  7962  1816 277711.558   22  106 277575.404 277978.278  0.15%   127  845s
  8027  1828 277647.490   20  103 277575.404 277976.991  0.14%   127  850s
  8097  1838 277761.973   19  105 277575.404 277975.232  0.14%   127  855s
  8167  1841 277709.834   20   96 277575.404 277972.424  0.14%   127  860s
  8245  1847 277624.272   27   95 277575.404 277971.045  0.14%   127  865s
  8283  1850 277673.326   24  100 277575.404 277969.989  0.14%   127  871s
  8329  1847 277804.173   19  103 277575.404 277968.674  0.14%   127  875s
  8380  1850 277589.485   25   87 277575.404 277966.597  0.14%   127  880s
  8460  1856 277577.592   19   99 277575.404 277963.667  0.14%   127  885s
  8531  1859 277801.893   24   96 277575.404 277961.250  0.14%   127  890s
  8618  1866 277817.377   19  102 277575.404 277960.294  0.14%   127  895s
  8658  1875 277752.377   22   95 277575.404 277959.249  0.14%   127  900s
  8729  1879 277788.366   22  101 277575.404 277958.060  0.14%   127  905s
  8793  1887 277593.388   22   86 277575.404 277957.503  0.14%   127  910s
  8846  1889 277639.044   18   97 277575.404 277956.834  0.14%   127  918s
  8879  1896     cutoff   31      277575.404 277956.579  0.14%   127  920s
  8962  1902     cutoff   24      277575.404 277955.072  0.14%   127  925s
  9037  1913 277610.359   26   94 277575.404 277954.115  0.14%   127  930s
  9075  1918 277816.509   23   86 277575.404 277952.724  0.14%   127  935s
  9148  1925 277874.711   22   99 277575.404 277951.563  0.14%   127  940s
  9215  1931     cutoff   20      277575.404 277949.069  0.13%   127  945s
  9290  1936 277625.844   26  101 277575.404 277944.129  0.13%   127  950s
  9321  1935 277629.516   24   83 277575.404 277943.287  0.13%   127  955s
  9381  1936 277828.454   20   99 277575.404 277940.734  0.13%   127  960s
  9451  1944 277802.372   24   90 277575.404 277938.960  0.13%   127  965s
  9528  1946 277713.610   28   95 277575.404 277937.461  0.13%   127  970s
  9607  1949 277619.786   23   86 277575.404 277935.763  0.13%   127  975s
  9668  1951 277654.304   21   99 277575.404 277934.266  0.13%   127  980s
  9720  1947 277691.284   22   92 277575.404 277933.287  0.13%   127  985s
  9786  1949 277623.617   26   95 277575.404 277930.873  0.13%   127  991s
  9833  1943     cutoff   22      277575.404 277929.490  0.13%   127  995s
  9912  1949     cutoff   28      277575.404 277927.034  0.13%   126 1000s
  9972  1945 277634.718   21  110 277575.404 277925.505  0.13%   126 1005s
 10051  1949 277740.548   25   98 277575.404 277923.914  0.13%   126 1010s
 10144  1949 277701.172   24   91 277575.404 277922.324  0.12%   126 1015s
 10216  1958     cutoff   25      277575.404 277921.487  0.12%   126 1020s
 10284  1957 277627.575   24   97 277575.404 277918.609  0.12%   126 1025s
 10360  1959 277728.421   26   88 277575.404 277916.108  0.12%   126 1030s
 10463  1960 277753.729   23  100 277575.404 277914.771  0.12%   126 1035s
 10527  1964 277609.549   20  101 277575.404 277913.740  0.12%   126 1040s
 10613  1959 277653.586   22   98 277575.404 277913.189  0.12%   126 1045s
 10695  1963 277586.694   27   88 277575.404 277911.664  0.12%   126 1050s
 10765  1964 277749.336   20   90 277575.404 277910.820  0.12%   126 1055s
 10828  1962 277711.619   24  101 277575.404 277910.082  0.12%   126 1060s
 10902  1966 277758.012   24   95 277575.404 277908.877  0.12%   126 1065s
 10966  1969 277639.383   22   92 277575.404 277906.280  0.12%   126 1070s
 11041  1973 277835.270   22   75 277575.404 277905.424  0.12%   126 1075s
 11118  1976 277719.691   25   89 277575.404 277904.371  0.12%   126 1080s
 11197  1979 277621.815   22   90 277575.404 277903.388  0.12%   126 1085s
 11269  1979 277611.273   28   92 277575.404 277901.263  0.12%   126 1090s
 11352  1978 277599.538   25   99 277575.404 277899.304  0.12%   126 1095s
 11408  1976 277620.500   21  101 277575.404 277898.712  0.12%   126 1100s
 11472  1972 277628.574   24   86 277575.404 277896.837  0.12%   126 1105s
 11556  1986 277643.446   24   92 277575.404 277894.844  0.12%   126 1110s
 11652  1987     cutoff   20      277575.404 277893.689  0.11%   126 1115s
 11737  1988 277783.481   22   94 277575.404 277892.782  0.11%   125 1120s
 11804  1984 277764.503   20   94 277575.404 277891.531  0.11%   126 1125s
 11881  1983     cutoff   21      277575.404 277890.308  0.11%   125 1130s
 11958  1982 277656.536   30   74 277575.404 277887.216  0.11%   125 1135s
 12029  1983 277660.869   20  102 277575.404 277885.852  0.11%   125 1140s
 12105  1982 277640.253   19  100 277575.404 277883.933  0.11%   125 1145s
 12165  1975 277705.202   20  107 277575.404 277883.040  0.11%   125 1150s
 12231  1973 277657.250   25   98 277575.404 277881.637  0.11%   125 1155s
 12306  1972 277744.378   21   94 277575.404 277879.405  0.11%   125 1160s
 12378  1968 277604.954   20   86 277575.404 277877.128  0.11%   125 1165s
 12461  1963 277770.583   26   93 277575.404 277875.570  0.11%   125 1170s
 12556  1964 277641.242   23   98 277575.404 277873.678  0.11%   125 1175s
 12621  1962 277618.826   26   92 277575.404 277872.031  0.11%   125 1180s
 12710  1958 277656.432   20  107 277575.404 277871.442  0.11%   125 1185s
 12778  1954 277577.554   22  102 277575.404 277870.167  0.11%   125 1190s
 12854  1947 277719.626   21   95 277575.404 277868.309  0.11%   125 1195s
 12936  1939 277765.258   20   97 277575.404 277866.659  0.10%   125 1200s
 13019  1943 277593.704   27   75 277575.404 277865.433  0.10%   125 1205s
 13107  1939     cutoff   25      277575.404 277862.755  0.10%   125 1210s
 13206  1942 277596.838   24   99 277575.404 277860.652  0.10%   125 1215s
 13291  1943 277782.546   22   95 277575.404 277858.962  0.10%   125 1220s
 13377  1940 277626.278   27   87 277575.404 277857.834  0.10%   125 1225s
 13462  1932 277598.378   26   97 277575.404 277856.096  0.10%   125 1230s
 13550  1922 277669.127   24  100 277575.404 277854.891  0.10%   125 1235s
 13634  1914     cutoff   27      277575.404 277853.560  0.10%   125 1240s
 13706  1911 277728.929   23  101 277575.404 277851.884  0.10%   125 1245s
 13778  1902 277591.966   22   98 277575.404 277850.694  0.10%   125 1250s
 13865  1902 277639.113   25   94 277575.404 277849.552  0.10%   124 1255s
 13949  1897 277701.525   25   87 277575.404 277848.621  0.10%   124 1260s
 14011  1896 277717.042   21   94 277575.404 277847.366  0.10%   124 1265s
 14082  1889 277646.306   22  100 277575.404 277845.505  0.10%   125 1270s
 14184  1879 277738.466   23   86 277575.404 277844.876  0.10%   124 1275s
 14276  1875 277743.762   21   96 277575.404 277843.105  0.10%   124 1280s
 14364  1867 277775.727   21   92 277575.404 277841.831  0.10%   124 1285s
 14426  1858 277588.350   26   86 277575.404 277840.766  0.10%   124 1290s
 14515  1852 277735.064   23  100 277575.404 277839.022  0.09%   124 1295s
 14584  1843 277637.816   21   95 277575.404 277837.860  0.09%   124 1300s
 14669  1839 277618.980   21   90 277575.404 277836.683  0.09%   124 1305s
 14751  1831     cutoff   29      277575.404 277835.173  0.09%   124 1310s
 14830  1826 277647.723   27   90 277575.404 277833.651  0.09%   124 1315s
 14931  1813 277746.784   25   89 277575.404 277832.645  0.09%   124 1320s
 14940  1813 277623.231   27   76 277575.404 277832.645  0.09%   124 1329s
 14941  1814 277601.128   28   75 277575.404 277832.645  0.09%   124 1334s
 14945  1812 277660.947   23  101 277575.404 277832.523  0.09%   124 1335s
 15000  1801     cutoff   21      277575.404 277830.812  0.09%   124 1340s
 15083  1799 277643.259   25   97 277575.404 277829.812  0.09%   124 1345s
 15178  1795     cutoff   25      277575.404 277828.576  0.09%   124 1350s
 15273  1788 277639.714   24   94 277575.404 277827.036  0.09%   124 1355s
 15346  1775 277636.999   26   85 277575.404 277825.103  0.09%   124 1360s
 15430  1768 277645.918   22   98 277575.404 277824.084  0.09%   124 1365s
 15503  1764 277655.896   23   99 277575.404 277822.643  0.09%   124 1370s
 15579  1754 277582.514   25   91 277575.404 277820.768  0.09%   124 1375s
 15654  1747 277596.868   25   90 277575.404 277819.658  0.09%   124 1380s
 15728  1731 277702.086   26   92 277575.404 277817.648  0.09%   124 1385s
 15818  1720     cutoff   26      277575.404 277816.568  0.09%   124 1390s
 15921  1716 277579.130   28   78 277575.404 277815.424  0.09%   123 1395s
 16017  1701 277686.615   23   91 277575.404 277813.702  0.09%   123 1400s
 16099  1691 277625.023   24  100 277575.404 277812.585  0.09%   123 1405s
 16177  1674 277720.695   24   99 277575.404 277810.368  0.08%   123 1410s
 16253  1672     cutoff   29      277575.404 277809.560  0.08%   123 1415s
 16327  1659 277702.357   27   96 277575.404 277807.547  0.08%   123 1420s
 16358  1656 277608.638   25   90 277575.404 277807.102  0.08%   123 1425s
 16426  1643 277714.629   22   98 277575.404 277805.021  0.08%   123 1430s
 16528  1636 277675.351   23   98 277575.404 277803.708  0.08%   123 1435s
 16612  1626 277740.179   22   90 277575.404 277801.721  0.08%   123 1440s
 16691  1615 277677.814   20   99 277575.404 277800.918  0.08%   123 1445s
 16770  1598 277685.893   24   90 277575.404 277799.119  0.08%   123 1450s
 16856  1587 277667.272   27   96 277575.404 277797.725  0.08%   123 1455s
 16927  1578 277591.688   23   97 277575.404 277796.746  0.08%   123 1460s
 17009  1562 277656.607   21  104 277575.404 277794.660  0.08%   123 1465s
 17086  1547 277652.380   23   93 277575.404 277793.461  0.08%   123 1470s
 17176  1534 277678.189   21   88 277575.404 277792.041  0.08%   123 1475s
 17264  1519 277634.015   24   97 277575.404 277790.178  0.08%   123 1480s
 17354  1494 277658.472   22   98 277575.404 277788.521  0.08%   123 1485s
 17427  1479     cutoff   25      277575.404 277787.052  0.08%   123 1490s
 17510  1471 277606.032   23   94 277575.404 277785.674  0.08%   123 1495s
 17600  1458 277671.995   26   92 277575.404 277784.824  0.08%   123 1500s
 17663  1444 277579.124   24   93 277575.404 277783.702  0.08%   123 1505s
 17757  1428 277696.451   26   94 277575.404 277781.718  0.07%   123 1510s
 17849  1413 277639.671   24   93 277575.404 277779.502  0.07%   123 1515s
 17926  1396 277594.420   26   93 277575.404 277778.053  0.07%   123 1520s
 18000  1376     cutoff   21      277575.404 277776.158  0.07%   123 1525s
 18089  1361 277660.322   21   89 277575.404 277774.137  0.07%   123 1530s
 18186  1346     cutoff   28      277575.404 277772.418  0.07%   123 1535s
 18260  1328     cutoff   27      277575.404 277770.218  0.07%   123 1540s
 18356  1314 277670.783   28   85 277575.404 277768.064  0.07%   122 1545s
 18454  1296 277584.918   28   86 277575.404 277766.317  0.07%   122 1550s
 18552  1279 277634.455   27   97 277575.404 277764.820  0.07%   122 1555s
 18621  1256 277624.440   21   91 277575.404 277763.655  0.07%   122 1560s
 18700  1238 277602.064   21   88 277575.404 277761.342  0.07%   122 1565s
 18796  1216 277601.731   24   90 277575.404 277759.179  0.07%   122 1570s
 18873  1194     cutoff   24      277575.404 277757.617  0.07%   122 1575s
 18958  1169 277592.292   25   93 277575.404 277755.313  0.06%   122 1580s
 19040  1152 277596.876   27   89 277575.404 277754.212  0.06%   122 1585s
 19141  1130 277644.046   25   92 277575.404 277752.038  0.06%   122 1590s
 19240  1102     cutoff   27      277575.404 277750.616  0.06%   122 1595s
 19333  1082 277642.988   28   76 277575.404 277749.044  0.06%   122 1600s
 19412  1065 277595.949   25   94 277575.404 277747.903  0.06%   122 1605s
 19500  1041 277649.434   26   88 277575.404 277745.962  0.06%   122 1610s
 19594  1016 277597.409   23   97 277575.404 277743.709  0.06%   122 1615s
 19684   989 277595.465   23   92 277575.404 277741.412  0.06%   122 1620s
 19780   959 277602.947   23   88 277575.404 277739.371  0.06%   122 1625s
 19889   933 277598.841   23   90 277575.404 277736.570  0.06%   121 1630s
 19987   904 277598.414   25   65 277575.404 277733.720  0.06%   121 1635s
 20075   868 277597.309   26   97 277575.404 277729.578  0.06%   121 1640s
 20171   833 277635.826   25   90 277575.404 277727.163  0.05%   121 1645s
 20261   803 277594.331   26   97 277575.404 277723.740  0.05%   121 1650s
 20350   761     cutoff   27      277575.404 277719.784  0.05%   121 1655s
 20455   727     cutoff   24      277575.404 277716.336  0.05%   121 1660s
 20561   684 277587.034   25   69 277575.404 277712.481  0.05%   121 1665s
 20679   650 277586.549   30   83 277575.404 277709.640  0.05%   121 1670s
 20779   610     cutoff   26      277575.404 277703.745  0.05%   121 1675s
 20876   567     cutoff   26      277575.404 277699.497  0.04%   120 1680s
 20972   528 277586.707   21   98 277575.404 277693.922  0.04%   120 1685s
 21083   476 277615.791   20  104 277575.404 277685.877  0.04%   120 1690s
 21198   398     cutoff   25      277575.404 277673.455  0.04%   120 1695s
 21311   330     cutoff   23      277575.404 277664.999  0.03%   120 1700s
 21446   246     cutoff   28      277575.404 277649.409  0.03%   120 1705s
 21622   106     cutoff   25      277575.404 277613.185  0.01%   119 1710s

Cutting planes:
  Gomory: 2
  Lift-and-project: 3
  MIR: 715
  Flow cover: 495
  RLT: 10
  Relax-and-lift: 2
  Lazy constraints: 442

Explored 21742 nodes (2579381 simplex iterations) in 1712.16 seconds (2446.15 work units)
Thread count was 1 (of 52 available processors)

Solution count 10: 277575 277524 277394 ... 275532

Optimal solution found (tolerance 0.00e+00)
Best objective 2.775754043152e+05, best bound 2.775754043152e+05, gap 0.0000%

User-callback calls 200875, time in user-callback 2.48 sec

Total CPU time: 1712.16 sec
Termination status: OPTIMAL
Percentage optimality gap: 0.00 %
Number of explored nodes: 21742
Objective value of the returned solution: 277575.404315
The LP relaxation bound at the root node: 318329.327720
Optimal facility locations: [7, 8, 10, 11, 19, 21, 31, 43, 48, 49, 66, 72, 90, 92, 93, 95, 96, 100, 102, 106, 110, 113, 114, 118, 124, 128, 144, 163, 174, 178, 184, 187, 190, 194, 195, 197]

@end of file
