Set parameter TimeLimit to value 7200
Setting B&C+SI: The proposed B&C algorithm based on formulation (16) (equipped with the submodular inequalities).

----------------- start of the first stage -----------------

Iter     Best Incumbent      BestBound     Gap      Time  #VioCuts
1                 0.000     431116.307   100.0       0.4      1000
2            182764.220     361719.305    49.5       2.1      1997
3            203203.604     280350.846    27.5       5.1      1971
4            209846.672     246226.342    14.8       8.6      1782
5            209846.672     238282.789    11.9      11.5      1467
6            209846.672     234626.198    10.6      16.3      1010
7            209846.672     232548.131     9.8      21.6       614
8            209846.672     231234.553     9.2      26.5       385
9            209846.672     230209.277     8.8      31.7       212
10           209846.672     229789.793     8.7      36.2       172
11           209846.672     229550.972     8.6      40.5        82
12           209846.672     229454.148     8.5      45.0        69
13           209846.672     229370.399     8.5      49.2        46
14           209846.672     229336.757     8.5      53.3        16
15           209846.672     229329.793     8.5      57.3         7
16           209846.672     229316.852     8.5      61.6         4
17           209846.672     229315.214     8.5      65.8         4
18           209846.672     229314.106     8.5      70.0         0

CPU time spent in the first stage: 75.71 sec
Upper bound returned at the end of the first stage: 229314.105688
Objective value of the optimal solution or the best incumbent at the end of the first stage: 209846.672411
Number of cuts added at the end of the first stage for the initialization of the relaxed MILP problem: 1181
Termination status of the first stage: LP Optimal

------------------ end of the first stage ------------------


----------------- start of the second stage ----------------

Gurobi Optimizer version 11.0.1 build v11.0.1rc0 (linux64 - "CentOS Linux 7 (Core)")

CPU model: Intel(R) Xeon(R) Gold 6230R CPU @ 2.10GHz, instruction set [SSE2|AVX|AVX2|AVX512]
Thread count: 52 physical cores, 52 logical processors, using up to 1 threads


Warning: excessive time spent in model updates.
Consider calling update less frequently.

Optimize a model with 2185 rows, 1400 columns and 25965 nonzeros
Model fingerprint: 0xcb4716bc
Variable types: 1000 continuous, 400 integer (0 binary)
Coefficient statistics:
  Matrix range     [2e-08, 2e+03]
  Objective range  [1e+01, 2e+03]
  Bounds range     [1e+00, 1e+00]
  RHS range        [5e-04, 5e+05]

Loaded user MIP start with objective 209847

Presolve removed 1003 rows and 0 columns
Presolve time: 0.05s
Presolved: 1182 rows, 1400 columns, 20765 nonzeros
Variable types: 1000 continuous, 400 integer (400 binary)

Root relaxation: objective 2.292974e+05, 578 iterations, 0.06 seconds (0.09 work units)

    Nodes    |    Current Node    |     Objective Bounds      |     Work
 Expl Unexpl |  Obj  Depth IntInf | Incumbent    BestBd   Gap | It/Node Time

     0     0 229297.406    0  167 209846.672 229297.406  9.27%     -    1s
     0     0 229200.005    0  151 209846.672 229200.005  9.22%     -    1s
     0     0 229103.608    0  144 209846.672 229103.608  9.18%     -    1s
     0     0 229079.172    0  146 209846.672 229079.172  9.17%     -    1s
     0     0 229051.365    0  153 209846.672 229051.365  9.15%     -    1s
     0     0 229043.282    0  150 209846.672 229043.282  9.15%     -    1s
     0     2 229041.133    0  150 209846.672 229041.133  9.15%     -    2s
    84    86 225512.908   48  115 209846.672 228990.598  9.12%  73.5    5s
   189   191 219716.883  119   80 209846.672 228990.598  9.12%  73.4   10s
   321   316 209862.785  215   45 209846.672 228990.598  9.12%  66.1   15s
   363   352 226371.482   33  134 209846.672 228990.491  9.12%  72.0   20s
   446   435 221930.900   87   86 209846.672 228990.491  9.12%  71.2   25s
   519   507 222099.507   87  150 209846.672 228990.491  9.12%  71.0   37s
   521   508 215233.225  168  163 209846.672 228990.491  9.12%  70.7   55s
   522   509 220115.657  110  167 209846.672 228733.580  9.00%  70.6   63s
   525   511 220944.164   88  168 209846.672 228462.928  8.87%  70.1   65s
   527   512 228460.616   36  170 209846.672 228460.616  8.87%  69.9   70s
   531   515 221876.131   82  180 209846.672 228162.318  8.73%  69.4   75s
   536   518 221649.883   96  180 209846.672 228141.500  8.72%  68.7   80s
   541   523 218593.804  131  163 209846.672 228141.500  8.72%  77.1   96s
   542   524 210123.283  198  179 209846.672 228141.500  8.72%  77.0  104s
   543   525 216129.154  145  175 209846.672 228141.500  8.72%  76.8  105s
   548   528 221063.396  107  181 209846.672 228141.500  8.72%  76.1  110s
   552   531 215346.876  165  185 209846.672 228047.432  8.67%  75.6  115s
   555   533 226207.119   35  182 209846.672 228022.300  8.66%  75.2  120s
   564   539 210129.091  199  182 209846.672 228022.300  8.66%  74.0  125s
   570   545 227868.565   21  178 209846.672 228007.827  8.65%  82.5  131s
   573   547 227815.330   23  175 209846.672 227939.169  8.62%  83.3  135s
   576   549 227712.214   24  167 209846.672 227939.169  8.62%  84.1  140s
   581   552 227632.807   27  174 209846.672 227939.169  8.62%  84.9  145s
   587   556 227474.459   30  172 209846.672 227939.169  8.62%  86.0  150s
   593   560 227159.170   33  168 209846.672 227939.169  8.62%  86.5  155s
   598   563 226806.395   35  162 209846.672 227939.169  8.62%  87.1  160s
   605   568 227005.814   39  160 209846.672 227939.169  8.62%  87.4  165s
   606   569 226857.355   39  159 209846.672 227939.169  8.62%  87.6  171s
   609   571 226348.095   41  167 209846.672 227939.169  8.62%  89.0  175s
   614   574 226094.397   43  167 209846.672 227939.169  8.62%  89.7  180s
   619   577 225817.968   46  161 209846.672 227939.169  8.62%  90.3  185s
   624   581 225431.697   48  163 209846.672 227939.169  8.62%  90.9  190s
   628   583 225181.616   50  159 209846.672 227939.169  8.62%  91.6  195s
   632   586 225173.965   52  157 209846.672 227939.169  8.62%  91.7  200s
   638   590 225221.652   55  155 209846.672 227939.169  8.62%  92.3  205s
   644   594 225128.317   58  155 209846.672 227939.169  8.62%  92.8  210s
   652   599 224853.571   62  140 209846.672 227939.169  8.62%  93.5  215s
   671   612 224604.687   72  140 209846.672 227939.169  8.62%  93.1  220s
   683   620 224354.033   78  134 209846.672 227939.169  8.62%  94.8  225s
   696   629 223644.596   84  124 209846.672 227939.169  8.62%  97.4  230s
   712   639 223707.968   92  112 209846.672 227939.169  8.62%  98.8  235s
   740   658 222659.008  106  104 209846.672 227939.169  8.62%   100  240s
   768   677 222649.028  120   88 209846.672 227939.169  8.62%   101  245s
   791   692 217781.619  132   89 209846.672 227939.169  8.62%   103  250s
   814   707 214613.700  143   79 209846.672 227939.169  8.62%   105  255s
   855   735 213790.729  164   67 209846.672 227939.169  8.62%   104  260s
   892   759 211361.616  182   51 209846.672 227939.169  8.62%   104  265s
   950   797 210258.893  211   32 209846.672 227939.169  8.62%   100  270s
  1013   813 227783.415   23  178 209846.672 227930.892  8.62%  95.4  278s
  1017   816 227533.407   25  164 209846.672 227930.892  8.62%  96.7  280s
  1034   827 226617.092   34  166 209846.672 227930.892  8.62%  98.8  285s
  1058   843 226237.398   46  157 209846.672 227930.892  8.62%   100  290s
  1079   857 225556.053   56  148 209846.672 227930.892  8.62%   101  295s
  1100   871 224654.875   67  128 209846.672 227930.892  8.62%   103  300s
  1136   895 223731.446   85  106 209846.672 227930.892  8.62%   104  305s
  1161   912 222064.240   97   99 209846.672 227930.892  8.62%   106  310s
  1200   938 220794.332  117   82 209846.672 227930.892  8.62%   105  315s
  1241   965 217438.081  137   75 209846.672 227930.892  8.62%   104  320s
  1266   982 216324.364  150   78 209846.672 227930.892  8.62%   104  325s
  1308  1010 215246.719  171   62 209846.672 227930.892  8.62%   103  330s
  1354  1040 212068.924  194   54 209846.672 227930.892  8.62%   102  335s
  1408  1076 211434.189  221   37 209846.672 227930.892  8.62%   100  340s
  1472  1119 210280.432  253   29 209846.672 227930.892  8.62%  97.5  345s
  1507  1112 227639.541   23  174 209846.672 227868.176  8.59%  96.4  352s
  1511  1115 227428.454   25  167 209846.672 227868.176  8.59%  97.1  355s
  1527  1126 226501.349   33  153 209846.672 227868.176  8.59%  98.1  360s
  1537  1132 226088.627   38  144 209846.672 227868.176  8.59%  98.9  365s
  1547  1139 225569.515   43  143 209846.672 227868.176  8.59%  99.4  370s
  1562  1149 225420.713   51  138 209846.672 227868.176  8.59%   100  375s
  1581  1162 224588.337   60  127 209846.672 227868.176  8.59%   101  380s
  1604  1177 224041.755   72  118 209846.672 227868.176  8.59%   101  385s
  1632  1196 223080.943   86  106 209846.672 227868.176  8.59%   101  390s
  1653  1210 222366.056   96   90 209846.672 227868.176  8.59%   101  395s
  1678  1226 219714.749  109   76 209846.672 227868.176  8.59%   102  400s
  1703  1243 219082.831  121   62 209846.672 227868.176  8.59%   102  405s
  1732  1262 216616.095  136   57 209846.672 227868.176  8.59%   102  410s
  1755  1278 215024.830  147   50 209846.672 227868.176  8.59%   102  415s
  1787  1299 213773.670  163   53 209846.672 227868.176  8.59%   102  420s
  1841  1335 211688.328  190   34 209846.672 227868.176  8.59%   101  425s
  1883  1363 211706.665  211   21 209846.672 227868.176  8.59%  99.2  430s
  1933  1396 210402.255  236   16 209846.672 227868.176  8.59%  97.8  435s
H 1994  1257                    210431.37358 227868.176  8.29%  95.3  439s
  1998  1257 227608.861   22  173 210431.374 227867.936  8.29%  95.6  448s
  2000  1258 227487.414   23  178 210431.374 227867.936  8.29%  96.3  452s
  2003  1260 227353.325   25  172 210431.374 227867.936  8.29%  96.7  455s
  2004  1261 227416.788   25  175 210431.374 227867.936  8.29%  96.8  473s
  2006  1262 227134.516   26  168 210431.374 227867.936  8.29%  97.2  476s
  2014  1267 226960.441   30  163 210431.374 227867.936  8.29%  97.7  480s
  2025  1275 226503.851   36  157 210431.374 227867.936  8.29%  98.3  485s
  2034  1281 225947.304   40  154 210431.374 227867.936  8.29%  98.8  490s
  2043  1287 225956.201   45  148 210431.374 227867.936  8.29%  99.3  495s
  2051  1292 225636.203   49  144 210431.374 227867.936  8.29%   100  500s
  2058  1297 225264.774   52  134 210431.374 227867.936  8.29%   101  505s
  2070  1305 224821.649   58  127 210431.374 227867.936  8.29%   101  510s
  2083  1313 224365.135   65  132 210431.374 227867.936  8.29%   101  515s
  2097  1323 223762.390   72  123 210431.374 227867.936  8.29%   102  520s
  2105  1328 223584.652   76  116 210431.374 227867.936  8.29%   102  526s
  2123  1345 223032.195   85  113 210431.374 227867.936  8.29%   102  530s
  2140  1362 222213.850   93  100 210431.374 227867.936  8.29%   102  535s
  2157  1379 221941.200  102  100 210431.374 227867.936  8.29%   102  542s
  2168  1390 221523.941  107   91 210431.374 227867.936  8.29%   102  545s
  2183  1405 221061.978  115   92 210431.374 227867.936  8.29%   102  550s
  2191  1413 219221.756  119   89 210431.374 227867.936  8.29%   103  555s
  2205  1427 218376.057  126   88 210431.374 227867.936  8.29%   104  560s
  2211  1433 218341.219  129   85 210431.374 227867.936  8.29%   103  565s
  2216  1438 218128.487  131   82 210431.374 227867.936  8.29%   104  570s
  2233  1455 216535.014  140   80 210431.374 227867.936  8.29%   104  575s
  2235  1457 216526.823  141   80 210431.374 227867.936  8.29%   104  580s
  2243  1465 216338.172  145   77 210431.374 227867.936  8.29%   104  587s
  2248  1470 215398.537  147   74 210431.374 227867.936  8.29%   104  590s
  2269  1491 215114.521  158   67 210431.374 227867.936  8.29%   104  595s
  2276  1498 214639.857  161   65 210431.374 227867.936  8.29%   104  600s
  2297  1519 213903.633  172   62 210431.374 227867.936  8.29%   104  607s
H 2300  1477                    210743.83332 227867.936  8.13%   104  612s
  2314  1493 212866.094  180   62 210743.833 227867.936  8.13%   104  615s
  2324  1503 212902.937  185   55 210743.833 227867.936  8.13%   104  621s
  2338  1517 212617.344  192   52 210743.833 227867.936  8.13%   104  625s
  2351  1530 212638.312  199   48 210743.833 227867.936  8.13%   104  631s
  2377  1556 212236.395  212   46 210743.833 227867.936  8.13%   104  635s
  2378  1557 212105.603  212   46 210743.833 227867.936  8.13%   104  640s
  2405  1584 211678.961  226   40 210743.833 227867.936  8.13%   103  645s
  2432  1603 211174.169  240   25 210743.833 227867.936  8.13%   102  657s
  2459  1614 210872.088  254   16 210743.833 227867.936  8.13%   101  673s
  2463  1612 227461.835   22  176 210743.833 227794.297  8.09%   102  690s
  2465  1614 227354.463   23  175 210743.833 227794.297  8.09%   102  695s
  2472  1621 227237.221   27  167 210743.833 227794.297  8.09%   103  700s
  2480  1629 226794.595   31  160 210743.833 227794.297  8.09%   103  705s
  2486  1635 226680.164   34  157 210743.833 227794.297  8.09%   103  716s
  2495  1644 226144.612   38  150 210743.833 227794.297  8.09%   104  720s
  2506  1655 225919.001   44  141 210743.833 227794.297  8.09%   104  725s
  2513  1662 225548.120   47  134 210743.833 227794.297  8.09%   104  741s
  2520  1669 225210.084   51  130 210743.833 227794.297  8.09%   105  745s
  2532  1681 224745.394   57  127 210743.833 227794.297  8.09%   105  750s
  2551  1700 223951.961   66  114 210743.833 227794.297  8.09%   105  755s
  2569  1718 223097.631   75  100 210743.833 227794.297  8.09%   106  760s
  2591  1740 222072.534   86   92 210743.833 227794.297  8.09%   106  765s
  2600  1749 221828.509   91   85 210743.833 227794.297  8.09%   106  778s
  2601  1750 221560.098   91   79 210743.833 227794.297  8.09%   106  787s
  2615  1764 220426.729   98   75 210743.833 227794.297  8.09%   106  790s
  2653  1802 219338.460  117   47 210743.833 227794.297  8.09%   105  795s
  2692  1841 218802.188  137   36 210743.833 227794.297  8.09%   105  800s
  2728  1877 218211.787  155   31 210743.833 227794.297  8.09%   104  805s
  2774  1923 218047.011  178   23 210743.833 227794.297  8.09%   103  810s
  2823  1972 217358.835  202   16 210743.833 227794.297  8.09%   101  815s
  2878  2027 217848.078  230   18 210743.833 227794.297  8.09%   100  820s
H 2931  1837                    211957.78391 227794.297  7.47%  98.6  824s
  2934  1842 214860.502  258    2 211957.784 227794.297  7.47%  98.5  825s
* 2941  1453             265    215642.67991 227794.297  5.64%  98.3  827s
  2943  1453 227286.169   24  177 215642.680 227792.209  5.63%  98.7  836s
  2949  1459 226834.471   27  163 215642.680 227792.209  5.63%  99.1  840s
  2957  1467 226558.398   31  157 215642.680 227792.209  5.63%   100  845s
  2966  1476 226540.255   36  155 215642.680 227792.209  5.63%   100  850s
  2977  1487 225891.065   41  149 215642.680 227792.209  5.63%   100  855s
  2986  1496 226018.583   46  145 215642.680 227792.209  5.63%   101  860s
  2997  1507 225314.659   51  133 215642.680 227792.209  5.63%   101  865s
  3007  1517 224547.708   56  130 215642.680 227792.209  5.63%   101  870s
  3021  1531 224384.107   63  129 215642.680 227792.209  5.63%   102  875s
  3022  1532 224448.730   64  127 215642.680 227792.209  5.63%   102  901s
  3028  1538 224184.856   67  127 215642.680 227792.209  5.63%   102  905s
  3045  1555 223419.373   75  110 215642.680 227792.209  5.63%   102  910s
  3062  1572 222624.840   84  106 215642.680 227792.209  5.63%   102  915s
  3085  1595 221090.058   95   85 215642.680 227792.209  5.63%   103  920s
  3108  1618 220422.603  107   70 215642.680 227792.209  5.63%   103  925s
  3143  1653 219173.560  124   59 215642.680 227792.209  5.63%   102  930s
  3183  1693 217805.026  144   47 215642.680 227792.209  5.63%   102  935s
  3216  1712 227359.427   24  178 215642.680 227709.652  5.60%   102  951s
  3219  1715 226838.813   26  161 215642.680 227709.652  5.60%   102  955s
  3226  1722 226679.192   29  162 215642.680 227709.652  5.60%   102  960s
  3236  1732 226160.370   34  153 215642.680 227709.652  5.60%   102  965s
  3250  1746 225618.961   41  144 215642.680 227709.652  5.60%   103  970s
  3258  1754 225503.068   45  142 215642.680 227709.652  5.60%   103  975s
  3266  1762 224891.372   49  128 215642.680 227709.652  5.60%   103  980s
  3276  1772 224324.962   54  125 215642.680 227709.652  5.60%   104  985s
  3292  1788 223574.526   62  124 215642.680 227709.652  5.60%   104  990s
  3305  1801 223327.572   69  121 215642.680 227709.652  5.60%   104  995s
  3323  1819 222528.747   78  115 215642.680 227709.652  5.60%   104 1000s
  3343  1839 221710.360   88  101 215642.680 227709.652  5.60%   104 1005s
  3366  1862 220292.571   99   76 215642.680 227709.652  5.60%   104 1010s
  3395  1891 219753.922  114   70 215642.680 227709.652  5.60%   104 1015s
  3420  1916 218324.986  126   65 215642.680 227709.652  5.60%   104 1020s
  3457  1953 217797.897  145   39 215642.680 227709.652  5.60%   103 1025s
  3496  1992 216875.507  164   26 215642.680 227709.652  5.60%   103 1030s
  3509  1981 227200.107   25  173 215642.680 227701.552  5.59%   103 1042s
  3511  1983 227146.305   26  175 215642.680 227701.552  5.59%   103 1045s
  3520  1992 226790.110   31  162 215642.680 227701.552  5.59%   104 1050s
  3530  2002 226335.511   36  156 215642.680 227701.552  5.59%   104 1055s
  3533  2005 226108.536   37  157 215642.680 227701.552  5.59%   104 1064s
  3534  2006 226128.278   38  155 215642.680 227701.552  5.59%   104 1065s
  3546  2018 225677.286   44  147 215642.680 227701.552  5.59%   104 1070s
  3556  2028 225344.861   49  144 215642.680 227701.552  5.59%   104 1075s
  3569  2041 224356.693   55  127 215642.680 227701.552  5.59%   105 1080s
  3581  2053 224030.175   61  121 215642.680 227701.552  5.59%   105 1085s
  3595  2067 223845.081   68  117 215642.680 227701.552  5.59%   105 1090s
  3609  2081 223412.039   75  115 215642.680 227701.552  5.59%   105 1095s
  3626  2098 222696.075   84  106 215642.680 227701.552  5.59%   105 1100s
  3647  2119 221399.656   94  101 215642.680 227701.552  5.59%   105 1105s
  3670  2142 220572.092  106   87 215642.680 227701.552  5.59%   105 1110s
  3694  2166 219093.943  118   78 215642.680 227701.552  5.59%   105 1115s
  3724  2196 218081.070  133   59 215642.680 227701.552  5.59%   105 1120s
  3756  2228 217119.198  149   44 215642.680 227701.552  5.59%   105 1125s
  3783  2254 216221.881  162   37 215642.680 227701.552  5.59%   104 1130s
  3821  2285 216175.222  182   23 215642.680 227701.552  5.59%   103 1135s
  3890  2311 226856.118   25  171 215642.680 227564.971  5.53%   102 1145s
  3898  2319 225911.647   33  157 215642.680 227564.971  5.53%   103 1150s
  3909  2330 225140.556   39  138 215642.680 227564.971  5.53%   103 1155s
  3923  2344 224921.768   44  144 215642.680 227564.971  5.53%   103 1160s
  3934  2355 224590.003   48  131 215642.680 227564.971  5.53%   103 1165s
H 3941  2335                    215779.55946 227564.971  5.46%   103 1169s
  3942  2338 224129.469   50  131 215779.559 227564.971  5.46%   104 1170s
  3956  2352 223822.526   54  125 215779.559 227564.971  5.46%   104 1175s
  3970  2366 223443.351   59  123 215779.559 227564.971  5.46%   104 1180s
  3979  2375 223104.981   61  121 215779.559 227564.971  5.46%   104 1185s
  3991  2387 222580.808   66  103 215779.559 227564.971  5.46%   104 1190s
  3999  2395 222435.365   69  101 215779.559 227564.971  5.46%   104 1195s
  4008  2404 222185.599   72  104 215779.559 227564.971  5.46%   104 1203s
  4009  2405 221592.175   72   97 215779.559 227564.971  5.46%   104 1207s
  4013  2409 221565.668   73   97 215779.559 227564.971  5.46%   105 1210s
  4033  2429 221018.406   79   92 215779.559 227564.971  5.46%   104 1215s
  4049  2445 220495.011   84   88 215779.559 227564.971  5.46%   105 1220s
  4068  2464 220036.512   93   79 215779.559 227564.971  5.46%   105 1225s
  4088  2484 219167.279  104   62 215779.559 227564.971  5.46%   104 1255s
  4103  2499 218937.659  106   61 215779.559 227564.971  5.46%   104 1260s
  4140  2536 218096.654  116   47 215779.559 227564.971  5.46%   104 1265s
  4168  2564 217606.236  127   36 215779.559 227564.971  5.46%   104 1270s
  4200  2596 216009.472  142   30 215779.559 227564.971  5.46%   104 1275s
  4222  2604 226895.870   26  176 215779.559 227561.622  5.46%   104 1283s
  4223  2605 226632.987   27  166 215779.559 227561.622  5.46%   104 1285s
  4229  2611 225975.990   32  161 215779.559 227561.622  5.46%   104 1290s
  4232  2614 225928.983   33  162 215779.559 227561.622  5.46%   104 1305s
  4240  2622 225537.723   36  155 215779.559 227561.622  5.46%   104 1310s
  4251  2633 224866.285   39  151 215779.559 227561.622  5.46%   104 1315s
  4263  2645 224410.926   44  134 215779.559 227561.622  5.46%   105 1321s
  4272  2654 224202.054   49  131 215779.559 227561.622  5.46%   105 1325s
  4279  2661 223685.552   52  124 215779.559 227561.622  5.46%   105 1330s
  4288  2670 223582.490   55  130 215779.559 227561.622  5.46%   105 1335s
  4299  2681 223162.828   58  123 215779.559 227561.622  5.46%   105 1340s
  4314  2696 222414.283   64  109 215779.559 227561.622  5.46%   105 1345s
  4322  2704 222106.925   67  105 215779.559 227561.622  5.46%   106 1350s
  4333  2715 221682.457   71  103 215779.559 227561.622  5.46%   106 1355s
  4348  2730 221270.568   76  100 215779.559 227561.622  5.46%   106 1360s
  4365  2747 220474.261   84   85 215779.559 227561.622  5.46%   106 1365s
  4385  2767 219698.792   89   76 215779.559 227561.622  5.46%   106 1370s
  4412  2794 219112.752  103   65 215779.559 227561.622  5.46%   106 1375s
  4452  2834 218098.287  123   47 215779.559 227561.622  5.46%   106 1380s
  4469  2851 217387.620  127   53 215779.559 227561.622  5.46%   106 1385s
  4500  2879 216340.098  140   26 215779.559 227561.622  5.46%   106 1390s
  4563  2927 227377.484   25  178 215779.559 227559.423  5.46%   105 1399s
  4564  2928 227125.954   26  167 215779.559 227559.423  5.46%   105 1400s
  4571  2935 226794.300   29  168 215779.559 227559.423  5.46%   105 1405s
  4580  2944 226393.845   36  161 215779.559 227559.423  5.46%   105 1410s
  4587  2951 226047.234   38  159 215779.559 227559.423  5.46%   105 1415s
  4596  2960 225598.718   46  145 215779.559 227559.423  5.46%   106 1420s
  4604  2968 225306.716   50  142 215779.559 227559.423  5.46%   106 1425s
  4611  2975 225262.232   52  142 215779.559 227559.423  5.46%   106 1430s
  4622  2986 224831.473   55  132 215779.559 227559.423  5.46%   106 1435s
  4632  2996 224241.792   60  117 215779.559 227559.423  5.46%   106 1440s
  4645  3009 223702.840   64  111 215779.559 227559.423  5.46%   107 1445s
  4660  3024 223434.836   70  112 215779.559 227559.423  5.46%   107 1450s
  4677  3041 222371.883   77   90 215779.559 227559.423  5.46%   107 1455s
  4706  3070 221250.627   88   78 215779.559 227559.423  5.46%   107 1460s
  4748  3112 220145.234  107   55 215779.559 227559.423  5.46%   106 1465s
  4766  3130 218753.512  112   49 215779.559 227559.423  5.46%   107 1470s
  4807  3171 218214.318  117   41 215779.559 227559.423  5.46%   106 1475s
  4857  3221 216817.751  155   16 215779.559 227559.423  5.46%   105 1480s
* 4925  2897             221    217102.32244 227559.423  4.82%   104 1483s
  4931  2893 226987.637   25  170 217102.322 227533.367  4.80%   104 1488s
  4932  2894 226731.529   26  160 217102.322 227533.367  4.80%   104 1490s
  4943  2905 225735.351   33  144 217102.322 227533.367  4.80%   104 1495s
  4954  2916 225621.265   38  146 217102.322 227533.367  4.80%   105 1500s
  4962  2924 225295.000   41  139 217102.322 227533.367  4.80%   105 1505s
  4974  2936 224667.943   50  132 217102.322 227533.367  4.80%   105 1510s
  4984  2946 224122.491   55  124 217102.322 227533.367  4.80%   105 1515s
  4988  2950 224127.721   56  128 217102.322 227533.367  4.80%   105 1521s
  4991  2953 223804.299   57  126 217102.322 227533.367  4.80%   105 1525s
  4999  2961 223276.662   61  110 217102.322 227533.367  4.80%   105 1530s
  5010  2972 223132.248   64  109 217102.322 227533.367  4.80%   105 1542s
  5014  2976 222965.122   67  109 217102.322 227533.367  4.80%   105 1545s
  5027  2989 222551.631   70   98 217102.322 227533.367  4.80%   105 1550s
  5042  3004 222020.781   77   93 217102.322 227533.367  4.80%   105 1555s
  5065  3027 221194.803   88   86 217102.322 227533.367  4.80%   105 1560s
  5083  3045 220356.694   92   77 217102.322 227533.367  4.80%   105 1565s
  5108  3070 219643.336  102   62 217102.322 227533.367  4.80%   105 1570s
  5135  3097 218925.227  112   53 217102.322 227533.367  4.80%   105 1575s
  5172  3134 218407.664  130   47 217102.322 227533.367  4.80%   105 1580s
  5247  3206 217755.894  195    9 217102.322 227533.367  4.80%   103 1585s
  5261  3210 226991.056   26  160 217102.322 227533.318  4.80%   103 1592s
  5266  3215 226346.192   31  148 217102.322 227533.318  4.80%   103 1595s
  5268  3217 226184.926   32  148 217102.322 227533.318  4.80%   103 1601s
  5273  3222 225881.083   35  137 217102.322 227533.318  4.80%   104 1605s
  5282  3231 225498.134   40  137 217102.322 227533.318  4.80%   104 1610s
  5291  3240 225140.429   45  135 217102.322 227533.318  4.80%   104 1615s
  5298  3247 224597.700   49  124 217102.322 227533.318  4.80%   104 1620s
  5308  3257 224099.064   53  115 217102.322 227533.318  4.80%   104 1625s
  5323  3272 223361.392   59  111 217102.322 227533.318  4.80%   104 1630s
  5330  3279 223159.567   64  100 217102.322 227533.318  4.80%   104 1663s
  5334  3283 223022.906   63   95 217102.322 227533.318  4.80%   104 1665s
  5351  3300 222391.391   72   90 217102.322 227533.318  4.80%   104 1670s
  5367  3316 221742.922   77   81 217102.322 227533.318  4.80%   104 1675s
  5385  3334 221056.735   88   67 217102.322 227533.318  4.80%   104 1680s
  5426  3375 220321.164  106   50 217102.322 227533.318  4.80%   104 1685s
  5440  3389 219509.463  109   48 217102.322 227533.318  4.80%   104 1690s
  5463  3412 219205.345  118   38 217102.322 227533.318  4.80%   104 1695s
  5523  3472 218745.647  166   13 217102.322 227533.318  4.80%   103 1700s
  5573  3506 227154.960   26  164 217102.322 227487.990  4.78%   102 1734s
  5574  3507 226880.046   27  156 217102.322 227487.990  4.78%   102 1737s
  5579  3512 226567.408   31  153 217102.322 227487.990  4.78%   102 1740s
  5586  3519 226421.859   34  151 217102.322 227487.990  4.78%   103 1745s
  5594  3527 225881.836   39  145 217102.322 227487.990  4.78%   103 1750s
  5606  3539 225647.382   43  142 217102.322 227487.990  4.78%   103 1755s
  5616  3549 225118.019   46  137 217102.322 227487.990  4.78%   103 1760s
  5622  3555 224958.277   47  136 217102.322 227487.990  4.78%   103 1765s
  5629  3562 224517.883   51  127 217102.322 227487.990  4.78%   103 1770s
  5635  3568 224479.099   52  130 217102.322 227487.990  4.78%   103 1775s
  5646  3579 224121.803   55  121 217102.322 227487.990  4.78%   103 1780s
  5660  3593 223307.182   59  112 217102.322 227487.990  4.78%   103 1785s
  5670  3603 222998.347   65  104 217102.322 227487.990  4.78%   103 1790s
  5688  3621 222237.552   75   92 217102.322 227487.990  4.78%   104 1795s
  5704  3637 221439.308   81   86 217102.322 227487.990  4.78%   104 1800s
  5727  3660 220773.893   88   76 217102.322 227487.990  4.78%   104 1805s
  5749  3682 220025.109   96   63 217102.322 227487.990  4.78%   103 1810s
  5791  3724 219316.533  107   49 217102.322 227487.990  4.78%   103 1815s
  5824  3757 218734.900  122   31 217102.322 227487.990  4.78%   103 1820s
  5857  3790 217506.997  138   29 217102.322 227487.990  4.78%   103 1825s
  5925  3854 217313.585  200    4 217102.322 227487.990  4.78%   102 1830s
* 5927  3763             202    217313.49275 227487.990  4.68%   102 1830s
  5933  3759 227066.888   27  166 217313.493 227487.751  4.68%   102 1837s
  5936  3762 226563.724   30  157 217313.493 227487.751  4.68%   102 1840s
  5945  3771 225916.884   34  146 217313.493 227487.751  4.68%   102 1845s
  5955  3781 225698.572   36  145 217313.493 227487.751  4.68%   102 1850s
  5969  3795 224998.970   44  133 217313.493 227487.751  4.68%   102 1855s
  5979  3805 224857.513   47  133 217313.493 227487.751  4.68%   102 1860s
  5984  3810 224723.002   48  138 217313.493 227487.751  4.68%   102 1865s
  5988  3814 224507.441   49  132 217313.493 227487.751  4.68%   103 1871s
  5997  3823 224186.054   51  122 217313.493 227487.751  4.68%   103 1875s
  6009  3835 223765.725   58  120 217313.493 227487.751  4.68%   103 1880s
  6012  3838 223352.108   61  112 217313.493 227487.751  4.68%   103 1889s
  6013  3839 223508.108   60  120 217313.493 227487.751  4.68%   103 1890s
  6027  3853 222821.197   63  104 217313.493 227487.751  4.68%   103 1895s
  6049  3875 221986.811   71   99 217313.493 227487.751  4.68%   103 1900s
  6069  3895 221030.588   81   85 217313.493 227487.751  4.68%   103 1905s
  6093  3919 220333.953   90   80 217313.493 227487.751  4.68%   103 1910s
  6120  3946 219397.785   98   61 217313.493 227487.751  4.68%   103 1915s
  6166  3992 218112.424  126   32 217313.493 227487.751  4.68%   102 1920s
  6261  4074 226839.704   27  159 217313.493 227485.330  4.68%   101 1931s
  6267  4080 226337.525   30  149 217313.493 227485.330  4.68%   101 1935s
  6278  4091 225703.294   35  143 217313.493 227485.330  4.68%   101 1940s
  6290  4103 225016.350   38  130 217313.493 227485.330  4.68%   102 1945s
  6302  4115 224626.423   43  124 217313.493 227485.330  4.68%   102 1950s
  6312  4125 224180.845   48  125 217313.493 227485.330  4.68%   102 1955s
  6322  4135 224045.585   51  123 217313.493 227485.330  4.68%   102 1960s
  6338  4151 223255.841   60  106 217313.493 227485.330  4.68%   102 1965s
  6357  4170 222511.118   65  101 217313.493 227485.330  4.68%   102 1970s
  6377  4190 221664.120   72   91 217313.493 227485.330  4.68%   102 1975s
  6402  4215 220568.627   86   86 217313.493 227485.330  4.68%   102 1980s
  6435  4248 219583.771   96   60 217313.493 227485.330  4.68%   102 1985s
  6493  4306 218591.336  136   33 217313.493 227485.330  4.68%   101 1990s
  6594  4403     cutoff  236      217313.493 227485.330  4.68%   100 1995s
  6598  4401 227006.075   28  158 217313.493 227482.761  4.68%   100 2001s
  6605  4408 226163.125   35  149 217313.493 227482.761  4.68%   100 2005s
  6619  4422 223736.511   49  141 217313.493 227482.761  4.68%   100 2010s
  6637  4440 221492.107   67  115 217313.493 227482.761  4.68%   100 2015s
  6662  4465 218294.728   92   95 217313.493 227482.761  4.68%   100 2020s
  6679  4472 226788.633   28  161 217313.493 227479.422  4.68%   100 2027s
  6680  4473 226499.738   29  156 217313.493 227479.422  4.68%   101 2030s
  6690  4483 225124.561   39  145 217313.493 227479.422  4.68%   101 2036s
  6696  4489 223714.864   45  131 217313.493 227479.422  4.68%   101 2040s
  6709  4502 222504.994   58  130 217313.493 227479.422  4.68%   101 2045s
  6724  4517 220857.959   73  111 217313.493 227479.422  4.68%   101 2051s
  6738  4531 219636.185   87  109 217313.493 227479.422  4.68%   100 2055s
  6756  4549 217586.707  105   86 217313.493 227479.422  4.68%   100 2060s
  6767  4549 226788.327   26  172 217313.493 227474.871  4.68%   101 2068s
  6768  4550 226493.064   27  164 217313.493 227474.871  4.68%   101 2073s
  6770  4552 226338.001   28  166 217313.493 227474.871  4.68%   101 2075s
  6778  4560 226647.183   32  168 217313.493 227474.871  4.68%   101 2080s
  6785  4567 226011.963   35  162 217313.493 227474.871  4.68%   101 2085s
  6790  4572 226101.664   38  158 217313.493 227474.871  4.68%   101 2090s
  6795  4577 225927.273   40  157 217313.493 227474.871  4.68%   101 2095s
  6798  4580 225765.416   42  152 217313.493 227474.871  4.68%   101 2100s
  6804  4586 225558.572   45  149 217313.493 227474.871  4.68%   101 2105s
  6807  4589 225330.143   46  145 217313.493 227474.871  4.68%   101 2110s
  6813  4595 224836.902   49  140 217313.493 227474.871  4.68%   102 2115s
  6817  4599 224631.638   51  138 217313.493 227474.871  4.68%   102 2120s
  6827  4609 224047.234   56  125 217313.493 227474.871  4.68%   102 2125s
  6835  4617 223316.803   60  112 217313.493 227474.871  4.68%   102 2130s
  6845  4627 223238.213   65  115 217313.493 227474.871  4.68%   102 2135s
  6857  4639 222598.176   71  106 217313.493 227474.871  4.68%   102 2140s
  6871  4653 221825.685   78  101 217313.493 227474.871  4.68%   102 2145s
  6882  4664 221449.759   84   99 217313.493 227474.871  4.68%   102 2150s
  6896  4678 220770.841   91   88 217313.493 227474.871  4.68%   102 2155s
  6916  4698 220090.936  101   79 217313.493 227474.871  4.68%   102 2160s
  6930  4712 219692.619  108   69 217313.493 227474.871  4.68%   102 2165s
  6956  4738 218745.344  121   58 217313.493 227474.871  4.68%   102 2170s
  6979  4761 218127.988  132   53 217313.493 227474.871  4.68%   102 2175s
  6993  4775 217457.911  139   44 217313.493 227474.871  4.68%   102 2180s
  7025  4804 217335.232  155   37 217313.493 227474.871  4.68%   101 2185s
  7039  4805 226817.980   27  172 217313.493 227472.904  4.68%   102 2195s
  7042  4808 226307.834   30  162 217313.493 227472.904  4.68%   102 2200s
  7051  4817 225763.736   39  156 217313.493 227472.904  4.68%   102 2205s
  7059  4825 224282.508   47  141 217313.493 227472.904  4.68%   102 2210s
  7069  4835 223259.344   57  140 217313.493 227472.904  4.68%   102 2215s
  7079  4845 222306.471   67  134 217313.493 227472.904  4.68%   102 2220s
  7088  4854 221285.015   76  127 217313.493 227472.904  4.68%   102 2225s
  7097  4863 219835.501   85  122 217313.493 227472.904  4.68%   102 2230s
  7112  4878 218410.829  100  119 217313.493 227472.904  4.68%   102 2235s
  7133  4884     cutoff  110      217313.493 227472.904  4.68%   102 2240s
  7149  4883 226608.682   27  171 217313.493 227418.315  4.65%   102 2249s
  7150  4884 226322.085   28  163 217313.493 227418.315  4.65%   102 2250s
  7160  4894 225441.647   38  145 217313.493 227418.315  4.65%   102 2255s
  7172  4906 224149.109   50  131 217313.493 227418.315  4.65%   102 2260s
  7180  4914 222981.964   58  116 217313.493 227418.315  4.65%   102 2265s
  7189  4923 221854.335   67   99 217313.493 227418.315  4.65%   102 2270s
  7202  4936 220147.384   80   84 217313.493 227418.315  4.65%   102 2275s
  7225  4959 218584.945  103   63 217313.493 227418.315  4.65%   102 2280s
  7252  4977 226958.025   29  169 217313.493 227410.246  4.65%   102 2287s
  7254  4979 226233.518   31  154 217313.493 227410.246  4.65%   102 2290s
  7262  4987 225759.791   33  149 217313.493 227410.246  4.65%   102 2295s
  7268  4993 225405.256   36  144 217313.493 227410.246  4.65%   102 2300s
  7276  5001 225203.261   39  145 217313.493 227410.246  4.65%   103 2305s
  7284  5009 224876.652   44  145 217313.493 227410.246  4.65%   103 2310s
  7291  5016 224624.093   45  141 217313.493 227410.246  4.65%   103 2315s
  7300  5025 224399.170   46  137 217313.493 227410.246  4.65%   103 2320s
  7308  5033 224005.137   50  134 217313.493 227410.246  4.65%   103 2325s
  7318  5043 223803.388   53  133 217313.493 227410.246  4.65%   103 2330s
  7327  5052 223287.598   55  119 217313.493 227410.246  4.65%   103 2335s
  7339  5064 223167.045   58  128 217313.493 227410.246  4.65%   103 2340s
  7352  5077 222816.270   61  125 217313.493 227410.246  4.65%   103 2345s
  7366  5091 222222.715   65  113 217313.493 227410.246  4.65%   103 2350s
  7379  5104 221265.552   71   97 217313.493 227410.246  4.65%   103 2355s
  7401  5126 220275.237   84   84 217313.493 227410.246  4.65%   103 2360s
  7425  5150 219557.533   93   69 217313.493 227410.246  4.65%   103 2365s
  7452  5177 219016.573  101   65 217313.493 227410.246  4.65%   103 2370s
  7481  5206 218276.615  114   57 217313.493 227410.246  4.65%   103 2375s
  7511  5236 217859.135  123   45 217313.493 227410.246  4.65%   103 2380s
  7540  5256 226752.200   29  164 217313.493 227404.878  4.64%   103 2388s
  7541  5257 226458.705   30  155 217313.493 227404.878  4.64%   103 2390s
  7551  5267 225086.019   40  145 217313.493 227404.878  4.64%   103 2395s
  7563  5279 223349.882   52  136 217313.493 227404.878  4.64%   103 2400s
  7574  5290 222384.160   63  121 217313.493 227404.878  4.64%   103 2405s
  7599  5315 220150.310   88   99 217313.493 227404.878  4.64%   103 2410s
  7629  5333 217414.358  107   77 217313.493 227404.878  4.64%   103 2415s
  7640  5331 227046.692   24  169 217313.493 227399.078  4.64%   103 2421s
  7646  5337 226059.354   30  151 217313.493 227399.078  4.64%   103 2425s
  7658  5349 224535.100   42  136 217313.493 227399.078  4.64%   103 2430s
  7669  5360 223129.840   53  132 217313.493 227399.078  4.64%   103 2435s
  7682  5373 221938.297   66  123 217313.493 227399.078  4.64%   103 2440s
  7701  5392 220343.861   85  111 217313.493 227399.078  4.64%   103 2445s
  7716  5407 218802.866  100  108 217313.493 227399.078  4.64%   103 2450s
  7745  5416 227083.537   24  172 217313.493 227385.629  4.63%   103 2458s
  7747  5418 226641.049   26  165 217313.493 227385.629  4.63%   103 2460s
  7756  5427 225291.984   35  140 217313.493 227385.629  4.63%   103 2465s
  7764  5435 224336.544   43  140 217313.493 227385.629  4.63%   103 2470s
  7772  5443 223544.013   51  143 217313.493 227385.629  4.63%   103 2475s
  7780  5451 222514.983   59  136 217313.493 227385.629  4.63%   103 2480s
  7794  5465 221248.325   73  112 217313.493 227385.629  4.63%   103 2485s
  7809  5480 219727.021   88  109 217313.493 227385.629  4.63%   103 2490s
  7824  5495 217770.665  103   94 217313.493 227385.629  4.63%   103 2495s
  7834  5495 226638.847   28  170 217313.493 227384.316  4.63%   103 2503s
  7835  5496 226339.421   29  161 217313.493 227384.316  4.63%   104 2505s
  7842  5503 225826.681   33  142 217313.493 227384.316  4.63%   104 2510s
  7851  5512 224375.974   40  136 217313.493 227384.316  4.63%   104 2515s
  7859  5520 223668.826   42  128 217313.493 227384.316  4.63%   104 2520s
  7868  5529 223442.542   43  123 217313.493 227384.316  4.63%   104 2525s
  7878  5539 223121.087   46  116 217313.493 227384.316  4.63%   104 2530s
  7891  5552 222312.591   52  105 217313.493 227384.316  4.63%   104 2535s
  7905  5566 220927.135   60  102 217313.493 227384.316  4.63%   104 2540s
  7926  5587 219665.161   70   89 217313.493 227384.316  4.63%   104 2545s
  7946  5607 218101.528   84   70 217313.493 227384.316  4.63%   104 2550s
  7972  5621 226832.262   28  174 217313.493 227377.046  4.63%   104 2561s
  7973  5622 226816.700   29  171 217313.493 227377.046  4.63%   104 2565s
  7976  5625 226273.793   32  157 217313.493 227377.046  4.63%   104 2570s
  7979  5628 225743.207   35  157 217313.493 227377.046  4.63%   104 2575s
  7982  5631 224887.624   38  148 217313.493 227377.046  4.63%   104 2580s
  7990  5639 224232.028   46  145 217313.493 227377.046  4.63%   104 2585s
  7998  5647 222885.349   54  144 217313.493 227377.046  4.63%   104 2590s
  8000  5649 222412.138   56  138 217313.493 227377.046  4.63%   104 2595s
  8010  5659 221513.720   66  127 217313.493 227377.046  4.63%   104 2600s
  8016  5665 220764.463   72  122 217313.493 227377.046  4.63%   104 2611s
  8026  5675 219615.018   82  121 217313.493 227377.046  4.63%   104 2615s
  8035  5684 218676.439   91  110 217313.493 227377.046  4.63%   104 2620s
  8052  5697 217636.272  105   87 217313.493 227377.046  4.63%   104 2625s
  8066  5698 227331.966   26  176 217313.493 227353.097  4.62%   104 2630s
  8073  5705 226693.352   33  169 217313.493 227353.097  4.62%   104 2635s
  8079  5711 226083.357   39  160 217313.493 227353.097  4.62%   104 2640s
  8085  5717 224994.945   45  143 217313.493 227353.097  4.62%   104 2645s
  8091  5723 224217.043   51  129 217313.493 227353.097  4.62%   104 2650s
  8099  5731 223036.016   59  120 217313.493 227353.097  4.62%   104 2657s
  8107  5739 222528.651   67  118 217313.493 227353.097  4.62%   104 2660s
  8123  5755 220551.981   83   95 217313.493 227353.097  4.62%   104 2665s
  8138  5770 219137.425   98   68 217313.493 227353.097  4.62%   104 2670s
  8184  5802 226796.412   26  170 217313.493 227353.068  4.62%   104 2680s
  8191  5809 225316.370   33  153 217313.493 227353.068  4.62%   104 2686s
  8198  5816 224417.054   40  145 217313.493 227353.068  4.62%   104 2690s
  8209  5827 223275.567   51  141 217313.493 227353.068  4.62%   104 2695s
  8218  5836 222439.113   60  128 217313.493 227353.068  4.62%   104 2700s
  8230  5848 221205.979   72  120 217313.493 227353.068  4.62%   104 2705s
  8242  5860 220183.683   84  113 217313.493 227353.068  4.62%   104 2710s
  8254  5872 218299.610   96   97 217313.493 227353.068  4.62%   104 2715s
  8280  5880 227106.688   26  171 217313.493 227347.085  4.62%   104 2722s
  8283  5883 226262.371   29  162 217313.493 227347.085  4.62%   104 2725s
  8294  5894 225206.158   40  152 217313.493 227347.085  4.62%   104 2730s
  8300  5900 224058.595   46  141 217313.493 227347.085  4.62%   104 2735s
  8310  5910 222930.699   56  134 217313.493 227347.085  4.62%   104 2740s
  8320  5920 222099.838   66  135 217313.493 227347.085  4.62%   104 2745s
  8334  5934 221092.496   80  125 217313.493 227347.085  4.62%   104 2750s
  8346  5946 219801.530   92  119 217313.493 227347.085  4.62%   104 2755s
  8354  5954 218795.248  100  119 217313.493 227347.085  4.62%   104 2760s
  8371  5963 217468.894  110  115 217313.493 227347.085  4.62%   104 2765s
  8394  5960 226672.414   31  175 217313.493 227345.358  4.62%   104 2777s
  8395  5961 226306.575   32  174 217313.493 227345.358  4.62%   104 2780s
  8399  5965 225612.433   36  150 217313.493 227345.358  4.62%   104 2785s
  8411  5977 224306.428   48  136 217313.493 227345.358  4.62%   104 2790s
  8420  5986 222808.165   57  128 217313.493 227345.358  4.62%   104 2795s
  8434  6000 221651.960   71  122 217313.493 227345.358  4.62%   104 2800s
  8443  6009 219933.625   80  105 217313.493 227345.358  4.62%   104 2805s
  8458  6024 218400.497   95   89 217313.493 227345.358  4.62%   104 2810s
  8483  6030 227081.944   26  172 217313.493 227345.249  4.62%   104 2817s
  8485  6032 226363.901   28  155 217313.493 227345.249  4.62%   104 2820s
  8497  6044 224967.955   40  139 217313.493 227345.249  4.62%   104 2825s
  8507  6054 223694.600   50  138 217313.493 227345.249  4.62%   104 2830s
  8510  6057 223232.367   53  137 217313.493 227345.249  4.62%   104 2835s
  8513  6060 222799.403   56  128 217313.493 227345.249  4.62%   104 2840s
  8521  6068 222178.357   64  126 217313.493 227345.249  4.62%   104 2845s
  8529  6076 221577.849   72  123 217313.493 227345.249  4.62%   105 2850s
  8540  6087 220150.460   83  114 217313.493 227345.249  4.62%   105 2855s
  8551  6098 219090.277   94  107 217313.493 227345.249  4.62%   105 2860s
  8568  6115 217352.328  111   87 217313.493 227345.249  4.62%   105 2865s
  8582  6113 226907.607   27  169 217313.493 227343.107  4.62%   105 2871s
  8587  6118 226248.884   30  160 217313.493 227343.107  4.62%   105 2875s
  8595  6126 225598.131   35  155 217313.493 227343.107  4.62%   105 2880s
  8603  6134 225126.037   37  144 217313.493 227343.107  4.62%   105 2885s
  8610  6141 224705.102   39  137 217313.493 227343.107  4.62%   105 2890s
  8616  6147 224620.598   41  138 217313.493 227343.107  4.62%   105 2895s
  8623  6154 224341.015   43  134 217313.493 227343.107  4.62%   105 2900s
  8632  6163 223995.652   47  130 217313.493 227343.107  4.62%   105 2905s
  8641  6172 223584.375   48  120 217313.493 227343.107  4.62%   105 2910s
  8654  6185 223027.454   54  117 217313.493 227343.107  4.62%   105 2915s
  8669  6200 222424.791   59  111 217313.493 227343.107  4.62%   105 2920s
  8687  6218 221864.321   68  110 217313.493 227343.107  4.62%   105 2925s
  8699  6230 221530.186   72  109 217313.493 227343.107  4.62%   105 2930s
  8716  6247 220825.028   79  103 217313.493 227343.107  4.62%   105 2935s
  8730  6261 220285.671   85   96 217313.493 227343.107  4.62%   105 2940s
  8744  6275 219928.050   91   93 217313.493 227343.107  4.62%   105 2945s
  8762  6293 219467.435   96   88 217313.493 227343.107  4.62%   106 2950s
  8780  6311 218975.705  100   87 217313.493 227343.107  4.62%   106 2955s
  8800  6331 218763.927  105   81 217313.493 227343.107  4.62%   105 2960s
  8816  6347 218282.758  110   78 217313.493 227343.107  4.62%   105 2965s
  8831  6362 217957.441  116   78 217313.493 227343.107  4.62%   105 2970s
  8855  6386 217522.390  126   67 217313.493 227343.107  4.62%   105 2975s
  8869  6388 226593.630   30  171 217313.493 227340.312  4.61%   105 2984s
  8870  6389 226299.683   31  163 217313.493 227340.312  4.61%   106 2986s
  8877  6396 225647.849   38  156 217313.493 227340.312  4.61%   106 2990s
  8888  6407 224438.542   49  150 217313.493 227340.312  4.61%   106 2995s
  8897  6416 223505.509   58  148 217313.493 227340.312  4.61%   106 3000s
  8905  6424 222574.381   66  142 217313.493 227340.312  4.61%   106 3005s
  8917  6436 221339.379   78  135 217313.493 227340.312  4.61%   106 3010s
  8928  6447 220328.469   89  127 217313.493 227340.312  4.61%   106 3015s
  8937  6456 219290.543   98  122 217313.493 227340.312  4.61%   106 3020s
  8945  6464 218442.922  106  112 217313.493 227340.312  4.61%   106 3025s
  8958  6471     cutoff  116      217313.493 227340.312  4.61%   106 3030s
  8961  6470 226652.321   30  174 217313.493 227331.021  4.61%   106 3038s
  8964  6473 226187.794   33  156 217313.493 227331.021  4.61%   106 3040s
  8973  6482 225307.635   42  145 217313.493 227331.021  4.61%   106 3046s
  8976  6485 224879.577   45  141 217313.493 227331.021  4.61%   106 3050s
  8980  6489 224477.752   49  141 217313.493 227331.021  4.61%   106 3055s
  8986  6495 223506.005   55  127 217313.493 227331.021  4.61%   106 3060s
  8998  6507 222058.224   67  114 217313.493 227331.021  4.61%   106 3065s
  9013  6522 219883.819   82   87 217313.493 227331.021  4.61%   106 3070s
  9018  6527 219317.178   87   84 217313.493 227331.021  4.61%   106 3075s
  9039  6547 217350.176  108   63 217313.493 227331.021  4.61%   106 3080s
  9048  6548 226601.625   31  166 217313.493 227321.771  4.61%   106 3085s
  9058  6558 225767.678   41  158 217313.493 227321.771  4.61%   106 3090s
  9064  6564 225350.993   47  155 217313.493 227321.771  4.61%   106 3095s
  9069  6569 224865.530   52  153 217313.493 227321.771  4.61%   106 3100s
  9077  6577 223951.757   60  150 217313.493 227321.771  4.61%   106 3105s
  9086  6586 223120.744   69  147 217313.493 227321.771  4.61%   106 3110s
  9094  6594 222231.878   77  137 217313.493 227321.771  4.61%   106 3115s
  9107  6607 220819.042   90  133 217313.493 227321.771  4.61%   106 3120s
  9119  6619 220049.645  102  129 217313.493 227321.771  4.61%   106 3125s
  9128  6628 218825.689  111  115 217313.493 227321.771  4.61%   106 3130s
  9149  6639 226708.824   25  158 217313.493 227321.318  4.61%   106 3140s
  9161  6651 225529.432   37  142 217313.493 227321.318  4.61%   106 3145s
  9173  6663 223874.493   49  139 217313.493 227321.318  4.61%   106 3150s
  9187  6677 222497.028   63  127 217313.493 227321.318  4.61%   106 3155s
  9206  6696 220667.246   82  114 217313.493 227321.318  4.61%   106 3160s
  9220  6710 219013.091   96  101 217313.493 227321.318  4.61%   106 3165s
  9248  6726 226873.828   25  165 217313.493 227319.913  4.60%   106 3174s
  9249  6727 226589.247   26  157 217313.493 227319.913  4.60%   106 3175s
  9256  6734 226376.924   29  157 217313.493 227319.913  4.60%   106 3180s
  9265  6743 226199.926   34  153 217313.493 227319.913  4.60%   107 3185s
  9272  6750 225388.379   37  140 217313.493 227319.913  4.60%   107 3190s
  9281  6759 225025.070   42  133 217313.493 227319.913  4.60%   107 3195s
  9289  6767 224659.961   46  131 217313.493 227319.913  4.60%   107 3200s
  9299  6777 223860.386   51  124 217313.493 227319.913  4.60%   107 3205s
  9312  6790 223103.689   57  116 217313.493 227319.913  4.60%   107 3210s
  9324  6802 222577.446   63  109 217313.493 227319.913  4.60%   107 3215s
  9340  6818 221797.169   71  101 217313.493 227319.913  4.60%   107 3220s
  9349  6827 221502.858   76   95 217313.493 227319.913  4.60%   107 3225s
  9372  6850 220450.269   87   86 217313.493 227319.913  4.60%   107 3230s
  9390  6868 220000.015   96   75 217313.493 227319.913  4.60%   107 3235s
  9412  6890 219400.146  107   66 217313.493 227319.913  4.60%   107 3240s
  9430  6908 218933.384  116   54 217313.493 227319.913  4.60%   107 3245s
  9459  6937 218479.822  131   44 217313.493 227319.913  4.60%   107 3250s
  9492  6970 218035.798  147   35 217313.493 227319.913  4.60%   106 3255s
  9521  6985 226390.846   29  169 217313.493 227315.633  4.60%   106 3266s
  9524  6988 226297.674   31  167 217313.493 227315.633  4.60%   106 3270s
  9528  6992 225887.730   32  158 217313.493 227315.633  4.60%   107 3275s
  9531  6995 226199.950   32  159 217313.493 227315.633  4.60%   107 3280s
  9536  7000 226104.247   34  163 217313.493 227315.633  4.60%   107 3285s
  9545  7009 225719.610   37  154 217313.493 227315.633  4.60%   107 3290s
  9552  7016 224486.046   39  145 217313.493 227315.633  4.60%   107 3295s
  9556  7020 224808.173   41  146 217313.493 227315.633  4.60%   107 3300s
  9561  7025 224190.070   41  138 217313.493 227315.633  4.60%   107 3305s
  9569  7033 223813.214   44  131 217313.493 227315.633  4.60%   107 3310s
  9577  7041 223583.026   48  135 217313.493 227315.633  4.60%   107 3315s
  9587  7051 222482.607   54  125 217313.493 227315.633  4.60%   107 3320s
  9601  7065 221683.156   62  119 217313.493 227315.633  4.60%   107 3325s
  9610  7074 220900.718   66  110 217313.493 227315.633  4.60%   107 3330s
  9620  7084 220753.305   70  110 217313.493 227315.633  4.60%   107 3335s
  9635  7099 219810.207   75   92 217313.493 227315.633  4.60%   107 3340s
  9647  7111 219019.774   79   84 217313.493 227315.633  4.60%   107 3345s
  9669  7133 217947.019   92   71 217313.493 227315.633  4.60%   107 3350s
  9702  7146 227223.314   24  170 217313.493 227313.824  4.60%   107 3357s
  9704  7148 226505.348   26  160 217313.493 227313.824  4.60%   107 3361s
  9710  7154 225999.858   32  155 217313.493 227313.824  4.60%   107 3365s
  9717  7161 225034.054   39  138 217313.493 227313.824  4.60%   107 3370s
  9726  7170 223801.265   48  134 217313.493 227313.824  4.60%   107 3375s
  9735  7179 222927.466   57  134 217313.493 227313.824  4.60%   107 3380s
  9741  7185 222147.958   63  131 217313.493 227313.824  4.60%   107 3385s
  9755  7199 220825.312   77  128 217313.493 227313.824  4.60%   107 3390s
  9767  7211 219575.081   89  116 217313.493 227313.824  4.60%   107 3397s
  9777  7221 218623.791   99  112 217313.493 227313.824  4.60%   107 3400s
  9797  7229 217389.794  109  101 217313.493 227313.824  4.60%   107 3405s
  9801  7229 226502.994   25  154 217313.493 227313.257  4.60%   107 3413s
  9806  7234 226059.743   30  150 217313.493 227313.257  4.60%   107 3415s
  9816  7244 224375.215   40  131 217313.493 227313.257  4.60%   107 3420s
  9824  7252 223578.233   48  129 217313.493 227313.257  4.60%   107 3425s
  9835  7263 222522.958   59  120 217313.493 227313.257  4.60%   107 3430s
  9848  7276 221113.751   72  110 217313.493 227313.257  4.60%   107 3435s
  9862  7290 219858.707   86   98 217313.493 227313.257  4.60%   107 3440s
  9874  7302 218697.047   98   87 217313.493 227313.257  4.60%   107 3445s
  9889  7317 217437.569  113   72 217313.493 227313.257  4.60%   107 3450s
  9902  7319 226704.729   29  172 217313.493 227312.060  4.60%   107 3458s
  9903  7320 226403.883   30  165 217313.493 227312.060  4.60%   107 3460s
  9912  7329 225662.491   39  148 217313.493 227312.060  4.60%   107 3465s
  9921  7338 224336.736   48  140 217313.493 227312.060  4.60%   107 3471s
  9925  7342 223702.128   52  135 217313.493 227312.060  4.60%   108 3475s
  9936  7353 222390.721   63  114 217313.493 227312.060  4.60%   108 3480s
  9950  7367 220738.286   77  106 217313.493 227312.060  4.60%   107 3485s
  9967  7384 219153.034   94   75 217313.493 227312.060  4.60%   107 3490s
  9982  7399 217885.294  109   60 217313.493 227312.060  4.60%   107 3495s
 10000  7404 226548.514   31  172 217313.493 227257.503  4.58%   107 3504s
 10001  7405 226255.631   32  166 217313.493 227257.503  4.58%   107 3506s
 10008  7412 225785.899   39  157 217313.493 227257.503  4.58%   108 3510s
 10020  7424 224401.577   51  147 217313.493 227257.503  4.58%   108 3532s
 10024  7428 223844.425   55  145 217313.493 227257.503  4.58%   108 3535s
 10032  7436 222942.519   63  136 217313.493 227257.503  4.58%   108 3540s
 10046  7450 221030.674   77  125 217313.493 227257.503  4.58%   108 3545s
 10057  7461 219709.631   88  112 217313.493 227257.503  4.58%   108 3550s
 10070  7474 218064.954  101   96 217313.493 227257.503  4.58%   108 3555s
 10087  7480 226952.798   26  166 217313.493 227257.496  4.58%   108 3562s
 10091  7484 226355.353   30  155 217313.493 227257.496  4.58%   108 3565s
 10099  7492 226034.123   35  148 217313.493 227257.496  4.58%   108 3570s
 10111  7504 225230.391   43  137 217313.493 227257.496  4.58%   108 3575s
 10122  7515 224674.038   48  133 217313.493 227257.496  4.58%   108 3580s
 10132  7525 224259.776   51  127 217313.493 227257.496  4.58%   108 3585s
 10140  7533 223825.352   56  118 217313.493 227257.496  4.58%   108 3590s
 10149  7542 223435.156   58  119 217313.493 227257.496  4.58%   108 3595s
 10163  7556 222693.043   64  109 217313.493 227257.496  4.58%   108 3600s
 10174  7567 222278.725   68  108 217313.493 227257.496  4.58%   108 3605s
 10189  7582 221593.101   76   92 217313.493 227257.496  4.58%   108 3610s
 10204  7597 220826.895   80   77 217313.493 227257.496  4.58%   108 3615s
 10225  7618 220145.876   90   70 217313.493 227257.496  4.58%   108 3620s
 10257  7650 219253.137   99   48 217313.493 227257.496  4.58%   108 3625s
 10286  7679 218901.809  115   47 217313.493 227257.496  4.58%   108 3630s
 10315  7708 218451.779  128   37 217313.493 227257.496  4.58%   108 3635s
 10347  7740 218073.180  153   24 217313.493 227257.496  4.58%   108 3640s
 10388  7769 226501.972   26  157 217313.493 227239.448  4.57%   107 3649s
 10389  7770 226218.236   27  151 217313.493 227239.448  4.57%   107 3652s
 10394  7775 225802.148   32  147 217313.493 227239.448  4.57%   107 3655s
 10404  7785 224669.817   42  137 217313.493 227239.448  4.57%   107 3660s
 10415  7796 223679.136   53  138 217313.493 227239.448  4.57%   107 3665s
 10427  7808 222240.662   65  121 217313.493 227239.448  4.57%   107 3670s
 10440  7821 220865.169   78  111 217313.493 227239.448  4.57%   107 3675s
 10447  7828 219996.537   85  108 217313.493 227239.448  4.57%   107 3699s
 10448  7829 219755.844   86  106 217313.493 227239.448  4.57%   107 3700s
 10478  7847     cutoff  108      217313.493 227239.448  4.57%   107 3705s
 10484  7851 226784.448   32  169 217313.493 227236.683  4.57%   107 3710s
 10491  7858 225972.949   39  162 217313.493 227236.683  4.57%   107 3715s
 10498  7865 225326.724   46  163 217313.493 227236.683  4.57%   107 3720s
 10504  7871 224640.728   52  164 217313.493 227236.683  4.57%   107 3727s
 10506  7873 224299.984   54  161 217313.493 227236.683  4.57%   107 3730s
 10513  7880 223754.965   61  145 217313.493 227236.683  4.57%   108 3735s
 10524  7891 222789.907   72  142 217313.493 227236.683  4.57%   107 3740s
 10535  7902 221790.714   83  139 217313.493 227236.683  4.57%   107 3745s
 10548  7915 220585.940   96  130 217313.493 227236.683  4.57%   107 3750s
 10560  7927 218818.924  108  105 217313.493 227236.683  4.57%   107 3755s
 10575  7942 217640.816  123  100 217313.493 227236.683  4.57%   107 3760s
 10585  7943 227088.367   28  170 217313.493 227235.317  4.57%   107 3766s
 10588  7946 226631.064   31  162 217313.493 227235.317  4.57%   108 3770s
 10598  7956 225010.579   41  149 217313.493 227235.317  4.57%   108 3775s
 10605  7963 224080.978   48  150 217313.493 227235.317  4.57%   108 3780s
 10612  7970 223372.595   55  150 217313.493 227235.317  4.57%   108 3785s
 10621  7979 222118.077   64  133 217313.493 227235.317  4.57%   108 3790s
 10632  7990 221356.725   75  124 217313.493 227235.317  4.57%   108 3795s
 10639  7997 220412.364   82  122 217313.493 227235.317  4.57%   108 3800s
 10652  8010 218525.887   95   96 217313.493 227235.317  4.57%   108 3805s
 10671  8019 217534.939  105   89 217313.493 227235.317  4.57%   108 3810s
 10681  8019 226712.652   28  165 217313.493 227234.098  4.57%   108 3816s
 10689  8027 225829.764   36  156 217313.493 227234.098  4.57%   108 3820s
 10696  8034 224405.417   43  148 217313.493 227234.098  4.57%   108 3825s
 10704  8042 223673.502   51  144 217313.493 227234.098  4.57%   108 3830s
 10714  8052 222633.455   61  136 217313.493 227234.098  4.57%   108 3835s
 10729  8067 221284.678   76  125 217313.493 227234.098  4.57%   108 3840s
 10740  8078 219904.845   87  124 217313.493 227234.098  4.57%   108 3845s
 10756  8094 218362.663  103   98 217313.493 227234.098  4.57%   108 3850s
 10774  8102 217506.362  112   92 217313.493 227234.098  4.57%   108 3855s
 10781  8101 226546.602   30  166 217313.493 227230.113  4.56%   108 3863s
 10782  8102 226256.907   31  159 217313.493 227230.113  4.56%   108 3865s
 10791  8111 225235.214   40  148 217313.493 227230.113  4.56%   108 3870s
 10799  8119 223916.776   48  130 217313.493 227230.113  4.56%   108 3875s
 10809  8129 221737.985   58  107 217313.493 227230.113  4.56%   108 3880s
 10823  8143 220373.274   72   87 217313.493 227230.113  4.56%   108 3885s
 10848  8168 218416.687   97   56 217313.493 227230.113  4.56%   108 3890s
 10887  8192 226416.921   30  162 217313.493 227223.302  4.56%   108 3901s
 10895  8200 225839.908   38  148 217313.493 227223.302  4.56%   108 3905s
 10904  8209 224985.643   47  148 217313.493 227223.302  4.56%   108 3910s
 10912  8217 224057.397   55  142 217313.493 227223.302  4.56%   108 3915s
 10924  8229 223092.391   67  133 217313.493 227223.302  4.56%   109 3920s
 10940  8245 221450.885   83  123 217313.493 227223.302  4.56%   109 3931s
 10946  8251 220581.459   89  118 217313.493 227223.302  4.56%   109 3935s
 10958  8263 219439.281  101  105 217313.493 227223.302  4.56%   109 3940s
 10968  8273 218407.555  111   93 217313.493 227223.302  4.56%   109 3945s
 10976  8281 217661.463  119   88 217313.493 227223.302  4.56%   109 3950s
 10993  8284 227194.726   27  167 217313.493 227221.392  4.56%   108 3955s
 11004  8295 226237.060   38  163 217313.493 227221.392  4.56%   109 3961s
 11009  8300 225095.748   43  150 217313.493 227221.392  4.56%   109 3965s
 11015  8306 224253.366   49  142 217313.493 227221.392  4.56%   109 3970s
 11022  8313 223599.847   56  134 217313.493 227221.392  4.56%   109 3990s
 11034  8325 222408.899   68  128 217313.493 227221.392  4.56%   109 3995s
 11044  8335 221376.284   78  120 217313.493 227221.392  4.56%   109 4000s
 11057  8348 220441.528   91  106 217313.493 227221.392  4.56%   109 4005s
 11065  8356 219473.103   99  100 217313.493 227221.392  4.56%   109 4010s
 11077  8368 218864.610  111   90 217313.493 227221.392  4.56%   108 4015s
 11099  8376 227093.354   25  167 217313.493 227221.231  4.56%   108 4021s
 11104  8381 226805.393   26  158 217313.493 227221.231  4.56%   108 4025s
 11111  8388 225735.005   33  147 217313.493 227221.231  4.56%   109 4030s
 11119  8396 225677.444   35  145 217313.493 227221.231  4.56%   109 4035s
 11127  8404 225713.802   36  145 217313.493 227221.231  4.56%   109 4040s
 11135  8412 224513.912   41  143 217313.493 227221.231  4.56%   109 4045s
 11142  8419 224125.133   43  138 217313.493 227221.231  4.56%   109 4050s
 11151  8428 223895.718   47  131 217313.493 227221.231  4.56%   109 4055s
 11159  8436 223563.740   49  122 217313.493 227221.231  4.56%   109 4060s
 11169  8446 222471.130   56  107 217313.493 227221.231  4.56%   109 4065s
 11186  8463 222019.979   59  102 217313.493 227221.231  4.56%   109 4070s
 11202  8479 221439.388   63   98 217313.493 227221.231  4.56%   109 4075s
 11223  8500 219367.873   74   79 217313.493 227221.231  4.56%   109 4080s
 11252  8529 217616.265   86   63 217313.493 227221.231  4.56%   109 4085s
 11278  8530 226894.907   29  161 217313.493 227219.765  4.56%   109 4093s
 11279  8531 226589.186   30  156 217313.493 227219.765  4.56%   109 4095s
 11289  8541 224751.257   40  139 217313.493 227219.765  4.56%   109 4100s
 11301  8553 223822.061   52  136 217313.493 227219.765  4.56%   109 4105s
 11311  8563 222753.172   62  132 217313.493 227219.765  4.56%   109 4110s
 11328  8580 221120.661   79  109 217313.493 227219.765  4.56%   109 4115s
 11353  8605 218248.293  104   91 217313.493 227219.765  4.56%   109 4120s
 11392  8612 226666.464   25  159 217313.493 227219.595  4.56%   109 4129s
 11393  8613 226377.957   26  154 217313.493 227219.595  4.56%   109 4130s
 11405  8625 225221.531   38  136 217313.493 227219.595  4.56%   109 4135s
 11406  8626 225054.846   39  137 217313.493 227219.595  4.56%   109 4141s
 11413  8633 224561.859   46  136 217313.493 227219.595  4.56%   109 4145s
 11417  8637 224093.227   50  136 217313.493 227219.595  4.56%   109 4167s
 11421  8641 223768.666   54  136 217313.493 227219.595  4.56%   109 4170s
 11433  8653 222404.379   66  131 217313.493 227219.595  4.56%   109 4175s
 11446  8666 221222.320   79  124 217313.493 227219.595  4.56%   109 4180s
 11461  8681 219848.894   94  111 217313.493 227219.595  4.56%   109 4185s
 11481  8701 218227.669  114   93 217313.493 227219.595  4.56%   109 4190s
 11507  8712 226665.557   29  155 217313.493 227214.835  4.56%   109 4198s
 11509  8714 226270.879   31  153 217313.493 227214.835  4.56%   109 4200s
 11519  8724 225748.461   38  150 217313.493 227214.835  4.56%   109 4205s
 11528  8733 225210.314   44  150 217313.493 227214.835  4.56%   109 4210s
 11535  8740 224687.024   46  140 217313.493 227214.835  4.56%   109 4215s
 11541  8746 224573.404   47  137 217313.493 227214.835  4.56%   109 4220s
 11546  8751 224380.777   48  129 217313.493 227214.835  4.56%   110 4225s
 11553  8758 223932.755   50  126 217313.493 227214.835  4.56%   110 4230s
 11566  8771 223466.240   56  117 217313.493 227214.835  4.56%   110 4235s
 11579  8784 222774.391   60  110 217313.493 227214.835  4.56%   110 4240s
 11593  8798 222158.528   68  107 217313.493 227214.835  4.56%   110 4245s
 11608  8813 221388.917   72   86 217313.493 227214.835  4.56%   110 4250s
 11628  8833 220568.124   86   83 217313.493 227214.835  4.56%   110 4255s
 11650  8855 219815.025   98   67 217313.493 227214.835  4.56%   110 4260s
 11682  8887 219015.224  111   44 217313.493 227214.835  4.56%   110 4265s
 11726  8931 218719.210  138   38 217313.493 227214.835  4.56%   109 4270s
 11745  8949 217401.040  153   28 217313.493 227214.835  4.56%   109 4275s
*11772  8317             179    217837.96356 227214.835  4.30%   109 4277s
 11778  8313 226897.022   26  163 217837.964 227200.737  4.30%   109 4281s
 11785  8320 226216.590   33  151 217837.964 227200.737  4.30%   109 4285s
 11797  8332 224869.666   45  134 217837.964 227200.737  4.30%   109 4290s
 11809  8344 223197.760   57  111 217837.964 227200.737  4.30%   109 4295s
 11826  8361 221276.838   74   84 217837.964 227200.737  4.30%   109 4300s
 11881  8416 218405.005  129   25 217837.964 227200.737  4.30%   109 4305s
 11925  8450 226604.482   28  157 217837.964 227194.317  4.30%   109 4310s
 11932  8457 226687.863   32  158 217837.964 227194.317  4.30%   109 4315s
 11938  8463 226378.881   35  146 217837.964 227194.317  4.30%   109 4320s
 11947  8472 225512.312   39  136 217837.964 227194.317  4.30%   109 4325s
 11955  8480 225373.929   43  135 217837.964 227194.317  4.30%   109 4330s
 11963  8488 224891.472   47  125 217837.964 227194.317  4.30%   109 4335s
 11967  8492 224657.288   49  121 217837.964 227194.317  4.30%   109 4342s
 11970  8495 224462.476   51  120 217837.964 227194.317  4.30%   109 4345s
 11971  8496 224254.763   51  117 217837.964 227194.317  4.30%   109 4350s
 11983  8508 223978.800   57  115 217837.964 227194.317  4.30%   109 4355s
 11995  8520 223392.548   63  110 217837.964 227194.317  4.30%   109 4360s
 12007  8532 222489.369   69   95 217837.964 227194.317  4.30%   109 4365s
 12019  8544 222074.359   75   92 217837.964 227194.317  4.30%   109 4370s
 12024  8549 221992.248   78   89 217837.964 227194.317  4.30%   109 4378s
 12027  8552 221679.866   79   88 217837.964 227194.317  4.30%   109 4380s
 12043  8568 220394.264   87   71 217837.964 227194.317  4.30%   109 4385s
 12066  8591 220073.939   99   65 217837.964 227194.317  4.30%   109 4390s
 12091  8616 219238.916  111   58 217837.964 227194.317  4.30%   109 4395s
 12122  8647 218584.005  127   43 217837.964 227194.317  4.30%   109 4400s
 12151  8675 218153.989  141   33 217837.964 227194.317  4.30%   109 4405s
 12172  8685 226788.086   30  160 217837.964 227192.403  4.29%   109 4410s
 12182  8695 225621.299   40  149 217837.964 227192.403  4.29%   109 4415s
 12193  8706 224770.797   51  142 217837.964 227192.403  4.29%   109 4420s
 12203  8716 223994.772   61  138 217837.964 227192.403  4.29%   109 4425s
 12212  8725 223026.103   70  127 217837.964 227192.403  4.29%   109 4430s
 12226  8739 221878.716   84  123 217837.964 227192.403  4.29%   109 4435s
 12238  8751 220607.072   96  111 217837.964 227192.403  4.29%   109 4440s
 12256  8769 218903.481  114   97 217837.964 227192.403  4.29%   109 4445s
 12270  8782 217997.645  128   98 217837.964 227192.403  4.29%   109 4450s
 12283  8785 226962.347   30  169 217837.964 227191.972  4.29%   109 4455s
 12290  8792 225945.717   37  158 217837.964 227191.972  4.29%   109 4460s
 12297  8799 225130.930   44  151 217837.964 227191.972  4.29%   109 4465s
 12300  8802 224897.535   47  151 217837.964 227191.972  4.29%   109 4473s
 12302  8804 224537.715   49  143 217837.964 227191.972  4.29%   109 4475s
 12307  8809 223876.294   54  137 217837.964 227191.972  4.29%   109 4480s
 12316  8818 222754.433   63  132 217837.964 227191.972  4.29%   109 4485s
 12321  8823 222022.614   68  128 217837.964 227191.972  4.29%   109 4490s
 12328  8830 221076.736   75  109 217837.964 227191.972  4.29%   109 4495s
 12334  8836 219693.405   81   99 217837.964 227191.972  4.29%   109 4500s
 12342  8844 218811.990   89   87 217837.964 227191.972  4.29%   109 4533s
 12348  8850 218281.003   95   81 217837.964 227191.972  4.29%   109 4535s
 12367  8855 226289.474   31  162 217837.964 227188.070  4.29%   109 4543s
 12368  8856 225999.169   32  153 217837.964 227188.070  4.29%   109 4545s
 12378  8866 225277.673   42  147 217837.964 227188.070  4.29%   109 4550s
 12389  8877 223997.070   53  149 217837.964 227188.070  4.29%   109 4555s
 12399  8887 222887.651   63  140 217837.964 227188.070  4.29%   109 4560s
 12417  8905 221254.237   81  125 217837.964 227188.070  4.29%   109 4565s
 12429  8917 219841.775   93  112 217837.964 227188.070  4.29%   109 4570s
 12446  8934 217983.659  110   97 217837.964 227188.070  4.29%   110 4575s
 12473  8931 226583.857   31  165 217837.964 227181.946  4.29%   110 4586s
 12478  8936 226082.365   36  152 217837.964 227181.946  4.29%   110 4590s
 12486  8944 224314.451   44  148 217837.964 227181.946  4.29%   110 4595s
 12494  8952 223445.698   52  150 217837.964 227181.946  4.29%   110 4600s
 12501  8959 222662.184   59  137 217837.964 227181.946  4.29%   110 4605s
 12509  8967 221572.947   67  131 217837.964 227181.946  4.29%   110 4610s
 12517  8975 220755.281   75  129 217837.964 227181.946  4.29%   110 4615s
 12524  8982 220016.967   82  122 217837.964 227181.946  4.29%   110 4620s
 12534  8992 218968.526   92  109 217837.964 227181.946  4.29%   110 4625s
 12543  9001 218169.279  101  103 217837.964 227181.946  4.29%   110 4630s
 12557  9001 226414.000   32  172 217837.964 227174.679  4.29%   110 4641s
 12560  9004 225744.948   35  160 217837.964 227174.679  4.29%   110 4645s
 12569  9013 224967.805   44  155 217837.964 227174.679  4.29%   110 4650s
 12577  9021 224093.813   52  160 217837.964 227174.679  4.29%   110 4655s
 12584  9028 223423.390   59  152 217837.964 227174.679  4.29%   110 4660s
 12590  9034 222779.742   65  147 217837.964 227174.679  4.29%   110 4672s
 12595  9039 222351.104   70  140 217837.964 227174.679  4.29%   110 4675s
 12604  9048 221533.894   79  136 217837.964 227174.679  4.29%   110 4680s
 12618  9062 220098.377   93  128 217837.964 227174.679  4.29%   110 4685s
 12632  9076 218577.550  107  124 217837.964 227174.679  4.29%   110 4690s
 12646  9080 217890.378  112  115 217837.964 227174.679  4.29%   110 4695s
 12653  9081 226439.463   32  157 217837.964 227169.493  4.28%   110 4700s
 12661  9089 225480.069   40  144 217837.964 227169.493  4.28%   110 4705s
 12668  9096 224573.856   47  128 217837.964 227169.493  4.28%   110 4710s
 12684  9112 222616.729   63  103 217837.964 227169.493  4.28%   110 4715s
 12714  9142 219493.506   93   52 217837.964 227169.493  4.28%   110 4720s
 12762  9177 226739.122   28  169 217837.964 227157.593  4.28%   110 4726s
 12770  9185 226057.931   36  157 217837.964 227157.593  4.28%   110 4730s
 12772  9187 225717.291   38  154 217837.964 227157.593  4.28%   110 4735s
 12781  9196 224921.750   47  152 217837.964 227157.593  4.28%   110 4740s
 12790  9205 223925.411   56  142 217837.964 227157.593  4.28%   110 4745s
 12804  9219 222723.617   70  137 217837.964 227157.593  4.28%   110 4750s
 12816  9231 221310.023   82  127 217837.964 227157.593  4.28%   110 4755s
 12827  9242 220017.466   93  124 217837.964 227157.593  4.28%   110 4760s
 12846  9261 218341.887  112  100 217837.964 227157.593  4.28%   110 4765s
 12859  9262 226766.360   29  171 217837.964 227155.824  4.28%   110 4770s
 12863  9266 226356.179   31  165 217837.964 227155.824  4.28%   110 4775s
 12866  9269 226189.136   32  165 217837.964 227155.824  4.28%   110 4780s
 12872  9275 225718.395   35  153 217837.964 227155.824  4.28%   110 4785s
 12877  9280 225514.868   36  147 217837.964 227155.824  4.28%   111 4790s
 12883  9286 224685.038   39  145 217837.964 227155.824  4.28%   111 4795s
 12891  9294 224267.283   44  140 217837.964 227155.824  4.28%   111 4800s
 12899  9302 224082.495   46  137 217837.964 227155.824  4.28%   111 4805s
 12905  9308 223681.109   49  129 217837.964 227155.824  4.28%   111 4810s
 12913  9316 222464.557   55  112 217837.964 227155.824  4.28%   111 4815s
 12928  9331 221761.100   59  108 217837.964 227155.824  4.28%   111 4820s
 12943  9346 220593.628   66  101 217837.964 227155.824  4.28%   111 4825s
 12961  9364 219116.076   78   74 217837.964 227155.824  4.28%   111 4830s
 12973  9376 217844.356   84   73 217837.964 227155.824  4.28%   111 4835s
 13005  9382 226542.709   28  158 217837.964 227155.769  4.28%   111 4845s
 13009  9386 226439.196   30  157 217837.964 227155.769  4.28%   111 4850s
 13017  9394 226012.390   35  153 217837.964 227155.769  4.28%   111 4855s
 13025  9402 225454.490   40  149 217837.964 227155.769  4.28%   111 4860s
 13026  9403 225593.030   39  145 217837.964 227155.769  4.28%   111 4886s
 13031  9408 225065.427   40  143 217837.964 227155.769  4.28%   111 4891s
 13037  9414 225033.234   45  144 217837.964 227155.769  4.28%   111 4895s
 13042  9419 224800.528   47  141 217837.964 227155.769  4.28%   111 4900s
 13050  9427 224190.440   52  135 217837.964 227155.769  4.28%   111 4905s
 13058  9435 223909.388   53  129 217837.964 227155.769  4.28%   111 4910s
 13071  9448 223226.303   57  117 217837.964 227155.769  4.28%   111 4915s
 13082  9459 222647.657   63  114 217837.964 227155.769  4.28%   111 4920s
 13093  9470 222277.928   68  114 217837.964 227155.769  4.28%   111 4925s
 13102  9479 221946.620   72  106 217837.964 227155.769  4.28%   111 4930s
 13118  9495 221167.361   81   92 217837.964 227155.769  4.28%   111 4935s
 13144  9521 219864.626   96   68 217837.964 227155.769  4.28%   111 4940s
 13177  9554 218931.368  111   45 217837.964 227155.769  4.28%   111 4945s
 13247  9622 218329.196  165   15 217837.964 227155.769  4.28%   111 4950s
 13275  9640 226707.367   28  161 217837.964 227155.451  4.28%   111 4970s
 13284  9649 225711.511   37  148 217837.964 227155.451  4.28%   111 4975s
 13293  9658 224104.339   46  143 217837.964 227155.451  4.28%   111 4981s
 13299  9664 223401.402   52  140 217837.964 227155.451  4.28%   111 4985s
 13309  9674 222091.666   62  130 217837.964 227155.451  4.28%   111 4990s
 13321  9686 220840.962   74  124 217837.964 227155.451  4.28%   111 4995s
 13335  9700 219410.799   88  117 217837.964 227155.451  4.28%   111 5000s
 13360  9714     cutoff  105      217837.964 227155.451  4.28%   111 5005s
 13367  9719 226767.148   34  168 217837.964 227154.754  4.28%   111 5010s
 13374  9726 225817.121   41  162 217837.964 227154.754  4.28%   111 5015s
 13380  9732 225241.119   47  163 217837.964 227154.754  4.28%   111 5020s
 13388  9740 224423.543   55  157 217837.964 227154.754  4.28%   111 5025s
 13393  9745 223795.397   60  153 217837.964 227154.754  4.28%   111 5030s
 13406  9758 222648.892   73  141 217837.964 227154.754  4.28%   111 5035s
 13417  9769 221593.996   84  137 217837.964 227154.754  4.28%   111 5040s
 13427  9779 220284.836   94  133 217837.964 227154.754  4.28%   111 5045s
 13444  9796 218683.555  111  115 217837.964 227154.754  4.28%   111 5050s
 13468  9802 217906.025  119  111 217837.964 227154.754  4.28%   111 5055s
 13477  9807 226721.056   33  156 217837.964 227154.632  4.28%   111 5061s
 13484  9814 225806.173   40  144 217837.964 227154.632  4.28%   111 5065s
 13491  9821 225218.852   47  146 217837.964 227154.632  4.28%   111 5070s
 13495  9825 224865.179   51  145 217837.964 227154.632  4.28%   111 5075s
 13503  9833 223885.853   59  142 217837.964 227154.632  4.28%   111 5081s
 13510  9840 222666.654   66  126 217837.964 227154.632  4.28%   111 5085s
 13520  9850 221473.123   76  117 217837.964 227154.632  4.28%   111 5090s
 13531  9861 220137.831   87  101 217837.964 227154.632  4.28%   111 5095s
 13549  9879 218304.917  105   92 217837.964 227154.632  4.28%   111 5100s
 13561  9881 226849.880   30  166 217837.964 227148.827  4.27%   111 5107s
 13566  9886 226203.410   35  157 217837.964 227148.827  4.27%   112 5110s
 13576  9896 224907.318   45  142 217837.964 227148.827  4.27%   112 5115s
 13582  9902 223892.355   51  130 217837.964 227148.827  4.27%   112 5120s
 13592  9912 222315.993   61  108 217837.964 227148.827  4.27%   112 5125s
 13606  9926 220919.226   75   85 217837.964 227148.827  4.27%   112 5130s
 13637  9957 218300.596  106   59 217837.964 227148.827  4.27%   112 5135s
 13656  9967 226847.682   28  168 217837.964 227148.775  4.27%   112 5142s
 13658  9969 226106.680   30  158 217837.964 227148.775  4.27%   112 5145s
 13670  9981 225183.693   42  153 217837.964 227148.775  4.27%   112 5150s
 13679  9990 223831.783   51  149 217837.964 227148.775  4.27%   112 5155s
 13685  9996 223091.291   57  139 217837.964 227148.775  4.27%   112 5160s
 13700 10011 221873.145   72  132 217837.964 227148.775  4.27%   112 5165s
 13709 10020 220650.727   81  122 217837.964 227148.775  4.27%   112 5174s
 13710 10021 220526.552   82  118 217837.964 227148.775  4.27%   112 5175s
 13725 10036 218574.737   97  110 217837.964 227148.775  4.27%   112 5180s
 13741 10043 226622.128   28  160 217837.964 227147.726  4.27%   112 5188s
 13742 10044 226309.728   29  158 217837.964 227147.726  4.27%   112 5190s
 13754 10056 225156.210   41  146 217837.964 227147.726  4.27%   112 5195s
 13764 10066 223768.762   51  139 217837.964 227147.726  4.27%   112 5200s
 13770 10072 223162.781   57  137 217837.964 227147.726  4.27%   112 5205s
 13781 10083 222227.151   68  122 217837.964 227147.726  4.27%   112 5210s
 13789 10091 221392.686   76  121 217837.964 227147.726  4.27%   112 5215s
 13798 10100 220411.079   85  122 217837.964 227147.726  4.27%   112 5220s
 13808 10110 219315.518   95  108 217837.964 227147.726  4.27%   112 5225s
 13834 10122 226499.954   30  163 217837.964 227142.131  4.27%   112 5235s
 13839 10127 225738.424   35  150 217837.964 227142.131  4.27%   112 5240s
 13841 10129 225453.233   37  146 217837.964 227142.131  4.27%   112 5305s
 13849 10137 224423.881   45  146 217837.964 227142.131  4.27%   112 5310s
 13859 10147 223522.472   55  144 217837.964 227142.131  4.27%   112 5315s
 13871 10159 221694.362   67  123 217837.964 227142.131  4.27%   112 5320s
 13878 10166 220609.632   74  121 217837.964 227142.131  4.27%   112 5325s
 13891 10179 219477.717   87  111 217837.964 227142.131  4.27%   112 5330s
 13911 10191     cutoff  102      217837.964 227142.131  4.27%   112 5335s
 13917 10195 226262.159   34  157 217837.964 227139.740  4.27%   112 5340s
 13923 10201 225680.652   40  157 217837.964 227139.740  4.27%   112 5345s
 13931 10209 224749.678   48  152 217837.964 227139.740  4.27%   112 5350s
 13939 10217 224030.109   56  142 217837.964 227139.740  4.27%   112 5355s
 13953 10231 223193.529   70  134 217837.964 227139.740  4.27%   112 5360s
 13958 10236 222713.402   75  125 217837.964 227139.740  4.27%   112 5365s
 13962 10240 222168.469   79  122 217837.964 227139.740  4.27%   112 5370s
 13966 10244 221507.013   83  126 217837.964 227139.740  4.27%   112 5375s
 13975 10253 220254.402   92  122 217837.964 227139.740  4.27%   112 5380s
 13988 10266 218881.253  105  112 217837.964 227139.740  4.27%   112 5385s
 14010 10274 226801.016   29  161 217837.964 227138.256  4.27%   112 5394s
 14011 10275 226491.284   30  160 217837.964 227138.256  4.27%   112 5396s
 14020 10284 225262.212   39  145 217837.964 227138.256  4.27%   112 5400s
 14028 10292 223903.329   47  138 217837.964 227138.256  4.27%   112 5421s
 14034 10298 223150.448   53  133 217837.964 227138.256  4.27%   112 5425s
 14050 10314 221289.719   69  123 217837.964 227138.256  4.27%   112 5430s
 14060 10324 220027.283   79  121 217837.964 227138.256  4.27%   112 5435s
 14064 10328 219602.937   83  116 217837.964 227138.256  4.27%   112 5451s
 14071 10335 218717.445   90  107 217837.964 227138.256  4.27%   112 5455s
 14090 10346 217862.545  102  100 217837.964 227138.256  4.27%   112 5460s
 14095 10343 226671.392   29  159 217837.964 227136.042  4.27%   112 5465s
 14102 10350 226329.354   33  155 217837.964 227136.042  4.27%   112 5470s
 14109 10357 225951.496   36  153 217837.964 227136.042  4.27%   112 5475s
 14116 10364 225432.653   40  147 217837.964 227136.042  4.27%   112 5480s
 14125 10373 224444.351   44  138 217837.964 227136.042  4.27%   113 5485s
 14130 10378 224539.045   47  143 217837.964 227136.042  4.27%   113 5490s
 14136 10384 223873.441   50  140 217837.964 227136.042  4.27%   113 5495s
 14146 10394 223230.607   55  122 217837.964 227136.042  4.27%   113 5500s
 14155 10403 222859.132   59  115 217837.964 227136.042  4.27%   113 5505s
 14164 10412 222337.550   64  115 217837.964 227136.042  4.27%   113 5510s
 14173 10421 221589.069   68  109 217837.964 227136.042  4.27%   113 5515s
 14184 10432 221295.377   74   99 217837.964 227136.042  4.27%   113 5520s
 14198 10446 220920.605   81   94 217837.964 227136.042  4.27%   113 5525s
 14212 10460 220118.265   88   85 217837.964 227136.042  4.27%   113 5530s
 14233 10481 219123.282   98   67 217837.964 227136.042  4.27%   113 5535s
 14258 10506 218352.821  111   62 217837.964 227136.042  4.27%   113 5540s
 14296 10508 226474.215   30  171 217837.964 227134.379  4.27%   113 5547s
 14301 10513 226182.919   34  162 217837.964 227134.379  4.27%   113 5550s
 14307 10519 225781.394   39  155 217837.964 227134.379  4.27%   113 5555s
 14312 10524 225546.134   41  146 217837.964 227134.379  4.27%   113 5560s
 14319 10531 225078.113   44  141 217837.964 227134.379  4.27%   113 5565s
 14325 10537 225067.935   47  153 217837.964 227134.379  4.27%   113 5570s
 14331 10543 224682.375   48  146 217837.964 227134.379  4.27%   113 5575s
 14337 10549 224452.896   50  137 217837.964 227134.379  4.27%   113 5580s
 14343 10555 224385.043   50  142 217837.964 227134.379  4.27%   113 5585s
 14353 10565 224011.304   55  133 217837.964 227134.379  4.27%   113 5590s
 14362 10574 223390.326   61  130 217837.964 227134.379  4.27%   113 5595s
 14371 10583 223072.615   63  129 217837.964 227134.379  4.27%   113 5600s
 14383 10595 222599.022   67  123 217837.964 227134.379  4.27%   113 5605s
 14392 10604 222203.590   74  123 217837.964 227134.379  4.27%   113 5610s
 14402 10614 221884.501   76  117 217837.964 227134.379  4.27%   113 5615s
 14413 10625 221690.385   78  112 217837.964 227134.379  4.27%   113 5620s
 14423 10635 221533.488   81  106 217837.964 227134.379  4.27%   113 5625s
 14435 10647 220964.015   86   95 217837.964 227134.379  4.27%   113 5630s
 14449 10661 220125.219   92   91 217837.964 227134.379  4.27%   113 5635s
 14460 10672 219607.776   97   83 217837.964 227134.379  4.27%   113 5640s
 14486 10698 219033.704  107   73 217837.964 227134.379  4.27%   113 5645s
 14505 10717 218502.715  109   63 217837.964 227134.379  4.27%   113 5650s
 14534 10746 218299.715  117   62 217837.964 227134.379  4.27%   113 5655s
 14572 10770 226549.052   27  163 217837.964 227134.344  4.27%   113 5665s
 14577 10775 226138.739   29  156 217837.964 227134.344  4.27%   113 5670s
 14584 10782 225892.211   31  156 217837.964 227134.344  4.27%   113 5675s
 14592 10790 223675.776   35  135 217837.964 227134.344  4.27%   113 5680s
 14601 10799 223082.194   40  129 217837.964 227134.344  4.27%   113 5685s
 14611 10809 222610.914   43  122 217837.964 227134.344  4.27%   113 5690s
 14623 10821 221243.437   49  105 217837.964 227134.344  4.27%   113 5695s
 14638 10836 220130.377   56   87 217837.964 227134.344  4.27%   113 5700s
 14651 10849 219070.847   64   82 217837.964 227134.344  4.27%   113 5705s
 14681 10871     cutoff   72      217837.964 227134.344  4.27%   113 5710s
 14686 10868 226774.916   27  170 217837.964 227132.305  4.27%   113 5716s
 14691 10873 225758.263   32  160 217837.964 227132.305  4.27%   113 5721s
 14700 10882 224861.864   41  152 217837.964 227132.305  4.27%   113 5725s
 14708 10890 223779.644   49  142 217837.964 227132.305  4.27%   113 5730s
 14714 10896 223146.792   55  141 217837.964 227132.305  4.27%   113 5735s
 14725 10907 222003.208   66  129 217837.964 227132.305  4.27%   113 5740s
 14732 10914 220923.146   73  122 217837.964 227132.305  4.27%   114 5745s
 14739 10921 219657.912   80  115 217837.964 227132.305  4.27%   114 5750s
 14750 10932 218631.350   91  114 217837.964 227132.305  4.27%   113 5755s
 14763 10933 226431.523   32  160 217837.964 227131.688  4.27%   114 5765s
 14769 10939 225759.345   38  150 217837.964 227131.688  4.27%   114 5770s
 14778 10948 224690.820   47  151 217837.964 227131.688  4.27%   114 5775s
 14784 10954 224021.751   53  152 217837.964 227131.688  4.27%   114 5780s
 14793 10963 223105.358   62  148 217837.964 227131.688  4.27%   114 5785s
 14805 10975 222375.428   74  141 217837.964 227131.688  4.27%   114 5790s
 14814 10984 221417.601   83  131 217837.964 227131.688  4.27%   114 5795s
 14823 10993 220083.581   92  127 217837.964 227131.688  4.27%   114 5800s
 14834 11004 218876.364  103  117 217837.964 227131.688  4.27%   114 5805s
 14850 11012     cutoff  114      217837.964 227131.688  4.27%   113 5810s
 14852 11012 226679.352   32  162 217837.964 227125.895  4.26%   114 5817s
 14854 11014 225888.572   34  154 217837.964 227125.895  4.26%   114 5820s
 14864 11024 225205.758   44  147 217837.964 227125.895  4.26%   114 5825s
 14872 11032 224374.095   52  145 217837.964 227125.895  4.26%   114 5830s
 14882 11042 223069.552   62  126 217837.964 227125.895  4.26%   114 5835s
 14897 11057 221754.036   77  118 217837.964 227125.895  4.26%   114 5840s
 14910 11070 219663.802   90  107 217837.964 227125.895  4.26%   114 5845s
 14927 11087 218350.286  107   93 217837.964 227125.895  4.26%   114 5850s
 14941 11091 226573.730   27  165 217837.964 227125.021  4.26%   114 5856s
 14946 11096 226063.862   32  162 217837.964 227125.021  4.26%   114 5860s
 14955 11105 225202.416   41  158 217837.964 227125.021  4.26%   114 5869s
 14956 11106 225032.698   42  159 217837.964 227125.021  4.26%   114 5870s
 14958 11108 224863.149   44  160 217837.964 227125.021  4.26%   114 5876s
 14961 11111 224602.523   47  161 217837.964 227125.021  4.26%   114 5882s
 14964 11114 224240.819   50  160 217837.964 227125.021  4.26%   114 5885s
 14969 11119 223714.580   55  159 217837.964 227125.021  4.26%   114 5890s
 14978 11128 222828.678   64  143 217837.964 227125.021  4.26%   114 5895s
 14993 11143 221185.611   79  134 217837.964 227125.021  4.26%   114 5900s
 15006 11156 219875.990   92  125 217837.964 227125.021  4.26%   114 5905s
 15018 11168 218545.409  104  120 217837.964 227125.021  4.26%   114 5910s
 15035 11169 226712.180   25  165 217837.964 227124.887  4.26%   114 5920s
 15036 11170 226406.465   26  160 217837.964 227124.887  4.26%   114 5932s
 15040 11174 225893.522   30  153 217837.964 227124.887  4.26%   114 5935s
 15049 11183 225078.207   39  146 217837.964 227124.887  4.26%   114 5940s
 15058 11192 223895.035   48  146 217837.964 227124.887  4.26%   114 5945s
 15072 11206 222655.260   62  138 217837.964 227124.887  4.26%   114 5950s
 15087 11221 221145.460   77  125 217837.964 227124.887  4.26%   114 5955s
 15100 11234 219464.595   90  102 217837.964 227124.887  4.26%   114 5960s
 15126 11246 226682.292   31  160 217837.964 227124.727  4.26%   114 5969s
 15127 11247 226360.870   32  156 217837.964 227124.727  4.26%   114 5971s
 15135 11255 225796.627   40  149 217837.964 227124.727  4.26%   114 5975s
 15141 11261 224633.112   46  138 217837.964 227124.727  4.26%   114 5980s
 15149 11269 223338.738   54  130 217837.964 227124.727  4.26%   114 5985s
 15164 11284 221812.400   69  108 217837.964 227124.727  4.26%   114 5990s
 15181 11301 220168.813   86   85 217837.964 227124.727  4.26%   115 5995s
 15233 11351 217900.990  137   34 217837.964 227124.727  4.26%   114 6000s
 15240 11349 226288.437   32  166 217837.964 227122.119  4.26%   114 6007s
 15241 11350 225975.973   33  159 217837.964 227122.119  4.26%   114 6010s
 15247 11356 225273.027   39  153 217837.964 227122.119  4.26%   114 6015s
 15256 11365 224391.452   48  152 217837.964 227122.119  4.26%   114 6020s
 15265 11374 222945.676   57  136 217837.964 227122.119  4.26%   115 6025s
 15273 11382 222071.211   65  134 217837.964 227122.119  4.26%   115 6030s
 15284 11393 220870.211   76  123 217837.964 227122.119  4.26%   115 6035s
 15294 11403 219661.097   86  117 217837.964 227122.119  4.26%   115 6040s
 15306 11415 218346.925   98  111 217837.964 227122.119  4.26%   115 6045s
 15319 11416 226484.576   31  157 217837.964 227121.197  4.26%   115 6054s
 15320 11417 226170.531   32  152 217837.964 227121.197  4.26%   115 6056s
 15328 11425 225515.077   40  146 217837.964 227121.197  4.26%   115 6060s
 15335 11432 224855.062   47  149 217837.964 227121.197  4.26%   115 6065s
 15342 11439 224078.586   54  146 217837.964 227121.197  4.26%   115 6070s
 15353 11450 223183.229   65  139 217837.964 227121.197  4.26%   115 6075s
 15365 11462 222113.806   77  131 217837.964 227121.197  4.26%   115 6080s
 15379 11476 220522.509   91  121 217837.964 227121.197  4.26%   115 6085s
 15393 11490 218823.548  105  108 217837.964 227121.197  4.26%   115 6090s
 15415 11499 217860.174  116   92 217837.964 227121.197  4.26%   115 6095s
 15419 11497 226806.123   32  168 217837.964 227117.377  4.26%   115 6101s
 15424 11502 226176.954   37  154 217837.964 227117.377  4.26%   115 6105s
 15432 11510 225104.938   45  157 217837.964 227117.377  4.26%   115 6110s
 15439 11517 224112.554   52  150 217837.964 227117.377  4.26%   115 6115s
 15445 11523 223341.641   58  146 217837.964 227117.377  4.26%   115 6120s
 15454 11532 222643.911   67  138 217837.964 227117.377  4.26%   115 6392s
 15455 11533 222557.933   68  141 217837.964 227117.377  4.26%   115 6404s
 15456 11534 222509.030   69  138 217837.964 227117.377  4.26%   115 6405s
 15463 11541 221502.906   76  133 217837.964 227117.377  4.26%   115 6410s
 15469 11547 220248.388   82  130 217837.964 227117.377  4.26%   115 6415s
 15483 11561 219178.544   96  119 217837.964 227117.377  4.26%   115 6420s
 15504 11573 226898.856   27  167 217837.964 227117.359  4.26%   115 6429s
 15505 11574 226599.834   28  160 217837.964 227117.359  4.26%   115 6431s
 15510 11579 226152.669   32  155 217837.964 227117.359  4.26%   115 6435s
 15519 11588 225543.333   38  142 217837.964 227117.359  4.26%   115 6440s
 15524 11593 225411.607   40  141 217837.964 227117.359  4.26%   115 6445s
 15530 11599 225130.925   42  137 217837.964 227117.359  4.26%   116 6450s
 15535 11604 224854.894   43  135 217837.964 227117.359  4.26%   116 6455s
 15545 11614 224405.845   49  131 217837.964 227117.359  4.26%   116 6460s
 15553 11622 223833.992   51  121 217837.964 227117.359  4.26%   116 6465s
 15565 11634 222993.653   56  108 217837.964 227117.359  4.26%   116 6470s
 15583 11652 222240.079   66  100 217837.964 227117.359  4.26%   116 6475s
 15599 11668 221331.219   76   84 217837.964 227117.359  4.26%   116 6480s
 15615 11684 220805.382   83   74 217837.964 227117.359  4.26%   116 6485s
 15642 11711 220081.795   96   60 217837.964 227117.359  4.26%   116 6490s
 15665 11734 219580.422  105   46 217837.964 227117.359  4.26%   116 6495s
 15703 11772 219040.848  128   27 217837.964 227117.359  4.26%   115 6500s
 15737 11803 218488.861  158   13 217837.964 227117.359  4.26%   115 6505s
*15755 10516             176    218486.92415 227117.359  3.95%   115 6505s
 15761 10512 226470.613   27  161 218486.924 227115.352  3.95%   115 6511s
 15768 10519 225775.190   34  148 218486.924 227115.352  3.95%   115 6515s
 15776 10527 224846.877   42  140 218486.924 227115.352  3.95%   115 6520s
 15788 10539 222942.802   54  119 218486.924 227115.352  3.95%   115 6525s
 15805 10556 221162.721   71  108 218486.924 227115.352  3.95%   115 6530s
 15825 10576 218669.214   91   86 218486.924 227115.352  3.95%   115 6535s
 15838 10577 226744.366   30  167 218486.924 227108.294  3.95%   115 6540s
 15846 10585 225895.321   38  155 218486.924 227108.294  3.95%   115 6546s
 15853 10592 225158.545   45  155 218486.924 227108.294  3.95%   115 6550s
 15863 10602 224306.218   55  148 218486.924 227108.294  3.95%   115 6555s
 15873 10612 222920.038   65  142 218486.924 227108.294  3.95%   115 6560s
 15883 10622 222174.697   75  137 218486.924 227108.294  3.95%   115 6565s
 15893 10632 221123.751   85  134 218486.924 227108.294  3.95%   115 6570s
 15903 10642 220354.892   95  129 218486.924 227108.294  3.95%   115 6575s
 15913 10652 219254.919  105  109 218486.924 227108.294  3.95%   115 6580s
 15926 10655 226756.289   25  168 218486.924 227106.158  3.94%   116 6589s
 15927 10656 226468.176   26  162 218486.924 227106.158  3.94%   116 6591s
 15935 10664 225732.491   34  148 218486.924 227106.158  3.94%   116 6595s
 15942 10671 224602.820   41  134 218486.924 227106.158  3.94%   116 6600s
 15950 10679 223596.355   49  120 218486.924 227106.158  3.94%   116 6605s
 15955 10684 222826.308   54  111 218486.924 227106.158  3.94%   116 6611s
 15958 10687 222169.192   57  105 218486.924 227106.158  3.94%   116 6615s
 15972 10701 221034.017   71   73 218486.924 227106.158  3.94%   116 6620s
 16005 10734 219076.692  104   31 218486.924 227106.158  3.94%   115 6625s
 16049 10754 227072.336   27  172 218486.924 227099.108  3.94%   115 6631s
 16058 10763 226396.516   36  157 218486.924 227099.108  3.94%   115 6635s
 16066 10771 225646.318   44  151 218486.924 227099.108  3.94%   115 6640s
 16073 10778 224920.682   51  146 218486.924 227099.108  3.94%   115 6645s
 16086 10791 223760.564   64  136 218486.924 227099.108  3.94%   115 6650s
 16095 10800 222983.385   73  138 218486.924 227099.108  3.94%   115 6655s
 16103 10808 222146.014   81  134 218486.924 227099.108  3.94%   115 6660s
 16111 10816 221384.160   89  119 218486.924 227099.108  3.94%   115 6665s
 16125 10830 219909.120  103  106 218486.924 227099.108  3.94%   115 6670s
 16136 10841 218910.455  114   98 218486.924 227099.108  3.94%   115 6675s
 16148 10841 226605.885   30  171 218486.924 227097.948  3.94%   115 6680s
 16155 10848 225752.973   37  153 218486.924 227097.948  3.94%   115 6685s
 16164 10857 224785.966   46  153 218486.924 227097.948  3.94%   115 6691s
 16170 10863 224070.042   52  140 218486.924 227097.948  3.94%   115 6695s
 16182 10875 222220.724   64  130 218486.924 227097.948  3.94%   115 6700s
 16186 10879 221914.068   68  127 218486.924 227097.948  3.94%   115 6709s
 16187 10880 221852.196   69  125 218486.924 227097.948  3.94%   115 6710s
 16201 10894 220262.398   83  113 218486.924 227097.948  3.94%   115 6715s
 16214 10907 218957.043   96  101 218486.924 227097.948  3.94%   115 6720s
 16231 10908 226544.992   30  167 218486.924 227097.177  3.94%   115 6726s
 16238 10915 225926.560   37  152 218486.924 227097.177  3.94%   115 6730s
 16244 10921 225291.324   43  153 218486.924 227097.177  3.94%   115 6735s
 16250 10927 224671.811   49  154 218486.924 227097.177  3.94%   115 6740s
 16253 10930 224379.597   52  146 218486.924 227097.177  3.94%   115 6745s
 16260 10937 223669.189   59  145 218486.924 227097.177  3.94%   115 6750s
 16267 10944 223058.385   66  138 218486.924 227097.177  3.94%   115 6755s
 16274 10951 222377.336   73  136 218486.924 227097.177  3.94%   115 6760s
 16277 10954 222032.814   76  136 218486.924 227097.177  3.94%   115 6765s
 16285 10962 220931.855   84  130 218486.924 227097.177  3.94%   115 6770s
 16294 10971 220142.492   93  125 218486.924 227097.177  3.94%   115 6775s
 16300 10977 219382.095   99  114 218486.924 227097.177  3.94%   115 6780s
 16310 10986 218491.743  109  108 218486.924 227097.177  3.94%   115 6785s
 16322 10984 226702.680   30  157 218486.924 227097.174  3.94%   115 6790s
 16327 10989 226384.223   32  154 218486.924 227097.174  3.94%   116 6795s
 16333 10995 225805.507   35  147 218486.924 227097.174  3.94%   116 6800s
 16342 11004 225623.812   40  145 218486.924 227097.174  3.94%   116 6805s
 16350 11012 225214.805   44  138 218486.924 227097.174  3.94%   116 6810s
 16357 11019 224675.923   47  132 218486.924 227097.174  3.94%   116 6815s
 16363 11025 224457.389   50  126 218486.924 227097.174  3.94%   116 6820s
 16373 11035 223873.325   55  118 218486.924 227097.174  3.94%   116 6825s
 16385 11047 223366.296   61  119 218486.924 227097.174  3.94%   116 6830s
 16397 11059 222726.425   67  108 218486.924 227097.174  3.94%   116 6836s
 16406 11068 222455.533   72  114 218486.924 227097.174  3.94%   116 6840s
 16415 11077 221778.414   76  105 218486.924 227097.174  3.94%   116 6845s
 16428 11090 221535.739   83   98 218486.924 227097.174  3.94%   116 6850s
 16444 11106 220605.708   91   88 218486.924 227097.174  3.94%   116 6855s
 16462 11124 220192.923  100   76 218486.924 227097.174  3.94%   116 6860s
 16485 11147 219296.454  111   54 218486.924 227097.174  3.94%   116 6865s
 16506 11168 218883.226  122   51 218486.924 227097.174  3.94%   116 6870s
 16528 11176 226904.923   31  171 218486.924 227096.043  3.94%   116 6876s
 16534 11182 226251.571   37  161 218486.924 227096.043  3.94%   116 6880s
 16543 11191 225278.112   46  154 218486.924 227096.043  3.94%   116 6885s
 16550 11198 224587.067   53  150 218486.924 227096.043  3.94%   116 6890s
 16563 11211 223577.503   66  138 218486.924 227096.043  3.94%   116 6895s
 16574 11222 222250.557   77  136 218486.924 227096.043  3.94%   116 6900s
 16586 11234 220853.692   89  126 218486.924 227096.043  3.94%   116 6905s
 16598 11246 219763.744  101  113 218486.924 227096.043  3.94%   116 6910s
 16616 11254 226616.607   28  161 218486.924 227088.346  3.94%   116 6917s
 16617 11255 226524.178   29  159 218486.924 227088.346  3.94%   116 6943s
 16618 11256 226362.603   30  157 218486.924 227088.346  3.94%   116 6945s
 16630 11268 225280.427   42  145 218486.924 227088.346  3.94%   116 6950s
 16637 11275 224263.635   49  144 218486.924 227088.346  3.94%   116 6955s
 16645 11283 223446.923   57  140 218486.924 227088.346  3.94%   116 6960s
 16652 11290 222681.355   64  133 218486.924 227088.346  3.94%   116 6965s
 16662 11300 221161.450   74  120 218486.924 227088.346  3.94%   116 6970s
 16674 11312 220301.781   86  115 218486.924 227088.346  3.94%   116 6975s
 16698 11326 227060.596   29  171 218486.924 227083.282  3.93%   116 6981s
 16702 11330 226624.213   33  162 218486.924 227083.282  3.93%   116 6985s
 16708 11336 225742.578   39  149 218486.924 227083.282  3.93%   116 6990s
 16712 11340 224905.196   43  142 218486.924 227083.282  3.93%   116 6995s
 16720 11348 223893.968   51  129 218486.924 227083.282  3.93%   116 7000s
 16731 11359 222812.187   62  113 218486.924 227083.282  3.93%   116 7005s
 16740 11368 221383.463   71   91 218486.924 227083.282  3.93%   116 7010s
 16755 11383 220055.519   86   74 218486.924 227083.282  3.93%   116 7023s
 16760 11388 219609.164   91   66 218486.924 227083.282  3.93%   116 7025s
 16786 11404 226748.196   25  164 218486.924 227082.633  3.93%   116 7031s
 16794 11412 226203.870   33  151 218486.924 227082.633  3.93%   116 7035s
 16803 11421 226042.110   34  153 218486.924 227082.633  3.93%   116 7040s
 16812 11430 226025.273   32  154 218486.924 227082.633  3.93%   116 7045s
 16821 11439 225497.327   39  143 218486.924 227082.633  3.93%   116 7050s
 16828 11446 225323.100   38  137 218486.924 227082.633  3.93%   116 7055s
 16836 11454 225226.351   41  138 218486.924 227082.633  3.93%   116 7060s
 16843 11461 225028.912   41  134 218486.924 227082.633  3.93%   116 7065s
 16851 11469 224936.880   42  135 218486.924 227082.633  3.93%   116 7070s
 16855 11473 224922.814   43  134 218486.924 227082.633  3.93%   116 7075s
 16860 11478 224642.717   44  132 218486.924 227082.633  3.93%   116 7080s
 16865 11483 224584.253   44  134 218486.924 227082.633  3.93%   116 7085s
 16871 11489 224431.917   46  124 218486.924 227082.633  3.93%   116 7090s
 16876 11494 224558.854   46  129 218486.924 227082.633  3.93%   116 7095s
 16883 11501 224349.556   47  123 218486.924 227082.633  3.93%   116 7100s
 16894 11512 224022.030   50  119 218486.924 227082.633  3.93%   116 7105s
 16904 11522 223899.344   52  122 218486.924 227082.633  3.93%   116 7110s
 16913 11531 224013.901   50  122 218486.924 227082.633  3.93%   116 7115s
 16924 11542 223580.703   57  120 218486.924 227082.633  3.93%   116 7120s
 16932 11550 223750.265   55  120 218486.924 227082.633  3.93%   116 7125s

Cutting planes:
  Lift-and-project: 8
  MIR: 831
  Flow cover: 395
  RLT: 27
  Relax-and-lift: 15
  Lazy constraints: 39910

Explored 16941 nodes (1973915 simplex iterations) in 7129.98 seconds (7486.63 work units)
Thread count was 1 (of 52 available processors)

Solution count 10: 218487 217838 217313 ... 209847

Time limit reached
Best objective 2.184869241451e+05, best bound 2.270826332228e+05, gap 3.9342%

User-callback calls 463088, time in user-callback 7.00 sec

CPU time spent in the second stage: 7129.98 sec
The LP relaxation bound at the root node: 229041.133337
Termination status of the second stage: TIME_LIMIT

------------------ end of the second stage -----------------

Total CPU time: 7200.02 sec
Percentage optimality gap: 3.79 %
CPU time spent in separating the cuts: 62.81 sec
Number of explored nodes: 16941
Objective value of the returned solution: 218486.924145
Optimal facility locations: [4, 16, 28, 40, 44, 46, 64, 66, 69, 71, 72, 78, 80, 81, 85, 95, 97, 100, 107, 109, 124, 133, 156, 173, 177, 179, 185, 186, 207, 213, 254, 265, 275, 285, 290, 292, 311, 319, 327, 337, 342, 343, 350, 362, 367, 373, 398]

@end of file
