Set parameter TimeLimit to value 7200
Setting B&C+LSI: The proposed B&C algorithm based on formulation (40) (equipped with the lifted submodular inequalities).

----------------- start of the first stage -----------------

Iter     Best Incumbent      BestBound     Gap      Time  #VioCuts
1                 0.000     427718.958   100.0       0.3      1000
2            183489.928     363515.647    49.5       3.3      1993
3            204006.519     259024.484    21.2       6.0      1895
4            219182.056     232588.449     5.8       8.8      1427
5            219182.056     226817.196     3.4      12.8       706
6            219182.056     225695.975     2.9      16.5       248
7            219182.056     225407.640     2.8      20.0       109
8            219182.056     225304.622     2.7      23.3        64
9            219182.056     225202.429     2.7      26.9        36
10           219182.056     225177.253     2.7      30.3        12
11           219182.056     225173.184     2.7      33.6         2
12           219182.056     225173.056     2.7      36.9         2
13           219182.056     225173.055     2.7      40.4         0

CPU time spent in the first stage: 43.01 sec
Upper bound returned at the end of the first stage: 225173.055452
Objective value of the optimal solution or the best incumbent at the end of the first stage: 219182.056020
Number of cuts added at the end of the first stage for the initialization of the relaxed MILP problem: 1167
Termination status of the first stage: LP Optimal

------------------ end of the first stage ------------------


----------------- start of the second stage ----------------

Gurobi Optimizer version 11.0.1 build v11.0.1rc0 (linux64 - "CentOS Linux 7 (Core)")

CPU model: Intel(R) Xeon(R) Gold 6230R CPU @ 2.10GHz, instruction set [SSE2|AVX|AVX2|AVX512]
Thread count: 52 physical cores, 52 logical processors, using up to 1 threads


Warning: excessive time spent in model updates.
Consider calling update less frequently.

Optimize a model with 2171 rows, 1400 columns and 22862 nonzeros
Model fingerprint: 0x95ab6b41
Variable types: 1000 continuous, 400 integer (0 binary)
Coefficient statistics:
  Matrix range     [2e-07, 2e+03]
  Objective range  [1e+01, 2e+03]
  Bounds range     [1e+00, 1e+00]
  RHS range        [4e-04, 5e+05]

Loaded user MIP start with objective 219182

Presolve removed 1012 rows and 0 columns
Presolve time: 0.05s
Presolved: 1159 rows, 1400 columns, 17569 nonzeros
Variable types: 1000 continuous, 400 integer (400 binary)

Root relaxation: objective 2.251716e+05, 499 iterations, 0.02 seconds (0.03 work units)

    Nodes    |    Current Node    |     Objective Bounds      |     Work
 Expl Unexpl |  Obj  Depth IntInf | Incumbent    BestBd   Gap | It/Node Time

     0     0 225171.609    0  147 219182.056 225171.609  2.73%     -    0s
     0     0 225039.959    0  134 219182.056 225039.959  2.67%     -    1s
     0     0 224985.139    0  139 219182.056 224985.139  2.65%     -    1s
     0     0 224978.129    0  138 219182.056 224978.129  2.64%     -    1s
     0     0 224967.677    0  136 219182.056 224967.677  2.64%     -    1s
     0     0 224966.109    0  138 219182.056 224966.109  2.64%     -    1s
     0     0 224963.069    0  138 219182.056 224963.069  2.64%     -    2s
     0     0 224961.239    0  138 219182.056 224961.239  2.64%     -    2s
     0     2 224961.239    0  138 219182.056 224961.239  2.64%     -    2s
*  214   189             148    220711.95864 224948.445  1.92%  42.8    4s
   217   188 224746.478    2  147 220711.959 224948.184  1.92%  44.6    5s
   525   479 220865.807  105  138 220711.959 224918.354  1.91%  48.7   11s
   528   481 224656.095   25  147 220711.959 224656.095  1.79%  48.5   15s
   542   490 223914.524   43  159 220711.959 224331.201  1.64%  47.2   20s
   561   504 224161.696   23  149 220711.959 224284.840  1.62%  55.5   25s
   572   512 223114.414   78  158 220711.959 224259.785  1.61%  54.4   30s
   595   529 224101.739   21  150 220711.959 224214.038  1.59%  62.8   35s
   622   547 223823.105   35  124 220711.959 224214.038  1.59%  68.8   40s
*  748   554              98    222537.32602 224214.038  0.75%  69.3   44s
   756   545 224174.635   20  153 222537.326 224175.759  0.74%  69.1   45s
*  873   510              79    223283.46129 224175.759  0.40%  72.5   48s
   896   516 223884.399   29  127 223283.461 224137.507  0.38%  75.2   50s
* 1061   511              73    223378.16831 224137.326  0.34%  76.0   54s
  1067   513 223856.869   23  139 223378.168 224131.547  0.34%  77.2   55s
  1207   579 223668.226   38  119 223378.168 224104.495  0.33%  84.8   60s
  1337   621 223943.010   24  145 223378.168 224098.919  0.32%  89.1   65s
  1474   679 223400.323   46   97 223378.168 224077.566  0.31%  91.7   70s
  1601   725 223533.105   33  125 223378.168 224061.559  0.31%  93.9   75s
  1738   759 223464.749   41  110 223378.168 224036.682  0.29%  95.9   80s
  1841   783 223444.468   35  115 223378.168 224032.209  0.29%  96.7   85s
  1940   813 223454.692   37  131 223378.168 224009.946  0.28%  97.1   90s
  2030   859 223949.629   25  137 223378.168 223994.136  0.28%  97.6   95s
  2138   926 223746.951   30  130 223378.168 223993.455  0.28%  98.8  100s
H 2169   805                    223470.40311 223993.455  0.23%  99.1  100s
  2265   848 223741.870   29  134 223470.403 223982.177  0.23%   100  105s
H 2305   656                    223559.51175 223980.781  0.19%   101  108s
  2332   669     cutoff   33      223559.512 223977.347  0.19%   101  110s
  2400   690 223581.647   28  130 223559.512 223964.512  0.18%   102  115s
  2448   705 223579.070   38  106 223559.512 223954.487  0.18%   103  121s
H 2476   656                    223586.93252 223952.781  0.16%   103  125s
  2565   678 223810.005   26  143 223586.933 223949.988  0.16%   104  130s
  2632   705 223598.883   34  112 223586.933 223943.786  0.16%   105  135s
  2690   714 223594.588   33  117 223586.933 223937.316  0.16%   105  140s
  2830   742 223587.496   37  134 223586.933 223928.379  0.15%   106  145s
  2981   784 223636.221   32  115 223586.933 223919.511  0.15%   107  150s
  3089   811 223664.286   31  127 223586.933 223911.843  0.15%   108  155s
  3195   830 223688.333   29  132 223586.933 223909.984  0.14%   108  160s
  3302   846 223704.894   28  144 223586.933 223901.639  0.14%   109  165s
  3442   885 223603.846   32  139 223586.933 223897.086  0.14%   109  170s
  3580   907 223777.629   26  151 223586.933 223886.235  0.13%   109  175s
  3688   938 223832.688   27  136 223586.933 223881.367  0.13%   109  180s
  3846   981     cutoff   33      223586.933 223875.674  0.13%   109  185s
  3936   985 223630.971   32  139 223586.933 223869.958  0.13%   110  190s
  4053   988 223637.165   29  136 223586.933 223863.817  0.12%   111  195s
  4144  1002 223731.630   27  131 223586.933 223861.255  0.12%   111  200s
  4247  1023 223595.545   30  141 223586.933 223857.173  0.12%   111  205s
  4374  1041 223604.014   31  129 223586.933 223848.081  0.12%   111  210s
  4460  1049 223600.284   35  118 223586.933 223845.373  0.12%   111  215s
  4595  1064 223652.025   28  135 223586.933 223840.003  0.11%   111  220s
  4775  1093 223673.943   34  110 223586.933 223830.864  0.11%   110  225s
  4977  1124 223620.273   28  133 223586.933 223825.310  0.11%   110  230s
  5129  1127 223654.053   29  129 223586.933 223819.197  0.10%   110  236s
  5219  1139 223626.038   27  132 223586.933 223814.992  0.10%   110  240s
  5344  1148 223603.459   31  139 223586.933 223813.026  0.10%   111  245s
  5447  1155 223744.492   26  145 223586.933 223807.598  0.10%   111  250s
  5562  1157 223711.414   28  136 223586.933 223805.127  0.10%   111  255s
  5708  1168 223669.809   31  133 223586.933 223802.782  0.10%   111  260s
  5839  1172 223597.629   30  137 223586.933 223799.521  0.10%   111  265s
  6020  1179 223638.054   27  141 223586.933 223792.744  0.09%   111  270s
  6154  1182 223686.700   35  127 223586.933 223789.098  0.09%   111  275s
  6307  1184     cutoff   31      223586.933 223786.422  0.09%   111  280s
  6450  1192 223657.157   30  133 223586.933 223781.310  0.09%   111  285s
  6576  1204 223667.101   29  128 223586.933 223777.866  0.09%   110  290s
  6675  1221 223666.266   34  110 223586.933 223775.985  0.08%   110  295s
  6845  1232     cutoff   33      223586.933 223771.164  0.08%   110  300s
  6994  1233 223687.177   29  121 223586.933 223767.802  0.08%   110  305s
  7147  1241 223678.703   29  133 223586.933 223763.219  0.08%   110  310s
  7303  1242 223686.940   29  135 223586.933 223759.962  0.08%   110  315s
  7474  1247 223627.519   36  112 223586.933 223755.786  0.08%   110  320s
  7631  1243 223611.871   30  122 223586.933 223753.336  0.07%   110  325s
  7787  1245 223658.986   27  130 223586.933 223751.510  0.07%   110  331s
  7925  1247 223660.190   29  126 223586.933 223748.462  0.07%   110  335s
  8052  1241 223619.311   31  141 223586.933 223745.971  0.07%   110  343s
  8106  1240 223635.386   31  128 223586.933 223744.750  0.07%   110  345s
  8265  1223 223623.512   28  142 223586.933 223740.631  0.07%   110  350s
  8438  1209 223669.126   33  118 223586.933 223735.584  0.07%   110  355s
  8611  1193 223594.497   34  120 223586.933 223730.623  0.06%   110  360s
  8729  1177 223643.858   28  136 223586.933 223728.328  0.06%   110  365s
  8904  1169 223624.207   32  125 223586.933 223725.412  0.06%   110  370s
  9075  1138     cutoff   33      223586.933 223719.996  0.06%   110  375s
  9243  1106 223596.330   31  141 223586.933 223715.444  0.06%   110  380s
  9412  1081 223634.502   29  137 223586.933 223711.206  0.06%   110  388s
  9507  1073 223587.278   30  133 223586.933 223710.630  0.06%   109  390s
  9699  1047     cutoff   29      223586.933 223706.879  0.05%   109  395s
  9899  1019 223640.064   32  113 223586.933 223702.856  0.05%   109  400s
 10096   983 223632.612   28  131 223586.933 223699.131  0.05%   109  405s
 10269   939     cutoff   32      223586.933 223695.223  0.05%   109  410s
 10454   912     cutoff   26      223586.933 223691.868  0.05%   109  415s
 10624   875 223591.862   29  130 223586.933 223687.996  0.05%   109  420s
 10814   831 223587.946   30  121 223586.933 223684.559  0.04%   109  425s
 10995   775 223602.568   35  108 223586.933 223679.038  0.04%   109  430s
 11179   713 223670.870   31  138 223586.933 223673.875  0.04%   109  435s
 11363   651     cutoff   35      223586.933 223668.170  0.04%   109  440s
 11565   577 223604.465   32  114 223586.933 223662.070  0.03%   109  445s
 11783   495 223595.510   27  140 223586.933 223654.668  0.03%   108  450s
 12008   365     cutoff   31      223586.933 223643.377  0.03%   108  455s
 12275   228     cutoff   31      223586.933 223625.868  0.02%   107  460s

Cutting planes:
  Gomory: 1
  Lift-and-project: 1
  MIR: 529
  Flow cover: 342
  RLT: 5
  Relax-and-lift: 3
  Lazy constraints: 550

Explored 12529 nodes (1329337 simplex iterations) in 463.18 seconds (605.64 work units)
Thread count was 1 (of 52 available processors)

Solution count 8: 223587 223560 223470 ... 219182

Optimal solution found (tolerance 0.00e+00)
Best objective 2.235869325220e+05, best bound 2.235869325220e+05, gap 0.0000%

User-callback calls 90334, time in user-callback 2.71 sec

CPU time spent in the second stage: 463.18 sec
The LP relaxation bound at the root node: 224961.238787
Termination status of the second stage: OPTIMAL

------------------ end of the second stage -----------------

Total CPU time: 503.58 sec
Percentage optimality gap: 0.00 %
CPU time spent in separating the cuts: 38.00 sec
Number of explored nodes: 12529
Objective value of the returned solution: 223586.932522
Optimal facility locations: [1, 6, 16, 40, 46, 64, 69, 72, 81, 83, 85, 93, 97, 107, 113, 123, 124, 140, 145, 156, 177, 184, 185, 186, 201, 210, 222, 254, 270, 275, 287, 292, 309, 311, 317, 319, 320, 322, 327, 337, 341, 342, 355, 363, 367, 372, 375, 398]

@end of file
