Set parameter TimeLimit to value 7200
Setting sB&C+LSI: The proposed B&C algorithm based on formulation (40) (equipped with the lifted submodular inequalities), with only the second stage implemented
Gurobi Optimizer version 11.0.1 build v11.0.1rc0 (linux64 - "CentOS Linux 7 (Core)")

CPU model: Intel(R) Xeon(R) Gold 6230R CPU @ 2.10GHz, instruction set [SSE2|AVX|AVX2|AVX512]
Thread count: 52 physical cores, 52 logical processors, using up to 1 threads

Optimize a model with 1000 rows, 1300 columns and 1000 nonzeros
Model fingerprint: 0xcab6f26f
Variable types: 1000 continuous, 300 integer (300 binary)
Coefficient statistics:
  Matrix range     [1e+00, 1e+00]
  Objective range  [1e+01, 2e+03]
  Bounds range     [0e+00, 0e+00]
  RHS range        [9e-06, 1e+00]
Found heuristic solution: objective -1.01138e+15
Presolve removed 1000 rows and 0 columns
Presolve time: 0.00s
Presolved: 0 rows, 1300 columns, 0 nonzeros
Variable types: 1000 continuous, 300 integer (300 binary)
Found heuristic solution: objective -1.01138e+15

Root relaxation: objective 4.249407e+05, 0 iterations, 0.00 seconds (0.00 work units)

    Nodes    |    Current Node    |     Objective Bounds      |     Work
 Expl Unexpl |  Obj  Depth IntInf | Incumbent    BestBd   Gap | It/Node Time

     0     0 424940.724    0    - -1.011e+15 424940.724   100%     -    0s
     0     0 372989.282    0   54 -1.011e+15 372989.282   100%     -    0s
     0     0 298050.560    0  110 -1.011e+15 298050.560   100%     -    2s
H    0     0                    226125.84701 297977.522  31.8%     -    3s
H    0     0                    228086.06744 297977.522  30.6%     -    3s
     0     2 262792.584    0  112 228086.067 262792.584  15.2%     -    4s
     1     3 262653.156    1  111 228086.067 262792.584  15.2%  76.0    5s
    24    26 261656.689   17  101 228086.067 262792.584  15.2%  47.5   10s
    29    31 248704.183   20  116 228086.067 262792.584  15.2%   203   15s
    36    38 247301.294   24  118 228086.067 262792.584  15.2%   223   20s
   112   114 242969.233   86   37 228086.067 262792.584  15.2%   119   25s
*  153   133             125    242760.79712 262792.584  8.25%  90.8   25s
   217   193 246450.148   55   51 242760.797 262447.073  8.11%  96.3   30s
*  270   195             106    244243.63820 262447.073  7.45%  80.0   31s
*  285   202             115    244934.79647 262447.073  7.15%  76.8   31s
   319   230 246477.003   33   82 244934.796 262446.080  7.15%  86.0   35s
*  377   255              87    245332.06186 262446.080  6.98%  77.4   36s
   435   297 248845.751    6  131 245332.062 262376.035  6.95%  89.0   40s
   503   355 247773.621   12  123 245332.062 262348.442  6.94%  89.6   45s
   538   389 248029.212   30  110 245332.062 262348.442  6.94%  88.4  158s
   540   390 247549.897   14  132 245332.062 249643.231  1.76%  88.1  173s
   541   391 248706.195    6  156 245332.062 248706.195  1.38%  87.9  179s
   542   392 246989.364   25  144 245332.062 248600.845  1.33%  87.8  180s
   546   394 245467.551   59  156 245332.062 248317.152  1.22%  87.1  190s
   551   398 248277.100   15  159 245332.062 248277.100  1.20%  86.3  195s
   552   398 248118.868   29  157 245332.062 248162.632  1.15%  86.2  202s
   557   402 246206.371   84  155 245332.062 248149.706  1.15%  85.4  207s
   558   402 245886.996   40  157 245332.062 248079.154  1.12%  85.3  213s
   561   404 246016.657   37  159 245332.062 248079.154  1.12%  84.8  217s
   562   405 246720.376   51  157 245332.062 248064.099  1.11%  84.7  222s
   569   410 245545.182   57  153 245332.062 248022.070  1.10%  83.6  225s
   577   415 246386.875   62  158 245332.062 248022.070  1.10%  82.5  230s
   580   419 247926.128   13  156 245332.062 247971.853  1.08%   104  235s
   586   423 247693.945   16  136 245332.062 247938.499  1.06%   105  240s
   595   429 247469.227   20  124 245332.062 247938.499  1.06%   107  245s
   605   436 247239.197   25  110 245332.062 247938.499  1.06%   109  250s
   613   441 247096.724   29   99 245332.062 247938.499  1.06%   109  255s
   629   452 246877.136   37   79 245332.062 247938.499  1.06%   109  260s
H  631   429                    246600.42702 247938.499  0.54%   108  260s
H  661   388                    246867.94222 247938.499  0.43%   105  262s
   678   382 247869.839   13  146 246867.942 247938.449  0.43%   104  265s
   684   386 247588.011   16  141 246867.942 247938.449  0.43%   106  270s
   703   399 247148.476   26  117 246867.942 247938.449  0.43%   109  275s
   730   402 247843.064   13  159 246867.942 247925.394  0.43%   109  281s
   737   407 247522.277   17  141 246867.942 247925.394  0.43%   112  285s
   775   418 247459.430   15  154 246867.942 247924.921  0.43%   115  290s
   804   437 247165.510   30  108 246867.942 247924.921  0.43%   118  295s
   845   439 247438.954   16  149 246867.942 247794.460  0.38%   118  300s
H  904   414                    246941.03581 247794.460  0.35%   118  304s
   917   409 246943.012   55   45 246941.036 247794.460  0.35%   117  305s
   970   420 247646.660   15  149 246941.036 247694.404  0.31%   118  310s
  1008   427     cutoff   29      246941.036 247694.404  0.31%   119  315s
  1049   426 247153.061   23  127 246941.036 247693.685  0.30%   119  320s
  1061   425 247541.929   18  145 246941.036 247692.801  0.30%   120  325s
  1095   434 247465.929   21  125 246941.036 247692.458  0.30%   121  330s
  1135   446 246974.536   26  106 246941.036 247684.618  0.30%   120  335s
  1157   444 247654.029   16  151 246941.036 247673.721  0.30%   121  341s
  1168   450 247075.490   26  116 246941.036 247673.721  0.30%   121  345s
  1182   449 247559.204   17  150 246941.036 247673.705  0.30%   121  350s
  1210   460 247012.513   20  145 246941.036 247648.570  0.29%   123  355s
  1249   467 247498.367   19  143 246941.036 247647.663  0.29%   123  360s
  1290   475 247331.527   16  149 246941.036 247628.778  0.28%   123  365s
  1311   479 247569.843   17  151 246941.036 247627.628  0.28%   124  370s
  1348   488 247017.342   23  129 246941.036 247620.998  0.28%   125  375s
  1389   495 246969.201   31  113 246941.036 247595.519  0.27%   125  380s
  1430   505 247101.791   31  103 246941.036 247587.790  0.26%   125  385s
  1474   504 247342.164   17  139 246941.036 247584.574  0.26%   126  390s
  1516   512     cutoff   33      246941.036 247575.840  0.26%   126  395s
  1573   498 247364.532   18  142 246941.036 247571.527  0.26%   125  400s
  1600   507 247065.609   27  115 246941.036 247569.178  0.25%   126  405s
  1641   509     cutoff   23      246941.036 247560.748  0.25%   125  410s
  1668   523 247014.439   28  122 246941.036 247541.756  0.24%   126  415s
  1700   536 247156.106   20  134 246941.036 247534.396  0.24%   126  420s
  1736   546 246948.575   28  127 246941.036 247533.564  0.24%   126  425s
  1747   547 247230.348   19  144 246941.036 247532.902  0.24%   127  430s
  1774   556 247075.211   16  157 246941.036 247528.181  0.24%   127  435s
  1811   569 246999.999   23  131 246941.036 247524.420  0.24%   127  440s
  1848   584 247227.411   25  128 246941.036 247520.089  0.23%   127  445s
  1885   601 247134.930   25  123 246941.036 247506.680  0.23%   127  450s
  1925   615 247317.897   20  149 246941.036 247503.068  0.23%   127  455s
  1972   630     cutoff   31      246941.036 247502.431  0.23%   127  460s
  2000   646 247013.266   30  114 246941.036 247496.209  0.22%   127  465s
  2039   666 246986.264   28  113 246941.036 247491.970  0.22%   128  470s
  2093   685 246954.595   26  116 246941.036 247487.988  0.22%   128  475s
  2139   697 247086.868   25  114 246941.036 247486.203  0.22%   128  480s
  2191   711 247101.663   26  106 246941.036 247483.121  0.22%   128  485s
  2239   734 246974.882   29  109 246941.036 247477.492  0.22%   128  490s
  2275   738 247277.266   20  144 246941.036 247473.676  0.22%   128  495s
  2317   754 246977.757   27  116 246941.036 247473.316  0.22%   128  500s
  2363   768 246944.968   30  101 246941.036 247469.899  0.21%   128  505s
  2398   771 247367.526   20  130 246941.036 247469.168  0.21%   128  510s
  2417   780 247299.618   23  123 246941.036 247469.022  0.21%   128  515s
  2447   795     cutoff   30      246941.036 247468.865  0.21%   128  520s
  2465   797 247315.071   22  122 246941.036 247462.196  0.21%   128  526s
  2495   809 247283.994   22  130 246941.036 247459.421  0.21%   128  531s
  2510   814 247242.717   17  150 246941.036 247459.394  0.21%   128  536s
  2525   816 247030.640   19  145 246941.036 247459.112  0.21%   128  540s
  2546   816 247167.378   22  130 246941.036 247458.114  0.21%   128  545s
  2562   824 247052.664   27  117 246941.036 247457.892  0.21%   128  553s
  2576   826 247236.764   20  147 246941.036 247455.884  0.21%   128  555s
  2588   838 247015.307   32  118 246941.036 247455.884  0.21%   128  560s
  2610   839 247323.541   20  138 246941.036 247454.372  0.21%   128  565s
  2631   848 247170.273   23  131 246941.036 247451.831  0.21%   128  570s
  2648   855 247216.639   24  125 246941.036 247443.586  0.20%   128  575s
  2666   865 247075.478   25  130 246941.036 247443.345  0.20%   128  580s
  2691   868     cutoff   26      246941.036 247442.981  0.20%   128  585s
  2717   874 247073.003   28  121 246941.036 247441.533  0.20%   128  591s
  2747   874 247172.143   19  124 246941.036 247441.304  0.20%   128  597s
  2763   876 247222.638   20  131 246941.036 247440.732  0.20%   128  600s
  2783   886 247060.921   27  128 246941.036 247440.586  0.20%   128  605s
  2806   891 247028.992   24  132 246941.036 247438.748  0.20%   129  610s
  2829   895 247207.381   20  142 246941.036 247438.023  0.20%   129  616s
  2856   901 247088.693   19  139 246941.036 247436.258  0.20%   129  621s
  2883   911 247072.852   24  108 246941.036 247430.290  0.20%   129  626s
  2910   918 247131.344   19  132 246941.036 247427.462  0.20%   129  631s
  2938   924 247084.339   22  128 246941.036 247425.862  0.20%   129  635s
  2974   928 247326.101   18  143 246941.036 247421.281  0.19%   129  640s
  2997   933 247302.496   22  139 246941.036 247420.969  0.19%   129  649s
  3003   939 247148.281   28  128 246941.036 247420.969  0.19%   129  650s
  3029   946 247044.667   27  118 246941.036 247420.653  0.19%   129  655s
  3084   961 247332.619   23  129 246941.036 247416.910  0.19%   128  660s
  3131   981 247207.702   24  127 246941.036 247415.050  0.19%   128  665s
  3166   993 247287.409   18  142 246941.036 247413.288  0.19%   128  670s
  3206  1003 247341.579   22  127 246941.036 247410.560  0.19%   128  675s
  3259  1025 247153.636   18  144 246941.036 247409.559  0.19%   128  680s
  3305  1035 247145.484   20  146 246941.036 247398.364  0.19%   128  685s
  3336  1043     cutoff   21      246941.036 247396.625  0.18%   128  690s
  3392  1057 247219.923   27  130 246941.036 247393.983  0.18%   128  695s
  3422  1058 247206.327   23  118 246941.036 247393.355  0.18%   128  700s
  3462  1070 246953.173   27  112 246941.036 247392.664  0.18%   128  705s
  3498  1078 247115.643   25  126 246941.036 247390.683  0.18%   128  710s
  3538  1092 247128.542   24  123 246941.036 247388.320  0.18%   128  715s
  3579  1104 246950.024   20  136 246941.036 247384.522  0.18%   128  720s
  3601  1109 246977.310   30  113 246941.036 247384.090  0.18%   128  725s
  3606  1108 247342.920   22  119 246941.036 247383.898  0.18%   128  730s
  3640  1121 247064.689   25  132 246941.036 247379.745  0.18%   128  735s
  3689  1142 246973.740   26  109 246941.036 247378.455  0.18%   128  740s
  3725  1151 247193.945   21  133 246941.036 247374.642  0.18%   128  745s
  3768  1157 247287.872   23  134 246941.036 247371.633  0.17%   128  750s
  3812  1172 247050.005   24  118 246941.036 247371.259  0.17%   128  755s
  3854  1182 247210.461   21  140 246941.036 247367.108  0.17%   128  760s
  3899  1190     cutoff   26      246941.036 247365.936  0.17%   128  765s
  3932  1193 247167.282   20  136 246941.036 247363.855  0.17%   128  771s
  3954  1198 246965.707   20  145 246941.036 247362.505  0.17%   128  775s
  3984  1201     cutoff   22      246941.036 247361.181  0.17%   128  780s
  3988  1205 247019.945   26  133 246941.036 247361.087  0.17%   128  785s
  4017  1211 247022.349   28  129 246941.036 247360.098  0.17%   128  790s
  4070  1218 247232.312   17  136 246941.036 247356.948  0.17%   128  795s
  4124  1222 247233.802   24  127 246941.036 247355.523  0.17%   128  800s
  4174  1232     cutoff   29      246941.036 247352.988  0.17%   128  805s
  4224  1242 247059.669   24  116 246941.036 247350.528  0.17%   128  810s
  4240  1243 247123.886   21  127 246941.036 247348.477  0.16%   128  818s
  4250  1245 247019.740   19  139 246941.036 247348.033  0.16%   128  822s
  4270  1243 247058.712   19  146 246941.036 247346.944  0.16%   128  825s
  4316  1254 246960.159   24  144 246941.036 247345.543  0.16%   128  830s
  4377  1264 247188.446   20  147 246941.036 247343.018  0.16%   127  835s
  4428  1271 247221.760   19  142 246941.036 247341.307  0.16%   127  840s
  4488  1283 247098.623   25  115 246941.036 247339.120  0.16%   127  845s
  4537  1294 247016.178   24  125 246941.036 247336.219  0.16%   127  850s
  4556  1297 247218.556   18  145 246941.036 247334.484  0.16%   127  855s
  4602  1307 246997.293   29  118 246941.036 247333.744  0.16%   127  860s
  4643  1313 246942.362   25  123 246941.036 247332.655  0.16%   127  865s
  4689  1312 247218.778   23  133 246941.036 247331.798  0.16%   128  870s
  4740  1330 247016.891   28  112 246941.036 247329.544  0.16%   127  875s
  4770  1329 247082.934   23  130 246941.036 247327.784  0.16%   127  882s
  4798  1325     cutoff   22      246941.036 247326.608  0.16%   127  885s
  4844  1331 247271.074   21  134 246941.036 247324.327  0.16%   127  890s
  4884  1340 246993.354   23  130 246941.036 247319.092  0.15%   127  895s
  4928  1345 246971.908   24  110 246941.036 247318.508  0.15%   127  900s
  4985  1347 247043.684   19  140 246941.036 247317.801  0.15%   127  905s
  5016  1349 247096.875   20  140 246941.036 247316.369  0.15%   127  910s
  5054  1357 247086.310   23  124 246941.036 247315.647  0.15%   127  915s
  5101  1359 247057.930   24  118 246941.036 247312.714  0.15%   127  920s
  5110  1356 247232.501   24  127 246941.036 247311.863  0.15%   128  926s
  5141  1357 247066.895   19  144 246941.036 247311.208  0.15%   127  930s
  5157  1360 246946.061   22  138 246941.036 247310.739  0.15%   127  936s
  5188  1359     cutoff   27      246941.036 247310.586  0.15%   127  940s
  5247  1362 247175.506   22  125 246941.036 247307.095  0.15%   127  945s
  5299  1373 247051.862   23  127 246941.036 247304.417  0.15%   127  950s
  5351  1379 247091.379   28  118 246941.036 247302.814  0.15%   127  955s
  5390  1382 246984.616   26  119 246941.036 247301.723  0.15%   127  960s
  5434  1385 246962.353   26  118 246941.036 247299.317  0.15%   127  965s
  5482  1389 247133.184   20  140 246941.036 247298.062  0.14%   127  970s
  5535  1391 247050.794   24  131 246941.036 247296.451  0.14%   127  975s
  5604  1392 247084.250   20  134 246941.036 247296.059  0.14%   126  980s
  5614  1392 247139.219   25  121 246941.036 247295.503  0.14%   126  986s
  5647  1400 246967.762   22  138 246941.036 247294.357  0.14%   127  990s
  5704  1409 247117.347   21  134 246941.036 247291.831  0.14%   126  995s
  5759  1423 247062.646   28  113 246941.036 247290.398  0.14%   127 1000s
  5803  1424     cutoff   19      246941.036 247288.260  0.14%   127 1005s
  5850  1433 247033.868   20  140 246941.036 247287.036  0.14%   127 1010s
  5904  1443 247226.413   18  155 246941.036 247285.971  0.14%   127 1015s
  5942  1447 247122.695   24  132 246941.036 247285.522  0.14%   127 1026s
  5965  1453 246965.784   23  132 246941.036 247285.303  0.14%   127 1030s
  6000  1448 247127.844   21  129 246941.036 247284.564  0.14%   127 1035s
  6044  1451 246970.125   20  148 246941.036 247283.952  0.14%   128 1040s
  6057  1449 247076.990   19  141 246941.036 247283.698  0.14%   128 1045s
  6107  1454 247068.887   22  126 246941.036 247282.528  0.14%   128 1050s
  6156  1458 247138.954   22  125 246941.036 247278.140  0.14%   128 1055s
  6201  1462 247058.047   23  130 246941.036 247277.066  0.14%   128 1060s
  6243  1468 247017.688   23  125 246941.036 247275.107  0.14%   128 1065s
  6282  1474 247023.184   22  131 246941.036 247274.753  0.14%   128 1070s
  6330  1473 246953.110   23  121 246941.036 247272.980  0.13%   128 1075s
  6377  1475 247111.796   21  144 246941.036 247272.118  0.13%   128 1083s
  6393  1475     cutoff   29      246941.036 247271.946  0.13%   128 1085s
  6440  1480 246962.353   23  125 246941.036 247271.344  0.13%   128 1090s
  6465  1480 246966.562   21  146 246941.036 247269.469  0.13%   128 1095s
  6506  1476 247005.910   22  136 246941.036 247267.925  0.13%   128 1100s
  6554  1478     cutoff   30      246941.036 247265.620  0.13%   128 1105s
  6591  1481 247138.336   23  124 246941.036 247264.107  0.13%   128 1110s
  6629  1479 246975.917   26  107 246941.036 247260.932  0.13%   128 1115s
  6651  1481 247071.214   19  136 246941.036 247260.710  0.13%   128 1121s
  6685  1487 247013.796   23  136 246941.036 247260.493  0.13%   128 1125s
  6727  1484 247068.690   31  113 246941.036 247259.868  0.13%   128 1130s
  6782  1492 247134.375   28  127 246941.036 247258.386  0.13%   128 1135s
  6813  1496 247001.850   24  121 246941.036 247257.843  0.13%   128 1140s
  6869  1499 246941.599   34  104 246941.036 247255.962  0.13%   128 1145s
  6914  1500 247083.049   28  107 246941.036 247255.009  0.13%   128 1150s
  6965  1506 246969.072   28  126 246941.036 247253.378  0.13%   128 1155s
  7017  1504 247095.782   20  137 246941.036 247252.361  0.13%   128 1160s
  7061  1501 247045.402   26  122 246941.036 247250.226  0.13%   128 1167s
  7088  1504 247112.320   24  130 246941.036 247249.594  0.12%   128 1170s
  7138  1504     cutoff   29      246941.036 247248.487  0.12%   128 1175s
  7151  1505 247003.787   23  119 246941.036 247248.214  0.12%   128 1183s
  7169  1506 247024.308   26  112 246941.036 247247.672  0.12%   128 1185s
  7224  1509 247093.098   20  126 246941.036 247245.758  0.12%   128 1190s
  7278  1515 246965.493   26  112 246941.036 247244.964  0.12%   128 1195s
  7314  1510 247135.399   27  115 246941.036 247243.437  0.12%   128 1200s
  7372  1518 246954.031   29  115 246941.036 247242.593  0.12%   128 1205s
  7428  1520 247038.030   28  109 246941.036 247241.356  0.12%   128 1210s
  7474  1520 247128.091   20  141 246941.036 247240.134  0.12%   128 1215s
  7529  1519 247221.825   19  158 246941.036 247237.774  0.12%   128 1220s
  7538  1521 247069.315   23  147 246941.036 247237.774  0.12%   128 1225s
  7574  1525 247000.486   27  116 246941.036 247237.536  0.12%   128 1230s
  7630  1529 247012.780   22  138 246941.036 247235.375  0.12%   128 1235s
  7680  1528 247001.816   29  117 246941.036 247233.345  0.12%   128 1240s
  7733  1529 246952.246   20  136 246941.036 247231.261  0.12%   129 1245s
  7784  1527 246945.777   25  121 246941.036 247229.716  0.12%   129 1250s
  7814  1526 247065.154   26  125 246941.036 247228.973  0.12%   129 1256s
  7853  1530     cutoff   25      246941.036 247227.692  0.12%   128 1260s
  7898  1533 246963.669   28  120 246941.036 247226.902  0.12%   128 1265s
  7945  1532 246975.064   26  114 246941.036 247225.794  0.12%   128 1270s
  7984  1532 246965.747   22  132 246941.036 247224.426  0.11%   128 1275s
  8032  1526 247065.711   27  112 246941.036 247222.220  0.11%   129 1280s
  8080  1520 247095.667   20  154 246941.036 247221.625  0.11%   129 1285s
  8111  1522 247013.765   23  118 246941.036 247220.574  0.11%   128 1292s
  8132  1519 247125.833   19  152 246941.036 247218.769  0.11%   129 1295s
  8175  1518 247002.933   24  128 246941.036 247217.940  0.11%   129 1300s
  8216  1520 246942.956   22  124 246941.036 247217.053  0.11%   129 1305s
  8251  1514 246984.093   23  135 246941.036 247215.989  0.11%   129 1310s
  8299  1515 247022.054   23  131 246941.036 247214.431  0.11%   129 1315s
  8343  1510 247115.846   25  117 246941.036 247213.990  0.11%   129 1320s
  8359  1510 247065.336   22  133 246941.036 247213.759  0.11%   129 1328s
  8372  1510 246948.015   22  136 246941.036 247213.480  0.11%   129 1330s
  8412  1514 247035.155   29  113 246941.036 247211.704  0.11%   129 1335s
  8420  1511 246973.781   29  118 246941.036 247210.704  0.11%   129 1340s
  8460  1510 247004.762   22  138 246941.036 247209.557  0.11%   129 1345s
  8519  1511 247039.195   20  133 246941.036 247208.528  0.11%   129 1350s
  8562  1512 246950.645   31   98 246941.036 247207.415  0.11%   129 1355s
  8608  1514     cutoff   32      246941.036 247206.321  0.11%   129 1360s
  8647  1515 246973.857   28  115 246941.036 247205.094  0.11%   129 1365s
  8702  1517 247014.289   28  114 246941.036 247204.174  0.11%   129 1370s
  8764  1514 247047.920   23  119 246941.036 247201.905  0.11%   129 1375s
  8814  1515 247040.057   22  136 246941.036 247199.783  0.10%   129 1380s
  8860  1514 247145.836   25  125 246941.036 247198.576  0.10%   129 1385s
  8915  1512 247027.187   29  116 246941.036 247197.520  0.10%   129 1390s
  8929  1511 247069.190   24  122 246941.036 247197.371  0.10%   129 1395s
  9000  1508 246971.846   30  120 246941.036 247195.743  0.10%   129 1400s
  9042  1506 247023.868   23  140 246941.036 247193.168  0.10%   129 1405s
  9090  1502     cutoff   17      246941.036 247190.826  0.10%   129 1410s
  9140  1494 246987.987   24  129 246941.036 247189.330  0.10%   129 1415s
  9190  1489 247055.878   23  119 246941.036 247187.252  0.10%   129 1420s
  9251  1493 247081.096   26  126 246941.036 247185.966  0.10%   129 1425s
  9294  1490 247093.887   26  114 246941.036 247185.424  0.10%   129 1433s
  9310  1488 247008.794   21  133 246941.036 247184.781  0.10%   129 1435s
  9369  1487     cutoff   23      246941.036 247182.128  0.10%   129 1440s
  9421  1483 246960.027   20  136 246941.036 247181.215  0.10%   129 1450s
  9460  1474 246975.676   22  129 246941.036 247179.845  0.10%   129 1455s
  9509  1466 247035.933   22  129 246941.036 247179.039  0.10%   129 1460s
  9573  1465 246961.865   23  130 246941.036 247176.894  0.10%   129 1465s
  9619  1454 246989.183   23  135 246941.036 247174.824  0.09%   129 1470s
  9671  1449 247014.615   31  110 246941.036 247173.517  0.09%   129 1475s
  9728  1448 246974.852   28  126 246941.036 247172.063  0.09%   129 1481s
  9768  1454 246987.681   28  107 246941.036 247170.994  0.09%   129 1485s
  9814  1451 246979.458   31  109 246941.036 247170.004  0.09%   129 1490s
  9865  1447     cutoff   26      246941.036 247169.442  0.09%   129 1495s
  9926  1443 247087.251   21  143 246941.036 247168.238  0.09%   129 1500s
  9943  1442 247066.935   23  132 246941.036 247168.095  0.09%   129 1505s
  9968  1438     cutoff   24      246941.036 247167.353  0.09%   129 1510s
 10015  1435 247009.964   26  129 246941.036 247165.621  0.09%   129 1515s
 10076  1429 246957.261   22  140 246941.036 247164.187  0.09%   129 1520s
 10126  1434     cutoff   27      246941.036 247162.822  0.09%   129 1525s
 10180  1427 246956.893   26  120 246941.036 247161.054  0.09%   129 1530s
 10228  1418     cutoff   25      246941.036 247159.165  0.09%   129 1535s
 10259  1415 247010.513   26  119 246941.036 247157.878  0.09%   129 1540s
 10311  1413 247044.653   28  117 246941.036 247157.141  0.09%   129 1545s
 10356  1402 246996.665   26  122 246941.036 247155.738  0.09%   129 1550s
 10412  1398 246986.204   24  115 246941.036 247154.670  0.09%   129 1555s
 10451  1390 246970.124   24  120 246941.036 247153.105  0.09%   129 1560s
 10498  1382 247055.696   20  150 246941.036 247151.029  0.09%   129 1565s
 10549  1377 246964.318   32  104 246941.036 247149.372  0.08%   129 1570s
 10590  1367     cutoff   29      246941.036 247148.369  0.08%   129 1575s
 10633  1359 246941.112   28  124 246941.036 247147.037  0.08%   129 1580s
 10674  1350 246961.044   24  138 246941.036 247145.555  0.08%   130 1585s
 10717  1342     cutoff   27      246941.036 247144.266  0.08%   130 1590s
 10771  1335 247063.491   28  118 246941.036 247142.635  0.08%   130 1595s
 10823  1328 247020.374   24  132 246941.036 247141.333  0.08%   130 1600s
 10883  1316 247031.206   28  114 246941.036 247139.842  0.08%   130 1605s
 10944  1310     cutoff   24      246941.036 247138.702  0.08%   129 1610s
 11002  1306 246943.546   30  119 246941.036 247137.321  0.08%   129 1615s
 11063  1301     cutoff   20      246941.036 247135.861  0.08%   129 1620s
 11123  1293 246963.374   23  133 246941.036 247134.314  0.08%   129 1625s
 11176  1277     cutoff   24      246941.036 247132.586  0.08%   129 1630s
 11226  1267 247000.402   32  121 246941.036 247131.162  0.08%   129 1635s
 11292  1248     cutoff   24      246941.036 247128.274  0.08%   129 1640s
 11342  1240     cutoff   29      246941.036 247126.130  0.07%   129 1645s
 11397  1229 247041.032   19  143 246941.036 247124.783  0.07%   129 1650s
 11451  1218 246972.078   23  129 246941.036 247123.584  0.07%   129 1655s
 11497  1204 246970.711   24  121 246941.036 247121.565  0.07%   129 1660s
 11546  1192 246967.270   19  153 246941.036 247119.307  0.07%   129 1665s
 11595  1180 246982.412   26  109 246941.036 247117.415  0.07%   130 1670s
 11651  1170 246989.712   31  111 246941.036 247115.662  0.07%   129 1675s
 11713  1156     cutoff   29      246941.036 247113.504  0.07%   129 1680s
 11767  1137 246967.448   27  130 246941.036 247111.674  0.07%   129 1685s
 11822  1125 247014.056   26  108 246941.036 247110.477  0.07%   129 1690s
 11890  1112 247087.401   22  138 246941.036 247108.034  0.07%   129 1695s
 11943  1102 247013.944   26  130 246941.036 247105.626  0.07%   129 1700s
 12007  1088 247012.385   27  127 246941.036 247103.522  0.07%   129 1705s
 12060  1067 246945.989   25  123 246941.036 247100.642  0.06%   129 1710s
 12133  1059 247023.922   26  114 246941.036 247099.390  0.06%   129 1715s
 12204  1038 246956.197   23  120 246941.036 247096.822  0.06%   129 1720s
 12259  1017     cutoff   22      246941.036 247094.795  0.06%   129 1725s
 12315  1002     cutoff   26      246941.036 247093.723  0.06%   129 1730s
 12371   979 247025.703   29  116 246941.036 247091.846  0.06%   129 1735s
 12436   964 246986.595   26  119 246941.036 247089.878  0.06%   129 1740s
 12496   946 247017.201   30  110 246941.036 247087.372  0.06%   129 1745s
 12567   937 247026.272   25  119 246941.036 247085.930  0.06%   129 1750s
 12628   927 246946.482   24  125 246941.036 247084.198  0.06%   129 1755s
 12684   912     cutoff   23      246941.036 247082.886  0.06%   129 1760s
 12740   897 246953.683   26  118 246941.036 247081.075  0.06%   129 1765s
 12814   855 247051.505   32  110 246941.036 247076.959  0.06%   129 1770s
 12888   827     cutoff   26      246941.036 247073.304  0.05%   129 1775s
 12950   803 247004.521   27  117 246941.036 247071.068  0.05%   129 1780s
 13012   770 247003.877   33  107 246941.036 247067.101  0.05%   129 1785s
 13091   741     cutoff   22      246941.036 247064.772  0.05%   128 1790s
 13165   712     cutoff   24      246941.036 247062.698  0.05%   128 1795s
 13226   686 246986.361   26  125 246941.036 247059.567  0.05%   128 1800s
 13270   666 246982.953   27  110 246941.036 247058.149  0.05%   128 1808s
 13271   667 246958.854   28  105 246941.036 247058.149  0.05%   128 1810s
 13285   656 246993.342   32  109 246941.036 247057.154  0.05%   128 1825s
 13338   637 246995.803   28  100 246941.036 247053.687  0.05%   128 1830s
 13401   608 246945.364   30  116 246941.036 247050.186  0.04%   128 1835s
 13475   581     cutoff   26      246941.036 247047.411  0.04%   128 1840s
 13549   562 246946.102   28  125 246941.036 247045.355  0.04%   128 1845s
 13629   534 246964.999   28  117 246941.036 247042.504  0.04%   128 1850s
 13699   500     cutoff   32      246941.036 247038.390  0.04%   128 1855s
 13792   446 246972.411   40   88 246941.036 247030.372  0.04%   127 1860s
 13891   397 247007.717   24  115 246941.036 247023.246  0.03%   127 1865s
 13992   354 246985.166   27  117 246941.036 247016.487  0.03%   127 1870s
 14093   275     cutoff   27      246941.036 247005.727  0.03%   126 1875s
 14212   219 246968.225   28  110 246941.036 246995.139  0.02%   126 1880s
 14340   149 246958.317   35  103 246941.036 246978.752  0.02%   125 1885s
 14513    15     cutoff   41      246941.036 246948.198  0.00%   124 1890s

Cutting planes:
  Gomory: 1
  Lift-and-project: 3
  MIR: 733
  Flow cover: 491
  RLT: 15
  Relax-and-lift: 3
  Lazy constraints: 310

Explored 14529 nodes (1806320 simplex iterations) in 1890.24 seconds (2323.51 work units)
Thread count was 1 (of 52 available processors)

Solution count 10: 246941 246868 246600 ... -1.01138e+15

Optimal solution found (tolerance 0.00e+00)
Best objective 2.469410358103e+05, best bound 2.469410358103e+05, gap 0.0000%

User-callback calls 207638, time in user-callback 3.99 sec

Total CPU time: 1890.24 sec
Termination status: OPTIMAL
Percentage optimality gap: 0.00 %
Number of explored nodes: 14529
Objective value of the returned solution: 246941.035810
The LP relaxation bound at the root node: 262792.583573
Optimal facility locations: [7, 8, 11, 20, 34, 37, 40, 44, 48, 53, 56, 65, 77, 80, 81, 84, 86, 92, 97, 113, 128, 129, 131, 133, 138, 140, 143, 146, 158, 169, 173, 179, 183, 189, 190, 192, 194, 233, 243, 256, 273, 274, 282, 286, 287, 295]

@end of file
