Set parameter TimeLimit to value 7200
Setting B&C+LSI: The proposed B&C algorithm based on formulation (40) (equipped with the lifted submodular inequalities).

----------------- start of the first stage -----------------

Iter     Best Incumbent      BestBound     Gap      Time  #VioCuts
1                 0.000     422640.458   100.0       0.2      1000
2            217957.495     384382.572    43.3       1.8      1982
3            267402.129     314161.785    14.9       3.3      1916
4            269449.995     284788.567     5.4       4.7      1353
5            269449.995     280119.667     3.8       6.6       543
6            269449.995     279324.444     3.5       8.6       201
7            269449.995     279147.940     3.5      10.4       127
8            269449.995     279069.799     3.4      12.1        40
9            269449.995     279045.564     3.4      13.8        12
10           269449.995     279041.184     3.4      15.4         2
11           269449.995     279041.058     3.4      17.0         0

CPU time spent in the first stage: 18.72 sec
Upper bound returned at the end of the first stage: 279041.058069
Objective value of the optimal solution or the best incumbent at the end of the first stage: 269449.995117
Number of cuts added at the end of the first stage for the initialization of the relaxed MILP problem: 1156
Termination status of the first stage: LP Optimal

------------------ end of the first stage ------------------


----------------- start of the second stage ----------------

Gurobi Optimizer version 11.0.1 build v11.0.1rc0 (linux64 - "CentOS Linux 7 (Core)")

CPU model: Intel(R) Xeon(R) Gold 6230R CPU @ 2.10GHz, instruction set [SSE2|AVX|AVX2|AVX512]
Thread count: 52 physical cores, 52 logical processors, using up to 1 threads


Warning: excessive time spent in model updates.
Consider calling update less frequently.

Optimize a model with 2160 rows, 1200 columns and 15964 nonzeros
Model fingerprint: 0xecf7fdb6
Variable types: 1000 continuous, 200 integer (0 binary)
Coefficient statistics:
  Matrix range     [2e-08, 2e+03]
  Objective range  [1e+01, 2e+03]
  Bounds range     [1e+00, 1e+00]
  RHS range        [2e-04, 5e+05]

Loaded user MIP start with objective 269450

Presolve removed 1029 rows and 0 columns
Presolve time: 0.04s
Presolved: 1131 rows, 1200 columns, 11190 nonzeros
Variable types: 1000 continuous, 200 integer (200 binary)

Root relaxation: objective 2.790410e+05, 362 iterations, 0.02 seconds (0.03 work units)

    Nodes    |    Current Node    |     Objective Bounds      |     Work
 Expl Unexpl |  Obj  Depth IntInf | Incumbent    BestBd   Gap | It/Node Time

     0     0 279040.992    0  112 269449.995 279040.992  3.56%     -    0s
     0     0 278958.677    0   90 269449.995 278958.677  3.53%     -    0s
H    0     0                    269613.70141 278944.020  3.46%     -    1s
     0     0 278901.273    0  100 269613.701 278901.273  3.44%     -    1s
     0     0 278886.161    0  100 269613.701 278886.161  3.44%     -    1s
     0     0 278884.323    0  101 269613.701 278884.323  3.44%     -    1s
     0     0 278884.273    0  102 269613.701 278884.273  3.44%     -    1s
     0     0 278795.859    0  106 269613.701 278795.859  3.41%     -    1s
     0     0 278782.167    0  107 269613.701 278782.167  3.40%     -    1s
     0     0 278779.673    0  108 269613.701 278779.673  3.40%     -    1s
     0     0 278779.547    0  105 269613.701 278779.547  3.40%     -    1s
     0     0 278754.318    0  109 269613.701 278754.318  3.39%     -    2s
     0     0 278743.579    0  107 269613.701 278743.579  3.39%     -    2s
     0     0 278741.530    0  105 269613.701 278741.530  3.39%     -    2s
     0     0 278740.734    0  106 269613.701 278740.734  3.39%     -    2s
     0     0 278724.142    0  108 269613.701 278724.142  3.38%     -    2s
     0     0 278721.995    0  106 269613.701 278721.995  3.38%     -    2s
     0     0 278720.122    0  107 269613.701 278720.122  3.38%     -    2s
     0     0 278718.587    0  105 269613.701 278718.587  3.38%     -    2s
     0     0 278717.164    0  106 269613.701 278717.164  3.38%     -    2s
     0     0 278717.154    0  106 269613.701 278717.154  3.38%     -    2s
     0     0 278700.406    0  109 269613.701 278700.406  3.37%     -    3s
     0     0 278673.176    0  112 269613.701 278673.176  3.36%     -    3s
     0     2 278660.645    0  114 269613.701 278660.645  3.36%     -    3s
   100   102 275737.561   68   28 269613.701 278633.387  3.35%  54.8    5s
*  114   111              81    275274.99479 278633.387  1.22%  52.2    5s
*  200   145              64    276185.67908 278633.313  0.89%  58.3    5s
H  491   269                    277062.99225 278578.010  0.55%  64.1    9s
   505   278 277690.017   15   88 277062.992 278571.021  0.54%  66.3   10s
   546   317 278205.214    9  115 277062.992 278408.518  0.49%  64.8   15s
   561   327 277186.022   31  121 277062.992 278271.101  0.44%  63.1   20s
   581   340 278181.817    7  123 277062.992 278220.877  0.42%  60.9   25s
*  667   363              54    277075.95685 278203.761  0.41%  72.3   29s
   671   359 278194.932   12  118 277075.957 278203.448  0.41%  72.0   30s
*  753   306              54    277575.40432 278203.448  0.23%  76.9   32s
   782   310 277911.539   16  101 277575.404 278061.514  0.18%  80.2   35s
   949   299 277678.896   14  106 277575.404 277993.577  0.15%  88.1   40s
  1095   289 277653.939   16   92 277575.404 277915.721  0.12%  92.1   45s
  1264   250 277737.032   17   99 277575.404 277864.618  0.10%  94.9   50s
  1454   215 277614.913   18   98 277575.404 277820.648  0.09%  96.2   55s
  1668   231 277576.867   18  104 277575.404 277790.030  0.08%  96.2   60s
  1901   215 277617.148   24   90 277575.404 277754.495  0.06%  96.3   65s
  2065   213 277591.322   21  101 277575.404 277729.407  0.06%  97.2   70s
  2256   159     cutoff   19      277575.404 277685.467  0.04%  98.1   75s
  2545    13 277576.469   37   58 277575.404 277584.488  0.00%  96.4   80s

Cutting planes:
  Gomory: 4
  Lift-and-project: 6
  Implied bound: 1
  MIR: 428
  Flow cover: 259
  RLT: 2
  Relax-and-lift: 1
  Lazy constraints: 66

Explored 2559 nodes (247943 simplex iterations) in 80.05 seconds (100.70 work units)
Thread count was 1 (of 52 available processors)

Solution count 7: 277575 277076 277063 ... 269450

Optimal solution found (tolerance 0.00e+00)
Best objective 2.775754043152e+05, best bound 2.775754043152e+05, gap 0.0000%

User-callback calls 20324, time in user-callback 1.00 sec

CPU time spent in the second stage: 80.05 sec
The LP relaxation bound at the root node: 278660.644753
Termination status of the second stage: OPTIMAL

------------------ end of the second stage -----------------

Total CPU time: 97.09 sec
Percentage optimality gap: 0.00 %
CPU time spent in separating the cuts: 15.39 sec
Number of explored nodes: 2559
Objective value of the returned solution: 277575.404315
Optimal facility locations: [7, 8, 10, 11, 19, 21, 31, 43, 48, 49, 66, 72, 90, 92, 93, 95, 96, 100, 102, 106, 110, 113, 114, 118, 124, 128, 144, 163, 174, 178, 184, 187, 190, 194, 195, 197]

@end of file
