Set parameter TimeLimit to value 7200
Setting B&C+LSI': The proposed B&C algorithm based on formulation (40) (equipped with the lifted submodular inequalities), where the lifted submodular inequalities are computed by using the MILP based approach that solves the MILP reformulations (E.2) of the lifting problems (43)

----------------- start of the first stage -----------------

Iter     Best Incumbent      BestBound     Gap      Time  #VioCuts
1                 0.000     431116.307   100.0       0.3      1000
2            182764.220     361719.305    49.5    7201.4      1997

CPU time spent in the first stage: 7201.38 sec
Upper bound returned at the end of the first stage: 361719.304835
Objective value of the optimal solution or the best incumbent at the end of the first stage: 182764.219543
Number of cuts added at the end of the first stage for the initialization of the relaxed MILP problem: 2239
Termination status of the first stage: Timelimit

------------------ end of the first stage ------------------

Average CPU time spent in solving a single MILP problem: 1.22 sec
Total CPU time: 7201.38 sec
Percentage optimality gap: 49.47 %
CPU time spent in separating the cuts: 7200.90 sec
Number of explored nodes: 1
Objective value of the returned solution: 182764.219543
Optimal facility locations: [4, 5, 8, 15, 29, 86, 97, 109, 124, 133, 135, 156, 159, 184, 186, 187, 196, 219, 222, 245, 247, 251, 260, 275, 319, 336, 360, 362, 368, 375]

@end of file
