Set parameter TimeLimit to value 7200
Setting B&C+SI: The proposed B&C algorithm based on formulation (16) (equipped with the submodular inequalities).

----------------- start of the first stage -----------------

Iter     Best Incumbent      BestBound     Gap      Time  #VioCuts
1                 0.000     428488.225   100.0       0.1      1000
2            249830.599     406883.145    38.6       0.7      1999
3            299155.124     375534.582    20.3       1.7      1986
4            317420.965     349806.839     9.3       2.8      1888
5            322971.520     341165.639     5.3       4.1      1470
6            322971.520     337534.799     4.3       5.4       920
7            322971.520     336013.454     3.9       6.7       491
8            322971.520     335186.618     3.6       7.9       330
9            322971.520     334790.471     3.5       9.0       140
10           322971.520     334648.394     3.5      10.0        71
11           322971.520     334562.342     3.5      10.9        36
12           322971.520     334543.064     3.5      11.8        13
13           322971.520     334538.703     3.5      12.6         4
14           322971.520     334538.637     3.5      13.6         3
15           322971.520     334538.615     3.5      14.4         0

CPU time spent in the first stage: 17.58 sec
Upper bound returned at the end of the first stage: 334538.615117
Objective value of the optimal solution or the best incumbent at the end of the first stage: 322971.519670
Number of cuts added at the end of the first stage for the initialization of the relaxed MILP problem: 1091
Termination status of the first stage: LP Optimal

------------------ end of the first stage ------------------


----------------- start of the second stage ----------------

Gurobi Optimizer version 11.0.1 build v11.0.1rc0 (linux64 - "CentOS Linux 7 (Core)")

CPU model: Intel(R) Xeon(R) Gold 6230R CPU @ 2.10GHz, instruction set [SSE2|AVX|AVX2|AVX512]
Thread count: 52 physical cores, 52 logical processors, using up to 1 threads


Warning: excessive time spent in model updates.
Consider calling update less frequently.

Optimize a model with 2096 rows, 1100 columns and 14485 nonzeros
Model fingerprint: 0xa42c40fa
Variable types: 1000 continuous, 100 integer (0 binary)
Coefficient statistics:
  Matrix range     [1e-06, 2e+03]
  Objective range  [1e+01, 2e+03]
  Bounds range     [1e+00, 1e+00]
  RHS range        [6e-04, 5e+05]

Loaded user MIP start with objective 322972

Presolve removed 1010 rows and 0 columns
Presolve time: 0.02s
Presolved: 1086 rows, 1100 columns, 9062 nonzeros
Variable types: 1000 continuous, 100 integer (100 binary)

Root relaxation: objective 3.345285e+05, 310 iterations, 0.01 seconds (0.02 work units)

    Nodes    |    Current Node    |     Objective Bounds      |     Work
 Expl Unexpl |  Obj  Depth IntInf | Incumbent    BestBd   Gap | It/Node Time

     0     0 334528.462    0   70 322971.520 334528.462  3.58%     -    0s
     0     0 334524.691    0   74 322971.520 334524.691  3.58%     -    0s
     0     2 334523.804    0   74 322971.520 334523.804  3.58%     -    0s
*   73    71              65    326237.87063 334523.804  2.54%  56.8    1s
*  175   107              43    329217.93416 334464.241  1.59%  69.1    3s
   210   136 329508.504   30   35 329217.934 334424.693  1.58%  78.6    5s
   317   219 330274.737   26   32 329217.934 334353.246  1.56%  91.6   10s
   482   308 331232.925   18   41 329217.934 334315.653  1.55%  90.6   15s
*  506   281              42    329728.49420 334315.653  1.39%  88.5   15s
   609   356 330331.019   26   74 329728.494 334196.488  1.36%  91.4   22s
   611   357 332124.359   13   77 329728.494 334196.488  1.36%  91.1   30s
   616   361 330814.274   19   80 329728.494 333854.725  1.25%  90.3   36s
   620   363 331273.961   20   80 329728.494 333616.627  1.18%  89.7   42s
   621   364 333309.579   19   81 329728.494 333454.484  1.13%  89.6   45s
   624   366 330800.481   22   78 329728.494 333371.570  1.10%  89.2   53s
   625   367 330912.651   25   81 329728.494 333371.570  1.10%  89.0   55s
   628   369 332756.608   12   81 329728.494 333319.808  1.09%  88.6   61s
   637   377 332544.437   19   65 329728.494 333278.729  1.08%  98.6   65s
   649   385 332243.884   25   58 329728.494 333278.729  1.08%   100   70s
   662   393 331273.650   31   42 329728.494 333278.729  1.08%   102   75s
   692   413 330424.866   46   32 329728.494 333278.729  1.08%   103   80s
   729   427 332375.249   23   65 329728.494 333278.002  1.08%   105   85s
   802   464 333205.014   16   79 329728.494 333205.014  1.05%   107   90s
   824   478 332000.793   27   67 329728.494 333099.355  1.02%   111   95s
   889   508 332976.361   18   69 329728.494 333099.201  1.02%   112  100s
*  980   504              64    330093.60339 333099.201  0.91%   114  104s
   982   504 332641.554   18   68 330093.603 333075.474  0.90%   114  105s
  1057   536 332301.017   21   57 330093.603 333074.935  0.90%   117  110s
  1128   564 332339.076   21   61 330093.603 332827.470  0.83%   119  115s
  1194   583 332440.835   20   67 330093.603 332826.940  0.83%   120  120s
  1280   629 330405.408   38   36 330093.603 332809.677  0.82%   122  125s
  1357   649 331793.492   26   60 330093.603 332800.821  0.82%   123  130s
  1407   674 330901.371   30   51 330093.603 332800.766  0.82%   126  135s
  1467   696 331292.836   29   55 330093.603 332781.873  0.81%   128  140s
  1536   717 332088.914   24   63 330093.603 332738.690  0.80%   129  145s
  1589   736 331879.488   23   65 330093.603 332720.820  0.80%   131  150s
  1649   754 331434.807   26   57 330093.603 332672.070  0.78%   132  155s
  1725   797 332121.237   18   70 330093.603 332603.392  0.76%   132  160s
  1791   839 331987.446   24   66 330093.603 332601.198  0.76%   133  165s
  1842   876 332519.727   20   70 330093.603 332594.782  0.76%   132  170s
  1892   912 330569.031   28   57 330093.603 332593.756  0.76%   134  175s
  1925   931 330467.790   36   43 330093.603 332567.660  0.75%   135  180s
  1978   955 331487.909   24   62 330093.603 332545.923  0.74%   135  185s
  2064   994 330806.197   31   45 330093.603 332541.726  0.74%   134  190s
  2144  1042     cutoff   38      330093.603 332540.409  0.74%   134  195s
  2187  1073 330389.315   34   50 330093.603 332537.239  0.74%   135  200s
  2255  1109 331738.079   22   65 330093.603 332507.598  0.73%   135  205s
* 2336  1089              64    330231.35686 332507.598  0.69%   134  208s
  2349  1100 330988.965   28   49 330231.357 332507.335  0.69%   135  210s
  2417  1142 330470.707   34   46 330231.357 332488.286  0.68%   134  215s
  2466  1165 332281.757   20   67 330231.357 332471.589  0.68%   135  221s
  2553  1221 331991.262   21   68 330231.357 332455.255  0.67%   134  225s
  2625  1269 330862.623   34   39 330231.357 332443.391  0.67%   133  230s
  2691  1304 331634.420   24   70 330231.357 332433.034  0.67%   134  235s
H 2698  1161                    330455.18520 332433.034  0.60%   134  236s
  2728  1173 332085.652   20   61 330455.185 332428.266  0.60%   135  240s
  2813  1212 331399.661   31   48 330455.185 332425.052  0.60%   134  245s
  2897  1268 330589.614   33   37 330455.185 332422.004  0.60%   134  250s
H 2938  1228                    330523.27149 332403.619  0.57%   134  254s
  2949  1234 331835.169   23   71 330523.271 332390.607  0.56%   134  255s
  2994  1259 330712.620   35   48 330523.271 332386.613  0.56%   134  260s
  3034  1274 331623.143   22   65 330523.271 332380.293  0.56%   135  265s
  3105  1317 330649.052   36   41 330523.271 332374.502  0.56%   135  270s
  3176  1346 332069.272   20   71 330523.271 332371.227  0.56%   135  275s
  3228  1378 330737.334   33   50 330523.271 332367.512  0.56%   136  280s
  3285  1404 331394.652   26   60 330523.271 332354.225  0.55%   136  285s
  3354  1437 331412.236   26   58 330523.271 332343.642  0.55%   137  290s
  3405  1464 330610.434   26   60 330523.271 332307.227  0.54%   137  295s
  3466  1492 331437.069   26   67 330523.271 332299.447  0.54%   137  300s
H 3496  1393                    330658.61604 332296.732  0.50%   137  302s
  3539  1420 330677.645   32   55 330658.616 332278.352  0.49%   137  305s
  3599  1449 331372.808   28   52 330658.616 332268.585  0.49%   137  310s
  3675  1487 331957.203   21   61 330658.616 332242.016  0.48%   137  315s
  3739  1531 330687.094   31   48 330658.616 332239.629  0.48%   137  320s
  3796  1556 331096.681   27   63 330658.616 332236.808  0.48%   138  325s
  3862  1577 331414.632   25   55 330658.616 332227.681  0.47%   137  330s
  3932  1603 331528.946   25   63 330658.616 332224.646  0.47%   138  335s
  3987  1626     cutoff   31      330658.616 332214.866  0.47%   138  340s
  4054  1655     cutoff   38      330658.616 332213.510  0.47%   138  345s
  4122  1677 331857.794   23   63 330658.616 332198.050  0.47%   139  350s
  4185  1700 331334.028   25   61 330658.616 332189.566  0.46%   139  355s
  4241  1732 331302.560   28   52 330658.616 332186.459  0.46%   139  360s
  4325  1755     cutoff   30      330658.616 332179.193  0.46%   139  365s
  4413  1789 331813.541   20   59 330658.616 332170.059  0.46%   138  370s
  4495  1835 331042.965   31   53 330658.616 332144.408  0.45%   138  375s
  4565  1865 331373.277   26   58 330658.616 332137.048  0.45%   138  380s
  4637  1886 331891.392   23   64 330658.616 332133.221  0.45%   138  385s
  4707  1916 331080.724   26   64 330658.616 332127.430  0.44%   138  390s
  4768  1929 331157.107   29   58 330658.616 332124.245  0.44%   138  395s
  4841  1962 331296.317   22   65 330658.616 332120.124  0.44%   138  400s
  4904  1991     cutoff   32      330658.616 332111.012  0.44%   138  405s
  4968  2011 330885.265   33   54 330658.616 332110.262  0.44%   138  410s
  5034  2037 331541.238   26   62 330658.616 332109.417  0.44%   138  415s
  5091  2064 331481.695   25   57 330658.616 332100.199  0.44%   138  420s
  5164  2095 331022.786   28   53 330658.616 332094.637  0.43%   138  425s
  5238  2124 331458.705   26   58 330658.616 332085.257  0.43%   139  430s
  5323  2159 331564.558   22   62 330658.616 332078.092  0.43%   138  435s
  5394  2180 331708.952   21   67 330658.616 332065.494  0.43%   138  440s
  5449  2201 331949.206   21   61 330658.616 332055.286  0.42%   138  445s
  5534  2248     cutoff   35      330658.616 332051.095  0.42%   138  450s
  5616  2260 331431.677   27   54 330658.616 332044.058  0.42%   138  455s
  5688  2278 331920.533   22   64 330658.616 332039.198  0.42%   138  460s
  5747  2305 331377.132   27   60 330658.616 332031.889  0.42%   138  465s
  5812  2326 331140.259   24   62 330658.616 332024.581  0.41%   138  470s
  5883  2350 331376.168   26   56 330658.616 332017.761  0.41%   138  475s
  5955  2380 330945.396   29   49 330658.616 332015.286  0.41%   138  480s
  6036  2402 331411.507   23   66 330658.616 332005.823  0.41%   138  485s
  6094  2422 331074.609   26   60 330658.616 331997.432  0.40%   138  490s
  6159  2449 330866.710   29   58 330658.616 331995.024  0.40%   138  495s
  6224  2480 330814.770   31   49 330658.616 331992.804  0.40%   138  500s
  6287  2508 331493.037   25   63 330658.616 331984.703  0.40%   139  505s
  6361  2538 331559.701   22   55 330658.616 331979.522  0.40%   139  510s
  6440  2549 330858.177   30   52 330658.616 331976.071  0.40%   139  515s
  6501  2566 330728.262   26   59 330658.616 331969.887  0.40%   139  520s
  6571  2584 331140.832   26   53 330658.616 331959.437  0.39%   139  525s
  6654  2619 330916.818   36   47 330658.616 331953.849  0.39%   139  530s
  6728  2647 331185.785   28   51 330658.616 331941.264  0.39%   138  535s
  6803  2670 331569.484   23   61 330658.616 331937.490  0.39%   138  540s
  6859  2692     cutoff   28      330658.616 331936.896  0.39%   139  545s
  6935  2702     cutoff   28      330658.616 331933.576  0.39%   139  550s
  7002  2741 331039.259   26   59 330658.616 331932.794  0.39%   139  555s
  7057  2756 331691.767   23   59 330658.616 331930.989  0.38%   139  560s
  7123  2788 330784.955   32   52 330658.616 331927.490  0.38%   139  565s
  7187  2812 331039.524   30   57 330658.616 331920.688  0.38%   139  570s
  7248  2830 331140.218   29   54 330658.616 331919.463  0.38%   139  575s
  7325  2853 331699.629   22   56 330658.616 331916.420  0.38%   139  580s
  7396  2880 330723.379   28   60 330658.616 331914.780  0.38%   139  585s
  7469  2895 330953.477   26   62 330658.616 331909.596  0.38%   139  590s
  7535  2915 331272.746   26   64 330658.616 331905.305  0.38%   139  595s
  7609  2943 330862.159   28   59 330658.616 331902.752  0.38%   139  600s
  7671  2959 330953.570   29   53 330658.616 331899.265  0.38%   139  605s
  7723  2969 330855.238   30   56 330658.616 331891.058  0.37%   139  610s
  7798  2995 331183.112   25   62 330658.616 331889.649  0.37%   139  615s
  7862  3005 331169.533   26   56 330658.616 331886.142  0.37%   139  620s
  7955  3050 331484.602   26   64 330658.616 331871.759  0.37%   139  625s
  8015  3082 330873.224   33   52 330658.616 331869.347  0.37%   139  630s
  8084  3093 330846.531   28   58 330658.616 331867.442  0.37%   139  635s
  8167  3112 330666.005   36   48 330658.616 331864.347  0.36%   139  640s
  8228  3120 331304.647   25   56 330658.616 331861.731  0.36%   139  645s
  8303  3147 330861.063   27   54 330658.616 331859.353  0.36%   139  650s
  8362  3160 331411.595   25   59 330658.616 331855.864  0.36%   140  655s
  8430  3186 331526.641   23   66 330658.616 331850.127  0.36%   140  660s
  8504  3198 331579.261   27   62 330658.616 331848.663  0.36%   140  665s
  8571  3221 331393.938   24   60 330658.616 331844.590  0.36%   140  670s
  8636  3248 330665.175   26   55 330658.616 331842.545  0.36%   140  675s
  8712  3275 330660.408   30   51 330658.616 331838.133  0.36%   140  680s
  8774  3297 330708.291   37   39 330658.616 331836.023  0.36%   140  685s
  8844  3319 331418.344   22   63 330658.616 331833.938  0.36%   140  690s
  8924  3331 330898.082   25   63 330658.616 331829.668  0.35%   140  695s
  8985  3341 331566.073   25   64 330658.616 331824.539  0.35%   140  700s
  9044  3363 331487.987   23   57 330658.616 331820.363  0.35%   140  705s
  9109  3390 331556.603   24   59 330658.616 331818.205  0.35%   140  710s
  9186  3409     cutoff   29      330658.616 331816.050  0.35%   140  715s
  9251  3436 330809.997   29   49 330658.616 331811.981  0.35%   140  720s
  9335  3460 331173.605   24   64 330658.616 331807.961  0.35%   139  725s
  9415  3480 331390.905   25   63 330658.616 331805.054  0.35%   139  730s
  9478  3509 331104.282   29   54 330658.616 331803.781  0.35%   139  735s
  9550  3527 331285.507   22   73 330658.616 331800.296  0.35%   139  740s
  9616  3541 331388.653   24   61 330658.616 331797.023  0.34%   139  745s
  9703  3557 330679.232   26   56 330658.616 331791.198  0.34%   139  750s
  9761  3579 330885.818   31   44 330658.616 331790.043  0.34%   139  755s
  9835  3597 330755.625   29   50 330658.616 331787.941  0.34%   139  760s
  9898  3618 331054.363   24   61 330658.616 331785.823  0.34%   139  765s
  9974  3640 330799.789   29   50 330658.616 331782.790  0.34%   139  770s
 10044  3640 331401.595   27   60 330658.616 331780.929  0.34%   139  775s
 10121  3655 330677.396   32   54 330658.616 331779.431  0.34%   139  780s
 10185  3676 330712.549   32   51 330658.616 331776.495  0.34%   139  785s
 10253  3698 330893.801   30   50 330658.616 331772.929  0.34%   139  790s
 10317  3718 331396.493   25   51 330658.616 331763.826  0.33%   140  795s
 10393  3750 330795.105   31   48 330658.616 331762.018  0.33%   139  800s
 10477  3762 331430.363   25   62 330658.616 331758.361  0.33%   139  805s
 10562  3789 331284.952   23   69 330658.616 331751.270  0.33%   139  810s
 10635  3807 330863.767   26   63 330658.616 331748.040  0.33%   139  815s
 10697  3823 331224.915   25   60 330658.616 331744.991  0.33%   139  820s
 10777  3839 331514.191   25   55 330658.616 331743.966  0.33%   139  825s
 10863  3871 330725.074   30   55 330658.616 331741.768  0.33%   139  830s
 10938  3893 330821.072   37   54 330658.616 331739.830  0.33%   139  835s
 11017  3918 331216.780   28   55 330658.616 331739.198  0.33%   139  840s
 11090  3945 331547.964   23   67 330658.616 331737.341  0.33%   139  845s
 11180  3959 331489.545   24   60 330658.616 331734.541  0.33%   139  850s
 11246  3976 331218.296   23   64 330658.616 331732.005  0.32%   139  855s
 11318  3996 331345.535   23   62 330658.616 331729.427  0.32%   139  860s
 11391  4016 331439.419   24   63 330658.616 331725.420  0.32%   139  865s
 11454  4036     cutoff   32      330658.616 331723.754  0.32%   139  870s
 11532  4046 331412.284   25   52 330658.616 331720.209  0.32%   139  875s
 11619  4085 330815.140   29   54 330658.616 331716.826  0.32%   138  880s
 11685  4094 331250.902   25   59 330658.616 331714.829  0.32%   138  885s
 11763  4122 331297.054   24   55 330658.616 331713.403  0.32%   138  890s
 11832  4135 330886.620   23   60 330658.616 331711.624  0.32%   138  895s
 11915  4154 331135.535   24   67 330658.616 331708.691  0.32%   138  900s
 11996  4182 331174.215   25   61 330658.616 331706.722  0.32%   138  905s
 12066  4203 331405.285   25   54 330658.616 331703.280  0.32%   138  910s
 12135  4224     cutoff   31      330658.616 331699.972  0.31%   138  915s
 12219  4242 331407.619   27   58 330658.616 331695.217  0.31%   138  920s
 12307  4266 331399.304   24   60 330658.616 331692.876  0.31%   138  925s
 12377  4292 330920.178   31   44 330658.616 331691.406  0.31%   138  930s
 12457  4310 331043.291   30   47 330658.616 331688.351  0.31%   138  935s
 12522  4317 331465.410   25   69 330658.616 331686.874  0.31%   138  940s
 12607  4349 330679.236   30   47 330658.616 331685.228  0.31%   138  945s
 12691  4371 330767.481   27   61 330658.616 331681.633  0.31%   138  950s
 12771  4385 331360.299   25   54 330658.616 331679.675  0.31%   138  955s
 12844  4398 331289.571   28   54 330658.616 331676.381  0.31%   138  960s
 12925  4418 331365.283   26   59 330658.616 331674.715  0.31%   138  965s
 12994  4433 330901.884   30   55 330658.616 331673.826  0.31%   138  970s
 13050  4444 331109.754   27   63 330658.616 331670.521  0.31%   138  975s
 13137  4464 331163.561   23   65 330658.616 331667.885  0.31%   138  980s
 13210  4482 330689.758   33   50 330658.616 331664.798  0.30%   138  985s
 13277  4498 330815.396   27   59 330658.616 331662.586  0.30%   138  990s
 13357  4504 331052.497   29   56 330658.616 331661.561  0.30%   138  995s
 13435  4518 331444.100   23   61 330658.616 331660.278  0.30%   138 1000s
 13506  4545 330740.785   30   52 330658.616 331659.544  0.30%   138 1005s
 13586  4555 331424.198   25   58 330658.616 331657.142  0.30%   138 1010s
 13656  4575 330765.768   24   61 330658.616 331656.285  0.30%   138 1015s
 13724  4581 330930.103   27   59 330658.616 331653.776  0.30%   138 1020s
 13793  4590 331298.890   25   62 330658.616 331652.016  0.30%   138 1025s
 13871  4612 331410.291   23   65 330658.616 331650.231  0.30%   138 1030s
 13941  4634 330969.237   29   62 330658.616 331647.850  0.30%   138 1035s
 14012  4653 330918.558   26   56 330658.616 331645.895  0.30%   138 1040s
 14093  4686 330777.394   30   52 330658.616 331644.517  0.30%   138 1045s
 14168  4701 331130.535   27   61 330658.616 331642.847  0.30%   138 1050s
 14238  4713 330851.613   28   59 330658.616 331642.005  0.30%   138 1055s
 14318  4731     cutoff   33      330658.616 331640.471  0.30%   138 1060s
 14401  4757 331379.017   26   64 330658.616 331636.159  0.30%   138 1065s
 14475  4785 330875.385   32   50 330658.616 331634.210  0.30%   138 1070s
 14555  4811 331226.031   24   53 330658.616 331631.703  0.29%   138 1075s
 14634  4833     cutoff   35      330658.616 331628.001  0.29%   138 1080s
 14638  4833 330706.646   34   40 330658.616 331628.001  0.29%   138 1098s
 14668  4835 330660.915   31   50 330658.616 331627.676  0.29%   138 1100s
 14734  4847 331274.485   26   58 330658.616 331626.152  0.29%   138 1105s
 14808  4873 331031.786   27   59 330658.616 331624.804  0.29%   138 1110s
 14896  4893 331092.941   29   52 330658.616 331622.991  0.29%   138 1115s
 14980  4929 330788.120   29   51 330658.616 331620.565  0.29%   138 1120s
 15079  4948 330772.180   31   49 330658.616 331618.853  0.29%   138 1125s
 15170  4971 330763.111   30   50 330658.616 331615.374  0.29%   137 1130s
 15261  4994 330867.601   31   52 330658.616 331614.246  0.29%   137 1135s
 15340  5009 330928.629   27   59 330658.616 331610.791  0.29%   137 1140s
 15433  5018 331351.303   24   64 330658.616 331609.635  0.29%   137 1145s
 15515  5050 330708.074   30   48 330658.616 331601.494  0.29%   137 1150s
 15592  5065 331091.630   25   59 330658.616 331598.534  0.28%   137 1155s
 15666  5073     cutoff   28      330658.616 331596.493  0.28%   137 1160s
 15747  5089 331392.758   28   58 330658.616 331595.607  0.28%   137 1165s
 15812  5108 330967.739   28   60 330658.616 331594.306  0.28%   137 1170s
 15891  5133 331321.079   26   55 330658.616 331591.503  0.28%   137 1175s
 15952  5147     cutoff   30      330658.616 331590.154  0.28%   137 1180s
 16008  5155 331272.491   24   58 330658.616 331588.928  0.28%   137 1185s
 16092  5164 330733.636   33   46 330658.616 331588.014  0.28%   137 1190s
 16153  5167 331385.893   21   68 330658.616 331583.671  0.28%   137 1195s
 16209  5181 331312.077   26   69 330658.616 331582.685  0.28%   137 1200s
 16288  5202 330965.694   31   46 330658.616 331581.310  0.28%   137 1205s
 16351  5220 330888.412   26   59 330658.616 331579.845  0.28%   137 1210s
 16415  5230 330678.092   33   54 330658.616 331579.007  0.28%   137 1215s
 16496  5249 331422.691   26   58 330658.616 331575.268  0.28%   137 1220s
 16565  5261     cutoff   31      330658.616 331574.324  0.28%   137 1225s
 16637  5277 330879.267   28   62 330658.616 331573.118  0.28%   137 1230s
 16711  5284 331239.854   25   59 330658.616 331571.331  0.28%   137 1235s
 16782  5306 330721.141   28   57 330658.616 331569.235  0.28%   137 1240s
 16862  5336 330682.091   31   42 330658.616 331568.607  0.28%   137 1245s
 16928  5350 331250.761   27   63 330658.616 331566.210  0.27%   137 1250s
 16993  5365 331062.253   26   55 330658.616 331564.494  0.27%   137 1255s
 17066  5382 330936.570   30   51 330658.616 331563.525  0.27%   137 1260s
 17131  5397 330751.588   34   50 330658.616 331560.288  0.27%   137 1265s
 17211  5419 330669.337   29   48 330658.616 331558.722  0.27%   136 1270s
 17298  5443 331065.510   28   50 330658.616 331556.881  0.27%   136 1275s
 17371  5456 330702.360   31   59 330658.616 331556.241  0.27%   136 1280s
 17452  5465 330664.554   32   43 330658.616 331553.409  0.27%   136 1285s
 17527  5478 331305.572   28   55 330658.616 331550.945  0.27%   136 1290s
 17601  5495 331271.300   27   57 330658.616 331548.874  0.27%   136 1295s
 17660  5509 331105.034   28   56 330658.616 331548.355  0.27%   136 1300s
 17736  5519 331236.564   29   56 330658.616 331547.961  0.27%   136 1305s
 17801  5536 331157.883   24   65 330658.616 331546.379  0.27%   136 1310s
 17874  5546 331340.348   27   58 330658.616 331544.343  0.27%   136 1315s
 17944  5566 330694.407   28   46 330658.616 331542.397  0.27%   136 1320s
 18016  5572 331006.193   32   51 330658.616 331541.581  0.27%   136 1325s
 18074  5575 330702.592   32   51 330658.616 331540.661  0.27%   136 1330s
 18144  5587 331165.425   27   56 330658.616 331540.089  0.27%   136 1335s
 18199  5594 331124.578   23   58 330658.616 331539.197  0.27%   136 1340s
 18274  5600 331146.853   29   48 330658.616 331537.598  0.27%   136 1345s
 18352  5612 331270.935   25   63 330658.616 331536.077  0.27%   136 1350s
 18424  5636 330682.330   33   46 330658.616 331534.276  0.26%   136 1355s
 18498  5652 331319.937   26   52 330658.616 331531.632  0.26%   136 1360s
 18566  5676 330674.802   28   56 330658.616 331530.655  0.26%   136 1365s
 18635  5685 330703.632   28   59 330658.616 331528.679  0.26%   136 1370s
 18708  5692 330767.474   31   53 330658.616 331527.606  0.26%   136 1375s
 18800  5723 331147.402   27   56 330658.616 331525.022  0.26%   136 1380s
 18888  5741 331274.489   25   51 330658.616 331524.596  0.26%   136 1385s
 18967  5764 331433.757   26   51 330658.616 331523.423  0.26%   136 1390s
 19054  5778 330757.154   28   60 330658.616 331521.703  0.26%   136 1395s
 19133  5796 330732.808   30   53 330658.616 331519.715  0.26%   136 1400s
 19214  5809 330777.414   29   46 330658.616 331518.502  0.26%   136 1405s
 19295  5823     cutoff   34      330658.616 331516.520  0.26%   136 1410s
 19375  5838 330942.501   30   59 330658.616 331515.193  0.26%   136 1415s
 19452  5853 330722.317   32   48 330658.616 331513.925  0.26%   135 1420s
 19538  5873 330664.645   31   53 330658.616 331512.882  0.26%   135 1425s
 19620  5888 330662.966   29   53 330658.616 331511.453  0.26%   135 1430s
 19707  5896 331080.559   29   56 330658.616 331510.525  0.26%   135 1435s
 19709  5898 330895.136   31   53 330658.616 331510.525  0.26%   135 1460s
 19795  5909 331027.202   25   62 330658.616 331508.911  0.26%   135 1465s
 19879  5927 331213.985   27   55 330658.616 331507.453  0.26%   135 1470s
 19964  5944 330817.853   30   49 330658.616 331504.903  0.26%   135 1475s
 20060  5960 331236.676   25   60 330658.616 331503.257  0.26%   135 1480s
 20120  5972     cutoff   31      330658.616 331502.330  0.26%   135 1485s
 20194  5986 330911.070   31   50 330658.616 331499.474  0.25%   135 1490s
 20285  5996 330806.016   33   37 330658.616 331498.644  0.25%   135 1495s
 20374  6017 331187.434   29   58 330658.616 331496.493  0.25%   135 1500s
 20450  6027 330788.400   29   56 330658.616 331494.643  0.25%   135 1505s
 20523  6034 330927.844   27   53 330658.616 331492.442  0.25%   135 1510s
 20600  6043 330817.487   28   48 330658.616 331491.722  0.25%   135 1515s
 20681  6054 331125.089   27   51 330658.616 331490.060  0.25%   135 1520s
 20763  6066 330857.882   29   56 330658.616 331487.971  0.25%   135 1525s
 20851  6092 331117.072   26   57 330658.616 331486.394  0.25%   135 1530s
 20937  6110 330759.632   29   51 330658.616 331484.771  0.25%   135 1535s
 21017  6118 331022.067   28   63 330658.616 331483.932  0.25%   135 1540s
 21087  6116     cutoff   30      330658.616 331482.069  0.25%   135 1545s
 21181  6128     cutoff   32      330658.616 331481.612  0.25%   135 1550s
 21279  6147 330767.074   31   53 330658.616 331480.000  0.25%   135 1555s
 21361  6169     cutoff   31      330658.616 331478.956  0.25%   135 1560s
 21453  6195 330892.711   30   49 330658.616 331476.302  0.25%   135 1565s
 21545  6211 331114.532   25   65 330658.616 331473.892  0.25%   135 1570s
 21627  6225 331290.891   23   58 330658.616 331472.395  0.25%   135 1575s
 21707  6243 331018.408   27   54 330658.616 331470.050  0.25%   135 1580s
 21796  6256 331156.959   25   51 330658.616 331468.895  0.25%   135 1585s
 21909  6270 330786.383   30   43 330658.616 331467.956  0.24%   134 1590s
 21993  6272 330910.624   28   55 330658.616 331467.269  0.24%   134 1595s
 22060  6288 331003.727   30   60 330658.616 331465.320  0.24%   134 1600s
 22146  6300 331002.634   30   49 330658.616 331463.982  0.24%   134 1605s
 22239  6312 331040.693   26   50 330658.616 331462.256  0.24%   134 1610s
 22316  6331     cutoff   31      330658.616 331460.539  0.24%   134 1615s
 22377  6336 331080.624   26   57 330658.616 331459.420  0.24%   134 1620s
 22472  6351     cutoff   30      330658.616 331458.387  0.24%   134 1625s
 22573  6369 330862.582   26   63 330658.616 331457.044  0.24%   134 1630s
 22651  6381 330897.201   33   49 330658.616 331454.342  0.24%   134 1635s
 22728  6390 331032.160   27   61 330658.616 331450.977  0.24%   134 1640s
 22815  6397 330728.564   28   56 330658.616 331450.005  0.24%   134 1645s
 22894  6403 331161.765   26   62 330658.616 331448.854  0.24%   134 1650s
 22979  6419 331189.429   25   52 330658.616 331448.152  0.24%   134 1655s
 23054  6424 330856.158   29   59 330658.616 331446.778  0.24%   134 1660s
 23132  6432 331208.794   25   56 330658.616 331445.442  0.24%   134 1665s
 23210  6454     cutoff   28      330658.616 331443.967  0.24%   134 1670s
 23292  6464 330905.497   25   64 330658.616 331442.732  0.24%   134 1675s
 23376  6477 330841.886   27   61 330658.616 331441.509  0.24%   134 1680s
 23473  6486 330693.804   31   46 330658.616 331439.578  0.24%   134 1685s
 23555  6498 330694.044   30   50 330658.616 331437.907  0.24%   134 1690s
 23657  6512     cutoff   32      330658.616 331436.156  0.24%   134 1695s
 23739  6528 330778.114   31   57 330658.616 331435.311  0.23%   134 1700s
 23826  6535 330928.121   25   60 330658.616 331433.828  0.23%   134 1705s
 23906  6555 330809.282   33   51 330658.616 331432.343  0.23%   134 1710s
 24025  6572     cutoff   29      330658.616 331431.437  0.23%   134 1715s
 24109  6587     cutoff   26      330658.616 331430.329  0.23%   134 1720s
 24181  6596 330865.151   27   55 330658.616 331429.245  0.23%   134 1725s
 24278  6609 330851.169   30   45 330658.616 331427.577  0.23%   134 1730s
 24372  6613 331083.704   26   60 330658.616 331425.618  0.23%   134 1735s
 24437  6624 330827.925   29   50 330658.616 331425.394  0.23%   134 1740s
 24541  6635 330709.836   32   41 330658.616 331424.485  0.23%   134 1745s
 24624  6648 330876.729   29   55 330658.616 331423.307  0.23%   133 1750s
 24718  6655 330666.798   29   44 330658.616 331422.231  0.23%   133 1755s
 24824  6663 330691.734   34   30 330658.616 331421.115  0.23%   133 1760s
 24911  6683 330908.142   26   59 330658.616 331419.821  0.23%   133 1765s
 25000  6684 331205.060   26   54 330658.616 331418.614  0.23%   133 1770s
 25084  6696 330867.487   29   53 330658.616 331418.085  0.23%   133 1775s
 25181  6716 330692.836   29   49 330658.616 331416.918  0.23%   133 1780s
 25268  6720 330842.883   27   56 330658.616 331415.239  0.23%   133 1785s
 25367  6736 331193.070   26   62 330658.616 331413.798  0.23%   133 1790s
 25468  6767 330691.778   39   41 330658.616 331411.798  0.23%   133 1795s
 25550  6782     cutoff   31      330658.616 331410.760  0.23%   133 1800s
 25643  6793 330687.115   30   45 330658.616 331410.096  0.23%   133 1805s
 25733  6801 331024.577   29   56 330658.616 331408.476  0.23%   133 1810s
 25809  6823 330673.097   34   50 330658.616 331407.965  0.23%   133 1815s
 25909  6832 330715.994   30   56 330658.616 331406.708  0.23%   133 1820s
 26008  6845 330998.229   26   61 330658.616 331405.878  0.23%   133 1825s
 26106  6861 330994.276   24   51 330658.616 331404.975  0.23%   133 1830s
 26205  6871 330973.990   29   58 330658.616 331404.114  0.23%   133 1835s
 26290  6882 330842.862   28   48 330658.616 331403.252  0.23%   133 1840s
 26383  6898 330720.098   33   37 330658.616 331401.992  0.22%   132 1845s
 26472  6905 331045.780   29   55 330658.616 331401.039  0.22%   132 1850s
 26579  6912 330801.140   24   55 330658.616 331400.487  0.22%   132 1855s
 26662  6918     cutoff   28      330658.616 331399.120  0.22%   132 1860s
 26754  6930 330847.354   30   48 330658.616 331396.751  0.22%   132 1865s
 26829  6943     cutoff   27      330658.616 331396.475  0.22%   132 1870s
 26906  6954 331163.519   25   57 330658.616 331394.056  0.22%   132 1875s
 26991  6963 331223.935   25   59 330658.616 331392.635  0.22%   132 1880s
 27070  6978 330945.602   30   53 330658.616 331391.336  0.22%   132 1885s
 27161  6984 330759.118   28   57 330658.616 331390.568  0.22%   132 1890s
 27257  7001 330736.734   27   57 330658.616 331389.633  0.22%   132 1895s
 27354  7016 331041.878   30   52 330658.616 331388.792  0.22%   132 1900s
 27442  7024 330687.486   31   40 330658.616 331388.209  0.22%   132 1905s
 27548  7037 330821.073   33   55 330658.616 331387.622  0.22%   132 1910s
 27639  7043 330785.124   27   56 330658.616 331386.432  0.22%   132 1915s
 27727  7064 330811.428   29   61 330658.616 331385.583  0.22%   132 1920s
 27809  7065 331074.986   25   60 330658.616 331384.402  0.22%   132 1925s
 27894  7076     cutoff   33      330658.616 331383.436  0.22%   132 1930s
 27973  7085     cutoff   31      330658.616 331382.634  0.22%   132 1935s
 28056  7089 330728.563   32   51 330658.616 331381.455  0.22%   132 1940s
 28127  7097 330750.134   27   54 330658.616 331379.718  0.22%   132 1945s
 28211  7106     cutoff   31      330658.616 331378.871  0.22%   132 1950s
 28291  7110 331002.419   27   57 330658.616 331378.235  0.22%   132 1955s
 28376  7119 330751.934   31   49 330658.616 331376.705  0.22%   132 1960s
 28452  7125 331018.416   31   56 330658.616 331375.978  0.22%   132 1965s
 28536  7137 330764.842   31   43 330658.616 331375.289  0.22%   132 1970s
 28623  7144 330661.325   30   62 330658.616 331374.344  0.22%   132 1975s
 28719  7164 330753.460   26   53 330658.616 331373.267  0.22%   132 1980s
 28799  7170     cutoff   26      330658.616 331371.950  0.22%   132 1985s
 28880  7177 330871.987   31   55 330658.616 331370.863  0.22%   132 1990s
 28957  7178 331203.337   26   58 330658.616 331370.340  0.22%   132 1995s
 29031  7187 330664.851   32   43 330658.616 331368.301  0.21%   132 2000s
 29125  7195 330674.583   29   50 330658.616 331366.914  0.21%   132 2005s
 29202  7200 331170.069   28   57 330658.616 331365.468  0.21%   132 2010s
 29270  7207     cutoff   30      330658.616 331364.349  0.21%   132 2015s
 29367  7212 330909.426   28   62 330658.616 331362.533  0.21%   132 2020s
 29445  7214 331165.235   25   64 330658.616 331361.534  0.21%   132 2025s
 29534  7227 330802.522   31   50 330658.616 331360.884  0.21%   132 2030s
 29618  7230 331111.869   29   53 330658.616 331359.326  0.21%   132 2035s
 29709  7239     cutoff   26      330658.616 331358.227  0.21%   132 2040s
 29819  7250 330777.481   30   57 330658.616 331357.031  0.21%   132 2045s
 29909  7264 330961.339   30   52 330658.616 331356.202  0.21%   132 2050s
 29997  7264 330871.131   29   53 330658.616 331355.555  0.21%   131 2055s
 30078  7276 330775.273   33   47 330658.616 331354.706  0.21%   131 2060s
 30168  7278 330843.644   28   54 330658.616 331353.737  0.21%   131 2065s
 30254  7286 330932.275   27   60 330658.616 331352.876  0.21%   131 2070s
 30369  7301 331161.773   27   58 330658.616 331351.997  0.21%   131 2075s
 30454  7318 331113.791   27   52 330658.616 331351.421  0.21%   131 2080s
 30544  7325 331145.828   25   53 330658.616 331350.820  0.21%   131 2085s
 30620  7326     cutoff   31      330658.616 331349.842  0.21%   131 2090s
 30714  7338 331221.638   30   49 330658.616 331348.484  0.21%   131 2095s
 30831  7363 330963.992   27   53 330658.616 331347.109  0.21%   131 2100s
 30917  7368 330719.777   31   47 330658.616 331344.687  0.21%   131 2105s
 31005  7368 330697.603   35   44 330658.616 331343.054  0.21%   131 2110s
 31110  7381 331040.455   27   53 330658.616 331342.489  0.21%   131 2115s
 31121  7384 331006.889   31   50 330658.616 331342.430  0.21%   131 2138s
 31147  7386 330965.512   27   56 330658.616 331342.270  0.21%   131 2140s
 31221  7388 331058.025   25   61 330658.616 331340.554  0.21%   131 2145s
 31309  7398 330747.828   29   57 330658.616 331339.929  0.21%   131 2150s
 31387  7401 331020.675   30   48 330658.616 331338.677  0.21%   131 2155s
 31470  7412 330712.793   29   55 330658.616 331338.117  0.21%   131 2160s
 31558  7421 330788.515   30   50 330658.616 331337.265  0.21%   131 2165s
 31646  7419     cutoff   30      330658.616 331336.143  0.20%   131 2170s
 31726  7421     cutoff   31      330658.616 331335.273  0.20%   131 2175s
 31810  7431 330688.522   29   59 330658.616 331334.312  0.20%   131 2180s
 31897  7436     cutoff   34      330658.616 331333.662  0.20%   131 2185s
 31967  7451 330931.669   28   56 330658.616 331332.737  0.20%   131 2190s
 32052  7456 331161.202   25   56 330658.616 331331.157  0.20%   131 2195s
 32163  7474     cutoff   38      330658.616 331330.007  0.20%   131 2200s
 32240  7483 330925.489   29   50 330658.616 331329.198  0.20%   131 2205s
 32315  7493 330735.066   33   56 330658.616 331328.352  0.20%   131 2210s
 32409  7491 331026.526   32   61 330658.616 331327.723  0.20%   131 2215s
 32493  7493 330805.040   26   61 330658.616 331326.901  0.20%   131 2220s
 32577  7499 330699.296   31   51 330658.616 331326.470  0.20%   131 2225s
 32655  7504 330860.249   30   52 330658.616 331325.704  0.20%   131 2230s
 32747  7506     cutoff   37      330658.616 331324.628  0.20%   131 2235s
 32821  7508 330771.814   28   61 330658.616 331323.443  0.20%   131 2240s
 32930  7515 330802.588   28   50 330658.616 331322.377  0.20%   131 2245s
 33018  7520 330791.177   26   57 330658.616 331321.337  0.20%   131 2250s
 33107  7526 330981.246   26   56 330658.616 331320.575  0.20%   131 2255s
 33225  7534 331153.635   28   55 330658.616 331319.946  0.20%   130 2260s
 33305  7546 330983.325   28   52 330658.616 331318.751  0.20%   130 2265s
 33398  7553 330851.068   32   54 330658.616 331317.057  0.20%   130 2270s
 33485  7557 330880.496   25   62 330658.616 331316.297  0.20%   130 2275s
 33549  7554 331099.472   27   53 330658.616 331315.551  0.20%   130 2280s
 33635  7567     cutoff   27      330658.616 331314.173  0.20%   130 2285s
 33731  7580 330708.210   32   47 330658.616 331313.110  0.20%   130 2290s
 33815  7585     cutoff   30      330658.616 331311.960  0.20%   130 2295s
 33898  7590 330736.975   29   44 330658.616 331311.279  0.20%   130 2300s
 33975  7587 331163.058   29   50 330658.616 331310.376  0.20%   130 2305s
 34068  7597 330952.791   30   43 330658.616 331309.102  0.20%   130 2310s
 34145  7605 330755.773   28   55 330658.616 331307.849  0.20%   130 2315s
 34250  7613 330676.661   29   47 330658.616 331307.078  0.20%   130 2320s
 34350  7623 330993.536   24   53 330658.616 331305.570  0.20%   130 2325s
 34449  7632 330697.043   28   52 330658.616 331304.439  0.20%   130 2330s
 34533  7636 330907.159   27   58 330658.616 331303.552  0.20%   130 2335s
 34617  7642 330693.887   28   55 330658.616 331302.693  0.19%   130 2340s
 34705  7642     cutoff   31      330658.616 331301.345  0.19%   130 2345s
 34784  7649 330898.508   25   60 330658.616 331300.700  0.19%   130 2350s
 34881  7656 331015.588   28   54 330658.616 331300.148  0.19%   130 2355s
 34979  7661     cutoff   32      330658.616 331299.335  0.19%   130 2360s
 35048  7662 330810.229   31   57 330658.616 331298.220  0.19%   130 2365s
 35138  7663 330690.498   33   41 330658.616 331297.220  0.19%   130 2370s
 35245  7665 330789.218   29   50 330658.616 331296.419  0.19%   130 2375s
 35341  7671 330669.936   27   58 330658.616 331295.383  0.19%   130 2380s
 35432  7673 330989.236   27   60 330658.616 331293.863  0.19%   130 2385s
 35530  7681 330709.133   33   33 330658.616 331292.723  0.19%   130 2390s
 35631  7683 330914.563   28   55 330658.616 331291.821  0.19%   130 2395s
 35728  7684 331034.845   28   48 330658.616 331290.228  0.19%   130 2400s
 35825  7698 331088.694   25   58 330658.616 331288.802  0.19%   130 2405s
 35913  7705     cutoff   30      330658.616 331288.337  0.19%   130 2410s
 36011  7699 330946.847   28   51 330658.616 331286.671  0.19%   130 2415s
 36110  7697 330960.278   29   50 330658.616 331285.353  0.19%   130 2420s
 36211  7712 331013.503   29   55 330658.616 331284.521  0.19%   130 2425s
 36285  7722     cutoff   30      330658.616 331284.142  0.19%   130 2430s
 36388  7728 330726.871   29   54 330658.616 331283.324  0.19%   130 2435s
 36476  7730 331057.195   25   66 330658.616 331282.411  0.19%   130 2440s
 36556  7735 330669.233   27   51 330658.616 331281.950  0.19%   130 2445s
 36652  7734 330867.200   26   59 330658.616 331279.750  0.19%   130 2450s
 36738  7740 330870.328   27   53 330658.616 331278.696  0.19%   130 2455s
 36821  7740 331033.475   26   62 330658.616 331278.082  0.19%   130 2460s
 36899  7740 331169.806   27   51 330658.616 331277.430  0.19%   130 2465s
 36973  7748 330686.596   30   52 330658.616 331276.750  0.19%   130 2470s
 37067  7748 331013.283   23   64 330658.616 331275.249  0.19%   130 2475s
 37152  7747 330988.849   26   54 330658.616 331274.694  0.19%   130 2480s
 37236  7749 330900.843   30   56 330658.616 331274.017  0.19%   130 2485s
 37321  7748 330767.983   32   38 330658.616 331273.590  0.19%   130 2490s
 37414  7751 330740.189   32   45 330658.616 331272.135  0.19%   130 2495s
 37513  7754 330671.163   28   50 330658.616 331271.504  0.19%   129 2500s
 37596  7756     cutoff   29      330658.616 331271.095  0.19%   129 2505s
 37688  7764     cutoff   29      330658.616 331269.941  0.18%   129 2510s
 37781  7764 330940.762   29   58 330658.616 331268.438  0.18%   129 2515s
 37870  7771 330817.041   28   57 330658.616 331267.924  0.18%   129 2520s
 37944  7775 330662.950   31   47 330658.616 331267.471  0.18%   129 2525s
 38040  7779 330972.429   29   56 330658.616 331266.517  0.18%   129 2530s
 38133  7783 330812.384   27   59 330658.616 331265.799  0.18%   129 2535s
 38227  7784 330960.114   25   63 330658.616 331265.254  0.18%   129 2540s
 38309  7791 331064.187   28   47 330658.616 331264.514  0.18%   129 2545s
 38407  7804 330999.724   28   48 330658.616 331263.079  0.18%   129 2550s
 38514  7825 331027.298   31   46 330658.616 331261.832  0.18%   129 2555s
 38594  7829 330676.506   26   58 330658.616 331260.937  0.18%   129 2560s
 38686  7837     cutoff   31      330658.616 331260.241  0.18%   129 2565s
 38781  7839 330802.055   30   51 330658.616 331258.910  0.18%   129 2570s
 38869  7841     cutoff   26      330658.616 331257.262  0.18%   129 2575s
 38953  7844 330930.528   30   47 330658.616 331256.415  0.18%   129 2580s
 39040  7848     cutoff   36      330658.616 331255.198  0.18%   129 2585s
 39147  7855 330776.737   33   42 330658.616 331253.893  0.18%   129 2590s
 39258  7859 330883.305   24   54 330658.616 331253.003  0.18%   129 2595s
 39337  7860 330937.703   29   55 330658.616 331251.919  0.18%   129 2600s
 39437  7861 330935.014   27   51 330658.616 331250.786  0.18%   129 2605s
 39553  7870 330793.204   23   57 330658.616 331249.181  0.18%   129 2610s
 39640  7868 330901.341   33   55 330658.616 331248.531  0.18%   129 2615s
 39730  7876 330812.858   32   52 330658.616 331247.475  0.18%   129 2620s
 39829  7879     cutoff   32      330658.616 331246.696  0.18%   129 2625s
 39931  7885     cutoff   32      330658.616 331245.773  0.18%   129 2630s
 40009  7881 330710.458   29   57 330658.616 331245.102  0.18%   129 2635s
 40089  7885 330924.782   32   49 330658.616 331244.314  0.18%   129 2640s
 40166  7882 330926.483   27   53 330658.616 331243.142  0.18%   129 2645s
 40254  7883 330980.209   30   53 330658.616 331242.629  0.18%   129 2650s
 40361  7894 330784.666   36   38 330658.616 331241.977  0.18%   129 2655s
 40464  7899 330859.794   30   57 330658.616 331241.117  0.18%   129 2660s
 40570  7901 330944.913   30   55 330658.616 331239.802  0.18%   129 2665s
 40662  7903 330885.589   29   55 330658.616 331239.087  0.18%   129 2670s
 40747  7901 331050.375   25   59 330658.616 331238.100  0.18%   129 2675s
 40837  7906 330849.759   30   53 330658.616 331237.580  0.18%   129 2680s
 40928  7909 331097.446   26   53 330658.616 331236.337  0.17%   129 2685s
 41012  7913 330858.769   31   49 330658.616 331235.674  0.17%   129 2690s
 41104  7914 330756.829   28   56 330658.616 331234.504  0.17%   129 2695s
 41208  7911 330948.132   28   55 330658.616 331233.726  0.17%   128 2700s
 41297  7912     cutoff   35      330658.616 331233.127  0.17%   128 2705s
 41382  7916 331001.318   28   48 330658.616 331231.566  0.17%   128 2710s
 41476  7920 331022.109   27   54 330658.616 331230.361  0.17%   128 2715s
 41570  7924 330880.868   28   64 330658.616 331228.492  0.17%   128 2720s
 41656  7921     cutoff   29      330658.616 331227.652  0.17%   128 2725s
 41750  7917     cutoff   31      330658.616 331226.081  0.17%   128 2730s
 41850  7915 330932.089   31   42 330658.616 331224.956  0.17%   128 2735s
 41951  7922 330983.337   26   59 330658.616 331224.330  0.17%   128 2740s
 42054  7922 330664.312   32   51 330658.616 331223.696  0.17%   128 2745s
 42156  7930 330941.956   27   49 330658.616 331222.774  0.17%   128 2750s
 42251  7933 330986.250   27   54 330658.616 331222.219  0.17%   128 2755s
 42344  7932 330851.943   30   51 330658.616 331221.637  0.17%   128 2760s
 42432  7927 330875.177   28   61 330658.616 331221.155  0.17%   128 2765s
 42534  7930 331005.079   31   53 330658.616 331220.349  0.17%   128 2770s
 42642  7930 331017.084   26   51 330658.616 331218.981  0.17%   128 2775s
 42749  7935 330712.030   30   49 330658.616 331218.505  0.17%   128 2780s
 42839  7940 330810.984   33   41 330658.616 331217.767  0.17%   128 2785s
 42926  7937 330977.462   30   53 330658.616 331216.647  0.17%   128 2790s
 43006  7943 330761.695   30   49 330658.616 331216.189  0.17%   128 2795s
 43086  7945 330985.515   30   50 330658.616 331215.579  0.17%   128 2800s
 43176  7951 331091.997   32   54 330658.616 331214.874  0.17%   128 2805s
 43281  7965 330663.318   38   38 330658.616 331213.900  0.17%   128 2810s
 43379  7962     cutoff   32      330658.616 331212.839  0.17%   128 2815s
 43491  7964 330688.600   32   53 330658.616 331211.935  0.17%   128 2820s
 43586  7959 330772.487   29   53 330658.616 331210.896  0.17%   128 2825s
 43686  7951 331061.195   28   53 330658.616 331210.017  0.17%   128 2830s
 43770  7951 330973.397   28   46 330658.616 331208.704  0.17%   128 2835s
 43883  7961 331024.982   29   47 330658.616 331208.081  0.17%   128 2840s
 43972  7966     cutoff   34      330658.616 331207.173  0.17%   128 2845s
 44053  7959 330802.505   29   53 330658.616 331206.639  0.17%   128 2850s
 44159  7963 330699.975   31   48 330658.616 331205.768  0.17%   128 2855s
 44244  7960 330766.880   28   53 330658.616 331205.020  0.17%   128 2860s
 44336  7965 330896.896   29   60 330658.616 331204.315  0.17%   128 2865s
 44425  7962 331001.525   28   57 330658.616 331203.548  0.16%   128 2870s
 44523  7962 331077.895   27   54 330658.616 331202.439  0.16%   128 2875s
 44619  7972 330889.361   30   44 330658.616 331201.784  0.16%   128 2880s
 44718  7973 330971.284   29   65 330658.616 331200.860  0.16%   128 2885s
 44816  7977     cutoff   31      330658.616 331199.895  0.16%   127 2890s
 44910  7973 330693.495   27   54 330658.616 331199.513  0.16%   127 2895s
 44991  7966 330955.404   25   57 330658.616 331198.497  0.16%   127 2900s
 45086  7963     cutoff   28      330658.616 331197.565  0.16%   127 2905s
 45193  7965 331015.669   30   51 330658.616 331196.501  0.16%   127 2910s
 45283  7960     cutoff   26      330658.616 331195.357  0.16%   127 2915s
 45353  7962 330725.900   30   57 330658.616 331194.341  0.16%   127 2920s
 45461  7966 331003.089   30   45 330658.616 331193.723  0.16%   127 2925s
 45555  7965 330989.234   25   62 330658.616 331193.135  0.16%   127 2930s
 45637  7967 330987.529   25   55 330658.616 331192.197  0.16%   127 2935s
 45721  7963 330930.086   29   54 330658.616 331191.074  0.16%   127 2940s
 45835  7967     cutoff   34      330658.616 331190.350  0.16%   127 2945s
 45918  7967 330767.003   26   57 330658.616 331189.273  0.16%   127 2950s
 45998  7959 330801.421   30   53 330658.616 331188.309  0.16%   127 2955s
 46091  7956 330772.020   25   61 330658.616 331187.643  0.16%   127 2960s
 46184  7961 330839.481   30   50 330658.616 331187.164  0.16%   127 2965s
 46283  7963     cutoff   30      330658.616 331186.269  0.16%   127 2970s
 46374  7961     cutoff   33      330658.616 331185.668  0.16%   127 2975s
 46472  7959 330666.706   25   57 330658.616 331185.122  0.16%   127 2980s
 46567  7958 330761.740   27   53 330658.616 331184.207  0.16%   127 2985s
 46660  7957 330685.118   35   41 330658.616 331183.457  0.16%   127 2990s
 46778  7954 330930.996   29   50 330658.616 331182.464  0.16%   127 2995s
 46871  7949 330873.068   28   52 330658.616 331181.334  0.16%   127 3000s
 46978  7953 330766.417   27   57 330658.616 331180.461  0.16%   127 3005s
 47070  7952     cutoff   31      330658.616 331179.404  0.16%   127 3010s
 47174  7954 330695.129   33   41 330658.616 331178.417  0.16%   127 3015s
 47274  7950 330862.198   27   52 330658.616 331176.956  0.16%   127 3020s
 47374  7964 330708.312   34   46 330658.616 331176.101  0.16%   127 3025s
 47471  7960 330970.161   27   51 330658.616 331175.637  0.16%   127 3030s
 47553  7954 330724.210   28   55 330658.616 331175.202  0.16%   127 3035s
 47651  7949 330877.050   28   50 330658.616 331174.385  0.16%   127 3040s
 47735  7947 330903.446   30   52 330658.616 331173.072  0.16%   127 3045s
 47818  7944 330673.056   30   52 330658.616 331172.488  0.16%   127 3050s
 47913  7943 330841.350   28   60 330658.616 331172.028  0.16%   127 3055s
 47997  7939 330824.109   30   53 330658.616 331171.113  0.15%   127 3060s
 48093  7947 330868.566   34   51 330658.616 331170.518  0.15%   127 3065s
 48171  7943 330716.430   35   38 330658.616 331170.011  0.15%   127 3070s
 48291  7942 330734.719   29   50 330658.616 331169.499  0.15%   127 3075s
 48377  7939 330965.302   28   52 330658.616 331169.058  0.15%   127 3080s
 48463  7943 330815.547   28   56 330658.616 331168.171  0.15%   127 3085s
 48560  7941 330711.210   32   54 330658.616 331167.033  0.15%   127 3090s
 48676  7943     cutoff   26      330658.616 331166.179  0.15%   127 3095s
 48761  7942     cutoff   29      330658.616 331165.254  0.15%   127 3100s
 48846  7945 330691.354   26   59 330658.616 331164.765  0.15%   127 3105s
 48936  7940 330713.296   33   42 330658.616 331163.323  0.15%   127 3110s
 49042  7940 330676.234   29   48 330658.616 331162.732  0.15%   127 3115s
 49142  7938 330939.378   23   64 330658.616 331162.300  0.15%   127 3120s
 49229  7937 330871.113   29   56 330658.616 331161.926  0.15%   127 3125s
 49336  7937 330988.344   25   64 330658.616 331161.338  0.15%   126 3130s
 49432  7933 330664.316   30   46 330658.616 331160.379  0.15%   126 3135s
 49541  7933 330943.150   29   50 330658.616 331159.917  0.15%   126 3140s
 49625  7936 330755.395   32   57 330658.616 331158.824  0.15%   126 3145s
 49718  7935 330866.277   30   59 330658.616 331157.743  0.15%   126 3150s
 49804  7934 330732.024   30   57 330658.616 331156.686  0.15%   126 3155s
 49876  7928 330909.997   28   44 330658.616 331156.375  0.15%   126 3160s
 49980  7924 330967.650   29   52 330658.616 331155.627  0.15%   126 3165s
 50072  7929 330987.939   31   46 330658.616 331154.985  0.15%   126 3170s
 50193  7925 331034.288   28   50 330658.616 331154.533  0.15%   126 3175s
 50295  7923 330850.141   27   56 330658.616 331153.849  0.15%   126 3180s
 50299  7925 330698.956   30   51 330658.616 331153.849  0.15%   126 3207s
 50335  7924 330704.710   33   47 330658.616 331153.675  0.15%   126 3210s
 50424  7916 330690.873   25   59 330658.616 331152.518  0.15%   126 3215s
 50514  7912 330679.407   29   46 330658.616 331151.919  0.15%   126 3220s
 50610  7902 330696.275   29   50 330658.616 331150.863  0.15%   126 3225s
 50707  7905 330762.765   27   52 330658.616 331150.056  0.15%   126 3230s
 50807  7898 330944.211   26   58 330658.616 331149.082  0.15%   126 3235s
 50876  7888     cutoff   30      330658.616 331148.283  0.15%   126 3240s
 50958  7885 330663.863   31   58 330658.616 331147.673  0.15%   126 3245s
 51067  7876 330982.116   28   59 330658.616 331146.964  0.15%   126 3250s
 51179  7880 330684.593   29   50 330658.616 331146.224  0.15%   126 3255s
 51309  7877     cutoff   30      330658.616 331145.427  0.15%   126 3260s
 51420  7873 330882.223   28   57 330658.616 331144.785  0.15%   126 3265s
 51534  7875     cutoff   33      330658.616 331144.046  0.15%   126 3270s
 51624  7869     cutoff   34      330658.616 331143.389  0.15%   126 3275s
 51713  7864 330922.642   27   57 330658.616 331142.648  0.15%   126 3280s
 51805  7856     cutoff   31      330658.616 331142.010  0.15%   126 3285s
 51908  7847 330879.731   28   52 330658.616 331141.019  0.15%   126 3290s
 51997  7842     cutoff   26      330658.616 331140.286  0.15%   126 3295s
 52100  7834 330673.293   31   42 330658.616 331139.238  0.15%   126 3300s
 52198  7824     cutoff   32      330658.616 331138.575  0.15%   126 3305s
 52302  7826 330705.617   33   47 330658.616 331137.567  0.14%   126 3310s
 52401  7819 330974.046   26   48 330658.616 331136.568  0.14%   126 3315s
 52505  7815 330684.504   27   56 330658.616 331135.709  0.14%   126 3320s
 52593  7808 330697.267   29   51 330658.616 331134.999  0.14%   126 3325s
 52671  7800 330745.525   30   57 330658.616 331134.328  0.14%   126 3330s
 52770  7789 330948.398   30   53 330658.616 331133.562  0.14%   126 3335s
 52866  7786 330681.621   31   55 330658.616 331132.620  0.14%   126 3340s
 52954  7780 330792.274   31   57 330658.616 331131.851  0.14%   126 3345s
 53041  7773 330837.365   32   57 330658.616 331131.179  0.14%   126 3350s
 53144  7770     cutoff   31      330658.616 331130.114  0.14%   126 3355s
 53253  7760 330667.415   26   52 330658.616 331129.211  0.14%   126 3360s
 53359  7750     cutoff   28      330658.616 331128.066  0.14%   126 3365s
 53460  7742 330677.196   24   65 330658.616 331127.778  0.14%   126 3370s
 53543  7739 330758.779   30   51 330658.616 331126.972  0.14%   126 3375s
 53657  7734 330905.773   28   47 330658.616 331126.100  0.14%   126 3380s
 53746  7731     cutoff   32      330658.616 331125.637  0.14%   126 3385s
 53853  7730 330787.123   27   48 330658.616 331124.779  0.14%   126 3390s
 53956  7730     cutoff   34      330658.616 331124.084  0.14%   125 3395s
 54039  7726 330841.016   26   62 330658.616 331123.543  0.14%   125 3400s
 54130  7719 330974.054   29   46 330658.616 331122.636  0.14%   125 3405s
 54238  7719 330828.460   28   55 330658.616 331122.044  0.14%   125 3410s
 54332  7709 330703.474   30   56 330658.616 331121.456  0.14%   125 3415s
 54430  7701 330681.991   28   50 330658.616 331120.580  0.14%   125 3420s
 54529  7692     cutoff   29      330658.616 331119.611  0.14%   125 3425s
 54627  7688 331088.345   32   47 330658.616 331118.951  0.14%   125 3430s
 54722  7690 330861.361   26   64 330658.616 331118.624  0.14%   125 3435s
 54812  7682 330850.155   27   51 330658.616 331117.691  0.14%   125 3440s
 54906  7679 330755.160   33   45 330658.616 331117.047  0.14%   125 3445s
 55010  7672 330779.883   27   57 330658.616 331116.225  0.14%   125 3450s
 55112  7664 330678.900   27   55 330658.616 331115.106  0.14%   125 3455s
 55205  7657 330881.114   27   48 330658.616 331114.785  0.14%   125 3460s
 55286  7648 330719.409   28   61 330658.616 331113.434  0.14%   125 3465s
 55373  7643     cutoff   31      330658.616 331112.728  0.14%   125 3470s
 55471  7633 330687.954   28   52 330658.616 331111.897  0.14%   125 3475s
 55549  7626     cutoff   29      330658.616 331111.013  0.14%   125 3480s
 55656  7617     cutoff   32      330658.616 331109.877  0.14%   125 3485s
 55727  7606 330820.334   29   59 330658.616 331108.854  0.14%   125 3490s
 55822  7598     cutoff   29      330658.616 331108.055  0.14%   125 3495s
 55923  7585     cutoff   32      330658.616 331107.036  0.14%   125 3500s
 56040  7585     cutoff   31      330658.616 331106.518  0.14%   125 3505s
 56122  7578 330798.632   27   57 330658.616 331105.656  0.14%   125 3510s
 56235  7568     cutoff   32      330658.616 331104.854  0.13%   125 3515s
 56322  7564     cutoff   33      330658.616 331104.444  0.13%   125 3520s
 56437  7563 330707.914   33   37 330658.616 331103.212  0.13%   125 3525s
 56539  7559 330835.473   28   54 330658.616 331102.640  0.13%   125 3530s
 56637  7556 330819.453   32   45 330658.616 331101.440  0.13%   125 3535s
 56751  7548 330763.468   28   52 330658.616 331100.698  0.13%   125 3540s
 56831  7545 330793.247   35   47 330658.616 331099.667  0.13%   125 3545s
 56919  7536 330746.583   30   55 330658.616 331098.771  0.13%   125 3550s
 57001  7522 330857.179   29   52 330658.616 331097.962  0.13%   125 3555s
 57110  7514 330719.686   33   44 330658.616 331097.158  0.13%   125 3560s
 57219  7504     cutoff   27      330658.616 331095.526  0.13%   125 3565s
 57334  7497 330799.355   27   57 330658.616 331094.968  0.13%   125 3570s
 57422  7489     cutoff   32      330658.616 331093.857  0.13%   125 3575s
 57521  7482 330762.203   26   61 330658.616 331092.628  0.13%   125 3580s
 57608  7469 330666.585   29   42 330658.616 331091.690  0.13%   125 3585s
 57705  7455 330761.837   27   57 330658.616 331091.321  0.13%   125 3590s
 57792  7449 330692.589   31   44 330658.616 331090.293  0.13%   125 3595s
 57889  7437 330854.835   30   49 330658.616 331089.700  0.13%   125 3600s
 58005  7425 330934.304   26   58 330658.616 331088.729  0.13%   125 3605s
 58098  7419 330814.157   24   67 330658.616 331088.125  0.13%   125 3610s
 58184  7410 330953.395   30   47 330658.616 331087.393  0.13%   125 3615s
 58280  7406 330710.741   27   55 330658.616 331086.757  0.13%   125 3620s
 58375  7404 330737.749   29   57 330658.616 331086.199  0.13%   125 3625s
 58467  7392     cutoff   29      330658.616 331085.468  0.13%   125 3630s
 58574  7387 331008.639   29   54 330658.616 331084.125  0.13%   125 3635s
 58661  7374     cutoff   29      330658.616 331083.555  0.13%   125 3640s
 58757  7373     cutoff   34      330658.616 331082.600  0.13%   125 3645s
 58851  7360 330850.398   31   53 330658.616 331081.446  0.13%   125 3650s
 58944  7359 331049.644   30   47 330658.616 331080.820  0.13%   125 3655s
 59037  7346     cutoff   32      330658.616 331079.918  0.13%   125 3660s
 59125  7336 330690.790   31   53 330658.616 331079.346  0.13%   125 3665s
 59252  7324 330767.124   27   59 330658.616 331078.347  0.13%   125 3670s
 59355  7315 330793.312   33   42 330658.616 331077.437  0.13%   125 3675s
 59458  7310 330669.081   32   49 330658.616 331076.895  0.13%   125 3680s
 59571  7306     cutoff   35      330658.616 331076.154  0.13%   125 3685s
 59671  7290 330904.974   25   52 330658.616 331075.110  0.13%   125 3690s
 59776  7289 330808.932   28   57 330658.616 331074.570  0.13%   124 3695s
 59854  7275     cutoff   33      330658.616 331073.801  0.13%   124 3700s
 59948  7263 330714.363   32   48 330658.616 331073.209  0.13%   124 3705s
 60046  7253 330809.989   29   54 330658.616 331072.492  0.13%   124 3710s
 60134  7242 330874.204   33   49 330658.616 331072.047  0.13%   124 3715s
 60234  7233 330811.088   24   62 330658.616 331071.363  0.12%   124 3720s
 60337  7219 330774.702   32   55 330658.616 331070.007  0.12%   124 3725s
 60440  7200 330881.509   27   55 330658.616 331068.963  0.12%   124 3730s
 60531  7189 330797.598   30   40 330658.616 331068.235  0.12%   124 3735s
 60639  7181 330675.314   33   45 330658.616 331067.428  0.12%   124 3740s
 60733  7162 330756.982   29   54 330658.616 331066.595  0.12%   124 3745s
 60845  7149 330865.187   29   56 330658.616 331065.536  0.12%   124 3750s
 60926  7136 330697.593   32   49 330658.616 331064.751  0.12%   124 3755s
 61019  7118     cutoff   27      330658.616 331064.126  0.12%   124 3760s
 61087  7109 330764.362   28   54 330658.616 331063.565  0.12%   124 3765s
 61185  7103 330813.535   32   39 330658.616 331062.668  0.12%   124 3770s
 61283  7087 330868.707   31   57 330658.616 331061.694  0.12%   124 3775s
 61374  7077 330661.421   28   56 330658.616 331061.020  0.12%   124 3780s
 61479  7065 330903.553   29   51 330658.616 331060.225  0.12%   124 3785s
 61576  7063 330706.218   31   48 330658.616 331059.434  0.12%   124 3790s
 61676  7047 330911.848   32   46 330658.616 331058.613  0.12%   124 3795s
 61779  7029     cutoff   28      330658.616 331057.686  0.12%   124 3800s
 61869  7012 330806.384   29   53 330658.616 331056.690  0.12%   124 3805s
 61960  7001 330689.806   27   61 330658.616 331055.650  0.12%   124 3810s
 62063  6980 330796.472   30   52 330658.616 331054.592  0.12%   124 3815s
 62134  6959 330768.026   31   49 330658.616 331053.274  0.12%   124 3820s
 62262  6946 330928.059   29   50 330658.616 331052.338  0.12%   124 3825s
 62350  6927 330676.387   30   55 330658.616 331051.425  0.12%   124 3830s
 62454  6909 330739.405   30   38 330658.616 331050.730  0.12%   124 3835s
 62547  6894 330678.898   30   45 330658.616 331049.537  0.12%   124 3840s
 62646  6887 330661.457   28   47 330658.616 331048.967  0.12%   124 3845s
 62718  6869 330827.312   29   53 330658.616 331048.099  0.12%   124 3850s
 62818  6855 330693.806   29   54 330658.616 331047.180  0.12%   124 3855s
 62894  6835     cutoff   30      330658.616 331045.856  0.12%   124 3860s
 63002  6821 330929.724   30   60 330658.616 331044.611  0.12%   124 3865s
 63076  6807 330685.238   30   49 330658.616 331043.833  0.12%   124 3870s
 63168  6785     cutoff   37      330658.616 331042.850  0.12%   124 3875s
 63275  6782 330746.781   28   46 330658.616 331041.893  0.12%   124 3880s
 63368  6761 330805.820   28   53 330658.616 331041.142  0.12%   124 3885s
 63446  6746     cutoff   32      330658.616 331040.489  0.12%   124 3890s
 63530  6728 330709.735   30   61 330658.616 331039.652  0.12%   124 3895s
 63617  6709 330843.204   30   60 330658.616 331038.751  0.11%   124 3900s
 63706  6691     cutoff   28      330658.616 331038.060  0.11%   124 3905s
 63790  6665     cutoff   28      330658.616 331036.898  0.11%   124 3910s
 63874  6653 330937.171   27   58 330658.616 331036.476  0.11%   124 3915s
 63960  6638 330878.433   30   50 330658.616 331035.917  0.11%   124 3920s
 64052  6624 330737.537   30   45 330658.616 331035.091  0.11%   124 3925s
 64126  6610 330757.943   29   49 330658.616 331034.415  0.11%   124 3930s
 64223  6594 330814.917   30   57 330658.616 331033.149  0.11%   124 3935s
 64312  6581 330801.551   33   41 330658.616 331032.437  0.11%   124 3940s
 64406  6560 330764.048   32   53 330658.616 331031.495  0.11%   124 3945s
 64505  6538 330819.107   34   39 330658.616 331030.444  0.11%   124 3950s
 64609  6523 330804.407   30   51 330658.616 331029.712  0.11%   124 3955s
 64714  6514 330762.945   24   64 330658.616 331029.038  0.11%   124 3960s
 64816  6496 330704.412   35   37 330658.616 331028.117  0.11%   124 3965s
 64908  6481 330794.817   32   48 330658.616 331027.269  0.11%   124 3970s
 65001  6461     cutoff   32      330658.616 331026.512  0.11%   124 3975s
 65101  6435 330667.820   29   54 330658.616 331025.314  0.11%   124 3980s
 65194  6412 330762.207   26   53 330658.616 331024.524  0.11%   124 3985s
 65282  6400 330761.420   33   51 330658.616 331023.819  0.11%   124 3990s
 65381  6383     cutoff   32      330658.616 331023.064  0.11%   124 3995s
 65464  6370 330857.042   28   55 330658.616 331022.412  0.11%   124 4000s
 65551  6351 330742.833   24   63 330658.616 331021.746  0.11%   124 4005s
 65641  6338 330935.541   27   54 330658.616 331020.982  0.11%   124 4010s
 65758  6321     cutoff   28      330658.616 331020.147  0.11%   124 4015s
 65844  6315 330682.365   30   47 330658.616 331019.671  0.11%   124 4020s
 65937  6296     cutoff   30      330658.616 331018.827  0.11%   124 4025s
 66040  6279 330670.073   30   44 330658.616 331018.014  0.11%   124 4030s
 66126  6265 330719.179   29   54 330658.616 331017.089  0.11%   124 4035s
 66199  6242     cutoff   28      330658.616 331016.551  0.11%   124 4040s
 66289  6222 330673.373   31   51 330658.616 331015.558  0.11%   124 4045s
 66383  6205 330785.117   29   43 330658.616 331014.979  0.11%   124 4050s
 66486  6191 330898.969   35   41 330658.616 331014.006  0.11%   124 4055s
 66577  6173 330716.074   27   61 330658.616 331013.502  0.11%   124 4060s
 66655  6154 330704.573   28   57 330658.616 331012.314  0.11%   124 4065s
 66756  6137     cutoff   27      330658.616 331011.399  0.11%   124 4070s
 66855  6119 330659.567   29   52 330658.616 331010.810  0.11%   124 4075s
 66935  6095     cutoff   28      330658.616 331010.238  0.11%   124 4080s
 67019  6077 330680.219   30   45 330658.616 331009.517  0.11%   124 4085s
 67119  6051 330753.931   31   47 330658.616 331008.750  0.11%   124 4090s
 67211  6030 330680.638   29   57 330658.616 331008.087  0.11%   124 4095s
 67309  6018     cutoff   32      330658.616 331007.093  0.11%   124 4100s
 67408  5999 330800.026   29   46 330658.616 331006.147  0.11%   124 4105s
 67535  5990     cutoff   38      330658.616 331005.520  0.10%   124 4110s
 67636  5969 330710.425   32   49 330658.616 331004.735  0.10%   124 4115s
 67721  5943 330739.477   25   55 330658.616 331003.881  0.10%   124 4120s
 67805  5924     cutoff   32      330658.616 331003.066  0.10%   124 4125s
 67899  5908     cutoff   26      330658.616 331002.149  0.10%   124 4130s
 67987  5893 330687.039   32   60 330658.616 331001.237  0.10%   124 4135s
 68072  5868     cutoff   37      330658.616 331000.436  0.10%   124 4140s
 68169  5855     cutoff   33      330658.616 330999.625  0.10%   124 4145s
 68268  5832     cutoff   32      330658.616 330998.931  0.10%   124 4150s
 68346  5810 330730.594   29   62 330658.616 330998.115  0.10%   124 4155s
 68444  5794     cutoff   26      330658.616 330997.495  0.10%   124 4160s
 68547  5780 330750.906   28   57 330658.616 330996.679  0.10%   124 4165s
 68634  5758 330714.053   30   53 330658.616 330995.659  0.10%   124 4170s
 68731  5729 330684.935   26   58 330658.616 330994.347  0.10%   124 4175s
 68797  5711     cutoff   36      330658.616 330993.726  0.10%   124 4180s
 68905  5692     cutoff   28      330658.616 330993.001  0.10%   124 4185s
 69005  5666     cutoff   29      330658.616 330991.816  0.10%   124 4190s
 69106  5650 330695.410   33   50 330658.616 330990.855  0.10%   124 4195s
 69202  5632     cutoff   31      330658.616 330990.289  0.10%   124 4200s
 69300  5610     cutoff   27      330658.616 330989.517  0.10%   124 4205s
 69388  5592     cutoff   30      330658.616 330988.787  0.10%   124 4210s
 69473  5573     cutoff   31      330658.616 330988.006  0.10%   124 4215s
 69562  5557 330791.484   29   50 330658.616 330987.313  0.10%   124 4220s
 69651  5535 330706.442   27   61 330658.616 330986.242  0.10%   124 4225s
 69726  5509     cutoff   27      330658.616 330985.585  0.10%   124 4230s
 69828  5486 330843.348   29   54 330658.616 330984.674  0.10%   124 4235s
 69925  5470 330712.451   31   49 330658.616 330983.908  0.10%   124 4240s
 70039  5452 330694.551   31   47 330658.616 330983.200  0.10%   124 4245s
 70132  5431 330799.603   29   52 330658.616 330982.308  0.10%   124 4250s
 70223  5406 330683.618   30   56 330658.616 330981.430  0.10%   124 4255s
 70340  5385 330666.177   27   54 330658.616 330980.743  0.10%   124 4260s
 70442  5359 330770.238   32   55 330658.616 330979.507  0.10%   124 4265s
 70529  5330     cutoff   26      330658.616 330978.765  0.10%   124 4270s
 70635  5310 330760.329   27   44 330658.616 330977.843  0.10%   124 4275s
 70740  5292     cutoff   31      330658.616 330977.040  0.10%   124 4280s
 70831  5265 330725.107   32   55 330658.616 330975.596  0.10%   124 4285s
 70923  5244     cutoff   36      330658.616 330974.754  0.10%   124 4290s
 71015  5220     cutoff   30      330658.616 330973.731  0.10%   124 4295s
 71118  5191 330816.802   31   48 330658.616 330972.646  0.09%   124 4300s
 71213  5168 330834.359   30   50 330658.616 330971.842  0.09%   124 4305s
 71304  5143 330719.893   33   48 330658.616 330970.971  0.09%   124 4310s
 71400  5113     cutoff   35      330658.616 330969.883  0.09%   124 4315s
 71502  5082     cutoff   31      330658.616 330968.801  0.09%   124 4320s
 71587  5056 330703.444   32   49 330658.616 330967.966  0.09%   124 4325s
 71685  5023 330693.066   28   52 330658.616 330966.748  0.09%   124 4330s
 71772  4995 330678.915   29   51 330658.616 330965.825  0.09%   124 4335s
 71869  4967 330693.813   35   39 330658.616 330964.848  0.09%   124 4340s
 71961  4941     cutoff   32      330658.616 330964.265  0.09%   124 4345s
 72050  4915 330757.549   27   46 330658.616 330963.442  0.09%   124 4350s
 72149  4892 330734.701   27   50 330658.616 330962.431  0.09%   124 4355s
 72232  4863 330681.189   27   60 330658.616 330961.666  0.09%   124 4360s
 72315  4843 330758.801   32   46 330658.616 330960.967  0.09%   124 4365s
 72416  4820 330773.518   32   49 330658.616 330959.908  0.09%   124 4370s
 72497  4793 330679.469   29   50 330658.616 330959.172  0.09%   124 4375s
 72596  4769 330664.560   31   59 330658.616 330957.805  0.09%   124 4380s
 72700  4737 330772.925   28   58 330658.616 330956.886  0.09%   124 4385s
 72793  4713     cutoff   32      330658.616 330955.867  0.09%   124 4390s
 72887  4681 330741.490   33   47 330658.616 330954.619  0.09%   124 4395s
 72988  4647 330753.460   31   53 330658.616 330953.372  0.09%   124 4400s
 73077  4621     cutoff   30      330658.616 330952.309  0.09%   124 4405s
 73155  4594 330660.104   31   55 330658.616 330951.267  0.09%   124 4410s
 73251  4564     cutoff   33      330658.616 330950.201  0.09%   124 4415s
 73345  4536 330713.029   33   44 330658.616 330949.338  0.09%   124 4420s
 73442  4501 330669.048   32   53 330658.616 330947.772  0.09%   124 4425s
 73540  4480 330836.733   31   52 330658.616 330947.002  0.09%   124 4430s
 73643  4452 330715.389   35   41 330658.616 330946.218  0.09%   124 4435s
 73734  4409     cutoff   30      330658.616 330945.081  0.09%   124 4440s
 73845  4378 330756.654   32   33 330658.616 330943.978  0.09%   124 4445s
 73959  4342 330690.500   27   62 330658.616 330942.908  0.09%   124 4450s
 73981  4336 330828.754   31   44 330658.616 330942.769  0.09%   124 4456s
 74063  4310     cutoff   31      330658.616 330941.592  0.09%   124 4460s
 74148  4283 330822.291   29   48 330658.616 330940.332  0.09%   124 4465s
 74243  4256 330773.470   29   42 330658.616 330939.256  0.08%   124 4470s
 74344  4225 330684.684   28   61 330658.616 330938.029  0.08%   124 4475s
 74431  4194     cutoff   30      330658.616 330936.485  0.08%   124 4480s
 74539  4162     cutoff   33      330658.616 330935.311  0.08%   124 4485s
 74632  4130 330690.284   27   56 330658.616 330933.962  0.08%   124 4490s
 74717  4101 330714.766   28   48 330658.616 330933.212  0.08%   124 4495s
 74822  4073     cutoff   30      330658.616 330932.458  0.08%   124 4500s
 74918  4042     cutoff   30      330658.616 330931.409  0.08%   124 4505s
 75019  4016     cutoff   29      330658.616 330930.384  0.08%   124 4510s
 75109  3980 330688.331   32   43 330658.616 330929.170  0.08%   124 4515s
 75210  3945 330715.382   31   44 330658.616 330927.864  0.08%   124 4520s
 75308  3904 330794.582   35   35 330658.616 330926.234  0.08%   124 4525s
 75414  3875 330707.006   32   45 330658.616 330924.911  0.08%   124 4530s
 75520  3836 330722.258   31   50 330658.616 330923.386  0.08%   124 4535s
 75619  3806 330699.155   27   53 330658.616 330922.447  0.08%   124 4540s
 75703  3768 330677.354   28   58 330658.616 330921.307  0.08%   124 4545s
 75794  3733 330775.851   31   43 330658.616 330919.771  0.08%   124 4550s
 75889  3696 330745.410   29   58 330658.616 330918.595  0.08%   124 4555s
 75981  3656     cutoff   29      330658.616 330917.416  0.08%   124 4560s
 76089  3616 330710.576   31   46 330658.616 330915.544  0.08%   124 4565s
 76203  3582     cutoff   26      330658.616 330913.960  0.08%   124 4570s
 76290  3552     cutoff   34      330658.616 330912.621  0.08%   124 4575s
 76395  3502     cutoff   31      330658.616 330910.509  0.08%   124 4580s
 76485  3459     cutoff   29      330658.616 330908.791  0.08%   124 4585s
 76580  3418 330688.194   31   41 330658.616 330906.687  0.08%   124 4590s
 76676  3375     cutoff   31      330658.616 330905.343  0.07%   124 4595s
 76763  3338     cutoff   33      330658.616 330903.823  0.07%   124 4600s
 76870  3303     cutoff   35      330658.616 330902.923  0.07%   124 4605s
 76975  3263 330661.383   31   42 330658.616 330901.582  0.07%   124 4610s
 77076  3224     cutoff   30      330658.616 330900.105  0.07%   124 4615s
 77170  3176     cutoff   31      330658.616 330898.410  0.07%   124 4620s
 77277  3124     cutoff   37      330658.616 330896.644  0.07%   124 4625s
 77379  3081     cutoff   27      330658.616 330894.887  0.07%   124 4630s
 77475  3039 330688.923   32   52 330658.616 330893.279  0.07%   124 4635s
 77581  2987     cutoff   31      330658.616 330891.507  0.07%   124 4640s
 77671  2952 330685.868   29   56 330658.616 330890.068  0.07%   124 4645s
 77774  2915 330669.019   37   50 330658.616 330888.663  0.07%   124 4650s
 77882  2861 330714.807   30   53 330658.616 330885.952  0.07%   124 4655s
 77986  2811 330704.310   32   46 330658.616 330884.287  0.07%   124 4660s
 78098  2752 330682.026   29   55 330658.616 330882.183  0.07%   124 4665s
 78210  2682     cutoff   31      330658.616 330878.881  0.07%   124 4670s
 78304  2634 330667.143   33   51 330658.616 330876.937  0.07%   124 4675s
 78425  2572     cutoff   33      330658.616 330873.750  0.07%   124 4680s
 78544  2523 330761.360   32   46 330658.616 330871.132  0.06%   124 4685s
 78637  2474     cutoff   35      330658.616 330869.246  0.06%   124 4690s
 78737  2423 330809.157   35   31 330658.616 330866.848  0.06%   123 4695s
 78851  2370 330681.156   32   34 330658.616 330864.890  0.06%   123 4700s
 78955  2306 330673.470   36   45 330658.616 330861.856  0.06%   123 4705s
 79054  2254 330719.215   33   44 330658.616 330858.929  0.06%   123 4717s
 79130  2220     cutoff   32      330658.616 330857.131  0.06%   123 4720s
 79259  2146     cutoff   30      330658.616 330853.269  0.06%   123 4725s
 79381  2088     cutoff   34      330658.616 330850.562  0.06%   123 4730s
 79495  2014     cutoff   28      330658.616 330846.768  0.06%   123 4735s
 79607  1942     cutoff   27      330658.616 330843.780  0.06%   123 4740s
 79715  1880 330701.741   30   46 330658.616 330840.876  0.06%   123 4745s
 79818  1804 330718.596   31   37 330658.616 330837.363  0.05%   123 4750s
 79953  1732     cutoff   27      330658.616 330833.404  0.05%   123 4755s
 80074  1664     cutoff   36      330658.616 330830.822  0.05%   123 4760s
 80200  1586     cutoff   35      330658.616 330826.077  0.05%   123 4765s
 80337  1502     cutoff   30      330658.616 330820.164  0.05%   123 4770s
 80467  1421 330682.709   29   54 330658.616 330815.098  0.05%   123 4775s
 80592  1332 330689.113   33   42 330658.616 330808.829  0.05%   123 4780s
 80720  1242     cutoff   34      330658.616 330802.256  0.04%   123 4785s
 80872  1151     cutoff   34      330658.616 330795.559  0.04%   123 4790s
 81018  1035     cutoff   29      330658.616 330787.230  0.04%   123 4795s
 81170   929     cutoff   32      330658.616 330775.382  0.04%   122 4800s
 81317   808 330661.156   35   42 330658.616 330762.731  0.03%   122 4805s
 81480   667     cutoff   31      330658.616 330749.215  0.03%   122 4810s
 81689   485     cutoff   32      330658.616 330724.643  0.02%   122 4815s
 81978   211     cutoff   31      330658.616 330693.067  0.01%   122 4820s

Cutting planes:
  Gomory: 2
  Lift-and-project: 1
  Implied bound: 1
  MIR: 1076
  Flow cover: 869
  RLT: 65
  Relax-and-lift: 38
  Lazy constraints: 2466

Explored 82191 nodes (9987030 simplex iterations) in 4822.53 seconds (7141.20 work units)
Thread count was 1 (of 52 available processors)

Solution count 9: 330659 330523 330455 ... 322972

Optimal solution found (tolerance 0.00e+00)
Best objective 3.306586160430e+05, best bound 3.306586160430e+05, gap 0.0000%

User-callback calls 423482, time in user-callback 1.68 sec

CPU time spent in the second stage: 4822.53 sec
The LP relaxation bound at the root node: 334523.803738
Termination status of the second stage: OPTIMAL

------------------ end of the second stage -----------------

Total CPU time: 4836.97 sec
Percentage optimality gap: 0.00 %
CPU time spent in separating the cuts: 10.65 sec
Number of explored nodes: 82191
Objective value of the returned solution: 330658.616043
Optimal facility locations: [6, 9, 14, 21, 22, 35, 38, 39, 40, 46, 47, 48, 50, 54, 57, 60, 63, 70, 76, 77, 78, 79, 80, 81, 84, 85, 86, 87, 89, 92]

@end of file
