Set parameter TimeLimit to value 7200
Setting B&C+LSI: The proposed B&C algorithm based on formulation (40) (equipped with the lifted submodular inequalities).

----------------- start of the first stage -----------------

Iter     Best Incumbent      BestBound     Gap      Time  #VioCuts
1                 0.000     340553.477   100.0       0.2       800
2            147649.181     301335.481    51.0       2.6      1377
3            188304.015     233577.443    19.4       3.9      1338
4            201215.676     211097.019     4.7       5.1      1130
5            201215.676     206831.102     2.7       6.8       541
6            201215.676     206063.725     2.4       8.2       200
7            201215.676     205910.557     2.3       9.8       106
8            201215.676     205838.551     2.2      11.2        46
9            201215.676     205807.435     2.2      12.6        26
10           201215.676     205794.797     2.2      13.9         9
11           201215.676     205793.750     2.2      15.3         6
12           201215.676     205790.195     2.2      16.7         2
13           201215.676     205789.561     2.2      18.0         0

CPU time spent in the first stage: 19.08 sec
Upper bound returned at the end of the first stage: 205789.560797
Objective value of the optimal solution or the best incumbent at the end of the first stage: 201215.676277
Number of cuts added at the end of the first stage for the initialization of the relaxed MILP problem: 978
Termination status of the first stage: LP Optimal

------------------ end of the first stage ------------------


----------------- start of the second stage ----------------

Gurobi Optimizer version 11.0.1 build v11.0.1rc0 (linux64 - "CentOS Linux 7 (Core)")

CPU model: Intel(R) Xeon(R) Gold 6230R CPU @ 2.10GHz, instruction set [SSE2|AVX|AVX2|AVX512]
Thread count: 52 physical cores, 52 logical processors, using up to 1 threads


Warning: excessive time spent in model updates.
Consider calling update less frequently.

Optimize a model with 1782 rows, 1000 columns and 15890 nonzeros
Model fingerprint: 0x04199c3d
Variable types: 800 continuous, 200 integer (0 binary)
Coefficient statistics:
  Matrix range     [9e-09, 2e+03]
  Objective range  [1e+01, 2e+03]
  Bounds range     [1e+00, 1e+00]
  RHS range        [4e-04, 4e+05]

Loaded user MIP start with objective 201216

Presolve removed 808 rows and 0 columns
Presolve time: 0.05s
Presolved: 974 rows, 1000 columns, 12060 nonzeros
Variable types: 800 continuous, 200 integer (200 binary)

Root relaxation: objective 2.057867e+05, 361 iterations, 0.01 seconds (0.02 work units)

    Nodes    |    Current Node    |     Objective Bounds      |     Work
 Expl Unexpl |  Obj  Depth IntInf | Incumbent    BestBd   Gap | It/Node Time

     0     0 205786.740    0   98 201215.676 205786.740  2.27%     -    0s
     0     0 205716.527    0   93 201215.676 205716.527  2.24%     -    2s
     0     0 205708.643    0   93 201215.676 205708.643  2.23%     -    2s
     0     0 205707.575    0   93 201215.676 205707.575  2.23%     -    2s
     0     0 205692.985    0   94 201215.676 205692.985  2.23%     -    2s
     0     0 205686.960    0   97 201215.676 205686.960  2.22%     -    2s
     0     0 205686.354    0   95 201215.676 205686.354  2.22%     -    2s
     0     0 205678.937    0   92 201215.676 205678.937  2.22%     -    3s
     0     0 205674.774    0   92 201215.676 205674.774  2.22%     -    3s
     0     2 205655.385    0   92 201215.676 205655.385  2.21%     -    3s
    27    29 205122.193   21   65 201215.676 205645.810  2.20%  53.8    5s
*  113   108              86    201588.60234 205645.810  2.01%  59.0    7s
*  200   109              69    203729.45786 205641.920  0.94%  60.6    9s
   294   188     cutoff   80      203729.458 205623.480  0.93%  56.1   10s
   493   341 203952.623   22   65 203729.458 205587.609  0.91%  70.7   15s
   570   393 204040.391   24  101 203729.458 205465.716  0.85%  72.8   22s
   575   397 204022.887   32  103 203729.458 205335.332  0.79%  72.2   25s
   580   400 203796.064   38  109 203729.458 205242.966  0.74%  71.5   30s
   587   405 204290.383   15  110 203729.458 205187.997  0.72%  70.7   35s
   599   415 205127.802   13  103 203729.458 205134.107  0.69%  75.8   40s
   625   432 204380.917   26   87 203729.458 205127.745  0.69%  79.2   45s
*  670   414              50    203952.68906 205127.745  0.58%  79.2   47s
   692   425 204499.132   24   83 203952.689 205127.466  0.58%  81.9   50s
   817   468 205073.661   13  101 203952.689 205095.874  0.56%  88.1   55s
H  851   462                    203975.49931 205095.874  0.55%  92.3   58s
H  852   433                    204057.36017 205095.874  0.51%  92.3   58s
   886   436 204532.332   22   90 204057.360 205087.657  0.50%  92.7   60s
  1052   478 204841.990   16  100 204057.360 204936.654  0.43%  97.8   65s
* 1129   481              48    204089.62743 204936.526  0.41%  99.2   68s
  1156   486 204866.694   16   97 204089.627 204930.918  0.41%   100   70s
  1289   520 204781.487   16  101 204089.627 204873.963  0.38%   101   75s
  1405   536 204560.592   22   91 204089.627 204865.568  0.38%   103   80s
  1540   555     cutoff   29      204089.627 204841.808  0.37%   103   85s
  1702   600 204145.900   29   72 204089.627 204821.704  0.36%   103   90s
  1817   653     cutoff   32      204089.627 204789.250  0.34%   104   95s
  1952   708 204160.211   27   83 204089.627 204771.700  0.33%   104  100s
  2114   764 204199.613   29   79 204089.627 204753.255  0.33%   104  105s
  2284   821 204501.068   20   91 204089.627 204742.806  0.32%   104  110s
  2395   861 204685.145   17   95 204089.627 204732.830  0.32%   104  115s
H 2420   858                    204103.50744 204732.830  0.31%   104  116s
  2485   889 204497.083   21   90 204103.507 204724.901  0.30%   104  120s
  2550   910 204149.112   26   83 204103.507 204720.062  0.30%   104  125s
  2584   923 204104.609   30   74 204103.507 204719.010  0.30%   104  130s
  2616   935 204541.561   18   93 204103.507 204718.087  0.30%   105  135s
  2648   950 204488.093   21   93 204103.507 204717.404  0.30%   105  140s
  2752   981     cutoff   27      204103.507 204709.867  0.30%   104  145s
  2922  1051 204389.606   21   90 204103.507 204693.331  0.29%   104  150s
  3062  1098 204183.109   27   84 204103.507 204681.669  0.28%   104  155s
  3219  1143 204519.449   21   95 204103.507 204664.126  0.27%   103  160s
  3380  1199 204186.281   23   85 204103.507 204659.337  0.27%   103  165s
  3538  1241 204404.661   23   89 204103.507 204652.081  0.27%   103  170s
  3635  1277 204109.262   30   84 204103.507 204646.402  0.27%   103  176s
  3722  1315 204165.362   20   88 204103.507 204641.624  0.26%   103  180s
  3892  1348 204420.203   21   87 204103.507 204629.569  0.26%   103  185s
  3991  1366 204366.856   22   85 204103.507 204628.384  0.26%   102  190s
  4174  1422     cutoff   28      204103.507 204623.162  0.25%   102  195s
  4367  1484 204460.190   23   87 204103.507 204614.853  0.25%   102  200s
  4470  1524 204188.814   26   70 204103.507 204609.940  0.25%   102  205s
  4649  1573     cutoff   28      204103.507 204602.991  0.24%   101  210s
  4819  1616 204373.341   19   95 204103.507 204597.509  0.24%   101  215s
  4973  1660 204418.753   19   92 204103.507 204591.515  0.24%   101  222s
  5067  1688 204437.692   18   91 204103.507 204587.941  0.24%   101  225s
  5270  1731 204409.592   21   90 204103.507 204584.320  0.24%   101  230s
  5456  1787 204300.483   23   84 204103.507 204580.104  0.23%   101  235s
  5612  1824 204331.936   20   89 204103.507 204574.605  0.23%   101  240s
  5792  1884 204189.749   25   81 204103.507 204568.075  0.23%   100  245s
  5908  1914 204111.856   26   76 204103.507 204564.865  0.23%   100  250s
  6048  1947     cutoff   28      204103.507 204561.671  0.22%   100  255s
  6236  1993 204171.007   23   82 204103.507 204556.998  0.22%   100  260s
  6429  2049 204172.474   25   80 204103.507 204552.281  0.22%   100  265s
  6568  2082 204119.880   24   81 204103.507 204548.930  0.22%   100  271s
  6694  2113 204163.486   27   83 204103.507 204547.162  0.22%  99.3  275s
  6902  2156 204125.432   27   81 204103.507 204542.678  0.22%  99.1  280s
  7062  2204 204162.659   28   71 204103.507 204538.909  0.21%  99.1  285s
  7243  2254 204313.396   22   88 204103.507 204535.772  0.21%  99.0  290s
  7314  2277 204190.048   23   87 204103.507 204535.297  0.21%  98.9  295s
  7419  2291 204222.802   23   78 204103.507 204532.745  0.21%  98.9  300s
  7601  2328 204416.791   21   87 204103.507 204529.867  0.21%  99.0  305s
  7786  2378     cutoff   29      204103.507 204525.940  0.21%  99.0  310s
  7918  2402 204111.185   28   78 204103.507 204522.251  0.21%  99.1  315s
  8094  2438     cutoff   29      204103.507 204518.311  0.20%  98.8  320s
  8301  2477 204233.374   24   82 204103.507 204516.247  0.20%  98.6  325s
  8497  2519     cutoff   27      204103.507 204512.548  0.20%  98.6  330s
  8694  2554 204323.769   25   83 204103.507 204508.890  0.20%  98.6  335s
  8837  2573     cutoff   27      204103.507 204503.909  0.20%  98.5  340s
  9043  2610 204362.493   21   94 204103.507 204501.046  0.19%  98.5  345s
  9170  2635 204264.169   26   90 204103.507 204498.468  0.19%  98.5  350s
  9358  2669 204171.373   26   88 204103.507 204495.185  0.19%  98.4  355s
  9562  2701 204133.590   24   70 204103.507 204492.099  0.19%  98.4  360s
  9777  2743 204109.709   23   78 204103.507 204488.939  0.19%  98.3  365s
  9894  2759     cutoff   26      204103.507 204487.190  0.19%  98.3  370s
 10087  2785 204263.167   24   81 204103.507 204483.890  0.19%  98.2  375s
 10305  2824 204169.764   28   77 204103.507 204482.075  0.19%  98.0  380s
 10517  2844 204248.287   23   77 204103.507 204479.178  0.18%  97.8  385s
 10734  2870 204106.285   26   83 204103.507 204475.980  0.18%  97.7  390s
 10946  2897 204148.165   26   82 204103.507 204473.208  0.18%  97.5  395s
 11126  2927 204208.118   25   87 204103.507 204471.017  0.18%  97.5  400s
 11332  2957 204208.333   28   74 204103.507 204468.325  0.18%  97.5  405s
 11444  2969 204362.461   21   92 204103.507 204466.709  0.18%  97.5  410s
 11610  3009 204179.114   27   78 204103.507 204464.720  0.18%  97.6  415s
 11817  3045 204292.998   23   93 204103.507 204463.035  0.18%  97.5  420s
 12024  3088 204125.836   31   72 204103.507 204460.410  0.17%  97.4  425s
 12224  3113 204343.688   22   91 204103.507 204458.335  0.17%  97.4  430s
 12353  3124     cutoff   21      204103.507 204456.616  0.17%  97.5  435s
 12567  3158 204222.385   25   91 204103.507 204454.166  0.17%  97.3  440s
 12763  3176 204120.203   22   92 204103.507 204450.944  0.17%  97.3  445s
 12978  3215 204104.798   22   88 204103.507 204447.410  0.17%  97.1  450s
 13185  3236 204130.337   26   80 204103.507 204445.397  0.17%  97.1  455s
 13353  3247 204237.278   24   85 204103.507 204443.548  0.17%  97.1  460s
 13565  3281 204148.426   25   80 204103.507 204441.440  0.17%  97.0  465s
 13764  3299 204342.264   20   86 204103.507 204439.063  0.16%  97.0  470s
 13976  3328 204145.011   27   70 204103.507 204436.276  0.16%  96.9  475s
 14166  3357 204149.893   25   70 204103.507 204434.328  0.16%  96.9  480s
 14381  3377 204215.098   22   86 204103.507 204432.103  0.16%  96.9  485s
 14583  3389 204201.733   25   90 204103.507 204430.096  0.16%  96.8  490s
 14777  3416 204215.192   25   71 204103.507 204428.705  0.16%  96.9  495s
 14785  3420 204137.093   30   70 204103.507 204428.705  0.16%  96.9  501s
 14953  3431 204235.308   21   84 204103.507 204426.653  0.16%  96.8  505s
 15171  3447 204219.254   22   94 204103.507 204424.970  0.16%  96.7  510s
 15401  3482 204230.609   26   81 204103.507 204423.153  0.16%  96.6  515s
 15607  3497 204275.486   23   88 204103.507 204419.763  0.15%  96.5  520s
 15822  3512 204367.694   24   84 204103.507 204417.439  0.15%  96.5  525s
 16042  3525 204247.046   23   92 204103.507 204414.679  0.15%  96.4  530s
 16264  3548 204118.886   27   85 204103.507 204413.310  0.15%  96.3  535s
 16471  3571 204107.566   25   84 204103.507 204411.729  0.15%  96.3  540s
 16684  3589 204197.274   23   80 204103.507 204409.684  0.15%  96.2  545s
 16920  3614 204156.764   25   86 204103.507 204407.935  0.15%  96.0  550s
 17137  3630 204195.069   27   78 204103.507 204405.631  0.15%  95.9  555s
 17353  3652 204227.303   25   81 204103.507 204403.959  0.15%  95.8  560s
 17562  3662 204205.498   24   85 204103.507 204402.072  0.15%  95.8  565s
 17786  3674 204177.070   25   82 204103.507 204399.546  0.15%  95.7  570s
 18002  3687 204145.666   32   71 204103.507 204397.766  0.14%  95.6  575s
 18211  3700 204146.465   24   72 204103.507 204395.535  0.14%  95.5  580s
 18428  3720 204109.927   28   88 204103.507 204393.621  0.14%  95.5  585s
 18644  3731 204228.522   22   86 204103.507 204391.825  0.14%  95.5  590s
 18814  3733 204311.443   23   84 204103.507 204390.123  0.14%  95.4  595s
 19033  3741 204159.381   28   84 204103.507 204389.358  0.14%  95.4  600s
 19227  3747 204119.142   27   63 204103.507 204387.619  0.14%  95.4  605s
 19418  3757 204203.098   26   80 204103.507 204385.889  0.14%  95.4  610s
 19637  3773 204195.687   25   78 204103.507 204384.341  0.14%  95.3  615s
 19857  3778 204129.045   28   77 204103.507 204382.595  0.14%  95.2  620s
 20055  3782 204121.587   25   83 204103.507 204381.286  0.14%  95.2  625s
 20273  3783 204212.284   22   79 204103.507 204379.711  0.14%  95.2  630s
 20476  3779     cutoff   29      204103.507 204378.438  0.13%  95.2  635s
 20672  3786 204187.521   21   87 204103.507 204375.620  0.13%  95.3  640s
 20892  3797 204157.345   23   90 204103.507 204374.033  0.13%  95.2  645s
 21092  3789     cutoff   25      204103.507 204372.929  0.13%  95.2  650s
 21323  3787 204200.539   25   85 204103.507 204371.741  0.13%  95.1  655s
 21545  3797 204125.785   29   66 204103.507 204369.590  0.13%  95.0  660s
 21762  3805 204126.748   25   80 204103.507 204367.974  0.13%  94.9  665s
 21971  3806 204246.376   24   85 204103.507 204366.291  0.13%  94.9  670s
 22169  3809 204154.004   24   79 204103.507 204364.209  0.13%  94.8  675s
 22370  3809     cutoff   21      204103.507 204362.842  0.13%  94.7  680s
 22591  3813 204206.027   26   72 204103.507 204361.082  0.13%  94.7  685s
 22812  3820 204140.689   26   73 204103.507 204359.875  0.13%  94.6  690s
 23020  3810 204138.350   24   87 204103.507 204358.039  0.12%  94.6  695s
 23230  3799 204193.658   26   78 204103.507 204356.490  0.12%  94.6  700s
 23436  3796 204153.599   29   62 204103.507 204355.224  0.12%  94.6  705s
 23684  3796     cutoff   22      204103.507 204354.090  0.12%  94.5  710s
 23895  3796 204148.753   23   76 204103.507 204352.193  0.12%  94.5  715s
 24091  3798 204206.935   25   89 204103.507 204350.355  0.12%  94.5  720s
 24300  3794 204128.838   30   65 204103.507 204348.248  0.12%  94.4  725s
 24507  3788 204208.896   28   83 204103.507 204347.329  0.12%  94.4  730s
 24722  3774     cutoff   26      204103.507 204345.873  0.12%  94.4  735s
 24918  3760 204182.915   21   79 204103.507 204344.097  0.12%  94.5  740s
 25119  3754 204112.942   29   79 204103.507 204342.528  0.12%  94.4  745s
 25324  3741 204211.757   25   82 204103.507 204340.706  0.12%  94.5  750s
 25548  3737 204158.533   26   82 204103.507 204339.397  0.12%  94.4  755s
 25767  3734     cutoff   26      204103.507 204337.994  0.11%  94.4  760s
 25978  3721 204167.530   23   85 204103.507 204336.795  0.11%  94.4  765s
 26193  3716 204174.599   26   74 204103.507 204335.274  0.11%  94.4  770s
 26404  3709 204176.515   22   80 204103.507 204333.852  0.11%  94.4  775s
 26621  3711 204114.290   28   76 204103.507 204332.341  0.11%  94.3  780s
 26844  3699 204170.818   20   78 204103.507 204330.280  0.11%  94.3  785s
 27065  3685 204218.268   23   81 204103.507 204329.320  0.11%  94.3  790s
 27267  3673 204133.472   26   72 204103.507 204327.543  0.11%  94.3  795s
 27472  3658 204119.643   30   59 204103.507 204325.453  0.11%  94.3  800s
 27691  3638 204196.131   27   78 204103.507 204323.467  0.11%  94.3  805s
 27793  3627 204186.387   21   85 204103.507 204322.899  0.11%  94.3  810s
 27989  3610 204164.442   23   85 204103.507 204321.337  0.11%  94.3  815s
 28193  3603 204171.132   25   77 204103.507 204319.921  0.11%  94.3  820s
 28399  3593     cutoff   25      204103.507 204318.786  0.11%  94.3  825s
 28612  3577 204127.046   24   83 204103.507 204316.838  0.10%  94.3  830s
 28818  3566 204214.435   24   87 204103.507 204315.375  0.10%  94.3  835s
 29018  3547 204194.597   22   83 204103.507 204313.959  0.10%  94.3  840s
 29223  3526 204235.706   24   84 204103.507 204313.005  0.10%  94.3  845s
 29422  3508 204178.344   26   78 204103.507 204311.414  0.10%  94.4  850s
 29634  3493 204179.926   27   70 204103.507 204309.931  0.10%  94.4  855s
 29831  3465     cutoff   29      204103.507 204307.790  0.10%  94.4  860s
 30038  3446     cutoff   27      204103.507 204305.888  0.10%  94.4  865s
 30231  3429     cutoff   29      204103.507 204304.782  0.10%  94.5  870s
 30427  3406 204212.321   22   89 204103.507 204303.372  0.10%  94.5  875s
 30618  3385     cutoff   26      204103.507 204301.784  0.10%  94.5  880s
 30814  3362 204193.453   25   82 204103.507 204300.542  0.10%  94.6  885s
 31017  3336     cutoff   28      204103.507 204298.738  0.10%  94.6  890s
 31205  3313 204137.079   22   86 204103.507 204296.795  0.09%  94.6  895s
 31395  3288 204143.156   26   80 204103.507 204295.349  0.09%  94.7  900s
 31584  3264 204133.576   26   78 204103.507 204293.904  0.09%  94.8  905s
 31775  3235     cutoff   31      204103.507 204292.540  0.09%  94.8  910s
 31962  3214 204182.385   26   91 204103.507 204291.115  0.09%  94.8  915s
 32154  3185     cutoff   26      204103.507 204289.330  0.09%  94.8  920s
 32356  3153 204236.267   23   88 204103.507 204287.898  0.09%  94.9  925s
 32559  3132 204121.375   28   72 204103.507 204286.902  0.09%  94.9  930s
 32757  3105 204122.277   27   83 204103.507 204285.316  0.09%  94.9  935s
 32955  3083 204136.034   25   84 204103.507 204283.862  0.09%  94.9  940s
 33159  3052 204141.697   26   75 204103.507 204281.591  0.09%  94.9  945s
 33365  3021 204134.498   26   77 204103.507 204280.174  0.09%  95.0  950s
 33562  2989 204115.336   28   72 204103.507 204278.710  0.09%  95.0  955s
 33748  2953 204105.083   24   79 204103.507 204276.368  0.08%  95.1  960s
 33953  2923 204116.488   25   81 204103.507 204274.561  0.08%  95.1  965s
 34154  2893 204174.725   24   80 204103.507 204273.122  0.08%  95.1  970s
 34359  2863 204208.260   25   82 204103.507 204272.039  0.08%  95.1  975s
 34560  2826     cutoff   25      204103.507 204270.533  0.08%  95.1  980s
 34772  2790 204155.691   22   83 204103.507 204268.985  0.08%  95.1  985s
 34987  2757 204155.888   26   91 204103.507 204267.543  0.08%  95.1  990s
 35178  2717     cutoff   26      204103.507 204265.909  0.08%  95.1  995s
 35250  2702 204164.379   22   82 204103.507 204265.179  0.08%  95.1 1010s
 35433  2661     cutoff   24      204103.507 204263.556  0.08%  95.2 1015s
 35633  2619     cutoff   29      204103.507 204261.467  0.08%  95.2 1020s
 35842  2582 204113.673   26   82 204103.507 204259.273  0.08%  95.2 1025s
 36048  2544     cutoff   22      204103.507 204257.733  0.08%  95.2 1030s
 36257  2502 204128.205   26   85 204103.507 204255.791  0.07%  95.2 1035s
 36457  2452     cutoff   24      204103.507 204253.900  0.07%  95.2 1040s
 36658  2417 204160.601   23   83 204103.507 204252.413  0.07%  95.2 1045s
 36800  2387 204135.135   26   78 204103.507 204251.116  0.07%  95.2 1050s
 36996  2346 204105.469   27   70 204103.507 204249.657  0.07%  95.2 1055s
 37214  2302 204151.706   25   85 204103.507 204247.166  0.07%  95.2 1060s
 37422  2251 204107.413   22   79 204103.507 204245.058  0.07%  95.2 1065s
 37628  2201 204142.409   25   70 204103.507 204242.787  0.07%  95.3 1070s
 37835  2155 204114.097   31   72 204103.507 204241.073  0.07%  95.3 1075s
 38052  2106     cutoff   26      204103.507 204239.311  0.07%  95.2 1080s
 38269  2068     cutoff   26      204103.507 204237.777  0.07%  95.2 1085s
 38475  2015     cutoff   25      204103.507 204236.049  0.06%  95.2 1090s
 38688  1956     cutoff   25      204103.507 204233.871  0.06%  95.2 1095s
 38905  1903 204111.750   24   74 204103.507 204231.311  0.06%  95.2 1100s
 39132  1854     cutoff   26      204103.507 204229.571  0.06%  95.2 1105s
 39344  1800 204165.106   22   90 204103.507 204226.445  0.06%  95.2 1110s
 39548  1742 204172.121   29   80 204103.507 204224.479  0.06%  95.2 1115s
 39759  1682 204168.589   26   83 204103.507 204221.645  0.06%  95.1 1120s
 39988  1623     cutoff   22      204103.507 204219.084  0.06%  95.1 1125s
 40212  1553     cutoff   29      204103.507 204216.479  0.06%  95.1 1130s
 40428  1482 204149.450   23   80 204103.507 204213.204  0.05%  95.1 1135s
 40646  1420 204125.358   28   75 204103.507 204210.813  0.05%  95.0 1140s
 40872  1335 204118.352   24   79 204103.507 204206.437  0.05%  95.0 1145s
 41096  1245     cutoff   28      204103.507 204203.051  0.05%  95.0 1150s
 41341  1146 204110.414   26   75 204103.507 204198.642  0.05%  94.9 1155s
 41582  1049 204163.516   28   72 204103.507 204194.320  0.04%  94.8 1160s
 41831   944     cutoff   29      204103.507 204189.468  0.04%  94.7 1165s
 42103   834 204118.615   26   78 204103.507 204184.239  0.04%  94.6 1170s
 42367   712 204104.777   27   72 204103.507 204177.635  0.04%  94.5 1175s
 42594   595 204122.204   25   79 204103.507 204171.337  0.03%  94.4 1183s
 42685   542     cutoff   22      204103.507 204168.726  0.03%  94.3 1185s
 43006   329 204104.314   27   78 204103.507 204152.878  0.02%  94.1 1190s

Cutting planes:
  Lift-and-project: 3
  MIR: 398
  Flow cover: 241
  RLT: 25
  Relax-and-lift: 4
  Lazy constraints: 590

Explored 43382 nodes (4060420 simplex iterations) in 1194.29 seconds (1721.75 work units)
Thread count was 1 (of 52 available processors)

Solution count 8: 204104 204090 204057 ... 201216

Optimal solution found (tolerance 0.00e+00)
Best objective 2.041035074390e+05, best bound 2.041035074390e+05, gap 0.0000%

User-callback calls 222788, time in user-callback 4.99 sec

CPU time spent in the second stage: 1194.29 sec
The LP relaxation bound at the root node: 205655.384909
Termination status of the second stage: OPTIMAL

------------------ end of the second stage -----------------

Total CPU time: 1212.28 sec
Percentage optimality gap: 0.00 %
CPU time spent in separating the cuts: 20.14 sec
Number of explored nodes: 43382
Objective value of the returned solution: 204103.507439
Optimal facility locations: [3, 11, 14, 16, 19, 46, 54, 55, 58, 63, 67, 89, 90, 100, 106, 107, 114, 117, 120, 121, 122, 124, 125, 127, 133, 140, 143, 145, 146, 148, 149, 158, 163, 166, 188]

@end of file
