Set parameter TimeLimit to value 7200
Setting sB&C+LSI: The proposed B&C algorithm based on formulation (40) (equipped with the lifted submodular inequalities), with only the second stage implemented
Gurobi Optimizer version 11.0.1 build v11.0.1rc0 (linux64 - "CentOS Linux 7 (Core)")

CPU model: Intel(R) Xeon(R) Gold 6230R CPU @ 2.10GHz, instruction set [SSE2|AVX|AVX2|AVX512]
Thread count: 52 physical cores, 52 logical processors, using up to 1 threads

Optimize a model with 800 rows, 1000 columns and 800 nonzeros
Model fingerprint: 0xe3afd0de
Variable types: 800 continuous, 200 integer (200 binary)
Coefficient statistics:
  Matrix range     [1e+00, 1e+00]
  Objective range  [1e+01, 2e+03]
  Bounds range     [0e+00, 0e+00]
  RHS range        [2e-04, 1e+00]
Found heuristic solution: objective -8.24962e+14
Presolve removed 800 rows and 0 columns
Presolve time: 0.00s
Presolved: 0 rows, 1000 columns, 0 nonzeros
Variable types: 800 continuous, 200 integer (200 binary)
Found heuristic solution: objective -8.24962e+14

Root relaxation: objective 3.500813e+05, 0 iterations, 0.00 seconds (0.00 work units)

    Nodes    |    Current Node    |     Objective Bounds      |     Work
 Expl Unexpl |  Obj  Depth IntInf | Incumbent    BestBd   Gap | It/Node Time

     0     0 350081.316    0    - -8.250e+14 350081.316   100%     -    0s
     0     0 314952.855    0   39 -8.250e+14 314952.855   100%     -    0s
H    0     0                    147772.12123 314952.855   113%     -    0s
     0     0 270175.204    0   83 147772.121 270175.204  82.8%     -    1s
     0     2 270084.026    0   83 147772.121 270084.026  82.8%     -    1s
    29    31 226900.233   18   64 147772.121 237000.810  60.4%   189    5s
*   97    84              69    221849.70332 237000.810  6.83%   123    7s
   184   153 225907.529    4   86 221849.703 236930.599  6.80%   105   10s
   392   327 224034.412   21   64 221849.703 236886.583  6.78%  84.4   15s
   557   470 221970.424   54   83 221849.703 236872.552  6.77%  81.4   24s
   559   471 222901.467   38   94 221849.703 225887.778  1.82%  81.1   30s
   561   473 222573.783   52  109 221849.703 224999.700  1.42%  80.8   37s
   562   473 223218.087   38  106 221849.703 224787.748  1.32%  80.7   41s
   564   475 224700.591   19  105 221849.703 224700.591  1.29%  80.4   47s
   567   479 224650.910   10  103 221849.703 224678.063  1.27%  90.0   50s
   584   490 224077.502   18   76 221849.703 224587.550  1.23%  91.6   55s
   606   505 223151.305   29   70 221849.703 224587.550  1.23%  91.6   60s
*  675   480              64    222576.97916 224587.550  0.90%  88.3   64s
   681   474 224536.611   11   91 222576.979 224583.997  0.90%  87.7   65s
*  746   470              44    222948.16325 224583.997  0.73%  87.9   68s
   752   464 224463.886   11  104 222948.163 224495.001  0.69%  87.8   70s
H  890   410                    223376.76903 224494.795  0.50%  86.6   74s
   903   408 224121.631   16   93 223376.769 224462.009  0.49%  86.8   75s
  1018   439 223407.832   25   79 223376.769 224457.941  0.48%  89.2   80s
  1092   451 224342.566   16   87 223376.769 224436.562  0.47%  90.3   85s
  1203   479 224369.242   13   94 223376.769 224426.187  0.47%  90.6   91s
  1325   523 224048.361   15   82 223376.769 224340.025  0.43%  90.5   95s
  1446   530 223704.504   20   84 223376.769 224269.175  0.40%  90.9  100s
  1595   525 224108.527   14   93 223376.769 224235.488  0.38%  89.9  105s
  1685   528 224138.581   15  101 223376.769 224217.101  0.38%  89.7  110s
* 1779   410              45    223519.45259 224204.685  0.31%  89.7  114s
  1796   411     cutoff   20      223519.453 224201.840  0.31%  90.0  115s
  1925   438 223620.599   20   76 223519.453 224151.817  0.28%  90.4  120s
  2015   452 223865.532   16   86 223519.453 224127.964  0.27%  90.6  125s
  2138   459 223565.933   19   88 223519.453 224102.296  0.26%  91.6  130s
  2233   467 223813.531   17   96 223519.453 224075.639  0.25%  92.5  135s
  2333   470 223822.621   18   68 223519.453 224050.263  0.24%  93.2  140s
  2452   478 223798.408   16   94 223519.453 224026.273  0.23%  93.2  145s
H 2541   334                    223636.02996 223999.248  0.16%  93.2  149s
  2557   335 223801.010   15   87 223636.030 223997.844  0.16%  93.3  150s
  2622   327 223743.478   18   98 223636.030 223986.883  0.16%  93.6  156s
  2628   325 223723.777   19   86 223636.030 223981.438  0.15%  93.8  160s
  2656   323 223730.737   19   81 223636.030 223977.015  0.15%  93.8  167s
  2712   331 223925.028   17   81 223636.030 223957.183  0.14%  93.4  173s
  2755   332 223651.500   20   83 223636.030 223949.319  0.14%  93.2  175s
  2839   315 223863.684   18   68 223636.030 223928.602  0.13%  93.7  181s
  2895   309 223741.316   18   86 223636.030 223902.838  0.12%  94.0  185s
  2974   284 223692.879   22   83 223636.030 223867.716  0.10%  95.3  190s
  3075   248 223646.285   19   88 223636.030 223840.528  0.09%  96.2  195s
  3213   221     cutoff   20      223636.030 223809.607  0.08%  95.8  200s
  3296   175     cutoff   20      223636.030 223764.390  0.06%  96.3  205s

Cutting planes:
  Gomory: 1
  MIR: 528
  Flow cover: 313
  RLT: 8
  Relax-and-lift: 1
  Lazy constraints: 754

Explored 3537 nodes (331001 simplex iterations) in 209.57 seconds (266.92 work units)
Thread count was 1 (of 52 available processors)

Solution count 9: 223636 223519 223377 ... -8.24962e+14

Optimal solution found (tolerance 0.00e+00)
Best objective 2.236360299563e+05, best bound 2.236360299563e+05, gap 0.0000%

User-callback calls 47171, time in user-callback 1.93 sec

Total CPU time: 209.57 sec
Termination status: OPTIMAL
Percentage optimality gap: 0.00 %
Number of explored nodes: 3537
Objective value of the returned solution: 223636.029956
The LP relaxation bound at the root node: 270084.025683
Optimal facility locations: [10, 16, 27, 28, 31, 38, 44, 53, 54, 56, 59, 64, 66, 77, 81, 83, 95, 100, 109, 113, 116, 121, 126, 128, 129, 130, 131, 147, 163, 168, 170, 185, 188, 191, 196]

@end of file
