Set parameter TimeLimit to value 7200
Setting B&C+LSI: The proposed B&C algorithm based on formulation (40) (equipped with the lifted submodular inequalities).

----------------- start of the first stage -----------------

Iter     Best Incumbent      BestBound     Gap      Time  #VioCuts
1                 0.000     353463.490   100.0       0.2       800
2            149683.237     315409.061    52.5       2.1      1594
3            212109.302     252619.139    16.0       3.5      1554
4            215385.278     231317.741     6.9       5.1      1336
5            215385.278     226443.427     4.9       6.6       750
6            215385.278     225213.040     4.4       8.5       291
7            215385.278     224891.730     4.2      10.2       140
8            215385.278     224775.492     4.2      12.1        56
9            215385.278     224746.221     4.2      13.8        17
10           215385.278     224741.247     4.2      15.4        14
11           215385.278     224730.417     4.2      17.0         6
12           215385.278     224727.231     4.2      18.6         5
13           215385.278     224726.625     4.2      20.2         1
14           215385.278     224725.727     4.2      21.8         0

CPU time spent in the first stage: 23.30 sec
Upper bound returned at the end of the first stage: 224725.727151
Objective value of the optimal solution or the best incumbent at the end of the first stage: 215385.278254
Number of cuts added at the end of the first stage for the initialization of the relaxed MILP problem: 910
Termination status of the first stage: LP Optimal

------------------ end of the first stage ------------------


----------------- start of the second stage ----------------

Gurobi Optimizer version 11.0.1 build v11.0.1rc0 (linux64 - "CentOS Linux 7 (Core)")

CPU model: Intel(R) Xeon(R) Gold 6230R CPU @ 2.10GHz, instruction set [SSE2|AVX|AVX2|AVX512]
Thread count: 52 physical cores, 52 logical processors, using up to 1 threads


Warning: excessive time spent in model updates.
Consider calling update less frequently.

Optimize a model with 1714 rows, 1000 columns and 17374 nonzeros
Model fingerprint: 0xc7a2d534
Variable types: 800 continuous, 200 integer (0 binary)
Coefficient statistics:
  Matrix range     [1e-09, 2e+03]
  Objective range  [1e+01, 2e+03]
  Bounds range     [1e+00, 1e+00]
  RHS range        [2e-04, 4e+05]
Warning: Model contains large matrix coefficient range
         Consider reformulating model or setting NumericFocus parameter
         to avoid numerical issues.

Loaded user MIP start with objective 215385

Presolve removed 806 rows and 0 columns
Presolve time: 0.03s
Presolved: 908 rows, 1000 columns, 13528 nonzeros
Variable types: 800 continuous, 200 integer (200 binary)

Root relaxation: objective 2.247257e+05, 313 iterations, 0.01 seconds (0.02 work units)

    Nodes    |    Current Node    |     Objective Bounds      |     Work
 Expl Unexpl |  Obj  Depth IntInf | Incumbent    BestBd   Gap | It/Node Time

     0     0 224725.727    0  107 215385.278 224725.727  4.34%     -    0s
     0     0 224720.872    0  102 215385.278 224720.872  4.33%     -    1s
     0     2 224720.572    0  102 215385.278 224720.572  4.33%     -    1s
H   62    60                    219373.27128 224714.928  2.43%  64.7    3s
*   63    60              55    219373.31990 224714.928  2.43%  63.8    3s
   130   125 220167.247   61   10 219373.320 224713.630  2.43%  70.1    5s
*  139   128              70    219705.85528 224713.630  2.28%  67.3    5s
*  208   188              60    219888.73565 224671.771  2.18%  69.2    6s
H  243   146                    221820.76152 224670.888  1.28%  78.3    8s
   302   189 224050.323    5  104 221820.762 224642.073  1.27%  80.3   10s
   446   299 223688.673    8   95 221820.762 224596.125  1.25%  83.7   15s
   578   379 222968.961   11   91 221820.762 224534.180  1.22%  90.7   20s
   592   391 223115.689   24  105 221820.762 224386.999  1.16%  90.7   29s
   593   392 223686.081    9  111 221820.762 224177.779  1.06%  90.6   33s
   597   395 222368.143   19  110 221820.762 224123.560  1.04%  89.9   35s
   602   398 222453.344   37  117 221820.762 224040.021  1.00%  89.2   41s
   605   400 223131.721   15  118 221820.762 223965.564  0.97%  88.8   46s
   607   401 222502.431   22  121 221820.762 223965.564  0.97%  88.5   52s
   611   406 223949.667   16  114 221820.762 223954.191  0.96%  95.0   55s
   626   416 223471.299   23   96 221820.762 223923.167  0.95%  97.7   60s
   646   429 222831.989   33   82 221820.762 223923.167  0.95%   100   65s
   673   446 222546.093   47   57 221820.762 223923.167  0.95%   102   70s
   741   478 223342.515   27   91 221820.762 223910.559  0.94%   102   75s
   825   521 223561.883   18  107 221820.762 223833.283  0.91%   103   80s
   874   553 222320.067   42   66 221820.762 223833.283  0.91%   108   85s
   942   584 222607.808   29   83 221820.762 223832.896  0.91%   110   90s
  1025   620 222909.332   23   90 221820.762 223828.529  0.91%   111   95s
  1115   669 221831.687   40   58 221820.762 223827.384  0.90%   115  100s
  1199   687 223458.483   21  106 221820.762 223790.580  0.89%   115  105s
  1258   726 222370.653   50   26 221820.762 223790.580  0.89%   117  110s
* 1277   557              60    222189.80968 223790.580  0.72%   117  110s
  1332   578 222623.338   28   91 222189.810 223757.167  0.71%   119  115s
  1387   594 223307.648   21  104 222189.810 223615.369  0.64%   121  120s
  1467   625 223473.684   22  105 222189.810 223587.322  0.63%   123  125s
  1579   685 222265.085   59   21 222189.810 223577.081  0.62%   123  130s
  1646   717 222408.429   36   88 222189.810 223561.484  0.62%   124  135s
  1693   728 222825.977   22   97 222189.810 223553.232  0.61%   124  140s
  1757   745 222342.903   32   93 222189.810 223538.570  0.61%   125  145s
  1824   784 222866.520   32   98 222189.810 223522.608  0.60%   126  150s
  1877   809 223340.664   23  111 222189.810 223493.327  0.59%   126  155s
  1966   870 222461.210   33   94 222189.810 223483.177  0.58%   127  160s
  2032   914 222236.284   43   75 222189.810 223470.917  0.58%   128  165s
  2109   940 223148.916   25  104 222189.810 223458.425  0.57%   128  170s
  2181   989 222420.075   40   76 222189.810 223434.667  0.56%   128  175s
  2254  1024 222396.988   27   98 222189.810 223427.485  0.56%   128  180s
  2313  1063 222501.037   33   80 222189.810 223422.643  0.55%   129  185s
  2394  1117 222217.510   42   67 222189.810 223411.552  0.55%   129  190s
H 2423  1021                    222297.97938 223403.627  0.50%   129  191s
  2471  1059 222429.798   33   84 222297.979 223403.108  0.50%   130  195s
H 2475  1020                    222332.59531 223403.108  0.48%   130  196s
H 2503   847                    222457.21536 223397.690  0.42%   129  198s
  2513   857 222461.252   31  104 222457.215 223395.857  0.42%   130  200s
  2533   861 222751.244   25  106 222457.215 223394.737  0.42%   130  205s
  2560   872 222457.355   32   79 222457.215 223384.790  0.42%   130  210s
  2587   882 223155.513   26   97 222457.215 223380.916  0.42%   130  218s
  2610   895 223217.813   21  107 222457.215 223380.837  0.42%   130  220s
  2626   911 222504.490   29   93 222457.215 223380.837  0.42%   130  225s
  2663   914 222662.503   28   99 222457.215 223376.411  0.41%   130  230s
  2670   915 222468.003   31   92 222457.215 223376.411  0.41%   130  235s
  2732   941 222478.193   32   81 222457.215 223371.145  0.41%   131  240s
  2768   960 222799.081   25   96 222457.215 223369.562  0.41%   131  247s
  2801   976 222977.089   29   95 222457.215 223369.395  0.41%   132  250s
  2873  1013     cutoff   34      222457.215 223344.323  0.40%   131  255s
  2925  1035 223162.447   23  111 222457.215 223340.897  0.40%   132  260s
  2979  1056 222516.283   35   91 222457.215 223336.329  0.40%   132  265s
  3050  1076 223018.217   25   99 222457.215 223325.936  0.39%   133  270s
  3122  1109 222534.700   35   87 222457.215 223316.979  0.39%   133  275s
  3185  1113 223107.723   22  112 222457.215 223312.038  0.38%   134  281s
  3232  1140 222459.386   33   86 222457.215 223302.109  0.38%   134  286s
  3290  1163 222468.177   36   79 222457.215 223301.651  0.38%   133  290s
  3358  1193 222973.779   27   93 222457.215 223295.974  0.38%   134  295s
  3435  1232 223177.109   27   98 222457.215 223287.852  0.37%   134  300s
  3482  1258 222550.257   34   95 222457.215 223285.190  0.37%   134  307s
  3500  1269 222786.931   33   96 222457.215 223282.497  0.37%   134  310s
  3563  1295 222745.917   24   98 222457.215 223275.050  0.37%   134  315s
  3649  1325 222808.568   32   85 222457.215 223265.297  0.36%   134  320s
  3732  1359 222468.426   34   78 222457.215 223254.555  0.36%   134  325s
  3796  1373 223016.901   22  107 222457.215 223247.805  0.36%   135  331s
  3848  1403 222462.410   33   89 222457.215 223239.981  0.35%   135  335s
  3894  1421 222849.479   23  103 222457.215 223236.960  0.35%   135  340s
  3959  1456 222633.608   34   83 222457.215 223231.107  0.35%   136  345s
  4037  1488 222690.924   28   98 222457.215 223226.584  0.35%   136  350s
  4105  1509 222687.321   33   91 222457.215 223218.041  0.34%   136  355s
  4171  1537 222542.620   28   96 222457.215 223212.008  0.34%   136  360s
  4191  1542 222610.615   28   90 222457.215 223211.694  0.34%   136  365s
  4270  1567 222807.733   31   87 222457.215 223203.519  0.34%   136  370s
  4341  1591 222862.396   25   98 222457.215 223201.246  0.33%   136  375s
  4409  1611 222883.607   24   96 222457.215 223198.643  0.33%   136  380s
  4494  1644 222696.630   30   85 222457.215 223195.213  0.33%   136  385s
  4543  1657 222678.405   24   98 222457.215 223191.224  0.33%   136  390s
  4580  1661 223145.209   23  107 222457.215 223186.347  0.33%   136  395s
  4652  1691 222845.462   26  103 222457.215 223178.456  0.32%   137  400s
  4725  1706 223028.816   25  101 222457.215 223174.059  0.32%   137  405s
  4800  1728     cutoff   28      222457.215 223170.300  0.32%   137  410s
  4894  1752 222535.182   27   79 222457.215 223168.243  0.32%   137  415s
  4942  1767 222671.187   27   88 222457.215 223163.759  0.32%   137  422s
  4943  1768 222620.329   28   85 222457.215 223163.759  0.32%   137  425s
  4992  1783 222581.401   26   92 222457.215 223162.546  0.32%   138  430s
  5057  1797 222482.408   27   84 222457.215 223162.072  0.32%   138  435s
  5130  1821 222673.265   28   92 222457.215 223155.429  0.31%   138  440s
  5194  1850 222517.239   38   81 222457.215 223155.010  0.31%   138  445s
  5271  1871 222634.411   34   95 222457.215 223152.500  0.31%   138  450s
  5323  1893 222908.165   27   93 222457.215 223150.277  0.31%   138  458s
  5351  1905 222764.903   28   93 222457.215 223149.779  0.31%   139  460s
  5429  1922 222810.216   31   88 222457.215 223143.781  0.31%   138  465s
  5506  1956 222592.198   29  103 222457.215 223140.578  0.31%   139  470s
  5606  1977 222503.934   36   78 222457.215 223132.571  0.30%   138  475s
  5693  2006 222460.436   38   79 222457.215 223128.787  0.30%   138  480s
  5776  2028 222602.399   31   93 222457.215 223124.943  0.30%   138  485s
  5854  2048 222780.927   25   99 222457.215 223119.380  0.30%   139  490s
  5937  2082 222522.344   32   94 222457.215 223115.874  0.30%   139  495s
  5984  2087 222736.904   25   92 222457.215 223115.111  0.30%   139  500s
  6076  2096 222513.293   30   97 222457.215 223113.064  0.29%   139  505s
  6152  2106 222711.245   23   94 222457.215 223110.334  0.29%   139  510s
  6224  2122 222776.777   30   85 222457.215 223107.662  0.29%   139  515s
  6272  2141 222622.670   33   88 222457.215 223103.871  0.29%   139  520s
  6352  2163 222495.123   27   86 222457.215 223101.668  0.29%   139  525s
  6451  2161     cutoff   29      222457.215 223101.168  0.29%   139  530s
  6545  2188     cutoff   35      222457.215 223097.980  0.29%   139  535s
  6633  2223 222511.741   31   91 222457.215 223095.091  0.29%   139  540s
  6653  2225 222685.793   31   89 222457.215 223093.812  0.29%   139  545s
  6734  2237 222672.873   24  103 222457.215 223090.567  0.28%   139  550s
  6809  2252 222754.009   28   88 222457.215 223088.876  0.28%   139  555s
  6887  2278 222559.917   29   86 222457.215 223087.995  0.28%   139  560s
  6959  2294 222497.815   26   89 222457.215 223086.465  0.28%   139  565s
  7038  2304 222744.972   25   90 222457.215 223082.670  0.28%   139  570s
  7115  2313     cutoff   39      222457.215 223080.495  0.28%   139  575s
  7161  2325 222736.262   31   87 222457.215 223080.347  0.28%   139  580s
  7229  2339 222904.116   28   90 222457.215 223076.187  0.28%   139  585s
  7315  2368 222828.058   26   96 222457.215 223073.855  0.28%   139  590s
  7404  2405 222608.155   31   82 222457.215 223069.360  0.28%   139  595s
  7501  2428 222518.033   32   75 222457.215 223067.960  0.27%   139  600s
  7585  2450 222604.993   32   82 222457.215 223065.879  0.27%   139  605s
  7639  2464 222564.128   29   88 222457.215 223064.196  0.27%   139  610s
  7688  2473 222517.703   33   80 222457.215 223063.105  0.27%   139  615s
  7757  2496 222469.536   33   90 222457.215 223062.339  0.27%   139  620s
  7851  2512 222773.425   31   98 222457.215 223060.425  0.27%   139  625s
  7942  2533 222651.131   32   93 222457.215 223059.338  0.27%   139  630s
  8026  2562     cutoff   31      222457.215 223057.059  0.27%   139  635s
  8054  2572 222596.702   27   89 222457.215 223055.536  0.27%   139  641s
  8136  2599 222709.822   25   96 222457.215 223053.378  0.27%   139  645s
  8214  2622 222486.759   32   94 222457.215 223051.441  0.27%   139  650s
  8306  2631     cutoff   31      222457.215 223046.835  0.27%   139  655s
  8393  2655 222470.629   29   93 222457.215 223043.861  0.26%   139  660s
  8486  2682 222520.464   31   95 222457.215 223037.969  0.26%   139  665s
  8528  2690 222889.472   28   91 222457.215 223036.392  0.26%   139  670s
  8558  2696 222732.394   26  102 222457.215 223032.672  0.26%   139  675s
  8639  2712 222599.627   27   90 222457.215 223028.659  0.26%   139  680s
  8742  2741 222517.679   31   79 222457.215 223026.623  0.26%   138  685s
  8852  2763 222662.926   31   93 222457.215 223024.971  0.26%   138  690s
  8941  2787 222467.482   30   91 222457.215 223024.341  0.25%   138  695s
  8997  2799 222962.142   25   94 222457.215 223023.314  0.25%   138  701s
  9063  2813 222580.603   30  103 222457.215 223018.836  0.25%   138  705s
  9141  2823 222703.993   24   92 222457.215 223016.851  0.25%   138  710s
  9224  2850 222781.245   27   88 222457.215 223016.236  0.25%   138  715s
  9316  2869 222692.319   31   87 222457.215 223013.698  0.25%   138  720s
  9397  2891 222470.490   32   86 222457.215 223010.904  0.25%   138  725s
  9464  2906 222671.475   36   84 222457.215 223009.598  0.25%   138  730s
  9513  2923 222791.439   27   94 222457.215 223009.442  0.25%   138  735s
  9603  2945 222793.843   30   99 222457.215 223006.849  0.25%   138  740s
  9693  2976 222642.703   29   94 222457.215 223005.617  0.25%   138  745s
  9775  3000 222805.011   28   90 222457.215 223003.965  0.25%   138  750s
  9846  3011 222504.871   30   92 222457.215 223003.436  0.25%   138  756s
  9877  3013 222575.097   28   85 222457.215 223001.518  0.24%   138  760s
  9976  3036 222749.195   30   89 222457.215 222998.942  0.24%   138  765s
 10062  3051 222473.521   31   94 222457.215 222997.781  0.24%   138  770s
 10142  3061 222545.684   29   92 222457.215 222996.799  0.24%   138  775s
 10220  3074 222551.324   26   93 222457.215 222994.643  0.24%   138  780s
 10317  3100 222586.388   34   90 222457.215 222993.435  0.24%   138  785s
 10426  3111 222633.743   28   88 222457.215 222990.993  0.24%   138  790s
 10524  3133 222462.461   33   83 222457.215 222989.056  0.24%   138  795s
 10617  3150 222497.859   39   72 222457.215 222986.146  0.24%   138  800s
 10708  3161 222647.149   30   84 222457.215 222983.699  0.24%   138  805s
 10803  3173 222741.611   29   86 222457.215 222982.760  0.24%   138  810s
 10894  3193     cutoff   29      222457.215 222979.021  0.23%   137  815s
 10983  3211 222866.295   27   98 222457.215 222976.110  0.23%   137  820s
 11063  3220 222920.639   24  100 222457.215 222974.692  0.23%   137  825s
 11158  3236 222895.141   24  101 222457.215 222972.191  0.23%   137  830s
 11245  3267 222521.243   42   71 222457.215 222970.427  0.23%   137  835s
 11339  3283 222576.326   32   93 222457.215 222969.435  0.23%   137  840s
 11418  3290 222660.469   31   91 222457.215 222966.193  0.23%   137  847s
 11456  3305 222601.968   27   97 222457.215 222965.544  0.23%   137  850s
 11560  3333     cutoff   33      222457.215 222964.716  0.23%   137  855s
 11649  3349 222829.115   26  100 222457.215 222961.710  0.23%   137  860s
 11750  3360 222722.943   31   82 222457.215 222960.729  0.23%   137  865s
 11859  3398 222673.566   24   96 222457.215 222959.352  0.23%   137  870s
 11952  3413 222693.151   24   97 222457.215 222957.920  0.23%   137  875s
 12047  3418 222557.842   27  100 222457.215 222954.861  0.22%   137  880s
 12144  3421 222539.777   24  102 222457.215 222952.327  0.22%   137  885s
 12232  3443 222470.468   27   90 222457.215 222950.443  0.22%   137  890s
 12333  3460 222461.615   31   98 222457.215 222949.826  0.22%   137  895s
 12435  3479 222534.953   25  104 222457.215 222947.055  0.22%   136  900s
 12498  3504 222476.140   35   79 222457.215 222945.741  0.22%   136  905s
 12611  3524 222801.489   27   89 222457.215 222942.343  0.22%   136  910s
 12715  3548 222500.041   33   84 222457.215 222941.582  0.22%   136  915s
 12804  3563 222482.479   30  100 222457.215 222939.667  0.22%   136  920s
 12886  3566 222520.001   24   92 222457.215 222937.040  0.22%   136  925s
 13004  3574     cutoff   33      222457.215 222936.246  0.22%   136  930s
 13093  3583 222462.260   32   90 222457.215 222934.914  0.21%   136  935s
 13184  3595 222715.297   31   98 222457.215 222933.836  0.21%   136  940s
 13299  3629 222505.279   29   89 222457.215 222932.450  0.21%   136  945s
 13399  3649 222486.782   38   88 222457.215 222931.893  0.21%   136  950s
 13498  3664 222789.711   27  101 222457.215 222930.041  0.21%   135  955s
 13590  3672 222771.541   32   93 222457.215 222927.729  0.21%   135  960s
 13707  3693 222645.038   29   99 222457.215 222926.716  0.21%   135  965s
 13808  3703 222736.686   29   91 222457.215 222924.681  0.21%   135  970s
 13900  3717     cutoff   33      222457.215 222923.572  0.21%   135  975s
 13997  3729     cutoff   28      222457.215 222922.648  0.21%   135  980s
 14109  3737 222665.490   30   96 222457.215 222921.588  0.21%   135  985s
 14202  3753 222469.646   31   90 222457.215 222921.037  0.21%   135  990s
 14290  3764 222820.834   26   95 222457.215 222919.541  0.21%   135  995s
 14392  3784 222631.445   33   82 222457.215 222918.154  0.21%   135 1000s
 14479  3796     cutoff   28      222457.215 222916.680  0.21%   135 1005s
 14569  3806 222526.852   33   97 222457.215 222915.293  0.21%   135 1010s
 14667  3823 222782.801   28   93 222457.215 222913.193  0.20%   135 1015s
 14770  3852 222598.817   30   90 222457.215 222911.630  0.20%   135 1020s
 14862  3862 222584.150   32   84 222457.215 222909.783  0.20%   135 1025s
 14865  3865 222516.311   33   78 222457.215 222909.783  0.20%   135 1030s
 14870  3868 222481.409   34   76 222457.215 222909.783  0.20%   135 1036s
 14936  3871 222789.045   29   91 222457.215 222908.666  0.20%   135 1040s
 15030  3887 222788.719   25   97 222457.215 222907.496  0.20%   135 1045s
 15135  3890 222774.828   31   92 222457.215 222906.071  0.20%   134 1050s
 15226  3904 222574.561   37   88 222457.215 222904.350  0.20%   134 1055s
 15325  3911 222682.872   27   97 222457.215 222902.754  0.20%   134 1060s
 15427  3940 222719.244   26  101 222457.215 222900.445  0.20%   134 1065s
 15472  3937     cutoff   29      222457.215 222899.021  0.20%   134 1070s
 15573  3940 222638.445   29   95 222457.215 222898.026  0.20%   134 1075s
 15674  3953     cutoff   28      222457.215 222896.316  0.20%   134 1080s
 15794  3962 222471.231   29   95 222457.215 222894.284  0.20%   134 1085s
 15899  3987 222715.983   31   92 222457.215 222893.526  0.20%   134 1090s
 15995  4003 222735.463   29   91 222457.215 222891.289  0.20%   134 1095s
 16078  4008 222658.774   32   87 222457.215 222890.276  0.19%   134 1100s
 16191  4027 222647.661   30   89 222457.215 222888.984  0.19%   134 1105s
 16296  4034 222479.648   28   94 222457.215 222886.373  0.19%   134 1110s
 16405  4044 222566.587   31   91 222457.215 222884.180  0.19%   134 1115s
 16505  4057 222724.428   26  105 222457.215 222882.796  0.19%   134 1120s
 16618  4078 222523.823   25   89 222457.215 222881.319  0.19%   133 1125s
 16726  4096 222675.553   26   93 222457.215 222880.660  0.19%   133 1130s
 16840  4118 222700.932   25   92 222457.215 222879.695  0.19%   133 1135s
 16936  4125 222674.292   24   95 222457.215 222878.829  0.19%   133 1140s
 17029  4134 222722.533   23   92 222457.215 222877.844  0.19%   133 1145s
 17124  4145     cutoff   32      222457.215 222877.039  0.19%   133 1150s
 17212  4151 222664.895   27   94 222457.215 222875.704  0.19%   133 1155s
 17298  4157 222753.884   30   94 222457.215 222874.279  0.19%   133 1160s
 17405  4168     cutoff   37      222457.215 222873.649  0.19%   133 1165s
 17525  4204 222489.499   39   68 222457.215 222871.563  0.19%   133 1170s
 17632  4224 222726.722   27   99 222457.215 222870.001  0.19%   133 1175s
 17730  4241 222458.667   36   78 222457.215 222869.635  0.19%   133 1180s
 17829  4251 222810.149   28   99 222457.215 222868.384  0.18%   133 1185s
 17912  4272 222550.226   36   86 222457.215 222866.960  0.18%   133 1190s
 18022  4275 222506.092   32   86 222457.215 222864.440  0.18%   133 1195s
 18121  4280     cutoff   29      222457.215 222863.331  0.18%   133 1200s
 18233  4292 222754.199   30   84 222457.215 222861.115  0.18%   133 1205s
 18356  4314 222463.898   33   88 222457.215 222859.432  0.18%   132 1210s
 18464  4328     cutoff   34      222457.215 222858.345  0.18%   132 1215s
 18565  4342 222479.139   31   93 222457.215 222856.765  0.18%   132 1220s
 18660  4346     cutoff   33      222457.215 222855.083  0.18%   132 1225s
 18757  4358     cutoff   36      222457.215 222853.932  0.18%   132 1230s
 18868  4368 222540.834   30   91 222457.215 222852.565  0.18%   132 1235s
 18961  4373     cutoff   28      222457.215 222850.770  0.18%   132 1240s
 19061  4393 222595.048   30   98 222457.215 222849.759  0.18%   132 1245s
 19155  4401 222547.628   26   95 222457.215 222848.508  0.18%   132 1250s
 19243  4403 222481.895   34   82 222457.215 222847.917  0.18%   132 1255s
 19343  4410     cutoff   24      222457.215 222846.630  0.18%   132 1260s
 19431  4426     cutoff   35      222457.215 222845.619  0.17%   132 1265s
 19545  4435 222462.702   32   82 222457.215 222844.663  0.17%   132 1270s
 19655  4451 222671.283   31  102 222457.215 222843.404  0.17%   132 1275s
 19746  4447 222656.394   26   96 222457.215 222842.330  0.17%   132 1280s
 19848  4458 222491.714   30   88 222457.215 222841.547  0.17%   132 1285s
 19957  4458 222535.705   26   98 222457.215 222839.581  0.17%   132 1290s
 20051  4471 222765.705   30   85 222457.215 222838.081  0.17%   132 1295s
 20163  4505 222532.326   38   82 222457.215 222836.201  0.17%   132 1300s
 20264  4520 222639.757   34   82 222457.215 222834.815  0.17%   132 1305s
 20370  4550 222512.830   29   84 222457.215 222833.894  0.17%   131 1310s
 20460  4555 222668.831   25  100 222457.215 222832.120  0.17%   131 1315s
 20562  4569 222509.626   35   85 222457.215 222831.272  0.17%   131 1320s
 20672  4578 222618.657   31   88 222457.215 222829.334  0.17%   131 1325s
 20792  4600 222495.825   34   87 222457.215 222828.459  0.17%   131 1330s
 20893  4603 222508.148   36   75 222457.215 222827.354  0.17%   131 1335s
 20990  4604 222539.135   24   98 222457.215 222826.504  0.17%   131 1340s
 21087  4627 222494.467   30   96 222457.215 222825.736  0.17%   131 1348s
 21128  4634 222660.622   31   85 222457.215 222824.932  0.17%   131 1350s
 21225  4644 222695.235   32   94 222457.215 222824.199  0.16%   131 1355s
 21340  4661 222506.068   31   86 222457.215 222822.153  0.16%   131 1360s
 21440  4667 222619.486   35   82 222457.215 222820.776  0.16%   131 1365s
 21549  4676 222638.777   29   89 222457.215 222819.338  0.16%   131 1370s
 21654  4683 222667.367   30   85 222457.215 222818.075  0.16%   131 1375s
 21756  4701 222489.075   31   98 222457.215 222816.844  0.16%   131 1380s
 21850  4702 222511.559   28   86 222457.215 222815.246  0.16%   131 1385s
 21968  4706     cutoff   36      222457.215 222813.783  0.16%   131 1390s
 22067  4709 222628.366   30   86 222457.215 222812.907  0.16%   131 1395s
 22164  4708     cutoff   30      222457.215 222810.992  0.16%   131 1400s
 22270  4714 222518.603   33   83 222457.215 222810.186  0.16%   131 1405s
 22372  4726 222575.835   24   95 222457.215 222809.367  0.16%   130 1410s
 22501  4743 222556.001   24   92 222457.215 222808.264  0.16%   130 1415s
 22605  4746 222550.454   28   95 222457.215 222807.325  0.16%   130 1420s
 22713  4748 222552.288   29   81 222457.215 222806.766  0.16%   130 1425s
 22819  4750 222694.585   27  100 222457.215 222806.147  0.16%   130 1430s
 22919  4760 222506.393   22   99 222457.215 222805.430  0.16%   130 1435s
 23022  4774     cutoff   32      222457.215 222804.182  0.16%   130 1440s
 23120  4780     cutoff   39      222457.215 222802.591  0.16%   130 1445s
 23236  4800 222607.978   29   88 222457.215 222801.780  0.15%   130 1450s
 23349  4804 222573.107   36   72 222457.215 222799.929  0.15%   130 1455s
 23460  4821 222539.556   27   89 222457.215 222798.935  0.15%   130 1460s
 23568  4823 222506.434   30   92 222457.215 222798.053  0.15%   130 1465s
 23679  4839 222652.071   25   86 222457.215 222796.860  0.15%   130 1470s
 23790  4853 222606.665   25   92 222457.215 222795.426  0.15%   130 1475s
 23902  4861 222673.922   31   89 222457.215 222794.781  0.15%   130 1480s
 24018  4864 222477.707   28   96 222457.215 222793.736  0.15%   130 1485s
 24135  4873 222649.635   32   96 222457.215 222792.868  0.15%   129 1490s
 24237  4888 222620.468   26   96 222457.215 222791.374  0.15%   129 1495s
 24335  4889 222502.084   24   88 222457.215 222790.393  0.15%   129 1500s
 24439  4891     cutoff   31      222457.215 222788.888  0.15%   129 1505s
 24539  4895 222742.593   31   91 222457.215 222787.646  0.15%   129 1510s
 24659  4908 222518.860   30   90 222457.215 222786.925  0.15%   129 1515s
 24757  4902 222718.338   32   88 222457.215 222785.910  0.15%   129 1520s
 24864  4911 222468.385   38   65 222457.215 222785.160  0.15%   129 1525s
 24990  4910 222658.771   35   81 222457.215 222784.201  0.15%   129 1530s
 25094  4915 222476.635   29   96 222457.215 222784.005  0.15%   129 1535s
 25214  4923 222498.648   34   74 222457.215 222782.468  0.15%   129 1540s
 25307  4922 222597.866   33   89 222457.215 222781.832  0.15%   129 1545s
 25423  4933 222647.360   31   88 222457.215 222781.260  0.15%   129 1550s
 25533  4940 222472.474   35   80 222457.215 222780.508  0.15%   129 1555s
 25651  4946 222483.350   36   87 222457.215 222779.356  0.14%   129 1560s
 25760  4937 222688.400   25  101 222457.215 222777.804  0.14%   129 1565s
 25881  4945 222656.605   28   91 222457.215 222776.838  0.14%   129 1570s
 25992  4950     cutoff   30      222457.215 222776.137  0.14%   129 1575s
 26084  4958 222510.564   33   86 222457.215 222775.271  0.14%   129 1580s
 26197  4964 222529.288   33   86 222457.215 222774.625  0.14%   129 1585s
 26299  4974 222466.335   32   96 222457.215 222773.119  0.14%   129 1590s
 26385  4970 222458.315   30   90 222457.215 222772.140  0.14%   129 1595s
 26497  4968 222570.969   33   83 222457.215 222771.113  0.14%   129 1600s
 26605  4983 222525.934   33   85 222457.215 222770.270  0.14%   129 1605s
 26722  4979 222651.991   32   90 222457.215 222769.251  0.14%   128 1610s
 26819  4972 222559.728   35   71 222457.215 222768.133  0.14%   128 1615s
 26921  4967 222578.167   26   93 222457.215 222766.787  0.14%   128 1620s
 27020  4969     cutoff   25      222457.215 222766.093  0.14%   128 1625s
 27110  4965 222564.972   29   91 222457.215 222764.074  0.14%   128 1630s
 27207  4958 222562.844   31   83 222457.215 222763.144  0.14%   128 1635s
 27307  4952     cutoff   28      222457.215 222761.788  0.14%   128 1640s
 27430  4957 222698.799   33   77 222457.215 222760.739  0.14%   128 1645s
 27533  4956 222499.219   34   92 222457.215 222759.537  0.14%   128 1650s
 27637  4954 222493.682   33  101 222457.215 222758.638  0.14%   128 1655s
 27770  4965 222541.423   26   91 222457.215 222757.750  0.14%   128 1660s
 27888  4964 222554.540   26   89 222457.215 222757.025  0.13%   128 1665s
 27975  4964 222522.326   30   99 222457.215 222756.364  0.13%   128 1670s
 28072  4963     cutoff   25      222457.215 222755.315  0.13%   128 1675s
 28174  4964 222484.930   37   76 222457.215 222754.661  0.13%   128 1680s
 28297  4969 222510.820   28   92 222457.215 222753.976  0.13%   128 1685s
 28409  4968 222517.004   39   73 222457.215 222753.122  0.13%   128 1690s
 28512  4963 222635.789   29   83 222457.215 222751.819  0.13%   128 1695s
 28622  4966 222518.751   27   93 222457.215 222751.387  0.13%   128 1700s
 28728  4964 222462.507   32   94 222457.215 222750.396  0.13%   128 1705s
 28841  4960     cutoff   29      222457.215 222749.202  0.13%   128 1710s
 28948  4971 222460.790   33   77 222457.215 222748.561  0.13%   128 1715s
 29058  4972 222477.066   35   73 222457.215 222747.647  0.13%   128 1720s
 29174  4978 222517.190   31   95 222457.215 222746.386  0.13%   128 1725s
 29293  4968 222474.690   31   85 222457.215 222745.634  0.13%   128 1730s
 29402  4969 222477.736   29  107 222457.215 222744.667  0.13%   128 1735s
 29510  4968 222512.891   35   75 222457.215 222743.458  0.13%   128 1740s
 29625  4975 222597.937   30   87 222457.215 222742.346  0.13%   128 1745s
 29658  4972 222516.699   27   96 222457.215 222742.233  0.13%   128 1750s
 29776  4969 222498.670   26   93 222457.215 222741.323  0.13%   128 1755s
 29887  4963 222678.052   31   87 222457.215 222740.125  0.13%   128 1760s
 30019  4971 222480.773   32   78 222457.215 222739.370  0.13%   128 1765s
 30122  4961     cutoff   28      222457.215 222738.688  0.13%   127 1770s
 30219  4952 222493.149   29   98 222457.215 222737.450  0.13%   127 1775s
 30326  4945 222462.529   35   80 222457.215 222736.331  0.13%   127 1780s
 30431  4938 222556.640   31   72 222457.215 222735.487  0.13%   127 1785s
 30538  4927 222609.495   29   91 222457.215 222734.249  0.12%   127 1790s
 30652  4927     cutoff   27      222457.215 222732.546  0.12%   127 1795s
 30764  4924 222534.452   27   92 222457.215 222731.651  0.12%   127 1800s
 30869  4925     cutoff   28      222457.215 222730.769  0.12%   127 1805s
 30996  4928 222540.153   35   98 222457.215 222729.631  0.12%   127 1810s
 31103  4931 222564.499   33   78 222457.215 222728.837  0.12%   127 1815s
 31209  4925 222462.516   28  100 222457.215 222728.216  0.12%   127 1820s
 31326  4918 222618.664   35   85 222457.215 222727.385  0.12%   127 1825s
 31422  4910 222593.365   35   86 222457.215 222726.678  0.12%   127 1830s
 31536  4915     cutoff   32      222457.215 222726.009  0.12%   127 1835s
 31645  4916 222473.800   31   93 222457.215 222725.240  0.12%   127 1840s
 31758  4920 222537.269   27  101 222457.215 222724.390  0.12%   127 1845s
 31878  4917 222501.593   30  102 222457.215 222723.621  0.12%   127 1850s
 31984  4907 222645.694   24   93 222457.215 222722.860  0.12%   127 1855s
 32084  4901 222474.078   25   88 222457.215 222722.064  0.12%   127 1860s
 32178  4892 222482.439   30   89 222457.215 222721.218  0.12%   127 1865s
 32307  4892 222471.800   37   75 222457.215 222720.720  0.12%   127 1870s
 32417  4885 222525.631   36   78 222457.215 222719.690  0.12%   127 1875s
 32525  4875 222653.401   33   91 222457.215 222718.926  0.12%   127 1880s
 32639  4872 222516.060   30   87 222457.215 222718.063  0.12%   127 1885s
 32763  4865     cutoff   38      222457.215 222716.721  0.12%   127 1890s
 32886  4860 222543.199   33   76 222457.215 222715.604  0.12%   127 1895s
 33002  4856 222544.522   31   88 222457.215 222714.591  0.12%   127 1900s
 33104  4852 222480.075   30   86 222457.215 222713.517  0.12%   127 1905s
 33202  4842 222529.580   29   96 222457.215 222712.731  0.11%   127 1910s
 33316  4842 222493.456   32   87 222457.215 222712.011  0.11%   127 1915s
 33429  4829 222525.336   37   80 222457.215 222710.926  0.11%   126 1920s
 33539  4830 222483.519   34   81 222457.215 222709.952  0.11%   126 1925s
 33658  4820 222485.983   29   93 222457.215 222709.195  0.11%   126 1930s
 33770  4810 222533.713   31   95 222457.215 222708.675  0.11%   126 1935s
 33873  4810 222466.588   30   77 222457.215 222708.372  0.11%   126 1940s
 33987  4800 222462.326   30   89 222457.215 222707.986  0.11%   126 1945s
 34104  4789 222561.762   32   82 222457.215 222707.176  0.11%   126 1950s
 34215  4776 222561.387   28   91 222457.215 222706.395  0.11%   126 1955s
 34332  4759     cutoff   33      222457.215 222705.372  0.11%   126 1960s
 34433  4743 222534.997   32   85 222457.215 222704.240  0.11%   126 1965s
 34554  4740 222465.661   27   94 222457.215 222703.688  0.11%   126 1970s
 34675  4732 222487.869   29   86 222457.215 222702.708  0.11%   126 1975s
 34793  4729 222484.155   37   79 222457.215 222701.691  0.11%   126 1980s
 34926  4726 222494.047   33   98 222457.215 222701.108  0.11%   126 1985s
 35039  4722 222572.124   29   97 222457.215 222700.162  0.11%   126 1990s
 35138  4717 222576.118   25  101 222457.215 222699.335  0.11%   126 1995s
 35252  4713     cutoff   40      222457.215 222698.686  0.11%   126 2000s
 35359  4721 222545.773   33   74 222457.215 222698.217  0.11%   126 2005s
 35481  4716 222562.007   30   89 222457.215 222697.503  0.11%   126 2010s
 35587  4703 222583.798   32  101 222457.215 222696.881  0.11%   126 2015s
 35700  4689     cutoff   27      222457.215 222696.341  0.11%   126 2020s
 35820  4683 222592.448   32   97 222457.215 222695.508  0.11%   126 2025s
 35930  4685 222506.696   26   90 222457.215 222694.847  0.11%   126 2030s
 36044  4677 222546.497   32   88 222457.215 222693.753  0.11%   126 2035s
 36152  4663 222464.951   34   81 222457.215 222692.744  0.11%   126 2040s
 36268  4650 222619.373   36   77 222457.215 222692.285  0.11%   126 2045s
 36372  4640     cutoff   30      222457.215 222691.449  0.11%   126 2050s
 36478  4630 222551.700   32   91 222457.215 222690.911  0.11%   126 2055s
 36571  4615 222534.128   33   86 222457.215 222689.854  0.10%   126 2060s
 36650  4604 222601.091   31  101 222457.215 222689.325  0.10%   126 2098s
 36652  4606 222471.374   33   99 222457.215 222689.325  0.10%   126 2102s
 36724  4592     cutoff   36      222457.215 222688.962  0.10%   126 2105s
 36833  4588 222480.847   28   90 222457.215 222688.269  0.10%   126 2110s
 36932  4580 222465.208   36   86 222457.215 222687.548  0.10%   126 2115s
 37039  4563 222470.104   33   89 222457.215 222686.687  0.10%   126 2120s
 37154  4553 222594.890   28   97 222457.215 222686.207  0.10%   126 2125s
 37254  4538 222557.803   34   88 222457.215 222685.203  0.10%   126 2130s
 37349  4520 222616.484   34   84 222457.215 222684.122  0.10%   126 2135s
 37454  4500     cutoff   36      222457.215 222682.946  0.10%   126 2140s
 37563  4484 222469.427   33   84 222457.215 222681.734  0.10%   126 2145s
 37670  4473     cutoff   34      222457.215 222680.518  0.10%   126 2150s
 37783  4460 222551.655   27   88 222457.215 222680.015  0.10%   125 2155s
 37889  4446 222601.279   33   85 222457.215 222678.995  0.10%   125 2160s
 37994  4426 222539.572   28   96 222457.215 222678.054  0.10%   125 2165s
 38102  4420 222505.850   35   78 222457.215 222677.072  0.10%   125 2170s
 38221  4410 222487.674   33   88 222457.215 222676.157  0.10%   125 2175s
 38333  4397 222473.941   42   61 222457.215 222675.268  0.10%   125 2180s
 38438  4372 222495.284   26   91 222457.215 222674.074  0.10%   125 2185s
 38556  4365 222488.767   25   91 222457.215 222673.510  0.10%   125 2190s
 38663  4358 222567.615   31   82 222457.215 222672.989  0.10%   125 2195s
 38800  4345 222470.630   33   99 222457.215 222671.772  0.10%   125 2200s
 38903  4327 222507.470   31   99 222457.215 222671.089  0.10%   125 2205s
 39018  4312 222536.650   32   94 222457.215 222670.159  0.10%   125 2210s
 39131  4295 222524.756   29   95 222457.215 222669.129  0.10%   125 2215s
 39252  4288     cutoff   34      222457.215 222668.240  0.09%   125 2220s
 39352  4270     cutoff   41      222457.215 222667.537  0.09%   125 2225s
 39471  4249     cutoff   31      222457.215 222666.481  0.09%   125 2230s
 39582  4228 222523.909   30   76 222457.215 222665.604  0.09%   125 2235s
 39677  4210 222488.606   30   84 222457.215 222664.876  0.09%   125 2240s
 39785  4187     cutoff   28      222457.215 222664.556  0.09%   125 2245s
 39892  4160 222538.689   33   87 222457.215 222663.123  0.09%   125 2250s
 40004  4158 222463.542   31   85 222457.215 222662.299  0.09%   125 2255s
 40141  4143 222514.391   29   80 222457.215 222661.512  0.09%   125 2260s
 40262  4136 222630.507   33   71 222457.215 222660.560  0.09%   125 2265s
 40394  4131 222482.724   30   93 222457.215 222659.856  0.09%   125 2270s
 40512  4117 222594.475   31   89 222457.215 222659.279  0.09%   125 2275s
 40639  4099     cutoff   32      222457.215 222658.408  0.09%   125 2280s
 40758  4081 222504.952   31   91 222457.215 222657.351  0.09%   125 2285s
 40884  4063 222522.448   33   82 222457.215 222656.551  0.09%   125 2290s
 41031  4051     cutoff   36      222457.215 222655.669  0.09%   125 2295s
 41136  4024     cutoff   31      222457.215 222654.550  0.09%   125 2300s
 41255  4001 222580.829   28   88 222457.215 222653.395  0.09%   125 2305s
 41365  3973 222482.702   37   83 222457.215 222651.896  0.09%   125 2310s
 41490  3966 222481.797   36   70 222457.215 222650.801  0.09%   125 2315s
 41602  3943 222461.686   29   89 222457.215 222649.605  0.09%   125 2320s
 41736  3931 222530.570   29   90 222457.215 222648.663  0.09%   124 2325s
 41848  3925 222489.090   32   84 222457.215 222647.985  0.09%   124 2330s
 41959  3895     cutoff   35      222457.215 222646.850  0.09%   124 2335s
 42089  3881     cutoff   30      222457.215 222645.956  0.08%   124 2340s
 42211  3869 222457.878   37   73 222457.215 222645.200  0.08%   124 2345s
 42333  3841 222513.729   33   82 222457.215 222644.467  0.08%   124 2350s
 42439  3819 222540.492   32   93 222457.215 222643.464  0.08%   124 2355s
 42555  3795 222548.166   27   85 222457.215 222642.642  0.08%   124 2360s
 42593  3791     cutoff   29      222457.215 222642.410  0.08%   124 2365s
 42702  3772 222547.563   29   85 222457.215 222641.429  0.08%   124 2370s
 42805  3753     cutoff   32      222457.215 222640.613  0.08%   124 2375s
 42872  3737 222482.323   33   92 222457.215 222639.929  0.08%   124 2382s
 42926  3724 222547.191   33   88 222457.215 222639.477  0.08%   124 2385s
 43045  3702     cutoff   36      222457.215 222638.709  0.08%   124 2390s
 43165  3692 222491.899   35   89 222457.215 222637.927  0.08%   124 2395s
 43276  3666 222548.830   35   78 222457.215 222636.814  0.08%   124 2400s
 43418  3653 222523.497   43   68 222457.215 222635.709  0.08%   124 2405s
 43544  3623     cutoff   31      222457.215 222634.519  0.08%   124 2410s
 43667  3600 222464.748   30   87 222457.215 222633.651  0.08%   124 2415s
 43772  3580 222465.529   34   82 222457.215 222632.928  0.08%   124 2420s
 43871  3558 222560.805   33  100 222457.215 222632.064  0.08%   124 2425s
 43978  3539 222501.718   35   84 222457.215 222631.158  0.08%   124 2430s
 44105  3521 222474.155   31   98 222457.215 222630.027  0.08%   124 2435s
 44210  3492 222498.209   31   85 222457.215 222628.905  0.08%   124 2440s
 44333  3470 222480.957   35   78 222457.215 222627.975  0.08%   124 2445s
 44451  3451 222493.055   32   95 222457.215 222626.951  0.08%   124 2450s
 44586  3423     cutoff   35      222457.215 222626.088  0.08%   124 2455s
 44710  3395 222503.565   32   84 222457.215 222624.685  0.08%   124 2460s
 44829  3371 222494.616   30   87 222457.215 222623.921  0.07%   124 2465s
 44957  3350 222539.480   35   82 222457.215 222622.901  0.07%   124 2470s
 45080  3322 222552.794   29   80 222457.215 222622.065  0.07%   124 2475s
 45179  3298 222462.200   35   76 222457.215 222621.246  0.07%   124 2480s
 45290  3269     cutoff   34      222457.215 222620.397  0.07%   124 2485s
 45405  3249 222524.931   35   91 222457.215 222619.517  0.07%   124 2490s
 45534  3219 222508.353   34   76 222457.215 222618.551  0.07%   124 2495s
 45660  3187     cutoff   34      222457.215 222617.413  0.07%   123 2500s
 45778  3154 222547.713   29   86 222457.215 222616.397  0.07%   123 2505s
 45898  3122 222496.025   37   67 222457.215 222615.338  0.07%   123 2510s
 46013  3091 222474.936   29   77 222457.215 222614.154  0.07%   123 2515s
 46131  3067 222483.173   29   86 222457.215 222613.120  0.07%   123 2520s
 46259  3037     cutoff   35      222457.215 222611.965  0.07%   123 2525s
 46337  3023 222462.905   32   80 222457.215 222611.279  0.07%   123 2530s
 46443  2981 222546.366   33   82 222457.215 222609.695  0.07%   123 2535s
 46578  2964 222457.225   55    8 222457.215 222608.813  0.07%   123 2540s
 46696  2934     cutoff   33      222457.215 222608.049  0.07%   123 2545s
 46816  2893 222520.193   35   87 222457.215 222606.407  0.07%   123 2550s
 46934  2869 222494.735   29   88 222457.215 222605.493  0.07%   123 2555s
 47044  2836 222466.352   29   88 222457.215 222604.459  0.07%   123 2560s
 47171  2803 222480.183   37   74 222457.215 222603.372  0.07%   123 2565s
 47302  2772 222493.300   34   82 222457.215 222602.122  0.07%   123 2570s
 47444  2736 222466.341   38   64 222457.215 222600.662  0.06%   123 2575s
 47577  2702     cutoff   29      222457.215 222599.404  0.06%   123 2580s
 47692  2667 222523.863   33   95 222457.215 222598.114  0.06%   123 2585s
 47837  2629 222497.568   33   97 222457.215 222596.792  0.06%   123 2590s
 47982  2595     cutoff   31      222457.215 222595.760  0.06%   123 2595s
 48113  2555 222517.018   29   94 222457.215 222594.609  0.06%   123 2600s
 48240  2509     cutoff   29      222457.215 222593.008  0.06%   123 2605s
 48376  2464     cutoff   33      222457.215 222591.400  0.06%   123 2610s
 48499  2428 222480.412   31   85 222457.215 222590.204  0.06%   123 2615s
 48612  2392 222488.479   30   89 222457.215 222588.311  0.06%   123 2620s
 48753  2340 222508.688   34   86 222457.215 222586.486  0.06%   123 2625s
 48877  2304     cutoff   37      222457.215 222585.235  0.06%   122 2630s
 49009  2262 222494.678   35   82 222457.215 222583.751  0.06%   122 2635s
 49149  2215     cutoff   27      222457.215 222582.269  0.06%   122 2640s
 49283  2181 222463.574   41   58 222457.215 222580.927  0.06%   122 2645s
 49427  2137     cutoff   31      222457.215 222579.265  0.05%   122 2650s
 49562  2103 222472.045   42   66 222457.215 222578.048  0.05%   122 2655s
 49628  2078 222497.878   33   84 222457.215 222577.166  0.05%   122 2660s
 49758  2025 222484.367   36   92 222457.215 222575.426  0.05%   122 2665s
 49901  1962     cutoff   32      222457.215 222572.968  0.05%   122 2670s
 50030  1909 222470.200   36   81 222457.215 222570.712  0.05%   122 2675s
 50190  1852     cutoff   37      222457.215 222568.973  0.05%   122 2680s
 50331  1792     cutoff   25      222457.215 222566.806  0.05%   122 2685s
 50475  1735 222464.217   34   97 222457.215 222563.830  0.05%   122 2690s
 50637  1665     cutoff   34      222457.215 222561.640  0.05%   122 2695s
 50791  1604 222499.470   34   90 222457.215 222559.250  0.05%   122 2700s
 50933  1547     cutoff   36      222457.215 222557.803  0.05%   121 2705s
 51091  1480     cutoff   32      222457.215 222555.486  0.04%   121 2710s
 51236  1410 222524.012   34   84 222457.215 222553.079  0.04%   121 2715s
 51389  1330     cutoff   28      222457.215 222550.233  0.04%   121 2720s
 51554  1246     cutoff   36      222457.215 222546.989  0.04%   121 2725s
 51712  1177 222466.480   30   83 222457.215 222543.845  0.04%   121 2730s
 51875  1104 222457.769   29   88 222457.215 222541.423  0.04%   121 2735s
 52039  1026     cutoff   40      222457.215 222537.437  0.04%   121 2740s
 52215   935     cutoff   29      222457.215 222533.753  0.03%   121 2745s
 52386   835     cutoff   35      222457.215 222529.052  0.03%   120 2750s
 52570   705 222475.156   34   76 222457.215 222521.944  0.03%   120 2755s
 52770   568 222469.004   29   91 222457.215 222513.079  0.03%   120 2760s
 53001   376     cutoff   34      222457.215 222499.186  0.02%   120 2765s
 53309    98     cutoff   29      222457.215 222466.933  0.00%   119 2770s

Cutting planes:
  Lift-and-project: 4
  MIR: 693
  Flow cover: 361
  RLT: 26
  Relax-and-lift: 21
  Lazy constraints: 986

Explored 53408 nodes (6365381 simplex iterations) in 2770.93 seconds (4099.95 work units)
Thread count was 1 (of 52 available processors)

Solution count 9: 222457 222333 222298 ... 215385

Optimal solution found (tolerance 0.00e+00)
Best objective 2.224572153571e+05, best bound 2.224572153571e+05, gap 0.0000%

User-callback calls 327111, time in user-callback 4.14 sec

CPU time spent in the second stage: 2770.93 sec
The LP relaxation bound at the root node: 224720.572465
Termination status of the second stage: OPTIMAL

------------------ end of the second stage -----------------

Total CPU time: 2792.75 sec
Percentage optimality gap: 0.00 %
CPU time spent in separating the cuts: 22.26 sec
Number of explored nodes: 53408
Objective value of the returned solution: 222457.215357
Optimal facility locations: [10, 16, 27, 28, 31, 38, 44, 53, 54, 56, 59, 64, 66, 77, 81, 83, 95, 100, 109, 112, 113, 121, 122, 126, 129, 130, 131, 133, 147, 163, 168, 170, 185, 188, 191, 196]

@end of file
