Set parameter TimeLimit to value 7200
Setting B&C+SI: The proposed B&C algorithm based on formulation (16) (equipped with the submodular inequalities).

----------------- start of the first stage -----------------

Iter     Best Incumbent      BestBound     Gap      Time  #VioCuts
1                 0.000     354080.573   100.0       0.1       800
2            171739.257     332313.959    48.3       0.6      1594
3            243494.097     303347.857    19.7       1.2      1590
4            259843.749     280613.236     7.4       1.9      1462
5            259843.749     272278.190     4.6       2.7      1129
6            259843.749     268937.676     3.4       3.5       502
7            259843.749     267896.613     3.0       4.2       287
8            259843.749     267385.366     2.8       4.8       123
9            259843.749     267222.668     2.8       5.3        48
10           259843.749     267168.788     2.7       5.8        32
11           259843.749     267110.974     2.7       6.3         8
12           259843.749     267087.854     2.7       6.8         9
13           259843.749     267075.717     2.7       7.3         4
14           259843.749     267073.623     2.7       7.7         3
15           259843.749     267069.259     2.7       8.2         0

CPU time spent in the first stage: 9.54 sec
Upper bound returned at the end of the first stage: 267069.259111
Objective value of the optimal solution or the best incumbent at the end of the first stage: 259843.748662
Number of cuts added at the end of the first stage for the initialization of the relaxed MILP problem: 900
Termination status of the first stage: LP Optimal

------------------ end of the first stage ------------------


----------------- start of the second stage ----------------

Gurobi Optimizer version 11.0.1 build v11.0.1rc0 (linux64 - "CentOS Linux 7 (Core)")

CPU model: Intel(R) Xeon(R) Gold 6230R CPU @ 2.10GHz, instruction set [SSE2|AVX|AVX2|AVX512]
Thread count: 52 physical cores, 52 logical processors, using up to 1 threads


Warning: excessive time spent in model updates.
Consider calling update less frequently.

Optimize a model with 1704 rows, 900 columns and 9598 nonzeros
Model fingerprint: 0x401b1f72
Variable types: 800 continuous, 100 integer (0 binary)
Coefficient statistics:
  Matrix range     [8e-11, 2e+03]
  Objective range  [1e+01, 2e+03]
  Bounds range     [1e+00, 1e+00]
  RHS range        [5e-05, 4e+05]
Warning: Model contains large matrix coefficient range
         Consider reformulating model or setting NumericFocus parameter
         to avoid numerical issues.

Loaded user MIP start with objective 259844

Presolve removed 823 rows and 0 columns
Presolve time: 0.01s
Presolved: 881 rows, 900 columns, 6037 nonzeros
Variable types: 800 continuous, 100 integer (100 binary)

Root relaxation: objective 2.670290e+05, 215 iterations, 0.01 seconds (0.02 work units)

    Nodes    |    Current Node    |     Objective Bounds      |     Work
 Expl Unexpl |  Obj  Depth IntInf | Incumbent    BestBd   Gap | It/Node Time

     0     0 267029.049    0   62 259843.749 267029.049  2.77%     -    0s
     0     0 267017.481    0   66 259843.749 267017.481  2.76%     -    0s
     0     2 267010.732    0   66 259843.749 267010.732  2.76%     -    0s
H   53    42                    262341.74030 266993.111  1.77%  39.2    0s
H   86    56                    263999.22439 266972.626  1.13%  41.9    0s
H  202   137                    264008.95180 266879.218  1.09%  46.6    1s
*  213   141              38    264009.95018 266879.218  1.09%  45.0    1s
H  302   160                    264791.97583 266758.461  0.74%  47.5    2s
   657   353 265531.678   13   66 264791.976 266506.507  0.65%  54.0    5s
   663   357 265624.192   16   64 264791.976 266113.223  0.50%  53.5   10s
H  669   342                    264823.12415 265889.265  0.40%  53.1   14s
   674   347 265753.750   17   61 264823.124 265768.040  0.36%  57.5   15s
*  806   353              46    264852.04290 265761.785  0.34%  59.1   18s
   842   366 265244.704   19   61 264852.043 265681.727  0.31%  61.8   20s
*  911   364              45    264856.42537 265681.334  0.31%  62.3   21s
  1183   403 265049.530   26   41 264856.425 265458.840  0.23%  65.5   25s
  1549   377 264950.188   24   52 264856.425 265374.611  0.20%  67.7   30s
  1883   430 264905.781   32   43 264856.425 265315.179  0.17%  69.1   35s
  2333   467 264921.227   28   51 264856.425 265261.236  0.15%  69.1   40s
H 2648   485                    264887.57369 265237.708  0.13%  69.1   43s
* 2749   478              42    264902.88785 265230.715  0.12%  68.8   44s
  2759   476     cutoff   26      264902.888 265230.333  0.12%  68.8   45s
H 3089   465                    264910.45638 265199.626  0.11%  68.9   50s
H 3284   435                    264939.37513 265182.814  0.09%  68.5   53s
  3408   416     cutoff   30      264939.375 265160.773  0.08%  68.2   55s
  3773   335 264942.960   28   49 264939.375 265115.675  0.07%  68.4   60s
  4215   134 264950.549   29   42 264939.375 265018.458  0.03%  67.5   65s

Cutting planes:
  Gomory: 9
  Lift-and-project: 10
  MIR: 481
  Flow cover: 387
  RLT: 3
  Relax-and-lift: 1
  Lazy constraints: 134

Explored 4362 nodes (288739 simplex iterations) in 65.94 seconds (77.00 work units)
Thread count was 1 (of 52 available processors)

Solution count 10: 264939 264910 264903 ... 263999

Optimal solution found (tolerance 0.00e+00)
Best objective 2.649393751335e+05, best bound 2.649393751335e+05, gap 0.0000%

User-callback calls 24462, time in user-callback 0.21 sec

CPU time spent in the second stage: 65.94 sec
The LP relaxation bound at the root node: 267010.732324
Termination status of the second stage: OPTIMAL

------------------ end of the second stage -----------------

Total CPU time: 74.14 sec
Percentage optimality gap: 0.00 %
CPU time spent in separating the cuts: 6.31 sec
Number of explored nodes: 4362
Objective value of the returned solution: 264939.375133
Optimal facility locations: [2, 5, 6, 22, 27, 28, 39, 43, 50, 52, 55, 56, 63, 64, 67, 68, 71, 80, 83, 86, 87, 91, 96, 98, 100]

@end of file
