Set parameter TimeLimit to value 7200
Setting sB&C+LSI: The proposed B&C algorithm based on formulation (40) (equipped with the lifted submodular inequalities), with only the second stage implemented
Gurobi Optimizer version 11.0.1 build v11.0.1rc0 (linux64 - "CentOS Linux 7 (Core)")

CPU model: Intel(R) Xeon(R) Gold 6230R CPU @ 2.10GHz, instruction set [SSE2|AVX|AVX2|AVX512]
Thread count: 52 physical cores, 52 logical processors, using up to 1 threads

Optimize a model with 800 rows, 900 columns and 800 nonzeros
Model fingerprint: 0xee18e241
Variable types: 800 continuous, 100 integer (100 binary)
Coefficient statistics:
  Matrix range     [1e+00, 1e+00]
  Objective range  [1e+01, 2e+03]
  Bounds range     [0e+00, 0e+00]
  RHS range        [1e-04, 1e+00]
Found heuristic solution: objective -7.96256e+14
Presolve removed 800 rows and 0 columns
Presolve time: 0.00s
Presolved: 0 rows, 900 columns, 0 nonzeros
Variable types: 800 continuous, 100 integer (100 binary)
Found heuristic solution: objective -7.96256e+14

Root relaxation: objective 3.361504e+05, 0 iterations, 0.00 seconds (0.00 work units)

    Nodes    |    Current Node    |     Objective Bounds      |     Work
 Expl Unexpl |  Obj  Depth IntInf | Incumbent    BestBd   Gap | It/Node Time

     0     0 336150.388    0    - -7.963e+14 336150.388   100%     -    0s
     0     0 312719.797    0   24 -7.963e+14 312719.797   100%     -    0s
     0     0 276437.492    0   49 -7.963e+14 276437.492   100%     -    1s
H    0     0                    218942.16466 276258.080  26.2%     -    2s
     0     2 260909.612    0   58 218942.165 260909.612  19.2%     -    2s
    16    18 252139.782   10   44 218942.165 260902.252  19.2%   122    5s
    38    40 243558.101   25   37 218942.165 260902.252  19.2%   186   10s
*   59    59              40    241994.57963 260902.252  7.81%   152   10s
   125   111 245935.642    2   64 241994.580 260842.075  7.79%   147   15s
*  177   118              49    243761.39280 260842.075  7.01%   120   16s
*  225   130              44    244069.97315 260841.062  6.87%   115   19s
   229   128 246498.730    3   63 244069.973 260697.759  6.81%   124   20s
*  281   160              50    244325.44160 260697.759  6.70%   111   21s
   303   166 245756.187    6   59 244325.442 260484.679  6.61%   120   25s
   368   190 245031.896    8   60 244325.442 260009.930  6.42%   127   30s
   421   209 244822.849   12   53 244325.442 259713.844  6.30%   133   35s
   474   222 244593.182   11   55 244325.442 248417.363  1.67%   140   40s
*  586   203              47    244789.49735 246461.755  0.68%   129   44s
   590   201 246166.079    4   62 244789.497 246451.340  0.68%   129   45s
   682   249 244921.263   17   44 244789.497 246297.149  0.62%   124   50s
   816   290 245944.335   11   49 244789.497 246219.529  0.58%   114   55s
   946   361 246099.420    7   60 244789.497 246160.437  0.56%   108   60s
  1065   419 245215.409   14   39 244789.497 246113.749  0.54%   104   65s
  1174   463 244814.446   17   45 244789.497 246096.609  0.53%   102   70s
  1278   505 245543.443   14   48 244789.497 246088.800  0.53%   100   75s
  1389   554     cutoff   20      244789.497 246074.616  0.52%  98.4   80s
  1493   608 244994.417   14   55 244789.497 246019.509  0.50%  97.2   85s
  1558   640 245330.787   17   49 244789.497 246012.958  0.50%  96.1  102s
  1560   641 244992.909   10   66 244789.497 246012.958  0.50%  95.9  114s
  1561   642 244892.046   14   68 244789.497 245880.846  0.45%  95.9  121s
  1562   643 245446.635   10   70 244789.497 245880.846  0.45%  95.8  125s
  1563   643 245470.062   12   66 244789.497 245726.361  0.38%  95.8  132s
  1564   644 245669.933   14   67 244789.497 245726.361  0.38%  95.7  139s
  1565   645 245031.362    9   67 244789.497 245638.369  0.35%  95.6  146s
  1566   645 245108.230   14   66 244789.497 245638.369  0.35%  95.6  152s
  1567   646 244827.500   10   71 244789.497 245609.126  0.33%  95.5  160s
  1568   647 245609.126    6   73 244789.497 245609.126  0.33%  95.4  167s
  1569   647 245609.126    7   74 244789.497 245609.126  0.33%  95.4  174s
  1570   648 245321.504   15   72 244789.497 245609.126  0.33%  95.3  181s
  1571   649 245427.749   15   74 244789.497 245597.530  0.33%  95.3  189s
  1572   649 245585.900   11   74 244789.497 245597.530  0.33%  95.2  196s
H 1572   616                    244914.53836 245597.530  0.28%  95.2  198s
  1577   622 245422.705   14   69 244914.538 245545.811  0.26%  99.0  200s
  1591   630 245128.794   22   53 244914.538 245545.811  0.26%  99.5  205s
  1606   628 245296.832   17   60 244914.538 245545.001  0.26%   100  210s
  1616   634 245069.736   22   49 244914.538 245545.001  0.26%   100  215s
  1625   632 245396.729   16   59 244914.538 245440.565  0.21%   101  220s
  1638   635 245040.923   22   44 244914.538 245422.593  0.21%   101  225s
  1674   628 245417.840   15   68 244914.538 245417.840  0.21%   101  232s
  1689   629     cutoff   24      244914.538 245408.738  0.20%   101  235s
  1729   624 245230.644   20   56 244914.538 245398.839  0.20%   102  240s
  1815   610     cutoff   21      244914.538 245299.562  0.16%   101  245s
  1899   586 245075.136   19   62 244914.538 245241.751  0.13%   101  250s
  1998   550     cutoff   19      244914.538 245214.374  0.12%   100  255s
  2035   534 245183.785   19   53 244914.538 245201.195  0.12%   100  260s
  2103   504     cutoff   22      244914.538 245174.071  0.11%   101  265s
  2195   458     cutoff   19      244914.538 245110.697  0.08%   101  270s
  2277   410 244943.770   16   59 244914.538 245057.842  0.06%   102  275s

Cutting planes:
  Lift-and-project: 3
  Implied bound: 1
  MIR: 333
  Flow cover: 314
  RLT: 2
  Relax-and-lift: 2

Explored 2316 nodes (235807 simplex iterations) in 276.17 seconds (333.97 work units)
Thread count was 1 (of 52 available processors)

Solution count 9: 244915 244789 244325 ... -7.96256e+14

Optimal solution found (tolerance 0.00e+00)
Best objective 2.449145383555e+05, best bound 2.449145383555e+05, gap 0.0000%

User-callback calls 65661, time in user-callback 5.76 sec

Total CPU time: 276.17 sec
Termination status: OPTIMAL
Percentage optimality gap: 0.00 %
Number of explored nodes: 2316
Objective value of the returned solution: 244914.538355
The LP relaxation bound at the root node: 260909.612498
Optimal facility locations: [10, 15, 16, 22, 25, 28, 30, 31, 32, 34, 35, 44, 50, 52, 54, 57, 60, 62, 63, 66, 75, 76, 80, 82, 86, 88]

@end of file
