Set parameter TimeLimit to value 7200
Setting B&C+LSI: The proposed B&C algorithm based on formulation (40) (equipped with the lifted submodular inequalities).

----------------- start of the first stage -----------------

Iter     Best Incumbent      BestBound     Gap      Time  #VioCuts
1                 0.000     332918.263   100.0       0.2       800
2            134333.198     282673.414    52.5       4.6      1375
3            162572.998     205813.210    21.0       6.7      1322
4            173221.681     183407.601     5.6       9.2      1049
5            173221.681     179449.756     3.5      11.8       566
6            173221.681     178410.446     2.9      14.5       258
7            173221.681     178055.798     2.7      17.2       122
8            173221.681     177936.138     2.6      19.9        53
9            173221.681     177920.240     2.6      22.4        21
10           173221.681     177911.908     2.6      24.9        12
11           173221.681     177908.698     2.6      27.3         5
12           173221.681     177905.437     2.6      29.8         4
13           173221.681     177905.352     2.6      32.4         0

CPU time spent in the first stage: 33.81 sec
Upper bound returned at the end of the first stage: 177905.352374
Objective value of the optimal solution or the best incumbent at the end of the first stage: 173221.681397
Number of cuts added at the end of the first stage for the initialization of the relaxed MILP problem: 969
Termination status of the first stage: LP Optimal

------------------ end of the first stage ------------------


----------------- start of the second stage ----------------

Gurobi Optimizer version 11.0.1 build v11.0.1rc0 (linux64 - "CentOS Linux 7 (Core)")

CPU model: Intel(R) Xeon(R) Gold 6230R CPU @ 2.10GHz, instruction set [SSE2|AVX|AVX2|AVX512]
Thread count: 52 physical cores, 52 logical processors, using up to 1 threads


Warning: excessive time spent in model updates.
Consider calling update less frequently.

Optimize a model with 1773 rows, 1100 columns and 20665 nonzeros
Model fingerprint: 0x552a5e15
Variable types: 800 continuous, 300 integer (0 binary)
Coefficient statistics:
  Matrix range     [2e-09, 2e+03]
  Objective range  [1e+01, 2e+03]
  Bounds range     [1e+00, 1e+00]
  RHS range        [2e-04, 4e+05]

Loaded user MIP start with objective 173222

Presolve removed 807 rows and 0 columns
Presolve time: 0.04s
Presolved: 966 rows, 1100 columns, 16500 nonzeros
Variable types: 800 continuous, 300 integer (300 binary)

Root relaxation: objective 1.778988e+05, 400 iterations, 0.02 seconds (0.03 work units)

    Nodes    |    Current Node    |     Objective Bounds      |     Work
 Expl Unexpl |  Obj  Depth IntInf | Incumbent    BestBd   Gap | It/Node Time

     0     0 177898.777    0  102 173221.681 177898.777  2.70%     -    0s
     0     0 177772.545    0  102 173221.681 177772.545  2.63%     -    2s
     0     0 177756.658    0   97 173221.681 177756.658  2.62%     -    2s
     0     0 177755.405    0   96 173221.681 177755.405  2.62%     -    2s
     0     0 177754.923    0   96 173221.681 177754.923  2.62%     -    2s
     0     0 177689.500    0  106 173221.681 177689.500  2.58%     -    3s
     0     0 177672.555    0  105 173221.681 177672.555  2.57%     -    3s
     0     0 177668.650    0  108 173221.681 177668.650  2.57%     -    3s
     0     0 177666.171    0  109 173221.681 177666.171  2.57%     -    3s
     0     0 177665.567    0  110 173221.681 177665.567  2.57%     -    3s
     0     0 177654.269    0  111 173221.681 177654.269  2.56%     -    3s
     0     0 177653.422    0  111 173221.681 177653.422  2.56%     -    3s
     0     0 177649.994    0  110 173221.681 177649.994  2.56%     -    4s
     0     0 177649.099    0  110 173221.681 177649.099  2.56%     -    4s
     0     2 177649.099    0  110 173221.681 177649.099  2.56%     -    4s
    27    29 177335.831   14   83 173221.681 177634.328  2.55%  58.2    6s
   199   196 177122.936   12  101 173221.681 177633.896  2.55%  52.8   10s
*  343   336             113    173406.45804 177633.896  2.44%  53.2   14s
   369   358 176471.556   19   90 173406.458 177624.066  2.43%  58.6   15s
*  480   374             106    174625.93206 177624.066  1.72%  56.2   18s
   505   391 176437.304   20   88 174625.932 177624.061  1.72%  59.2   20s
   527   411 176449.970   41  111 174625.932 177605.623  1.71%  58.9   27s
   533   415 175592.458   32  119 174625.932 177310.915  1.54%  58.2   30s
   541   421 175801.234   24  120 174625.932 177169.541  1.46%  57.4   35s
   560   434 177146.719    9  111 174625.932 177146.719  1.44%  61.7   41s
   568   440 177115.287   13  121 174625.932 177115.287  1.43%  60.8   46s
   584   452 177075.702   30  116 174625.932 177084.813  1.41%  65.1   50s
   606   467 176603.284   41  101 174625.932 177065.160  1.40%  69.0   56s
   625   480 176052.852   50   88 174625.932 177065.160  1.40%  72.5   60s
   667   508 175167.476   71   48 174625.932 177065.160  1.40%  74.2   65s
*  699   480              88    175065.87700 177065.160  1.14%  73.8   65s
   716   483 176497.047   37  101 175065.877 177064.815  1.14%  77.3   70s
   816   538 176728.566   35  108 175065.877 177047.993  1.13%  80.0   75s
   947   615 176797.563   34  110 175065.877 177047.410  1.13%  81.1   80s
* 1030   464              76    175883.03922 177047.410  0.66%  82.0   82s
  1050   471 176409.073   38   92 175883.039 177021.754  0.65%  83.5   85s
  1161   509 176836.483   32  124 175883.039 176968.871  0.62%  85.3   90s
* 1298   514              72    175886.57223 176967.646  0.61%  86.7   94s
  1299   515 176787.478   34  107 175886.572 176950.695  0.61%  87.1   95s
  1426   570 176651.149   35   99 175886.572 176915.874  0.59%  88.1  100s
  1554   623 176890.881   33  121 175886.572 176911.807  0.58%  89.5  105s
  1634   653 176511.057   35  108 175886.572 176907.584  0.58%  91.4  110s
  1669   659 176573.530   37  103 175886.572 176899.195  0.58%  93.4  115s
  1760   690 176609.358   36  114 175886.572 176880.996  0.57%  94.4  120s
  1845   737 176311.416   35  109 175886.572 176866.306  0.56%  95.8  125s
  1936   798 176218.823   44   98 175886.572 176820.055  0.53%  96.7  130s
  2016   842 176182.971   42  106 175886.572 176815.232  0.53%  97.3  135s
  2153   926 175907.988   54   83 175886.572 176799.847  0.52%  96.8  140s
H 2205   925                    175910.90658 176797.385  0.50%  98.7  145s
  2264   967 176006.739   52   89 175910.907 176792.054  0.50%  99.4  150s
H 2318   973                    175933.04105 176787.853  0.49%  99.4  154s
  2329   978 176498.082   37  103 175933.041 176787.202  0.49%  99.4  155s
  2361  1000 176373.378   41  104 175933.041 176783.652  0.48%   100  160s
  2399  1030 176048.793   43   91 175933.041 176783.389  0.48%   100  165s
  2429  1038 176681.985   35  110 175933.041 176778.867  0.48%   100  170s
  2439  1048 176091.675   45   95 175933.041 176778.867  0.48%   100  176s
  2479  1067 175959.104   46   94 175933.041 176773.999  0.48%   101  180s
  2522  1088 176348.613   41  108 175933.041 176771.420  0.48%   101  185s
  2626  1141 176313.094   39  103 175933.041 176766.938  0.47%   102  190s
  2710  1188 176563.540   37  116 175933.041 176765.005  0.47%   103  195s
  2789  1224 175942.269   49  102 175933.041 176746.747  0.46%   104  201s
  2888  1285 175998.616   50   82 175933.041 176735.079  0.46%   104  205s
  2987  1336 176243.939   41  102 175933.041 176720.022  0.45%   104  210s
  3077  1389 176196.171   45   96 175933.041 176714.427  0.44%   104  215s
  3119  1405 176400.647   41   95 175933.041 176713.421  0.44%   103  220s
  3213  1459 176365.024   41   97 175933.041 176710.929  0.44%   103  225s
  3296  1494 176120.756   42   97 175933.041 176705.704  0.44%   103  230s
  3398  1544 175969.281   52   91 175933.041 176698.945  0.44%   103  235s
  3516  1597 176421.113   37  101 175933.041 176688.006  0.43%   103  240s
  3667  1691 176065.100   45   91 175933.041 176684.011  0.43%   103  245s
  3777  1734 176352.212   39  101 175933.041 176674.690  0.42%   103  250s
  3884  1788 176095.760   40   97 175933.041 176666.324  0.42%   103  255s
  3991  1842 176222.950   42   96 175933.041 176661.087  0.41%   103  260s
  4076  1879 176144.577   44   99 175933.041 176656.313  0.41%   104  265s
  4181  1923 176329.821   38  108 175933.041 176650.907  0.41%   103  270s
  4272  1958 176422.858   37  100 175933.041 176648.597  0.41%   104  275s
  4353  1996     cutoff   42      175933.041 176644.984  0.40%   104  280s
  4435  2031 175972.411   62   62 175933.041 176642.099  0.40%   104  285s
H 4542  2069                    175938.53843 176639.234  0.40%   104  289s
  4551  2080 176006.651   52   86 175938.538 176639.234  0.40%   104  290s
  4689  2132 176261.832   41   97 175938.538 176631.232  0.39%   103  295s
  4736  2154 176255.178   39   95 175938.538 176629.983  0.39%   103  301s
  4805  2204 175955.527   59   70 175938.538 176629.071  0.39%   103  305s
  4924  2258 176154.738   51   90 175938.538 176624.957  0.39%   103  310s
  5010  2302 176004.480   51   93 175938.538 176621.172  0.39%   103  315s
  5110  2342 176572.070   39  110 175938.538 176614.636  0.38%   103  320s
  5194  2383 176199.660   44   89 175938.538 176613.108  0.38%   104  325s
  5278  2419 176218.094   43   93 175938.538 176608.401  0.38%   104  330s
  5369  2452 176339.045   42  102 175938.538 176606.912  0.38%   104  335s
  5476  2517 176393.537   38  102 175938.538 176603.193  0.38%   104  340s
  5542  2559 175957.892   50   75 175938.538 176601.842  0.38%   104  345s
  5656  2597 175983.268   48   80 175938.538 176593.311  0.37%   103  350s
  5769  2644 176410.688   38  104 175938.538 176589.343  0.37%   103  355s
  5889  2706 176395.930   39  102 175938.538 176584.007  0.37%   103  360s
  6012  2769 176342.339   41  105 175938.538 176583.417  0.37%   103  365s
  6123  2825 175968.764   50   78 175938.538 176582.782  0.37%   102  370s
H 6167  2833                    175942.44894 176581.197  0.36%   102  370s
* 6168  2832              74    175943.09787 176581.197  0.36%   102  370s
  6238  2870 175971.914   50   80 175943.098 176579.098  0.36%   102  375s
  6347  2916     cutoff   48      175943.098 176573.812  0.36%   102  380s
  6479  2986 176012.462   52   86 175943.098 176569.286  0.36%   102  385s
  6585  3045 175982.816   46   92 175943.098 176566.125  0.35%   102  390s
  6678  3061 176379.355   39  107 175943.098 176563.828  0.35%   102  395s
  6763  3098 176044.131   45   95 175943.098 176560.463  0.35%   102  400s
  6865  3140 176471.670   38  107 175943.098 176556.305  0.35%   102  405s
  6985  3203 176068.714   44   92 175943.098 176555.822  0.35%   102  410s
  7049  3229 176364.895   40  114 175943.098 176554.309  0.35%   102  415s
H 7086  3076                    175996.96120 176554.309  0.32%   102  421s
  7178  3114 176108.224   46  104 175996.961 176547.971  0.31%   102  425s
  7279  3146 176244.556   42  111 175996.961 176543.764  0.31%   102  430s
  7399  3201 176276.366   39  107 175996.961 176542.379  0.31%   102  435s
  7484  3233 176053.330   41   96 175996.961 176539.474  0.31%   102  440s
  7634  3281 176051.819   44   93 175996.961 176536.289  0.31%   102  445s
  7708  3295 176459.556   38  105 175996.961 176532.305  0.30%   102  450s
  7825  3344 176164.715   44   94 175996.961 176529.390  0.30%   102  455s
  7968  3403 176005.579   47   92 175996.961 176526.466  0.30%   102  460s
  8042  3431 176008.117   46   88 175996.961 176524.701  0.30%   102  465s
  8137  3460 176261.824   40   96 175996.961 176522.319  0.30%   102  470s
  8218  3497 176275.990   41  105 175996.961 176517.989  0.30%   102  475s
  8306  3530 176361.784   41  109 175996.961 176514.948  0.29%   102  480s
  8437  3566 176135.826   44  103 175996.961 176511.615  0.29%   102  485s
  8526  3598 176091.817   44   99 175996.961 176509.278  0.29%   102  490s
  8581  3622 176253.755   40   95 175996.961 176508.526  0.29%   102  495s
  8701  3684 176162.910   43   94 175996.961 176506.655  0.29%   102  500s
  8789  3715 176034.514   43   89 175996.961 176505.360  0.29%   102  505s
  8923  3760 176034.915   42   93 175996.961 176504.323  0.29%   102  510s
  8990  3773 176377.617   39  109 175996.961 176503.448  0.29%   102  515s
  9080  3808 176388.793   36  107 175996.961 176498.873  0.29%   102  520s
  9176  3855 176094.392   45   87 175996.961 176497.523  0.28%   102  525s
  9335  3899 176361.695   40   96 175996.961 176495.340  0.28%   102  530s
  9418  3943 175998.077   47  102 175996.961 176493.906  0.28%   102  535s
  9534  3988 176295.399   42   97 175996.961 176491.745  0.28%   102  540s
  9664  4040 176165.364   40  109 175996.961 176488.578  0.28%   102  545s
  9777  4079 176268.757   41   94 175996.961 176487.099  0.28%   102  550s
  9881  4115 176013.570   47   88 175996.961 176484.487  0.28%   102  555s
  9992  4160 176190.105   44   89 175996.961 176482.071  0.28%   102  560s
 10093  4185 176290.499   37   96 175996.961 176479.742  0.27%   102  565s
 10211  4227 176050.662   48   81 175996.961 176478.021  0.27%   102  570s
 10357  4286 176139.173   48   92 175996.961 176475.084  0.27%   102  575s
 10518  4330 176116.095   48   84 175996.961 176472.498  0.27%   102  580s
 10647  4378 176090.297   48   88 175996.961 176470.371  0.27%   101  585s
 10695  4402 176266.811   41   98 175996.961 176469.513  0.27%   101  590s
 10833  4461 176177.297   41  117 175996.961 176468.034  0.27%   101  595s
 10965  4514 176170.455   48  103 175996.961 176467.130  0.27%   101  600s
 11102  4569 176273.217   38  103 175996.961 176464.403  0.27%   101  605s
 11238  4601     cutoff   44      175996.961 176462.445  0.26%   101  610s
 11372  4646 176257.754   40   99 175996.961 176460.875  0.26%   101  615s
 11526  4700 176368.495   42   99 175996.961 176459.900  0.26%   101  620s
 11638  4751 176145.066   44   97 175996.961 176458.440  0.26%   101  625s
 11798  4809 176059.499   41  104 175996.961 176456.105  0.26%   101  630s
 11908  4834     cutoff   44      175996.961 176452.854  0.26%   101  635s
 11986  4861 176263.289   42   94 175996.961 176452.049  0.26%   101  640s
 12113  4892 176212.091   43   90 175996.961 176450.618  0.26%   101  645s
 12251  4939     cutoff   46      175996.961 176448.848  0.26%   101  650s
 12397  4993 176154.426   47   88 175996.961 176447.901  0.26%   100  655s
 12544  5046 176226.295   46   95 175996.961 176445.997  0.26%   100  660s
 12694  5101 176164.795   42  100 175996.961 176444.809  0.25%   100  665s
 12837  5152 176050.196   47   93 175996.961 176443.646  0.25%   100  670s
 12967  5192 176088.131   51   95 175996.961 176441.592  0.25%   100  675s
 13096  5250 176066.073   46   90 175996.961 176440.208  0.25%   100  680s
 13245  5309 176348.515   37  106 175996.961 176437.731  0.25%   100  685s
 13394  5355 176053.345   42   97 175996.961 176436.448  0.25%   100  690s
 13528  5405 176254.153   39  103 175996.961 176434.635  0.25%   100  695s
 13628  5449 176104.879   45   95 175996.961 176433.127  0.25%   100  700s
 13774  5481 176280.021   42   92 175996.961 176431.322  0.25%   100  705s
 13880  5515 176070.204   49   80 175996.961 176428.770  0.25%   100  710s
 14020  5561 176070.653   47  101 175996.961 176427.625  0.24%   100  715s
 14158  5597 176179.537   42  110 175996.961 176425.932  0.24%   100  720s
 14300  5646 176045.062   49   73 175996.961 176424.991  0.24%   100  725s
 14446  5698 176262.999   40  107 175996.961 176423.715  0.24%   100  730s
 14553  5712 176323.660   40  111 175996.961 176422.558  0.24%   100  735s
 14690  5759 176040.390   43   91 175996.961 176421.064  0.24%   100  740s
 14831  5810 176040.199   43   96 175996.961 176419.056  0.24%   100  745s
 14921  5834 176096.656   41   94 175996.961 176418.399  0.24%   100  750s
 14977  5860 176124.422   46   89 175996.961 176418.160  0.24%   100  768s
 14978  5861 176104.627   47   88 175996.961 176418.160  0.24%   100  770s
 15086  5895 176271.077   42  103 175996.961 176416.672  0.24%   100  775s
 15212  5938 176018.697   46  104 175996.961 176414.578  0.24%   100  780s
 15351  5988 176182.329   45   99 175996.961 176413.724  0.24%   100  785s
 15491  6032 176192.391   44   94 175996.961 176412.126  0.24%   100  790s
 15617  6058 176028.494   45   91 175996.961 176410.666  0.24%   100  795s
 15767  6111 176194.568   39  107 175996.961 176409.401  0.23%  99.5  800s
 15907  6154 176062.302   46  105 175996.961 176408.617  0.23%  99.4  805s
 16039  6201 176163.384   43  104 175996.961 176407.550  0.23%  99.4  810s
 16168  6243 176292.248   39  113 175996.961 176406.651  0.23%  99.4  815s
 16307  6280 176304.374   37  104 175996.961 176405.646  0.23%  99.3  820s
 16438  6320 176021.118   43  106 175996.961 176404.548  0.23%  99.3  825s
 16580  6362 176217.640   40  105 175996.961 176403.427  0.23%  99.3  830s
 16700  6389 176082.885   45  112 175996.961 176402.126  0.23%  99.3  835s
 16855  6438 176061.627   48   89 175996.961 176400.852  0.23%  99.2  840s
 16988  6476 176214.913   42  111 175996.961 176399.799  0.23%  99.2  845s
 17145  6512 176186.486   40   90 175996.961 176399.170  0.23%  99.1  850s
 17272  6547     cutoff   45      175996.961 176397.544  0.23%  99.1  855s
 17414  6576 176267.596   40   98 175996.961 176396.379  0.23%  99.1  860s
 17556  6610 176038.764   47   85 175996.961 176395.589  0.23%  99.1  865s
 17706  6650 176126.130   37   93 175996.961 176394.335  0.23%  99.0  870s
 17841  6677 176217.115   40  105 175996.961 176393.182  0.23%  99.0  875s
 17974  6717 176229.498   44   94 175996.961 176392.201  0.22%  99.0  880s
 18118  6763 176131.760   42   97 175996.961 176390.669  0.22%  98.9  885s
 18275  6805 176171.525   44   95 175996.961 176389.724  0.22%  98.8  890s
 18410  6840 176068.824   42   86 175996.961 176388.444  0.22%  98.8  895s
 18563  6887 176134.379   44  105 175996.961 176387.550  0.22%  98.7  900s
 18697  6905 176275.923   37  104 175996.961 176386.897  0.22%  98.8  905s
 18847  6946 176014.666   46   93 175996.961 176385.309  0.22%  98.7  910s
 19014  6993     cutoff   44      175996.961 176384.634  0.22%  98.6  915s
 19136  7033 176279.267   41  111 175996.961 176383.662  0.22%  98.5  920s
 19270  7060 176098.367   42  100 175996.961 176383.092  0.22%  98.6  925s
 19409  7090 176228.378   41   98 175996.961 176380.832  0.22%  98.5  930s
 19450  7109 176093.781   47   90 175996.961 176380.815  0.22%  98.5  935s
 19454  7113 176013.275   49   90 175996.961 176380.815  0.22%  98.5  945s
 19560  7137 176215.576   40   92 175996.961 176379.909  0.22%  98.5  950s
 19721  7179 176232.850   39  105 175996.961 176378.802  0.22%  98.4  955s
 19851  7196 176309.650   38  106 175996.961 176378.075  0.22%  98.4  960s
 20003  7260 176171.371   45   89 175996.961 176376.918  0.22%  98.4  965s
 20149  7306     cutoff   45      175996.961 176376.020  0.22%  98.3  970s
 20279  7340     cutoff   52      175996.961 176375.090  0.21%  98.4  975s
 20426  7400 176026.619   47   95 175996.961 176373.348  0.21%  98.3  980s
 20568  7433 176055.673   45   91 175996.961 176372.840  0.21%  98.3  985s
 20713  7474 176141.583   39  107 175996.961 176371.899  0.21%  98.2  990s
 20858  7514 176106.148   44   96 175996.961 176371.221  0.21%  98.1  995s
 20993  7554 176036.190   48   82 175996.961 176369.925  0.21%  98.1 1000s
 21143  7598     cutoff   42      175996.961 176368.228  0.21%  98.1 1005s
 21297  7633 176092.510   41  105 175996.961 176367.319  0.21%  98.0 1010s
 21432  7664 176134.193   47   96 175996.961 176366.015  0.21%  98.0 1015s
 21580  7710 176021.769   44   95 175996.961 176365.537  0.21%  97.9 1020s
 21728  7748 176266.090   42   89 175996.961 176364.094  0.21%  97.9 1025s
 21850  7773 176266.604   41  102 175996.961 176363.329  0.21%  98.0 1030s
 21990  7800     cutoff   50      175996.961 176362.652  0.21%  97.9 1035s
 22138  7852 176012.396   50   74 175996.961 176361.439  0.21%  97.9 1040s
 22308  7910 176274.040   42   97 175996.961 176360.582  0.21%  97.8 1045s
 22431  7936     cutoff   42      175996.961 176360.179  0.21%  97.8 1050s
 22588  7990 176001.406   51   69 175996.961 176359.294  0.21%  97.8 1055s
 22697  8007 176033.770   41  104 175996.961 176358.331  0.21%  97.9 1060s
 22845  8054 176158.298   42  104 175996.961 176357.745  0.20%  97.8 1065s
 22971  8077 176109.052   42   95 175996.961 176357.192  0.20%  97.8 1070s
 23107  8115 176216.397   40  109 175996.961 176356.165  0.20%  97.7 1075s
 23233  8148 176182.086   42   94 175996.961 176355.578  0.20%  97.8 1080s
 23388  8193 176145.084   44   98 175996.961 176354.480  0.20%  97.7 1085s
 23528  8223 176259.515   42  103 175996.961 176352.572  0.20%  97.7 1090s
 23673  8245     cutoff   45      175996.961 176351.415  0.20%  97.7 1095s
 23829  8282 176206.148   37  118 175996.961 176350.907  0.20%  97.6 1100s
 23967  8328 176100.039   43  100 175996.961 176350.366  0.20%  97.6 1105s
 24113  8364 176206.465   42  106 175996.961 176349.791  0.20%  97.5 1110s
 24246  8390 176264.242   38   95 175996.961 176348.781  0.20%  97.5 1115s
 24406  8422 176265.016   40  110 175996.961 176348.095  0.20%  97.5 1120s
 24542  8448 176138.720   42  104 175996.961 176347.020  0.20%  97.4 1125s
 24683  8493 176172.268   40   95 175996.961 176346.070  0.20%  97.4 1130s
 24842  8531 176094.531   48   81 175996.961 176345.078  0.20%  97.4 1135s
 24995  8559 176265.740   39  100 175996.961 176343.823  0.20%  97.3 1140s
 25155  8605 176146.701   39   97 175996.961 176343.063  0.20%  97.2 1145s
 25310  8657 176205.757   47   93 175996.961 176342.262  0.20%  97.1 1150s
 25428  8679 176307.620   40   99 175996.961 176341.524  0.20%  97.2 1155s
 25574  8718 176015.860   42   89 175996.961 176340.802  0.20%  97.2 1160s
 25709  8740     cutoff   47      175996.961 176340.127  0.19%  97.2 1165s
 25828  8769 176014.711   43   92 175996.961 176339.437  0.19%  97.2 1170s
 25986  8807 176040.096   40   99 175996.961 176338.621  0.19%  97.2 1175s
 26127  8839 176176.610   44  101 175996.961 176337.534  0.19%  97.1 1180s
 26274  8875 176231.253   40  108 175996.961 176337.033  0.19%  97.1 1185s
 26415  8906 176267.291   38  100 175996.961 176336.267  0.19%  97.1 1190s
 26573  8938 176216.854   41  100 175996.961 176335.539  0.19%  97.0 1195s
 26728  8982 176139.926   41   97 175996.961 176335.166  0.19%  96.9 1200s
 26842  9007 176184.961   43   91 175996.961 176334.337  0.19%  97.0 1205s
 26977  9041 176091.894   42  112 175996.961 176333.609  0.19%  97.0 1210s
 27114  9080 176011.047   43   83 175996.961 176333.296  0.19%  97.0 1215s
 27284  9127 176261.477   41  107 175996.961 176332.571  0.19%  96.9 1220s
 27455  9184 176008.896   44   84 175996.961 176331.945  0.19%  96.8 1225s
 27589  9213 176029.500   51   91 175996.961 176331.524  0.19%  96.8 1230s
 27727  9230 176104.900   43   90 175996.961 176330.850  0.19%  96.8 1235s
 27859  9250 176216.864   43   94 175996.961 176329.009  0.19%  96.8 1240s
 28018  9283 176217.269   40  108 175996.961 176327.981  0.19%  96.7 1245s
 28134  9310 176276.747   41  115 175996.961 176327.403  0.19%  96.8 1250s
 28267  9330 176087.422   41   93 175996.961 176326.871  0.19%  96.7 1255s
 28408  9358 176113.700   48   81 175996.961 176325.999  0.19%  96.8 1260s
 28568  9391 176001.789   45   89 175996.961 176324.957  0.19%  96.7 1265s
 28711  9404 176026.708   43   98 175996.961 176324.110  0.19%  96.7 1270s
 28842  9427     cutoff   45      175996.961 176323.489  0.19%  96.7 1275s
 28974  9444 176111.192   42   99 175996.961 176322.791  0.19%  96.8 1280s
 29100  9485 176034.839   47   84 175996.961 176322.403  0.18%  96.8 1285s
 29220  9507 176008.592   41  100 175996.961 176321.629  0.18%  96.8 1290s
 29360  9526 176188.111   42   96 175996.961 176320.912  0.18%  96.8 1295s
 29531  9562 176202.958   43  105 175996.961 176320.396  0.18%  96.7 1300s
 29660  9592 176194.812   40  111 175996.961 176319.448  0.18%  96.7 1305s
 29810  9635 176054.555   49   81 175996.961 176319.131  0.18%  96.7 1310s
 29993  9680 176229.378   38  113 175996.961 176318.544  0.18%  96.5 1315s
 30133  9718 176129.343   43   98 175996.961 176318.140  0.18%  96.5 1320s
 30304  9756 176179.252   41  107 175996.961 176317.534  0.18%  96.5 1325s
 30457  9794 176157.357   44   98 175996.961 176316.744  0.18%  96.4 1330s
 30617  9840 176097.182   45   96 175996.961 176316.134  0.18%  96.3 1335s
 30771  9866 176022.949   47   98 175996.961 176315.350  0.18%  96.3 1340s
 30932  9895 176262.308   41   98 175996.961 176314.568  0.18%  96.2 1345s
 31100  9931 176220.457   42   99 175996.961 176313.912  0.18%  96.2 1350s
 31270  9969 176057.645   43   87 175996.961 176313.387  0.18%  96.1 1355s
 31412  9995 176139.991   45  101 175996.961 176312.022  0.18%  96.1 1360s
 31566 10020     cutoff   48      175996.961 176311.436  0.18%  96.0 1365s
 31727 10068 176091.415   45   84 175996.961 176310.678  0.18%  95.9 1370s
 31872 10093 176075.328   45  103 175996.961 176310.096  0.18%  95.9 1375s
 32040 10125 176183.961   43  104 175996.961 176309.501  0.18%  95.8 1380s
 32183 10159     cutoff   44      175996.961 176309.115  0.18%  95.8 1385s
 32335 10195 176007.126   46   87 175996.961 176308.564  0.18%  95.8 1390s
 32468 10216 176142.969   43   98 175996.961 176308.246  0.18%  95.8 1395s
 32617 10257 176023.138   45   83 175996.961 176307.676  0.18%  95.7 1400s
 32786 10283 176001.373   47   97 175996.961 176307.136  0.18%  95.7 1405s
 32917 10313 176141.440   43   91 175996.961 176306.728  0.18%  95.6 1410s
 33066 10330 176133.047   43  102 175996.961 176306.117  0.18%  95.6 1415s
 33192 10350 176184.847   43   91 175996.961 176305.431  0.18%  95.6 1420s
 33354 10383 176109.988   43   96 175996.961 176304.954  0.17%  95.6 1425s
 33497 10398 176099.743   38   97 175996.961 176304.223  0.17%  95.5 1430s
 33659 10425 176209.909   40  114 175996.961 176303.419  0.17%  95.5 1435s
 33816 10451 176262.811   44   93 175996.961 176302.797  0.17%  95.4 1440s
 33968 10478 176189.886   41  105 175996.961 176302.254  0.17%  95.4 1445s
 34123 10507 176220.407   43  100 175996.961 176301.306  0.17%  95.3 1450s
 34289 10552 176166.684   41  111 175996.961 176300.748  0.17%  95.3 1455s
 34424 10580 176036.973   47   99 175996.961 176300.242  0.17%  95.3 1460s
 34585 10608 176224.338   42   95 175996.961 176299.646  0.17%  95.2 1465s
 34732 10640 176186.376   42   98 175996.961 176298.892  0.17%  95.2 1470s
 34893 10665 176031.664   42  109 175996.961 176298.389  0.17%  95.1 1475s
 35020 10682 176131.192   43  100 175996.961 176297.927  0.17%  95.2 1480s
 35185 10717 176178.867   40   97 175996.961 176297.366  0.17%  95.1 1485s
 35319 10740     cutoff   47      175996.961 176296.909  0.17%  95.1 1490s
 35474 10774 176075.037   45   98 175996.961 176296.514  0.17%  95.1 1495s
 35626 10799 176057.015   44  102 175996.961 176295.919  0.17%  95.0 1500s
 35766 10820 176127.368   42   96 175996.961 176295.638  0.17%  95.0 1505s
 35910 10843 176081.111   42   93 175996.961 176295.284  0.17%  95.0 1510s
 36045 10866 176030.751   46   86 175996.961 176294.151  0.17%  95.0 1515s
 36170 10887 176050.185   43   96 175996.961 176293.535  0.17%  95.0 1520s
 36348 10922 176213.832   41  110 175996.961 176293.172  0.17%  95.0 1525s
 36481 10944 176100.961   42  109 175996.961 176292.692  0.17%  94.9 1530s
 36639 10976     cutoff   52      175996.961 176292.306  0.17%  94.9 1535s
 36790 11000 176063.628   42  103 175996.961 176291.930  0.17%  94.9 1540s
 36950 11019 176138.098   45   95 175996.961 176291.438  0.17%  94.8 1545s
 37100 11042 176003.240   42  100 175996.961 176290.709  0.17%  94.8 1550s
 37259 11070 176096.321   40  101 175996.961 176290.296  0.17%  94.8 1555s
 37400 11090 176025.501   48   76 175996.961 176289.832  0.17%  94.8 1560s
 37457 11095 176070.667   39   95 175996.961 176289.579  0.17%  94.8 1565s
 37609 11111 176184.396   42  101 175996.961 176289.141  0.17%  94.8 1570s
 37756 11129 176034.314   44   89 175996.961 176288.621  0.17%  94.8 1575s
 37906 11155 176147.201   43   92 175996.961 176287.901  0.17%  94.7 1580s
 38072 11175 176150.562   41   97 175996.961 176287.094  0.16%  94.7 1585s
 38223 11193 176038.728   42   97 175996.961 176286.143  0.16%  94.6 1590s
 38379 11209 176191.809   40   96 175996.961 176285.418  0.16%  94.6 1595s
 38545 11249 176110.216   42   91 175996.961 176284.233  0.16%  94.6 1600s
 38694 11267     cutoff   40      175996.961 176283.722  0.16%  94.6 1605s
 38862 11300 176152.161   47   98 175996.961 176283.123  0.16%  94.5 1610s
 39026 11324 176113.765   45   95 175996.961 176282.751  0.16%  94.4 1615s
 39163 11349 176164.966   42  108 175996.961 176282.451  0.16%  94.4 1620s
 39304 11359 176190.975   44   96 175996.961 176281.987  0.16%  94.4 1625s
 39439 11383 176169.443   43   97 175996.961 176281.465  0.16%  94.5 1630s
 39593 11410     cutoff   44      175996.961 176281.070  0.16%  94.4 1635s
 39749 11445 176196.758   42   95 175996.961 176280.445  0.16%  94.4 1640s
 39897 11470 176054.475   45   97 175996.961 176280.063  0.16%  94.4 1645s
 40054 11490 176059.211   45   92 175996.961 176279.861  0.16%  94.3 1650s
 40205 11515 176118.950   42   88 175996.961 176279.466  0.16%  94.3 1655s
 40367 11544 176039.669   41  107 175996.961 176279.057  0.16%  94.3 1660s
 40530 11572     cutoff   43      175996.961 176278.690  0.16%  94.2 1665s
 40658 11588 176106.685   47   86 175996.961 176278.139  0.16%  94.2 1670s
 40812 11614 176215.487   42   98 175996.961 176277.861  0.16%  94.2 1675s
 40958 11650 176119.012   45   93 175996.961 176277.258  0.16%  94.2 1680s
 41122 11674     cutoff   44      175996.961 176276.717  0.16%  94.1 1685s
 41290 11711 176101.443   43   81 175996.961 176276.105  0.16%  94.1 1690s
 41436 11737 176138.888   40  107 175996.961 176275.725  0.16%  94.0 1695s
 41591 11765 176088.109   44   94 175996.961 176275.307  0.16%  94.0 1700s
 41747 11799 176051.491   50   93 175996.961 176274.989  0.16%  94.0 1705s
 41889 11823 176045.021   41   94 175996.961 176274.471  0.16%  94.0 1710s
 42029 11848 176025.919   46  100 175996.961 176274.147  0.16%  94.0 1715s
 42213 11855     cutoff   46      175996.961 176273.838  0.16%  93.9 1720s
 42360 11866     cutoff   44      175996.961 176273.423  0.16%  93.9 1725s
 42513 11879 176185.095   41  116 175996.961 176273.016  0.16%  93.8 1730s
 42655 11894     cutoff   50      175996.961 176272.401  0.16%  93.8 1735s
 42816 11919 176125.962   42   86 175996.961 176272.107  0.16%  93.8 1740s
 42955 11934     cutoff   45      175996.961 176271.733  0.16%  93.8 1745s
 43111 11962 176027.290   44  104 175996.961 176271.398  0.16%  93.8 1750s
 43256 11980 176190.254   44   98 175996.961 176270.925  0.16%  93.8 1755s
 43396 12016 176050.317   40   93 175996.961 176270.486  0.16%  93.7 1761s
 43529 12044 176130.333   42  100 175996.961 176270.064  0.16%  93.7 1765s
 43690 12082 176058.190   46   81 175996.961 176269.613  0.15%  93.6 1770s
 43839 12108 176106.071   46   96 175996.961 176269.276  0.15%  93.6 1775s
 44006 12127 176020.568   47   95 175996.961 176268.665  0.15%  93.6 1780s
 44176 12156     cutoff   44      175996.961 176268.251  0.15%  93.5 1785s
 44334 12176     cutoff   49      175996.961 176267.859  0.15%  93.5 1790s
 44511 12202 176088.805   44   89 175996.961 176267.483  0.15%  93.5 1795s
 44669 12223     cutoff   47      175996.961 176266.995  0.15%  93.4 1800s
 44828 12234 176216.299   39  100 175996.961 176266.612  0.15%  93.4 1805s
 44997 12265 176149.433   45   84 175996.961 176266.001  0.15%  93.4 1810s
 45165 12302 176004.208   49   62 175996.961 176265.624  0.15%  93.3 1815s
 45313 12311 175999.276   48   82 175996.961 176265.122  0.15%  93.3 1820s
 45468 12331 176041.771   43  104 175996.961 176264.695  0.15%  93.3 1825s
 45630 12353 176134.063   42  108 175996.961 176264.226  0.15%  93.2 1830s
 45755 12367 176048.165   45   99 175996.961 176263.686  0.15%  93.2 1835s
 45924 12385 176139.322   44   95 175996.961 176263.409  0.15%  93.2 1840s
 46075 12415 176012.920   48   90 175996.961 176263.070  0.15%  93.2 1845s
 46147 12419 176115.917   44   90 175996.961 176263.012  0.15%  93.1 1850s
 46312 12444 176160.191   41  106 175996.961 176262.596  0.15%  93.1 1855s
 46467 12465 176040.460   46   89 175996.961 176262.201  0.15%  93.1 1860s
 46641 12507 176001.592   47   90 175996.961 176261.844  0.15%  93.0 1865s
 46797 12523 176129.984   42   96 175996.961 176261.431  0.15%  93.0 1870s
 46970 12563 176010.086   44   84 175996.961 176260.924  0.15%  92.9 1875s
 47036 12569 176082.571   44  103 175996.961 176260.793  0.15%  92.9 1881s
 47135 12580 176180.844   39  105 175996.961 176260.397  0.15%  92.9 1885s
 47293 12605 176188.131   40   99 175996.961 176260.210  0.15%  92.9 1890s
 47449 12641 176030.176   48   83 175996.961 176259.864  0.15%  92.9 1895s
 47619 12655 176131.021   42  102 175996.961 176259.337  0.15%  92.8 1900s
 47767 12675 176059.362   46   85 175996.961 176259.009  0.15%  92.8 1905s
 47924 12696 176212.090   42  100 175996.961 176258.453  0.15%  92.8 1910s
 48110 12718 176039.636   48   85 175996.961 176258.117  0.15%  92.7 1915s
 48260 12737 176185.007   43  100 175996.961 176257.852  0.15%  92.7 1920s
 48450 12772 176149.318   37   89 175996.961 176257.334  0.15%  92.6 1925s
 48604 12788 176102.768   40  102 175996.961 176256.929  0.15%  92.6 1930s
 48758 12808 176104.188   41   92 175996.961 176256.561  0.15%  92.6 1935s
 48903 12822 176181.693   41  102 175996.961 176256.017  0.15%  92.6 1940s
 49045 12836 176206.573   42   99 175996.961 176255.503  0.15%  92.6 1945s
 49203 12873 176087.765   42   88 175996.961 176255.077  0.15%  92.6 1950s
 49374 12905 176041.476   45  110 175996.961 176254.591  0.15%  92.5 1955s
 49536 12923 176004.974   51   89 175996.961 176254.129  0.15%  92.5 1960s
 49718 12930 176171.997   40   92 175996.961 176253.511  0.15%  92.5 1965s
 49879 12940 176169.017   40   99 175996.961 176253.132  0.15%  92.4 1970s
 50036 12952 176074.551   44   75 175996.961 176252.770  0.15%  92.4 1975s
 50189 12970 176160.652   40  111 175996.961 176252.463  0.15%  92.4 1980s
 50341 12980 176055.821   46   83 175996.961 176252.054  0.14%  92.4 1985s
 50518 12989     cutoff   49      175996.961 176251.473  0.14%  92.4 1990s
 50669 13006 176055.260   45   91 175996.961 176251.056  0.14%  92.4 1995s
 50818 13021 176110.580   45   91 175996.961 176250.305  0.14%  92.4 2000s
 50974 13039 176053.205   44   83 175996.961 176249.940  0.14%  92.3 2005s
 51103 13061 176039.261   48   83 175996.961 176249.606  0.14%  92.3 2011s
 51207 13061 176130.581   43   87 175996.961 176249.208  0.14%  92.3 2015s
 51358 13070 176055.088   42  102 175996.961 176248.841  0.14%  92.3 2020s
 51496 13080 176139.211   46   88 175996.961 176248.598  0.14%  92.3 2025s
 51645 13089 176015.665   46   99 175996.961 176248.332  0.14%  92.3 2030s
 51805 13102 176099.701   44   89 175996.961 176247.889  0.14%  92.3 2035s
 51967 13125 176070.058   42   92 175996.961 176247.625  0.14%  92.2 2040s
 52136 13153 176029.102   49   76 175996.961 176247.272  0.14%  92.2 2045s
 52296 13169 176089.156   43  105 175996.961 176246.903  0.14%  92.2 2050s
 52453 13183 176003.850   48   84 175996.961 176246.469  0.14%  92.2 2055s
 52611 13192 176125.915   44   87 175996.961 176246.024  0.14%  92.1 2060s
 52769 13203 176069.962   45   92 175996.961 176245.561  0.14%  92.1 2065s
 52915 13209     cutoff   46      175996.961 176245.132  0.14%  92.1 2070s
 53075 13226 176145.233   42  102 175996.961 176244.618  0.14%  92.1 2075s
 53235 13240 176122.611   43   98 175996.961 176244.063  0.14%  92.1 2080s
 53385 13252 176048.772   48  100 175996.961 176243.660  0.14%  92.0 2085s
 53545 13269 176019.260   46  104 175996.961 176243.169  0.14%  92.0 2090s
 53710 13278 176006.387   43   92 175996.961 176242.754  0.14%  92.0 2095s
 53866 13288 176129.676   41  113 175996.961 176242.313  0.14%  92.0 2100s
 53994 13302 176153.251   43   89 175996.961 176241.717  0.14%  92.0 2105s
 54147 13313 176032.569   42   96 175996.961 176241.319  0.14%  92.0 2110s
 54308 13321     cutoff   47      175996.961 176240.935  0.14%  92.0 2115s
 54461 13332 176098.027   44   97 175996.961 176240.179  0.14%  92.0 2120s
 54618 13342 176053.753   44   92 175996.961 176239.740  0.14%  92.0 2125s
 54772 13354 176012.039   42   99 175996.961 176239.364  0.14%  91.9 2130s
 54945 13360 176114.501   39  112 175996.961 176238.899  0.14%  91.9 2135s
 55105 13357 176037.370   45   96 175996.961 176238.543  0.14%  91.9 2140s
 55209 13365 176054.296   43   98 175996.961 176238.232  0.14%  91.9 2146s
 55331 13383 176044.313   45   91 175996.961 176238.077  0.14%  91.9 2150s
 55502 13388 176043.642   41  105 175996.961 176237.713  0.14%  91.8 2155s
 55642 13397 176139.472   44   92 175996.961 176237.497  0.14%  91.9 2160s
 55808 13407 176013.024   48   93 175996.961 176237.113  0.14%  91.8 2165s
 55981 13421     cutoff   41      175996.961 176236.800  0.14%  91.8 2170s
 56135 13440 176021.417   44  104 175996.961 176236.365  0.14%  91.8 2175s
 56316 13463 176151.025   40  106 175996.961 176236.048  0.14%  91.7 2180s
 56473 13477 176202.872   41   88 175996.961 176235.576  0.14%  91.7 2185s
 56636 13497 176057.655   45   94 175996.961 176235.091  0.14%  91.7 2190s
 56826 13510 176110.076   45   93 175996.961 176234.569  0.14%  91.7 2195s
 56993 13512 176032.787   45   91 175996.961 176234.329  0.13%  91.6 2200s
 57144 13519 176148.286   45  102 175996.961 176233.923  0.13%  91.6 2205s
 57307 13532 176118.473   42   92 175996.961 176233.416  0.13%  91.6 2210s
 57470 13549 176084.972   43   99 175996.961 176233.055  0.13%  91.6 2215s
 57632 13551 176144.796   46   88 175996.961 176232.826  0.13%  91.6 2220s
 57806 13579 176104.408   47   86 175996.961 176232.535  0.13%  91.5 2225s
 57968 13587 176089.315   38   98 175996.961 176232.089  0.13%  91.5 2230s
 58113 13602 176005.529   46   78 175996.961 176231.671  0.13%  91.5 2235s
 58275 13594 176101.127   47   87 175996.961 176231.132  0.13%  91.5 2240s
 58443 13601 176031.581   44   96 175996.961 176230.698  0.13%  91.5 2245s
 58592 13603 176021.736   46   92 175996.961 176230.299  0.13%  91.5 2250s
 58777 13616 176103.969   44   94 175996.961 176229.875  0.13%  91.4 2255s
 58941 13632 176105.622   44   99 175996.961 176229.686  0.13%  91.4 2260s
 59090 13637 176044.610   41   92 175996.961 176229.325  0.13%  91.4 2265s
 59233 13637 176044.846   43   95 175996.961 176229.025  0.13%  91.4 2270s
 59403 13644 176058.216   44   88 175996.961 176228.486  0.13%  91.4 2275s
 59542 13651 176137.611   39   95 175996.961 176228.255  0.13%  91.4 2280s
 59645 13661     cutoff   45      175996.961 176228.125  0.13%  91.4 2285s
 59808 13667 176050.951   45   94 175996.961 176227.912  0.13%  91.4 2290s
 59968 13682 176097.496   44   97 175996.961 176227.621  0.13%  91.3 2295s
 60113 13683     cutoff   47      175996.961 176227.317  0.13%  91.3 2300s
 60272 13703 176131.803   42   91 175996.961 176227.006  0.13%  91.3 2305s
 60373 13718 176094.000   45   93 175996.961 176226.778  0.13%  91.3 2322s
 60453 13724 176075.051   45   79 175996.961 176226.555  0.13%  91.3 2325s
 60632 13735 176001.150   47   81 175996.961 176225.875  0.13%  91.2 2330s
 60796 13747 176005.888   44  106 175996.961 176225.363  0.13%  91.2 2335s
 60973 13766 176069.579   42  101 175996.961 176225.039  0.13%  91.2 2340s
 61118 13774 176001.941   43  114 175996.961 176224.635  0.13%  91.2 2345s
 61287 13786     cutoff   44      175996.961 176224.037  0.13%  91.1 2350s
 61442 13800     cutoff   46      175996.961 176223.758  0.13%  91.1 2355s
 61603 13799     cutoff   46      175996.961 176223.282  0.13%  91.1 2360s
 61692 13811 176045.515   47   91 175996.961 176223.139  0.13%  91.1 2369s
 61714 13811 176096.032   41   94 175996.961 176223.104  0.13%  91.1 2370s
 61843 13820 176132.434   45   93 175996.961 176222.834  0.13%  91.1 2375s
 62003 13834     cutoff   49      175996.961 176222.372  0.13%  91.0 2380s
 62174 13855 176126.461   42   92 175996.961 176221.934  0.13%  91.0 2385s
 62339 13856 176024.373   44   88 175996.961 176221.693  0.13%  91.0 2390s
 62504 13855 176088.620   46   95 175996.961 176221.386  0.13%  91.0 2395s
 62671 13869     cutoff   43      175996.961 176220.970  0.13%  90.9 2400s
 62828 13875 176129.802   41  104 175996.961 176220.628  0.13%  90.9 2405s
 62971 13880 176000.304   46   94 175996.961 176220.343  0.13%  90.9 2410s
 63136 13883 176077.502   44   95 175996.961 176220.022  0.13%  90.9 2415s
 63299 13893 176066.333   44  102 175996.961 176219.521  0.13%  90.9 2420s
 63451 13892 176040.029   42   97 175996.961 176219.128  0.13%  90.9 2425s
 63624 13899 176118.782   44  100 175996.961 176218.748  0.13%  90.8 2430s
 63779 13904 176003.168   48   83 175996.961 176218.397  0.13%  90.8 2435s
 63935 13915     cutoff   40      175996.961 176218.039  0.13%  90.8 2440s
 64098 13924 176034.092   43   92 175996.961 176217.782  0.13%  90.8 2449s
 64123 13924 176005.335   47   83 175996.961 176217.707  0.13%  90.8 2450s
 64261 13914 176042.988   43   97 175996.961 176217.512  0.13%  90.8 2455s
 64413 13910 176112.583   41   89 175996.961 176217.092  0.13%  90.8 2460s
 64590 13917 176073.960   44   89 175996.961 176216.788  0.12%  90.7 2465s
 64757 13925 176116.341   42   90 175996.961 176216.431  0.12%  90.7 2470s
 64902 13931 176002.925   50   80 175996.961 176216.207  0.12%  90.7 2475s
 65071 13928 176151.817   43   93 175996.961 176215.824  0.12%  90.7 2480s
 65261 13937 176017.755   47   82 175996.961 176215.535  0.12%  90.6 2485s
 65419 13953 176082.658   46   87 175996.961 176215.309  0.12%  90.6 2490s
 65603 13973     cutoff   47      175996.961 176215.027  0.12%  90.6 2495s
 65757 13970 176102.427   41   90 175996.961 176214.661  0.12%  90.6 2500s
 65905 13975 176041.700   46   77 175996.961 176214.265  0.12%  90.6 2505s
 66070 13966 176047.027   49   89 175996.961 176213.766  0.12%  90.5 2510s
 66232 13962 176065.782   42   96 175996.961 176213.419  0.12%  90.5 2515s
 66400 13971 176088.124   41  101 175996.961 176212.940  0.12%  90.5 2520s
 66570 13978 176133.698   38  102 175996.961 176212.640  0.12%  90.5 2525s
 66729 13983 176050.336   45   95 175996.961 176212.154  0.12%  90.4 2530s
 66882 13978 176020.070   42   90 175996.961 176211.825  0.12%  90.4 2535s
 67055 13978 176172.718   45   93 175996.961 176211.416  0.12%  90.4 2540s
 67203 13986     cutoff   47      175996.961 176211.049  0.12%  90.4 2545s
 67377 13984 176131.567   41   95 175996.961 176210.516  0.12%  90.4 2550s
 67536 13981 176113.328   43   96 175996.961 176210.208  0.12%  90.4 2555s
 67697 13984     cutoff   47      175996.961 176209.919  0.12%  90.3 2560s
 67843 13984 176060.499   42  107 175996.961 176209.572  0.12%  90.3 2565s
 67999 13981 176128.960   41   94 175996.961 176209.218  0.12%  90.3 2570s
 68139 13991 176031.728   44   97 175996.961 176208.867  0.12%  90.3 2575s
 68295 13982 176052.169   42  100 175996.961 176208.496  0.12%  90.3 2580s
 68451 13977 176076.890   47   83 175996.961 176208.225  0.12%  90.3 2585s
 68631 13985 176087.636   43   93 175996.961 176208.024  0.12%  90.3 2590s
 68790 13984 176069.094   49   80 175996.961 176207.780  0.12%  90.2 2595s
 68946 13990 176026.890   43   94 175996.961 176207.394  0.12%  90.2 2600s
 69116 13991 176070.513   43   91 175996.961 176207.089  0.12%  90.2 2605s
 69258 13983 176027.087   43   90 175996.961 176206.780  0.12%  90.2 2610s
 69413 13979 176019.760   47   84 175996.961 176206.417  0.12%  90.2 2615s
 69543 13982 176043.560   45   89 175996.961 176206.163  0.12%  90.2 2620s
 69693 13976 176063.919   44  103 175996.961 176205.879  0.12%  90.2 2625s
 69846 13973     cutoff   49      175996.961 176205.542  0.12%  90.2 2630s
 69986 13963 176040.439   45   84 175996.961 176205.071  0.12%  90.2 2635s
 70140 13951 176162.792   44   96 175996.961 176204.701  0.12%  90.2 2640s
 70299 13962 176078.822   44   94 175996.961 176204.550  0.12%  90.2 2645s
 70457 13963     cutoff   45      175996.961 176204.261  0.12%  90.2 2650s
 70611 13969 176070.980   45   90 175996.961 176203.940  0.12%  90.1 2655s
 70777 13979 176024.259   47   78 175996.961 176203.670  0.12%  90.1 2660s
 70966 13975 176094.686   43  111 175996.961 176203.377  0.12%  90.1 2665s
 71135 13970 176130.412   40   99 175996.961 176202.984  0.12%  90.1 2670s
 71301 13977 176040.240   46   88 175996.961 176202.695  0.12%  90.0 2675s
 71482 13980 176079.379   41  103 175996.961 176202.291  0.12%  90.0 2680s
 71637 13983 176036.992   41   99 175996.961 176201.903  0.12%  90.0 2685s
 71808 13992 176076.348   47   99 175996.961 176201.662  0.12%  89.9 2690s
 71978 13998 176097.639   43  101 175996.961 176201.277  0.12%  89.9 2695s
 72132 14005     cutoff   50      175996.961 176200.974  0.12%  89.9 2700s
 72314 14015 176000.964   45   78 175996.961 176200.748  0.12%  89.9 2705s
 72475 14013 176109.768   42   95 175996.961 176200.295  0.12%  89.8 2710s
 72640 14009 176136.768   43   93 175996.961 176200.003  0.12%  89.8 2715s
 72798 14004 176078.342   43   90 175996.961 176199.759  0.12%  89.8 2720s
 72978 14011     cutoff   44      175996.961 176199.444  0.12%  89.8 2725s
 73124 14008 176033.536   40  109 175996.961 176199.024  0.11%  89.8 2730s
 73288 14017 176063.190   46   90 175996.961 176198.809  0.11%  89.8 2735s
 73455 14015 176043.075   50   98 175996.961 176198.509  0.11%  89.7 2740s
 73613 14022     cutoff   47      175996.961 176198.148  0.11%  89.7 2745s
 73781 14022 176100.650   44   98 175996.961 176197.871  0.11%  89.7 2750s
 73960 14036 176052.751   43   92 175996.961 176197.538  0.11%  89.7 2755s
 74126 14038 176131.021   45   88 175996.961 176196.989  0.11%  89.7 2760s
 74212 14042 176108.850   42  101 175996.961 176196.801  0.11%  89.6 2765s
 74371 14037 176132.274   40  107 175996.961 176196.389  0.11%  89.6 2770s
 74542 14034     cutoff   45      175996.961 176196.033  0.11%  89.6 2775s
 74710 14034 176038.991   45  103 175996.961 176195.658  0.11%  89.6 2780s
 74879 14036 176008.850   47   79 175996.961 176195.327  0.11%  89.6 2785s
 75054 14037 176129.772   40  105 175996.961 176194.917  0.11%  89.5 2790s
 75211 14036 176141.086   42  100 175996.961 176194.557  0.11%  89.5 2795s
 75378 14042 176001.019   42   96 175996.961 176194.053  0.11%  89.5 2800s
 75553 14041 176064.910   42   98 175996.961 176193.784  0.11%  89.5 2805s
 75709 14032 176183.482   44   89 175996.961 176193.385  0.11%  89.5 2810s
 75844 14024 176064.419   41   92 175996.961 176193.065  0.11%  89.5 2815s
 75997 14017     cutoff   46      175996.961 176192.770  0.11%  89.4 2820s
 76170 14013     cutoff   42      175996.961 176192.484  0.11%  89.4 2825s
 76343 14016 176092.224   41   98 175996.961 176191.961  0.11%  89.4 2830s
 76489 14012 176001.259   41   91 175996.961 176191.535  0.11%  89.4 2835s
 76633 14007 176018.575   47   72 175996.961 176191.144  0.11%  89.4 2840s
 76793 13992 176054.824   44   99 175996.961 176190.638  0.11%  89.4 2845s
 76944 13985     cutoff   46      175996.961 176190.280  0.11%  89.4 2850s
 77106 13977     cutoff   46      175996.961 176190.045  0.11%  89.4 2855s
 77266 13974 176120.151   42   97 175996.961 176189.702  0.11%  89.4 2860s
 77404 13957     cutoff   42      175996.961 176189.315  0.11%  89.4 2865s
 77572 13957 176077.910   42   95 175996.961 176188.905  0.11%  89.4 2870s
 77678 13954 176061.416   47   97 175996.961 176188.782  0.11%  89.4 2875s
 77819 13957     cutoff   44      175996.961 176188.502  0.11%  89.4 2880s
 77968 13947 176089.249   42   95 175996.961 176188.138  0.11%  89.4 2885s
 78111 13935 176056.165   48   99 175996.961 176187.815  0.11%  89.4 2890s
 78273 13927 176035.571   44  102 175996.961 176187.515  0.11%  89.4 2895s
 78438 13917 176085.625   45   93 175996.961 176187.262  0.11%  89.4 2900s
 78597 13914 176057.977   46   97 175996.961 176186.956  0.11%  89.4 2905s
 78738 13909 176078.172   42   82 175996.961 176186.533  0.11%  89.4 2910s
 78900 13892 176046.150   42   98 175996.961 176186.335  0.11%  89.4 2915s
 79037 13877 176014.748   47   97 175996.961 176185.924  0.11%  89.4 2920s
 79171 13872 176087.229   42  102 175996.961 176185.579  0.11%  89.4 2925s
 79312 13854 176009.346   43   92 175996.961 176185.116  0.11%  89.5 2930s
 79466 13831 176132.340   41   87 175996.961 176184.753  0.11%  89.5 2935s
 79620 13824 176051.297   45   98 175996.961 176184.434  0.11%  89.5 2940s
 79765 13810 176043.360   42  102 175996.961 176184.120  0.11%  89.5 2945s
 79915 13799 176154.264   41  101 175996.961 176183.750  0.11%  89.5 2950s
 80055 13792     cutoff   43      175996.961 176183.495  0.11%  89.5 2955s
 80226 13784 176040.795   43   87 175996.961 176183.245  0.11%  89.5 2960s
 80376 13768 176036.800   45   89 175996.961 176182.927  0.11%  89.5 2965s
 80451 13771 176053.593   42   92 175996.961 176182.836  0.11%  89.5 2970s
 80607 13755 176073.496   45   90 175996.961 176182.515  0.11%  89.5 2975s
 80771 13751 176030.657   46   88 175996.961 176182.257  0.11%  89.5 2980s
 80912 13737 176031.902   45   94 175996.961 176181.868  0.11%  89.5 2985s
 81075 13734 176016.361   42   96 175996.961 176181.568  0.10%  89.5 2990s
 81191 13708 176073.074   40  102 175996.961 176181.264  0.10%  89.5 2995s
 81331 13700 176075.991   42   95 175996.961 176180.917  0.10%  89.5 3000s
 81487 13687 176022.205   42   91 175996.961 176180.672  0.10%  89.5 3005s
 81638 13668     cutoff   48      175996.961 176180.334  0.10%  89.6 3010s
 81780 13651 176049.124   42   95 175996.961 176179.964  0.10%  89.6 3015s
 81810 13646 176008.973   47   93 175996.961 176179.878  0.10%  89.6 3031s
 81911 13635 176043.429   40  115 175996.961 176179.660  0.10%  89.6 3035s
 82066 13625 176019.313   43   80 175996.961 176179.348  0.10%  89.6 3040s
 82202 13609 176010.463   45   88 175996.961 176179.090  0.10%  89.6 3045s
 82354 13593 176108.369   48   76 175996.961 176178.723  0.10%  89.6 3050s
 82513 13589     cutoff   42      175996.961 176178.447  0.10%  89.6 3055s
 82667 13578 176108.393   43  101 175996.961 176178.059  0.10%  89.6 3060s
 82811 13563     cutoff   47      175996.961 176177.639  0.10%  89.6 3065s
 82971 13551 176033.728   48   74 175996.961 176177.186  0.10%  89.6 3070s
 83123 13536     cutoff   42      175996.961 176176.804  0.10%  89.6 3075s
 83278 13521 176072.328   43  101 175996.961 176176.439  0.10%  89.6 3080s
 83440 13512 176089.310   40   99 175996.961 176176.217  0.10%  89.6 3085s
 83573 13494 176083.567   41  111 175996.961 176175.978  0.10%  89.6 3090s
 83723 13472 176056.538   45   98 175996.961 176175.704  0.10%  89.6 3095s
 83877 13459 176004.141   44   97 175996.961 176175.459  0.10%  89.6 3100s
 84018 13430 176014.792   41  102 175996.961 176175.073  0.10%  89.6 3105s
 84172 13426 175999.913   52   73 175996.961 176174.697  0.10%  89.6 3110s
 84327 13411     cutoff   47      175996.961 176174.330  0.10%  89.6 3115s
 84469 13387 176030.230   43  107 175996.961 176173.908  0.10%  89.6 3120s
 84614 13365     cutoff   42      175996.961 176173.551  0.10%  89.7 3125s
 84760 13343     cutoff   47      175996.961 176173.168  0.10%  89.7 3130s
 84921 13323 176103.506   40  109 175996.961 176172.841  0.10%  89.7 3135s
 85058 13302 176070.798   43   96 175996.961 176172.413  0.10%  89.7 3140s
 85237 13300 176065.744   46   93 175996.961 176172.138  0.10%  89.7 3145s
 85324 13281     cutoff   44      175996.961 176171.904  0.10%  89.7 3150s
 85468 13257     cutoff   47      175996.961 176171.466  0.10%  89.7 3155s
 85629 13251 176038.425   41   85 175996.961 176171.256  0.10%  89.7 3160s
 85777 13244 176067.989   43  101 175996.961 176171.017  0.10%  89.7 3165s
 85921 13226 176008.106   48   83 175996.961 176170.654  0.10%  89.7 3170s
 86094 13213 176081.394   41  103 175996.961 176170.230  0.10%  89.7 3175s
 86238 13194 176021.660   44   98 175996.961 176169.775  0.10%  89.7 3180s
 86387 13172 176024.223   44   89 175996.961 176169.416  0.10%  89.7 3185s
 86540 13159 176037.635   45  101 175996.961 176169.025  0.10%  89.7 3190s
 86601 13151 176037.141   46   89 175996.961 176168.908  0.10%  89.7 3202s
 86687 13138 176056.482   40  103 175996.961 176168.681  0.10%  89.7 3205s
 86845 13125 176004.411   49   64 175996.961 176168.500  0.10%  89.7 3210s
 87009 13096 176034.829   45   91 175996.961 176168.162  0.10%  89.7 3215s
 87174 13072 176031.859   43   92 175996.961 176167.614  0.10%  89.7 3220s
 87311 13055 176087.604   43  108 175996.961 176167.263  0.10%  89.7 3225s
 87477 13036 176118.268   45   87 175996.961 176166.947  0.10%  89.7 3230s
 87646 13027     cutoff   51      175996.961 176166.651  0.10%  89.7 3235s
 87784 13005 175996.994   44   93 175996.961 176166.253  0.10%  89.7 3240s
 87936 12988 176029.661   42  100 175996.961 176165.979  0.10%  89.7 3245s
 88078 12963     cutoff   48      175996.961 176165.588  0.10%  89.7 3250s
 88236 12949 176041.553   43   90 175996.961 176165.272  0.10%  89.7 3255s
 88393 12920 176024.573   44   89 175996.961 176164.934  0.10%  89.7 3260s
 88479 12909 176124.105   43   95 175996.961 176164.705  0.10%  89.7 3265s
 88593 12900 176035.498   50   79 175996.961 176164.522  0.10%  89.7 3270s
 88715 12880 176065.677   43   97 175996.961 176164.242  0.10%  89.7 3275s
 88859 12857     cutoff   46      175996.961 176163.934  0.09%  89.7 3280s
 89007 12842 176055.098   44   88 175996.961 176163.623  0.09%  89.7 3285s
 89138 12823 176069.085   45   82 175996.961 176163.291  0.09%  89.7 3290s
 89275 12801 176050.967   47   93 175996.961 176163.034  0.09%  89.7 3295s
 89390 12777 176085.245   41  103 175996.961 176162.714  0.09%  89.7 3300s
 89512 12749     cutoff   44      175996.961 176162.434  0.09%  89.7 3305s
 89659 12736 176029.718   43   85 175996.961 176162.109  0.09%  89.7 3310s
 89811 12712 176084.677   45   82 175996.961 176161.797  0.09%  89.7 3315s
 89957 12687 176002.412   44  108 175996.961 176161.380  0.09%  89.8 3320s
 90099 12669 176018.562   44  102 175996.961 176161.125  0.09%  89.7 3325s
 90237 12653 175997.434   48   87 175996.961 176160.881  0.09%  89.7 3330s
 90395 12628 176054.662   44   96 175996.961 176160.467  0.09%  89.7 3335s
 90542 12609     cutoff   43      175996.961 176160.155  0.09%  89.7 3340s
 90684 12587 176019.751   44  101 175996.961 176159.901  0.09%  89.7 3345s
 90830 12559 176041.020   46   97 175996.961 176159.535  0.09%  89.8 3350s
 90988 12536 176030.874   45  108 175996.961 176159.248  0.09%  89.7 3355s
 91143 12520 176002.428   48   96 175996.961 176158.982  0.09%  89.7 3360s
 91301 12505 176129.850   41   95 175996.961 176158.741  0.09%  89.7 3365s
 91463 12486 176009.454   42  104 175996.961 176158.441  0.09%  89.7 3370s
 91620 12463     cutoff   42      175996.961 176158.186  0.09%  89.7 3375s
 91775 12439 176007.854   46   89 175996.961 176157.886  0.09%  89.7 3380s
 91931 12412     cutoff   42      175996.961 176157.618  0.09%  89.7 3385s
 92093 12398 176004.609   45   88 175996.961 176157.346  0.09%  89.7 3390s
 92261 12382 176058.371   45   85 175996.961 176157.208  0.09%  89.7 3395s
 92440 12370 176032.107   43   85 175996.961 176156.910  0.09%  89.7 3400s
 92591 12348 176017.749   43  108 175996.961 176156.534  0.09%  89.7 3405s
 92744 12328 176038.076   44   90 175996.961 176156.195  0.09%  89.7 3410s
 92892 12300 176005.588   45  104 175996.961 176155.800  0.09%  89.7 3415s
 93047 12278 176077.583   48   84 175996.961 176155.510  0.09%  89.7 3420s
 93150 12269 176006.048   48   96 175996.961 176155.360  0.09%  89.7 3425s
 93304 12248 176055.365   42   88 175996.961 176155.002  0.09%  89.7 3430s
 93461 12227 176061.664   48   94 175996.961 176154.513  0.09%  89.7 3435s
 93628 12204 176038.259   49   78 175996.961 176154.211  0.09%  89.7 3440s
 93780 12185 175999.167   44   95 175996.961 176153.906  0.09%  89.7 3445s
 93933 12162 176006.355   43   98 175996.961 176153.585  0.09%  89.7 3450s
 94078 12132 176005.408   44   97 175996.961 176153.222  0.09%  89.7 3455s
 94241 12104 176098.146   44   97 175996.961 176152.858  0.09%  89.7 3460s
 94386 12070 176043.054   42  105 175996.961 176152.407  0.09%  89.7 3465s
 94540 12039 176048.496   42   93 175996.961 176152.000  0.09%  89.7 3470s
 94688 12018 176041.590   47   86 175996.961 176151.613  0.09%  89.7 3475s
 94840 12000 176033.566   42   95 175996.961 176151.255  0.09%  89.7 3480s
 94990 11974 175999.935   43   90 175996.961 176150.806  0.09%  89.7 3485s
 95147 11947 176033.173   43  107 175996.961 176150.445  0.09%  89.7 3490s
 95289 11926 176007.446   43  102 175996.961 176150.159  0.09%  89.7 3495s
 95439 11900     cutoff   39      175996.961 176149.800  0.09%  89.7 3500s
 95597 11873     cutoff   47      175996.961 176149.420  0.09%  89.7 3505s
 95739 11841 176009.846   46   81 175996.961 176149.037  0.09%  89.7 3510s
 95902 11820 176000.989   44   97 175996.961 176148.657  0.09%  89.7 3515s
 96046 11795     cutoff   45      175996.961 176148.283  0.09%  89.7 3520s
 96183 11767 176077.441   48   83 175996.961 176147.946  0.09%  89.7 3525s
 96351 11747     cutoff   45      175996.961 176147.509  0.09%  89.7 3530s
 96515 11729 176024.041   42   91 175996.961 176147.184  0.09%  89.7 3535s
 96678 11706 176055.886   45   79 175996.961 176146.959  0.09%  89.7 3540s
 96810 11670     cutoff   47      175996.961 176146.581  0.09%  89.8 3545s
 96966 11640 176050.686   43   88 175996.961 176146.093  0.08%  89.8 3550s
 97027 11623 176029.698   47   97 175996.961 176145.942  0.08%  89.8 3555s
 97178 11576     cutoff   47      175996.961 176145.464  0.08%  89.8 3560s
 97331 11555 176015.645   42  101 175996.961 176145.177  0.08%  89.8 3565s
 97487 11531 176063.111   43  103 175996.961 176144.823  0.08%  89.8 3570s
 97627 11496     cutoff   44      175996.961 176144.419  0.08%  89.8 3575s
 97764 11461 176004.172   43   76 175996.961 176144.060  0.08%  89.8 3580s
 97901 11425 176063.834   46   86 175996.961 176143.662  0.08%  89.8 3585s
 98058 11391 176024.371   40   89 175996.961 176143.151  0.08%  89.8 3590s
 98208 11354     cutoff   45      175996.961 176142.659  0.08%  89.8 3595s
 98363 11327     cutoff   49      175996.961 176142.442  0.08%  89.8 3600s
 98525 11296 176036.407   45   89 175996.961 176142.036  0.08%  89.8 3605s
 98675 11252 175998.351   46   88 175996.961 176141.603  0.08%  89.8 3610s
 98816 11227 176014.883   49   87 175996.961 176141.304  0.08%  89.8 3615s
 98972 11195     cutoff   44      175996.961 176140.991  0.08%  89.8 3620s
 99119 11158 176000.699   46   96 175996.961 176140.643  0.08%  89.8 3625s
 99265 11118 176005.020   39   91 175996.961 176140.133  0.08%  89.8 3630s
 99416 11084 176022.312   49   86 175996.961 176139.797  0.08%  89.8 3635s
 99569 11049 176075.442   45   94 175996.961 176139.425  0.08%  89.9 3640s
 99746 11026 176017.844   47   89 175996.961 176139.099  0.08%  89.8 3645s
 99898 10989     cutoff   44      175996.961 176138.722  0.08%  89.8 3650s
 100041 10957 176011.492   42   92 175996.961 176138.406  0.08%  89.8 3655s
 100203 10928     cutoff   47      175996.961 176138.003  0.08%  89.8 3660s
 100356 10893     cutoff   47      175996.961 176137.628  0.08%  89.8 3665s
 100505 10862 176056.677   49   75 175996.961 176137.139  0.08%  89.8 3670s
 100641 10824 176053.472   46   91 175996.961 176136.530  0.08%  89.9 3675s
 100788 10797 176009.993   49   80 175996.961 176136.138  0.08%  89.9 3680s
 100953 10760 176097.701   49   74 175996.961 176135.758  0.08%  89.9 3685s
 101116 10728 176038.716   41   86 175996.961 176135.412  0.08%  89.9 3690s
 101246 10704 176018.703   48   87 175996.961 176135.124  0.08%  89.9 3695s
 101393 10660 176018.679   46   94 175996.961 176134.599  0.08%  89.9 3700s
 101532 10620 176088.357   44   97 175996.961 176134.090  0.08%  89.9 3705s
 101680 10584     cutoff   43      175996.961 176133.704  0.08%  89.9 3710s
 101823 10545 176000.150   47   92 175996.961 176133.374  0.08%  89.9 3715s
 101969 10511 176043.902   44  103 175996.961 176133.051  0.08%  89.9 3720s
 102110 10468 176024.622   44   91 175996.961 176132.692  0.08%  89.9 3725s
 102238 10437 176016.350   44   95 175996.961 176132.385  0.08%  90.0 3730s
 102391 10396     cutoff   44      175996.961 176131.911  0.08%  90.0 3735s
 102543 10356 176085.495   46   92 175996.961 176131.532  0.08%  90.0 3743s
 102544 10357 176051.894   47   91 175996.961 176131.532  0.08%  90.0 3750s
 102689 10318 176024.936   43   91 175996.961 176131.029  0.08%  90.0 3755s
 102836 10279     cutoff   44      175996.961 176130.634  0.08%  90.0 3760s
 102992 10241 176013.559   42   88 175996.961 176130.346  0.08%  90.0 3765s
 103136 10197 176016.010   43  109 175996.961 176129.956  0.08%  90.0 3770s
 103289 10169 176029.244   41   99 175996.961 176129.511  0.08%  90.0 3775s
 103460 10131     cutoff   44      175996.961 176129.157  0.08%  90.0 3780s
 103609 10093 176082.305   39  101 175996.961 176128.913  0.07%  90.0 3785s
 103758 10056     cutoff   46      175996.961 176128.573  0.07%  90.0 3790s
 103912 10016 176023.758   46   86 175996.961 176128.244  0.07%  90.0 3795s
 104068  9975 176010.437   43   88 175996.961 176127.867  0.07%  90.0 3800s
 104229  9937 176004.940   50   79 175996.961 176127.489  0.07%  90.0 3805s
 104381  9886 176029.182   45   98 175996.961 176127.058  0.07%  90.0 3810s
 104546  9848     cutoff   43      175996.961 176126.735  0.07%  90.0 3815s
 104709  9807 176018.987   42   95 175996.961 176126.388  0.07%  90.0 3820s
 104855  9762 176000.950   43   83 175996.961 176125.945  0.07%  90.0 3825s
 105017  9713 176002.809   42   91 175996.961 176125.461  0.07%  90.0 3830s
 105174  9665     cutoff   42      175996.961 176125.123  0.07%  90.0 3835s
 105323  9629 175997.564   44  106 175996.961 176124.663  0.07%  90.0 3840s
 105493  9588     cutoff   47      175996.961 176124.257  0.07%  90.0 3845s
 105638  9551 176024.352   43   95 175996.961 176123.825  0.07%  90.0 3850s
 105791  9507 176020.461   45   92 175996.961 176123.370  0.07%  90.0 3855s
 105962  9460 176000.909   47   87 175996.961 176122.842  0.07%  90.0 3860s
 106110  9407 176071.562   48   87 175996.961 176122.382  0.07%  90.0 3865s
 106258  9359     cutoff   46      175996.961 176121.907  0.07%  90.0 3870s
 106419  9318 176046.294   48   94 175996.961 176121.422  0.07%  90.0 3875s
 106574  9262 176039.388   44   98 175996.961 176120.982  0.07%  90.0 3880s
 106721  9214     cutoff   48      175996.961 176120.535  0.07%  90.0 3885s
 106879  9174 176006.238   50   92 175996.961 176120.095  0.07%  90.0 3890s
 107044  9129 176008.300   44   86 175996.961 176119.707  0.07%  90.0 3895s
 107192  9078 176004.481   42  102 175996.961 176119.226  0.07%  90.0 3900s
 107338  9032     cutoff   48      175996.961 176118.822  0.07%  90.0 3905s
 107487  8990 176020.476   44   98 175996.961 176118.458  0.07%  90.0 3910s
 107629  8941 176005.921   45  103 175996.961 176118.055  0.07%  90.0 3915s
 107792  8895     cutoff   44      175996.961 176117.603  0.07%  90.0 3920s
 107953  8834 176007.347   46   92 175996.961 176117.058  0.07%  90.0 3925s
 108120  8779     cutoff   49      175996.961 176116.566  0.07%  90.0 3930s
 108279  8713     cutoff   47      175996.961 176115.959  0.07%  90.0 3935s
 108438  8666 176013.872   46   88 175996.961 176115.515  0.07%  90.0 3940s
 108594  8615 176023.970   51   82 175996.961 176114.996  0.07%  90.0 3945s
 108750  8559 176014.422   46   79 175996.961 176114.514  0.07%  90.0 3950s
 108899  8513 175998.241   49   83 175996.961 176114.101  0.07%  90.0 3955s
 108989  8470 176046.045   48   85 175996.961 176113.809  0.07%  90.0 3960s
 109124  8426     cutoff   48      175996.961 176113.459  0.07%  90.0 3965s
 109295  8376     cutoff   44      175996.961 176112.982  0.07%  90.0 3970s
 109453  8328 176029.848   45   83 175996.961 176112.500  0.07%  90.0 3975s
 109615  8274 176050.861   43  105 175996.961 176112.100  0.07%  90.0 3980s
 109669  8256 176027.268   45   80 175996.961 176111.960  0.07%  90.0 3994s
 109690  8245     cutoff   50      175996.961 176111.912  0.07%  90.0 3995s
 109854  8188     cutoff   44      175996.961 176111.370  0.07%  90.0 4000s
 110006  8125 176033.972   45   84 175996.961 176110.827  0.06%  90.0 4005s
 110170  8061     cutoff   42      175996.961 176110.336  0.06%  90.0 4010s
 110331  8000 176039.321   47   72 175996.961 176109.793  0.06%  90.0 4015s
 110504  7943     cutoff   45      175996.961 176109.269  0.06%  90.0 4020s
 110657  7886     cutoff   47      175996.961 176108.657  0.06%  90.0 4025s
 110810  7822 176034.101   47   89 175996.961 176108.088  0.06%  90.0 4030s
 110968  7774 176007.623   43   82 175996.961 176107.589  0.06%  90.0 4035s
 111126  7705     cutoff   45      175996.961 176107.035  0.06%  90.0 4040s
 111279  7641     cutoff   47      175996.961 176106.557  0.06%  90.0 4045s
 111463  7588     cutoff   46      175996.961 176106.128  0.06%  90.0 4050s
 111642  7520     cutoff   47      175996.961 176105.592  0.06%  90.0 4055s
 111794  7452     cutoff   45      175996.961 176105.064  0.06%  90.0 4060s
 111956  7384     cutoff   43      175996.961 176104.408  0.06%  90.0 4065s
 112114  7319     cutoff   47      175996.961 176103.788  0.06%  90.0 4070s
 112275  7253     cutoff   47      175996.961 176103.257  0.06%  90.0 4075s
 112439  7199 176006.717   48   89 175996.961 176102.825  0.06%  90.0 4080s
 112598  7140 176038.836   47   89 175996.961 176102.309  0.06%  90.0 4085s
 112758  7062     cutoff   42      175996.961 176101.682  0.06%  90.0 4090s
 112930  7010     cutoff   45      175996.961 176101.167  0.06%  90.0 4095s
 113085  6948 176093.593   43  100 175996.961 176100.694  0.06%  90.0 4100s
 113239  6869 176009.571   43  101 175996.961 176100.066  0.06%  90.0 4105s
 113395  6794 176014.165   47   88 175996.961 176099.264  0.06%  90.0 4110s
 113533  6729 176012.171   50   85 175996.961 176098.647  0.06%  90.0 4116s
 113635  6675 176014.552   47   88 175996.961 176098.333  0.06%  90.0 4120s
 113796  6615 176012.701   44  112 175996.961 176097.879  0.06%  90.0 4125s
 113964  6537     cutoff   45      175996.961 176097.211  0.06%  90.0 4130s
 114127  6471 176002.818   50   77 175996.961 176096.739  0.06%  90.0 4135s
 114288  6399     cutoff   50      175996.961 176096.173  0.06%  90.0 4140s
 114465  6317 176008.748   45   81 175996.961 176095.473  0.06%  90.0 4145s
 114645  6224     cutoff   41      175996.961 176094.642  0.06%  90.0 4150s
 114816  6144     cutoff   42      175996.961 176093.955  0.06%  89.9 4155s
 114995  6081 176012.339   49   71 175996.961 176093.430  0.05%  89.9 4160s
 115186  5986 176029.929   42   97 175996.961 176092.683  0.05%  89.9 4165s
 115356  5908 176031.137   46   81 175996.961 176091.929  0.05%  89.9 4170s
 115534  5815     cutoff   49      175996.961 176091.309  0.05%  89.9 4175s
 115708  5736 176051.640   46   85 175996.961 176090.576  0.05%  89.9 4180s
 115902  5651     cutoff   45      175996.961 176089.744  0.05%  89.8 4185s
 116078  5574 176013.532   43   95 175996.961 176089.021  0.05%  89.8 4190s
 116262  5483 176003.977   50   84 175996.961 176088.155  0.05%  89.8 4195s
 116433  5397     cutoff   49      175996.961 176087.496  0.05%  89.8 4200s
 116605  5302     cutoff   46      175996.961 176086.652  0.05%  89.8 4205s
 116776  5210 176031.655   49   91 175996.961 176086.015  0.05%  89.8 4210s
 116953  5107     cutoff   55      175996.961 176085.183  0.05%  89.8 4215s
 117141  4997     cutoff   45      175996.961 176084.231  0.05%  89.8 4220s
 117329  4906 176040.131   40   95 175996.961 176083.501  0.05%  89.7 4225s
 117515  4818 176006.954   41  101 175996.961 176082.802  0.05%  89.7 4230s
 117711  4729 175999.565   47   91 175996.961 176082.172  0.05%  89.7 4235s
 117907  4605     cutoff   50      175996.961 176081.215  0.05%  89.7 4240s
 118091  4494     cutoff   47      175996.961 176080.082  0.05%  89.7 4245s
 118284  4360 176022.795   42   90 175996.961 176078.967  0.05%  89.6 4250s
 118477  4244     cutoff   41      175996.961 176078.049  0.05%  89.6 4255s
 118672  4120     cutoff   45      175996.961 176077.001  0.05%  89.6 4260s
 118860  4008     cutoff   47      175996.961 176076.039  0.04%  89.6 4265s
 119053  3878 176002.178   47   81 175996.961 176074.955  0.04%  89.5 4270s
 119254  3755 176032.282   46   87 175996.961 176073.761  0.04%  89.5 4275s
 119461  3634 176004.394   47   92 175996.961 176072.738  0.04%  89.5 4280s
 119657  3494     cutoff   44      175996.961 176071.272  0.04%  89.5 4285s
 119859  3354     cutoff   43      175996.961 176069.847  0.04%  89.4 4290s
 120068  3214     cutoff   47      175996.961 176068.397  0.04%  89.4 4295s
 120279  3094 176006.876   47   74 175996.961 176067.208  0.04%  89.4 4300s
 120493  2947     cutoff   48      175996.961 176065.601  0.04%  89.3 4305s
 120719  2801 176022.207   46   95 175996.961 176063.902  0.04%  89.3 4310s
 120932  2670 175997.383   43  106 175996.961 176062.560  0.04%  89.2 4315s
 121163  2515     cutoff   48      175996.961 176060.980  0.04%  89.2 4320s
 121405  2336 176011.778   48   86 175996.961 176059.119  0.04%  89.1 4325s
 121637  2174     cutoff   48      175996.961 176057.292  0.03%  89.1 4330s
 121849  2023 176016.475   45   75 175996.961 176055.213  0.03%  89.0 4335s
 121877  2005     cutoff   50      175996.961 176054.979  0.03%  89.0 4340s
 122122  1834 175998.944   45  100 175996.961 176051.899  0.03%  88.9 4345s
 122363  1644     cutoff   47      175996.961 176049.173  0.03%  88.9 4350s
 122639  1429     cutoff   52      175996.961 176044.650  0.03%  88.8 4355s
 122905  1211     cutoff   46      175996.961 176039.721  0.02%  88.7 4360s
 123198   998 176014.170   45   89 175996.961 176033.985  0.02%  88.6 4365s
 123529   735     cutoff   46      175996.961 176025.838  0.02%  88.5 4370s
 123943   351     cutoff   44      175996.961 176011.719  0.01%  88.3 4375s

Cutting planes:
  Gomory: 2
  Lift-and-project: 2
  Implied bound: 1
  MIR: 584
  Flow cover: 342
  RLT: 35
  Relax-and-lift: 24
  Lazy constraints: 1977

Explored 124297 nodes (10947061 simplex iterations) in 4378.31 seconds (6100.53 work units)
Thread count was 1 (of 52 available processors)

Solution count 10: 175997 175943 175939 ... 173406

Optimal solution found (tolerance 0.00e+00)
Best objective 1.759969612050e+05, best bound 1.759969612050e+05, gap 0.0000%

User-callback calls 595037, time in user-callback 16.29 sec

CPU time spent in the second stage: 4378.31 sec
The LP relaxation bound at the root node: 177649.099379
Termination status of the second stage: OPTIMAL

------------------ end of the second stage -----------------

Total CPU time: 4410.74 sec
Percentage optimality gap: 0.00 %
CPU time spent in separating the cuts: 43.97 sec
Number of explored nodes: 124297
Objective value of the returned solution: 175996.961205
Optimal facility locations: [12, 13, 14, 18, 31, 36, 40, 44, 57, 72, 76, 86, 100, 116, 117, 122, 129, 137, 138, 142, 144, 145, 149, 152, 159, 169, 190, 194, 205, 206, 210, 211, 232, 250, 257, 259, 290]

@end of file
