Set parameter TimeLimit to value 7200
Setting B&C+SI: The proposed B&C algorithm based on formulation (16) (equipped with the submodular inequalities).

----------------- start of the first stage -----------------

Iter     Best Incumbent      BestBound     Gap      Time  #VioCuts
1                 0.000     352517.561   100.0       0.3       800
2            133551.513     294009.228    54.6       1.5      1584
3            165510.447     221979.750    25.4       3.6      1539
4            172570.751     195379.712    11.7       5.0      1306
5            174200.227     188998.682     7.8       6.7       893
6            174200.227     186656.530     6.7       9.1       559
7            174200.227     185178.764     5.9      11.4       284
8            174200.227     184587.457     5.6      13.8       152
9            174200.227     184288.747     5.5      16.0        86
10           174200.227     184159.059     5.4      18.2        42
11           174200.227     184114.306     5.4      20.4        21
12           174200.227     184085.180     5.4      22.7        14
13           174200.227     184077.128     5.4      24.8         6
14           174200.227     184073.160     5.4      26.9         2
15           174200.227     184072.786     5.4      29.0         0

CPU time spent in the first stage: 31.29 sec
Upper bound returned at the end of the first stage: 184072.786068
Objective value of the optimal solution or the best incumbent at the end of the first stage: 174200.227005
Number of cuts added at the end of the first stage for the initialization of the relaxed MILP problem: 963
Termination status of the first stage: LP Optimal

------------------ end of the first stage ------------------


----------------- start of the second stage ----------------

Gurobi Optimizer version 11.0.1 build v11.0.1rc0 (linux64 - "CentOS Linux 7 (Core)")

CPU model: Intel(R) Xeon(R) Gold 6230R CPU @ 2.10GHz, instruction set [SSE2|AVX|AVX2|AVX512]
Thread count: 52 physical cores, 52 logical processors, using up to 1 threads


Warning: excessive time spent in model updates.
Consider calling update less frequently.

Optimize a model with 1768 rows, 1200 columns and 22160 nonzeros
Model fingerprint: 0x0fa6552a
Variable types: 800 continuous, 400 integer (0 binary)
Coefficient statistics:
  Matrix range     [1e-06, 2e+03]
  Objective range  [1e+01, 2e+03]
  Bounds range     [1e+00, 1e+00]
  RHS range        [9e-05, 4e+05]

Loaded user MIP start with objective 174200

Presolve removed 804 rows and 0 columns
Presolve time: 0.04s
Presolved: 964 rows, 1200 columns, 16560 nonzeros
Variable types: 800 continuous, 400 integer (400 binary)

Root relaxation: objective 1.840598e+05, 405 iterations, 0.02 seconds (0.03 work units)

    Nodes    |    Current Node    |     Objective Bounds      |     Work
 Expl Unexpl |  Obj  Depth IntInf | Incumbent    BestBd   Gap | It/Node Time

     0     0 184059.811    0  127 174200.227 184059.811  5.66%     -    0s
     0     0 183837.414    0  119 174200.227 183837.414  5.53%     -    0s
     0     0 183792.592    0  126 174200.227 183792.592  5.51%     -    1s
     0     2 183775.490    0  126 174200.227 183775.490  5.50%     -    1s
   406   398 178566.681  121   43 174200.227 183659.032  5.43%  31.9    5s
*  509   375             209    176187.44685 183659.032  4.24%  29.1    5s
   527   381 179213.128   66  138 176187.447 183658.802  4.24%  29.7   12s
   534   386 182445.350   33  136 176187.447 183203.840  3.98%  29.3   15s
   553   400 176487.221  140  136 176187.447 182887.006  3.80%  34.0   22s
   560   405 182847.933    8  131 176187.447 182847.933  3.78%  33.6   25s
   592   428 182399.220   35  100 176187.447 182753.453  3.73%  41.6   30s
   670   480 181079.217   74   72 176187.447 182753.453  3.73%  44.1   35s
H  759   480                    179934.58782 182753.453  1.57%  44.2   36s
   807   497 181934.568   47   92 179934.588 182753.084  1.57%  46.8   40s
H  867   500                    180206.46388 182753.084  1.41%  48.6   41s
   921   513 182208.098   33  124 180206.464 182683.660  1.37%  51.2   45s
  1017   558 182334.918   29  128 180206.464 182682.304  1.37%  54.0   50s
* 1184   517             113    180888.71454 182682.304  0.99%  53.9   54s
  1205   517 182235.485   35  109 180888.715 182681.055  0.99%  54.7   55s
  1381   625 181228.355   66   46 180888.715 182674.311  0.99%  57.6   60s
* 1434   538              96    181127.10510 182674.311  0.85%  56.3   60s
  1536   589 181927.468   39   97 181127.105 182633.684  0.83%  58.8   65s
  1677   681 182030.434   36  114 181127.105 182560.921  0.79%  60.4   70s
  1823   797 182195.302   33  119 181127.105 182538.181  0.78%  62.6   75s
  1951   911 181595.988   48   85 181127.105 182536.683  0.78%  64.3   80s
H 2011   939                    181171.23207 182528.126  0.75%  64.8   83s
  2062   974 181985.235   35  121 181171.232 182515.006  0.74%  65.4   85s
H 2115  1010                    181180.99695 182514.982  0.74%  66.3   87s
  2166  1043 181484.580   46   89 181180.997 182483.160  0.72%  66.8   90s
H 2226   868                    181351.39012 182470.143  0.62%  67.7   94s
  2237   867 182036.417   35  116 181351.390 182465.050  0.61%  67.9   95s
H 2253   790                    181431.33436 182456.889  0.57%  68.1   97s
  2280   812 181689.479   39  112 181431.334 182456.734  0.57%  68.7  100s
  2334   841 181718.752   42   95 181431.334 182419.376  0.54%  69.0  106s
  2410   868 182056.718   37  111 181431.334 182408.418  0.54%  69.4  110s
  2441   885 181734.877   40  109 181431.334 182398.862  0.53%  69.5  115s
  2523   922 181748.451   39  111 181431.334 182396.927  0.53%  70.1  120s
  2623   970 182034.108   31  125 181431.334 182387.567  0.53%  71.4  125s
  2712  1020 181914.219   38  118 181431.334 182376.159  0.52%  72.1  130s
  2839  1083 181690.104   41  102 181431.334 182365.922  0.52%  73.1  135s
  2958  1123 182087.505   32  126 181431.334 182358.002  0.51%  73.6  140s
  3073  1187 181688.537   38  101 181431.334 182343.049  0.50%  73.8  145s
  3121  1212 182217.449   36  113 181431.334 182340.638  0.50%  74.0  150s
  3247  1289 181732.460   34  116 181431.334 182332.861  0.50%  75.1  155s
  3367  1352 182015.302   33  125 181431.334 182324.495  0.49%  75.6  160s
  3504  1432 181804.752   32  115 181431.334 182311.959  0.49%  76.3  165s
  3627  1498 181751.373   35  112 181431.334 182306.868  0.48%  76.7  170s
  3702  1541 182128.526   28  130 181431.334 182292.483  0.47%  77.0  175s
  3780  1588 181573.353   45  105 181431.334 182290.118  0.47%  77.0  180s
  3891  1654 181921.082   33  113 181431.334 182285.877  0.47%  77.3  185s
  4015  1735 181562.656   36  127 181431.334 182281.381  0.47%  77.4  190s
  4127  1787 181952.330   32  136 181431.334 182278.572  0.47%  77.9  195s
  4207  1829 182099.024   36  119 181431.334 182274.195  0.46%  78.4  201s
  4262  1857 181977.074   31  126 181431.334 182270.162  0.46%  78.6  205s
  4388  1925 181730.350   38  105 181431.334 182265.154  0.46%  79.1  210s
  4532  2000 181617.277   37  104 181431.334 182259.178  0.46%  79.2  215s
  4639  2047 182057.595   32  138 181431.334 182249.202  0.45%  79.6  220s
  4731  2089 181469.275   47  106 181431.334 182246.677  0.45%  80.0  225s
  4837  2134 181449.715   37  110 181431.334 182240.041  0.45%  80.1  232s
  4905  2176 181569.259   37  108 181431.334 182238.807  0.45%  80.3  235s
  5003  2203 181540.713   38  112 181431.334 182232.047  0.44%  80.5  240s
  5154  2285 181625.381   43  104 181431.334 182222.951  0.44%  80.5  245s
  5303  2359     cutoff   43      181431.334 182217.280  0.43%  80.6  250s
  5417  2410 181508.218   42  111 181431.334 182212.362  0.43%  80.8  258s
  5446  2423 181509.519   47  104 181431.334 182212.197  0.43%  80.9  260s
  5530  2463 181671.327   36  116 181431.334 182209.133  0.43%  81.0  265s
  5633  2517 181964.555   34  125 181431.334 182207.495  0.43%  81.1  270s
  5775  2594 181903.298   39  118 181431.334 182199.808  0.42%  80.8  275s
  5901  2656 181597.018   39  119 181431.334 182196.203  0.42%  81.0  280s
  6022  2691 182023.534   33  123 181431.334 182190.169  0.42%  81.0  285s
  6165  2763 181637.687   42  105 181431.334 182185.674  0.42%  81.4  290s
  6322  2842 181487.239   41  114 181431.334 182177.801  0.41%  81.3  295s
  6486  2902 181461.372   48   92 181431.334 182171.293  0.41%  81.3  302s
  6582  2943 181431.871   50   95 181431.334 182169.843  0.41%  81.3  305s
  6731  3012 181566.173   42  118 181431.334 182167.821  0.41%  81.2  310s
  6878  3060 182019.717   37  114 181431.334 182165.119  0.40%  81.4  315s
  7014  3110 181797.191   38  104 181431.334 182162.998  0.40%  81.4  320s
  7064  3133 181662.113   45  100 181431.334 182161.672  0.40%  81.5  325s
  7206  3179 182001.762   40  122 181431.334 182159.370  0.40%  81.6  330s
  7312  3232 182026.952   34  111 181431.334 182157.218  0.40%  81.4  335s
  7472  3304 181474.374   42   99 181431.334 182154.156  0.40%  81.4  340s
  7651  3367 181700.038   35  114 181431.334 182149.734  0.40%  81.2  345s
  7718  3398 181799.264   35  125 181431.334 182147.107  0.39%  81.2  350s
  7856  3471 181976.063   39  123 181431.334 182143.618  0.39%  81.2  355s
  8037  3551 181671.325   39  107 181431.334 182141.900  0.39%  81.0  360s
  8185  3624 181602.066   39  107 181431.334 182137.192  0.39%  81.1  365s
  8352  3696 182024.755   33  126 181431.334 182130.579  0.39%  81.0  370s
  8506  3763 181672.374   33  123 181431.334 182128.250  0.38%  81.0  375s
  8567  3774 181824.880   32  128 181431.334 182126.802  0.38%  81.0  381s
  8637  3802 182038.501   33  118 181431.334 182126.064  0.38%  81.1  385s
  8768  3872 181707.882   37  116 181431.334 182120.876  0.38%  81.3  390s
  8883  3913 181469.859   38  118 181431.334 182120.584  0.38%  81.3  395s
  9005  3960 181992.371   34  122 181431.334 182114.005  0.38%  81.4  400s
  9146  4010 181939.716   36  120 181431.334 182110.948  0.37%  81.4  405s
  9285  4077 181675.038   42  109 181431.334 182109.284  0.37%  81.5  410s
  9434  4145 181794.989   36  125 181431.334 182105.057  0.37%  81.4  415s
  9588  4204 181829.765   31  127 181431.334 182101.467  0.37%  81.5  420s
  9693  4264 181589.650   45  108 181431.334 182100.609  0.37%  81.5  425s
  9836  4337 181544.215   39  115 181431.334 182099.425  0.37%  81.6  430s
  9995  4419 181464.702   45  100 181431.334 182097.904  0.37%  81.6  435s
 10145  4469 181902.140   38  119 181431.334 182096.389  0.37%  81.5  440s
 10326  4558 181745.247   43   92 181431.334 182091.938  0.36%  81.4  445s
 10502  4642 181899.485   36  118 181431.334 182088.678  0.36%  81.3  450s
 10665  4714 181954.842   34  125 181431.334 182087.046  0.36%  81.2  455s
 10771  4756 182037.770   34  121 181431.334 182085.756  0.36%  81.3  461s
 10873  4800 181852.490   39  114 181431.334 182084.170  0.36%  81.4  465s
 11024  4862 181969.396   35  114 181431.334 182081.544  0.36%  81.5  470s
 11181  4942 181796.273   35  123 181431.334 182078.952  0.36%  81.4  475s
 11325  5005 181686.120   46  100 181431.334 182076.463  0.36%  81.4  480s
 11474  5060 181642.917   41  102 181431.334 182074.013  0.35%  81.4  485s
 11623  5129 181683.720   41  120 181431.334 182070.999  0.35%  81.5  490s
 11770  5183 181656.512   37  126 181431.334 182067.479  0.35%  81.6  495s
 11945  5242     cutoff   45      181431.334 182065.521  0.35%  81.4  500s
 12095  5300 181669.707   41   98 181431.334 182063.067  0.35%  81.4  505s
 12261  5354 181708.006   43  115 181431.334 182060.231  0.35%  81.3  510s
 12449  5439 181605.265   41  102 181431.334 182057.590  0.35%  81.2  515s
 12597  5488 181542.611   39  113 181431.334 182055.245  0.34%  81.2  520s
 12770  5545 181786.728   34  129 181431.334 182052.942  0.34%  81.1  525s
 12958  5626 181734.533   43  106 181431.334 182050.576  0.34%  80.9  530s
 13109  5678 181709.903   42  102 181431.334 182047.981  0.34%  81.0  535s
 13289  5754 181454.633   51  102 181431.334 182045.489  0.34%  80.9  540s
 13473  5818 181538.956   41  102 181431.334 182042.616  0.34%  80.8  545s
 13624  5875 181743.114   34  117 181431.334 182041.049  0.34%  80.8  550s
 13791  5926 181736.813   45   96 181431.334 182039.319  0.34%  80.7  555s
 13938  5981 181475.227   43  110 181431.334 182037.921  0.33%  80.8  560s
 14114  6030 181940.538   34  119 181431.334 182035.029  0.33%  80.7  565s
 14273  6090 181515.298   38  112 181431.334 182033.139  0.33%  80.7  570s
 14442  6149 181616.949   38  110 181431.334 182030.842  0.33%  80.7  575s
 14613  6192 181760.284   39  108 181431.334 182028.831  0.33%  80.7  581s
 14617  6196 181541.732   43   94 181431.334 182028.831  0.33%  80.7  585s
 14686  6219 181733.742   40  112 181431.334 182027.602  0.33%  80.7  590s
 14851  6280 181759.833   33  129 181431.334 182026.319  0.33%  80.6  595s
 15005  6326 181710.836   41  117 181431.334 182024.439  0.33%  80.6  600s
 15183  6393 181778.141   35  120 181431.334 182021.211  0.33%  80.5  605s
 15346  6439 181632.954   41  111 181431.334 182019.917  0.32%  80.5  610s
 15521  6505 181881.341   38  112 181431.334 182018.063  0.32%  80.5  615s
 15691  6570 181477.266   43   95 181431.334 182017.024  0.32%  80.4  620s
 15837  6625 181503.739   38  116 181431.334 182015.446  0.32%  80.4  625s
 16017  6665 181445.349   45   92 181431.334 182013.400  0.32%  80.3  630s
 16170  6733 181727.541   36  123 181431.334 182010.892  0.32%  80.3  635s
 16325  6784 181598.557   45  103 181431.334 182008.674  0.32%  80.3  640s
 16505  6824 181841.296   36  120 181431.334 182007.527  0.32%  80.2  645s
 16658  6879 181598.272   42  105 181431.334 182006.245  0.32%  80.2  650s
 16845  6922 181432.184   45   89 181431.334 182003.572  0.32%  80.1  655s
 17006  6979 181460.828   47   89 181431.334 182002.303  0.31%  80.1  660s
 17183  7032 181736.498   38  121 181431.334 182000.500  0.31%  80.0  665s
 17341  7078 181954.188   36  130 181431.334 181997.733  0.31%  79.9  670s
 17506  7132 181732.965   42  110 181431.334 181996.334  0.31%  79.9  675s
 17653  7189 181603.036   46  103 181431.334 181994.094  0.31%  80.0  680s
 17810  7257 181571.666   40  115 181431.334 181992.393  0.31%  80.0  685s
 17968  7305 181582.200   39  118 181431.334 181990.610  0.31%  79.9  690s
 18173  7375 181542.282   49   79 181431.334 181989.470  0.31%  79.7  695s
 18366  7441 181710.805   40  108 181431.334 181987.063  0.31%  79.6  700s
 18524  7502 181644.926   41  111 181431.334 181985.343  0.31%  79.6  705s
 18701  7546 181748.289   38  115 181431.334 181984.031  0.30%  79.6  710s
 18853  7584     cutoff   40      181431.334 181982.703  0.30%  79.6  715s
 19048  7657 181591.987   44   94 181431.334 181981.665  0.30%  79.5  720s
 19212  7704 181798.432   41  108 181431.334 181980.192  0.30%  79.5  725s
 19415  7770     cutoff   53      181431.334 181979.467  0.30%  79.3  730s
 19584  7830 181492.635   38  108 181431.334 181977.253  0.30%  79.3  735s
 19759  7883 181661.074   38  111 181431.334 181975.554  0.30%  79.3  740s
 19907  7923 181594.906   43   94 181431.334 181974.594  0.30%  79.3  745s
 20064  7951 181725.611   38  108 181431.334 181973.350  0.30%  79.3  750s
 20215  7998 181762.791   44  104 181431.334 181971.028  0.30%  79.4  755s
 20385  8032 181671.774   40  102 181431.334 181970.177  0.30%  79.4  760s
 20548  8107 181545.712   39  123 181431.334 181967.636  0.30%  79.3  765s
 20719  8160 181471.727   48   91 181431.334 181966.558  0.30%  79.3  770s
 20888  8209 181746.276   40  114 181431.334 181965.436  0.29%  79.2  775s
 21074  8260     cutoff   43      181431.334 181964.567  0.29%  79.2  780s
 21243  8323 181771.502   37  104 181431.334 181963.455  0.29%  79.2  785s
 21422  8366 181485.204   40  123 181431.334 181961.821  0.29%  79.1  790s
 21594  8427 181582.306   36  119 181431.334 181961.217  0.29%  79.1  795s
 21788  8495     cutoff   43      181431.334 181959.636  0.29%  79.0  800s
 21947  8530 181587.510   40  119 181431.334 181957.845  0.29%  79.0  805s
 22147  8598 181603.475   41   99 181431.334 181956.979  0.29%  78.9  810s
 22316  8647 181809.496   35  110 181431.334 181954.774  0.29%  78.8  815s
 22456  8689 181707.213   36  121 181431.334 181953.640  0.29%  78.8  821s
 22564  8722 181570.842   39  117 181431.334 181953.280  0.29%  78.9  825s
 22735  8777 181669.584   40  116 181431.334 181952.124  0.29%  78.8  830s
 22879  8818 181459.525   39  114 181431.334 181951.257  0.29%  78.9  835s
 23043  8866 181524.403   42  104 181431.334 181949.498  0.29%  78.8  840s
 23220  8912 181674.042   39  103 181431.334 181947.801  0.28%  78.8  845s
 23401  8967 181717.473   38  112 181431.334 181946.350  0.28%  78.7  850s
 23585  9032 181476.478   42   95 181431.334 181944.107  0.28%  78.7  855s
 23758  9066 181848.243   36  123 181431.334 181941.941  0.28%  78.6  860s
 23944  9128 181726.307   37  114 181431.334 181940.785  0.28%  78.5  865s
 24131  9159 181522.707   50   85 181431.334 181939.564  0.28%  78.5  870s
 24316  9210 181621.608   43  107 181431.334 181937.910  0.28%  78.5  875s
 24483  9263 181444.808   47   83 181431.334 181936.706  0.28%  78.4  880s
 24675  9302 181439.454   39  104 181431.334 181935.278  0.28%  78.4  885s
 24853  9349 181739.102   39  100 181431.334 181933.501  0.28%  78.4  890s
 25015  9391 181509.861   41  101 181431.334 181931.787  0.28%  78.4  895s
 25188  9419 181636.786   40   97 181431.334 181930.475  0.28%  78.3  900s
 25350  9475 181529.338   48  102 181431.334 181928.934  0.27%  78.3  905s
 25511  9511 181660.839   36  113 181431.334 181928.067  0.27%  78.3  910s
 25690  9567 181614.905   40   95 181431.334 181926.822  0.27%  78.3  915s
 25866  9606     cutoff   45      181431.334 181925.056  0.27%  78.3  920s
 26015  9640 181458.049   52   86 181431.334 181924.091  0.27%  78.3  925s
 26186  9677 181501.016   44  102 181431.334 181923.168  0.27%  78.3  930s
 26365  9728     cutoff   43      181431.334 181921.660  0.27%  78.3  935s
 26523  9774 181597.999   43  112 181431.334 181920.573  0.27%  78.3  940s
 26723  9826     cutoff   49      181431.334 181919.546  0.27%  78.2  945s
 26869  9865 181623.806   41   88 181431.334 181918.371  0.27%  78.2  950s
 27054  9904 181486.113   42  108 181431.334 181917.129  0.27%  78.2  955s
 27225  9943 181443.399   43   88 181431.334 181916.216  0.27%  78.1  960s
 27413  9980     cutoff   40      181431.334 181914.915  0.27%  78.1  965s
 27578 10017 181578.692   39  122 181431.334 181914.159  0.27%  78.1  970s
 27748 10061 181794.076   34  120 181431.334 181912.988  0.27%  78.1  975s
 27915 10112 181622.142   37  111 181431.334 181911.545  0.26%  78.1  980s
 28092 10145 181532.976   40  112 181431.334 181910.351  0.26%  78.0  985s
 28277 10186 181505.425   42  112 181431.334 181909.543  0.26%  78.0  990s
 28466 10223 181723.515   40  102 181431.334 181908.685  0.26%  78.0  995s
 28634 10255 181464.424   40  101 181431.334 181907.315  0.26%  77.9 1000s
 28816 10294 181510.296   48   78 181431.334 181906.228  0.26%  77.9 1005s
 29004 10343 181440.293   43  109 181431.334 181905.503  0.26%  77.8 1010s
 29161 10373 181604.591   35  122 181431.334 181903.965  0.26%  77.8 1015s
 29283 10409 181609.024   36  109 181431.334 181903.222  0.26%  77.8 1020s
 29464 10447     cutoff   44      181431.334 181901.728  0.26%  77.7 1025s
 29655 10489 181432.559   49   87 181431.334 181901.099  0.26%  77.7 1030s
 29817 10528 181500.810   41   98 181431.334 181900.371  0.26%  77.6 1035s
 30003 10577 181533.066   46  101 181431.334 181899.342  0.26%  77.6 1040s
 30168 10611 181607.005   48  100 181431.334 181898.507  0.26%  77.6 1045s
 30358 10666 181485.843   41  114 181431.334 181897.684  0.26%  77.5 1050s
 30543 10703     cutoff   39      181431.334 181896.963  0.26%  77.4 1055s
 30733 10771 181528.633   43   99 181431.334 181896.066  0.26%  77.4 1060s
 30907 10809 181567.670   40  113 181431.334 181895.121  0.26%  77.3 1065s
 31101 10831     cutoff   45      181431.334 181893.710  0.25%  77.3 1070s
 31291 10887 181825.455   38  117 181431.334 181892.593  0.25%  77.3 1075s
 31470 10927 181681.780   35  118 181431.334 181891.777  0.25%  77.2 1080s
 31646 10962 181812.136   39  106 181431.334 181890.565  0.25%  77.2 1085s
 31824 10999 181658.115   42  104 181431.334 181889.680  0.25%  77.2 1090s
 31985 11031 181766.355   36  123 181431.334 181888.866  0.25%  77.2 1095s
 32166 11076     cutoff   40      181431.334 181887.763  0.25%  77.2 1100s
 32342 11118 181678.972   40  112 181431.334 181886.702  0.25%  77.1 1105s
 32516 11162 181457.402   42  101 181431.334 181886.138  0.25%  77.1 1110s
 32696 11190 181473.187   45  107 181431.334 181885.621  0.25%  77.1 1115s
 32896 11232 181729.243   41  111 181431.334 181884.552  0.25%  77.1 1120s
 33077 11265 181549.415   44   93 181431.334 181883.621  0.25%  77.0 1125s
 33265 11307 181480.509   44  106 181431.334 181882.438  0.25%  77.0 1130s
 33443 11353 181476.981   41  100 181431.334 181881.670  0.25%  77.0 1135s
 33620 11386 181656.810   46  105 181431.334 181880.454  0.25%  77.0 1140s
 33807 11405 181548.184   44  105 181431.334 181879.623  0.25%  76.9 1145s
 33982 11439     cutoff   41      181431.334 181878.997  0.25%  76.9 1150s
 34171 11476 181564.466   41  104 181431.334 181878.548  0.25%  76.9 1155s
 34372 11515 181550.756   40  112 181431.334 181877.583  0.25%  76.9 1160s
 34517 11541 181800.998   37  114 181431.334 181876.657  0.25%  76.9 1165s
 34710 11572 181499.547   38  110 181431.334 181875.960  0.25%  76.9 1170s
 34865 11609 181751.448   35  118 181431.334 181875.175  0.24%  76.9 1175s
 35033 11635     cutoff   44      181431.334 181874.699  0.24%  76.9 1180s
 35183 11669 181626.470   41  115 181431.334 181873.522  0.24%  76.9 1185s
 35192 11670 181735.834   35  134 181431.334 181873.518  0.24%  76.9 1206s
 35243 11685 181446.822   45  106 181431.334 181873.283  0.24%  76.9 1210s
 35400 11713     cutoff   39      181431.334 181872.205  0.24%  76.9 1215s
 35596 11745 181609.594   44  106 181431.334 181870.851  0.24%  76.9 1220s
 35780 11764 181460.271   44   98 181431.334 181869.634  0.24%  76.8 1225s
 35966 11788 181482.002   42  100 181431.334 181868.910  0.24%  76.8 1230s
 36153 11811 181625.237   39  115 181431.334 181868.251  0.24%  76.8 1235s
 36297 11847 181527.343   44  102 181431.334 181867.429  0.24%  76.8 1240s
 36469 11882 181580.367   38  110 181431.334 181866.529  0.24%  76.8 1245s
 36646 11922 181624.303   42  107 181431.334 181865.569  0.24%  76.8 1250s
 36817 11950 181738.584   37  120 181431.334 181864.913  0.24%  76.8 1255s
 36988 11971 181672.194   37  124 181431.334 181863.651  0.24%  76.8 1260s
 37160 11997     cutoff   50      181431.334 181862.037  0.24%  76.8 1265s
 37349 12025 181604.023   38  118 181431.334 181860.787  0.24%  76.8 1270s
 37525 12062     cutoff   41      181431.334 181859.743  0.24%  76.8 1275s
 37708 12087 181640.605   38  116 181431.334 181858.321  0.24%  76.7 1280s
 37829 12099 181535.702   42  109 181431.334 181857.701  0.24%  76.7 1285s
 37973 12129 181620.684   40  104 181431.334 181856.782  0.23%  76.7 1290s
 38153 12158 181434.521   35  125 181431.334 181855.748  0.23%  76.7 1295s
 38342 12189 181451.122   40  103 181431.334 181855.246  0.23%  76.7 1300s
 38521 12232 181609.736   42  106 181431.334 181854.546  0.23%  76.6 1305s
 38699 12257 181505.017   45   85 181431.334 181853.606  0.23%  76.6 1310s
 38877 12288 181734.980   41  108 181431.334 181852.828  0.23%  76.6 1315s
 39020 12313 181490.717   38  119 181431.334 181852.149  0.23%  76.6 1320s
 39204 12332 181810.792   43  109 181431.334 181850.982  0.23%  76.6 1325s
 39376 12359 181798.509   39  108 181431.334 181849.812  0.23%  76.6 1330s
 39568 12405 181513.351   39  117 181431.334 181848.791  0.23%  76.5 1335s
 39748 12439 181446.613   38  121 181431.334 181848.145  0.23%  76.5 1340s
 39922 12477 181586.332   40  105 181431.334 181847.475  0.23%  76.5 1345s
 40089 12519 181682.317   42  103 181431.334 181846.378  0.23%  76.5 1350s
 40256 12547 181826.614   37  114 181431.334 181845.244  0.23%  76.5 1355s
 40441 12579     cutoff   41      181431.334 181844.164  0.23%  76.4 1360s
 40621 12609 181534.458   43   96 181431.334 181843.713  0.23%  76.4 1365s
 40788 12619 181518.001   46   98 181431.334 181843.045  0.23%  76.5 1370s
 40955 12641     cutoff   44      181431.334 181842.064  0.23%  76.5 1375s
 41151 12664 181731.436   40  120 181431.334 181840.991  0.23%  76.4 1380s
 41336 12704 181562.135   37  110 181431.334 181840.210  0.23%  76.4 1385s
 41493 12723 181494.284   38  111 181431.334 181839.404  0.22%  76.4 1390s
 41674 12762 181522.483   38  106 181431.334 181838.819  0.22%  76.4 1395s
 41834 12799 181497.412   42  110 181431.334 181838.164  0.22%  76.4 1400s
 41986 12829 181471.378   45  109 181431.334 181837.415  0.22%  76.4 1405s
 42170 12862 181443.034   43  102 181431.334 181836.496  0.22%  76.4 1410s
 42360 12884 181476.278   47   89 181431.334 181835.439  0.22%  76.3 1415s
 42534 12891 181528.493   40  108 181431.334 181834.328  0.22%  76.3 1420s
 42703 12912 181525.160   40  109 181431.334 181833.453  0.22%  76.3 1425s
 42893 12946 181574.044   47   89 181431.334 181832.927  0.22%  76.3 1430s
 43068 12964 181601.052   44  100 181431.334 181832.397  0.22%  76.3 1435s
 43216 12984     cutoff   48      181431.334 181831.481  0.22%  76.3 1440s
 43395 13012 181513.726   41  113 181431.334 181830.991  0.22%  76.3 1445s
 43579 13042 181552.425   36  114 181431.334 181830.013  0.22%  76.2 1450s
 43734 13050 181711.125   38  111 181431.334 181829.454  0.22%  76.3 1455s
 43916 13078 181663.730   39  107 181431.334 181828.723  0.22%  76.2 1460s
 44087 13109 181612.722   46   96 181431.334 181828.331  0.22%  76.2 1465s
 44181 13131 181648.537   41  108 181431.334 181827.975  0.22%  76.3 1470s
 44346 13162 181492.769   43  111 181431.334 181827.478  0.22%  76.3 1475s
 44522 13169 181623.842   44  103 181431.334 181826.712  0.22%  76.3 1480s
 44682 13177 181438.034   39  118 181431.334 181826.321  0.22%  76.3 1485s
 44864 13202 181542.784   46   91 181431.334 181825.528  0.22%  76.3 1490s
 45036 13232 181452.633   44   95 181431.334 181825.086  0.22%  76.3 1495s
 45220 13261 181433.711   43  100 181431.334 181824.188  0.22%  76.2 1500s
 45417 13293 181732.425   35  129 181431.334 181823.411  0.22%  76.2 1505s
 45441 13302 181498.373   46   96 181431.334 181823.367  0.22%  76.2 1510s
 45596 13320 181519.266   38  116 181431.334 181822.482  0.22%  76.2 1515s
 45773 13341 181577.524   41  106 181431.334 181821.617  0.22%  76.2 1520s
 45936 13363 181585.216   39  126 181431.334 181820.596  0.21%  76.2 1525s
 46097 13384 181756.724   43  107 181431.334 181819.916  0.21%  76.2 1530s
 46290 13419 181484.871   43  114 181431.334 181819.217  0.21%  76.2 1535s
 46475 13447 181443.407   45   99 181431.334 181818.569  0.21%  76.1 1540s
 46646 13475 181753.839   44  106 181431.334 181817.941  0.21%  76.1 1545s
 46825 13506 181506.210   41  114 181431.334 181817.284  0.21%  76.1 1550s
 47005 13531 181494.822   40  108 181431.334 181816.270  0.21%  76.1 1555s
 47189 13552 181592.427   49   96 181431.334 181815.562  0.21%  76.1 1560s
 47388 13574 181445.602   44  102 181431.334 181814.771  0.21%  76.1 1565s
 47549 13583 181589.090   39  120 181431.334 181814.072  0.21%  76.1 1570s
 47722 13586 181567.958   44  101 181431.334 181813.371  0.21%  76.1 1575s
 47887 13606 181574.379   48   86 181431.334 181812.630  0.21%  76.1 1580s
 48003 13616 181536.193   46   94 181431.334 181812.275  0.21%  76.1 1585s
 48192 13625 181442.902   46  107 181431.334 181811.230  0.21%  76.0 1590s
 48349 13654 181473.687   39  116 181431.334 181810.649  0.21%  76.0 1595s
 48510 13675     cutoff   44      181431.334 181809.992  0.21%  76.0 1600s
 48694 13700 181477.215   49  100 181431.334 181809.282  0.21%  76.0 1605s
 48861 13723 181532.044   45   95 181431.334 181808.561  0.21%  76.0 1610s
 49063 13746 181482.378   43  101 181431.334 181807.941  0.21%  76.0 1615s
 49217 13754 181538.742   36  117 181431.334 181807.001  0.21%  76.0 1620s
 49400 13779     cutoff   39      181431.334 181806.597  0.21%  76.0 1625s
 49565 13791     cutoff   52      181431.334 181805.480  0.21%  76.0 1630s
 49763 13807 181473.852   42  101 181431.334 181804.542  0.21%  76.0 1635s
 49959 13831 181660.794   44  103 181431.334 181803.701  0.21%  75.9 1640s
 50146 13871 181602.509   40  108 181431.334 181802.882  0.20%  75.9 1645s
 50359 13890 181593.921   41  120 181431.334 181801.893  0.20%  75.9 1650s
 50529 13903     cutoff   44      181431.334 181800.998  0.20%  75.9 1655s
 50687 13928 181499.937   39  115 181431.334 181800.484  0.20%  75.9 1660s
 50857 13949 181579.573   35  110 181431.334 181799.941  0.20%  75.9 1665s
 51024 13966     cutoff   45      181431.334 181798.831  0.20%  75.9 1670s
 51199 13988 181448.399   47   95 181431.334 181798.055  0.20%  75.9 1675s
 51384 14007     cutoff   49      181431.334 181797.709  0.20%  75.9 1680s
 51565 14029 181455.683   38  110 181431.334 181797.079  0.20%  75.9 1685s
 51746 14047 181462.068   42   97 181431.334 181796.355  0.20%  75.9 1690s
 51923 14061 181722.118   38  123 181431.334 181795.836  0.20%  75.8 1695s
 52111 14085 181441.235   43  109 181431.334 181795.175  0.20%  75.8 1700s
 52245 14097 181499.745   43  101 181431.334 181794.645  0.20%  75.8 1705s
 52384 14110 181466.211   44   92 181431.334 181794.245  0.20%  75.8 1710s
 52590 14132 181527.113   43  106 181431.334 181793.734  0.20%  75.8 1715s
 52752 14123 181481.031   53   80 181431.334 181792.595  0.20%  75.8 1720s
 52955 14146 181724.374   36  119 181431.334 181791.948  0.20%  75.8 1725s
 53135 14182     cutoff   40      181431.334 181791.285  0.20%  75.8 1730s
 53315 14212 181536.691   37  127 181431.334 181790.683  0.20%  75.8 1735s
 53497 14234 181572.746   40  110 181431.334 181789.869  0.20%  75.7 1740s
 53685 14251 181489.379   42  107 181431.334 181789.073  0.20%  75.7 1745s
 53854 14260 181452.932   41  112 181431.334 181788.305  0.20%  75.7 1750s
 54038 14268     cutoff   35      181431.334 181787.708  0.20%  75.7 1755s
 54227 14287     cutoff   43      181431.334 181787.240  0.20%  75.7 1760s
 54405 14299 181595.623   37  112 181431.334 181786.844  0.20%  75.7 1765s
 54614 14324 181433.765   51   79 181431.334 181786.133  0.20%  75.6 1770s
 54782 14332 181448.281   39   97 181431.334 181785.531  0.20%  75.6 1775s
 54953 14333 181512.147   40  112 181431.334 181784.719  0.19%  75.6 1780s
 55123 14339     cutoff   47      181431.334 181783.676  0.19%  75.6 1785s
 55286 14340 181471.532   48   93 181431.334 181782.941  0.19%  75.7 1790s
 55466 14372 181634.109   42  104 181431.334 181782.295  0.19%  75.6 1795s
 55629 14376 181596.176   45  104 181431.334 181781.785  0.19%  75.6 1800s
 55806 14386 181457.988   46  103 181431.334 181781.058  0.19%  75.6 1805s
 55979 14403 181549.553   41  109 181431.334 181780.606  0.19%  75.6 1810s
 56164 14421 181445.871   38  108 181431.334 181779.945  0.19%  75.6 1815s
 56343 14437 181522.043   38  117 181431.334 181779.438  0.19%  75.6 1820s
 56521 14451 181566.347   45   88 181431.334 181778.482  0.19%  75.6 1825s
 56633 14477 181463.127   38  104 181431.334 181778.154  0.19%  75.6 1830s
 56840 14477 181485.737   38  105 181431.334 181777.426  0.19%  75.5 1835s
 57015 14490 181484.796   41  112 181431.334 181776.980  0.19%  75.6 1840s
 57161 14496 181631.429   37  123 181431.334 181776.577  0.19%  75.6 1845s
 57349 14504 181520.122   43  106 181431.334 181775.926  0.19%  75.5 1850s
 57496 14519 181575.656   39  117 181431.334 181775.601  0.19%  75.6 1855s
 57658 14527 181591.356   39  117 181431.334 181775.158  0.19%  75.6 1860s
 57822 14536 181480.138   45  100 181431.334 181774.326  0.19%  75.6 1865s
 58013 14547 181619.651   37  123 181431.334 181773.742  0.19%  75.6 1870s
 58199 14559 181628.836   37  118 181431.334 181773.335  0.19%  75.6 1875s
 58333 14570 181647.861   39  109 181431.334 181772.952  0.19%  75.6 1882s
 58423 14571 181435.685   44  104 181431.334 181772.680  0.19%  75.6 1885s
 58604 14577 181576.912   37  114 181431.334 181772.023  0.19%  75.6 1890s
 58782 14583 181474.045   52   90 181431.334 181771.476  0.19%  75.6 1895s
 58962 14606 181443.706   43   93 181431.334 181770.966  0.19%  75.5 1900s
 59139 14602 181547.021   45  105 181431.334 181770.526  0.19%  75.6 1905s
 59328 14613 181436.282   42  110 181431.334 181769.946  0.19%  75.5 1910s
 59525 14636 181710.083   41  112 181431.334 181769.108  0.19%  75.5 1915s
 59715 14644 181479.329   40   99 181431.334 181768.436  0.19%  75.5 1920s
 59896 14648 181582.942   38  111 181431.334 181767.636  0.19%  75.5 1925s
 60043 14658 181491.739   42  111 181431.334 181767.217  0.19%  75.5 1930s
 60183 14656 181577.511   42   97 181431.334 181766.724  0.18%  75.5 1935s
 60372 14682 181479.744   43   98 181431.334 181766.269  0.18%  75.5 1940s
 60535 14689 181462.894   42   89 181431.334 181765.373  0.18%  75.5 1945s
 60714 14703 181486.246   35  120 181431.334 181764.688  0.18%  75.5 1950s
 60897 14708 181478.388   42  106 181431.334 181763.815  0.18%  75.5 1955s
 61065 14710 181586.903   40  122 181431.334 181763.330  0.18%  75.5 1960s
 61237 14718 181457.897   46  104 181431.334 181762.664  0.18%  75.5 1965s
 61285 14714 181470.762   35  120 181431.334 181762.399  0.18%  75.5 1972s
 61365 14720 181471.288   42  111 181431.334 181762.112  0.18%  75.5 1975s
 61545 14727 181433.921   43  104 181431.334 181761.542  0.18%  75.5 1980s
 61719 14720 181603.517   42   97 181431.334 181760.952  0.18%  75.5 1985s
 61867 14723 181501.569   43   96 181431.334 181760.282  0.18%  75.6 1990s
 62034 14736 181602.304   47   92 181431.334 181759.493  0.18%  75.6 1995s
 62206 14744 181603.002   37  134 181431.334 181758.937  0.18%  75.6 2000s
 62370 14749 181465.815   42  109 181431.334 181758.101  0.18%  75.6 2005s
 62556 14750 181642.074   36  116 181431.334 181757.329  0.18%  75.6 2010s
 62733 14763 181467.507   40  116 181431.334 181756.852  0.18%  75.6 2015s
 62883 14757 181509.260   38  108 181431.334 181756.164  0.18%  75.6 2020s
 63061 14762 181591.180   37  110 181431.334 181755.646  0.18%  75.6 2025s
 63230 14774     cutoff   46      181431.334 181755.148  0.18%  75.6 2030s
 63423 14771 181609.294   41  105 181431.334 181754.640  0.18%  75.6 2035s
 63598 14774     cutoff   42      181431.334 181754.262  0.18%  75.6 2040s
 63770 14783 181493.223   42  110 181431.334 181753.685  0.18%  75.6 2045s
 63949 14788     cutoff   41      181431.334 181753.109  0.18%  75.6 2050s
 64155 14798 181650.217   39  114 181431.334 181752.732  0.18%  75.6 2055s
 64337 14804 181567.782   42  107 181431.334 181752.156  0.18%  75.6 2060s
 64500 14816 181451.387   43   97 181431.334 181751.603  0.18%  75.6 2065s
 64665 14823 181589.776   41  124 181431.334 181750.794  0.18%  75.6 2070s
 64831 14827     cutoff   44      181431.334 181750.127  0.18%  75.6 2075s
 64984 14825     cutoff   41      181431.334 181749.678  0.18%  75.6 2080s
 65182 14838     cutoff   40      181431.334 181749.106  0.18%  75.6 2085s
 65375 14849 181466.158   42  106 181431.334 181748.166  0.17%  75.6 2090s
 65531 14849 181513.891   42  108 181431.334 181747.551  0.17%  75.6 2095s
 65690 14858 181721.336   39  111 181431.334 181747.090  0.17%  75.6 2100s
 65827 14856 181448.273   44  109 181431.334 181746.435  0.17%  75.6 2105s
 65980 14849 181577.548   42  112 181431.334 181745.947  0.17%  75.6 2110s
 66148 14858 181489.890   50   93 181431.334 181745.467  0.17%  75.7 2115s
 66309 14849 181439.970   42  102 181431.334 181744.726  0.17%  75.7 2120s
 66458 14844 181659.747   42  113 181431.334 181744.047  0.17%  75.7 2125s
 66614 14829     cutoff   42      181431.334 181743.342  0.17%  75.8 2130s
 66774 14835 181446.355   43  110 181431.334 181742.892  0.17%  75.8 2135s
 66939 14833 181453.123   40  116 181431.334 181742.188  0.17%  75.8 2140s
 67094 14837 181441.397   44   86 181431.334 181741.701  0.17%  75.8 2145s
 67246 14834 181494.702   40  118 181431.334 181741.169  0.17%  75.8 2150s
 67391 14832 181436.751   44  100 181431.334 181740.487  0.17%  75.9 2155s
 67560 14827 181678.100   38  114 181431.334 181739.654  0.17%  75.9 2160s
 67725 14813 181591.478   39  114 181431.334 181738.759  0.17%  75.9 2165s
 67884 14809     cutoff   50      181431.334 181738.196  0.17%  75.9 2170s
 68049 14802     cutoff   41      181431.334 181737.514  0.17%  75.9 2175s
 68224 14801 181582.485   38  119 181431.334 181736.988  0.17%  75.9 2180s
 68380 14801 181475.881   38  119 181431.334 181736.368  0.17%  76.0 2185s
 68544 14803 181451.646   46  104 181431.334 181736.005  0.17%  76.0 2190s
 68727 14800     cutoff   38      181431.334 181735.561  0.17%  76.0 2195s
 68886 14792 181524.796   37  121 181431.334 181734.890  0.17%  76.0 2200s
 69044 14783 181442.075   40  104 181431.334 181734.217  0.17%  76.0 2205s
 69228 14789     cutoff   36      181431.334 181733.584  0.17%  76.0 2210s
 69391 14785 181468.497   40  109 181431.334 181732.994  0.17%  76.0 2215s
 69575 14790     cutoff   42      181431.334 181732.177  0.17%  76.0 2220s
 69735 14784 181462.354   41  114 181431.334 181731.677  0.17%  76.0 2225s
 69889 14774 181494.532   41   98 181431.334 181731.014  0.17%  76.0 2230s
 70034 14751 181636.902   44  106 181431.334 181730.327  0.16%  76.1 2235s
 70200 14746 181475.075   41  112 181431.334 181729.834  0.16%  76.1 2240s
 70351 14740 181536.609   37  113 181431.334 181729.184  0.16%  76.1 2245s
 70525 14725 181603.853   39  103 181431.334 181728.392  0.16%  76.1 2250s
 70712 14724 181447.011   38  127 181431.334 181727.728  0.16%  76.1 2255s
 70859 14713 181682.413   46   99 181431.334 181727.281  0.16%  76.2 2260s
 71034 14711 181581.362   43  122 181431.334 181726.598  0.16%  76.2 2265s
 71151 14703 181505.111   40  113 181431.334 181726.124  0.16%  76.2 2272s
 71214 14701 181630.512   39  113 181431.334 181725.892  0.16%  76.2 2275s
 71371 14695 181529.367   38  116 181431.334 181725.275  0.16%  76.2 2280s
 71550 14693 181433.725   43  104 181431.334 181724.510  0.16%  76.2 2285s
 71721 14679 181436.112   40  103 181431.334 181723.826  0.16%  76.2 2290s
 71879 14664     cutoff   37      181431.334 181723.214  0.16%  76.3 2295s
 72024 14655 181454.349   39  112 181431.334 181722.594  0.16%  76.3 2300s
 72168 14643 181540.134   38  113 181431.334 181722.097  0.16%  76.3 2305s
 72332 14627 181454.951   42  106 181431.334 181721.471  0.16%  76.3 2310s
 72492 14616     cutoff   40      181431.334 181720.828  0.16%  76.3 2315s
 72649 14608     cutoff   44      181431.334 181720.190  0.16%  76.3 2320s
 72806 14592 181446.302   38  126 181431.334 181719.576  0.16%  76.4 2325s
 72969 14581 181547.628   44  107 181431.334 181718.873  0.16%  76.4 2330s
 73119 14578 181467.266   48   89 181431.334 181718.610  0.16%  76.4 2335s
 73307 14575 181450.386   43  119 181431.334 181717.746  0.16%  76.4 2340s
 73462 14558 181476.980   42  107 181431.334 181716.977  0.16%  76.4 2345s
 73633 14555 181598.390   39  112 181431.334 181716.610  0.16%  76.4 2350s
 73786 14542 181449.185   40  104 181431.334 181715.762  0.16%  76.5 2355s
 73948 14529 181452.854   36  117 181431.334 181715.198  0.16%  76.5 2360s
 74115 14525 181449.479   45   97 181431.334 181714.697  0.16%  76.5 2365s
 74248 14514 181540.367   45  101 181431.334 181714.194  0.16%  76.5 2386s
 74343 14513 181453.251   40  119 181431.334 181713.893  0.16%  76.5 2390s
 74509 14502 181526.793   39  107 181431.334 181713.465  0.16%  76.5 2395s
 74657 14500 181522.318   39  123 181431.334 181713.133  0.16%  76.5 2400s
 74808 14487 181510.008   42  105 181431.334 181712.270  0.15%  76.6 2405s
 74938 14468 181489.665   45  114 181431.334 181711.616  0.15%  76.6 2410s
 75081 14450 181486.333   44   94 181431.334 181711.185  0.15%  76.6 2415s
 75221 14442     cutoff   41      181431.334 181710.739  0.15%  76.7 2420s
 75364 14422 181437.146   38  109 181431.334 181710.023  0.15%  76.7 2425s
 75500 14406 181447.656   40  123 181431.334 181709.328  0.15%  76.7 2430s
 75639 14387 181523.252   39  123 181431.334 181708.816  0.15%  76.8 2435s
 75781 14367 181550.139   42  112 181431.334 181708.048  0.15%  76.8 2440s
 75923 14347 181443.259   42  120 181431.334 181707.526  0.15%  76.8 2445s
 76076 14339 181466.962   35  124 181431.334 181706.849  0.15%  76.9 2450s
 76224 14323 181443.523   40  116 181431.334 181706.184  0.15%  76.9 2455s
 76367 14296 181495.886   45  107 181431.334 181705.526  0.15%  76.9 2460s
 76496 14269 181456.598   40  112 181431.334 181704.757  0.15%  77.0 2465s
 76653 14258 181569.473   36  130 181431.334 181704.075  0.15%  77.0 2470s
 76813 14239     cutoff   37      181431.334 181703.321  0.15%  77.0 2475s
 76971 14218     cutoff   38      181431.334 181702.704  0.15%  77.0 2480s
 77104 14196 181551.319   42  115 181431.334 181702.122  0.15%  77.1 2485s
 77241 14182 181506.034   43   94 181431.334 181701.749  0.15%  77.1 2490s
 77347 14172 181546.011   39  109 181431.334 181701.155  0.15%  77.1 2496s
 77444 14153 181585.831   39  108 181431.334 181700.758  0.15%  77.2 2500s
 77624 14139 181443.451   41  111 181431.334 181700.216  0.15%  77.2 2505s
 77770 14116     cutoff   45      181431.334 181699.470  0.15%  77.2 2510s
 77909 14103 181594.979   42  110 181431.334 181698.727  0.15%  77.2 2515s
 78053 14080 181500.006   48  100 181431.334 181698.074  0.15%  77.3 2520s
 78189 14047 181461.416   44  115 181431.334 181697.205  0.15%  77.3 2525s
 78330 14019 181567.370   37  106 181431.334 181696.557  0.15%  77.3 2530s
 78497 13991 181472.413   42   96 181431.334 181695.824  0.15%  77.4 2535s
 78659 13985     cutoff   37      181431.334 181695.165  0.15%  77.4 2540s
 78801 13966     cutoff   39      181431.334 181694.336  0.14%  77.4 2545s
 78949 13945     cutoff   39      181431.334 181693.739  0.14%  77.4 2550s
 79079 13922     cutoff   39      181431.334 181693.229  0.14%  77.5 2555s
 79215 13893 181433.032   42  112 181431.334 181692.627  0.14%  77.5 2560s
 79357 13864     cutoff   42      181431.334 181691.812  0.14%  77.6 2565s
 79504 13850     cutoff   46      181431.334 181691.092  0.14%  77.6 2570s
 79644 13819     cutoff   39      181431.334 181690.111  0.14%  77.6 2575s
 79792 13798     cutoff   45      181431.334 181689.374  0.14%  77.6 2580s
 79953 13790 181475.774   38  116 181431.334 181688.907  0.14%  77.7 2585s
 80107 13766 181534.820   39   99 181431.334 181687.889  0.14%  77.7 2590s
 80247 13734 181554.988   38  117 181431.334 181687.310  0.14%  77.7 2595s
 80396 13713 181471.986   38  115 181431.334 181686.684  0.14%  77.8 2600s
 80531 13688 181470.823   41  106 181431.334 181686.174  0.14%  77.8 2605s
 80668 13654     cutoff   41      181431.334 181685.555  0.14%  77.8 2610s
 80810 13630 181508.112   44   97 181431.334 181684.938  0.14%  77.9 2615s
 80993 13620 181435.237   41  118 181431.334 181684.346  0.14%  77.9 2620s
 81140 13606 181504.245   42   97 181431.334 181683.677  0.14%  77.9 2625s
 81302 13589 181543.434   40  106 181431.334 181682.793  0.14%  77.9 2630s
 81442 13558 181517.498   48   96 181431.334 181682.177  0.14%  77.9 2635s
 81598 13527 181542.266   42  109 181431.334 181681.568  0.14%  78.0 2640s
 81739 13495     cutoff   45      181431.334 181680.920  0.14%  78.0 2645s
 81870 13456 181449.776   43  103 181431.334 181680.059  0.14%  78.0 2650s
 82008 13427 181583.029   39  115 181431.334 181679.090  0.14%  78.1 2655s
 82103 13404 181487.869   40  115 181431.334 181678.582  0.14%  78.1 2660s
 82250 13378 181454.796   41  105 181431.334 181677.928  0.14%  78.1 2665s
 82373 13353 181490.524   43   98 181431.334 181677.270  0.14%  78.1 2670s
 82522 13329     cutoff   35      181431.334 181676.735  0.14%  78.2 2675s
 82681 13313 181586.971   40  115 181431.334 181676.238  0.13%  78.2 2680s
 82832 13294 181522.873   44  107 181431.334 181675.491  0.13%  78.2 2685s
 82987 13270 181483.078   37  116 181431.334 181674.903  0.13%  78.2 2690s
 83154 13249 181501.271   48  112 181431.334 181674.352  0.13%  78.2 2695s
 83315 13221 181454.054   45  104 181431.334 181673.755  0.13%  78.3 2700s
 83460 13191     cutoff   40      181431.334 181673.125  0.13%  78.3 2705s
 83642 13171 181523.317   42  112 181431.334 181672.699  0.13%  78.3 2710s
 83806 13153 181496.882   43  111 181431.334 181672.027  0.13%  78.3 2715s
 83947 13122 181532.587   36  122 181431.334 181671.360  0.13%  78.4 2720s
 84083 13099 181528.550   35  127 181431.334 181670.770  0.13%  78.4 2725s
 84227 13062 181483.578   44   97 181431.334 181669.927  0.13%  78.4 2730s
 84381 13035 181463.704   41  108 181431.334 181669.270  0.13%  78.4 2735s
 84539 12999 181578.895   43  102 181431.334 181668.657  0.13%  78.5 2740s
 84695 12958 181499.632   36  120 181431.334 181667.911  0.13%  78.5 2745s
 84711 12956 181503.704   41  106 181431.334 181667.891  0.13%  78.5 2756s
 84819 12937 181553.379   48   94 181431.334 181667.268  0.13%  78.5 2760s
 84988 12910 181438.150   52   83 181431.334 181666.541  0.13%  78.5 2765s
 85122 12875 181466.440   46   98 181431.334 181665.952  0.13%  78.5 2770s
 85189 12866 181464.061   51   88 181431.334 181665.632  0.13%  78.5 2775s
 85363 12845     cutoff   37      181431.334 181664.974  0.13%  78.5 2780s
 85502 12821 181493.198   50   84 181431.334 181664.284  0.13%  78.6 2785s
 85653 12789 181463.453   51   86 181431.334 181663.718  0.13%  78.6 2790s
 85789 12755     cutoff   42      181431.334 181663.117  0.13%  78.6 2795s
 85937 12727 181432.035   41  116 181431.334 181662.484  0.13%  78.6 2800s
 86087 12698 181508.700   40  107 181431.334 181661.654  0.13%  78.6 2805s
 86237 12673 181526.137   40  115 181431.334 181660.990  0.13%  78.7 2810s
 86388 12639 181587.165   34  119 181431.334 181660.383  0.13%  78.7 2815s
 86542 12606     cutoff   44      181431.334 181659.896  0.13%  78.7 2820s
 86680 12565     cutoff   38      181431.334 181659.109  0.13%  78.7 2825s
 86824 12537 181478.231   41  100 181431.334 181658.401  0.13%  78.8 2830s
 86971 12499 181459.460   39  114 181431.334 181657.655  0.12%  78.8 2835s
 87098 12457 181568.267   41  116 181431.334 181656.978  0.12%  78.8 2840s
 87237 12401 181494.212   40  109 181431.334 181656.052  0.12%  78.9 2845s
 87405 12364     cutoff   43      181431.334 181655.248  0.12%  78.9 2850s
 87559 12324 181489.818   40  108 181431.334 181654.684  0.12%  78.9 2855s
 87698 12270 181448.686   36  116 181431.334 181653.642  0.12%  78.9 2860s
 87855 12248 181474.325   43  115 181431.334 181653.095  0.12%  79.0 2865s
 87995 12204     cutoff   48      181431.334 181652.429  0.12%  79.0 2870s
 88157 12178     cutoff   40      181431.334 181651.799  0.12%  79.0 2875s
 88302 12126     cutoff   46      181431.334 181650.847  0.12%  79.0 2880s
 88462 12105     cutoff   37      181431.334 181650.206  0.12%  79.0 2885s
 88601 12059 181475.341   39  125 181431.334 181649.406  0.12%  79.1 2890s
 88740 12016     cutoff   41      181431.334 181648.576  0.12%  79.1 2895s
 88901 11976 181526.902   46  105 181431.334 181647.818  0.12%  79.1 2900s
 89057 11935     cutoff   46      181431.334 181646.845  0.12%  79.1 2905s
 89206 11895     cutoff   36      181431.334 181645.999  0.12%  79.1 2910s
 89380 11867 181452.895   37  113 181431.334 181645.470  0.12%  79.1 2915s
 89541 11822 181468.004   42  108 181431.334 181644.735  0.12%  79.2 2920s
 89695 11780     cutoff   43      181431.334 181644.189  0.12%  79.2 2925s
 89835 11730 181475.275   39  120 181431.334 181643.439  0.12%  79.2 2930s
 89977 11683     cutoff   42      181431.334 181642.592  0.12%  79.2 2935s
 90129 11638 181466.282   44  110 181431.334 181641.765  0.12%  79.3 2940s
 90275 11596 181524.723   47  113 181431.334 181641.197  0.12%  79.3 2945s
 90437 11564     cutoff   45      181431.334 181640.583  0.12%  79.3 2950s
 90577 11493     cutoff   43      181431.334 181639.605  0.11%  79.3 2955s
 90730 11446 181572.568   46   98 181431.334 181638.817  0.11%  79.4 2960s
 90812 11428 181537.146   43   98 181431.334 181638.392  0.11%  79.4 2965s
 90980 11376     cutoff   38      181431.334 181637.615  0.11%  79.4 2970s
 91132 11334 181467.319   46   92 181431.334 181636.865  0.11%  79.4 2975s
 91285 11285 181480.398   39  107 181431.334 181635.968  0.11%  79.4 2980s
 91447 11251 181522.005   40  114 181431.334 181635.467  0.11%  79.4 2985s
 91625 11201 181495.944   51   84 181431.334 181634.405  0.11%  79.4 2990s
 91776 11163 181506.787   43  110 181431.334 181633.746  0.11%  79.4 2995s
 91919 11103 181490.332   48   99 181431.334 181632.565  0.11%  79.5 3000s
 92067 11055     cutoff   47      181431.334 181631.690  0.11%  79.5 3005s
 92207 11007 181490.719   40  104 181431.334 181630.978  0.11%  79.5 3010s
 92372 10966 181452.626   42  102 181431.334 181630.335  0.11%  79.5 3015s
 92545 10911 181450.055   40  110 181431.334 181629.387  0.11%  79.5 3020s
 92688 10865 181515.458   48   89 181431.334 181628.785  0.11%  79.6 3025s
 92829 10829 181441.766   47   94 181431.334 181628.153  0.11%  79.6 3030s
 92971 10780     cutoff   41      181431.334 181627.496  0.11%  79.6 3035s
 93135 10728 181475.855   38  109 181431.334 181626.780  0.11%  79.6 3040s
 93291 10663 181537.342   39  102 181431.334 181625.899  0.11%  79.6 3045s
 93441 10599     cutoff   37      181431.334 181625.061  0.11%  79.6 3050s
 93597 10538 181532.250   38  110 181431.334 181624.002  0.11%  79.7 3055s
 93746 10481     cutoff   38      181431.334 181623.059  0.11%  79.7 3060s
 93920 10443     cutoff   49      181431.334 181622.432  0.11%  79.7 3065s
 94085 10393     cutoff   38      181431.334 181621.638  0.10%  79.7 3070s
 94249 10340     cutoff   43      181431.334 181620.808  0.10%  79.7 3075s
 94399 10270     cutoff   41      181431.334 181619.817  0.10%  79.7 3080s
 94573 10222 181447.279   47  114 181431.334 181619.078  0.10%  79.7 3085s
 94715 10158     cutoff   42      181431.334 181618.379  0.10%  79.7 3090s
 94815 10115 181443.689   36  115 181431.334 181617.612  0.10%  79.7 3096s
 94939 10079     cutoff   40      181431.334 181617.060  0.10%  79.8 3100s
 95108 10006 181466.123   47  110 181431.334 181616.019  0.10%  79.8 3105s
 95257  9925     cutoff   40      181431.334 181615.150  0.10%  79.8 3110s
 95414  9875 181467.880   46   96 181431.334 181614.543  0.10%  79.8 3115s
 95573  9812     cutoff   44      181431.334 181613.546  0.10%  79.8 3120s
 95738  9762 181486.953   37  120 181431.334 181612.826  0.10%  79.8 3125s
 95876  9703 181458.352   36  114 181431.334 181611.852  0.10%  79.8 3130s
 95911  9690 181491.807   42  108 181431.334 181611.664  0.10%  79.8 3139s
 95919  9684     cutoff   38      181431.334 181611.619  0.10%  79.8 3140s
 96086  9626     cutoff   41      181431.334 181610.744  0.10%  79.8 3145s
 96251  9584 181444.065   45   92 181431.334 181610.019  0.10%  79.8 3150s
 96427  9524     cutoff   48      181431.334 181609.075  0.10%  79.8 3155s
 96578  9475     cutoff   38      181431.334 181608.340  0.10%  79.8 3160s
 96763  9396 181497.156   48  101 181431.334 181607.221  0.10%  79.8 3165s
 96929  9328 181474.690   41   99 181431.334 181606.122  0.10%  79.8 3170s
 97099  9276 181448.057   37  113 181431.334 181605.381  0.10%  79.8 3175s
 97277  9195 181461.022   46  103 181431.334 181604.346  0.10%  79.8 3180s
 97454  9137     cutoff   48      181431.334 181603.561  0.09%  79.8 3185s
 97618  9074     cutoff   44      181431.334 181602.754  0.09%  79.8 3190s
 97770  8997 181492.295   43   99 181431.334 181601.695  0.09%  79.9 3195s
 97948  8938 181440.299   46  101 181431.334 181600.940  0.09%  79.9 3200s
 98120  8878 181456.888   38  114 181431.334 181600.051  0.09%  79.9 3205s
 98296  8824 181488.555   38  121 181431.334 181599.144  0.09%  79.9 3210s
 98460  8775     cutoff   43      181431.334 181598.461  0.09%  79.9 3215s
 98631  8708     cutoff   43      181431.334 181597.555  0.09%  79.9 3220s
 98795  8643 181444.022   50   89 181431.334 181596.733  0.09%  79.9 3225s
 98966  8557     cutoff   47      181431.334 181595.847  0.09%  79.9 3230s
 99148  8490 181433.636   53   80 181431.334 181594.885  0.09%  79.9 3235s
 99332  8417 181483.508   43   91 181431.334 181593.992  0.09%  79.9 3240s
 99516  8327 181444.522   40  107 181431.334 181592.728  0.09%  79.9 3245s
 99687  8249 181447.176   44   95 181431.334 181591.724  0.09%  79.8 3250s
 99773  8208 181439.959   43  107 181431.334 181591.304  0.09%  79.9 3255s
 99950  8131 181443.638   45   99 181431.334 181590.202  0.09%  79.9 3260s
 100136  8044 181477.572   51   83 181431.334 181588.881  0.09%  79.8 3265s
 100321  7950 181481.636   44   91 181431.334 181587.715  0.09%  79.8 3270s
 100497  7883 181463.967   46   91 181431.334 181586.894  0.09%  79.8 3275s
 100678  7813 181488.986   49   97 181431.334 181585.937  0.09%  79.8 3280s
 100836  7740 181433.719   46   92 181431.334 181584.923  0.08%  79.8 3285s
 101033  7635 181445.549   44  104 181431.334 181583.758  0.08%  79.8 3290s
 101197  7550     cutoff   44      181431.334 181582.843  0.08%  79.8 3295s
 101363  7448 181461.015   43  102 181431.334 181581.807  0.08%  79.8 3300s
 101536  7359 181458.011   38  121 181431.334 181580.322  0.08%  79.8 3305s
 101706  7256 181472.919   48  109 181431.334 181579.101  0.08%  79.8 3310s
 101862  7187 181524.772   47   94 181431.334 181578.191  0.08%  79.8 3315s
 102048  7130 181502.745   49   86 181431.334 181577.297  0.08%  79.8 3320s
 102232  7051     cutoff   47      181431.334 181576.310  0.08%  79.8 3325s
 102413  6963     cutoff   39      181431.334 181575.124  0.08%  79.8 3330s
 102614  6873 181471.498   43  106 181431.334 181573.812  0.08%  79.8 3335s
 102791  6783 181471.599   46  105 181431.334 181572.780  0.08%  79.8 3340s
 102974  6691 181453.635   50   86 181431.334 181571.625  0.08%  79.8 3345s
 103166  6604 181450.099   46  108 181431.334 181570.564  0.08%  79.8 3350s
 103336  6531 181471.700   47  106 181431.334 181569.562  0.08%  79.7 3355s
 103524  6432     cutoff   43      181431.334 181568.472  0.08%  79.7 3360s
 103706  6344     cutoff   45      181431.334 181567.184  0.07%  79.7 3365s
 103891  6241     cutoff   40      181431.334 181565.918  0.07%  79.7 3370s
 104049  6162     cutoff   49      181431.334 181565.000  0.07%  79.7 3375s
 104221  6065 181434.663   41  105 181431.334 181563.906  0.07%  79.7 3380s
 104390  5955     cutoff   44      181431.334 181562.498  0.07%  79.7 3385s
 104611  5838 181444.129   42   97 181431.334 181561.106  0.07%  79.7 3390s
 104759  5725     cutoff   42      181431.334 181559.866  0.07%  79.7 3395s
 104941  5623     cutoff   55      181431.334 181558.438  0.07%  79.7 3400s
 105123  5531 181462.820   49   80 181431.334 181557.336  0.07%  79.7 3405s
 105302  5445 181432.301   51   95 181431.334 181556.247  0.07%  79.6 3410s
 105478  5324     cutoff   40      181431.334 181554.786  0.07%  79.6 3415s
 105695  5215     cutoff   41      181431.334 181553.441  0.07%  79.6 3420s
 105899  5083     cutoff   42      181431.334 181551.529  0.07%  79.6 3425s
 106088  4968     cutoff   41      181431.334 181550.022  0.07%  79.6 3430s
 106289  4856 181438.759   45   90 181431.334 181548.553  0.06%  79.5 3435s
 106499  4728     cutoff   43      181431.334 181547.029  0.06%  79.5 3440s
 106685  4614 181476.380   41  106 181431.334 181545.618  0.06%  79.5 3445s
 106908  4471 181451.802   49   98 181431.334 181544.011  0.06%  79.5 3450s
 107112  4335 181448.045   48   88 181431.334 181542.276  0.06%  79.4 3455s
 107229  4254     cutoff   42      181431.334 181541.290  0.06%  79.4 3460s
 107422  4126 181436.127   48   93 181431.334 181539.295  0.06%  79.4 3465s
 107611  3991 181444.081   45  107 181431.334 181537.567  0.06%  79.4 3470s
 107812  3881 181480.120   49   82 181431.334 181535.801  0.06%  79.4 3475s
 108053  3708     cutoff   45      181431.334 181533.287  0.06%  79.3 3480s
 108298  3553 181437.549   44  101 181431.334 181530.734  0.05%  79.3 3485s
 108496  3413 181465.958   52   84 181431.334 181528.556  0.05%  79.3 3490s
 108569  3361 181464.799   38  104 181431.334 181527.795  0.05%  79.3 3510s
 108756  3223     cutoff   44      181431.334 181525.744  0.05%  79.2 3515s
 108946  3112     cutoff   48      181431.334 181524.016  0.05%  79.2 3520s
 109177  2949     cutoff   39      181431.334 181521.319  0.05%  79.2 3525s
 109411  2775     cutoff   43      181431.334 181518.446  0.05%  79.1 3530s
 109645  2603 181439.700   52   88 181431.334 181515.345  0.05%  79.1 3535s
 109899  2403 181443.038   50   92 181431.334 181511.593  0.04%  79.0 3540s
 110120  2234 181482.271   48   99 181431.334 181508.229  0.04%  79.0 3545s
 110364  2077     cutoff   47      181431.334 181504.843  0.04%  78.9 3550s
 110637  1848     cutoff   47      181431.334 181499.661  0.04%  78.8 3555s
 110869  1649 181438.263   49   86 181431.334 181495.248  0.04%  78.8 3560s
 111142  1407     cutoff   47      181431.334 181489.165  0.03%  78.7 3565s
 111447  1148 181433.065   40  109 181431.334 181482.297  0.03%  78.6 3570s
 111783   864     cutoff   48      181431.334 181472.444  0.02%  78.5 3575s
 112145   529     cutoff   46      181431.334 181459.329  0.02%  78.3 3580s
 112661    13     cutoff   64      181431.334 181432.133  0.00%  78.0 3585s

Cutting planes:
  Gomory: 7
  Lift-and-project: 2
  MIR: 846
  Flow cover: 514
  RLT: 55
  Relax-and-lift: 34
  Lazy constraints: 2176

Explored 112675 nodes (8789168 simplex iterations) in 3585.11 seconds (4391.40 work units)
Thread count was 1 (of 52 available processors)

Solution count 10: 181431 181351 181181 ... 174200

Optimal solution found (tolerance 0.00e+00)
Best objective 1.814313343553e+05, best bound 1.814313343553e+05, gap 0.0000%

User-callback calls 535037, time in user-callback 2.44 sec

CPU time spent in the second stage: 3585.11 sec
The LP relaxation bound at the root node: 183775.490035
Termination status of the second stage: OPTIMAL

------------------ end of the second stage -----------------

Total CPU time: 3614.09 sec
Percentage optimality gap: 0.00 %
CPU time spent in separating the cuts: 25.17 sec
Number of explored nodes: 112675
Objective value of the returned solution: 181431.334355
Optimal facility locations: [47, 48, 54, 63, 77, 89, 90, 113, 116, 123, 128, 139, 146, 168, 170, 195, 208, 214, 229, 230, 238, 244, 251, 257, 258, 274, 284, 307, 323, 328, 338, 339, 349, 354, 356, 364, 384, 395, 397]

@end of file
