Set parameter TimeLimit to value 7200
Setting sB&C+LSI: The proposed B&C algorithm based on formulation (40) (equipped with the lifted submodular inequalities), with only the second stage implemented
Gurobi Optimizer version 11.0.1 build v11.0.1rc0 (linux64 - "CentOS Linux 7 (Core)")

CPU model: Intel(R) Xeon(R) Gold 6230R CPU @ 2.10GHz, instruction set [SSE2|AVX|AVX2|AVX512]
Thread count: 52 physical cores, 52 logical processors, using up to 1 threads

Optimize a model with 800 rows, 1100 columns and 800 nonzeros
Model fingerprint: 0x411a9b63
Variable types: 800 continuous, 300 integer (300 binary)
Coefficient statistics:
  Matrix range     [1e+00, 1e+00]
  Objective range  [1e+01, 2e+03]
  Bounds range     [0e+00, 0e+00]
  RHS range        [3e-04, 1e+00]
Found heuristic solution: objective -8.24962e+14
Presolve removed 800 rows and 0 columns
Presolve time: 0.00s
Presolved: 0 rows, 1100 columns, 0 nonzeros
Variable types: 800 continuous, 300 integer (300 binary)
Found heuristic solution: objective -8.24962e+14

Root relaxation: objective 3.475371e+05, 0 iterations, 0.00 seconds (0.00 work units)

    Nodes    |    Current Node    |     Objective Bounds      |     Work
 Expl Unexpl |  Obj  Depth IntInf | Incumbent    BestBd   Gap | It/Node Time

     0     0 347537.131    0    - -8.250e+14 347537.131   100%     -    0s
     0     0 298783.424    0   56 -8.250e+14 298783.424   100%     -    0s
     0     0 229009.839    0   98 -8.250e+14 229009.839   100%     -    1s
H    0     0                    169890.24639 228899.902  34.7%     -    2s
H    0     0                    172499.10780 228899.902  32.7%     -    2s
     0     2 210417.944    0   92 172499.108 210417.944  22.0%     -    3s
    15    17 209464.010   12   89 172499.108 210417.944  22.0%  28.3    5s
    45    47 193421.245   36   85 172499.108 210417.944  22.0%   135   10s
*  151   119             126    190714.98822 210417.944  10.3%  70.3   13s
   177   141 195459.935   21   87 190714.988 210173.202  10.2%  80.7   15s
*  285   195             113    191566.23185 210173.202  9.71%  67.6   18s
   299   203 194891.444   13  102 191566.232 210155.098  9.70%  72.6   20s
   434   328 192857.202   42   43 191566.232 210067.624  9.66%  70.0   25s
*  486   317              93    192001.74215 210067.624  9.41%  65.1   25s
   534   356 192200.212   72   98 192001.742 210046.527  9.40%  68.8   90s
   536   357 194077.634   23  108 192001.742 196027.522  2.10%  68.6  100s
   541   361 193357.174   36  127 192001.742 195139.905  1.63%  68.0  107s
   542   361 194882.109    4  134 192001.742 194882.109  1.50%  67.8  111s
   547   365 193152.711   42  138 192001.742 194836.740  1.48%  67.2  115s
   549   366 192048.680   79  135 192001.742 194755.422  1.43%  67.0  120s
   553   369 194665.023   31  139 192001.742 194665.023  1.39%  66.5  127s
   561   374 193424.153   35  137 192001.742 194665.023  1.39%  65.5  130s
   572   383 194659.575   16  133 192001.742 194659.575  1.38%  78.6  135s
   584   391 194388.302   22  108 192001.742 194610.263  1.36%  80.0  140s
   598   401 194073.806   29   94 192001.742 194610.263  1.36%  81.7  145s
   613   411 193276.653   36   76 192001.742 194610.263  1.36%  82.7  150s
H  623   391                    192973.31727 194610.263  0.85%  82.4  152s
H  625   370                    193105.71341 194610.263  0.78%  82.3  152s
H  631   345                    193199.13178 194610.263  0.73%  82.2  152s
   665   343 194252.768   22  112 193199.132 194610.252  0.73%  80.7  155s
   698   356 194426.026   20  126 193199.132 194593.373  0.72%  81.7  160s
   742   373 194479.963   17  124 193199.132 194592.955  0.72%  83.8  166s
   778   397 193760.796   35   91 193199.132 194592.955  0.72%  87.2  170s
   846   417 193417.120   33  103 193199.132 194539.716  0.69%  90.9  175s
   916   419 194346.369   18  129 193199.132 194537.230  0.69%  94.4  180s
   971   443 193796.114   29  101 193199.132 194508.254  0.68%  96.0  185s
* 1008   374              65    193519.06815 194508.254  0.51%  94.4  186s
  1060   385 194167.552   22  112 193519.068 194464.955  0.49%  95.0  190s
  1121   400 193692.416   34   93 193519.068 194339.342  0.42%  96.0  195s
  1186   407 194260.656   22  122 193519.068 194311.948  0.41%  95.6  201s
  1246   408     cutoff   34      193519.068 194295.204  0.40%  96.0  205s
  1313   408 193741.194   24  114 193519.068 194275.397  0.39%  97.3  210s
  1378   407 193974.594   23  122 193519.068 194246.709  0.38%  98.4  215s
  1486   403 193962.881   23  115 193519.068 194206.119  0.36%  97.3  220s
  1569   427 194135.740   20  122 193519.068 194194.808  0.35%  97.4  226s
  1615   445 193587.299   29  108 193519.068 194186.996  0.35%  97.8  230s
  1668   457 193709.608   29  113 193519.068 194180.025  0.34%  98.5  235s
  1738   470 193563.001   26  106 193519.068 194169.349  0.34%  98.7  240s
  1795   484 193585.783   26  111 193519.068 194165.887  0.33%  99.1  245s
  1867   497 193856.138   25  103 193519.068 194160.388  0.33%  99.4  250s
  1911   517 193575.792   23  116 193519.068 194149.469  0.33%   100  255s
  1995   540 193764.993   25  108 193519.068 194137.635  0.32%   100  260s
  2062   550 193708.435   24  111 193519.068 194127.512  0.31%   101  265s
  2149   577 193649.262   30   96 193519.068 194120.489  0.31%   101  270s
  2224   599 193886.663   24  117 193519.068 194102.844  0.30%   101  275s
H 2262   571                    193557.00259 194094.372  0.28%   101  278s
  2286   579 193755.318   31   96 193557.003 194083.335  0.27%   101  280s
  2345   582 193723.809   24  121 193557.003 194073.486  0.27%   100  286s
  2388   587 193677.615   28  106 193557.003 194067.642  0.26%   101  290s
  2417   586 193645.428   26  107 193557.003 194058.774  0.26%   101  296s
  2443   585 193567.062   29   98 193557.003 194058.381  0.26%   100  302s
  2458   583 193648.544   28  101 193557.003 194056.802  0.26%   100  306s
  2500   588 193782.870   23  119 193557.003 194054.334  0.26%   100  310s
  2544   591 193611.512   26  101 193557.003 194052.460  0.26%   100  316s
  2585   591     cutoff   25      193557.003 194041.277  0.25%   100  320s
  2628   596 193712.112   26  116 193557.003 194033.208  0.25%   100  326s
  2655   595 193921.241   25  106 193557.003 194029.641  0.24%   100  330s
  2732   604 193927.312   25  105 193557.003 194019.125  0.24%   100  335s
  2793   623 193709.104   24  120 193557.003 194013.803  0.24%   100  340s
  2877   633 193636.028   27  105 193557.003 194003.027  0.23%   100  345s
  2969   643 193782.892   27  116 193557.003 193996.010  0.23%  99.3  350s
  2997   649 193659.569   30  102 193557.003 193991.278  0.22%  99.4  355s
  3060   660 193897.189   27  117 193557.003 193984.770  0.22%   100  362s
  3106   661 193931.548   23  127 193557.003 193975.940  0.22%   100  365s
  3178   663 193661.935   28  108 193557.003 193967.496  0.21%   100  371s
  3243   677 193643.819   29  106 193557.003 193962.137  0.21%   100  375s
  3342   689     cutoff   29      193557.003 193950.303  0.20%  99.3  380s
  3446   684 193860.026   26  110 193557.003 193937.798  0.20%  99.3  385s
  3536   697 193624.423   25  118 193557.003 193922.357  0.19%  98.9  391s
  3632   702 193779.168   21  125 193557.003 193915.837  0.19%  98.3  395s
  3735   715 193829.707   27  105 193557.003 193907.430  0.18%  98.2  400s
  3809   716 193613.323   28  114 193557.003 193902.379  0.18%  98.2  406s
  3851   714 193593.638   26  121 193557.003 193900.490  0.18%  98.4  410s
  3933   716     cutoff   28      193557.003 193893.562  0.17%  98.2  415s
  4018   726 193663.437   25  114 193557.003 193889.624  0.17%  98.0  420s
  4074   723 193566.315   27  111 193557.003 193886.435  0.17%  97.8  425s
  4159   725 193722.275   28  107 193557.003 193879.268  0.17%  97.5  430s
  4245   726     cutoff   31      193557.003 193871.440  0.16%  97.6  435s
  4275   720 193744.828   29   95 193557.003 193866.908  0.16%  97.7  441s
  4355   726 193618.809   27   98 193557.003 193861.931  0.16%  97.4  445s
  4441   734 193699.404   21  131 193557.003 193859.345  0.16%  97.4  450s
  4524   735 193674.493   27   95 193557.003 193852.002  0.15%  97.5  455s
  4621   733     cutoff   25      193557.003 193847.241  0.15%  97.2  460s
  4659   736 193692.706   30  103 193557.003 193844.703  0.15%  97.3  465s
  4753   740 193579.303   27  109 193557.003 193840.297  0.15%  97.5  470s
  4793   739 193670.162   26  102 193557.003 193838.904  0.15%  97.6  475s
  4915   730 193665.972   26  101 193557.003 193829.307  0.14%  97.3  480s
  5018   717 193617.768   29  108 193557.003 193820.567  0.14%  97.2  485s
  5114   708 193721.983   29  103 193557.003 193810.171  0.13%  97.1  491s
  5185   706 193650.712   26  106 193557.003 193806.628  0.13%  97.0  495s
  5289   702 193604.358   25  101 193557.003 193797.471  0.12%  97.0  500s
  5358   690     cutoff   27      193557.003 193792.102  0.12%  97.2  505s
  5448   675 193740.532   22  120 193557.003 193785.968  0.12%  97.1  512s
  5490   668 193627.291   29   96 193557.003 193782.618  0.12%  97.3  515s
  5583   657     cutoff   33      193557.003 193778.520  0.11%  97.3  520s
  5674   650     cutoff   28      193557.003 193774.489  0.11%  97.1  525s
  5735   641 193602.522   26  108 193557.003 193772.895  0.11%  97.1  534s
  5740   638     cutoff   27      193557.003 193772.533  0.11%  97.1  535s
  5813   624 193622.555   29  106 193557.003 193767.301  0.11%  97.1  540s
  5883   613 193604.754   27  101 193557.003 193763.465  0.11%  97.0  545s
  5972   595 193604.661   26  108 193557.003 193757.730  0.10%  97.0  550s
  6043   584 193638.322   30   94 193557.003 193749.636  0.10%  97.1  556s
  6097   570 193634.111   26  114 193557.003 193744.928  0.10%  97.2  560s
  6206   576 193616.163   34   88 193557.003 193740.951  0.10%  96.9  565s
  6286   558     cutoff   30      193557.003 193735.999  0.09%  97.1  570s
  6334   552 193583.915   31   88 193557.003 193734.749  0.09%  97.1  575s
  6443   533 193570.291   28  101 193557.003 193729.848  0.09%  97.0  580s
  6551   510     cutoff   34      193557.003 193721.261  0.08%  96.9  585s
  6640   492     cutoff   30      193557.003 193716.504  0.08%  96.9  590s
  6760   458     cutoff   34      193557.003 193708.353  0.08%  96.7  595s
  6861   415 193574.877   29  104 193557.003 193697.437  0.07%  96.8  600s
  6900   399 193561.223   31  103 193557.003 193690.310  0.07%  96.8  605s
  7014   347 193580.397   33  103 193557.003 193677.029  0.06%  96.6  610s
  7135   300 193582.444   27  111 193557.003 193667.377  0.06%  96.3  615s
  7262   222     cutoff   26      193557.003 193647.748  0.05%  96.0  620s
  7413   109     cutoff   32      193557.003 193610.398  0.03%  95.4  625s

Cutting planes:
  Lift-and-project: 3
  MIR: 597
  Flow cover: 334
  RLT: 2
  Lazy constraints: 566

Explored 7529 nodes (711899 simplex iterations) in 627.93 seconds (798.04 work units)
Thread count was 1 (of 52 available processors)

Solution count 10: 193557 193519 193199 ... 169890

Optimal solution found (tolerance 0.00e+00)
Best objective 1.935570025872e+05, best bound 1.935570025872e+05, gap 0.0000%

User-callback calls 96925, time in user-callback 3.63 sec

Total CPU time: 627.93 sec
Termination status: OPTIMAL
Percentage optimality gap: 0.00 %
Number of explored nodes: 7529
Objective value of the returned solution: 193557.002587
The LP relaxation bound at the root node: 210417.943754
Optimal facility locations: [4, 12, 19, 31, 37, 38, 55, 70, 74, 90, 115, 116, 125, 139, 143, 144, 146, 150, 164, 169, 179, 183, 186, 195, 210, 212, 213, 216, 221, 249, 251, 256, 259, 272, 292, 295]

@end of file
