Set parameter TimeLimit to value 7200
Setting GBD: A two-stage implementation of the stage-of-the-art generalized Benders decomposition (GBD) approach proposed by Lin & Tian (2021).

----------------- start of the first stage -----------------

Iter     Best Incumbent      BestBound     Gap      Time  #VioCuts
1                 0.000     348064.781   100.0       0.1       800
2                 0.000     337812.211   100.0       0.2       800
3            135362.702     317561.942    57.4       0.4       763
4            135362.702     299218.666    54.8       0.7       625
5            135362.702     292117.253    53.7       1.0       361
6            135362.702     290416.696    53.4       1.2       132
7            135362.702     290158.389    53.3       1.3        81
8            135362.702     290013.835    53.3       1.5        21
9            135362.702     290005.643    53.3       1.6         9
10           135362.702     290005.260    53.3       1.8         0

CPU time spent in the first stage: 2.17 sec
Upper bound returned at the end of the first stage: 290005.260146
Objective value of the optimal solution or the best incumbent at the end of the first stage: 135362.701528
Number of cuts added at the end of the first stage for the initialization of the relaxed MILP problem: 892
Termination status of the first stage: LP Optimal

------------------ end of the first stage ------------------


----------------- start of the second stage ----------------

Gurobi Optimizer version 11.0.1 build v11.0.1rc0 (linux64 - "CentOS Linux 7 (Core)")

CPU model: Intel(R) Xeon(R) Gold 6230R CPU @ 2.10GHz, instruction set [SSE2|AVX|AVX2|AVX512]
Thread count: 52 physical cores, 52 logical processors, using up to 1 threads


Warning: excessive time spent in model updates.
Consider calling update less frequently.

Optimize a model with 1694 rows, 900 columns and 8112 nonzeros
Model fingerprint: 0x97454e37
Variable types: 800 continuous, 100 integer (0 binary)
Coefficient statistics:
  Matrix range     [2e-09, 2e+03]
  Objective range  [1e+01, 2e+03]
  Bounds range     [1e+00, 1e+00]
  RHS range        [3e-05, 4e+05]

Loaded user MIP start with objective 135363

Presolve removed 801 rows and 0 columns
Presolve time: 0.02s
Presolved: 893 rows, 900 columns, 6412 nonzeros
Variable types: 800 continuous, 100 integer (100 binary)

Root relaxation: objective 2.842011e+05, 69 iterations, 0.00 seconds (0.00 work units)

    Nodes    |    Current Node    |     Objective Bounds      |     Work
 Expl Unexpl |  Obj  Depth IntInf | Incumbent    BestBd   Gap | It/Node Time

     0     0 284201.132    0    9 135362.702 284201.132   110%     -    0s
     0     0 280536.524    0   33 135362.702 280536.524   107%     -    0s
     0     2 280390.828    0   33 135362.702 280390.828   107%     -    0s
H   71    71                    247637.04736 276260.059  11.6%  94.5    1s
H   72    72                    249605.35173 276260.059  10.7%  94.2    1s
*   82    80              60    260969.87340 276260.059  5.86%  84.2    2s
H  146   122                    261598.39222 276259.385  5.60%  66.4    2s
H  147   118                    261712.00830 276259.385  5.56%  66.1    2s
*  148   105              55    263711.79953 276259.385  4.76%  65.6    2s
*  502   313              54    264056.61097 267846.447  1.44%  56.2    4s
   578   374 264322.179   43   33 264056.611 267757.261  1.40%  54.2    5s
   582   377 264935.064   14   64 264056.611 264935.064  0.33%  53.8   10s
   592   385 264510.491   15   54 264056.611 264513.775  0.17%  58.3   15s
H  614   358                    264362.47044 264501.180  0.05%  58.1   16s

Cutting planes:
  Gomory: 5
  Implied bound: 13
  MIR: 208
  Mixing: 1
  Flow cover: 420
  RLT: 7
  Lazy constraints: 39

Explored 659 nodes (37444 simplex iterations) in 17.18 seconds (16.36 work units)
Thread count was 1 (of 52 available processors)

Solution count 8: 264362 264057 263712 ... 135363

Optimal solution found (tolerance 0.00e+00)
Best objective 2.643624704421e+05, best bound 2.643624704421e+05, gap 0.0000%

User-callback calls 7457, time in user-callback 0.14 sec

CPU time spent in the second stage: 17.18 sec
The LP relaxation bound at the root node: 280390.827948
Termination status of the second stage: OPTIMAL

------------------ end of the second stage -----------------

Total CPU time: 18.94 sec
Percentage optimality gap: 0.00 %
CPU time spent in separating the cuts: 1.12 sec
Number of explored nodes: 659
Objective value of the returned solution: 264362.470442
Optimal facility locations: [2, 5, 6, 21, 22, 27, 39, 43, 46, 50, 52, 56, 63, 64, 67, 68, 76, 80, 83, 86, 87, 91, 98, 100]

@end of file
