Set parameter TimeLimit to value 7200
Setting sB&C+LSI: The proposed B&C algorithm based on formulation (40) (equipped with the lifted submodular inequalities), with only the second stage implemented
Gurobi Optimizer version 11.0.1 build v11.0.1rc0 (linux64 - "CentOS Linux 7 (Core)")

CPU model: Intel(R) Xeon(R) Gold 6230R CPU @ 2.10GHz, instruction set [SSE2|AVX|AVX2|AVX512]
Thread count: 52 physical cores, 52 logical processors, using up to 1 threads

Optimize a model with 800 rows, 900 columns and 800 nonzeros
Model fingerprint: 0x26a9b2a9
Variable types: 800 continuous, 100 integer (100 binary)
Coefficient statistics:
  Matrix range     [1e+00, 1e+00]
  Objective range  [1e+01, 2e+03]
  Bounds range     [0e+00, 0e+00]
  RHS range        [7e-05, 1e+00]
Found heuristic solution: objective -8.24962e+14
Presolve removed 800 rows and 0 columns
Presolve time: 0.00s
Presolved: 0 rows, 900 columns, 0 nonzeros
Variable types: 800 continuous, 100 integer (100 binary)
Found heuristic solution: objective -8.24962e+14

Root relaxation: objective 3.569006e+05, 0 iterations, 0.00 seconds (0.00 work units)

    Nodes    |    Current Node    |     Objective Bounds      |     Work
 Expl Unexpl |  Obj  Depth IntInf | Incumbent    BestBd   Gap | It/Node Time

     0     0 356900.568    0    - -8.250e+14 356900.568   100%     -    0s
     0     0 333499.777    0   23 -8.250e+14 333499.777   100%     -    0s
H    0     0                    188593.96106 333499.777  76.8%     -    0s
     0     0 300195.321    0   46 188593.961 300195.321  59.2%     -    0s
     0     2 299853.396    0   46 188593.961 299853.396  59.0%     -    1s
    30    32 263930.398   20   45 188593.961 282315.787  49.7%   268    5s
*   61    59              44    261751.38934 282315.787  7.86%   182    6s
   145   130 264390.824   20   38 261751.389 282201.027  7.81%   151   10s
   241   209 265879.495    4   62 261751.389 281897.713  7.70%   149   15s
*  290   175              43    262770.52057 281897.713  7.28%   142   17s
   309   188 263870.043   20   45 262770.521 281894.862  7.28%   151   20s
   409   232 264422.213   12   60 262770.521 281818.610  7.25%   147   25s
   484   281 265432.434    5   63 262770.521 281630.630  7.18%   152   30s
   594   378 262803.410   29   46 262770.521 281571.098  7.15%   149   44s
   596   379 263695.172   26   66 262770.521 266563.924  1.44%   148   55s
   597   380 262891.667   38   72 262770.521 265885.078  1.19%   148   60s
   599   381 264653.461   14   76 262770.521 265772.507  1.14%   147   69s
   600   382 265010.102   13   75 262770.521 265772.507  1.14%   147   74s
   601   383 264148.204   24   76 262770.521 265701.423  1.12%   147   79s
   602   383 264930.632   16   75 262770.521 265701.423  1.12%   147   84s
   603   384 263502.590   25   76 262770.521 265655.459  1.10%   146   89s
   604   385 263139.545   27   76 262770.521 265655.459  1.10%   146   94s
   605   385 264049.912   25   76 262770.521 265655.459  1.10%   146   96s
   610   391 265478.186   17   66 262770.521 265513.604  1.04%   157  100s
   624   400 264805.357   24   49 262770.521 265508.136  1.04%   158  105s
   640   411 264106.281   32   31 262770.521 265508.136  1.04%   157  110s
*  675   398              50    263478.74563 265508.136  0.77%   152  113s
   681   392 265427.172   16   71 263478.746 265507.512  0.77%   152  115s
   691   399 265092.023   21   60 263478.746 265507.512  0.77%   154  120s
*  751   396              52    263593.99677 265507.512  0.73%   149  123s
   761   400 264551.872   20   57 263593.997 265409.309  0.69%   150  125s
   808   418 265024.890   19   64 263593.997 265409.110  0.69%   148  130s
   865   437 264891.971   21   62 263593.997 265341.401  0.66%   148  135s
*  936   387              42    263904.16319 265340.653  0.54%   146  138s
   941   382 265224.098   21   59 263904.163 265323.645  0.54%   145  140s
  1022   406 264624.104   24   57 263904.163 265277.027  0.52%   146  145s
  1070   423 264761.462   20   60 263904.163 265250.621  0.51%   146  150s
  1144   436 264844.064   19   61 263904.163 265151.454  0.47%   145  155s
  1189   438 265074.836   18   72 263904.163 265117.712  0.46%   145  161s
  1225   450     cutoff   31      263904.163 265099.528  0.45%   145  165s
  1263   456 264083.269   27   48 263904.163 265094.892  0.45%   145  170s
  1328   460 265019.902   20   66 263904.163 265081.230  0.45%   144  176s
  1367   470 263939.746   28   55 263904.163 265063.899  0.44%   144  180s
  1450   472 264304.630   28   55 263904.163 264993.041  0.41%   143  185s
  1512   461 264911.825   22   63 263904.163 264973.457  0.41%   142  190s
  1546   467 264502.855   27   44 263904.163 264970.076  0.40%   142  195s
  1616   481 264278.035   25   50 263904.163 264950.941  0.40%   142  200s
  1680   506 263942.373   27   55 263904.163 264941.039  0.39%   141  205s
  1746   528 264466.209   26   52 263904.163 264917.184  0.38%   141  210s
  1820   556 264473.060   24   62 263904.163 264908.655  0.38%   140  215s
  1898   576 264765.815   22   65 263904.163 264893.784  0.37%   140  220s
  1967   603 264594.541   21   62 263904.163 264883.189  0.37%   140  225s
  2025   618 264426.824   24   57 263904.163 264877.898  0.37%   140  230s
  2100   648 264169.808   31   36 263904.163 264868.069  0.37%   139  235s
  2155   655 264789.325   19   64 263904.163 264851.919  0.36%   138  240s
  2202   670 264169.884   21   55 263904.163 264838.372  0.35%   139  245s
  2306   682 264613.703   21   68 263904.163 264822.434  0.35%   137  250s
  2342   693 264261.492   25   56 263904.163 264821.155  0.35%   137  255s
  2427   715 264288.602   24   51 263904.163 264804.289  0.34%   137  260s
  2523   745 264624.670   23   62 263904.163 264789.871  0.34%   136  265s
  2578   765 264054.488   28   54 263904.163 264781.455  0.33%   136  270s
  2678   797 264149.517   33   42 263904.163 264765.250  0.33%   135  275s
* 2692   802              47    263910.86475 264765.250  0.32%   134  275s
  2759   817 264146.394   23   66 263910.865 264761.922  0.32%   134  280s
  2825   834 264405.694   24   66 263910.865 264752.832  0.32%   133  285s
  2890   847 264496.330   22   55 263910.865 264750.342  0.32%   134  290s
H 2994   862                    263925.68864 264745.116  0.31%   132  295s
  3075   881 264355.821   26   52 263925.689 264737.364  0.31%   131  300s
H 3148   885                    263928.17093 264729.355  0.30%   131  305s
  3212   904 264332.495   29   46 263928.171 264714.964  0.30%   131  310s
  3287   918 264262.484   28   44 263928.171 264707.624  0.30%   130  315s
  3377   932 264354.447   23   58 263928.171 264702.213  0.29%   129  320s
  3445   945 264382.474   24   61 263928.171 264698.047  0.29%   129  325s
  3515   959 264038.854   23   57 263928.171 264691.004  0.29%   129  330s
  3586   978     cutoff   29      263928.171 264677.283  0.28%   128  335s
  3677   995 264185.487   24   49 263928.171 264671.633  0.28%   128  340s
  3767  1000 264322.518   26   59 263928.171 264661.974  0.28%   127  345s
  3861  1018 264264.787   23   57 263928.171 264657.714  0.28%   127  350s
  3942  1028 264005.057   29   42 263928.171 264655.162  0.28%   126  355s
  4010  1043 264272.340   27   47 263928.171 264647.361  0.27%   126  360s
  4100  1052 264040.851   26   44 263928.171 264642.103  0.27%   125  365s
  4152  1061 264306.364   28   45 263928.171 264641.290  0.27%   125  370s
  4217  1075 264336.333   23   53 263928.171 264633.486  0.27%   125  375s
  4300  1091     cutoff   29      263928.171 264625.556  0.26%   125  380s
  4369  1102 263997.166   30   45 263928.171 264621.960  0.26%   125  385s
  4443  1106 264201.819   26   58 263928.171 264618.559  0.26%   125  390s
  4517  1115 263977.278   33   48 263928.171 264609.844  0.26%   125  395s
  4589  1127 264141.503   26   58 263928.171 264606.371  0.26%   125  400s
  4664  1135     cutoff   27      263928.171 264604.250  0.26%   125  405s
  4755  1141     cutoff   22      263928.171 264601.800  0.26%   124  410s
  4803  1146 264170.463   25   51 263928.171 264596.954  0.25%   125  415s
  4878  1151 264251.781   25   59 263928.171 264589.069  0.25%   125  420s
  4951  1160     cutoff   30      263928.171 264585.350  0.25%   125  425s
  5044  1171 264320.651   26   55 263928.171 264581.239  0.25%   124  430s
  5132  1179 264330.019   24   54 263928.171 264572.238  0.24%   124  435s
  5233  1190 264245.378   21   57 263928.171 264564.046  0.24%   123  440s
  5304  1191 264040.588   30   51 263928.171 264561.493  0.24%   123  445s
  5402  1203 263936.091   24   62 263928.171 264557.032  0.24%   123  450s
  5504  1209 263987.100   29   39 263928.171 264553.737  0.24%   122  455s
  5590  1216     cutoff   23      263928.171 264546.391  0.23%   122  460s
  5675  1225 264112.587   25   44 263928.171 264541.595  0.23%   122  465s
  5775  1241 264280.786   27   52 263928.171 264539.029  0.23%   122  470s
  5864  1247 264330.886   25   50 263928.171 264533.630  0.23%   122  475s
  5966  1259 264140.021   27   50 263928.171 264529.662  0.23%   121  480s
  6054  1271 264089.764   27   56 263928.171 264524.424  0.23%   121  485s
  6132  1278 264223.432   25   54 263928.171 264520.685  0.22%   121  490s
  6202  1282 264277.467   24   56 263928.171 264516.789  0.22%   121  495s
  6286  1288 264227.331   25   52 263928.171 264513.692  0.22%   121  500s
  6368  1282     cutoff   26      263928.171 264507.877  0.22%   121  505s
  6456  1297 264380.393   30   48 263928.171 264502.101  0.22%   121  510s
  6555  1305 264330.358   28   44 263928.171 264493.839  0.21%   121  515s
  6659  1306 264161.526   24   53 263928.171 264490.910  0.21%   120  520s
  6750  1311 264392.948   25   56 263928.171 264487.442  0.21%   120  525s
  6845  1317 264122.299   25   55 263928.171 264480.887  0.21%   120  530s
  6926  1318 264032.071   29   50 263928.171 264478.236  0.21%   120  535s
  7008  1324 264065.233   34   36 263928.171 264474.370  0.21%   120  540s
  7100  1318 264376.018   26   57 263928.171 264472.693  0.21%   120  545s
  7201  1323     cutoff   25      263928.171 264466.260  0.20%   119  550s
  7293  1324 264039.054   25   49 263928.171 264461.925  0.20%   119  555s
  7409  1321 264014.430   21   60 263928.171 264457.127  0.20%   119  560s
  7500  1313     cutoff   28      263928.171 264451.485  0.20%   119  565s
  7594  1311 263937.519   31   49 263928.171 264448.907  0.20%   119  570s
  7689  1322 264291.095   28   46 263928.171 264445.219  0.20%   118  575s
  7806  1329 263931.699   26   58 263928.171 264442.365  0.19%   118  580s
  7915  1331     cutoff   29      263928.171 264437.945  0.19%   118  585s
  8024  1338 264305.450   22   56 263928.171 264432.292  0.19%   117  590s
  8118  1338 264227.120   24   61 263928.171 264429.451  0.19%   117  595s
  8195  1345 264127.584   27   45 263928.171 264427.436  0.19%   117  600s
  8281  1347 264132.576   23   56 263928.171 264422.804  0.19%   117  605s
  8366  1340     cutoff   27      263928.171 264418.797  0.19%   117  610s
  8459  1337 264105.701   26   44 263928.171 264412.656  0.18%   117  615s
  8548  1333 264232.972   24   58 263928.171 264410.841  0.18%   117  620s
  8625  1331 264093.675   25   57 263928.171 264406.780  0.18%   117  625s
  8716  1338 263954.152   26   51 263928.171 264400.472  0.18%   117  630s
  8806  1344 264180.317   28   49 263928.171 264396.233  0.18%   117  635s
  8915  1343 264079.789   26   54 263928.171 264391.814  0.18%   117  640s
  8991  1339 264033.437   27   52 263928.171 264389.543  0.17%   117  645s
  9089  1332 264185.166   27   52 263928.171 264383.101  0.17%   117  650s
  9188  1332 264069.478   27   58 263928.171 264379.780  0.17%   117  655s
  9282  1330 264025.947   28   48 263928.171 264376.268  0.17%   117  660s
  9378  1322 264081.580   25   54 263928.171 264373.006  0.17%   117  665s
  9494  1318 263969.288   24   65 263928.171 264367.993  0.17%   116  670s
  9590  1310 263961.470   28   46 263928.171 264363.479  0.16%   116  675s
  9669  1308 263980.125   24   54 263928.171 264361.651  0.16%   116  680s
  9795  1300     cutoff   27      263928.171 264357.035  0.16%   116  685s
  9871  1291 263932.769   25   50 263928.171 264352.514  0.16%   116  690s
  9974  1285 264100.810   27   61 263928.171 264346.794  0.16%   116  695s
 10076  1273 264033.274   27   56 263928.171 264340.431  0.16%   115  700s
 10171  1266 264154.531   28   44 263928.171 264337.539  0.16%   115  705s
 10268  1263 264025.965   25   50 263928.171 264335.802  0.15%   115  710s
 10370  1259     cutoff   28      263928.171 264331.809  0.15%   115  715s
 10465  1251     cutoff   29      263928.171 264328.202  0.15%   115  720s
 10596  1250 263943.473   28   42 263928.171 264321.781  0.15%   114  725s
 10692  1242 264019.354   29   47 263928.171 264319.224  0.15%   114  730s
 10801  1235     cutoff   27      263928.171 264315.437  0.15%   114  735s
 10906  1224     cutoff   27      263928.171 264311.245  0.15%   114  740s
 11027  1217 264216.235   28   49 263928.171 264306.924  0.14%   114  745s
 11132  1204 263991.115   23   52 263928.171 264301.974  0.14%   114  750s
 11241  1188 263942.845   22   54 263928.171 264294.086  0.14%   114  755s
 11345  1172 263972.294   24   57 263928.171 264290.252  0.14%   114  760s
 11451  1162     cutoff   29      263928.171 264288.120  0.14%   113  765s
 11556  1146 263984.916   28   44 263928.171 264285.357  0.14%   113  770s
 11667  1134 264095.591   30   38 263928.171 264282.457  0.13%   113  775s
 11763  1120 263950.336   29   57 263928.171 264279.437  0.13%   113  780s
 11863  1103     cutoff   23      263928.171 264275.639  0.13%   113  785s
 11953  1095     cutoff   33      263928.171 264273.407  0.13%   113  790s
 12051  1078 263947.689   29   46 263928.171 264270.488  0.13%   113  795s
 12160  1071 264036.048   29   47 263928.171 264267.340  0.13%   113  800s
 12249  1052 264176.999   32   39 263928.171 264262.920  0.13%   113  805s
 12356  1050 264031.470   28   53 263928.171 264260.620  0.13%   112  810s
 12455  1044 263982.323   30   50 263928.171 264256.945  0.12%   112  815s
 12555  1037 264035.541   34   43 263928.171 264252.908  0.12%   112  820s
 12670  1023 263940.923   30   38 263928.171 264251.226  0.12%   112  825s
 12776  1012 263945.457   29   49 263928.171 264246.599  0.12%   112  830s
 12876   995 264098.219   25   56 263928.171 264243.583  0.12%   112  835s
 12983   976 263961.364   30   47 263928.171 264238.410  0.12%   112  840s
 13095   955 264014.446   28   48 263928.171 264234.959  0.12%   112  845s
 13207   944 264027.529   30   43 263928.171 264231.081  0.11%   111  850s
 13325   923 263990.482   26   53 263928.171 264226.109  0.11%   111  855s
 13428   899 264031.541   24   60 263928.171 264221.673  0.11%   111  860s
 13536   870 263929.614   28   47 263928.171 264214.367  0.11%   111  865s
 13671   854 263932.862   32   44 263928.171 264209.682  0.11%   111  870s
 13809   836 263942.484   32   31 263928.171 264204.520  0.10%   111  875s
 13930   804 264058.674   31   39 263928.171 264200.745  0.10%   111  880s
 14042   777 263951.178   28   54 263928.171 264195.115  0.10%   111  885s
 14168   751 263983.904   27   46 263928.171 264187.863  0.10%   111  890s
 14313   720 264009.120   34   35 263928.171 264183.299  0.10%   110  895s
 14447   683 263992.451   31   44 263928.171 264176.405  0.09%   110  900s
 14590   663 263993.237   32   45 263928.171 264170.196  0.09%   110  905s
 14722   625 263992.404   31   46 263928.171 264161.377  0.09%   110  910s
 14838   595 263964.965   28   51 263928.171 264154.724  0.09%   110  915s
 14960   554 264017.863   27   50 263928.171 264144.402  0.08%   110  920s
 15089   519     cutoff   31      263928.171 264137.044  0.08%   109  925s
 15224   469 264046.055   32   38 263928.171 264124.808  0.07%   109  930s
 15371   427 263992.671   28   38 263928.171 264113.760  0.07%   109  935s
 15514   382     cutoff   28      263928.171 264103.147  0.07%   109  940s
 15590   362 264009.724   32   32 263928.171 264094.054  0.06%   109  945s
 15683   326 263944.386   28   47 263928.171 264083.117  0.06%   109  950s
 15773   281     cutoff   29      263928.171 264067.498  0.05%   108  955s
 15911   196     cutoff   35      263928.171 264039.721  0.04%   108  960s
 16116    65     cutoff   29      263928.171 263977.633  0.02%   108  965s

Cutting planes:
  Gomory: 2
  Lift-and-project: 2
  MIR: 598
  Flow cover: 564
  RLT: 16
  Relax-and-lift: 10
  Lazy constraints: 636

Explored 16187 nodes (1735150 simplex iterations) in 965.94 seconds (1428.28 work units)
Thread count was 1 (of 52 available processors)

Solution count 10: 263928 263926 263911 ... -8.24962e+14

Optimal solution found (tolerance 0.00e+00)
Best objective 2.639281709283e+05, best bound 2.639281709283e+05, gap 0.0000%

User-callback calls 157347, time in user-callback 2.04 sec

Total CPU time: 965.94 sec
Termination status: OPTIMAL
Percentage optimality gap: 0.00 %
Number of explored nodes: 16187
Objective value of the returned solution: 263928.170928
The LP relaxation bound at the root node: 299853.396309
Optimal facility locations: [2, 5, 6, 22, 27, 28, 29, 35, 39, 43, 50, 55, 56, 64, 67, 69, 71, 80, 82, 83, 85, 86, 87, 91, 96, 98, 100]

@end of file
