Set parameter TimeLimit to value 7200
Setting sB&C+LSI: The proposed B&C algorithm based on formulation (40) (equipped with the lifted submodular inequalities), with only the second stage implemented
Gurobi Optimizer version 11.0.1 build v11.0.1rc0 (linux64 - "CentOS Linux 7 (Core)")

CPU model: Intel(R) Xeon(R) Gold 6230R CPU @ 2.10GHz, instruction set [SSE2|AVX|AVX2|AVX512]
Thread count: 52 physical cores, 52 logical processors, using up to 1 threads

Optimize a model with 800 rows, 900 columns and 800 nonzeros
Model fingerprint: 0xd45c426b
Variable types: 800 continuous, 100 integer (100 binary)
Coefficient statistics:
  Matrix range     [1e+00, 1e+00]
  Objective range  [1e+01, 2e+03]
  Bounds range     [0e+00, 0e+00]
  RHS range        [3e-05, 1e+00]
Found heuristic solution: objective -8.24962e+14
Presolve removed 800 rows and 0 columns
Presolve time: 0.00s
Presolved: 0 rows, 900 columns, 0 nonzeros
Variable types: 800 continuous, 100 integer (100 binary)
Found heuristic solution: objective -8.24962e+14

Root relaxation: objective 3.480648e+05, 0 iterations, 0.00 seconds (0.00 work units)

    Nodes    |    Current Node    |     Objective Bounds      |     Work
 Expl Unexpl |  Obj  Depth IntInf | Incumbent    BestBd   Gap | It/Node Time

     0     0 348064.781    0    - -8.250e+14 348064.781   100%     -    0s
     0     0 329024.916    0   24 -8.250e+14 329024.916   100%     -    0s
H    0     0                    155189.66292 329024.916   112%     -    0s
     0     0 300621.162    0   37 155189.663 300621.162  93.7%     -    0s
     0     2 300451.696    0   37 155189.663 300451.696  93.6%     -    0s
H   60    60                    257074.60788 278546.122  8.35%  59.6    1s
*   62    60              47    258802.66376 278546.122  7.63%  58.3    1s
H   94    63                    261894.50539 278478.430  6.33%  57.3    1s
H   95    63                    261932.08840 278478.430  6.32%  56.7    1s
*   96    62              26    262188.20133 278478.430  6.21%  56.2    1s
*  127    64              24    263014.49021 278366.983  5.84%  52.4    1s
H  149    73                    263113.56415 278307.300  5.77%  52.0    1s
H  150    71                    263207.54958 278307.300  5.74%  51.6    1s
*  151    71              20    263243.39869 278307.300  5.72%  51.4    1s
H  184    56                    263860.76602 278248.975  5.45%  52.7    1s
H  185    42                    264268.48502 278248.975  5.29%  52.4    1s
*  186    41              14    264362.47044 278248.975  5.25%  52.2    1s

Cutting planes:
  Lazy constraints: 2936

Explored 611 nodes (23592 simplex iterations) in 3.21 seconds (3.38 work units)
Thread count was 1 (of 52 available processors)

Solution count 9: 264362 263243 263014 ... -8.24962e+14

Optimal solution found (tolerance 0.00e+00)
Best objective 2.643624704421e+05, best bound 2.643624704421e+05, gap 0.0000%

User-callback calls 2060, time in user-callback 0.13 sec

Total CPU time: 3.21 sec
Termination status: OPTIMAL
Percentage optimality gap: 0.00 %
Number of explored nodes: 611
Objective value of the returned solution: 264362.470442
The LP relaxation bound at the root node: 300451.696358
Optimal facility locations: [2, 5, 6, 21, 22, 27, 39, 43, 46, 50, 52, 56, 63, 64, 67, 68, 76, 80, 83, 86, 87, 91, 98, 100]

@end of file
