Set parameter TimeLimit to value 7200
Setting sB&C+LSI: The proposed B&C algorithm based on formulation (40) (equipped with the lifted submodular inequalities), with only the second stage implemented
Gurobi Optimizer version 11.0.1 build v11.0.1rc0 (linux64 - "CentOS Linux 7 (Core)")

CPU model: Intel(R) Xeon(R) Gold 6230R CPU @ 2.10GHz, instruction set [SSE2|AVX|AVX2|AVX512]
Thread count: 52 physical cores, 52 logical processors, using up to 1 threads

Optimize a model with 800 rows, 1000 columns and 800 nonzeros
Model fingerprint: 0xf7734456
Variable types: 800 continuous, 200 integer (200 binary)
Coefficient statistics:
  Matrix range     [1e+00, 1e+00]
  Objective range  [1e+01, 2e+03]
  Bounds range     [0e+00, 0e+00]
  RHS range        [4e-04, 1e+00]
Found heuristic solution: objective -7.96256e+14
Presolve removed 800 rows and 0 columns
Presolve time: 0.00s
Presolved: 0 rows, 1000 columns, 0 nonzeros
Variable types: 800 continuous, 200 integer (200 binary)
Found heuristic solution: objective -7.96256e+14

Root relaxation: objective 3.405535e+05, 0 iterations, 0.00 seconds (0.00 work units)

    Nodes    |    Current Node    |     Objective Bounds      |     Work
 Expl Unexpl |  Obj  Depth IntInf | Incumbent    BestBd   Gap | It/Node Time

     0     0 340553.477    0    - -7.963e+14 340553.477   100%     -    0s
     0     0 301335.481    0   48 -7.963e+14 301335.481   100%     -    0s
     0     0 246273.043    0   83 -7.963e+14 246273.043   100%     -    3s
H    0     0                    188170.50247 246059.167  30.8%     -    5s
     0     2 219672.449    0   80 188170.502 219672.449  16.7%     -    5s
    30    32 203988.845   22   73 188170.502 219576.156  16.7%   115   10s
    59    61 200778.767   46   52 188170.502 219576.156  16.7%   153   15s
*   87    81              70    200270.22337 219576.156  9.64%   115   15s
   116   106 204537.608   23   67 200270.223 219545.156  9.62%   132   20s
   216   206 205146.320   28   54 200270.223 219533.265  9.62%   103   25s
*  267   181              68    202742.05556 219533.265  8.28%  94.5   26s
   329   237 203228.398   49   47 202742.056 219450.329  8.24%   102   30s
*  368   261              87    202751.09281 219450.329  8.24%  93.6   30s
   444   321 205502.751    4   91 202751.093 219279.169  8.15%  96.2   36s
   495   364 204960.145   12   74 202751.093 219240.908  8.13%   101   40s
   541   409 206023.699    7   83 202751.093 219240.908  8.13%  96.3   50s
   543   410 204348.872   22   99 202751.093 206652.308  1.92%  96.0   64s
   544   411 203196.401   27  104 202751.093 206015.712  1.61%  95.8   69s
   547   413 203000.178   61  104 202751.093 206013.803  1.61%  95.3   73s
   548   414 204197.152   14  111 202751.093 205834.874  1.52%  95.1   78s
   552   416 205013.973   22  110 202751.093 205821.691  1.51%  94.4   82s
   553   417 203226.829   48  113 202751.093 205722.723  1.47%  94.2   88s
   556   419 202871.072   35  113 202751.093 205722.723  1.47%  93.7   93s
   557   420 203896.297   16  109 202751.093 205675.518  1.44%  93.6   98s
   560   422 205675.518    7  112 202751.093 205675.518  1.44%  93.1  103s
   565   425 203174.334   54  114 202751.093 205634.789  1.42%  92.2  105s
   569   430 205549.037   12  111 202751.093 205623.375  1.42%   107  111s
   572   432 205226.189   13  107 202751.093 205548.892  1.38%   108  115s
   582   438 205100.218   18   94 202751.093 205548.892  1.38%   109  120s
   592   445 204596.829   23   87 202751.093 205548.892  1.38%   111  125s
   602   452 204310.741   28   72 202751.093 205548.892  1.38%   111  130s
   616   461 204005.391   35   57 202751.093 205548.892  1.38%   112  135s
   656   483 205506.935   13  106 202751.093 205548.560  1.38%   111  141s
   666   489 204997.600   18   95 202751.093 205548.560  1.38%   114  145s
   713   521 204133.045   42   46 202751.093 205548.560  1.38%   116  150s
*  739   502              55    203558.73637 205548.560  0.98%   114  151s
   749   499 205095.226   15  102 203558.736 205298.313  0.85%   115  155s
   776   517 204535.127   29   76 203558.736 205298.313  0.85%   119  160s
*  832   474              57    203915.49426 205298.313  0.68%   117  163s
   848   479 204661.274   22   80 203915.494 205296.508  0.68%   118  165s
*  907   460              52    204003.31113 205296.508  0.63%   118  168s
   919   466 204344.822   21   73 204003.311 205273.700  0.62%   119  170s
   953   469 205127.024   16  100 204003.311 205273.406  0.62%   120  175s
  1027   497 204324.570   24   77 204003.311 205265.933  0.62%   120  180s
  1090   513 205233.861   15  107 204003.311 205246.775  0.61%   121  186s
  1114   529 204342.831   33   68 204003.311 205246.775  0.61%   122  190s
  1175   544 205141.583   16  104 204003.311 205233.591  0.60%   121  197s
  1195   557 204045.888   30   65 204003.311 205233.591  0.60%   121  200s
  1249   575 205139.879   14  109 204003.311 205224.804  0.60%   121  207s
  1262   584 204388.951   21  102 204003.311 205224.804  0.60%   122  210s
  1315   601 204609.009   18   89 204003.311 205210.586  0.59%   123  215s
  1389   629     cutoff   33      204003.311 205179.449  0.58%   123  220s
  1422   633 204980.462   17  101 204003.311 205155.753  0.56%   123  225s
  1463   651 205041.946   18  102 204003.311 205155.744  0.56%   124  230s
  1509   661 204409.157   24   76 204003.311 205127.156  0.55%   125  235s
  1557   676 204554.315   19   92 204003.311 205120.884  0.55%   125  240s
  1599   678 204649.190   21   88 204003.311 205118.386  0.55%   125  245s
  1640   684 204292.347   28   79 204003.311 205094.359  0.53%   126  250s
  1682   698 204066.261   24   81 204003.311 205086.173  0.53%   126  255s
  1724   718 204117.569   27   80 204003.311 205083.201  0.53%   126  260s
  1766   741 204027.795   35   72 204003.311 205074.776  0.53%   126  265s
  1819   769 204714.865   17  104 204003.311 205068.433  0.52%   125  270s
  1859   793 204768.138   18   91 204003.311 205041.301  0.51%   126  275s
  1912   831 204109.403   28   84 204003.311 205022.335  0.50%   127  280s
  1964   855 204426.627   23   81 204003.311 205004.992  0.49%   126  285s
  2020   881 204074.948   29   71 204003.311 204996.624  0.49%   126  290s
  2077   902 204769.804   19   89 204003.311 204986.708  0.48%   126  295s
  2117   922 204921.468   18   97 204003.311 204982.354  0.48%   126  300s
  2170   951 204112.236   22   82 204003.311 204974.358  0.48%   126  305s
  2222   970 204180.443   32   77 204003.311 204970.854  0.47%   126  310s
  2264   994 204066.978   39   54 204003.311 204963.727  0.47%   126  315s
  2322  1027 204153.055   38   67 204003.311 204956.485  0.47%   126  320s
  2355  1041 204850.375   19   92 204003.311 204952.920  0.47%   125  325s
  2401  1068 204112.709   28   72 204003.311 204949.595  0.46%   125  330s
H 2426  1070                    204017.19113 204949.049  0.46%   125  332s
  2433  1073 204408.454   23   90 204017.191 204948.860  0.46%   125  335s
H 2483  1028                    204084.52087 204948.750  0.42%   125  340s
  2512  1043 204779.096   22   89 204084.521 204945.329  0.42%   125  349s
  2521  1052 204281.777   31   82 204084.521 204945.329  0.42%   125  350s
  2551  1059 204171.438   26   76 204084.521 204944.610  0.42%   125  355s
  2589  1072 204232.548   28   78 204084.521 204938.885  0.42%   125  360s
H 2597  1049                    204096.79037 204938.885  0.41%   125  364s
  2601  1050 204542.941   18   89 204096.790 204937.425  0.41%   125  365s
  2632  1062 204506.014   23   87 204096.790 204934.036  0.41%   125  370s
  2653  1075 204428.099   25   77 204096.790 204933.514  0.41%   125  375s
  2691  1077 204680.718   24   90 204096.790 204931.128  0.41%   125  380s
  2733  1095 204221.103   24   88 204096.790 204928.580  0.41%   125  385s
  2766  1106 204228.054   31   77 204096.790 204925.662  0.41%   125  391s
  2793  1115 204148.365   30   66 204096.790 204924.350  0.41%   124  395s
H 2821  1114                    204103.50744 204916.494  0.40%   124  402s
  2849  1126 204783.967   20   93 204103.507 204910.803  0.40%   124  405s
  2876  1137 204739.332   17  101 204103.507 204908.777  0.39%   124  410s
  2907  1157 204345.614   25   80 204103.507 204908.502  0.39%   124  415s
  2939  1171 204609.700   20   91 204103.507 204903.835  0.39%   124  420s
  2969  1180 204588.731   21   86 204103.507 204893.684  0.39%   124  425s
  3006  1199 204593.347   23   91 204103.507 204889.111  0.38%   123  430s
  3034  1209 204723.350   23   94 204103.507 204889.060  0.38%   123  435s
  3076  1233 204221.742   32   65 204103.507 204888.940  0.38%   123  440s
  3125  1256 204129.813   30   82 204103.507 204888.931  0.38%   123  445s
  3175  1274 204424.517   26   85 204103.507 204884.917  0.38%   123  450s
  3220  1291 204659.844   22   95 204103.507 204882.534  0.38%   123  456s
  3254  1311     cutoff   30      204103.507 204882.534  0.38%   123  460s
  3309  1327 204147.926   27   87 204103.507 204881.438  0.38%   123  465s
  3349  1341 204703.752   22   96 204103.507 204876.388  0.38%   123  475s
  3371  1352 204426.884   26   88 204103.507 204875.884  0.38%   123  480s
  3427  1378 204507.008   25   81 204103.507 204873.703  0.38%   123  485s
  3492  1409 204115.771   26   73 204103.507 204871.792  0.38%   123  490s
  3554  1429     cutoff   30      204103.507 204869.921  0.38%   124  495s
  3594  1437 204425.241   22   80 204103.507 204861.298  0.37%   124  500s
  3657  1457 204720.686   19   97 204103.507 204853.211  0.37%   124  505s
  3713  1485 204253.214   27   77 204103.507 204850.365  0.37%   124  510s
  3742  1492 204167.589   24   79 204103.507 204848.571  0.37%   124  515s
  3780  1499 204465.464   25   78 204103.507 204848.104  0.36%   124  520s
  3841  1522 204433.397   18   95 204103.507 204840.810  0.36%   123  525s
  3889  1546 204216.024   31   66 204103.507 204836.811  0.36%   123  530s
  3941  1564 204493.570   23   86 204103.507 204831.004  0.36%   123  535s
  3973  1576     cutoff   35      204103.507 204824.678  0.35%   123  540s
  4030  1595 204545.303   21   92 204103.507 204814.575  0.35%   123  545s
  4089  1610 204615.473   20   97 204103.507 204813.064  0.35%   123  550s
  4140  1632 204129.893   27   75 204103.507 204812.824  0.35%   123  555s
  4198  1669 204158.905   38   49 204103.507 204809.406  0.35%   123  560s
  4258  1693 204309.744   26   81 204103.507 204802.963  0.34%   123  565s
  4326  1718     cutoff   23      204103.507 204799.631  0.34%   123  570s
  4360  1731 204483.631   21   89 204103.507 204794.326  0.34%   123  575s
  4430  1763 204200.972   29   85 204103.507 204792.083  0.34%   123  580s
  4493  1790 204178.315   28   75 204103.507 204790.407  0.34%   123  585s
  4556  1807 204437.647   23   80 204103.507 204781.174  0.33%   123  590s
  4577  1816     cutoff   28      204103.507 204780.481  0.33%   123  595s
  4645  1839 204582.699   18   89 204103.507 204777.514  0.33%   123  600s
  4708  1857 204420.916   25   90 204103.507 204774.619  0.33%   122  605s
  4766  1881 204322.698   21   81 204103.507 204769.204  0.33%   123  610s
  4826  1885 204544.718   18   99 204103.507 204768.394  0.33%   122  615s
  4862  1896 204428.199   20   89 204103.507 204766.495  0.32%   122  624s
  4872  1899 204612.937   22   91 204103.507 204764.812  0.32%   122  625s
  4945  1926 204594.880   22   79 204103.507 204762.143  0.32%   122  632s
  4976  1941 204182.527   27   90 204103.507 204757.950  0.32%   122  635s
  5014  1954 204341.911   22   81 204103.507 204757.062  0.32%   122  640s
  5073  1967 204196.178   25   76 204103.507 204754.039  0.32%   122  645s
  5121  1985 204204.277   31   64 204103.507 204752.623  0.32%   122  651s
  5159  1990 204175.385   26   73 204103.507 204749.895  0.32%   122  655s
  5221  2008 204492.677   20   97 204103.507 204744.417  0.31%   122  660s
  5274  2029 204219.070   28   90 204103.507 204743.395  0.31%   122  665s
  5317  2043 204637.833   19   86 204103.507 204741.656  0.31%   122  670s
  5388  2066 204209.497   24   78 204103.507 204737.345  0.31%   122  675s
  5456  2090 204427.348   22   82 204103.507 204734.538  0.31%   122  680s
  5518  2108 204635.805   21  102 204103.507 204732.324  0.31%   121  685s
  5585  2120 204557.112   22   86 204103.507 204731.309  0.31%   121  690s
  5640  2136 204265.557   19   93 204103.507 204729.789  0.31%   121  695s
  5688  2153 204229.171   25   82 204103.507 204727.966  0.31%   121  701s
  5743  2176 204138.025   26   81 204103.507 204724.204  0.30%   121  705s
  5788  2187 204485.015   23   91 204103.507 204723.216  0.30%   121  710s
  5855  2208 204488.066   24   77 204103.507 204722.280  0.30%   121  715s
  5904  2225     cutoff   22      204103.507 204721.736  0.30%   121  720s
  5972  2230 204146.369   25   81 204103.507 204721.736  0.30%   121  725s
  6021  2237 204304.981   23   94 204103.507 204720.442  0.30%   121  730s
  6046  2247 204150.671   27   62 204103.507 204717.908  0.30%   121  735s
  6108  2262 204504.886   22   94 204103.507 204712.710  0.30%   121  740s
  6158  2281 204131.660   28   88 204103.507 204711.526  0.30%   120  745s
  6227  2301 204604.367   20   93 204103.507 204707.118  0.30%   120  750s
  6238  2305 204435.298   22   93 204103.507 204706.985  0.30%   120  765s
  6283  2316 204540.048   21   85 204103.507 204705.797  0.30%   120  770s
  6294  2323 204112.216   30   71 204103.507 204705.797  0.30%   120  775s
  6379  2335 204425.919   22  104 204103.507 204703.732  0.29%   120  780s
  6444  2358 204188.861   32   77 204103.507 204702.895  0.29%   120  785s
  6511  2379     cutoff   26      204103.507 204698.650  0.29%   120  790s
  6582  2402 204172.457   27   78 204103.507 204694.088  0.29%   120  795s
  6649  2426 204253.330   26   78 204103.507 204693.192  0.29%   120  800s
  6726  2430 204575.620   23   95 204103.507 204690.968  0.29%   119  805s
  6738  2434 204371.963   20   92 204103.507 204690.886  0.29%   119  810s
  6797  2445     cutoff   26      204103.507 204690.110  0.29%   119  815s
  6860  2465 204431.224   20   97 204103.507 204688.056  0.29%   120  820s
  6930  2485 204256.369   24   82 204103.507 204686.008  0.29%   120  825s
  6982  2497 204267.795   25   84 204103.507 204685.151  0.28%   120  830s
  7046  2503 204533.444   20   92 204103.507 204683.888  0.28%   120  835s
  7107  2522     cutoff   32      204103.507 204682.800  0.28%   120  840s
  7110  2523 204470.292   23   81 204103.507 204682.618  0.28%   120  847s
  7150  2531 204233.117   25   76 204103.507 204682.256  0.28%   120  850s
  7218  2543 204356.306   22   82 204103.507 204679.364  0.28%   120  855s
  7287  2560 204175.606   24   91 204103.507 204676.837  0.28%   120  860s
  7345  2573 204110.662   24   74 204103.507 204674.910  0.28%   120  865s
  7421  2585 204133.727   33   62 204103.507 204671.119  0.28%   120  870s
  7484  2592     cutoff   22      204103.507 204668.725  0.28%   120  875s
  7556  2617     cutoff   36      204103.507 204666.870  0.28%   120  880s
  7626  2633 204104.542   31   79 204103.507 204665.084  0.28%   120  885s
  7695  2645     cutoff   26      204103.507 204663.653  0.27%   120  890s
  7762  2658 204450.425   28   83 204103.507 204659.138  0.27%   120  895s
  7839  2669 204549.909   20   80 204103.507 204657.172  0.27%   119  900s
  7896  2691 204361.795   23   97 204103.507 204656.180  0.27%   120  905s
  7977  2709 204530.243   23   91 204103.507 204655.236  0.27%   119  910s
  8033  2729 204134.536   29   68 204103.507 204654.080  0.27%   119  915s
  8109  2742 204142.303   31   78 204103.507 204651.922  0.27%   119  920s
  8140  2745 204494.861   20   98 204103.507 204648.298  0.27%   119  928s
  8159  2750 204127.323   26   83 204103.507 204646.571  0.27%   119  930s
  8220  2765 204484.228   22   89 204103.507 204644.466  0.27%   119  935s
  8276  2779 204281.432   26   89 204103.507 204643.465  0.26%   119  940s
  8350  2796 204475.138   21   85 204103.507 204637.914  0.26%   119  945s
  8416  2810 204473.920   22   98 204103.507 204636.847  0.26%   119  950s
  8485  2837 204486.705   23   81 204103.507 204636.460  0.26%   119  955s
  8560  2854 204349.190   25   84 204103.507 204635.166  0.26%   119  960s
  8631  2876 204281.674   28   76 204103.507 204633.882  0.26%   119  965s
  8716  2892 204303.380   25   90 204103.507 204631.265  0.26%   119  970s
  8774  2905 204197.054   25   95 204103.507 204629.942  0.26%   119  975s
  8828  2913     cutoff   22      204103.507 204628.949  0.26%   119  980s
  8867  2922 204162.024   26   89 204103.507 204628.916  0.26%   119  985s
  8936  2943 204198.643   34   53 204103.507 204628.325  0.26%   119  990s
  9001  2957 204129.272   30   77 204103.507 204627.487  0.26%   119  995s
  9081  2961 204495.663   18  100 204103.507 204626.071  0.26%   119 1000s
  9140  2974 204340.266   25   87 204103.507 204624.993  0.26%   119 1005s
  9210  2993 204212.470   28   64 204103.507 204620.810  0.25%   119 1010s
  9230  3000 204109.228   32   57 204103.507 204620.752  0.25%   119 1015s
  9297  3014     cutoff   27      204103.507 204619.520  0.25%   119 1020s
  9370  3031 204159.829   25   78 204103.507 204618.342  0.25%   118 1025s
  9445  3045 204225.777   29   86 204103.507 204617.064  0.25%   118 1030s
  9513  3064 204135.475   28   77 204103.507 204616.115  0.25%   118 1035s
  9582  3072 204394.613   20   93 204103.507 204615.182  0.25%   118 1040s
  9649  3077 204350.559   23   79 204103.507 204613.281  0.25%   118 1045s
  9729  3091 204354.025   22   87 204103.507 204611.211  0.25%   118 1050s
  9803  3109 204429.728   24   79 204103.507 204610.144  0.25%   118 1055s
  9844  3121 204176.935   32   69 204103.507 204609.555  0.25%   118 1061s
  9889  3128 204369.543   21   84 204103.507 204608.284  0.25%   118 1065s
  9961  3157 204236.892   23   70 204103.507 204606.979  0.25%   118 1070s
 10044  3166 204217.024   29   76 204103.507 204606.099  0.25%   118 1075s
 10123  3192 204194.426   22   81 204103.507 204605.267  0.25%   118 1080s
 10187  3202 204310.391   25   84 204103.507 204603.712  0.25%   118 1085s
 10257  3217 204151.878   27   60 204103.507 204602.898  0.24%   118 1090s
 10336  3227 204438.903   20   87 204103.507 204601.111  0.24%   118 1095s
 10394  3243     cutoff   27      204103.507 204600.249  0.24%   118 1100s
 10467  3253 204230.841   23   91 204103.507 204596.761  0.24%   118 1105s
 10537  3265 204368.283   21   80 204103.507 204594.859  0.24%   118 1110s
 10594  3272 204235.638   25   84 204103.507 204594.102  0.24%   118 1115s
 10670  3282 204402.934   23   78 204103.507 204593.434  0.24%   118 1120s
 10752  3301 204205.474   25   85 204103.507 204592.032  0.24%   118 1125s
 10817  3307 204349.229   24   91 204103.507 204591.500  0.24%   118 1130s
 10896  3316 204341.292   27   80 204103.507 204590.546  0.24%   117 1135s
 10952  3325 204260.670   28   83 204103.507 204588.968  0.24%   117 1140s
 11013  3338 204380.575   22   80 204103.507 204587.389  0.24%   117 1145s
 11079  3357 204326.738   25   88 204103.507 204586.103  0.24%   117 1150s
 11151  3371 204478.521   28   79 204103.507 204585.131  0.24%   117 1155s
 11236  3378 204237.415   24   77 204103.507 204582.946  0.23%   117 1160s
 11314  3395 204197.637   24   97 204103.507 204581.354  0.23%   117 1165s
 11377  3406 204292.910   27   87 204103.507 204579.973  0.23%   117 1170s
 11440  3414 204209.158   21   93 204103.507 204578.285  0.23%   117 1175s
 11507  3417 204502.216   20   84 204103.507 204575.405  0.23%   117 1180s
 11568  3431 204260.296   24   85 204103.507 204573.985  0.23%   117 1185s
 11630  3445 204122.037   27   79 204103.507 204572.601  0.23%   117 1190s
 11705  3457 204110.450   38   50 204103.507 204571.596  0.23%   117 1195s
 11756  3456 204143.172   23   84 204103.507 204570.962  0.23%   117 1203s
 11760  3454 204455.914   19   94 204103.507 204570.925  0.23%   117 1212s
 11785  3462 204253.889   25   94 204103.507 204570.747  0.23%   117 1215s
 11851  3474 204372.752   29   90 204103.507 204570.118  0.23%   117 1220s
 11914  3481 204207.982   20   88 204103.507 204568.968  0.23%   117 1225s
 11981  3486 204272.709   26   76 204103.507 204567.672  0.23%   117 1230s
 12042  3497     cutoff   28      204103.507 204567.220  0.23%   117 1235s
 12115  3514     cutoff   31      204103.507 204565.176  0.23%   117 1240s
 12196  3531 204375.909   20   89 204103.507 204561.895  0.22%   117 1245s
 12266  3546     cutoff   35      204103.507 204560.946  0.22%   117 1250s
 12337  3561 204231.554   25   89 204103.507 204559.066  0.22%   117 1255s
 12407  3570 204370.253   18   93 204103.507 204558.186  0.22%   117 1260s
 12473  3578 204267.828   21   89 204103.507 204556.620  0.22%   117 1265s
 12558  3592 204140.318   33   64 204103.507 204555.058  0.22%   117 1270s
 12626  3597 204272.593   23   98 204103.507 204553.596  0.22%   117 1275s
 12686  3611 204151.770   27   87 204103.507 204552.766  0.22%   117 1280s
 12751  3620     cutoff   29      204103.507 204552.369  0.22%   117 1285s
 12823  3625 204350.682   23   93 204103.507 204551.383  0.22%   117 1290s
 12887  3644 204144.200   27   77 204103.507 204550.942  0.22%   117 1295s
 12963  3645 204398.443   19   89 204103.507 204549.467  0.22%   117 1300s
 13034  3658 204433.463   22   80 204103.507 204548.252  0.22%   117 1305s
 13108  3662 204378.735   19   82 204103.507 204547.934  0.22%   117 1310s
 13182  3667 204290.601   25   79 204103.507 204547.441  0.22%   117 1315s
 13256  3677 204285.947   25   82 204103.507 204545.440  0.22%   117 1320s
 13328  3690     cutoff   26      204103.507 204544.283  0.22%   117 1325s
 13406  3699     cutoff   29      204103.507 204542.685  0.22%   116 1330s
 13477  3710 204226.859   22   84 204103.507 204541.830  0.21%   116 1335s
 13545  3722 204479.033   22   85 204103.507 204540.437  0.21%   116 1340s
 13617  3730 204363.876   26   85 204103.507 204539.192  0.21%   116 1345s
 13677  3739 204136.093   22   89 204103.507 204537.858  0.21%   116 1350s
 13759  3746 204376.083   24   81 204103.507 204535.821  0.21%   116 1355s
 13828  3756 204121.506   24   85 204103.507 204534.216  0.21%   116 1360s
 13910  3766 204277.720   25   76 204103.507 204533.109  0.21%   116 1365s
 13969  3776 204376.992   26   83 204103.507 204531.854  0.21%   116 1370s
 14033  3783 204283.295   23   93 204103.507 204531.117  0.21%   116 1375s
 14102  3789 204349.054   21   99 204103.507 204530.479  0.21%   116 1380s
 14185  3801     cutoff   24      204103.507 204529.662  0.21%   116 1385s
 14259  3817 204310.747   23   73 204103.507 204528.956  0.21%   116 1390s
 14330  3828 204217.179   24   74 204103.507 204528.063  0.21%   116 1395s
 14411  3842 204129.983   26   84 204103.507 204525.983  0.21%   116 1400s
 14470  3839     cutoff   26      204103.507 204525.406  0.21%   116 1405s
 14546  3849     cutoff   25      204103.507 204523.840  0.21%   116 1410s
 14608  3859 204212.590   25  101 204103.507 204522.173  0.21%   116 1415s
 14700  3874 204203.319   24   89 204103.507 204520.700  0.20%   116 1420s
 14778  3877 204388.145   20   96 204103.507 204519.750  0.20%   116 1425s
 14845  3888 204128.546   28   81 204103.507 204518.844  0.20%   116 1430s
 14914  3881 204248.535   23   87 204103.507 204517.614  0.20%   116 1435s
 14981  3886 204324.300   25   90 204103.507 204516.563  0.20%   116 1440s
 15044  3899     cutoff   31      204103.507 204515.054  0.20%   116 1445s
 15111  3902 204238.016   22   88 204103.507 204514.026  0.20%   116 1450s
 15185  3910 204262.427   25   96 204103.507 204513.374  0.20%   116 1456s
 15187  3912 204137.909   27   93 204103.507 204513.374  0.20%   116 1466s
 15192  3909 204221.113   26   90 204103.507 204512.897  0.20%   116 1470s
 15255  3911 204248.113   24   90 204103.507 204511.857  0.20%   116 1475s
 15317  3911 204458.421   23   87 204103.507 204510.859  0.20%   116 1480s
 15376  3915 204108.402   27   92 204103.507 204510.210  0.20%   116 1485s
 15438  3923 204172.236   27   79 204103.507 204508.237  0.20%   116 1490s
 15480  3931 204143.575   26   82 204103.507 204507.376  0.20%   115 1499s
 15485  3928 204290.401   20   84 204103.507 204507.120  0.20%   115 1500s
 15549  3931 204253.192   28   85 204103.507 204506.361  0.20%   116 1505s
 15624  3939 204156.321   28   84 204103.507 204505.201  0.20%   116 1510s
 15713  3954 204283.882   23   82 204103.507 204504.048  0.20%   115 1515s
 15790  3959 204188.549   24   86 204103.507 204503.062  0.20%   115 1520s
 15870  3959 204182.029   24   83 204103.507 204501.222  0.19%   115 1525s
 15943  3957     cutoff   26      204103.507 204500.303  0.19%   115 1530s
 16004  3962 204201.519   25   76 204103.507 204499.626  0.19%   115 1535s
 16078  3964 204211.847   22   83 204103.507 204498.763  0.19%   115 1540s
 16166  3969 204122.977   25   73 204103.507 204497.786  0.19%   115 1545s
 16232  3969     cutoff   27      204103.507 204496.696  0.19%   115 1550s
 16310  3970 204302.084   32   68 204103.507 204495.581  0.19%   115 1555s
 16390  3971 204228.613   26   83 204103.507 204494.845  0.19%   115 1560s
 16466  3989 204166.383   22   94 204103.507 204493.893  0.19%   115 1565s
 16530  3993 204349.670   24   92 204103.507 204493.150  0.19%   115 1570s
 16623  4004     cutoff   25      204103.507 204492.253  0.19%   115 1575s
 16689  4005 204246.549   24   91 204103.507 204491.404  0.19%   115 1580s
 16779  4012 204141.313   29   74 204103.507 204489.680  0.19%   115 1585s
 16857  4006 204362.191   27   74 204103.507 204487.869  0.19%   115 1590s
 16931  4015 204131.573   23   80 204103.507 204487.276  0.19%   115 1595s
 17003  4018 204158.201   26   91 204103.507 204486.219  0.19%   115 1600s
 17079  4032 204154.134   30   78 204103.507 204484.946  0.19%   115 1605s
 17162  4033 204191.481   27   87 204103.507 204483.014  0.19%   115 1610s
 17236  4043 204275.486   22   84 204103.507 204481.674  0.19%   115 1615s
 17313  4056 204163.880   28   80 204103.507 204480.861  0.18%   115 1620s
 17382  4060 204229.650   23   82 204103.507 204480.259  0.18%   115 1625s
 17454  4063 204235.010   29   80 204103.507 204478.680  0.18%   115 1630s
 17527  4063 204270.248   26   92 204103.507 204478.048  0.18%   115 1635s
 17597  4069 204200.203   28   89 204103.507 204477.219  0.18%   115 1640s
 17672  4073 204303.648   23   94 204103.507 204476.309  0.18%   115 1645s
 17736  4073 204133.803   24   93 204103.507 204475.818  0.18%   115 1650s
 17809  4089 204115.710   31   61 204103.507 204475.043  0.18%   115 1655s
 17893  4099     cutoff   25      204103.507 204474.469  0.18%   115 1660s
 17952  4097 204332.864   18   97 204103.507 204473.818  0.18%   115 1665s
 18032  4099 204182.611   25   79 204103.507 204473.314  0.18%   115 1670s
 18110  4100 204108.608   25   77 204103.507 204472.303  0.18%   115 1675s
 18189  4105 204187.708   25   87 204103.507 204471.764  0.18%   114 1680s
 18256  4111 204142.262   26   76 204103.507 204471.239  0.18%   115 1685s
 18327  4106 204224.096   26   75 204103.507 204469.905  0.18%   115 1690s
 18410  4107     cutoff   29      204103.507 204469.346  0.18%   114 1695s
 18481  4113 204328.573   30   82 204103.507 204467.991  0.18%   114 1700s
 18562  4113 204105.095   25   85 204103.507 204466.986  0.18%   114 1705s
 18630  4113 204244.431   28   79 204103.507 204466.045  0.18%   114 1710s
 18702  4119 204115.917   34   73 204103.507 204465.048  0.18%   114 1715s
 18780  4116     cutoff   25      204103.507 204464.221  0.18%   114 1720s
 18859  4125 204127.712   26   81 204103.507 204463.647  0.18%   114 1725s
 18924  4122     cutoff   24      204103.507 204462.154  0.18%   114 1730s
 19002  4122     cutoff   28      204103.507 204461.564  0.18%   114 1735s
 19077  4118     cutoff   25      204103.507 204460.272  0.17%   114 1740s
 19136  4123 204231.860   22   88 204103.507 204459.471  0.17%   114 1745s
 19212  4122     cutoff   28      204103.507 204458.024  0.17%   114 1750s
 19302  4145 204173.077   23   84 204103.507 204457.422  0.17%   114 1755s
 19372  4152 204271.835   23   83 204103.507 204456.497  0.17%   114 1760s
 19469  4166 204165.687   24   80 204103.507 204455.272  0.17%   114 1765s
 19543  4178 204193.442   26   78 204103.507 204454.192  0.17%   114 1770s
 19613  4176 204160.204   24   81 204103.507 204453.076  0.17%   114 1775s
 19697  4177 204195.327   27   78 204103.507 204452.248  0.17%   114 1780s
 19778  4187 204209.245   28   69 204103.507 204451.682  0.17%   114 1785s
 19846  4181 204228.659   24   86 204103.507 204450.788  0.17%   114 1790s
 19913  4178 204136.774   25   87 204103.507 204449.599  0.17%   114 1795s
 19986  4182     cutoff   25      204103.507 204448.597  0.17%   114 1800s
 20050  4182 204139.101   30   83 204103.507 204448.022  0.17%   114 1805s
 20134  4180 204173.468   22   79 204103.507 204447.219  0.17%   114 1810s
 20218  4178 204147.828   23   86 204103.507 204446.741  0.17%   114 1815s
 20280  4170 204293.415   25   71 204103.507 204446.205  0.17%   114 1820s
 20357  4168 204237.192   26   96 204103.507 204445.255  0.17%   114 1825s
 20440  4170 204104.920   25   68 204103.507 204444.539  0.17%   114 1830s
 20521  4171 204109.982   21   80 204103.507 204443.509  0.17%   114 1835s
 20596  4172 204127.043   23   84 204103.507 204442.926  0.17%   114 1840s
 20669  4171 204302.836   27   83 204103.507 204441.927  0.17%   114 1845s
 20748  4175 204131.077   27   76 204103.507 204441.361  0.17%   114 1850s
 20821  4177 204194.828   26   87 204103.507 204440.259  0.16%   114 1855s
 20891  4176     cutoff   23      204103.507 204439.725  0.16%   114 1860s
 20961  4181 204117.991   27   77 204103.507 204438.437  0.16%   114 1865s
 21039  4171 204158.562   24   81 204103.507 204437.200  0.16%   114 1870s
 21116  4167 204299.159   25   82 204103.507 204436.332  0.16%   114 1875s
 21184  4166 204299.684   28   67 204103.507 204435.460  0.16%   114 1880s
 21283  4187 204252.537   29   77 204103.507 204434.631  0.16%   113 1885s
 21349  4182 204117.934   24   85 204103.507 204434.028  0.16%   114 1890s
 21418  4176 204157.141   21   77 204103.507 204433.573  0.16%   114 1895s
 21493  4180 204141.517   26   71 204103.507 204432.297  0.16%   114 1900s
 21568  4177 204138.771   23   89 204103.507 204431.501  0.16%   114 1905s
 21630  4179 204365.404   22   79 204103.507 204430.880  0.16%   114 1910s
 21706  4178 204264.797   26   84 204103.507 204430.115  0.16%   113 1915s
 21794  4180 204241.537   29   81 204103.507 204429.422  0.16%   113 1920s
 21856  4170 204300.771   19   93 204103.507 204428.354  0.16%   113 1925s
 21925  4172 204129.875   25   91 204103.507 204427.709  0.16%   113 1930s
 21997  4167     cutoff   23      204103.507 204426.784  0.16%   113 1935s
 22056  4159 204269.428   25   89 204103.507 204426.158  0.16%   114 1940s
 22123  4160 204247.399   29   83 204103.507 204425.396  0.16%   114 1945s
 22193  4159 204258.736   21   88 204103.507 204424.639  0.16%   114 1950s
 22263  4156     cutoff   26      204103.507 204423.863  0.16%   114 1955s
 22350  4156 204248.595   25   94 204103.507 204423.434  0.16%   113 1960s
 22425  4153 204240.521   24   91 204103.507 204422.741  0.16%   113 1965s
 22498  4152 204246.843   21   94 204103.507 204421.935  0.16%   113 1970s
 22565  4150 204333.909   29   75 204103.507 204420.974  0.16%   113 1975s
 22642  4150 204191.759   25   91 204103.507 204420.273  0.16%   113 1980s
 22714  4152 204243.369   25   89 204103.507 204419.665  0.15%   113 1985s
 22792  4147 204124.054   24   72 204103.507 204418.282  0.15%   113 1990s
 22878  4158 204110.951   32   65 204103.507 204417.547  0.15%   113 1995s
 22957  4165 204107.365   23   88 204103.507 204416.741  0.15%   113 2000s
 23030  4162 204290.041   20   76 204103.507 204415.993  0.15%   113 2005s
 23104  4152 204159.363   27   79 204103.507 204414.133  0.15%   113 2010s
 23160  4152     cutoff   29      204103.507 204413.128  0.15%   113 2015s
 23233  4139 204326.327   27   84 204103.507 204411.376  0.15%   113 2020s
 23333  4143 204117.261   21   79 204103.507 204411.021  0.15%   113 2025s
 23409  4147 204198.846   23   83 204103.507 204410.354  0.15%   113 2030s
 23477  4139     cutoff   32      204103.507 204409.121  0.15%   113 2035s
 23555  4141     cutoff   27      204103.507 204408.407  0.15%   113 2040s
 23630  4144 204240.357   23   78 204103.507 204407.511  0.15%   113 2045s
 23703  4136 204237.990   26   85 204103.507 204405.356  0.15%   113 2050s
 23794  4144 204160.348   24   87 204103.507 204404.796  0.15%   113 2055s
 23858  4144     cutoff   25      204103.507 204404.306  0.15%   113 2060s
 23930  4150 204112.747   31   56 204103.507 204402.794  0.15%   113 2065s
 24004  4140 204129.877   25   77 204103.507 204402.106  0.15%   113 2070s
 24085  4138 204155.758   24   91 204103.507 204400.773  0.15%   113 2075s
 24153  4134 204240.051   27   85 204103.507 204400.135  0.15%   113 2080s
 24216  4131 204279.299   24   75 204103.507 204399.341  0.14%   113 2085s
 24295  4128 204140.750   23   90 204103.507 204397.501  0.14%   113 2090s
 24364  4126 204203.177   26   80 204103.507 204396.815  0.14%   113 2095s
 24443  4122 204312.597   24   86 204103.507 204396.223  0.14%   113 2100s
 24514  4120 204323.715   31   68 204103.507 204394.902  0.14%   113 2105s
 24617  4124 204233.403   26   90 204103.507 204393.939  0.14%   113 2110s
 24683  4116 204124.961   22   83 204103.507 204393.094  0.14%   113 2115s
 24751  4106     cutoff   25      204103.507 204391.952  0.14%   113 2120s
 24836  4117     cutoff   24      204103.507 204391.265  0.14%   113 2125s
 24912  4114 204335.656   24   88 204103.507 204390.188  0.14%   113 2130s
 24982  4106 204135.177   24   90 204103.507 204388.674  0.14%   113 2135s
 25048  4102 204110.401   26   93 204103.507 204388.273  0.14%   113 2140s
 25127  4095 204247.882   24   90 204103.507 204387.283  0.14%   113 2145s
 25140  4092 204169.458   28   77 204103.507 204387.132  0.14%   113 2155s
 25221  4099 204147.053   26   79 204103.507 204386.090  0.14%   113 2160s
 25291  4087     cutoff   23      204103.507 204385.161  0.14%   113 2165s
 25355  4076 204148.052   22   84 204103.507 204383.384  0.14%   113 2170s
 25433  4068     cutoff   24      204103.507 204382.205  0.14%   113 2175s
 25502  4060 204240.326   23   81 204103.507 204380.687  0.14%   113 2180s
 25568  4048     cutoff   24      204103.507 204379.662  0.14%   113 2185s
 25644  4038 204211.068   29   78 204103.507 204378.790  0.13%   113 2190s
 25712  4033 204108.866   32   77 204103.507 204377.565  0.13%   113 2195s
 25800  4024 204168.758   28   81 204103.507 204376.847  0.13%   113 2200s
 25889  4025     cutoff   28      204103.507 204376.447  0.13%   113 2205s
 25957  4024 204163.362   26   77 204103.507 204375.509  0.13%   113 2210s
 26030  4012 204322.796   25   81 204103.507 204373.972  0.13%   113 2215s
 26129  4025 204156.963   30   67 204103.507 204373.089  0.13%   113 2220s
 26220  4021 204223.842   26   75 204103.507 204372.270  0.13%   113 2225s
 26295  4012     cutoff   27      204103.507 204371.112  0.13%   113 2230s
 26384  4009     cutoff   28      204103.507 204370.792  0.13%   113 2235s
 26445  4001 204106.472   31   72 204103.507 204370.314  0.13%   113 2240s
 26524  3992 204195.369   23   88 204103.507 204368.669  0.13%   113 2245s
 26591  3977     cutoff   27      204103.507 204367.652  0.13%   113 2250s
 26653  3970 204188.110   23   72 204103.507 204366.237  0.13%   113 2255s
 26751  3964 204117.484   27   76 204103.507 204365.031  0.13%   113 2260s
 26824  3956 204122.978   22   87 204103.507 204364.322  0.13%   113 2265s
 26908  3950 204225.465   31   62 204103.507 204362.765  0.13%   113 2270s
 26973  3953 204233.316   26   95 204103.507 204362.578  0.13%   113 2275s
 27042  3946 204274.642   25   77 204103.507 204362.068  0.13%   113 2280s
 27123  3951 204309.766   25   71 204103.507 204361.693  0.13%   113 2285s
 27198  3946     cutoff   28      204103.507 204360.522  0.13%   113 2290s
 27274  3940     cutoff   30      204103.507 204359.638  0.13%   113 2295s
 27337  3924 204149.985   23   94 204103.507 204358.628  0.12%   113 2300s
 27419  3909 204126.102   29   74 204103.507 204357.391  0.12%   113 2305s
 27515  3914 204128.863   27   74 204103.507 204356.542  0.12%   113 2310s
 27593  3908 204157.614   26   73 204103.507 204355.427  0.12%   113 2315s
 27680  3905 204241.402   32   71 204103.507 204354.439  0.12%   113 2320s
 27756  3896     cutoff   23      204103.507 204353.685  0.12%   113 2325s
 27832  3892     cutoff   31      204103.507 204352.519  0.12%   113 2330s
 27915  3889 204133.740   27   92 204103.507 204351.802  0.12%   113 2335s
 28012  3895     cutoff   31      204103.507 204350.741  0.12%   113 2340s
 28088  3895 204168.481   28   83 204103.507 204350.317  0.12%   113 2345s
 28163  3880 204112.296   24   79 204103.507 204349.110  0.12%   113 2350s
 28248  3883 204185.404   27   78 204103.507 204348.495  0.12%   112 2355s
 28337  3882 204241.458   31   68 204103.507 204347.888  0.12%   112 2360s
 28421  3871 204139.039   31   78 204103.507 204346.655  0.12%   112 2365s
 28512  3859     cutoff   26      204103.507 204345.435  0.12%   112 2370s
 28585  3854     cutoff   24      204103.507 204344.476  0.12%   112 2375s
 28649  3854 204265.451   28   84 204103.507 204343.631  0.12%   112 2380s
 28729  3843     cutoff   21      204103.507 204342.703  0.12%   112 2385s
 28812  3834 204107.636   27   82 204103.507 204342.146  0.12%   112 2390s
 28892  3825 204274.899   25   70 204103.507 204340.924  0.12%   112 2395s
 28972  3822 204179.457   27   77 204103.507 204340.105  0.12%   112 2400s
 29058  3814     cutoff   27      204103.507 204339.039  0.12%   112 2405s
 29157  3810 204269.478   21   78 204103.507 204337.981  0.11%   112 2410s
 29240  3800     cutoff   26      204103.507 204337.269  0.11%   112 2415s
 29318  3784 204170.559   25   92 204103.507 204336.095  0.11%   112 2420s
 29393  3770 204160.906   28   74 204103.507 204334.814  0.11%   112 2425s
 29464  3751     cutoff   25      204103.507 204333.787  0.11%   112 2430s
 29540  3739 204255.451   28   84 204103.507 204332.253  0.11%   112 2435s
 29620  3721 204249.030   30   81 204103.507 204331.009  0.11%   112 2440s
 29713  3713 204149.209   23   77 204103.507 204329.545  0.11%   112 2445s
 29799  3697 204185.284   27   84 204103.507 204328.341  0.11%   112 2450s
 29879  3682 204139.180   31   77 204103.507 204327.454  0.11%   112 2455s
 29952  3661     cutoff   29      204103.507 204325.787  0.11%   112 2460s
 30040  3657 204179.667   29   85 204103.507 204325.257  0.11%   112 2465s
 30122  3648     cutoff   23      204103.507 204324.269  0.11%   112 2470s
 30189  3624 204112.290   30   79 204103.507 204322.937  0.11%   112 2475s
 30277  3624     cutoff   27      204103.507 204322.316  0.11%   112 2480s
 30359  3611     cutoff   27      204103.507 204320.969  0.11%   112 2485s
 30462  3601 204157.539   29   81 204103.507 204319.683  0.11%   112 2490s
 30559  3596 204241.007   29   73 204103.507 204318.773  0.11%   112 2495s
 30656  3584 204241.013   27   87 204103.507 204317.973  0.11%   112 2500s
 30734  3569 204117.226   25   71 204103.507 204316.762  0.10%   112 2505s
 30825  3565 204149.927   24   74 204103.507 204315.794  0.10%   112 2510s
 30906  3552 204118.972   27   83 204103.507 204314.327  0.10%   112 2515s
 30983  3538     cutoff   28      204103.507 204313.525  0.10%   112 2520s
 31055  3530     cutoff   24      204103.507 204312.473  0.10%   112 2525s
 31147  3523 204109.574   34   65 204103.507 204311.155  0.10%   112 2530s
 31250  3501     cutoff   24      204103.507 204309.860  0.10%   112 2535s
 31345  3493 204158.786   33   52 204103.507 204308.836  0.10%   111 2540s
 31441  3476     cutoff   33      204103.507 204308.136  0.10%   111 2545s
 31535  3467 204147.655   31   63 204103.507 204307.012  0.10%   111 2550s
 31623  3457 204138.454   27   85 204103.507 204305.917  0.10%   111 2555s
 31718  3445 204124.749   36   45 204103.507 204304.832  0.10%   111 2560s
 31808  3427 204140.457   32   81 204103.507 204303.731  0.10%   111 2565s
 31892  3408 204229.950   24   82 204103.507 204302.324  0.10%   111 2570s
 31965  3386 204154.032   24   92 204103.507 204301.138  0.10%   111 2575s
 32052  3375 204183.263   31   63 204103.507 204300.223  0.10%   111 2580s
 32161  3366     cutoff   39      204103.507 204299.121  0.10%   111 2585s
 32257  3356 204147.547   24   70 204103.507 204297.840  0.10%   111 2590s
 32358  3336 204229.788   30   67 204103.507 204296.517  0.09%   111 2595s
 32447  3321     cutoff   30      204103.507 204295.477  0.09%   111 2600s
 32519  3308 204114.186   23   88 204103.507 204294.739  0.09%   111 2605s
 32607  3285     cutoff   28      204103.507 204293.746  0.09%   111 2610s
 32693  3258     cutoff   24      204103.507 204292.379  0.09%   111 2615s
 32783  3247     cutoff   26      204103.507 204291.613  0.09%   111 2620s
 32876  3244 204243.130   30   71 204103.507 204290.517  0.09%   111 2625s
 32970  3240 204151.026   31   57 204103.507 204289.642  0.09%   111 2630s
 33059  3216 204223.528   29   74 204103.507 204288.064  0.09%   111 2635s
 33156  3199     cutoff   23      204103.507 204287.091  0.09%   111 2640s
 33243  3178     cutoff   25      204103.507 204285.639  0.09%   111 2645s
 33355  3179 204134.760   33   54 204103.507 204284.534  0.09%   110 2650s
 33450  3161 204174.890   25   78 204103.507 204283.554  0.09%   110 2655s
 33547  3136     cutoff   26      204103.507 204282.154  0.09%   110 2660s
 33639  3118     cutoff   27      204103.507 204281.037  0.09%   110 2665s
 33724  3091 204178.139   33   64 204103.507 204279.365  0.09%   110 2670s
 33816  3071 204118.362   24   95 204103.507 204277.829  0.09%   110 2675s
 33915  3052     cutoff   28      204103.507 204276.521  0.08%   110 2680s
 34017  3034 204175.793   32   72 204103.507 204275.167  0.08%   110 2685s
 34090  3010 204213.053   30   68 204103.507 204274.249  0.08%   110 2690s
 34176  2982 204152.877   28   84 204103.507 204272.793  0.08%   110 2695s
 34278  2968 204149.526   28   72 204103.507 204271.707  0.08%   110 2700s
 34375  2945     cutoff   23      204103.507 204271.167  0.08%   110 2705s
 34464  2902     cutoff   28      204103.507 204269.107  0.08%   110 2710s
 34548  2878     cutoff   26      204103.507 204267.520  0.08%   110 2715s
 34647  2856 204127.692   32   70 204103.507 204266.116  0.08%   110 2720s
 34753  2831 204219.973   31   67 204103.507 204265.086  0.08%   110 2725s
 34840  2805     cutoff   31      204103.507 204264.094  0.08%   110 2730s
 34950  2782     cutoff   30      204103.507 204262.530  0.08%   110 2735s
 35049  2753     cutoff   28      204103.507 204261.342  0.08%   110 2740s
 35141  2731     cutoff   22      204103.507 204260.015  0.08%   110 2745s
 35231  2701 204112.424   23   81 204103.507 204258.687  0.08%   109 2750s
 35328  2676 204176.098   27   66 204103.507 204257.152  0.08%   109 2755s
 35417  2646 204124.961   27   82 204103.507 204255.894  0.07%   109 2760s
 35512  2614 204108.387   29   76 204103.507 204254.452  0.07%   109 2765s
 35608  2586     cutoff   30      204103.507 204253.195  0.07%   109 2770s
 35721  2557 204173.902   30   61 204103.507 204252.171  0.07%   109 2775s
 35826  2520 204134.099   29   73 204103.507 204250.144  0.07%   109 2780s
 35939  2500     cutoff   25      204103.507 204249.242  0.07%   109 2785s
 36051  2466 204141.148   33   59 204103.507 204247.630  0.07%   109 2790s
 36154  2437 204117.718   33   69 204103.507 204246.690  0.07%   109 2795s
 36262  2408 204130.605   25   83 204103.507 204244.841  0.07%   109 2800s
 36376  2382 204129.853   30   70 204103.507 204243.109  0.07%   109 2805s
 36485  2346     cutoff   28      204103.507 204242.069  0.07%   109 2810s
 36582  2315 204176.854   30   67 204103.507 204240.372  0.07%   109 2815s
 36689  2274 204149.075   28   81 204103.507 204238.625  0.07%   109 2820s
 36803  2255     cutoff   29      204103.507 204237.567  0.07%   108 2825s
 36908  2231 204113.566   26   82 204103.507 204235.852  0.06%   108 2830s
 37007  2196 204154.652   27   85 204103.507 204234.353  0.06%   108 2835s
 37102  2164     cutoff   27      204103.507 204233.069  0.06%   108 2840s
 37210  2142 204163.902   30   66 204103.507 204231.964  0.06%   108 2845s
 37320  2111 204107.154   27   76 204103.507 204230.447  0.06%   108 2850s
 37428  2076     cutoff   27      204103.507 204229.030  0.06%   108 2855s
 37545  2047 204109.398   32   75 204103.507 204228.161  0.06%   108 2860s
 37670  2010 204178.667   29   63 204103.507 204226.346  0.06%   108 2865s
 37794  1975 204114.084   28   73 204103.507 204224.506  0.06%   108 2870s
 37860  1963 204122.011   33   65 204103.507 204223.724  0.06%   108 2882s
 37912  1943 204109.752   34   55 204103.507 204222.684  0.06%   108 2885s
 38037  1907 204153.936   30   64 204103.507 204220.679  0.06%   108 2890s
 38152  1870 204174.017   27   86 204103.507 204219.054  0.06%   107 2895s
 38256  1824     cutoff   31      204103.507 204216.880  0.06%   107 2900s
 38362  1784 204171.326   28   73 204103.507 204215.453  0.05%   107 2905s
 38489  1729     cutoff   26      204103.507 204213.343  0.05%   107 2910s
 38608  1690 204114.472   24   83 204103.507 204211.404  0.05%   107 2915s
 38720  1647 204150.175   34   53 204103.507 204209.526  0.05%   107 2920s
 38855  1600 204120.838   40   60 204103.507 204207.261  0.05%   107 2925s
 38977  1551 204114.031   33   66 204103.507 204204.988  0.05%   107 2930s
 39107  1501     cutoff   31      204103.507 204202.954  0.05%   107 2935s
 39226  1432 204116.804   34   53 204103.507 204200.193  0.05%   107 2940s
 39350  1376     cutoff   29      204103.507 204198.198  0.05%   107 2945s
 39480  1308     cutoff   22      204103.507 204195.754  0.05%   106 2950s
 39608  1253 204120.290   23   73 204103.507 204193.515  0.04%   106 2955s
 39739  1193     cutoff   33      204103.507 204190.404  0.04%   106 2960s
 39872  1122     cutoff   32      204103.507 204187.423  0.04%   106 2965s
 40008  1049     cutoff   31      204103.507 204184.589  0.04%   106 2970s
 40145   958     cutoff   35      204103.507 204181.207  0.04%   106 2975s
 40280   887     cutoff   26      204103.507 204177.836  0.04%   106 2980s
 40436   780     cutoff   26      204103.507 204172.589  0.03%   105 2985s
 40585   681 204121.570   35   53 204103.507 204168.046  0.03%   105 2990s
 40738   571     cutoff   31      204103.507 204162.938  0.03%   105 2995s
 40862   477 204116.343   28   83 204103.507 204157.208  0.03%   105 3008s
 40924   428 204127.438   39   54 204103.507 204153.946  0.02%   105 3010s
 41095   290     cutoff   37      204103.507 204144.432  0.02%   105 3015s
 41280   131     cutoff   27      204103.507 204127.283  0.01%   104 3020s

Cutting planes:
  Lift-and-project: 1
  Implied bound: 1
  MIR: 623
  Flow cover: 518
  RLT: 38
  Relax-and-lift: 18
  Lazy constraints: 833

Explored 41417 nodes (4312205 simplex iterations) in 3022.35 seconds (4603.78 work units)
Thread count was 1 (of 52 available processors)

Solution count 10: 204104 204097 204085 ... 200270

Optimal solution found (tolerance 0.00e+00)
Best objective 2.041035074390e+05, best bound 2.041035074390e+05, gap 0.0000%

User-callback calls 311351, time in user-callback 10.84 sec

Total CPU time: 3022.35 sec
Termination status: OPTIMAL
Percentage optimality gap: 0.00 %
Number of explored nodes: 41417
Objective value of the returned solution: 204103.507439
The LP relaxation bound at the root node: 219672.449157
Optimal facility locations: [3, 11, 14, 16, 19, 46, 54, 55, 58, 63, 67, 89, 90, 100, 106, 107, 114, 117, 120, 121, 122, 124, 125, 127, 133, 140, 143, 145, 146, 148, 149, 158, 163, 166, 188]

@end of file
