Set parameter TimeLimit to value 7200
Setting sB&C+LSI: The proposed B&C algorithm based on formulation (40) (equipped with the lifted submodular inequalities), with only the second stage implemented
Gurobi Optimizer version 11.0.1 build v11.0.1rc0 (linux64 - "CentOS Linux 7 (Core)")

CPU model: Intel(R) Xeon(R) Gold 6230R CPU @ 2.10GHz, instruction set [SSE2|AVX|AVX2|AVX512]
Thread count: 52 physical cores, 52 logical processors, using up to 1 threads

Optimize a model with 800 rows, 1200 columns and 800 nonzeros
Model fingerprint: 0x4c3f3817
Variable types: 800 continuous, 400 integer (400 binary)
Coefficient statistics:
  Matrix range     [1e+00, 1e+00]
  Objective range  [1e+01, 2e+03]
  Bounds range     [0e+00, 0e+00]
  RHS range        [9e-05, 1e+00]
Found heuristic solution: objective -8.24962e+14
Presolve removed 800 rows and 0 columns
Presolve time: 0.00s
Presolved: 0 rows, 1200 columns, 0 nonzeros
Variable types: 800 continuous, 400 integer (400 binary)
Found heuristic solution: objective -8.24962e+14

Root relaxation: objective 3.525176e+05, 0 iterations, 0.00 seconds (0.00 work units)

    Nodes    |    Current Node    |     Objective Bounds      |     Work
 Expl Unexpl |  Obj  Depth IntInf | Incumbent    BestBd   Gap | It/Node Time

     0     0 352517.561    0    - -8.250e+14 352517.561   100%     -    0s
     0     0 294009.228    0   60 -8.250e+14 294009.228   100%     -    0s
     0     0 214557.757    0  103 -8.250e+14 214557.757   100%     -    2s
H    0     0                    156352.02400 214465.108  37.2%     -    3s
     0     2 193172.218    0   91 156352.024 193172.218  23.5%     -    3s
    10    12 192833.770    6   84 156352.024 193172.218  23.5%  30.3    5s
    87    89 180748.643   70   53 156352.024 193172.218  23.5%  64.0   10s
*  164   141             139    179598.19327 193172.218  7.56%  41.6   11s
   244   217 180188.227   68   40 179598.193 193127.758  7.53%  54.3   15s
*  287   207             111    180087.34871 193127.758  7.24%  47.5   15s
*  388   223              86    180612.35280 193125.952  6.93%  49.6   18s
   436   263 181321.684   40   64 180612.353 192952.163  6.83%  54.7   20s
   533   349 181591.910   36  103 180612.353 192946.796  6.83%  55.7   89s
   535   350 180808.917   59  110 180612.353 183635.535  1.67%  55.5   98s
   536   351 182871.944   26  132 180612.353 182871.944  1.25%  55.4  101s
   541   354 182518.187   15  142 180612.353 182518.187  1.06%  54.9  108s
   547   358 182454.770   39  152 180612.353 182454.770  1.02%  54.3  113s
   548   359 181317.423   41  153 180612.353 182363.773  0.97%  54.2  117s
   555   364 182029.444   27  152 180612.353 182327.592  0.95%  53.5  120s
   567   374 182251.158   16  151 180612.353 182291.040  0.93%  66.6  125s
   578   381 182108.328   22  128 180612.353 182272.071  0.92%  68.8  130s
   597   394 181212.145   31   81 180612.353 182272.071  0.92%  70.5  135s
   625   412 181167.586   45   63 180612.353 182272.071  0.92%  71.2  140s
H  646   376                    181239.53557 182272.071  0.57%  70.5  140s
   694   384 181317.795   36   85 181239.536 182270.196  0.57%  72.5  145s
   727   390 181920.046   25  124 181239.536 182251.103  0.56%  74.6  150s
   789   403 182180.346   17  149 181239.536 182250.990  0.56%  76.3  156s
   808   414 181635.644   27  103 181239.536 182250.990  0.56%  78.4  160s
   892   449 181317.906   40   61 181239.536 182189.733  0.52%  80.2  165s
*  939   383              65    181318.06374 182189.733  0.48%  77.4  165s
   976   391 181680.975   24  109 181318.064 182149.394  0.46%  79.8  170s
  1030   403 181436.154   31   96 181318.064 182140.560  0.45%  81.5  175s
  1135   425 181741.532   24  114 181318.064 182097.775  0.43%  82.6  180s
  1204   451 181429.827   30   93 181318.064 182093.070  0.43%  84.5  185s
  1262   469 181424.052   34   83 181318.064 182076.192  0.42%  85.9  190s
  1304   481 181513.614   29  115 181318.064 182073.411  0.42%  86.2  195s
  1360   486 181385.869   33  106 181318.064 182050.307  0.40%  87.7  200s
  1461   492 181754.502   21  142 181318.064 182043.507  0.40%  87.1  205s
  1514   500 181783.225   22  130 181318.064 182010.430  0.38%  88.2  210s
  1594   505 181690.128   25  122 181318.064 181979.583  0.36%  88.7  215s
  1651   536 181837.652   23  138 181318.064 181963.855  0.36%  89.5  220s
  1709   570 181920.482   23  140 181318.064 181956.064  0.35%  89.5  225s
  1779   597 181699.715   32  113 181318.064 181945.758  0.35%  90.8  230s
  1865   637 181355.741   40   65 181318.064 181931.296  0.34%  91.1  235s
  1909   658 181567.400   31  112 181318.064 181920.367  0.33%  91.3  240s
  1979   692 181404.746   31  114 181318.064 181917.764  0.33%  91.6  245s
  2055   708 181590.578   21  131 181318.064 181916.207  0.33%  91.8  250s
  2116   737 181461.993   31  116 181318.064 181910.677  0.33%  92.2  255s
  2145   746 181750.093   24  128 181318.064 181906.681  0.32%  92.6  260s
H 2162   697                    181378.75645 181906.681  0.29%  92.5  261s
  2192   714 181518.423   30  114 181378.756 181900.300  0.29%  92.9  265s
  2236   725 181624.933   23  130 181378.756 181895.063  0.28%  93.1  270s
  2279   741 181709.733   24  119 181378.756 181889.296  0.28%  93.4  275s
  2328   752 181467.722   29  117 181378.756 181884.777  0.28%  94.0  280s
  2382   769 181418.887   30  108 181378.756 181877.753  0.28%  94.3  286s
  2436   776 181398.253   29  106 181378.756 181874.190  0.27%  94.4  290s
  2498   786 181766.493   22  126 181378.756 181872.762  0.27%  94.9  295s
  2552   806 181395.743   29  119 181378.756 181867.499  0.27%  95.1  300s
  2601   819 181529.507   26  126 181378.756 181859.741  0.27%  95.6  305s
  2663   833 181676.255   21  122 181378.756 181852.268  0.26%  96.2  310s
  2716   852 181384.448   35  101 181378.756 181851.152  0.26%  96.6  315s
  2794   865 181564.417   26  121 181378.756 181848.586  0.26%  96.4  321s
  2844   875 181593.289   24  121 181378.756 181837.545  0.25%  96.6  325s
  2920   905 181547.363   29  116 181378.756 181831.100  0.25%  96.6  330s
  2978   923 181393.559   30  102 181378.756 181825.916  0.25%  96.8  335s
  3015   935 181446.931   24  105 181378.756 181823.725  0.25%  97.2  340s
  3088   956 181476.189   24  120 181378.756 181820.138  0.24%  97.2  345s
  3159   968 181396.535   34   94 181378.756 181818.669  0.24%  97.2  350s
  3214   977 181465.109   32  114 181378.756 181815.481  0.24%  97.4  355s
  3296   995 181459.420   30  116 181378.756 181808.162  0.24%  97.4  360s
  3384  1015 181736.342   22  138 181378.756 181802.472  0.23%  97.3  365s
  3477  1058 181501.847   27  121 181378.756 181794.869  0.23%  97.1  370s
  3558  1076 181453.791   28  115 181378.756 181789.350  0.23%  97.2  375s
  3634  1099 181398.096   26  114 181378.756 181786.303  0.22%  97.6  380s
  3692  1114 181512.083   24  115 181378.756 181782.873  0.22%  97.9  387s
  3745  1132 181413.732   42   74 181378.756 181774.763  0.22%  97.7  390s
  3841  1160 181503.091   28  119 181378.756 181769.915  0.22%  97.7  395s
  3922  1173 181611.079   24  130 181378.756 181764.527  0.21%  97.8  400s
  3993  1187 181450.030   27  112 181378.756 181761.303  0.21%  98.0  405s
  4042  1201 181405.499   26  108 181378.756 181759.587  0.21%  98.1  410s
  4111  1220 181429.293   36  102 181378.756 181757.722  0.21%  98.2  415s
  4182  1228 181536.503   25  119 181378.756 181753.167  0.21%  98.5  422s
  4218  1236 181453.731   30  115 181378.756 181752.236  0.21%  98.5  425s
  4291  1243 181638.639   22  140 181378.756 181749.785  0.20%  98.7  430s
  4373  1270 181401.761   34  102 181378.756 181747.560  0.20%  98.6  435s
  4449  1274 181605.152   25  123 181378.756 181741.448  0.20%  98.8  440s
  4489  1290 181607.378   21  129 181378.756 181739.943  0.20%  98.9  445s
  4578  1308     cutoff   30      181378.756 181735.977  0.20%  98.9  450s
  4667  1316 181533.796   22  126 181378.756 181732.869  0.20%  99.1  455s
  4738  1320 181575.570   29  122 181378.756 181729.854  0.19%  99.2  460s
  4835  1338 181587.548   27  122 181378.756 181723.459  0.19%  99.1  465s
  4897  1347 181620.041   24  124 181378.756 181722.363  0.19%  98.9  470s
  4991  1362 181555.242   26  115 181378.756 181721.061  0.19%  98.8  475s
  5089  1392 181419.332   28  111 181378.756 181719.848  0.19%  98.7  480s
  5182  1414 181406.642   54   36 181378.756 181716.604  0.19%  98.7  485s
  5289  1458     cutoff   30      181378.756 181712.492  0.18%  98.3  490s
  5393  1480 181402.955   24  122 181378.756 181707.983  0.18%  98.4  495s
  5467  1486 181407.045   30  124 181378.756 181705.182  0.18%  98.4  500s
  5544  1503 181553.231   24  124 181378.756 181702.139  0.18%  98.5  505s
H 5625  1316                    181431.33436 181699.102  0.15%  98.5  509s
  5627  1316 181562.657   24  124 181431.334 181698.711  0.15%  98.5  510s
  5697  1325 181472.908   28  108 181431.334 181695.196  0.15%  98.7  515s
  5734  1319 181517.076   23  124 181431.334 181692.865  0.14%  98.9  520s
  5812  1320 181562.456   28  126 181431.334 181691.895  0.14%  98.9  525s
  5888  1316 181508.799   24  121 181431.334 181689.881  0.14%  99.1  530s
  5949  1308 181490.728   27  130 181431.334 181686.128  0.14%  99.3  535s
  6006  1308 181514.376   30  121 181431.334 181680.299  0.14%  99.5  540s
  6063  1312 181444.099   30  104 181431.334 181678.723  0.14%   100  545s
  6146  1315 181468.672   38   67 181431.334 181675.975  0.13%  99.5  550s
  6244  1315 181533.380   25  117 181431.334 181671.717  0.13%  99.5  555s
  6323  1317 181486.308   33   93 181431.334 181667.429  0.13%   100  560s
  6382  1315 181522.316   28  113 181431.334 181665.478  0.13%   100  565s
  6491  1316 181495.540   25  127 181431.334 181660.784  0.13%   100  570s
  6586  1322 181478.169   26  132 181431.334 181657.024  0.12%   100  575s
  6675  1316     cutoff   28      181431.334 181653.990  0.12%   100  580s
  6756  1311     cutoff   34      181431.334 181650.249  0.12%   100  585s
  6870  1317 181443.758   25  115 181431.334 181647.546  0.12%   100  590s
  6935  1313 181462.346   29  101 181431.334 181642.986  0.12%   100  595s
  6995  1303 181520.522   28  114 181431.334 181639.641  0.11%   100  600s
  7081  1307 181463.561   29  108 181431.334 181638.348  0.11%   100  605s
  7159  1296     cutoff   32      181431.334 181635.791  0.11%   100  610s
  7240  1283     cutoff   30      181431.334 181632.115  0.11%   100  615s
  7326  1270 181536.615   24  118 181431.334 181628.639  0.11%   100  620s
  7401  1273 181475.342   31   91 181431.334 181626.941  0.11%   100  625s
  7517  1269 181480.567   27  123 181431.334 181624.161  0.11%   100  630s
  7602  1266 181524.228   31  108 181431.334 181622.116  0.11%  99.5  635s
  7682  1260 181501.714   26  119 181431.334 181619.765  0.10%  99.5  640s
  7765  1250 181476.124   28  120 181431.334 181618.355  0.10%  99.5  645s
  7840  1240 181512.255   24  110 181431.334 181616.098  0.10%  99.4  650s
  7918  1227     cutoff   34      181431.334 181612.946  0.10%  99.4  655s
  8010  1217 181531.447   27  128 181431.334 181610.005  0.10%  99.3  660s
  8095  1203 181438.081   22  125 181431.334 181607.061  0.10%  99.5  665s
  8175  1191 181496.047   26  125 181431.334 181603.603  0.09%   100  670s
  8253  1183 181557.792   29  111 181431.334 181601.335  0.09%  99.4  675s
  8347  1174 181486.387   24  125 181431.334 181598.788  0.09%  99.4  680s
  8437  1153 181514.447   27  117 181431.334 181594.096  0.09%  99.5  685s
  8513  1144 181459.831   30  116 181431.334 181590.983  0.09%  99.5  690s
  8607  1130 181444.429   32  102 181431.334 181588.954  0.09%  99.4  695s
  8699  1113 181508.836   28  115 181431.334 181586.650  0.09%   100  700s
  8785  1093 181492.979   28  126 181431.334 181583.670  0.08%   100  706s
  8825  1083     cutoff   31      181431.334 181582.493  0.08%   100  710s
  8907  1055     cutoff   25      181431.334 181578.756  0.08%   100  715s
  8989  1033 181457.438   34  112 181431.334 181574.727  0.08%   100  720s
  9075  1017 181435.448   29  107 181431.334 181572.358  0.08%   100  725s
  9154   992     cutoff   30      181431.334 181569.044  0.08%   100  730s
  9235   959 181460.920   27  113 181431.334 181564.575  0.07%   100  735s
  9312   932 181436.840   31  125 181431.334 181561.156  0.07%   100  740s
  9398   913 181436.382   27  127 181431.334 181559.346  0.07%   100  745s
  9475   880 181483.877   28  108 181431.334 181556.127  0.07%   100  750s
  9551   850 181444.826   36   84 181431.334 181552.079  0.07%   100  755s
  9618   824     cutoff   29      181431.334 181547.810  0.06%   100  760s
  9684   792 181455.302   30   99 181431.334 181544.084  0.06%   100  765s
  9777   747     cutoff   29      181431.334 181539.634  0.06%   100  770s
  9855   715 181479.397   23  126 181431.334 181534.463  0.06%   100  775s
  9939   656     cutoff   24      181431.334 181527.280  0.05%   100  780s
  9971   647 181487.477   27  110 181431.334 181526.373  0.05%   100  785s
 10071   597     cutoff   24      181431.334 181520.325  0.05%   100  790s
 10198   523     cutoff   30      181431.334 181512.229  0.04%   100  795s
 10347   410     cutoff   26      181431.334 181500.036  0.04%  99.2  800s
 10501   286 181436.075   32  107 181431.334 181481.480  0.03%  98.6  805s
 10741    63     cutoff   39      181431.334 181443.960  0.01%  97.2  810s

Cutting planes:
  Gomory: 4
  Lift-and-project: 1
  MIR: 583
  Flow cover: 353
  RLT: 3
  Relax-and-lift: 3
  Lazy constraints: 168

Explored 10805 nodes (1046722 simplex iterations) in 810.89 seconds (1079.95 work units)
Thread count was 1 (of 52 available processors)

Solution count 10: 181431 181379 181318 ... -8.24962e+14

Optimal solution found (tolerance 0.00e+00)
Best objective 1.814313343553e+05, best bound 1.814313343553e+05, gap 0.0000%

User-callback calls 102429, time in user-callback 3.87 sec

Total CPU time: 810.89 sec
Termination status: OPTIMAL
Percentage optimality gap: 0.00 %
Number of explored nodes: 10805
Objective value of the returned solution: 181431.334355
The LP relaxation bound at the root node: 193172.217559
Optimal facility locations: [47, 48, 54, 63, 77, 89, 90, 113, 116, 123, 128, 139, 146, 168, 170, 195, 208, 214, 229, 230, 238, 244, 251, 257, 258, 274, 284, 307, 323, 328, 338, 339, 349, 354, 356, 364, 384, 395, 397]

@end of file
