Set parameter TimeLimit to value 7200
Setting B&C+LSI': The proposed B&C algorithm based on formulation (40) (equipped with the lifted submodular inequalities), where the lifted submodular inequalities are computed by using the MILP based approach that solves the MILP reformulations (E.2) of the lifting problems (43)

----------------- start of the first stage -----------------

Iter     Best Incumbent      BestBound     Gap      Time  #VioCuts
1                 0.000     332442.538   100.0       0.3       800
2            120465.077     271767.659    55.7    7200.9      1384

CPU time spent in the first stage: 7200.95 sec
Upper bound returned at the end of the first stage: 271767.659452
Objective value of the optimal solution or the best incumbent at the end of the first stage: 120465.076530
Number of cuts added at the end of the first stage for the initialization of the relaxed MILP problem: 1589
Termination status of the first stage: Timelimit

------------------ end of the first stage ------------------

Average CPU time spent in solving a single MILP problem: 2.00 sec
Total CPU time: 7200.95 sec
Percentage optimality gap: 55.67 %
CPU time spent in separating the cuts: 7200.60 sec
Number of explored nodes: 1
Objective value of the returned solution: 120465.076530
Optimal facility locations: [30, 47, 59, 60, 63, 65, 85, 98, 103, 130, 131, 141, 213, 219, 242, 257, 261, 270, 305, 334, 336, 372, 373, 382]

@end of file
