Set parameter TimeLimit to value 7200
Setting GBD: A two-stage implementation of the state-of-the-art generalized Benders decomposition (GBD) approach proposed by Lin & Tian (2021).

----------------- start of the first stage -----------------

Iter     Best Incumbent      BestBound     Gap      Time  #VioCuts
1                 0.000     348355.215   100.0       0.3       800
2             12801.930     320488.699    96.0       0.8       800
3             44998.817     280123.295    83.9       1.5       732
4             44998.817     254001.327    82.3       2.2       516
5             44998.817     247037.463    81.8       2.7       266
6             44998.817     245158.236    81.6       3.2       147
7             44998.817     244686.509    81.6       3.6        41
8             44998.817     244641.089    81.6       4.0        12
9             44998.817     244621.245    81.6       4.4         0

CPU time spent in the first stage: 5.10 sec
Upper bound returned at the end of the first stage: 244621.245033
Objective value of the optimal solution or the best incumbent at the end of the first stage: 44998.817132
Number of cuts added at the end of the first stage for the initialization of the relaxed MILP problem: 1012
Termination status of the first stage: LP Optimal

------------------ end of the first stage ------------------


----------------- start of the second stage ----------------

Gurobi Optimizer version 11.0.1 build v11.0.1rc0 (linux64 - "CentOS Linux 7 (Core)")

CPU model: Intel(R) Xeon(R) Gold 6230R CPU @ 2.10GHz, instruction set [SSE2|AVX|AVX2|AVX512]
Thread count: 52 physical cores, 52 logical processors, using up to 1 threads


Warning: excessive time spent in model updates.
Consider calling update less frequently.

Optimize a model with 1815 rows, 1200 columns and 17729 nonzeros
Model fingerprint: 0xee114ca9
Variable types: 800 continuous, 400 integer (0 binary)
Coefficient statistics:
  Matrix range     [2e-11, 2e+03]
  Objective range  [1e+01, 2e+03]
  Bounds range     [1e+00, 1e+00]
  RHS range        [7e-05, 4e+05]
Warning: Model contains large matrix coefficient range
         Consider reformulating model or setting NumericFocus parameter
         to avoid numerical issues.

Loaded user MIP start with objective 44998.8

Presolve removed 802 rows and 0 columns
Presolve time: 0.04s
Presolved: 1013 rows, 1200 columns, 14518 nonzeros
Variable types: 800 continuous, 400 integer (400 binary)

Root relaxation: objective 2.220340e+05, 177 iterations, 0.03 seconds (0.03 work units)

    Nodes    |    Current Node    |     Objective Bounds      |     Work
 Expl Unexpl |  Obj  Depth IntInf | Incumbent    BestBd   Gap | It/Node Time

     0     0 222033.951    0   32 44998.8171 222033.951   393%     -    0s
     0     0 222033.951    0   32 44998.8171 222033.951   393%     -    0s
     0     2 221991.761    0   32 44998.8171 221991.761   393%     -    0s
*  138   138             121    182190.79027 202488.058  11.1%  46.1    3s
*  253   217             104    183032.78071 202431.452  10.6%  39.5    4s
   262   218 194558.114    5  111 183032.781 199398.904  8.94%  43.6    5s
*  378   287             118    184233.06767 199398.904  8.23%  37.2    5s
   527   427 185561.234   53   32 184233.068 199353.272  8.21%  35.1   28s
   529   428 185972.658   95  123 184233.068 194311.115  5.47%  34.9   32s
   530   429 188694.323   71  132 184233.068 190599.584  3.46%  34.9   36s
   534   432 185415.708   78  109 184233.068 189384.500  2.80%  34.6   40s
   541   438 189270.511   16  119 184233.068 189270.511  2.73%  43.4   45s
   559   450 188548.850   25  101 184233.068 189270.511  2.73%  46.9   50s
   654   514 186813.153   73   14 184233.068 189270.511  2.73%  47.1   55s
*  706   478              99    186653.10685 189270.511  1.40%  45.0   56s
   728   479 188606.468   24  110 186653.107 189270.511  1.40%  47.8   60s
   838   531 187773.669   31   99 186653.107 189263.981  1.40%  49.4   65s
   955   593 188471.500   35   90 186653.107 189263.842  1.40%  49.5   70s
H 1025   412                    187843.40098 189263.842  0.76%  48.5   71s
  1104   418 188023.556   19  118 187843.401 188960.840  0.59%  49.6   75s
  1231   427 188253.817   34  100 187843.401 188794.206  0.51%  51.4   80s
  1423   482 187858.684   36   77 187843.401 188724.827  0.47%  51.8   85s
  1541   526 188371.995   34  108 187843.401 188705.955  0.46%  52.3   90s
  1675   575 187859.635   56   74 187843.401 188682.571  0.45%  53.4   95s
  1774   610 188140.757   36   89 187843.401 188655.085  0.43%  54.8  100s
  1905   661 188278.575   26  118 187843.401 188628.275  0.42%  55.2  105s
  2042   754 188497.555   24  116 187843.401 188594.439  0.40%  55.1  110s
H 2120   773                    187871.08772 188594.051  0.38%  55.4  113s
  2167   804 188282.423   32  104 187871.088 188582.389  0.38%  55.5  115s
H 2175   806                    187881.90233 188582.389  0.37%  55.4  115s
  2239   837 188357.118   29  117 187881.902 188575.886  0.37%  55.6  120s
H 2283   827                    187916.24971 188564.929  0.35%  55.6  124s
  2290   835 188062.690   44   79 187916.250 188564.929  0.35%  55.6  125s
H 2310   827                    187929.09995 188562.368  0.34%  55.8  129s
  2336   844 188107.552   32   95 187929.100 188558.889  0.34%  56.0  130s
H 2337   732                    187996.68151 188558.889  0.30%  56.0  130s
H 2365   720                    188005.49150 188548.635  0.29%  56.2  133s
  2394   719 188370.803   29  111 188005.491 188545.191  0.29%  56.6  135s
  2515   761 188174.146   27  115 188005.491 188530.791  0.28%  57.0  140s
  2677   832 188082.378   34   98 188005.491 188516.872  0.27%  57.3  145s
  2827   878 188077.640   28  132 188005.491 188505.370  0.27%  57.6  150s
  2944   918 188231.611   32  116 188005.491 188494.165  0.26%  58.0  155s
  3041   951 188160.917   29   94 188005.491 188487.069  0.26%  58.3  160s
  3213  1010 188108.944   37  101 188005.491 188473.978  0.25%  58.1  165s
  3311  1044 188067.957   39   92 188005.491 188467.281  0.25%  58.1  170s
  3468  1086     cutoff   39      188005.491 188456.675  0.24%  58.0  175s
  3618  1125 188183.161   33  100 188005.491 188446.257  0.23%  58.4  181s
  3720  1155 188257.108   31  115 188005.491 188442.105  0.23%  58.5  185s
  3931  1237 188199.538   27  109 188005.491 188423.396  0.22%  58.2  190s
  4092  1298 188194.340   38   90 188005.491 188413.578  0.22%  58.2  195s
  4258  1352 188036.463   34  104 188005.491 188407.209  0.21%  58.2  200s
  4359  1383     cutoff   36      188005.491 188403.992  0.21%  58.3  205s
  4541  1434 188174.447   34   90 188005.491 188399.891  0.21%  58.3  210s
  4589  1443 188066.280   36   74 188005.491 188399.053  0.21%  58.4  215s
  4725  1487 188056.509   39   86 188005.491 188394.304  0.21%  58.8  220s
  4883  1531 188227.026   35  115 188005.491 188386.008  0.20%  58.9  225s
  5040  1587 188139.826   38   93 188005.491 188380.104  0.20%  58.8  230s
  5187  1619 188207.111   30  100 188005.491 188371.112  0.19%  58.7  235s
  5263  1634 188265.820   27  115 188005.491 188368.504  0.19%  58.8  240s
  5435  1676 188016.539   36   89 188005.491 188362.614  0.19%  59.0  245s
  5504  1687 188161.792   26  113 188005.491 188358.135  0.19%  59.0  251s
  5665  1733 188022.798   33  104 188005.491 188353.452  0.19%  58.8  255s
  5844  1760 188015.030   37   74 188005.491 188347.225  0.18%  58.9  260s
  6021  1791 188266.253   28  114 188005.491 188342.676  0.18%  58.8  266s
  6144  1822 188092.948   40   99 188005.491 188339.898  0.18%  58.8  270s
  6338  1848 188049.142   30   81 188005.491 188332.151  0.17%  58.7  275s
  6522  1880 188151.134   34  109 188005.491 188328.561  0.17%  58.7  280s
  6679  1915 188063.099   26  120 188005.491 188320.338  0.17%  58.8  285s
  6829  1933 188130.196   36  100 188005.491 188315.831  0.17%  58.7  290s
  6978  1947 188007.609   39  105 188005.491 188312.783  0.16%  58.8  295s
  7014  1951 188041.361   40  112 188005.491 188311.879  0.16%  58.9  300s
  7164  1972 188113.444   30  119 188005.491 188307.014  0.16%  59.0  305s
  7310  1995 188010.238   37  105 188005.491 188304.069  0.16%  59.2  310s
  7508  2033 188024.044   38   97 188005.491 188298.806  0.16%  59.0  315s
  7710  2048 188016.543   36   99 188005.491 188292.944  0.15%  58.9  320s
  7909  2092 188010.159   31  106 188005.491 188289.820  0.15%  58.8  325s
  8036  2101 188191.591   34  102 188005.491 188287.286  0.15%  58.8  330s
  8213  2127 188227.603   25  130 188005.491 188284.508  0.15%  58.7  335s
  8348  2153 188013.031   35   91 188005.491 188281.232  0.15%  58.7  343s
  8422  2167 188082.698   40  103 188005.491 188280.511  0.15%  58.8  345s
  8595  2176     cutoff   27      188005.491 188274.692  0.14%  58.9  350s
  8791  2208 188015.025   39   99 188005.491 188270.451  0.14%  58.9  355s
  8865  2208 188221.537   30  124 188005.491 188267.882  0.14%  58.9  360s
  9036  2247 188022.652   36   82 188005.491 188264.868  0.14%  58.8  365s
  9225  2263 188100.663   34   85 188005.491 188261.285  0.14%  58.7  370s
  9419  2285 188197.693   32  112 188005.491 188256.638  0.13%  58.5  375s
  9586  2292 188020.153   37  107 188005.491 188253.677  0.13%  58.6  380s
  9757  2309 188034.666   37  116 188005.491 188249.511  0.13%  58.6  385s
  9944  2322 188110.151   35  112 188005.491 188245.901  0.13%  58.5  390s
 10004  2325 188124.973   32   94 188005.491 188244.425  0.13%  58.6  395s
 10178  2345 188175.248   33  109 188005.491 188241.277  0.13%  58.6  400s
 10371  2356 188107.249   33   92 188005.491 188238.158  0.12%  58.5  405s
 10561  2369     cutoff   36      188005.491 188234.952  0.12%  58.4  410s
 10742  2381 188151.812   34   97 188005.491 188231.449  0.12%  58.5  415s
 10942  2392 188028.044   32  117 188005.491 188227.404  0.12%  58.5  420s
 11132  2397     cutoff   38      188005.491 188223.230  0.12%  58.4  425s
 11348  2388 188019.486   41   95 188005.491 188218.975  0.11%  58.3  430s
 11540  2387     cutoff   39      188005.491 188215.025  0.11%  58.4  435s
 11722  2376     cutoff   33      188005.491 188210.784  0.11%  58.4  440s
 11929  2370 188140.888   28  125 188005.491 188208.376  0.11%  58.4  445s
 12093  2351 188135.964   31  106 188005.491 188205.496  0.11%  58.4  450s
 12264  2344 188037.788   34  107 188005.491 188202.994  0.11%  58.4  455s
 12442  2325 188047.211   28  116 188005.491 188199.690  0.10%  58.5  460s
 12608  2306 188071.887   41  112 188005.491 188196.871  0.10%  58.6  465s
 12802  2296 188087.033   35  101 188005.491 188194.233  0.10%  58.4  470s
 12956  2285 188080.812   31  110 188005.491 188191.933  0.10%  58.5  475s
 13119  2274 188081.754   32  129 188005.491 188189.579  0.10%  58.5  480s
 13295  2269 188116.468   35  101 188005.491 188187.288  0.10%  58.5  485s
 13490  2252 188066.558   38  105 188005.491 188183.966  0.09%  58.5  490s
 13691  2235     cutoff   32      188005.491 188181.367  0.09%  58.4  495s
 13875  2212 188045.967   36  101 188005.491 188178.044  0.09%  58.5  500s
 14055  2171 188091.545   37  109 188005.491 188173.548  0.09%  58.5  505s
 14266  2135     cutoff   39      188005.491 188169.825  0.09%  58.5  510s
 14462  2115     cutoff   33      188005.491 188167.193  0.09%  58.5  515s
 14671  2072 188028.659   33  100 188005.491 188162.706  0.08%  58.4  520s
 14733  2057 188026.885   36   94 188005.491 188161.716  0.08%  58.4  526s
 14846  2044     cutoff   32      188005.491 188159.867  0.08%  58.4  530s
 15033  2019 188021.346   38  103 188005.491 188156.691  0.08%  58.4  535s
 15208  1983 188033.816   32  100 188005.491 188154.127  0.08%  58.5  540s
 15364  1942 188005.863   40  105 188005.491 188150.116  0.08%  58.5  545s
 15531  1896 188022.205   39   79 188005.491 188146.188  0.07%  58.5  550s
 15704  1848 188034.702   27  132 188005.491 188143.067  0.07%  58.5  555s
 15867  1789     cutoff   29      188005.491 188139.553  0.07%  58.6  560s
 16059  1733 188031.165   37  103 188005.491 188135.887  0.07%  58.5  565s
 16268  1646 188060.550   35   78 188005.491 188130.624  0.07%  58.4  570s
 16469  1548     cutoff   40      188005.491 188124.442  0.06%  58.4  575s
 16684  1457     cutoff   39      188005.491 188118.198  0.06%  58.3  580s
 16884  1369     cutoff   29      188005.491 188113.409  0.06%  58.2  585s
 17071  1283 188050.650   34   85 188005.491 188107.952  0.05%  58.2  590s
 17243  1201     cutoff   32      188005.491 188103.195  0.05%  58.1  595s
 17461  1078 188058.161   37   99 188005.491 188096.439  0.05%  58.0  600s
 17695   953     cutoff   44      188005.491 188089.315  0.04%  57.8  605s
 17938   773 188005.512   43   61 188005.491 188080.096  0.04%  57.6  610s
 18205   593     cutoff   31      188005.491 188068.641  0.03%  57.4  615s
 18467   387     cutoff   38      188005.491 188053.060  0.03%  57.0  620s
 18795    88     cutoff   35      188005.491 188021.364  0.01%  56.4  625s

Cutting planes:
  Learned: 1
  Gomory: 11
  Lift-and-project: 1
  MIR: 622
  Flow cover: 506
  RLT: 25
  Relax-and-lift: 17
  Lazy constraints: 1215

Explored 18884 nodes (1060937 simplex iterations) in 626.04 seconds (720.05 work units)
Thread count was 1 (of 52 available processors)

Solution count 10: 188005 187997 187929 ... 183033

Optimal solution found (tolerance 0.00e+00)
Best objective 1.880054914960e+05, best bound 1.880054914960e+05, gap 0.0000%

User-callback calls 112773, time in user-callback 0.80 sec

CPU time spent in the second stage: 626.04 sec
The LP relaxation bound at the root node: 221991.760718
Termination status of the second stage: OPTIMAL

------------------ end of the second stage -----------------

Total CPU time: 630.48 sec
Percentage optimality gap: 0.00 %
CPU time spent in separating the cuts: 2.83 sec
Number of explored nodes: 18884
Objective value of the returned solution: 188005.491496
Optimal facility locations: [47, 54, 55, 63, 77, 88, 89, 90, 103, 113, 116, 128, 139, 146, 170, 195, 221, 229, 230, 238, 244, 251, 257, 258, 274, 276, 282, 284, 307, 328, 339, 349, 354, 364, 384, 395, 397]

@end of file
