Set parameter TimeLimit to value 7200
Setting GBD: A two-stage implementation of the stage-of-the-art generalized Benders decomposition (GBD) approach proposed by Lin & Tian (2021).

----------------- start of the first stage -----------------

Iter     Best Incumbent      BestBound     Gap      Time  #VioCuts
1                 0.000     356900.568   100.0       0.1       800
2             53753.802     341334.474    84.3       0.4       800
3            189002.319     315463.005    40.1       0.8       780
4            199211.186     290579.804    31.4       1.2       705
5            200388.682     281017.552    28.7       1.6       517
6            200388.682     279085.499    28.2       2.0       321
7            200388.682     278470.762    28.0       2.3       161
8            200388.682     278339.865    28.0       2.6        49
9            200388.682     278325.593    28.0       2.9        23
10           200388.682     278322.341    28.0       3.1         4
11           200388.682     278322.163    28.0       3.3         0

CPU time spent in the first stage: 3.95 sec
Upper bound returned at the end of the first stage: 278322.163438
Objective value of the optimal solution or the best incumbent at the end of the first stage: 200388.681917
Number of cuts added at the end of the first stage for the initialization of the relaxed MILP problem: 888
Termination status of the first stage: LP Optimal

------------------ end of the first stage ------------------


----------------- start of the second stage ----------------

Gurobi Optimizer version 11.0.1 build v11.0.1rc0 (linux64 - "CentOS Linux 7 (Core)")

CPU model: Intel(R) Xeon(R) Gold 6230R CPU @ 2.10GHz, instruction set [SSE2|AVX|AVX2|AVX512]
Thread count: 52 physical cores, 52 logical processors, using up to 1 threads


Warning: excessive time spent in model updates.
Consider calling update less frequently.

Optimize a model with 1693 rows, 900 columns and 17020 nonzeros
Model fingerprint: 0xf88dc9e8
Variable types: 800 continuous, 100 integer (0 binary)
Coefficient statistics:
  Matrix range     [7e-11, 2e+03]
  Objective range  [1e+01, 2e+03]
  Bounds range     [1e+00, 1e+00]
  RHS range        [7e-05, 4e+05]
Warning: Model contains large matrix coefficient range
         Consider reformulating model or setting NumericFocus parameter
         to avoid numerical issues.

Loaded user MIP start with objective 200389

Presolve removed 804 rows and 0 columns
Presolve time: 0.03s
Presolved: 889 rows, 900 columns, 12609 nonzeros
Variable types: 800 continuous, 100 integer (100 binary)

Root relaxation: objective 2.756571e+05, 130 iterations, 0.01 seconds (0.02 work units)

    Nodes    |    Current Node    |     Objective Bounds      |     Work
 Expl Unexpl |  Obj  Depth IntInf | Incumbent    BestBd   Gap | It/Node Time

     0     0 275657.076    0   26 200388.682 275657.076  37.6%     -    0s
     0     0 273507.407    0   49 200388.682 273507.407  36.5%     -    0s
     0     2 273417.093    0   49 200388.682 273417.093  36.4%     -    0s
H   11    11                    227287.46017 272165.654  19.7%  69.5    1s
H   26    26                    231749.59607 272165.654  17.4%  66.7    1s
H   29    29                    233185.66669 272165.654  16.7%  63.3    1s
H   91    91                    245177.04796 272165.654  11.0%  85.4    2s
H   95    95                    247130.78297 272165.654  10.1%  82.9    2s
H  106   106                    256278.84633 272165.654  6.20%  77.8    2s
H  109   109                    258512.85192 272165.654  5.28%  76.9    2s
H  116   116                    259571.03216 272165.654  4.85%  74.5    2s
*  120   116              73    261224.29688 272165.654  4.19%  74.3    2s
*  220   206              74    261887.39632 272078.149  3.89%  73.5    3s
H  311   277                    262277.31902 272074.379  3.74%  73.0    4s
*  312   273              68    262317.49911 272074.379  3.72%  73.1    4s
   315   272 267425.586    3   56 262317.499 272042.179  3.71%  76.8    5s
*  471   383              63    262554.76782 272035.782  3.61%  74.8    7s
   533   438 270951.412    7   49 262554.768 271979.741  3.59%  76.7   10s
   536   440 263580.274   47   68 262554.768 265741.550  1.21%  76.3   17s
   541   443 265059.411   22   69 262554.768 265059.411  0.95%  75.6   21s
   545   446 264899.280   23   72 262554.768 264899.280  0.89%  75.0   27s
   551   450 264837.987   18   72 262554.768 264837.987  0.87%  74.2   30s
   558   457 264732.889   15   65 262554.768 264795.383  0.85%  86.8   35s
   578   470 263713.173   25   47 262554.768 264795.383  0.85%  88.7   40s
H  658   439                    262952.56908 264795.383  0.70%  85.8   43s
*  660   416              69    262952.60634 264795.383  0.70%  85.6   43s
   661   416 264711.514   14   63 262952.606 264790.581  0.70%  85.9   45s
H  730   384                    263763.09472 264790.581  0.39%  88.3   48s
   752   381 264359.682   18   54 263763.095 264722.141  0.36%  88.0   50s
*  830   359              58    263875.77852 264722.141  0.32%  85.5   51s
   866   371 264497.105   16   67 263875.779 264688.620  0.31%  88.2   55s
  1005   381 263966.139   24   51 263875.779 264677.895  0.30%  90.8   60s
  1108   395 264376.368   18   65 263875.779 264614.530  0.28%  92.6   65s
  1214   425 263979.114   21   62 263875.779 264576.176  0.27%  94.7   70s
  1308   452 263950.617   25   52 263875.779 264525.433  0.25%  96.1   75s
  1424   462 264441.731   19   59 263875.779 264491.080  0.23%  95.3   80s
  1527   473 263888.710   34   36 263875.779 264457.988  0.22%  95.2   85s
  1677   475 264023.915   21   54 263875.779 264434.255  0.21%  94.5   90s
H 1748   483                    263911.76203 264428.892  0.20%  93.7   91s
H 1749   482                    263911.79896 264428.892  0.20%  93.7   91s
* 1750   481              58    263911.84521 264428.892  0.20%  93.6   91s
  1816   504 264154.341   23   59 263911.845 264417.680  0.19%  93.4   95s
  1939   528 264100.641   20   64 263911.845 264393.909  0.18%  93.6  100s
  2054   546     cutoff   25      263911.845 264373.634  0.17%  94.3  105s
  2184   586     cutoff   26      263911.845 264366.350  0.17%  94.4  110s
  2307   616 263993.039   29   45 263911.845 264358.565  0.17%  94.5  115s
  2444   662 264214.269   25   57 263911.845 264347.846  0.17%  94.2  120s
  2598   696 263921.561   25   41 263911.845 264340.490  0.16%  94.2  125s
  2678   703 264167.403   18   59 263911.845 264331.903  0.16%  94.7  130s
  2751   727 263956.014   21   55 263911.845 264325.892  0.16%  95.0  135s
H 2817   719                    263928.17083 264322.091  0.15%  93.9  136s
* 2818   718              54    263928.17093 264322.091  0.15%  93.9  136s
  2885   731 264138.880   18   59 263928.171 264315.888  0.15%  94.0  140s
  2990   745 264113.178   21   62 263928.171 264304.030  0.14%  93.7  145s
  3083   769 264039.018   23   44 263928.171 264294.655  0.14%  93.4  150s
  3193   778 264045.502   22   48 263928.171 264287.728  0.14%  93.3  155s
  3287   784 263957.824   24   51 263928.171 264282.430  0.13%  93.5  160s
  3382   805 263964.217   27   54 263928.171 264273.078  0.13%  93.6  165s
  3489   810 264149.496   25   53 263928.171 264263.710  0.13%  93.4  170s
  3588   823     cutoff   26      263928.171 264254.783  0.12%  93.2  175s
  3693   829 264063.165   26   53 263928.171 264249.182  0.12%  93.2  180s
  3819   851 264076.373   28   42 263928.171 264244.640  0.12%  93.0  185s
  3915   859 264006.152   27   60 263928.171 264240.091  0.12%  93.0  190s
  4001   857 263942.100   26   43 263928.171 264229.909  0.11%  93.0  195s
  4091   855 264089.394   21   60 263928.171 264224.555  0.11%  93.3  200s
  4196   865 264084.561   24   52 263928.171 264221.100  0.11%  93.2  205s
  4312   878 264145.324   19   65 263928.171 264217.785  0.11%  93.1  210s
  4426   887 263970.991   29   47 263928.171 264213.725  0.11%  93.1  215s
  4551   890 263957.662   32   40 263928.171 264206.768  0.11%  93.0  220s
  4728   907 263932.414   30   39 263928.171 264195.177  0.10%  92.4  225s
  4864   907 263962.146   22   58 263928.171 264189.666  0.10%  92.5  230s
  4983   894 263951.907   23   60 263928.171 264180.082  0.10%  92.7  235s
  5128   897 263933.663   34   41 263928.171 264168.661  0.09%  92.5  240s
  5280   893     cutoff   28      263928.171 264163.093  0.09%  92.4  245s
  5409   891 264027.313   31   41 263928.171 264156.037  0.09%  92.5  250s
  5552   891 264005.004   30   48 263928.171 264148.633  0.08%  92.5  255s
  5691   886 264000.360   25   57 263928.171 264139.613  0.08%  92.5  260s
  5821   875 264027.448   26   52 263928.171 264131.708  0.08%  92.3  265s
  5995   866 263953.946   22   62 263928.171 264122.781  0.07%  92.0  270s
  6166   844 263948.113   27   44 263928.171 264109.998  0.07%  91.6  275s
  6327   810     cutoff   33      263928.171 264099.587  0.06%  91.3  280s
  6495   771     cutoff   32      263928.171 264088.661  0.06%  91.0  285s
  6661   741     cutoff   21      263928.171 264079.291  0.06%  90.9  290s
  6819   730     cutoff   24      263928.171 264074.085  0.06%  90.5  295s
  7017   686     cutoff   25      263928.171 264063.883  0.05%  90.0  300s
  7167   646 263954.390   25   49 263928.171 264055.814  0.05%  89.9  305s
  7345   573 263933.314   24   53 263928.171 264042.152  0.04%  89.5  310s
  7531   460     cutoff   28      263928.171 264026.692  0.04%  89.1  315s
  7738   325     cutoff   26      263928.171 264005.373  0.03%  88.3  320s
  7991   114     cutoff   26      263928.171 263973.342  0.02%  86.8  325s

Cutting planes:
  MIR: 598
  Flow cover: 564
  RLT: 11
  Relax-and-lift: 12
  Lazy constraints: 1342

Explored 8108 nodes (695910 simplex iterations) in 326.24 seconds (440.05 work units)
Thread count was 1 (of 52 available processors)

Solution count 10: 263928 263912 263876 ... 259571

Optimal solution found (tolerance 0.00e+00)
Best objective 2.639281709281e+05, best bound 2.639281709281e+05, gap 0.0000%

User-callback calls 67104, time in user-callback 0.50 sec

CPU time spent in the second stage: 326.24 sec
The LP relaxation bound at the root node: 273417.093379
Termination status of the second stage: OPTIMAL

------------------ end of the second stage -----------------

Total CPU time: 329.58 sec
Percentage optimality gap: 0.00 %
CPU time spent in separating the cuts: 2.32 sec
Number of explored nodes: 8108
Objective value of the returned solution: 263928.170928
Optimal facility locations: [2, 5, 6, 22, 27, 28, 29, 35, 39, 43, 50, 55, 56, 64, 67, 69, 71, 80, 82, 83, 85, 86, 87, 91, 96, 98, 100]

@end of file
