Set parameter TimeLimit to value 7200
Setting GBD: A two-stage implementation of the state-of-the-art generalized Benders decomposition (GBD) approach proposed by Lin & Tian (2021).

----------------- start of the first stage -----------------

Iter     Best Incumbent      BestBound     Gap      Time  #VioCuts
1                 0.000     354080.573   100.0       0.1       800
2                 0.000     340553.704   100.0       0.5       800
3            188886.995     317103.236    40.4       0.8       770
4            204786.055     294767.377    30.5       1.2       676
5            204786.055     285103.983    28.2       1.5       456
6            204786.055     283096.372    27.7       1.9       255
7            204786.055     282675.172    27.6       2.1       132
8            204786.055     282510.121    27.5       2.4        78
9            204786.055     282489.809    27.5       2.6        16
10           204786.055     282469.683    27.5       2.8         8
11           204786.055     282469.226    27.5       3.0         2
12           204786.055     282469.061    27.5       3.2         0

CPU time spent in the first stage: 3.71 sec
Upper bound returned at the end of the first stage: 282469.060645
Objective value of the optimal solution or the best incumbent at the end of the first stage: 204786.055282
Number of cuts added at the end of the first stage for the initialization of the relaxed MILP problem: 892
Termination status of the first stage: LP Optimal

------------------ end of the first stage ------------------


----------------- start of the second stage ----------------

Gurobi Optimizer version 11.0.1 build v11.0.1rc0 (linux64 - "CentOS Linux 7 (Core)")

CPU model: Intel(R) Xeon(R) Gold 6230R CPU @ 2.10GHz, instruction set [SSE2|AVX|AVX2|AVX512]
Thread count: 52 physical cores, 52 logical processors, using up to 1 threads


Warning: excessive time spent in model updates.
Consider calling update less frequently.

Optimize a model with 1695 rows, 900 columns and 12538 nonzeros
Model fingerprint: 0x8baae551
Variable types: 800 continuous, 100 integer (0 binary)
Coefficient statistics:
  Matrix range     [6e-10, 2e+03]
  Objective range  [1e+01, 2e+03]
  Bounds range     [1e+00, 1e+00]
  RHS range        [5e-05, 4e+05]
Warning: Model contains large matrix coefficient range
         Consider reformulating model or setting NumericFocus parameter
         to avoid numerical issues.

Loaded user MIP start with objective 204786

Presolve removed 802 rows and 0 columns
Presolve time: 0.03s
Presolved: 893 rows, 900 columns, 9936 nonzeros
Variable types: 800 continuous, 100 integer (100 binary)

Root relaxation: objective 2.788444e+05, 141 iterations, 0.01 seconds (0.02 work units)

    Nodes    |    Current Node    |     Objective Bounds      |     Work
 Expl Unexpl |  Obj  Depth IntInf | Incumbent    BestBd   Gap | It/Node Time

     0     0 278844.380    0   26 204786.055 278844.380  36.2%     -    0s
     0     0 278844.380    0   26 204786.055 278844.380  36.2%     -    0s
     0     2 278819.397    0   26 204786.055 278819.397  36.2%     -    0s
H   12    12                    223267.40552 274261.278  22.8%   182    0s
H   14    14                    229232.90649 274261.278  19.6%   165    0s
H   17    17                    233107.90644 274261.278  17.7%   143    0s
H   23    23                    237635.00639 274261.278  15.4%   120    0s
*   60    60              51    260894.83220 274261.278  5.12%  73.0    1s
*  118   101              54    262858.48296 274232.870  4.33%  68.2    1s
H  162   137                    262894.12877 271951.015  3.45%  69.7    1s
*  273   229              45    262950.20422 271315.250  3.18%  65.9    2s
   512   406 268097.224    8   48 262950.204 270115.453  2.72%  67.2    5s
   589   455 267599.989   12   55 262950.204 269315.571  2.42%  65.7   10s
   593   458 266230.028   18   67 262950.204 266230.028  1.25%  65.3   15s
   597   461 264831.057   24   69 262950.204 266051.558  1.18%  64.8   20s
   630   485 265410.841   32   37 262950.204 266051.558  1.18%  74.3   25s
H  658   477                    263592.38862 266051.558  0.93%  74.3   25s
H  760   439                    264801.81516 266051.558  0.47%  73.5   29s
*  819   401              66    264939.37513 266051.558  0.42%  70.4   29s
   834   409 265555.869   24   51 264939.375 265999.835  0.40%  71.4   30s
  1073   456 265739.958   24   55 264939.375 265938.240  0.38%  73.4   35s
  1271   512 265381.043   27   53 264939.375 265837.063  0.34%  74.9   40s
  1434   540 265582.016   20   66 264939.375 265788.734  0.32%  77.3   45s
  1622   559 265449.795   23   66 264939.375 265720.789  0.29%  78.7   50s
  1874   626 264944.069   36   35 264939.375 265679.495  0.28%  78.8   55s
  2106   694 265287.234   29   51 264939.375 265650.662  0.27%  78.7   60s
  2337   788 265258.729   26   55 264939.375 265608.532  0.25%  78.9   65s
  2580   861 265398.515   27   48 264939.375 265588.718  0.25%  79.3   70s
  2775   926 265389.255   21   57 264939.375 265568.367  0.24%  79.4   75s
  2962   969 265175.170   23   60 264939.375 265545.406  0.23%  79.5   80s
  3134  1031 264942.361   29   41 264939.375 265518.243  0.22%  79.7   85s
  3332  1062     cutoff   28      264939.375 265500.245  0.21%  80.1   90s
  3535  1102 265202.968   26   60 264939.375 265490.439  0.21%  79.8   95s
  3747  1145 265158.429   26   54 264939.375 265470.858  0.20%  80.1  100s
  3964  1191 265056.511   27   58 264939.375 265455.854  0.19%  80.0  105s
  4137  1218 265061.980   26   47 264939.375 265439.504  0.19%  80.3  110s
  4370  1255 265109.112   24   52 264939.375 265429.381  0.18%  80.3  115s
  4607  1300 264943.420   30   38 264939.375 265415.527  0.18%  80.1  120s
  4822  1338 265060.846   34   50 264939.375 265408.598  0.18%  80.3  125s
  5021  1382 265054.786   32   43 264939.375 265401.888  0.17%  80.5  130s
  5245  1411 264945.541   28   51 264939.375 265390.233  0.17%  80.5  135s
  5455  1436 265105.678   27   47 264939.375 265380.114  0.17%  80.8  140s
  5709  1443 265260.099   26   58 264939.375 265367.542  0.16%  80.9  145s
  5928  1460 264944.255   22   54 264939.375 265359.899  0.16%  81.1  150s
  6139  1477 265075.375   27   57 264939.375 265347.551  0.15%  81.2  155s
  6366  1494 265083.929   25   58 264939.375 265338.146  0.15%  81.2  160s
  6616  1505 265008.614   27   52 264939.375 265330.959  0.15%  81.2  165s
  6876  1513 265085.501   28   46 264939.375 265314.254  0.14%  81.0  170s
  7123  1513 265037.572   24   55 264939.375 265304.348  0.14%  81.2  175s
  7351  1528 265000.936   25   45 264939.375 265297.292  0.14%  81.0  180s
  7570  1530 264953.125   38   33 264939.375 265286.422  0.13%  81.2  185s
  7835  1526 265176.467   25   56 264939.375 265275.658  0.13%  81.1  190s
  8077  1530 264990.133   29   52 264939.375 265266.142  0.12%  81.0  195s
  8318  1530 264967.670   24   53 264939.375 265256.423  0.12%  81.0  200s
  8543  1519 264955.791   28   43 264939.375 265246.468  0.12%  81.0  205s
  8782  1500     cutoff   34      264939.375 265235.893  0.11%  80.9  210s
  8985  1474 265065.232   26   55 264939.375 265227.736  0.11%  81.2  215s
  9205  1457 264999.288   28   57 264939.375 265216.458  0.10%  81.3  220s
  9436  1423 265156.045   29   52 264939.375 265205.893  0.10%  81.4  225s
  9667  1382 265096.188   26   55 264939.375 265194.136  0.10%  81.4  230s
  9898  1336 265048.896   32   50 264939.375 265183.101  0.09%  81.4  235s
 10123  1298     cutoff   27      264939.375 265174.396  0.09%  81.5  240s
 10369  1249 265057.743   33   48 264939.375 265163.907  0.08%  81.5  245s
 10633  1204 264958.816   26   56 264939.375 265153.248  0.08%  81.3  250s
 10889  1159 264972.818   40   34 264939.375 265145.186  0.08%  81.2  255s
 11198  1082 264978.260   28   55 264939.375 265130.083  0.07%  80.9  260s
 11507   995     cutoff   33      264939.375 265117.549  0.07%  80.7  265s
 11766   889 265028.096   24   62 264939.375 265104.638  0.06%  80.7  270s
 12094   727 264979.623   29   50 264939.375 265082.025  0.05%  80.3  275s
 12466   576 264952.916   32   41 264939.375 265060.538  0.05%  79.7  280s
 12868   327     cutoff   25      264939.375 265027.256  0.03%  78.9  285s

Cutting planes:
  Gomory: 3
  Lift-and-project: 1
  Implied bound: 2
  MIR: 597
  Flow cover: 659
  RLT: 40
  Relax-and-lift: 13
  Lazy constraints: 1115

Explored 13241 nodes (1027208 simplex iterations) in 288.21 seconds (387.95 work units)
Thread count was 1 (of 52 available processors)

Solution count 10: 264939 264802 263592 ... 229233

Optimal solution found (tolerance 0.00e+00)
Best objective 2.649393751341e+05, best bound 2.649393751341e+05, gap 0.0000%

User-callback calls 74062, time in user-callback 0.44 sec

CPU time spent in the second stage: 288.21 sec
The LP relaxation bound at the root node: 278819.396511
Termination status of the second stage: OPTIMAL

------------------ end of the second stage -----------------

Total CPU time: 291.42 sec
Percentage optimality gap: 0.00 %
CPU time spent in separating the cuts: 2.24 sec
Number of explored nodes: 13241
Objective value of the returned solution: 264939.375133
Optimal facility locations: [2, 5, 6, 22, 27, 28, 39, 43, 50, 52, 55, 56, 63, 64, 67, 68, 71, 80, 83, 86, 87, 91, 96, 98, 100]

@end of file
