Set parameter TimeLimit to value 7200
Setting B&C+SI: The proposed B&C algorithm based on formulation (16) (equipped with the submodular inequalities).

----------------- start of the first stage -----------------

Iter     Best Incumbent      BestBound     Gap      Time  #VioCuts
1                 0.000     336150.388   100.0       0.1       800
2            177599.998     312719.797    43.2       0.5      1386
3            212473.006     279257.783    23.9       1.1      1366
4            236920.808     256597.651     7.7       1.7      1196
5            240557.307     250399.730     3.9       2.8       792
6            240557.307     248575.241     3.2       3.7       436
7            240557.307     247763.556     2.9       4.5       180
8            240557.307     247552.152     2.8       5.3        93
9            240557.307     247421.106     2.8       5.9        30
10           240557.307     247372.778     2.8       6.6        12
11           240557.307     247369.185     2.8       7.3         1
12           240557.307     247365.925     2.8       7.9         1
13           240557.307     247362.924     2.8       8.5         9
14           240557.307     247355.624     2.7       9.2         3
15           240557.307     247350.947     2.7       9.8         1
16           240557.307     247347.137     2.7      10.4         0

CPU time spent in the first stage: 11.51 sec
Upper bound returned at the end of the first stage: 247347.137476
Objective value of the optimal solution or the best incumbent at the end of the first stage: 240557.306755
Number of cuts added at the end of the first stage for the initialization of the relaxed MILP problem: 929
Termination status of the first stage: LP Optimal

------------------ end of the first stage ------------------


----------------- start of the second stage ----------------

Gurobi Optimizer version 11.0.1 build v11.0.1rc0 (linux64 - "CentOS Linux 7 (Core)")

CPU model: Intel(R) Xeon(R) Gold 6230R CPU @ 2.10GHz, instruction set [SSE2|AVX|AVX2|AVX512]
Thread count: 52 physical cores, 52 logical processors, using up to 1 threads


Warning: excessive time spent in model updates.
Consider calling update less frequently.

Optimize a model with 1734 rows, 900 columns and 11848 nonzeros
Model fingerprint: 0x6df99051
Variable types: 800 continuous, 100 integer (0 binary)
Coefficient statistics:
  Matrix range     [4e-08, 2e+03]
  Objective range  [1e+01, 2e+03]
  Bounds range     [1e+00, 1e+00]
  RHS range        [1e-04, 4e+05]

Loaded user MIP start with objective 240557

Presolve removed 805 rows and 0 columns
Presolve time: 0.02s
Presolved: 929 rows, 900 columns, 7445 nonzeros
Variable types: 800 continuous, 100 integer (100 binary)

Root relaxation: objective 2.473386e+05, 271 iterations, 0.02 seconds (0.03 work units)

    Nodes    |    Current Node    |     Objective Bounds      |     Work
 Expl Unexpl |  Obj  Depth IntInf | Incumbent    BestBd   Gap | It/Node Time

     0     0 247338.562    0   70 240557.307 247338.562  2.82%     -    0s
     0     0 247232.401    0   68 240557.307 247232.401  2.77%     -    0s
     0     0 247214.334    0   67 240557.307 247214.334  2.77%     -    0s
     0     2 247190.867    0   67 240557.307 247190.867  2.76%     -    1s
   179   165 245533.042   13   51 240557.307 247106.067  2.72%  58.5    5s
*  243   180              62    242417.01470 247106.067  1.93%  57.9    5s
*  359   234              45    243148.84622 247084.808  1.62%  62.0    9s
   377   246 244110.605   16   45 243148.846 247083.879  1.62%  64.5   10s
   544   365 245861.271    7   58 243148.846 247034.234  1.60%  68.4   15s
   568   387 244055.047   35   74 243148.846 247034.234  1.60%  68.8   24s
   569   388 246758.036    4   74 243148.846 246758.036  1.48%  68.7   27s
   574   391 245886.405    7   72 243148.846 246519.494  1.39%  68.1   32s
   580   395 246426.049   11   77 243148.846 246426.049  1.35%  67.4   37s
   584   398 243945.484   23   76 243148.846 246426.049  1.35%  66.9   40s
   593   404 243501.835   30   74 243148.846 246334.216  1.31%  65.9   45s
   604   413 246141.809   16   68 243148.846 246316.968  1.30%  71.7   50s
   618   423 245780.597   23   56 243148.846 246316.968  1.30%  73.4   55s
*  702   434              67    243581.63506 246316.968  1.12%  72.9   59s
   706   430 246316.968   14   73 243581.635 246316.968  1.12%  72.6   61s
*  818   431              71    244083.74306 246316.968  0.91%  73.0   64s
   837   440 245586.286   22   56 244083.743 246299.241  0.91%  74.5   65s
H  849   410                    244435.10537 246299.241  0.76%  75.5   66s
*  917   370              64    244724.56683 246299.241  0.64%  72.9   67s
   945   387 245426.017   29   40 244724.567 246298.933  0.64%  74.9   70s
  1066   430 245283.625   26   55 244724.567 246078.282  0.55%  77.3   75s
H 1194   367                    244914.53836 246065.372  0.47%  78.6   79s
  1196   368 244916.051   45   11 244914.538 246065.372  0.47%  78.5   80s
  1281   395     cutoff   38      244914.538 246044.957  0.46%  79.9   85s
  1387   403 245495.844   22   59 244914.538 245970.808  0.43%  81.5   90s
  1485   411 245411.422   24   53 244914.538 245908.812  0.41%  83.2   95s
  1581   418 245858.058   18   66 244914.538 245901.364  0.40%  83.3  100s
  1682   452 245188.864   26   52 244914.538 245880.641  0.39%  84.2  105s
  1779   479 245319.289   25   59 244914.538 245856.953  0.38%  85.4  110s
  1902   531 245450.317   28   44 244914.538 245836.036  0.38%  86.1  115s
  1998   566 245642.771   19   65 244914.538 245807.427  0.36%  86.6  120s
  2110   612 245322.266   26   50 244914.538 245796.920  0.36%  87.2  125s
  2229   644 245290.107   24   63 244914.538 245782.383  0.35%  87.3  130s
  2340   680 245621.055   22   56 244914.538 245752.424  0.34%  87.4  135s
  2468   724 244929.742   36   38 244914.538 245741.602  0.34%  87.7  140s
  2588   752 245503.221   19   61 244914.538 245731.040  0.33%  87.8  145s
  2665   770 245480.878   23   56 244914.538 245718.165  0.33%  88.0  150s
  2760   802 245232.062   25   52 244914.538 245704.589  0.32%  88.1  155s
  2866   847 245478.890   25   54 244914.538 245685.980  0.31%  88.2  160s
  2986   883 245333.923   28   58 244914.538 245669.379  0.31%  88.1  165s
  3096   914 245241.091   24   48 244914.538 245659.788  0.30%  88.4  170s
  3197   925 245152.733   27   54 244914.538 245650.567  0.30%  88.5  175s
  3302   931 245173.163   29   49 244914.538 245645.828  0.30%  88.6  180s
  3414   963 245495.644   24   58 244914.538 245636.144  0.29%  88.8  185s
  3521   981 245452.302   17   66 244914.538 245629.406  0.29%  89.1  190s
  3631   999 244974.007   28   53 244914.538 245626.694  0.29%  89.0  195s
  3740  1016 244946.262   30   38 244914.538 245621.208  0.29%  89.4  200s
  3841  1035 245227.919   24   60 244914.538 245616.662  0.29%  89.4  205s
  3948  1045 245420.055   22   46 244914.538 245605.722  0.28%  89.5  210s
  4059  1065 245147.748   28   56 244914.538 245599.513  0.28%  89.4  215s
  4162  1088 245290.935   28   52 244914.538 245588.895  0.28%  89.4  220s
  4269  1109 245406.572   25   51 244914.538 245585.948  0.27%  89.6  225s
  4374  1133 245333.802   26   52 244914.538 245575.655  0.27%  89.8  230s
  4494  1159 245274.306   21   51 244914.538 245566.561  0.27%  89.6  235s
  4612  1176 245360.541   24   54 244914.538 245550.833  0.26%  89.4  240s
  4728  1189 245279.474   28   44 244914.538 245548.158  0.26%  89.6  245s
  4847  1210 245231.173   23   51 244914.538 245537.558  0.25%  89.5  250s
  4953  1237 244938.489   29   51 244914.538 245533.678  0.25%  89.4  255s
  5059  1252 245106.407   24   58 244914.538 245528.232  0.25%  89.3  260s
  5171  1269 245038.020   22   52 244914.538 245522.948  0.25%  89.3  265s
  5259  1280 245095.140   29   46 244914.538 245513.555  0.24%  89.3  270s
  5395  1291 245058.565   29   45 244914.538 245506.217  0.24%  89.2  275s
  5525  1296 245236.374   25   59 244914.538 245497.652  0.24%  89.3  280s
  5659  1304 245290.416   21   60 244914.538 245493.174  0.24%  89.4  285s
  5796  1311 245002.848   21   59 244914.538 245484.707  0.23%  89.3  290s
  5927  1322 245170.126   22   50 244914.538 245479.938  0.23%  89.4  295s
  6071  1331 244936.954   29   41 244914.538 245476.862  0.23%  89.3  300s
  6198  1343 244968.879   30   43 244914.538 245470.646  0.23%  89.4  305s
  6324  1340     cutoff   27      244914.538 245460.402  0.22%  89.4  310s
  6450  1347 245156.612   26   53 244914.538 245453.223  0.22%  89.5  315s
  6583  1353 245238.467   19   66 244914.538 245446.915  0.22%  89.5  320s
  6694  1358 244969.881   24   49 244914.538 245443.690  0.22%  89.7  325s
  6821  1364 245136.556   29   46 244914.538 245437.750  0.21%  89.7  330s
  6952  1380 245201.897   26   51 244914.538 245434.585  0.21%  89.7  335s
  7079  1388 245083.344   26   53 244914.538 245429.691  0.21%  89.6  340s
  7178  1397 244972.127   30   44 244914.538 245422.705  0.21%  89.7  345s
  7311  1395 244917.109   30   37 244914.538 245416.388  0.20%  89.7  350s
  7446  1398 245031.084   29   37 244914.538 245413.176  0.20%  89.5  355s
  7576  1399 245005.786   24   53 244914.538 245408.353  0.20%  89.4  360s
  7710  1398 244994.859   28   45 244914.538 245401.106  0.20%  89.3  365s
  7868  1396 245040.039   25   45 244914.538 245396.432  0.20%  89.1  370s
  8025  1403 245177.344   28   49 244914.538 245390.910  0.19%  88.9  375s
  8113  1413     cutoff   25      244914.538 245388.380  0.19%  88.9  380s
  8243  1414     cutoff   30      244914.538 245383.316  0.19%  89.0  385s
  8382  1414 244940.011   32   32 244914.538 245379.186  0.19%  89.0  390s
  8510  1409 245232.775   23   53 244914.538 245374.367  0.19%  89.0  395s
  8624  1412 245049.906   29   51 244914.538 245371.766  0.19%  89.0  400s
  8772  1409 245008.987   28   45 244914.538 245367.219  0.18%  88.9  405s
  8894  1407     cutoff   17      244914.538 245361.992  0.18%  89.0  410s
  9018  1402 245078.124   25   47 244914.538 245356.783  0.18%  88.9  415s
  9125  1397 245122.778   26   58 244914.538 245350.401  0.18%  88.9  420s
  9248  1386     cutoff   30      244914.538 245345.946  0.18%  88.9  425s
  9391  1384 244920.264   28   38 244914.538 245341.298  0.17%  88.8  430s
  9532  1382 245054.916   30   48 244914.538 245337.701  0.17%  88.7  435s
  9671  1384 244943.643   32   38 244914.538 245334.176  0.17%  88.7  440s
  9816  1370     cutoff   26      244914.538 245327.769  0.17%  88.6  445s
  9913  1374 244919.832   27   46 244914.538 245324.528  0.17%  88.7  450s
 10056  1372 245077.704   28   48 244914.538 245321.445  0.17%  88.5  455s
 10199  1370 245159.711   27   58 244914.538 245318.112  0.16%  88.4  460s
 10313  1360 245001.433   31   43 244914.538 245315.255  0.16%  88.5  465s
 10481  1353 245083.879   24   60 244914.538 245309.835  0.16%  88.3  470s
 10613  1341 245146.477   23   52 244914.538 245305.777  0.16%  88.4  475s
 10756  1335 245057.528   23   57 244914.538 245301.058  0.16%  88.4  480s
 10885  1320 245091.157   27   50 244914.538 245297.647  0.16%  88.3  485s
 11022  1315 245259.607   24   59 244914.538 245292.928  0.15%  88.2  490s
 11141  1308 245058.801   22   55 244914.538 245288.500  0.15%  88.3  495s
 11293  1295     cutoff   29      244914.538 245283.466  0.15%  88.3  500s
 11428  1280     cutoff   30      244914.538 245279.167  0.15%  88.4  505s
 11603  1273 245065.589   27   49 244914.538 245273.566  0.15%  88.3  510s
 11744  1256 244925.521   30   33 244914.538 245269.409  0.14%  88.3  515s
 11876  1245     cutoff   22      244914.538 245264.784  0.14%  88.3  520s
 12026  1224 244994.254   27   54 244914.538 245256.050  0.14%  88.4  525s
 12188  1212     cutoff   31      244914.538 245252.082  0.14%  88.3  530s
 12338  1198 244956.749   30   44 244914.538 245247.941  0.14%  88.3  535s
 12484  1177 245014.519   26   51 244914.538 245241.322  0.13%  88.3  540s
 12625  1157     cutoff   21      244914.538 245237.817  0.13%  88.4  545s
 12762  1143 244981.876   25   47 244914.538 245232.006  0.13%  88.4  550s
 12921  1123     cutoff   27      244914.538 245225.429  0.13%  88.3  555s
 13076  1100 245124.469   28   50 244914.538 245220.007  0.12%  88.3  560s
 13236  1077     cutoff   31      244914.538 245215.873  0.12%  88.2  565s
 13391  1052 244969.320   22   49 244914.538 245209.770  0.12%  88.2  570s
 13530  1018 245013.893   29   53 244914.538 245204.270  0.12%  88.3  575s
 13583  1011 244955.211   30   46 244914.538 245202.250  0.12%  88.2  580s
 13671  1005 245008.874   24   52 244914.538 245199.526  0.12%  88.2  585s
 13826   971     cutoff   23      244914.538 245192.980  0.11%  88.2  590s
 13981   941     cutoff   32      244914.538 245185.134  0.11%  88.2  595s
 14161   911 244951.919   30   40 244914.538 245178.055  0.11%  88.0  600s
 14322   874 245003.778   22   55 244914.538 245168.311  0.10%  88.0  605s
 14484   840 245026.550   28   46 244914.538 245163.014  0.10%  88.0  610s
 14648   802 244946.609   24   52 244914.538 245153.646  0.10%  88.0  615s
 14791   769     cutoff   30      244914.538 245147.257  0.10%  88.0  620s
 14964   728 245024.489   22   57 244914.538 245138.741  0.09%  87.9  625s
 15128   683 244922.719   25   55 244914.538 245129.447  0.09%  87.8  630s
 15323   638     cutoff   28      244914.538 245123.957  0.09%  87.6  635s
 15504   584     cutoff   31      244914.538 245112.766  0.08%  87.5  640s
 15687   512 244973.472   23   51 244914.538 245096.668  0.07%  87.4  645s
 15872   445 244964.248   24   48 244914.538 245081.986  0.07%  87.2  650s
 16066   353     cutoff   28      244914.538 245061.710  0.06%  86.9  655s
 16287   247 244967.994   25   40 244914.538 245033.415  0.05%  86.6  660s
 16539    78     cutoff   30      244914.538 244964.307  0.02%  86.1  665s

Cutting planes:
  Gomory: 5
  Lift-and-project: 2
  Implied bound: 11
  MIR: 569
  Flow cover: 563
  RLT: 42
  Relax-and-lift: 18
  Lazy constraints: 900

Explored 16619 nodes (1425188 simplex iterations) in 665.95 seconds (883.25 work units)
Thread count was 1 (of 52 available processors)

Solution count 8: 244915 244725 244435 ... 240557

Optimal solution found (tolerance 0.00e+00)
Best objective 2.449145383555e+05, best bound 2.449145383555e+05, gap 0.0000%

User-callback calls 122859, time in user-callback 0.65 sec

CPU time spent in the second stage: 665.95 sec
The LP relaxation bound at the root node: 247190.867144
Termination status of the second stage: OPTIMAL

------------------ end of the second stage -----------------

Total CPU time: 676.40 sec
Percentage optimality gap: 0.00 %
CPU time spent in separating the cuts: 8.60 sec
Number of explored nodes: 16619
Objective value of the returned solution: 244914.538355
Optimal facility locations: [10, 15, 16, 22, 25, 28, 30, 31, 32, 34, 35, 44, 50, 52, 54, 57, 60, 62, 63, 66, 75, 76, 80, 82, 86, 88]

@end of file
