Set parameter TimeLimit to value 7200
Setting GBD: A two-stage implementation of the state-of-the-art generalized Benders decomposition (GBD) approach proposed by Lin & Tian (2021).

----------------- start of the first stage -----------------

Iter     Best Incumbent      BestBound     Gap      Time  #VioCuts
1                 0.000     350081.316   100.0       0.2       800
2             79230.362     327410.933    75.8       0.6       800
3            145782.161     289668.788    49.7       1.1       757
4            145782.161     261841.157    44.3       1.7       618
5            145782.161     254298.219    42.7       2.2       394
6            145782.161     252591.619    42.3       2.6       215
7            145782.161     252017.238    42.2       3.1       130
8            145782.161     251657.164    42.1       3.4        68
9            145782.161     251602.341    42.1       3.7        13
10           145782.161     251584.327    42.1       4.0         8
11           145782.161     251582.345    42.1       4.3         1
12           145782.161     251582.345    42.1       4.6         0

CPU time spent in the first stage: 5.19 sec
Upper bound returned at the end of the first stage: 251582.345055
Objective value of the optimal solution or the best incumbent at the end of the first stage: 145782.160617
Number of cuts added at the end of the first stage for the initialization of the relaxed MILP problem: 931
Termination status of the first stage: LP Optimal

------------------ end of the first stage ------------------


----------------- start of the second stage ----------------

Gurobi Optimizer version 11.0.1 build v11.0.1rc0 (linux64 - "CentOS Linux 7 (Core)")

CPU model: Intel(R) Xeon(R) Gold 6230R CPU @ 2.10GHz, instruction set [SSE2|AVX|AVX2|AVX512]
Thread count: 52 physical cores, 52 logical processors, using up to 1 threads


Warning: excessive time spent in model updates.
Consider calling update less frequently.

Optimize a model with 1734 rows, 1000 columns and 18709 nonzeros
Model fingerprint: 0xeab6a05e
Variable types: 800 continuous, 200 integer (0 binary)
Coefficient statistics:
  Matrix range     [3e-10, 2e+03]
  Objective range  [1e+01, 2e+03]
  Bounds range     [1e+00, 1e+00]
  RHS range        [2e-04, 4e+05]
Warning: Model contains large matrix coefficient range
         Consider reformulating model or setting NumericFocus parameter
         to avoid numerical issues.

Loaded user MIP start with objective 145782

Presolve removed 802 rows and 0 columns
Presolve time: 0.03s
Presolved: 932 rows, 1000 columns, 15907 nonzeros
Variable types: 800 continuous, 200 integer (200 binary)

Root relaxation: objective 2.440102e+05, 214 iterations, 0.01 seconds (0.01 work units)

    Nodes    |    Current Node    |     Objective Bounds      |     Work
 Expl Unexpl |  Obj  Depth IntInf | Incumbent    BestBd   Gap | It/Node Time

     0     0 244010.208    0   31 145782.161 244010.208  67.4%     -    0s
     0     0 239647.855    0   64 145782.161 239647.855  64.4%     -    0s
     0     0 239610.918    0   67 145782.161 239610.918  64.4%     -    0s
     0     0 239610.918    0   67 145782.161 239610.918  64.4%     -    0s
     0     0 236868.736    0   73 145782.161 236868.736  62.5%     -    1s
H    0     0                    210670.04487 236814.019  12.4%     -    1s
     0     0 234249.236    0   83 210670.045 234249.236  11.2%     -    1s
     0     0 234009.211    0   90 210670.045 234009.211  11.1%     -    1s
     0     0 233974.681    0   90 210670.045 233974.681  11.1%     -    1s
     0     0 233972.314    0   92 210670.045 233972.314  11.1%     -    1s
     0     0 233861.985    0   92 210670.045 233861.985  11.0%     -    1s
     0     0 232635.708    0   88 210670.045 232635.708  10.4%     -    2s
     0     2 231908.403    0   91 210670.045 231908.403  10.1%     -    2s
    43    45 228170.756   31   61 210670.045 231787.447  10.0%  59.4    5s
H  169   169                    215894.06234 231787.447  7.36%  44.7    6s
H  171   171                    217597.43440 231787.447  6.52%  44.3    6s
H  177   175                    220614.00763 231787.447  5.06%  43.5    6s
*  178   172             135    220792.03302 231787.447  4.98%  43.5    6s
   383   356 226808.126   32   58 220792.033 231541.105  4.87%  47.9   10s
H  507   434                    221500.88804 231541.105  4.53%  45.0   10s
*  508   434             126    221501.04558 231541.105  4.53%  44.9   10s
   531   450 230314.563    4   88 221501.046 231524.471  4.53%  47.3   15s
   533   451 225324.648   60   82 221501.046 230621.707  4.12%  47.2   20s
   541   457 224087.606   74  103 221501.046 226203.133  2.12%  46.5   27s
   548   461 222217.732   92  109 221501.046 225629.464  1.86%  45.9   32s
   556   467 225582.331   28  113 221501.046 225582.331  1.84%  45.2   36s
   565   473 225509.494   52  112 221501.046 225509.494  1.81%  44.5   40s
   574   480 222496.592   96   82 221501.046 225509.494  1.81%  59.6   45s
   582   486 225509.494   22  115 221501.046 225509.494  1.81%  58.8   50s
   587   489 222592.253  100  109 221501.046 225509.494  1.81%  58.3   56s
   593   493 222698.215   96  112 221501.046 225480.693  1.80%  57.7   60s
   608   505 225363.451   19  104 221501.046 225462.633  1.79%  67.1   65s
   625   516 224948.854   28   86 221501.046 225438.015  1.78%  69.8   70s
   647   531 224519.258   39   73 221501.046 225438.015  1.78%  71.1   75s
H  711   546                    222275.90602 225438.015  1.42%  70.8   79s
H  741   540                    222293.01619 225438.015  1.41%  69.9   80s
   808   567 224350.165   39   62 222293.016 225437.105  1.41%  71.2   85s
H  941   547                    222885.70252 225437.105  1.14%  67.7   87s
*  943   523             107    222885.74419 225437.105  1.14%  67.6   87s
   949   523 225009.631   23  102 222885.744 225424.706  1.14%  69.2   90s
  1082   583 224729.735   30   78 222885.744 225424.331  1.14%  71.8   95s
  1204   650 224142.335   39   66 222885.744 225363.451  1.11%  74.2  100s
  1265   671 224672.412   25   90 222885.744 225363.451  1.11%  75.7  105s
  1391   739 224516.137   31   82 222885.744 225265.687  1.07%  77.6  110s
  1548   810 224038.485   42   67 222885.744 225264.789  1.07%  77.9  115s
  1735   892 222922.806   71   33 222885.744 225236.110  1.05%  76.2  120s
  1863   968 224424.888   36   73 222885.744 225227.026  1.05%  76.8  125s
H 1944   910                    223092.15585 225227.026  0.96%  76.1  127s
  2018   975 223652.703   59   48 223092.156 225226.345  0.96%  76.2  130s
  2154  1095 223947.957   32   93 223092.156 225145.105  0.92%  76.4  135s
  2318  1236 223676.360   60   34 223092.156 225102.173  0.90%  76.6  140s
H 2351  1169                    223221.29845 225102.173  0.84%  76.1  140s
  2422  1206 224505.803   29   93 223221.298 224983.804  0.79%  77.0  145s
H 2454  1052                    223418.19362 224983.804  0.70%  77.6  147s
H 2481  1030                    223444.12475 224983.321  0.69%  77.7  150s
  2547  1082 224225.190   35   88 223444.125 224972.482  0.68%  78.4  155s
  2620  1130 224258.833   26   94 223444.125 224961.169  0.68%  78.8  160s
  2658  1156 223831.059   36   78 223444.125 224936.434  0.67%  79.3  165s
H 2674  1143                    223463.91619 224932.892  0.66%  79.3  166s
  2701  1166 224422.913   29   86 223463.916 224932.734  0.66%  80.2  170s
H 2728  1030                    223612.53373 224923.004  0.59%  80.4  172s
  2774  1065 223939.345   44   66 223612.534 224922.421  0.59%  80.4  175s
  2840  1090 224345.462   32   92 223612.534 224908.860  0.58%  80.4  180s
  2914  1149 223640.414   43   74 223612.534 224902.535  0.58%  80.9  185s
  3003  1198 224139.583   27   89 223612.534 224893.159  0.57%  81.3  190s
  3078  1251 223696.673   48   56 223612.534 224888.956  0.57%  81.5  195s
  3207  1301 224477.073   31   84 223612.534 224877.552  0.57%  82.0  200s
  3295  1357 224062.467   31   84 223612.534 224873.136  0.56%  82.5  205s
  3358  1399 223739.819   46   73 223612.534 224872.020  0.56%  82.9  210s
  3426  1435 224264.203   26  105 223612.534 224865.432  0.56%  83.3  215s
  3478  1457 224473.662   29   96 223612.534 224855.258  0.56%  83.8  220s
  3593  1527 224703.906   26  105 223612.534 224841.234  0.55%  83.6  225s
  3689  1594 223823.604   42   73 223612.534 224839.837  0.55%  84.1  230s
  3757  1625 224126.702   28  103 223612.534 224826.839  0.54%  84.4  235s
  3830  1663 224370.086   27   95 223612.534 224820.819  0.54%  84.5  240s
  3915  1726 223983.216   32   91 223612.534 224818.229  0.54%  85.4  245s
  3988  1764 224297.352   28   96 223612.534 224802.494  0.53%  86.0  250s
  4052  1809 223871.842   38   86 223612.534 224802.100  0.53%  86.2  255s
H 4075  1789                    223636.02996 224794.660  0.52%  86.3  257s
  4111  1812 224150.651   35   83 223636.030 224786.196  0.51%  86.4  260s
  4193  1870 223803.364   49   50 223636.030 224781.290  0.51%  86.6  265s
  4271  1899 224017.617   28   92 223636.030 224779.871  0.51%  86.6  270s
  4353  1938 224606.374   24  104 223636.030 224767.357  0.51%  87.0  275s
  4402  1969 223674.095   34   76 223636.030 224765.474  0.51%  87.4  280s
  4480  2004 224533.321   29   97 223636.030 224744.684  0.50%  87.5  285s
  4593  2092 224107.990   37   74 223636.030 224730.062  0.49%  87.6  290s
  4678  2138 223837.289   35   82 223636.030 224726.061  0.49%  87.9  295s
  4762  2170 224590.772   27   95 223636.030 224723.766  0.49%  88.1  300s
  4844  2222 223718.551   37   87 223636.030 224719.975  0.48%  87.9  305s
  4942  2271 223646.827   42   68 223636.030 224708.990  0.48%  88.2  310s
  5029  2325 223823.942   39   81 223636.030 224707.135  0.48%  88.3  315s
  5096  2364 224029.160   38   79 223636.030 224703.092  0.48%  88.5  320s
  5188  2402 224066.138   33   89 223636.030 224699.166  0.48%  88.6  325s
  5262  2435 224160.013   25  103 223636.030 224697.643  0.47%  88.9  330s
  5335  2478 224073.313   36   89 223636.030 224693.630  0.47%  89.0  335s
  5412  2507 223994.139   29   93 223636.030 224686.812  0.47%  89.0  340s
  5447  2526 224037.474   25  105 223636.030 224686.368  0.47%  89.2  345s
  5532  2561 224455.199   26   93 223636.030 224679.469  0.47%  89.5  350s
  5636  2630 223822.165   35   83 223636.030 224679.382  0.47%  89.4  355s
  5728  2664 223926.401   39   73 223636.030 224669.520  0.46%  89.5  360s
  5825  2716 224020.774   36   75 223636.030 224660.272  0.46%  89.7  365s
  5928  2759 224316.548   24  100 223636.030 224656.944  0.46%  89.8  370s
  5998  2792 224363.709   28   91 223636.030 224651.510  0.45%  89.9  375s
  6078  2838 223903.041   31   93 223636.030 224646.397  0.45%  90.0  380s
  6193  2900 223654.919   44   58 223636.030 224632.934  0.45%  90.0  385s
  6265  2914 224111.325   32   89 223636.030 224626.301  0.44%  90.2  390s
  6322  2943 224331.599   26   95 223636.030 224625.648  0.44%  90.4  395s
  6387  2967 224344.050   30   97 223636.030 224624.399  0.44%  90.5  400s
  6443  2990 224203.074   34   86 223636.030 224622.054  0.44%  90.8  405s
  6547  3053 223956.354   42   69 223636.030 224618.187  0.44%  90.9  410s
  6648  3098     cutoff   38      223636.030 224609.804  0.44%  90.9  415s
  6755  3141 223700.351   39   80 223636.030 224605.753  0.43%  90.8  420s
  6865  3205 224029.321   34   81 223636.030 224602.769  0.43%  90.8  425s
  6957  3233 224317.042   27   90 223636.030 224595.905  0.43%  90.9  430s
  7070  3286 224078.536   33   87 223636.030 224590.511  0.43%  90.8  435s
  7167  3336 224182.235   28   95 223636.030 224585.190  0.42%  90.9  440s
  7263  3383 224360.606   29   92 223636.030 224582.090  0.42%  90.9  445s
  7360  3436 224060.013   35   80 223636.030 224573.679  0.42%  90.9  450s
  7482  3486 223823.076   32   79 223636.030 224570.442  0.42%  90.8  455s
  7562  3509 223723.204   35   84 223636.030 224568.344  0.42%  91.1  460s
  7630  3537 224283.208   29   95 223636.030 224565.289  0.42%  91.3  465s
  7726  3587 223781.854   31   87 223636.030 224559.641  0.41%  91.2  470s
  7809  3638     cutoff   51      223636.030 224555.956  0.41%  91.2  475s
  7906  3666 224376.040   26   93 223636.030 224551.672  0.41%  91.2  480s
  7959  3702 224267.996   30   88 223636.030 224550.201  0.41%  91.1  485s
  8044  3761 223650.947   46   68 223636.030 224548.926  0.41%  91.1  490s
  8135  3795 224106.157   28   85 223636.030 224543.705  0.41%  91.2  495s
  8252  3849 224238.398   33   80 223636.030 224538.545  0.40%  91.1  500s
  8342  3909     cutoff   45      223636.030 224534.986  0.40%  91.1  505s
  8439  3951 224039.245   38   72 223636.030 224531.612  0.40%  91.1  510s
  8601  4009 223733.236   35   72 223636.030 224530.978  0.40%  90.8  515s
  8716  4056 224190.194   31   90 223636.030 224527.358  0.40%  90.7  520s
  8803  4101 223845.115   38   83 223636.030 224525.529  0.40%  90.8  525s
  8910  4158 224231.659   31   94 223636.030 224521.044  0.40%  90.8  530s
  9021  4220 224318.049   26   99 223636.030 224519.713  0.40%  90.7  535s
  9134  4279 224216.722   30   83 223636.030 224516.256  0.39%  90.7  540s
  9247  4334 224185.662   32   88 223636.030 224512.733  0.39%  90.6  545s
  9367  4408 223903.279   26   92 223636.030 224509.412  0.39%  90.6  550s
  9468  4463 224138.368   28   88 223636.030 224507.132  0.39%  90.7  555s
  9572  4511 224132.280   31   86 223636.030 224504.196  0.39%  90.6  560s
  9686  4558 223810.135   37   72 223636.030 224500.785  0.39%  90.5  565s
  9777  4603 224201.817   32   92 223636.030 224496.492  0.38%  90.6  570s
  9890  4673 224015.112   38   70 223636.030 224492.120  0.38%  90.7  575s
 10019  4724 223711.387   30   90 223636.030 224489.672  0.38%  90.5  580s
 10115  4770 224139.376   30  101 223636.030 224486.220  0.38%  90.5  585s
 10205  4814 223716.659   40   77 223636.030 224484.895  0.38%  90.5  590s
 10325  4885 224062.776   31   82 223636.030 224480.778  0.38%  90.6  595s
 10449  4952 224224.861   32   99 223636.030 224478.162  0.38%  90.5  601s
 10531  4978 224312.256   26   99 223636.030 224477.241  0.38%  90.5  605s
 10649  5016 223811.915   36   67 223636.030 224475.352  0.38%  90.6  610s
 10796  5105 224086.538   35   85 223636.030 224471.995  0.37%  90.4  615s
 10925  5168 224078.999   31   84 223636.030 224470.061  0.37%  90.4  620s
 11022  5216 223756.077   34   88 223636.030 224468.779  0.37%  90.5  625s
 11137  5265 224040.793   37   67 223636.030 224466.132  0.37%  90.4  630s
 11269  5322 224167.310   30   86 223636.030 224459.370  0.37%  90.3  635s
 11403  5397 223894.672   43   55 223636.030 224457.155  0.37%  90.3  640s
 11560  5470 224249.403   32   89 223636.030 224452.225  0.36%  90.1  645s
 11672  5519 224010.545   31   85 223636.030 224448.779  0.36%  90.1  650s
 11822  5581 224106.020   32   83 223636.030 224444.619  0.36%  90.0  655s
 11930  5634 223783.435   38   72 223636.030 224442.296  0.36%  90.0  660s
 12048  5685 224223.415   29   94 223636.030 224440.925  0.36%  90.0  665s
 12138  5705     cutoff   34      223636.030 224439.523  0.36%  90.1  670s
 12229  5740     cutoff   46      223636.030 224436.938  0.36%  90.3  675s
 12381  5802 223714.742   35   85 223636.030 224433.209  0.36%  90.1  680s
 12496  5842     cutoff   29      223636.030 224429.739  0.35%  90.1  685s
 12583  5891 223892.197   33   92 223636.030 224426.879  0.35%  90.1  690s
 12708  5947     cutoff   41      223636.030 224423.254  0.35%  90.1  695s
 12803  5996 224047.867   34   86 223636.030 224420.239  0.35%  90.2  700s
 12927  6050 223915.481   37   90 223636.030 224417.912  0.35%  90.1  705s
 13062  6109 224052.244   34   91 223636.030 224417.210  0.35%  90.0  710s
 13202  6186 223797.768   48   65 223636.030 224415.727  0.35%  89.9  715s
 13336  6240 224033.078   41   56 223636.030 224413.950  0.35%  89.8  720s
 13476  6315 223878.451   40   84 223636.030 224413.287  0.35%  89.7  725s
 13593  6379 223689.794   42   83 223636.030 224411.885  0.35%  89.7  730s
 13713  6441 223869.163   39   91 223636.030 224409.965  0.35%  89.7  735s
 13876  6473 224048.283   24  101 223636.030 224408.712  0.35%  89.5  740s
 13984  6529 224192.179   30   88 223636.030 224404.664  0.34%  89.6  745s
 14093  6587 224204.673   28   97 223636.030 224402.951  0.34%  89.6  750s
 14212  6639     cutoff   31      223636.030 224401.136  0.34%  89.6  755s
 14343  6682 224024.878   33   81 223636.030 224396.868  0.34%  89.5  760s
 14437  6712 224118.648   27   96 223636.030 224394.232  0.34%  89.7  765s
 14582  6774 223641.783   42   62 223636.030 224392.577  0.34%  89.6  770s
 14707  6805 223637.636   36   86 223636.030 224389.804  0.34%  89.6  775s
 14797  6841 223861.401   38   76 223636.030 224388.062  0.34%  89.8  780s
 14918  6895 223972.375   37   67 223636.030 224383.458  0.33%  89.8  785s
 15030  6949 223664.377   38   64 223636.030 224381.816  0.33%  89.9  790s
 15154  6992     cutoff   36      223636.030 224377.823  0.33%  89.8  795s
 15293  7055 223784.038   33   85 223636.030 224375.948  0.33%  89.8  800s
 15412  7105 223900.318   30   96 223636.030 224374.236  0.33%  89.7  805s
 15549  7182 224098.784   28   97 223636.030 224373.436  0.33%  89.7  810s
 15663  7228 224164.747   29   97 223636.030 224371.085  0.33%  89.8  815s
 15786  7289 223661.621   42   79 223636.030 224369.534  0.33%  89.7  820s
 15890  7330 223886.022   29   99 223636.030 224368.123  0.33%  89.7  825s
 15994  7360 224076.774   32   91 223636.030 224367.049  0.33%  89.9  830s
 16107  7411 223917.270   41   69 223636.030 224365.772  0.33%  90.0  835s
 16244  7482 223682.200   44   68 223636.030 224364.723  0.33%  89.9  840s
 16367  7509 223834.069   34   85 223636.030 224363.506  0.33%  89.9  845s
 16436  7526 223760.762   39   76 223636.030 224362.441  0.32%  90.0  850s
 16446  7528 224215.364   29   96 223636.030 224362.164  0.32%  89.9  855s
 16558  7579 223855.862   38   88 223636.030 224361.653  0.32%  90.0  860s
 16690  7629 223794.215   41   60 223636.030 224359.935  0.32%  90.0  865s
 16802  7656 223920.602   29   99 223636.030 224357.488  0.32%  90.1  870s
 16946  7722 223775.088   36   86 223636.030 224353.514  0.32%  90.0  875s
 17045  7755     cutoff   36      223636.030 224352.951  0.32%  90.0  880s
 17173  7803 223700.849   48   62 223636.030 224350.984  0.32%  90.0  885s
 17268  7830     cutoff   35      223636.030 224349.667  0.32%  90.0  890s
 17415  7895 223941.754   36   79 223636.030 224347.167  0.32%  90.0  895s
 17510  7928 224185.509   31   95 223636.030 224345.824  0.32%  90.0  900s
 17614  7977 223779.413   37   92 223636.030 224344.591  0.32%  90.0  905s
 17738  8022 223844.355   38   69 223636.030 224342.800  0.32%  90.1  910s
 17849  8074 223675.949   40   79 223636.030 224340.607  0.32%  90.1  915s
 17960  8120 223729.460   48   74 223636.030 224338.350  0.31%  90.1  920s
 18092  8147     cutoff   40      223636.030 224337.457  0.31%  90.1  925s
 18211  8201 224079.653   36   73 223636.030 224335.784  0.31%  90.1  930s
 18342  8262 223946.773   31   92 223636.030 224332.577  0.31%  90.0  935s
 18476  8318 223985.342   34   83 223636.030 224330.645  0.31%  90.0  940s
 18588  8363 223974.078   37   80 223636.030 224328.060  0.31%  90.1  945s
 18708  8411 223646.017   42   64 223636.030 224325.451  0.31%  90.2  950s
 18853  8473 224055.716   35   78 223636.030 224323.043  0.31%  90.1  955s
 18991  8511 223863.725   34   90 223636.030 224320.852  0.31%  90.1  960s
 19103  8547 223857.571   37   77 223636.030 224318.106  0.30%  90.1  965s
 19227  8595 224007.071   27  101 223636.030 224317.191  0.30%  90.1  970s
 19348  8632 224021.520   31   97 223636.030 224316.416  0.30%  90.0  975s
 19465  8680 223959.810   34   95 223636.030 224314.577  0.30%  90.1  980s
 19567  8722 223741.530   42   60 223636.030 224312.627  0.30%  90.1  985s
 19696  8758 224002.560   38   76 223636.030 224311.386  0.30%  90.1  990s
 19824  8809 223660.556   33   89 223636.030 224310.346  0.30%  90.0  995s
 19948  8855 223835.378   35   76 223636.030 224308.749  0.30%  90.0 1000s
 20079  8912     cutoff   36      223636.030 224305.847  0.30%  90.0 1005s
 20187  8941 223701.192   44   63 223636.030 224304.546  0.30%  90.1 1010s
 20321  9015 223800.878   47   66 223636.030 224303.220  0.30%  90.0 1015s
 20452  9062 223775.907   41   76 223636.030 224300.960  0.30%  90.0 1020s
 20570  9097 223686.332   42   66 223636.030 224299.938  0.30%  89.9 1025s
 20727  9141 224136.989   32   77 223636.030 224297.177  0.30%  89.9 1030s
 20824  9184 223757.720   42   74 223636.030 224296.471  0.30%  89.9 1035s
 20956  9238 223716.891   40   68 223636.030 224295.298  0.29%  89.9 1040s
 21069  9267 223906.670   38   74 223636.030 224294.797  0.29%  89.9 1045s
 21176  9308 223988.104   36   78 223636.030 224293.205  0.29%  89.9 1050s
 21308  9385 223739.327   42   56 223636.030 224290.921  0.29%  89.9 1055s
 21440  9429 223953.197   27   99 223636.030 224289.428  0.29%  89.8 1060s
 21549  9460 224006.119   33   92 223636.030 224288.346  0.29%  89.8 1065s
 21660  9505 223684.306   37   88 223636.030 224286.765  0.29%  89.9 1070s
 21792  9547 224066.873   26   98 223636.030 224284.123  0.29%  89.9 1075s
 21919  9608 224033.367   31   91 223636.030 224282.819  0.29%  89.8 1080s
 22044  9657 224011.037   29   96 223636.030 224282.356  0.29%  89.8 1085s
 22185  9710 223950.886   34   80 223636.030 224281.151  0.29%  89.8 1090s
 22296  9748 223951.183   37   70 223636.030 224280.100  0.29%  89.8 1095s
 22373  9775 223654.945   32   83 223636.030 224279.647  0.29%  89.9 1100s
 22494  9834 223676.669   31   86 223636.030 224277.349  0.29%  89.9 1105s
 22619  9875 223961.923   32   82 223636.030 224275.284  0.29%  89.9 1110s
 22749  9937 223749.952   39   82 223636.030 224273.802  0.29%  89.8 1115s
 22866  9982 223742.839   32   89 223636.030 224272.509  0.28%  89.9 1120s
 22972 10025     cutoff   32      223636.030 224271.477  0.28%  89.9 1125s
 23069 10056 223912.996   34   85 223636.030 224270.463  0.28%  89.9 1130s
 23209 10095 224129.526   32   87 223636.030 224269.252  0.28%  89.9 1135s
 23328 10124 223845.673   30   95 223636.030 224267.840  0.28%  89.9 1140s
 23456 10184 223725.276   47   68 223636.030 224266.871  0.28%  90.0 1145s
 23569 10223 223839.425   31   94 223636.030 224265.686  0.28%  90.0 1150s
 23699 10264     cutoff   39      223636.030 224264.720  0.28%  90.0 1155s
 23809 10305 223934.561   34   70 223636.030 224263.731  0.28%  90.0 1160s
 23935 10342 224103.849   29   90 223636.030 224262.579  0.28%  90.1 1165s
 24125 10431 224102.336   29   89 223636.030 224261.231  0.28%  89.9 1170s
 24250 10486 223701.444   42   65 223636.030 224259.877  0.28%  89.8 1175s
 24388 10542 223672.161   34   73 223636.030 224258.928  0.28%  89.8 1180s
 24525 10579 223772.126   40   62 223636.030 224256.705  0.28%  89.8 1185s
 24648 10623 223732.856   34   87 223636.030 224255.889  0.28%  89.9 1190s
 24773 10656 223987.030   35   91 223636.030 224255.148  0.28%  89.9 1195s
 24906 10712 223978.939   30   86 223636.030 224254.361  0.28%  89.8 1200s
 25028 10763 223892.215   37   80 223636.030 224252.623  0.28%  89.9 1205s
 25154 10833 223941.939   31   92 223636.030 224251.752  0.28%  89.8 1210s
 25280 10887 224016.919   27  107 223636.030 224250.130  0.27%  89.8 1215s
 25399 10943 223979.104   31   75 223636.030 224249.363  0.27%  89.8 1220s
 25535 10990 224136.075   30   96 223636.030 224247.665  0.27%  89.8 1225s
 25689 11048 224060.387   28  104 223636.030 224246.447  0.27%  89.7 1230s
 25801 11089 223846.111   28   99 223636.030 224244.642  0.27%  89.7 1235s
 25911 11121 223821.477   36   94 223636.030 224243.379  0.27%  89.7 1240s
 26010 11151 223905.631   34   83 223636.030 224241.241  0.27%  89.7 1245s
 26128 11189 223740.353   34   79 223636.030 224239.909  0.27%  89.7 1250s
 26265 11237 224047.397   32   95 223636.030 224238.939  0.27%  89.7 1255s
 26382 11273 223886.956   33   92 223636.030 224238.282  0.27%  89.7 1260s
 26504 11333 223655.510   37   79 223636.030 224237.244  0.27%  89.6 1265s
 26622 11386 224040.971   31   82 223636.030 224235.942  0.27%  89.6 1270s
 26740 11417 224042.877   33   91 223636.030 224235.140  0.27%  89.6 1275s
 26860 11471 223777.488   36   76 223636.030 224232.565  0.27%  89.6 1280s
 26994 11512 223826.185   37   74 223636.030 224230.982  0.27%  89.6 1285s
 27125 11547 223927.579   32   91 223636.030 224229.558  0.27%  89.6 1290s
 27246 11585 224027.896   31   85 223636.030 224228.574  0.26%  89.6 1295s
 27369 11627     cutoff   51      223636.030 224227.697  0.26%  89.6 1300s
 27507 11675 223878.474   36   76 223636.030 224226.359  0.26%  89.6 1305s
 27626 11700 223657.465   37   79 223636.030 224225.599  0.26%  89.6 1310s
 27759 11724 223828.534   37   89 223636.030 224224.278  0.26%  89.6 1315s
 27877 11766 223641.894   36   88 223636.030 224222.944  0.26%  89.6 1320s
 27997 11795 223949.469   35   80 223636.030 224220.906  0.26%  89.6 1325s
 28136 11861 223856.979   35   91 223636.030 224220.105  0.26%  89.6 1330s
 28258 11911 224013.186   30   90 223636.030 224219.529  0.26%  89.6 1335s
 28384 11961 223760.506   32   92 223636.030 224218.230  0.26%  89.6 1340s
 28507 11998 224057.607   26   95 223636.030 224217.531  0.26%  89.6 1345s
 28645 12060 223943.535   30   96 223636.030 224216.975  0.26%  89.6 1350s
 28764 12087 223969.144   32   95 223636.030 224215.500  0.26%  89.6 1355s
 28874 12125 223838.148   38   76 223636.030 224214.387  0.26%  89.6 1360s
 29017 12184 223912.602   34   83 223636.030 224213.282  0.26%  89.5 1365s
 29143 12229 223878.547   39   69 223636.030 224212.027  0.26%  89.5 1370s
 29281 12261 223887.208   36   86 223636.030 224210.226  0.26%  89.5 1375s
 29379 12285 223673.506   37   83 223636.030 224208.592  0.26%  89.6 1380s
 29522 12317 223975.664   37   79 223636.030 224207.130  0.26%  89.5 1385s
 29636 12360 223636.319   42   71 223636.030 224206.171  0.25%  89.5 1390s
 29758 12408 223658.074   39   66 223636.030 224205.413  0.25%  89.5 1395s
 29873 12431 224121.456   29   99 223636.030 224204.618  0.25%  89.5 1400s
 29975 12460     cutoff   35      223636.030 224203.899  0.25%  89.6 1405s
 30085 12498 224075.147   31   94 223636.030 224203.181  0.25%  89.6 1410s
 30189 12525     cutoff   31      223636.030 224202.363  0.25%  89.6 1415s
 30312 12565 223932.133   31   91 223636.030 224201.614  0.25%  89.6 1420s
 30431 12608 224076.000   32   98 223636.030 224200.884  0.25%  89.7 1425s
 30564 12643 223728.565   39   67 223636.030 224199.671  0.25%  89.6 1430s
 30689 12677 223998.936   33   83 223636.030 224199.076  0.25%  89.6 1435s
 30806 12724 223933.443   33   88 223636.030 224198.283  0.25%  89.7 1440s
 30934 12780 223717.775   44   68 223636.030 224197.295  0.25%  89.6 1445s
 31062 12823 223954.020   32   83 223636.030 224196.054  0.25%  89.7 1450s
 31161 12858 223664.062   43   63 223636.030 224194.595  0.25%  89.7 1455s
 31285 12882 223766.263   32   84 223636.030 224193.276  0.25%  89.7 1460s
 31425 12948 223655.550   37   83 223636.030 224192.184  0.25%  89.7 1465s
 31529 12982 223858.434   38   72 223636.030 224191.156  0.25%  89.7 1470s
 31654 13032 223659.691   34   78 223636.030 224190.130  0.25%  89.6 1475s
 31799 13072 224004.948   29   96 223636.030 224189.118  0.25%  89.6 1480s
 31925 13110     cutoff   41      223636.030 224188.726  0.25%  89.6 1485s
 32059 13155 224070.551   33   88 223636.030 224187.442  0.25%  89.6 1490s
 32186 13191     cutoff   39      223636.030 224186.658  0.25%  89.6 1495s
 32312 13210 223923.540   32   90 223636.030 224185.441  0.25%  89.6 1500s
 32436 13248 223647.823   42   75 223636.030 224184.826  0.25%  89.5 1505s
 32547 13269 223703.063   35   83 223636.030 224183.776  0.24%  89.6 1510s
 32663 13308 223742.556   34   91 223636.030 224182.606  0.24%  89.6 1515s
 32753 13324 223816.422   37   78 223636.030 224181.738  0.24%  89.6 1520s
 32851 13356 223865.525   38   73 223636.030 224180.805  0.24%  89.7 1525s
 32981 13393 223744.052   35   77 223636.030 224179.940  0.24%  89.6 1530s
 33100 13437 223880.972   31   93 223636.030 224178.797  0.24%  89.6 1535s
 33221 13470 223794.021   33   75 223636.030 224177.982  0.24%  89.6 1540s
 33366 13522 223849.268   36   78 223636.030 224176.300  0.24%  89.5 1545s
 33510 13562 223977.773   32   88 223636.030 224175.183  0.24%  89.5 1550s
 33632 13599     cutoff   42      223636.030 224174.056  0.24%  89.6 1555s
 33749 13637 223844.172   41   63 223636.030 224172.776  0.24%  89.6 1560s
 33857 13659 223682.525   37   80 223636.030 224171.716  0.24%  89.7 1565s
 33947 13669 223882.748   32   89 223636.030 224170.894  0.24%  89.7 1570s
 33955 13677 223937.980   32   91 223636.030 224170.894  0.24%  89.7 1595s
 34051 13693 223739.073   36   81 223636.030 224170.641  0.24%  89.7 1600s
 34154 13730 223913.657   37   85 223636.030 224169.576  0.24%  89.7 1605s
 34304 13762 223923.101   30  101 223636.030 224167.399  0.24%  89.7 1610s
 34448 13810 223746.837   41   73 223636.030 224166.641  0.24%  89.6 1615s
 34567 13846 223706.595   32   84 223636.030 224165.951  0.24%  89.6 1620s
 34716 13887 223894.739   31   90 223636.030 224165.193  0.24%  89.6 1625s
 34822 13929 224038.753   33   83 223636.030 224164.420  0.24%  89.6 1630s
 34927 13966 223658.621   36   83 223636.030 224163.301  0.24%  89.6 1635s
 35044 13987 224002.799   31   96 223636.030 224162.189  0.24%  89.6 1640s
 35182 14021     cutoff   38      223636.030 224161.090  0.23%  89.6 1645s
 35301 14064 223665.596   34   86 223636.030 224160.481  0.23%  89.6 1650s
 35450 14093     cutoff   47      223636.030 224159.413  0.23%  89.6 1655s
 35554 14122 223889.798   30  100 223636.030 224158.693  0.23%  89.6 1660s
 35665 14158 223705.730   37   59 223636.030 224158.234  0.23%  89.6 1665s
 35796 14195 223710.834   37   75 223636.030 224157.772  0.23%  89.6 1670s
 35935 14228     cutoff   40      223636.030 224157.336  0.23%  89.6 1675s
 36015 14242 223876.539   33   88 223636.030 224156.482  0.23%  89.6 1680s
 36150 14281 223996.738   32   89 223636.030 224155.892  0.23%  89.5 1685s
 36292 14339 223806.384   46   57 223636.030 224154.831  0.23%  89.5 1690s
 36418 14363 223869.778   38   77 223636.030 224153.579  0.23%  89.5 1695s
 36555 14408 223894.964   32   95 223636.030 224152.631  0.23%  89.5 1700s
 36678 14440 223800.011   35   87 223636.030 224151.450  0.23%  89.5 1705s
 36833 14485 223682.959   38   73 223636.030 224150.347  0.23%  89.4 1710s
 36956 14530 223742.834   38   78 223636.030 224149.352  0.23%  89.4 1715s
 37084 14550 224009.266   30   99 223636.030 224148.308  0.23%  89.4 1720s
 37219 14603 223643.428   36   80 223636.030 224147.743  0.23%  89.4 1725s
 37362 14637 223820.318   30   89 223636.030 224147.022  0.23%  89.4 1730s
 37478 14677 223641.674   32   91 223636.030 224146.336  0.23%  89.4 1735s
 37598 14721 223664.969   43   69 223636.030 224145.530  0.23%  89.4 1740s
 37725 14744 223900.455   38   73 223636.030 224144.789  0.23%  89.4 1745s
 37855 14781     cutoff   42      223636.030 224144.195  0.23%  89.4 1750s
 37940 14806 223849.420   34   90 223636.030 224143.223  0.23%  89.4 1755s
 38076 14846 223790.638   41   58 223636.030 224142.333  0.23%  89.4 1760s
 38221 14881 223862.491   31   99 223636.030 224141.296  0.23%  89.3 1765s
 38359 14913     cutoff   46      223636.030 224140.205  0.23%  89.3 1770s
 38486 14942 223665.829   40   66 223636.030 224139.172  0.22%  89.3 1775s
 38606 14979 223917.453   39   82 223636.030 224138.217  0.22%  89.3 1780s
 38704 15001 223988.338   29   90 223636.030 224137.578  0.22%  89.3 1785s
 38799 15026 223991.009   37   66 223636.030 224137.279  0.22%  89.3 1790s
 38929 15075 223855.830   29   96 223636.030 224136.667  0.22%  89.3 1795s
 39052 15088 223766.390   33   82 223636.030 224135.906  0.22%  89.3 1800s
 39161 15109 223838.709   34   80 223636.030 224134.929  0.22%  89.4 1805s
 39310 15155     cutoff   38      223636.030 224134.055  0.22%  89.3 1810s
 39446 15199     cutoff   48      223636.030 224133.504  0.22%  89.3 1815s
 39590 15222 223903.178   38   70 223636.030 224132.302  0.22%  89.3 1820s
 39732 15271 223942.995   31   91 223636.030 224131.526  0.22%  89.3 1825s
 39869 15293 223797.427   34   85 223636.030 224130.465  0.22%  89.3 1830s
 39997 15319 223885.160   29   91 223636.030 224129.900  0.22%  89.2 1835s
 40132 15366 223951.398   35   79 223636.030 224128.964  0.22%  89.2 1840s
 40280 15426 223735.924   49   61 223636.030 224128.362  0.22%  89.2 1845s
 40408 15451 223688.369   27   97 223636.030 224127.758  0.22%  89.2 1850s
 40562 15485 223693.383   35   89 223636.030 224127.150  0.22%  89.1 1855s
 40663 15505     cutoff   45      223636.030 224126.479  0.22%  89.2 1860s
 40806 15538 223915.577   39   83 223636.030 224125.796  0.22%  89.2 1865s
 40946 15572 223969.779   29   93 223636.030 224125.054  0.22%  89.2 1870s
 41085 15613 223727.390   33   80 223636.030 224124.379  0.22%  89.1 1875s
 41204 15639 223676.817   38   81 223636.030 224123.456  0.22%  89.2 1880s
 41364 15704 223685.623   35   84 223636.030 224122.762  0.22%  89.1 1885s
 41482 15736     cutoff   39      223636.030 224122.171  0.22%  89.1 1890s
 41557 15746 223798.957   29  100 223636.030 224121.378  0.22%  89.2 1895s
 41677 15773 223949.664   30   95 223636.030 224120.655  0.22%  89.1 1900s
 41812 15813 223755.344   35   81 223636.030 224120.208  0.22%  89.1 1905s
 41950 15837 223757.901   36   86 223636.030 224119.591  0.22%  89.1 1910s
 42079 15863 223788.023   26  101 223636.030 224118.764  0.22%  89.1 1915s
 42191 15887 223679.233   34   84 223636.030 224118.362  0.22%  89.1 1920s
 42308 15899 223854.715   34   85 223636.030 224117.719  0.22%  89.1 1925s
 42443 15929 223818.081   36   85 223636.030 224116.419  0.21%  89.1 1930s
 42583 15946 223675.980   38   79 223636.030 224115.705  0.21%  89.1 1935s
 42719 16001 223864.229   32   88 223636.030 224115.000  0.21%  89.1 1940s
 42857 16035 223649.847   44   72 223636.030 224114.299  0.21%  89.1 1945s
 42990 16054     cutoff   40      223636.030 224113.282  0.21%  89.1 1950s
 43100 16101 223914.061   29   90 223636.030 224112.827  0.21%  89.1 1955s
 43257 16141 223891.028   35   89 223636.030 224112.111  0.21%  89.0 1960s
 43397 16186 223764.235   33   99 223636.030 224111.420  0.21%  89.0 1966s
 43493 16213 223664.831   33   81 223636.030 224110.569  0.21%  89.0 1970s
 43633 16244 223672.784   31   85 223636.030 224109.583  0.21%  89.0 1975s
 43766 16276 223797.952   31   84 223636.030 224108.903  0.21%  88.9 1980s
 43939 16310 223682.197   26   98 223636.030 224108.112  0.21%  88.9 1985s
 44068 16329 223834.925   29  102 223636.030 224107.232  0.21%  88.9 1990s
 44169 16357 223710.084   34   92 223636.030 224106.523  0.21%  88.9 1995s
 44288 16371 223810.658   41   69 223636.030 224105.605  0.21%  88.9 2000s
 44418 16384 223788.672   35   74 223636.030 224104.795  0.21%  88.9 2005s
 44558 16422 223924.448   30   94 223636.030 224103.813  0.21%  88.9 2010s
 44692 16454 223845.271   34   80 223636.030 224103.102  0.21%  88.9 2015s
 44819 16493 223912.869   31   92 223636.030 224102.622  0.21%  88.9 2020s
 44953 16521     cutoff   37      223636.030 224102.126  0.21%  88.8 2025s
 45117 16560 223645.534   34   77 223636.030 224101.415  0.21%  88.8 2030s
 45285 16593 223766.575   32   80 223636.030 224100.793  0.21%  88.8 2035s
 45400 16618 223723.417   30   82 223636.030 224099.887  0.21%  88.8 2040s
 45530 16649 223705.481   40   82 223636.030 224099.184  0.21%  88.8 2045s
 45662 16669 223767.241   34   84 223636.030 224098.474  0.21%  88.8 2050s
 45782 16692 223637.309   35   88 223636.030 224097.647  0.21%  88.8 2055s
 45945 16729 223759.431   37   94 223636.030 224096.867  0.21%  88.7 2060s
 46132 16784 223968.850   35   88 223636.030 224096.428  0.21%  88.6 2065s
 46250 16816 223949.457   32   97 223636.030 224095.591  0.21%  88.6 2070s
 46392 16845 223901.981   38   72 223636.030 224094.865  0.21%  88.6 2075s
 46542 16896 223783.908   35   79 223636.030 224094.426  0.20%  88.6 2080s
 46655 16921 223655.408   35   82 223636.030 224093.561  0.20%  88.6 2085s
 46797 16950 223937.844   29   94 223636.030 224092.812  0.20%  88.6 2090s
 46914 16972 223890.065   31  103 223636.030 224092.251  0.20%  88.6 2095s
 47037 16992 223797.073   29  103 223636.030 224091.258  0.20%  88.6 2100s
 47169 17031 223925.779   40   69 223636.030 224091.012  0.20%  88.5 2105s
 47295 17069 223670.961   38   81 223636.030 224090.491  0.20%  88.5 2110s
 47442 17088 223742.667   39   83 223636.030 224090.036  0.20%  88.5 2115s
 47571 17115 223651.307   33   87 223636.030 224089.326  0.20%  88.5 2120s
 47713 17149 223743.298   43   71 223636.030 224088.705  0.20%  88.5 2125s
 47860 17176 223909.029   31   90 223636.030 224088.288  0.20%  88.5 2130s
 48032 17201 223904.224   29   90 223636.030 224087.391  0.20%  88.4 2135s
 48168 17224 223866.766   41   64 223636.030 224085.981  0.20%  88.4 2140s
 48323 17263 223694.895   40   70 223636.030 224085.269  0.20%  88.4 2145s
 48461 17295 223788.224   36   79 223636.030 224084.590  0.20%  88.4 2150s
 48598 17334 223789.370   38   80 223636.030 224084.350  0.20%  88.3 2155s
 48719 17359 223806.550   35   86 223636.030 224083.904  0.20%  88.3 2160s
 48842 17376 223795.003   33   92 223636.030 224083.426  0.20%  88.3 2165s
 48966 17412 223927.659   33   86 223636.030 224083.026  0.20%  88.3 2170s
 49075 17442 223684.897   38   75 223636.030 224082.072  0.20%  88.4 2175s
 49187 17470 223974.438   36   82 223636.030 224081.487  0.20%  88.4 2180s
 49305 17500 223659.148   32   94 223636.030 224080.620  0.20%  88.4 2185s
 49446 17527 223732.132   36   76 223636.030 224080.183  0.20%  88.4 2190s
 49569 17542     cutoff   39      223636.030 224079.685  0.20%  88.4 2195s
 49706 17567 223879.310   32   89 223636.030 224079.128  0.20%  88.4 2200s
 49861 17606 223653.893   35   80 223636.030 224078.466  0.20%  88.3 2205s
 49985 17622     cutoff   39      223636.030 224077.595  0.20%  88.3 2210s
 50110 17655     cutoff   37      223636.030 224077.152  0.20%  88.3 2215s
 50250 17682 223798.031   39   82 223636.030 224076.434  0.20%  88.3 2220s
 50401 17700 223664.425   38   74 223636.030 224076.192  0.20%  88.2 2225s
 50521 17709 223796.313   30   89 223636.030 224075.703  0.20%  88.3 2230s
 50676 17753 223676.743   41   84 223636.030 224075.083  0.20%  88.2 2235s
 50836 17808 223639.572   41   80 223636.030 224074.330  0.20%  88.2 2240s
 50979 17840 223823.723   30   90 223636.030 224073.492  0.20%  88.2 2245s
 51072 17864 223737.312   47   47 223636.030 224073.120  0.20%  88.2 2250s
 51201 17898 223637.985   42   75 223636.030 224072.461  0.20%  88.2 2255s
 51343 17955 223832.808   36   79 223636.030 224071.948  0.19%  88.1 2260s
 51464 17991 223642.162   37   83 223636.030 224071.304  0.19%  88.1 2265s
 51623 18032 223736.173   38   94 223636.030 224070.855  0.19%  88.1 2270s
 51781 18070 223744.071   36   80 223636.030 224070.050  0.19%  88.1 2275s
 51919 18110 223675.965   37   79 223636.030 224069.132  0.19%  88.0 2280s
 52073 18139 223653.650   42   67 223636.030 224068.734  0.19%  88.0 2285s
 52184 18154     cutoff   35      223636.030 224067.998  0.19%  88.0 2290s
 52319 18185 223883.283   30   87 223636.030 224067.437  0.19%  88.0 2295s
 52454 18234     cutoff   32      223636.030 224067.061  0.19%  88.0 2300s
 52557 18256 223911.135   37   81 223636.030 224066.861  0.19%  88.0 2305s
 52717 18305     cutoff   34      223636.030 224066.507  0.19%  87.9 2310s
 52840 18331 223748.967   29   97 223636.030 224065.604  0.19%  87.9 2315s
 52980 18370 223731.095   39   63 223636.030 224064.825  0.19%  87.9 2320s
 53113 18396 223888.117   36   64 223636.030 224064.478  0.19%  87.9 2325s
 53292 18426 223938.812   34   96 223636.030 224063.858  0.19%  87.9 2330s
 53437 18461     cutoff   39      223636.030 224062.945  0.19%  87.9 2335s
 53586 18499 223907.742   33   87 223636.030 224062.485  0.19%  87.8 2340s
 53737 18538 223657.171   34   84 223636.030 224061.815  0.19%  87.8 2345s
 53870 18571 223712.545   29   92 223636.030 224061.336  0.19%  87.8 2350s
 53988 18598 223859.582   34   97 223636.030 224060.604  0.19%  87.8 2355s
 54151 18629 223748.352   44   75 223636.030 224059.989  0.19%  87.7 2360s
 54270 18658 223665.286   34   95 223636.030 224059.474  0.19%  87.7 2365s
 54409 18687 223703.351   40   55 223636.030 224059.059  0.19%  87.7 2370s
 54579 18727 223830.493   37   71 223636.030 224057.975  0.19%  87.7 2375s
 54717 18752 223885.732   31   89 223636.030 224056.950  0.19%  87.6 2380s
 54834 18769 223743.385   39   68 223636.030 224056.185  0.19%  87.7 2385s
 54941 18780 223932.018   33   91 223636.030 224055.612  0.19%  87.7 2390s
 55077 18822 223708.150   37   67 223636.030 224054.769  0.19%  87.7 2395s
 55209 18849     cutoff   40      223636.030 224054.300  0.19%  87.6 2400s
 55345 18882 223805.023   32   83 223636.030 224053.639  0.19%  87.6 2405s
 55480 18923 223757.184   34   83 223636.030 224052.863  0.19%  87.6 2410s
 55650 18958 223743.083   39   79 223636.030 224052.563  0.19%  87.6 2415s
 55770 18982 223835.330   32   89 223636.030 224051.859  0.19%  87.6 2420s
 55880 19008     cutoff   40      223636.030 224051.373  0.19%  87.6 2425s
 56014 19034 223725.949   33   84 223636.030 224050.755  0.19%  87.6 2430s
 56143 19061 223640.061   32   93 223636.030 224050.325  0.19%  87.6 2435s
 56309 19110     cutoff   41      223636.030 224049.709  0.18%  87.5 2440s
 56467 19147 223767.160   37   68 223636.030 224049.451  0.18%  87.5 2445s
 56586 19156 223724.241   35   92 223636.030 224048.750  0.18%  87.5 2450s
 56721 19170 223680.324   35   93 223636.030 224048.160  0.18%  87.5 2455s
 56852 19181 223798.752   33   90 223636.030 224047.704  0.18%  87.5 2460s
 56996 19202     cutoff   45      223636.030 224047.379  0.18%  87.5 2465s
 57143 19245 223717.518   40   71 223636.030 224046.798  0.18%  87.5 2470s
 57282 19263 223864.900   30   92 223636.030 224046.176  0.18%  87.5 2475s
 57399 19274 223753.646   35   90 223636.030 224045.856  0.18%  87.5 2480s
 57542 19295 223824.731   28   91 223636.030 224045.111  0.18%  87.5 2485s
 57638 19305 223776.384   30   98 223636.030 224044.473  0.18%  87.5 2490s
 57809 19329     cutoff   34      223636.030 224043.805  0.18%  87.5 2495s
 57939 19348 223803.559   38   69 223636.030 224042.974  0.18%  87.5 2500s
 58061 19381 223886.076   37   89 223636.030 224042.406  0.18%  87.4 2505s
 58192 19419 223761.178   33   92 223636.030 224041.713  0.18%  87.4 2510s
 58329 19460 223669.903   37   69 223636.030 224041.122  0.18%  87.4 2515s
 58461 19492 223902.043   29   88 223636.030 224040.619  0.18%  87.4 2520s
 58592 19505 223788.098   39   65 223636.030 224040.244  0.18%  87.4 2525s
 58736 19521 223934.630   37   74 223636.030 224039.597  0.18%  87.4 2530s
 58886 19556 223714.783   42   53 223636.030 224039.282  0.18%  87.4 2535s
 59033 19597     cutoff   38      223636.030 224038.590  0.18%  87.3 2540s
 59140 19634 223893.658   35   86 223636.030 224038.180  0.18%  87.3 2545s
 59261 19655 223879.913   37   79 223636.030 224037.735  0.18%  87.3 2550s
 59395 19685 223710.756   46   70 223636.030 224037.500  0.18%  87.3 2555s
 59521 19706 223794.068   34   83 223636.030 224036.916  0.18%  87.3 2560s
 59670 19739 223778.380   35   95 223636.030 224036.540  0.18%  87.3 2565s
 59831 19785 223857.329   35   79 223636.030 224036.091  0.18%  87.3 2570s
 59978 19819 223658.396   35   74 223636.030 224035.662  0.18%  87.3 2575s
 60124 19830 223677.063   35   78 223636.030 224034.972  0.18%  87.3 2580s
 60258 19853 223649.825   36   79 223636.030 224034.504  0.18%  87.3 2585s
 60420 19871     cutoff   42      223636.030 224034.226  0.18%  87.2 2590s
 60559 19901 223794.514   28   95 223636.030 224033.576  0.18%  87.2 2595s
 60715 19915 223770.510   35   84 223636.030 224032.827  0.18%  87.2 2600s
 60839 19952 223794.014   37   78 223636.030 224032.054  0.18%  87.2 2605s
 61007 19973 223863.558   27  101 223636.030 224031.454  0.18%  87.2 2610s
 61144 19990 223719.240   38   76 223636.030 224030.868  0.18%  87.2 2615s
 61298 20015 223771.330   46   64 223636.030 224030.412  0.18%  87.2 2620s
 61445 20044 223683.880   36   75 223636.030 224030.233  0.18%  87.1 2625s
 61582 20059     cutoff   33      223636.030 224029.438  0.18%  87.1 2630s
 61603 20062 223842.448   34   92 223636.030 224029.121  0.18%  87.1 2637s
 61676 20078     cutoff   35      223636.030 224028.794  0.18%  87.1 2640s
 61799 20097 223739.353   34   97 223636.030 224028.448  0.18%  87.1 2645s
 61957 20125 223722.676   35   85 223636.030 224028.032  0.18%  87.1 2650s
 62082 20139 223891.490   36   92 223636.030 224027.597  0.18%  87.1 2655s
 62189 20159 223819.198   37   68 223636.030 224027.005  0.17%  87.1 2660s
 62326 20183 223812.915   38   71 223636.030 224025.936  0.17%  87.1 2665s
 62474 20222 223886.537   33   81 223636.030 224025.362  0.17%  87.1 2670s
 62595 20246 223874.829   37   90 223636.030 224024.309  0.17%  87.1 2675s
 62718 20271     cutoff   32      223636.030 224023.975  0.17%  87.1 2680s
 62856 20294 223648.679   47   66 223636.030 224023.606  0.17%  87.1 2685s
 63007 20312 223840.718   37   79 223636.030 224022.984  0.17%  87.1 2690s
 63126 20327 223826.487   36   82 223636.030 224022.396  0.17%  87.1 2695s
 63249 20350 223836.355   32   87 223636.030 224021.275  0.17%  87.1 2700s
 63409 20384 223643.975   40   77 223636.030 224020.815  0.17%  87.1 2705s
 63555 20399 223918.493   35   80 223636.030 224020.222  0.17%  87.0 2710s
 63691 20424 223863.876   37   80 223636.030 224019.838  0.17%  87.0 2715s
 63860 20458 223728.483   37   70 223636.030 224019.449  0.17%  87.0 2720s
 64001 20475 223830.189   38   55 223636.030 224019.088  0.17%  87.0 2725s
 64137 20483 223640.983   39   76 223636.030 224018.605  0.17%  87.0 2730s
 64262 20497     cutoff   47      223636.030 224017.954  0.17%  87.0 2735s
 64395 20537 223673.463   45   60 223636.030 224017.516  0.17%  87.0 2740s
 64557 20563 223684.454   43   53 223636.030 224017.143  0.17%  86.9 2745s
 64707 20574 223811.172   34   94 223636.030 224016.523  0.17%  86.9 2750s
 64843 20592 223707.502   40   87 223636.030 224016.210  0.17%  86.9 2755s
 64997 20618 223723.050   35   85 223636.030 224015.729  0.17%  86.9 2760s
 65130 20644 223701.938   42   75 223636.030 224015.193  0.17%  86.9 2765s
 65261 20650 223876.230   35   78 223636.030 224014.853  0.17%  86.9 2770s
 65400 20684 223882.696   34   74 223636.030 224014.575  0.17%  86.9 2775s
 65576 20714 223873.907   34   81 223636.030 224013.971  0.17%  86.8 2780s
 65765 20756 223844.117   39   72 223636.030 224012.949  0.17%  86.8 2785s
 65890 20777 223640.498   35   87 223636.030 224012.711  0.17%  86.8 2790s
 66038 20805 223690.693   38   81 223636.030 224012.222  0.17%  86.8 2795s
 66163 20815 223713.498   30   88 223636.030 224011.363  0.17%  86.8 2800s
 66292 20824 223849.863   31   98 223636.030 224010.978  0.17%  86.8 2805s
 66459 20868 223685.477   38   75 223636.030 224010.500  0.17%  86.7 2810s
 66611 20896 223818.913   31   90 223636.030 224010.173  0.17%  86.7 2815s
 66705 20902 223735.314   32   81 223636.030 224009.890  0.17%  86.7 2820s
 66837 20920 223831.082   38   74 223636.030 224009.310  0.17%  86.7 2825s
 66999 20953 223680.866   38   84 223636.030 224008.656  0.17%  86.7 2830s
 67139 20983 223855.271   28   96 223636.030 224008.219  0.17%  86.7 2835s
 67301 21021 223650.055   36   77 223636.030 224007.663  0.17%  86.7 2840s
 67476 21032 223807.238   32   87 223636.030 224006.997  0.17%  86.6 2845s
 67626 21076 223696.017   33   90 223636.030 224006.619  0.17%  86.6 2850s
 67761 21092 223757.752   29   84 223636.030 224006.118  0.17%  86.6 2855s
 67910 21116 223792.488   41   76 223636.030 224005.424  0.17%  86.6 2860s
 68030 21134 223809.728   36   84 223636.030 224005.123  0.17%  86.6 2865s
 68170 21163 223726.641   34   87 223636.030 224004.731  0.16%  86.6 2870s
 68334 21204 223850.783   27  101 223636.030 224004.227  0.16%  86.5 2875s
 68483 21240 223735.543   33   83 223636.030 224003.723  0.16%  86.5 2880s
 68619 21256 223884.585   37   79 223636.030 224003.041  0.16%  86.5 2885s
 68779 21290 223730.471   35   79 223636.030 224002.521  0.16%  86.5 2890s
 68942 21321 223636.717   35   80 223636.030 224002.060  0.16%  86.5 2895s
 69086 21349 223800.349   38   69 223636.030 224001.717  0.16%  86.5 2900s
 69206 21367 223664.133   38   84 223636.030 224001.159  0.16%  86.5 2905s
 69314 21368 223642.078   38   68 223636.030 224000.748  0.16%  86.5 2910s
 69456 21390 223874.887   32   90 223636.030 224000.424  0.16%  86.5 2919s
 69484 21398 223693.782   33   84 223636.030 224000.233  0.16%  86.5 2920s
 69625 21413 223737.541   41   70 223636.030 223999.396  0.16%  86.5 2925s
 69781 21435 223676.705   34   88 223636.030 223998.774  0.16%  86.5 2930s
 69908 21440 223825.941   32   90 223636.030 223998.261  0.16%  86.5 2935s
 69978 21449 223699.818   35   77 223636.030 223998.089  0.16%  86.5 2940s
 70157 21486 223694.857   29   95 223636.030 223997.487  0.16%  86.5 2945s
 70282 21502 223717.045   33   84 223636.030 223996.970  0.16%  86.5 2950s
 70430 21530 223856.993   32   91 223636.030 223996.564  0.16%  86.5 2955s
 70533 21549 223715.121   40   71 223636.030 223996.183  0.16%  86.5 2960s
 70663 21561     cutoff   39      223636.030 223995.828  0.16%  86.5 2965s
 70780 21573 223699.797   33   81 223636.030 223995.270  0.16%  86.5 2970s
 70933 21591     cutoff   32      223636.030 223995.090  0.16%  86.5 2975s
 71064 21612 223754.821   41   62 223636.030 223994.700  0.16%  86.5 2980s
 71178 21613 223826.525   31   95 223636.030 223994.181  0.16%  86.5 2985s
 71310 21631 223771.400   34   85 223636.030 223993.878  0.16%  86.5 2990s
 71481 21680 223934.234   35   86 223636.030 223993.186  0.16%  86.5 2995s
 71633 21709 223884.413   33   88 223636.030 223992.876  0.16%  86.5 3000s
 71789 21741 223704.422   46   44 223636.030 223992.552  0.16%  86.4 3005s
 71935 21749     cutoff   43      223636.030 223991.889  0.16%  86.4 3010s
 72120 21771 223698.952   39   72 223636.030 223991.460  0.16%  86.4 3015s
 72235 21778 223705.464   43   64 223636.030 223991.095  0.16%  86.4 3020s
 72371 21786 223818.585   37   72 223636.030 223990.286  0.16%  86.4 3025s
 72509 21805 223745.388   35   83 223636.030 223989.733  0.16%  86.4 3030s
 72654 21822 223833.321   32   94 223636.030 223989.019  0.16%  86.4 3035s
 72781 21844 223701.845   44   56 223636.030 223988.656  0.16%  86.4 3040s
 72918 21865 223692.910   43   68 223636.030 223988.278  0.16%  86.4 3045s
 73086 21898     cutoff   49      223636.030 223987.679  0.16%  86.4 3050s
 73218 21915 223696.760   43   66 223636.030 223987.123  0.16%  86.4 3055s
 73360 21923 223660.995   38   68 223636.030 223986.462  0.16%  86.4 3060s
 73508 21940 223697.848   41   86 223636.030 223986.000  0.16%  86.4 3065s
 73676 21960 223805.600   34   77 223636.030 223985.478  0.16%  86.3 3070s
 73827 21973 223738.176   31   91 223636.030 223985.185  0.16%  86.3 3075s
 73969 22005     cutoff   38      223636.030 223984.509  0.16%  86.3 3080s
 74022 22003 223728.317   37   77 223636.030 223984.353  0.16%  86.3 3085s
 74140 21997 223892.488   34   90 223636.030 223983.856  0.16%  86.3 3090s
 74302 22033 223893.122   33   84 223636.030 223983.355  0.16%  86.3 3095s
 74444 22034     cutoff   40      223636.030 223982.601  0.15%  86.3 3100s
 74555 22034 223918.098   32   82 223636.030 223982.036  0.15%  86.3 3105s
 74705 22050     cutoff   41      223636.030 223981.452  0.15%  86.3 3110s
 74850 22071 223644.642   46   66 223636.030 223981.150  0.15%  86.3 3115s
 75002 22085     cutoff   35      223636.030 223980.675  0.15%  86.3 3120s
 75163 22128 223636.267   44   76 223636.030 223980.044  0.15%  86.3 3125s
 75346 22147 223827.728   35   88 223636.030 223979.740  0.15%  86.2 3130s
 75378 22161 223701.415   54   49 223636.030 223979.704  0.15%  86.2 3135s
 75534 22193 223802.838   31   86 223636.030 223979.224  0.15%  86.2 3140s
 75624 22203 223829.834   34   93 223636.030 223978.749  0.15%  86.2 3145s
 75763 22226 223870.657   36   78 223636.030 223978.406  0.15%  86.2 3150s
 75917 22256 223641.915   34   84 223636.030 223977.916  0.15%  86.2 3155s
 76073 22270 223703.468   39   66 223636.030 223977.470  0.15%  86.2 3160s
 76249 22287 223733.338   31   96 223636.030 223977.066  0.15%  86.1 3165s
 76384 22296 223810.646   33   93 223636.030 223976.333  0.15%  86.1 3170s
 76510 22303 223825.553   38   82 223636.030 223975.962  0.15%  86.1 3175s
 76669 22339 223639.164   34   86 223636.030 223975.558  0.15%  86.1 3180s
 76798 22358 223781.294   34   93 223636.030 223975.078  0.15%  86.1 3185s
 76923 22370 223828.001   30   97 223636.030 223974.225  0.15%  86.1 3190s
 77080 22398 223904.239   34   87 223636.030 223973.942  0.15%  86.1 3195s
 77233 22424 223731.662   47   60 223636.030 223973.559  0.15%  86.1 3200s
 77406 22447     cutoff   53      223636.030 223973.191  0.15%  86.1 3205s
 77541 22452 223779.506   39   81 223636.030 223972.678  0.15%  86.1 3210s
 77698 22469 223754.578   39   73 223636.030 223972.216  0.15%  86.0 3215s
 77844 22488 223733.023   31   87 223636.030 223971.799  0.15%  86.0 3220s
 77970 22496 223817.259   38   74 223636.030 223971.238  0.15%  86.0 3225s
 78122 22500 223692.144   32   90 223636.030 223970.627  0.15%  86.0 3230s
 78283 22533 223678.412   43   72 223636.030 223970.114  0.15%  86.0 3235s
 78429 22540 223640.623   41   66 223636.030 223969.591  0.15%  86.0 3240s
 78579 22561 223749.428   39   73 223636.030 223968.929  0.15%  86.0 3245s
 78744 22567 223766.601   37   70 223636.030 223968.180  0.15%  86.0 3250s
 78848 22585 223645.126   37   85 223636.030 223967.909  0.15%  86.0 3255s
 78989 22603 223771.631   30   92 223636.030 223967.327  0.15%  86.0 3260s
 79154 22632 223767.357   35   80 223636.030 223967.037  0.15%  85.9 3265s
 79340 22681 223686.599   39   67 223636.030 223966.422  0.15%  85.9 3270s
 79517 22705 223675.975   44   64 223636.030 223965.982  0.15%  85.8 3275s
 79658 22725 223939.757   34   81 223636.030 223965.644  0.15%  85.8 3280s
 79766 22727 223702.708   35   81 223636.030 223965.225  0.15%  85.8 3285s
 79931 22749     cutoff   44      223636.030 223964.747  0.15%  85.8 3290s
 80067 22747 223662.801   30   99 223636.030 223964.055  0.15%  85.8 3295s
 80180 22747 223806.797   33   81 223636.030 223963.488  0.15%  85.8 3300s
 80309 22746 223788.740   34   86 223636.030 223963.095  0.15%  85.8 3305s
 80422 22748 223697.727   34   87 223636.030 223962.454  0.15%  85.9 3314s
 80430 22747 223817.167   36   83 223636.030 223962.414  0.15%  85.9 3315s
 80569 22754 223728.652   31   91 223636.030 223962.069  0.15%  85.9 3320s
 80681 22743 223662.686   39   78 223636.030 223961.623  0.15%  85.9 3325s
 80817 22759 223765.580   32   93 223636.030 223961.229  0.15%  85.9 3330s
 80944 22763 223719.968   40   58 223636.030 223960.817  0.15%  85.9 3335s
 81080 22784 223669.222   37   66 223636.030 223960.112  0.14%  85.9 3340s
 81193 22780 223651.255   41   81 223636.030 223959.826  0.14%  85.9 3345s
 81341 22782     cutoff   36      223636.030 223959.192  0.14%  85.9 3350s
 81473 22793 223728.336   35   83 223636.030 223958.677  0.14%  85.9 3355s
 81587 22802 223637.797   33   89 223636.030 223958.383  0.14%  85.9 3360s
 81734 22809 223689.774   37   66 223636.030 223957.898  0.14%  85.9 3365s
 81880 22819 223804.578   41   76 223636.030 223957.283  0.14%  85.9 3370s
 82015 22821 223869.192   32   94 223636.030 223956.757  0.14%  85.9 3375s
 82124 22811 223779.677   33   75 223636.030 223956.283  0.14%  86.0 3380s
 82262 22818     cutoff   36      223636.030 223955.776  0.14%  86.0 3385s
 82390 22817 223831.534   34   67 223636.030 223955.286  0.14%  86.0 3390s
 82564 22849 223786.851   39   67 223636.030 223954.612  0.14%  86.0 3395s
 82699 22853     cutoff   37      223636.030 223954.292  0.14%  86.0 3400s
 82822 22862 223824.887   42   66 223636.030 223953.789  0.14%  86.0 3405s
 82975 22870 223684.982   33   85 223636.030 223953.259  0.14%  86.0 3410s
 83093 22876 223695.782   39   74 223636.030 223952.955  0.14%  86.0 3415s
 83216 22860 223698.914   35   97 223636.030 223952.449  0.14%  86.0 3420s
 83341 22876     cutoff   41      223636.030 223952.022  0.14%  86.0 3425s
 83498 22888 223733.734   35   81 223636.030 223951.765  0.14%  86.0 3430s
 83637 22899 223694.973   29   92 223636.030 223951.310  0.14%  86.0 3435s
 83774 22893 223807.116   33   80 223636.030 223950.986  0.14%  86.0 3440s
 83905 22897 223812.589   33   84 223636.030 223950.453  0.14%  86.0 3445s
 84051 22905 223678.265   38   72 223636.030 223950.043  0.14%  86.0 3450s
 84181 22901 223739.265   37   69 223636.030 223949.497  0.14%  86.0 3455s
 84312 22908 223739.596   35   76 223636.030 223949.030  0.14%  86.0 3460s
 84430 22910     cutoff   40      223636.030 223948.614  0.14%  86.0 3465s
 84576 22907     cutoff   38      223636.030 223948.032  0.14%  86.0 3470s
 84708 22917 223659.729   40   58 223636.030 223947.231  0.14%  86.0 3475s
 84830 22908 223651.201   38   80 223636.030 223946.713  0.14%  86.1 3480s
 84938 22907 223651.187   38   66 223636.030 223946.236  0.14%  86.1 3485s
 85038 22897     cutoff   32      223636.030 223945.877  0.14%  86.1 3490s
 85151 22894     cutoff   37      223636.030 223945.659  0.14%  86.1 3495s
 85266 22890 223772.601   32   79 223636.030 223945.330  0.14%  86.1 3500s
 85404 22896 223790.124   41   80 223636.030 223944.797  0.14%  86.1 3505s
 85552 22901 223784.655   36   78 223636.030 223944.575  0.14%  86.1 3510s
 85700 22915 223822.016   36   85 223636.030 223944.097  0.14%  86.1 3515s
 85789 22912 223733.719   35   79 223636.030 223943.710  0.14%  86.1 3522s
 85804 22911     cutoff   33      223636.030 223943.697  0.14%  86.1 3525s
 85939 22913 223768.808   36   88 223636.030 223943.308  0.14%  86.1 3530s
 86064 22908 223666.808   39   58 223636.030 223942.759  0.14%  86.1 3535s
 86175 22920 223672.110   35   79 223636.030 223942.342  0.14%  86.1 3540s
 86324 22919     cutoff   34      223636.030 223941.928  0.14%  86.1 3545s
 86482 22925 223683.998   32   83 223636.030 223941.490  0.14%  86.1 3550s
 86612 22919 223728.417   33   82 223636.030 223941.081  0.14%  86.1 3555s
 86739 22924 223751.773   37   70 223636.030 223940.616  0.14%  86.1 3560s
 86894 22926 223840.428   35   81 223636.030 223940.147  0.14%  86.1 3565s
 87031 22933     cutoff   39      223636.030 223939.657  0.14%  86.1 3570s
 87172 22929 223704.692   34   79 223636.030 223939.113  0.14%  86.1 3575s
 87304 22941 223714.504   36   71 223636.030 223938.717  0.14%  86.1 3580s
 87462 22959 223778.778   39   63 223636.030 223938.298  0.14%  86.1 3585s
 87610 22963 223728.379   37   82 223636.030 223937.754  0.13%  86.1 3590s
 87746 22968     cutoff   37      223636.030 223937.472  0.13%  86.1 3595s
 87865 22972 223699.790   33   93 223636.030 223936.998  0.13%  86.1 3600s
 87985 22971 223653.978   36   87 223636.030 223936.482  0.13%  86.1 3605s
 88043 22975 223774.977   33   84 223636.030 223936.312  0.13%  86.1 3610s
 88146 22967 223760.604   35   68 223636.030 223935.804  0.13%  86.1 3615s
 88280 22957 223778.577   36   63 223636.030 223935.338  0.13%  86.2 3620s
 88417 22955 223689.567   34   86 223636.030 223935.001  0.13%  86.2 3625s
 88547 22970 223660.042   35   86 223636.030 223934.718  0.13%  86.2 3630s
 88697 22967 223752.719   33   87 223636.030 223934.415  0.13%  86.2 3635s
 88849 22982 223724.115   33   74 223636.030 223934.109  0.13%  86.2 3640s
 88975 22992 223731.427   33   83 223636.030 223933.758  0.13%  86.2 3645s
 89081 22969 223874.041   37   78 223636.030 223933.162  0.13%  86.2 3650s
 89216 22974 223735.390   36   87 223636.030 223932.443  0.13%  86.2 3655s
 89341 22973 223737.967   33   89 223636.030 223932.080  0.13%  86.2 3660s
 89480 22987 223669.573   33   87 223636.030 223931.741  0.13%  86.2 3665s
 89623 22983 223838.521   37   75 223636.030 223931.264  0.13%  86.2 3670s
 89752 22990 223640.076   36   85 223636.030 223930.804  0.13%  86.2 3675s
 89873 22996 223698.531   39   89 223636.030 223930.429  0.13%  86.2 3680s
 90015 22982 223639.135   36   79 223636.030 223930.029  0.13%  86.2 3685s
 90146 22982 223725.538   29   90 223636.030 223929.509  0.13%  86.2 3690s
 90272 22976 223731.781   33   94 223636.030 223929.012  0.13%  86.2 3695s
 90408 22966 223829.130   39   76 223636.030 223928.374  0.13%  86.2 3700s
 90548 22962 223719.601   36   84 223636.030 223927.849  0.13%  86.2 3705s
 90667 22942 223808.730   37   85 223636.030 223927.188  0.13%  86.2 3710s
 90815 22957 223713.136   36   83 223636.030 223926.722  0.13%  86.2 3715s
 90937 22945 223671.394   38   84 223636.030 223926.153  0.13%  86.2 3720s
 91075 22940 223693.149   41   76 223636.030 223925.676  0.13%  86.2 3725s
 91125 22932 223832.737   37   73 223636.030 223925.525  0.13%  86.2 3732s
 91182 22935 223706.606   39   86 223636.030 223925.325  0.13%  86.3 3735s
 91292 22934 223688.948   38   87 223636.030 223925.003  0.13%  86.3 3740s
 91439 22934 223664.461   43   61 223636.030 223924.487  0.13%  86.3 3745s
 91557 22922 223653.372   36   79 223636.030 223923.974  0.13%  86.3 3750s
 91712 22922 223808.930   35   98 223636.030 223923.601  0.13%  86.3 3755s
 91845 22922 223708.611   39   76 223636.030 223923.267  0.13%  86.3 3760s
 91950 22912 223709.223   36   84 223636.030 223922.909  0.13%  86.3 3765s
 92089 22911 223764.102   31   87 223636.030 223922.439  0.13%  86.3 3770s
 92220 22901 223740.718   35   80 223636.030 223921.849  0.13%  86.3 3775s
 92337 22900     cutoff   37      223636.030 223921.430  0.13%  86.3 3780s
 92463 22898 223679.970   33   94 223636.030 223920.988  0.13%  86.3 3785s
 92603 22901     cutoff   38      223636.030 223920.434  0.13%  86.3 3790s
 92707 22903 223640.519   38   70 223636.030 223920.206  0.13%  86.4 3795s
 92781 22889 223747.617   32   85 223636.030 223919.792  0.13%  86.4 3800s
 92924 22885 223745.572   37   75 223636.030 223919.382  0.13%  86.4 3805s
 93055 22891 223646.250   39   67 223636.030 223919.046  0.13%  86.4 3810s
 93193 22876 223699.310   38   72 223636.030 223918.592  0.13%  86.4 3815s
 93313 22861 223669.730   32   88 223636.030 223917.801  0.13%  86.4 3820s
 93449 22861 223642.766   37   69 223636.030 223917.416  0.13%  86.4 3825s
 93588 22854 223655.718   40   73 223636.030 223916.940  0.13%  86.4 3830s
 93721 22854 223723.212   36   77 223636.030 223916.518  0.13%  86.4 3835s
 93812 22845 223707.243   40   75 223636.030 223916.231  0.13%  86.4 3840s
 93931 22827 223813.050   36   88 223636.030 223915.514  0.12%  86.4 3845s
 94060 22823 223748.728   38   84 223636.030 223914.982  0.12%  86.4 3850s
 94184 22800 223724.955   36   90 223636.030 223914.495  0.12%  86.4 3855s
 94315 22796     cutoff   36      223636.030 223914.096  0.12%  86.4 3860s
 94454 22801 223695.728   33   93 223636.030 223913.754  0.12%  86.4 3865s
 94563 22791 223737.685   31   91 223636.030 223913.455  0.12%  86.5 3870s
 94699 22789 223716.061   29   98 223636.030 223913.076  0.12%  86.5 3875s
 94851 22789 223654.573   43   72 223636.030 223912.584  0.12%  86.5 3880s
 94985 22781 223724.450   32   86 223636.030 223911.951  0.12%  86.5 3885s
 95131 22778 223764.749   31  105 223636.030 223911.390  0.12%  86.5 3890s
 95254 22772 223650.506   35   86 223636.030 223911.030  0.12%  86.5 3895s
 95373 22766 223769.923   33   90 223636.030 223910.510  0.12%  86.5 3900s
 95542 22757 223740.645   37   79 223636.030 223910.040  0.12%  86.5 3905s
 95679 22752 223757.073   39   73 223636.030 223909.604  0.12%  86.5 3910s
 95839 22752     cutoff   42      223636.030 223909.073  0.12%  86.4 3915s
 95957 22729 223705.779   37   72 223636.030 223908.577  0.12%  86.5 3920s
 96082 22719 223654.087   36   80 223636.030 223908.064  0.12%  86.5 3925s
 96196 22730 223684.259   34   83 223636.030 223907.932  0.12%  86.5 3933s
 96241 22722 223704.443   31  101 223636.030 223907.783  0.12%  86.5 3935s
 96397 22724     cutoff   31      223636.030 223907.171  0.12%  86.5 3940s
 96535 22732 223693.633   44   51 223636.030 223906.885  0.12%  86.5 3945s
 96693 22732 223642.024   29   95 223636.030 223906.541  0.12%  86.4 3950s
 96818 22719 223698.221   38   84 223636.030 223906.055  0.12%  86.5 3955s
 96960 22716     cutoff   38      223636.030 223905.619  0.12%  86.4 3960s
 97083 22705 223669.225   44   54 223636.030 223904.942  0.12%  86.5 3965s
 97217 22697 223735.763   33   88 223636.030 223904.681  0.12%  86.5 3970s
 97355 22709 223689.535   38   67 223636.030 223904.377  0.12%  86.5 3975s
 97480 22686 223653.566   36   90 223636.030 223903.821  0.12%  86.5 3980s
 97630 22689     cutoff   38      223636.030 223903.439  0.12%  86.5 3985s
 97759 22680     cutoff   33      223636.030 223903.001  0.12%  86.5 3990s
 97897 22678     cutoff   38      223636.030 223902.554  0.12%  86.5 3995s
 98071 22680 223766.221   38   84 223636.030 223902.161  0.12%  86.4 4000s
 98194 22680 223746.675   39   76 223636.030 223901.823  0.12%  86.4 4005s
 98357 22662     cutoff   34      223636.030 223901.443  0.12%  86.4 4010s
 98477 22655 223683.034   42   72 223636.030 223901.065  0.12%  86.4 4015s
 98615 22651 223709.795   38   78 223636.030 223900.787  0.12%  86.4 4020s
 98768 22644 223722.725   39   70 223636.030 223900.442  0.12%  86.4 4025s
 98924 22626     cutoff   33      223636.030 223900.056  0.12%  86.4 4030s
 99040 22624 223643.798   34   84 223636.030 223899.670  0.12%  86.4 4035s
 99161 22615     cutoff   35      223636.030 223899.299  0.12%  86.4 4040s
 99277 22608 223637.049   39   73 223636.030 223898.896  0.12%  86.5 4045s
 99417 22597     cutoff   38      223636.030 223898.612  0.12%  86.5 4050s
 99542 22589 223648.965   40   66 223636.030 223898.063  0.12%  86.5 4055s
 99697 22586 223697.714   35   86 223636.030 223897.700  0.12%  86.5 4060s
 99829 22580 223683.625   38   82 223636.030 223897.216  0.12%  86.5 4065s
 99969 22566 223762.328   41   85 223636.030 223896.886  0.12%  86.5 4070s
 100111 22554 223658.987   34   83 223636.030 223896.285  0.12%  86.5 4075s
 100245 22554 223720.794   38   68 223636.030 223896.051  0.12%  86.5 4080s
 100377 22548 223677.388   37   96 223636.030 223895.536  0.12%  86.5 4085s
 100511 22544 223700.560   40   64 223636.030 223895.197  0.12%  86.5 4090s
 100636 22535     cutoff   30      223636.030 223894.940  0.12%  86.5 4095s
 100745 22527 223709.951   40   56 223636.030 223894.469  0.12%  86.5 4100s
 100891 22521 223711.144   33   77 223636.030 223894.115  0.12%  86.5 4105s
 101039 22534 223659.280   31   82 223636.030 223893.821  0.12%  86.5 4110s
 101174 22524 223725.041   41   73 223636.030 223893.338  0.12%  86.5 4115s
 101268 22519 223705.298   44   63 223636.030 223893.027  0.11%  86.4 4121s
 101358 22511 223685.572   35   79 223636.030 223892.828  0.11%  86.4 4125s
 101491 22498 223714.056   31   87 223636.030 223892.465  0.11%  86.4 4130s
 101608 22466     cutoff   40      223636.030 223891.874  0.11%  86.5 4135s
 101723 22446 223765.134   33   87 223636.030 223891.408  0.11%  86.5 4140s
 101868 22438 223790.387   33   86 223636.030 223890.978  0.11%  86.5 4145s
 102011 22428 223678.520   28   95 223636.030 223890.552  0.11%  86.5 4150s
 102152 22437     cutoff   40      223636.030 223890.301  0.11%  86.5 4155s
 102283 22422 223680.033   36   86 223636.030 223889.732  0.11%  86.5 4160s
 102416 22414 223743.958   40   84 223636.030 223889.339  0.11%  86.5 4165s
 102540 22386 223714.997   39   81 223636.030 223888.712  0.11%  86.5 4170s
 102694 22378 223679.528   35   83 223636.030 223888.319  0.11%  86.5 4175s
 102838 22371     cutoff   39      223636.030 223887.961  0.11%  86.5 4180s
 102982 22354 223761.923   37   75 223636.030 223887.490  0.11%  86.5 4185s
 103128 22346 223640.923   41   63 223636.030 223887.107  0.11%  86.5 4190s
 103266 22311     cutoff   45      223636.030 223886.494  0.11%  86.5 4195s
 103382 22299 223737.830   33   83 223636.030 223886.214  0.11%  86.5 4200s
 103518 22286 223799.884   40   76 223636.030 223885.881  0.11%  86.5 4205s
 103679 22284 223666.999   36   75 223636.030 223885.490  0.11%  86.5 4210s
 103796 22267 223654.144   35   85 223636.030 223885.084  0.11%  86.5 4215s
 103916 22242 223732.364   37   91 223636.030 223884.220  0.11%  86.5 4220s
 104036 22235 223787.223   40   59 223636.030 223884.002  0.11%  86.5 4225s
 104182 22244 223685.284   43   63 223636.030 223883.581  0.11%  86.5 4230s
 104355 22242     cutoff   35      223636.030 223883.290  0.11%  86.5 4235s
 104476 22213 223740.537   41   62 223636.030 223882.752  0.11%  86.5 4240s
 104628 22212 223646.916   42   65 223636.030 223882.497  0.11%  86.5 4245s
 104786 22202     cutoff   32      223636.030 223882.004  0.11%  86.5 4250s
 104917 22192 223773.190   35   77 223636.030 223881.524  0.11%  86.5 4255s
 105064 22185     cutoff   41      223636.030 223881.094  0.11%  86.5 4260s
 105202 22182 223652.204   29   90 223636.030 223880.687  0.11%  86.5 4265s
 105329 22165 223692.381   39   90 223636.030 223880.163  0.11%  86.5 4270s
 105458 22165 223642.345   39   71 223636.030 223879.911  0.11%  86.5 4275s
 105616 22151 223700.033   39   70 223636.030 223879.508  0.11%  86.5 4280s
 105755 22135     cutoff   32      223636.030 223879.138  0.11%  86.5 4285s
 105857 22107     cutoff   38      223636.030 223878.686  0.11%  86.5 4290s
 106011 22100 223707.304   32   87 223636.030 223878.312  0.11%  86.5 4295s
 106115 22090 223638.626   35   79 223636.030 223878.010  0.11%  86.5 4300s
 106238 22070 223854.724   38   64 223636.030 223877.581  0.11%  86.5 4305s
 106314 22048 223675.585   31   86 223636.030 223877.240  0.11%  86.5 4310s
 106341 22040 223689.996   31   98 223636.030 223877.121  0.11%  86.5 4317s
 106411 22021     cutoff   32      223636.030 223876.832  0.11%  86.5 4320s
 106519 21982 223712.862   40   79 223636.030 223876.253  0.11%  86.5 4325s
 106640 21962     cutoff   39      223636.030 223875.840  0.11%  86.5 4330s
 106746 21939     cutoff   37      223636.030 223875.535  0.11%  86.6 4335s
 106849 21902 223654.217   38   61 223636.030 223874.928  0.11%  86.6 4340s
 106969 21874     cutoff   40      223636.030 223874.278  0.11%  86.6 4345s
 107065 21848 223682.217   35   75 223636.030 223873.904  0.11%  86.6 4350s
 107182 21813 223669.341   34   88 223636.030 223873.412  0.11%  86.7 4355s
 107287 21772     cutoff   36      223636.030 223872.889  0.11%  86.7 4360s
 107408 21737 223759.327   39   64 223636.030 223872.310  0.11%  86.7 4365s
 107530 21712 223640.793   43   76 223636.030 223871.792  0.11%  86.7 4370s
 107660 21697 223790.417   37   68 223636.030 223871.348  0.11%  86.7 4375s
 107788 21679 223673.249   34   79 223636.030 223870.989  0.11%  86.7 4380s
 107896 21650     cutoff   40      223636.030 223870.463  0.10%  86.8 4385s
 108025 21615     cutoff   31      223636.030 223869.905  0.10%  86.8 4390s
 108170 21589 223717.995   33   96 223636.030 223869.359  0.10%  86.8 4395s
 108301 21564 223753.811   38   73 223636.030 223868.936  0.10%  86.8 4400s
 108435 21542 223644.221   32   83 223636.030 223868.443  0.10%  86.8 4405s
 108542 21506 223784.366   38   77 223636.030 223868.020  0.10%  86.8 4410s
 108665 21469 223683.915   33   92 223636.030 223867.484  0.10%  86.8 4415s
 108772 21450 223659.416   33   95 223636.030 223867.092  0.10%  86.8 4420s
 108878 21410 223673.607   33   95 223636.030 223866.441  0.10%  86.9 4425s
 108977 21387 223749.148   29  107 223636.030 223866.060  0.10%  86.9 4430s
 109089 21362 223700.327   35   78 223636.030 223865.526  0.10%  86.9 4435s
 109217 21357 223674.572   37   75 223636.030 223865.243  0.10%  86.9 4440s
 109345 21327     cutoff   37      223636.030 223864.739  0.10%  86.9 4445s
 109483 21313 223639.017   34   81 223636.030 223864.293  0.10%  86.9 4450s
 109586 21282 223690.237   31   98 223636.030 223863.946  0.10%  86.9 4455s
 109689 21240 223662.771   39   68 223636.030 223863.418  0.10%  87.0 4460s
 109820 21218 223655.812   39   71 223636.030 223862.854  0.10%  87.0 4465s
 109921 21190 223662.959   38   88 223636.030 223862.449  0.10%  87.0 4470s
 110046 21144 223779.524   42   62 223636.030 223861.903  0.10%  87.0 4475s
 110175 21126 223678.361   35   83 223636.030 223861.545  0.10%  87.0 4480s
 110265 21081 223655.617   36   79 223636.030 223861.080  0.10%  87.0 4485s
 110383 21044     cutoff   35      223636.030 223860.563  0.10%  87.0 4490s
 110521 21034 223735.615   35   90 223636.030 223860.197  0.10%  87.0 4495s
 110628 21007     cutoff   30      223636.030 223859.875  0.10%  87.1 4500s
 110749 20969     cutoff   36      223636.030 223859.343  0.10%  87.1 4505s
 110883 20935     cutoff   44      223636.030 223858.909  0.10%  87.1 4510s
 110998 20914 223683.758   35   78 223636.030 223858.546  0.10%  87.1 4515s
 111123 20887 223672.289   35   83 223636.030 223858.212  0.10%  87.1 4520s
 111250 20857     cutoff   34      223636.030 223857.760  0.10%  87.1 4525s
 111373 20826 223685.753   36   81 223636.030 223857.152  0.10%  87.1 4530s
 111503 20796 223681.059   36   82 223636.030 223856.549  0.10%  87.1 4535s
 111645 20763 223653.213   36   92 223636.030 223856.007  0.10%  87.1 4540s
 111765 20727 223650.677   37   72 223636.030 223855.429  0.10%  87.1 4559s
 111779 20717     cutoff   37      223636.030 223855.328  0.10%  87.1 4560s
 111859 20685 223720.122   32   90 223636.030 223854.882  0.10%  87.2 4565s
 111978 20669 223701.554   42   51 223636.030 223854.410  0.10%  87.2 4570s
 112108 20634 223652.996   37   79 223636.030 223854.002  0.10%  87.2 4575s
 112225 20606 223655.595   43   63 223636.030 223853.492  0.10%  87.2 4580s
 112363 20563     cutoff   37      223636.030 223852.712  0.10%  87.2 4585s
 112469 20523 223731.050   36   73 223636.030 223852.160  0.10%  87.2 4590s
 112584 20477     cutoff   39      223636.030 223851.597  0.10%  87.2 4595s
 112700 20444 223642.343   33   86 223636.030 223850.996  0.10%  87.2 4600s
 112817 20399     cutoff   45      223636.030 223850.365  0.10%  87.2 4605s
 112935 20367     cutoff   34      223636.030 223849.846  0.10%  87.2 4610s
 113062 20331 223718.121   37   78 223636.030 223849.370  0.10%  87.3 4615s
 113190 20299 223694.537   45   57 223636.030 223848.858  0.10%  87.3 4620s
 113329 20262     cutoff   39      223636.030 223848.451  0.09%  87.3 4625s
 113458 20228 223667.529   31  102 223636.030 223847.950  0.09%  87.3 4630s
 113586 20208 223645.930   50   51 223636.030 223847.639  0.09%  87.3 4635s
 113716 20166 223645.844   36   83 223636.030 223847.202  0.09%  87.3 4640s
 113868 20142 223655.426   46   72 223636.030 223846.855  0.09%  87.3 4645s
 114000 20088 223696.472   36   73 223636.030 223846.264  0.09%  87.3 4650s
 114132 20053     cutoff   42      223636.030 223845.794  0.09%  87.3 4655s
 114275 20027 223657.944   41   53 223636.030 223845.200  0.09%  87.3 4660s
 114397 19975 223638.867   41   74 223636.030 223844.671  0.09%  87.3 4665s
 114512 19931     cutoff   36      223636.030 223844.087  0.09%  87.3 4670s
 114651 19889     cutoff   41      223636.030 223843.642  0.09%  87.3 4675s
 114752 19863     cutoff   35      223636.030 223843.175  0.09%  87.4 4680s
 114890 19833 223642.654   44   63 223636.030 223842.468  0.09%  87.4 4685s
 115007 19803 223706.936   34   80 223636.030 223842.000  0.09%  87.4 4690s
 115135 19769 223757.867   40   62 223636.030 223841.478  0.09%  87.4 4695s
 115252 19735 223688.512   45   51 223636.030 223840.957  0.09%  87.4 4700s
 115394 19689     cutoff   36      223636.030 223840.363  0.09%  87.4 4705s
 115531 19652 223664.316   39   78 223636.030 223839.947  0.09%  87.4 4710s
 115640 19616     cutoff   37      223636.030 223839.511  0.09%  87.4 4715s
 115757 19569 223700.491   28   90 223636.030 223838.907  0.09%  87.4 4720s
 115889 19534     cutoff   32      223636.030 223838.414  0.09%  87.4 4725s
 116032 19486     cutoff   36      223636.030 223837.887  0.09%  87.4 4730s
 116114 19453 223648.244   34   82 223636.030 223837.557  0.09%  87.5 4735s
 116238 19414     cutoff   36      223636.030 223837.036  0.09%  87.5 4740s
 116385 19358     cutoff   37      223636.030 223836.343  0.09%  87.4 4745s
 116521 19316     cutoff   36      223636.030 223835.654  0.09%  87.4 4750s
 116631 19293     cutoff   41      223636.030 223835.361  0.09%  87.4 4755s
 116764 19225 223686.429   42   79 223636.030 223834.695  0.09%  87.4 4760s
 116895 19183 223718.084   35   79 223636.030 223834.139  0.09%  87.5 4765s
 117002 19146 223654.197   32   92 223636.030 223833.714  0.09%  87.5 4770s
 117114 19096 223684.496   33   83 223636.030 223833.117  0.09%  87.5 4775s
 117245 19075 223684.390   40   73 223636.030 223832.728  0.09%  87.5 4780s
 117362 19046 223655.241   34   82 223636.030 223832.347  0.09%  87.5 4785s
 117487 18988 223699.654   31   92 223636.030 223831.645  0.09%  87.5 4790s
 117622 18941 223654.545   43   71 223636.030 223831.141  0.09%  87.5 4795s
 117730 18887     cutoff   33      223636.030 223830.500  0.09%  87.5 4800s
 117837 18833 223671.804   39   86 223636.030 223829.932  0.09%  87.6 4805s
 117980 18799 223665.652   34   89 223636.030 223829.536  0.09%  87.6 4810s
 118103 18738     cutoff   31      223636.030 223828.884  0.09%  87.6 4815s
 118238 18691     cutoff   33      223636.030 223828.272  0.09%  87.6 4820s
 118373 18637     cutoff   40      223636.030 223827.670  0.09%  87.6 4825s
 118502 18593     cutoff   36      223636.030 223827.065  0.09%  87.6 4830s
 118623 18537 223715.232   39   69 223636.030 223826.427  0.09%  87.6 4835s
 118750 18476 223673.450   40   66 223636.030 223825.829  0.08%  87.6 4840s
 118872 18431 223723.911   45   60 223636.030 223825.408  0.08%  87.6 4845s
 119004 18394 223689.159   39   69 223636.030 223824.977  0.08%  87.6 4850s
 119145 18351 223652.329   44   67 223636.030 223824.547  0.08%  87.6 4855s
 119288 18300 223646.435   37   78 223636.030 223823.961  0.08%  87.6 4860s
 119419 18245 223705.723   36   79 223636.030 223823.347  0.08%  87.6 4865s
 119547 18184     cutoff   43      223636.030 223822.812  0.08%  87.6 4870s
 119673 18143 223656.805   40   63 223636.030 223822.154  0.08%  87.6 4875s
 119793 18071 223647.813   42   74 223636.030 223821.420  0.08%  87.6 4880s
 119942 18020     cutoff   37      223636.030 223820.869  0.08%  87.6 4885s
 120080 17957 223739.408   44   67 223636.030 223820.297  0.08%  87.6 4890s
 120217 17905 223659.571   35   85 223636.030 223819.756  0.08%  87.6 4895s
 120346 17834     cutoff   36      223636.030 223819.102  0.08%  87.6 4900s
 120461 17786     cutoff   40      223636.030 223818.774  0.08%  87.6 4905s
 120600 17717     cutoff   41      223636.030 223817.994  0.08%  87.7 4910s
 120744 17677     cutoff   46      223636.030 223817.507  0.08%  87.6 4915s
 120879 17612     cutoff   34      223636.030 223816.986  0.08%  87.6 4920s
 120981 17544     cutoff   40      223636.030 223816.485  0.08%  87.7 4925s
 121119 17471     cutoff   30      223636.030 223815.714  0.08%  87.7 4930s
 121234 17418 223731.432   38   71 223636.030 223815.182  0.08%  87.7 4936s
 121355 17374 223659.732   34  100 223636.030 223814.728  0.08%  87.7 4940s
 121489 17327     cutoff   40      223636.030 223814.301  0.08%  87.7 4945s
 121643 17258     cutoff   44      223636.030 223813.626  0.08%  87.7 4950s
 121781 17178 223669.286   35  101 223636.030 223812.845  0.08%  87.7 4955s
 121901 17121 223682.512   43   66 223636.030 223812.187  0.08%  87.7 4960s
 122021 17049 223722.719   38   68 223636.030 223811.464  0.08%  87.7 4965s
 122148 16985     cutoff   32      223636.030 223810.823  0.08%  87.7 4970s
 122277 16925     cutoff   36      223636.030 223810.189  0.08%  87.7 4975s
 122419 16860 223656.183   53   49 223636.030 223809.785  0.08%  87.7 4980s
 122553 16812     cutoff   37      223636.030 223809.259  0.08%  87.7 4985s
 122694 16750     cutoff   37      223636.030 223808.727  0.08%  87.7 4990s
 122809 16675     cutoff   41      223636.030 223808.093  0.08%  87.7 4995s
 122932 16619 223652.290   37   81 223636.030 223807.524  0.08%  87.7 5000s
 123072 16560 223644.190   43   59 223636.030 223806.919  0.08%  87.7 5005s
 123211 16488 223642.020   36   91 223636.030 223806.324  0.08%  87.7 5010s
 123364 16420 223637.759   40   82 223636.030 223805.563  0.08%  87.7 5015s
 123497 16334 223676.466   40   74 223636.030 223804.842  0.08%  87.7 5020s
 123623 16248 223711.622   36   78 223636.030 223803.970  0.08%  87.7 5025s
 123763 16175     cutoff   35      223636.030 223803.096  0.07%  87.7 5030s
 123905 16100     cutoff   38      223636.030 223802.280  0.07%  87.7 5035s
 124020 16021 223668.850   33   81 223636.030 223801.652  0.07%  87.7 5040s
 124163 15937     cutoff   39      223636.030 223800.884  0.07%  87.7 5045s
 124300 15848 223663.685   38   69 223636.030 223800.230  0.07%  87.7 5050s
 124438 15770 223671.920   44   62 223636.030 223799.498  0.07%  87.7 5055s
 124575 15708 223639.865   37   78 223636.030 223798.920  0.07%  87.7 5060s
 124735 15638     cutoff   39      223636.030 223798.150  0.07%  87.7 5065s
 124879 15569     cutoff   37      223636.030 223797.597  0.07%  87.7 5070s
 125019 15503 223676.047   36   78 223636.030 223796.983  0.07%  87.7 5075s
 125157 15413     cutoff   40      223636.030 223796.170  0.07%  87.7 5080s
 125298 15342 223637.161   38   87 223636.030 223795.637  0.07%  87.7 5085s
 125434 15239     cutoff   33      223636.030 223794.697  0.07%  87.7 5090s
 125581 15149 223696.358   41   86 223636.030 223793.938  0.07%  87.7 5095s
 125713 15068     cutoff   37      223636.030 223793.300  0.07%  87.7 5100s
 125833 14992     cutoff   42      223636.030 223792.745  0.07%  87.7 5105s
 125988 14909     cutoff   35      223636.030 223792.089  0.07%  87.7 5110s
 126125 14854 223641.194   35   86 223636.030 223791.536  0.07%  87.7 5115s
 126275 14763     cutoff   45      223636.030 223790.687  0.07%  87.6 5120s
 126451 14670     cutoff   38      223636.030 223789.837  0.07%  87.6 5125s
 126609 14580 223673.195   34   81 223636.030 223789.018  0.07%  87.6 5130s
 126636 14567 223661.488   33   93 223636.030 223788.886  0.07%  87.6 5136s
 126721 14522 223657.238   36   70 223636.030 223788.499  0.07%  87.6 5140s
 126869 14442 223652.608   39   63 223636.030 223787.818  0.07%  87.6 5145s
 127029 14354 223645.491   42   69 223636.030 223787.089  0.07%  87.6 5150s
 127170 14290     cutoff   41      223636.030 223786.495  0.07%  87.6 5155s
 127303 14209     cutoff   31      223636.030 223785.672  0.07%  87.6 5160s
 127453 14130     cutoff   44      223636.030 223784.842  0.07%  87.6 5165s
 127585 14046     cutoff   39      223636.030 223784.089  0.07%  87.6 5170s
 127738 13954     cutoff   37      223636.030 223783.252  0.07%  87.6 5175s
 127896 13863     cutoff   31      223636.030 223782.347  0.07%  87.5 5180s
 128059 13789     cutoff   44      223636.030 223781.651  0.07%  87.5 5185s
 128190 13719 223675.974   40   72 223636.030 223781.018  0.06%  87.5 5190s
 128333 13638     cutoff   39      223636.030 223780.451  0.06%  87.5 5195s
 128486 13530 223647.033   36   83 223636.030 223779.608  0.06%  87.5 5200s
 128630 13430     cutoff   45      223636.030 223778.847  0.06%  87.5 5205s
 128738 13357     cutoff   37      223636.030 223778.346  0.06%  87.5 5210s
 128918 13278     cutoff   39      223636.030 223777.594  0.06%  87.5 5215s
 129090 13166     cutoff   49      223636.030 223776.616  0.06%  87.4 5220s
 129241 13085     cutoff   45      223636.030 223776.060  0.06%  87.4 5225s
 129372 13011 223660.009   32   83 223636.030 223775.435  0.06%  87.4 5230s
 129541 12894     cutoff   31      223636.030 223774.591  0.06%  87.4 5235s
 129703 12785     cutoff   38      223636.030 223773.726  0.06%  87.4 5240s
 129857 12691     cutoff   36      223636.030 223773.050  0.06%  87.3 5245s
 129995 12593 223650.799   35   78 223636.030 223772.273  0.06%  87.3 5250s
 130163 12489     cutoff   34      223636.030 223771.402  0.06%  87.3 5255s
 130331 12367     cutoff   43      223636.030 223770.565  0.06%  87.3 5260s
 130479 12270     cutoff   37      223636.030 223769.840  0.06%  87.3 5265s
 130655 12139     cutoff   45      223636.030 223768.749  0.06%  87.2 5270s
 130807 12021     cutoff   30      223636.030 223767.936  0.06%  87.2 5275s
 130962 11905     cutoff   39      223636.030 223767.148  0.06%  87.2 5280s
 131124 11798     cutoff   36      223636.030 223766.111  0.06%  87.2 5285s
 131278 11693 223644.844   37   82 223636.030 223765.328  0.06%  87.2 5290s
 131450 11566     cutoff   39      223636.030 223764.288  0.06%  87.2 5295s
 131623 11432     cutoff   40      223636.030 223763.210  0.06%  87.1 5300s
 131796 11325 223638.184   40   74 223636.030 223762.361  0.06%  87.1 5305s
 131947 11218     cutoff   44      223636.030 223761.614  0.06%  87.1 5310s
 132126 11096     cutoff   37      223636.030 223760.645  0.06%  87.0 5315s
 132289 10983     cutoff   37      223636.030 223759.831  0.06%  87.0 5320s
 132426 10874 223666.797   38   79 223636.030 223758.976  0.05%  87.0 5325s
 132625 10731 223648.338   34   75 223636.030 223757.997  0.05%  87.0 5330s
 132808 10595     cutoff   34      223636.030 223756.888  0.05%  86.9 5335s
 132990 10461 223655.097   38   77 223636.030 223755.881  0.05%  86.9 5340s
 133179 10315     cutoff   33      223636.030 223754.866  0.05%  86.9 5345s
 133355 10186 223676.562   52   41 223636.030 223753.916  0.05%  86.8 5350s
 133524 10044 223660.006   41   60 223636.030 223753.012  0.05%  86.8 5355s
 133704  9902     cutoff   38      223636.030 223751.992  0.05%  86.8 5360s
 133874  9772     cutoff   38      223636.030 223750.958  0.05%  86.7 5365s
 134066  9615     cutoff   38      223636.030 223749.619  0.05%  86.7 5370s
 134258  9470 223659.496   39   75 223636.030 223748.350  0.05%  86.7 5375s
 134448  9312 223698.879   47   41 223636.030 223747.151  0.05%  86.6 5380s
 134639  9160     cutoff   40      223636.030 223745.998  0.05%  86.6 5385s
 134819  9026     cutoff   37      223636.030 223745.043  0.05%  86.5 5390s
 134974  8892     cutoff   35      223636.030 223743.871  0.05%  86.5 5395s
 135161  8734     cutoff   43      223636.030 223742.694  0.05%  86.5 5400s
 135368  8541     cutoff   41      223636.030 223741.353  0.05%  86.4 5405s
 135557  8375     cutoff   40      223636.030 223740.137  0.05%  86.4 5410s
 135765  8198     cutoff   49      223636.030 223738.820  0.05%  86.3 5415s
 135997  7983     cutoff   44      223636.030 223737.168  0.05%  86.3 5420s
 136213  7790     cutoff   42      223636.030 223735.713  0.04%  86.2 5425s
 136421  7600 223638.366   39   70 223636.030 223734.472  0.04%  86.2 5430s
 136643  7416     cutoff   44      223636.030 223733.067  0.04%  86.1 5435s
 136771  7290 223640.981   42   54 223636.030 223732.158  0.04%  86.1 5440s
 136972  7114     cutoff   40      223636.030 223730.823  0.04%  86.0 5445s
 137166  6948 223637.333   35   83 223636.030 223729.556  0.04%  85.9 5450s
 137414  6721     cutoff   45      223636.030 223727.724  0.04%  85.9 5455s
 137637  6506     cutoff   41      223636.030 223726.079  0.04%  85.8 5460s
 137886  6260     cutoff   46      223636.030 223724.194  0.04%  85.7 5465s
 138131  6019     cutoff   37      223636.030 223722.337  0.04%  85.6 5470s
 138342  5817     cutoff   46      223636.030 223720.931  0.04%  85.6 5475s
 138586  5590     cutoff   45      223636.030 223719.403  0.04%  85.5 5480s
 138851  5333     cutoff   37      223636.030 223717.483  0.04%  85.4 5485s
 139088  5100     cutoff   43      223636.030 223715.575  0.04%  85.3 5490s
 139356  4844     cutoff   39      223636.030 223713.515  0.03%  85.2 5495s
 139623  4581     cutoff   37      223636.030 223711.169  0.03%  85.1 5500s
 139909  4295     cutoff   41      223636.030 223708.691  0.03%  85.0 5505s
 140211  4004     cutoff   43      223636.030 223706.269  0.03%  84.9 5510s
 140505  3719     cutoff   38      223636.030 223703.718  0.03%  84.8 5515s
 140795  3441     cutoff   43      223636.030 223701.031  0.03%  84.7 5520s
 141095  3143     cutoff   37      223636.030 223698.242  0.03%  84.6 5525s
 141412  2829     cutoff   39      223636.030 223695.195  0.03%  84.5 5530s
 141629  2616     cutoff   43      223636.030 223692.913  0.03%  84.4 5535s
 141956  2289     cutoff   47      223636.030 223689.351  0.02%  84.2 5540s
 142296  1951     cutoff   40      223636.030 223684.797  0.02%  84.1 5545s
 142479  1769     cutoff   39      223636.030 223682.078  0.02%  84.0 5550s
 142838  1413     cutoff   34      223636.030 223676.724  0.02%  83.9 5555s
 143202  1053     cutoff   47      223636.030 223670.043  0.02%  83.7 5560s
 143555   707     cutoff   43      223636.030 223660.545  0.01%  83.5 5565s
 143985   277     cutoff   43      223636.030 223645.505  0.00%  83.3 5570s

Cutting planes:
  Gomory: 3
  Implied bound: 1
  MIR: 949
  Flow cover: 901
  RLT: 49
  Relax-and-lift: 104
  Lazy constraints: 2333

Explored 144263 nodes (12001872 simplex iterations) in 5572.84 seconds (8034.25 work units)
Thread count was 1 (of 52 available processors)

Solution count 10: 223636 223613 223464 ... 222276

Optimal solution found (tolerance 0.00e+00)
Best objective 2.236360299564e+05, best bound 2.236360299564e+05, gap 0.0000%

User-callback calls 682970, time in user-callback 2.94 sec

CPU time spent in the second stage: 5572.84 sec
The LP relaxation bound at the root node: 231908.403048
Termination status of the second stage: OPTIMAL

------------------ end of the second stage -----------------

Total CPU time: 5577.40 sec
Percentage optimality gap: 0.00 %
CPU time spent in separating the cuts: 3.23 sec
Number of explored nodes: 144263
Objective value of the returned solution: 223636.029956
Optimal facility locations: [10, 16, 27, 28, 31, 38, 44, 53, 54, 56, 59, 64, 66, 77, 81, 83, 95, 100, 109, 113, 116, 121, 126, 128, 129, 130, 131, 147, 163, 168, 170, 185, 188, 191, 196]

@end of file
