Set parameter TimeLimit to value 7200
Setting B&C+LSI: The proposed B&C algorithm based on formulation (40) (equipped with the lifted submodular inequalities).

----------------- start of the first stage -----------------

Iter     Best Incumbent      BestBound     Gap      Time  #VioCuts
1                 0.000     332442.538   100.0       0.3       800
2            120465.077     271767.659    55.7       5.7      1384
3            151086.792     183033.491    17.5       8.8      1297
4            153441.461     163859.698     6.4      12.1       997
5            153441.461     161090.439     4.7      16.0       554
6            153441.461     160319.220     4.3      20.0       291
7            153441.461     160095.089     4.2      23.8       148
8            153441.461     159997.061     4.1      27.5        67
9            153441.461     159969.848     4.1      31.3        31
10           153441.461     159963.950     4.1      35.1        17
11           153441.461     159962.811     4.1      38.8         5
12           153441.461     159962.028     4.1      42.4         4
13           153441.461     159959.821     4.1      46.1         8
14           153441.461     159954.772     4.1      49.9        14
15           153441.461     159953.586     4.1      53.6         4
16           153441.461     159953.576     4.1      57.2         0

CPU time spent in the first stage: 58.88 sec
Upper bound returned at the end of the first stage: 159953.576279
Objective value of the optimal solution or the best incumbent at the end of the first stage: 153441.461064
Number of cuts added at the end of the first stage for the initialization of the relaxed MILP problem: 992
Termination status of the first stage: LP Optimal

------------------ end of the first stage ------------------


----------------- start of the second stage ----------------

Gurobi Optimizer version 11.0.1 build v11.0.1rc0 (linux64 - "CentOS Linux 7 (Core)")

CPU model: Intel(R) Xeon(R) Gold 6230R CPU @ 2.10GHz, instruction set [SSE2|AVX|AVX2|AVX512]
Thread count: 52 physical cores, 52 logical processors, using up to 1 threads


Warning: excessive time spent in model updates.
Consider calling update less frequently.

Optimize a model with 1796 rows, 1200 columns and 26441 nonzeros
Model fingerprint: 0xe90609b9
Variable types: 800 continuous, 400 integer (0 binary)
Coefficient statistics:
  Matrix range     [1e-08, 2e+03]
  Objective range  [1e+01, 2e+03]
  Bounds range     [1e+00, 1e+00]
  RHS range        [4e-04, 4e+05]

Loaded user MIP start with objective 153441

Presolve removed 804 rows and 0 columns
Presolve time: 0.05s
Presolved: 992 rows, 1200 columns, 22033 nonzeros
Variable types: 800 continuous, 400 integer (400 binary)

Root relaxation: objective 1.599519e+05, 378 iterations, 0.02 seconds (0.03 work units)

    Nodes    |    Current Node    |     Objective Bounds      |     Work
 Expl Unexpl |  Obj  Depth IntInf | Incumbent    BestBd   Gap | It/Node Time

     0     0 159951.855    0  122 153441.461 159951.855  4.24%     -    1s
     0     0 159847.264    0  111 153441.461 159847.264  4.17%     -    3s
     0     0 159846.963    0  111 153441.461 159846.963  4.17%     -    5s
     0     0 159812.145    0  111 153441.461 159812.145  4.15%     -    5s
     0     0 159803.342    0  111 153441.461 159803.342  4.15%     -    5s
     0     0 159803.065    0  111 153441.461 159803.065  4.15%     -    5s
     0     0 159761.945    0  121 153441.461 159761.945  4.12%     -    6s
     0     0 159750.568    0  119 153441.461 159750.568  4.11%     -    6s
     0     0 159745.693    0  122 153441.461 159745.693  4.11%     -    6s
     0     0 159744.270    0  123 153441.461 159744.270  4.11%     -    6s
     0     0 159743.900    0  123 153441.461 159743.900  4.11%     -    6s
     0     0 159729.926    0  121 153441.461 159729.926  4.10%     -    7s
     0     0 159728.793    0  121 153441.461 159728.793  4.10%     -    8s
     0     2 159728.541    0  121 153441.461 159728.541  4.10%     -    8s
    54    56 159295.413   34   77 153441.461 159706.068  4.08%  49.3   10s
*  177   155             128    156450.53466 159706.068  2.08%  51.6   14s
   202   176 159184.091   24   86 156450.535 159697.530  2.08%  52.5   15s
*  337   216             131    157521.00163 159697.530  1.38%  49.3   19s
   359   230 158991.392   21   89 157521.002 159696.902  1.38%  50.9   20s
*  462   203             107    158340.78886 159696.902  0.86%  47.6   21s
   529   260 158655.183   49  119 158340.789 159696.085  0.86%  47.9   28s
   533   263 158922.312   28  122 158340.789 159624.608  0.81%  47.6   30s
   542   269 158615.654   42  125 158340.789 159588.026  0.79%  46.8   35s
   585   300 159105.129   33   97 158340.789 159542.857  0.76%  55.9   40s
   661   346 158356.874   71   74 158340.789 159542.857  0.76%  60.8   45s
H  761   379                    158483.00223 159539.782  0.67%  65.8   49s
   789   369 159347.558   18  110 158483.002 159534.512  0.66%  64.6   50s
   919   434 158777.175   38   76 158483.002 159534.376  0.66%  69.2   55s
* 1039   459              59    158497.67976 159502.754  0.63%  69.7   58s
  1051   465 159297.590   20  114 158497.680 159502.752  0.63%  71.1   60s
  1173   514 158557.500   49   49 158497.680 159473.670  0.62%  74.1   65s
* 1206   455              66    158618.47203 159473.670  0.54%  72.8   65s
  1403   589 159154.093   27  103 158618.472 159464.008  0.53%  75.0   70s
  1538   702 158712.879   47   45 158618.472 159448.212  0.52%  75.9   75s
  1696   830 158790.792   64   37 158618.472 159445.037  0.52%  76.2   80s
* 1706   583              74    158789.61309 159445.037  0.41%  75.9   80s
  1831   641 158820.176   34   90 158789.613 159402.290  0.39%  78.5   85s
  1953   699 159087.523   22  117 158789.613 159372.036  0.37%  80.1   90s
  2058   740 159135.413   24  100 158789.613 159350.427  0.35%  80.6   95s
H 2148   699                    158831.37879 159349.201  0.33%  81.2  100s
H 2205   719                    158836.34152 159340.343  0.32%  82.3  103s
  2231   727 158946.044   33   98 158836.342 159339.057  0.32%  82.4  105s
H 2257   693                    158856.20503 159337.862  0.30%  82.5  107s
  2287   698 159178.103   20  124 158856.205 159331.883  0.30%  82.8  110s
H 2342   732                    158857.29555 159326.604  0.30%  83.4  113s
  2369   745 158891.557   31   86 158857.296 159324.788  0.29%  83.6  115s
  2519   788 159139.418   22  120 158857.296 159303.768  0.28%  84.5  120s
  2561   801 159197.355   20  117 158857.296 159301.672  0.28%  85.3  125s
  2665   850 158951.015   23   98 158857.296 159296.929  0.28%  85.9  130s
  2811   906 158891.165   33   95 158857.296 159288.222  0.27%  86.4  135s
  2910   934 159039.709   23  119 158857.296 159283.510  0.27%  87.8  141s
  3002   956 158939.950   29   83 158857.296 159274.289  0.26%  88.2  145s
  3104   985 158865.767   31   83 158857.296 159268.784  0.26%  89.0  150s
  3223  1010 158921.833   24  111 158857.296 159257.327  0.25%  89.9  155s
  3342  1056 159010.090   25  106 158857.296 159247.877  0.25%  90.2  160s
  3489  1115 158996.089   27   93 158857.296 159238.767  0.24%  90.8  165s
  3627  1158 159018.429   25  106 158857.296 159233.527  0.24%  91.1  170s
  3730  1177 159123.076   20  122 158857.296 159228.095  0.23%  92.0  175s
  3831  1208 159023.251   30   92 158857.296 159220.750  0.23%  92.2  180s
  3991  1256 158940.301   26  113 158857.296 159215.267  0.23%  92.1  185s
  4128  1296 159005.198   25  113 158857.296 159208.836  0.22%  92.1  190s
  4242  1314 159130.198   21  120 158857.296 159205.606  0.22%  92.6  195s
  4408  1396 158924.278   24   92 158857.296 159200.336  0.22%  92.2  200s
  4462  1416 158934.156   27  107 158857.296 159198.973  0.22%  92.3  205s
  4647  1451 158863.552   29  102 158857.296 159195.017  0.21%  92.1  210s
  4783  1473 158903.401   25  109 158857.296 159190.855  0.21%  92.5  215s
  4930  1507 159128.064   22  107 158857.296 159184.507  0.21%  92.6  220s
  5089  1564 159024.203   22  120 158857.296 159176.004  0.20%  92.4  225s
  5265  1612 158920.125   30   92 158857.296 159170.708  0.20%  92.1  231s
  5352  1627 158950.758   25  100 158857.296 159168.908  0.20%  92.1  235s
  5561  1682 159010.285   29   98 158857.296 159165.008  0.19%  91.8  240s
  5746  1727 159004.254   24  112 158857.296 159158.220  0.19%  91.6  245s
  5893  1742 159084.140   24  108 158857.296 159151.543  0.19%  91.9  250s
  6036  1779 158958.191   28  107 158857.296 159146.676  0.18%  91.8  255s
  6232  1818 158861.534   36   73 158857.296 159142.330  0.18%  91.6  260s
  6283  1825 158964.279   26  108 158857.296 159140.347  0.18%  91.6  266s
  6442  1860 158895.725   25   96 158857.296 159135.791  0.18%  91.3  270s
  6623  1896     cutoff   27      158857.296 159132.132  0.17%  91.1  275s
  6833  1932 159058.915   23  112 158857.296 159126.623  0.17%  90.8  280s
  7017  1965 159062.632   23  112 158857.296 159122.761  0.17%  90.8  285s
  7211  2008 158940.376   22  117 158857.296 159118.482  0.16%  90.6  290s
  7383  2031 158929.072   22  101 158857.296 159114.724  0.16%  90.7  295s
  7504  2047 158869.676   23  102 158857.296 159112.823  0.16%  90.7  300s
  7631  2064 158905.183   29   87 158857.296 159109.150  0.16%  90.7  305s
  7829  2095 158909.950   26  101 158857.296 159106.925  0.16%  90.6  310s
  8034  2119 158908.646   22  103 158857.296 159101.817  0.15%  90.4  315s
  8236  2148 159017.725   27  110 158857.296 159098.852  0.15%  90.1  322s
  8344  2164 158892.440   32   98 158857.296 159097.665  0.15%  90.1  325s
  8536  2194 158962.542   31   83 158857.296 159094.397  0.15%  90.1  330s
  8699  2232 158933.754   25  109 158857.296 159091.015  0.15%  89.9  335s
  8911  2257 158869.341   27   95 158857.296 159086.874  0.14%  89.5  340s
  9098  2281 158939.409   23  118 158857.296 159083.326  0.14%  89.4  345s
  9214  2302 158869.991   25  113 158857.296 159082.038  0.14%  89.2  350s
  9419  2327 158901.813   28   84 158857.296 159078.272  0.14%  88.9  355s
  9630  2358     cutoff   24      158857.296 159076.225  0.14%  88.7  360s
  9835  2373     cutoff   26      158857.296 159072.559  0.14%  88.5  365s
  9997  2396 158916.525   24   94 158857.296 159070.165  0.13%  88.3  370s
 10220  2412 158957.655   21  104 158857.296 159066.670  0.13%  88.0  375s
 10422  2425 158889.992   27  111 158857.296 159063.891  0.13%  88.0  380s
 10597  2435 159014.600   24  104 158857.296 159060.626  0.13%  88.1  385s
 10826  2475 158867.745   37   60 158857.296 159057.494  0.13%  87.8  390s
 11015  2483 158882.615   23  106 158857.296 159055.102  0.12%  87.6  395s
 11203  2481 158902.041   26  101 158857.296 159052.210  0.12%  87.6  400s
 11417  2485 158880.199   28   84 158857.296 159049.617  0.12%  87.4  405s
 11665  2520 158968.494   22   95 158857.296 159047.337  0.12%  87.0  410s
 11882  2548 158881.742   30  107 158857.296 159044.962  0.12%  86.8  415s
 12082  2546 158893.907   21  110 158857.296 159041.818  0.12%  86.6  420s
 12294  2576     cutoff   24      158857.296 159039.010  0.11%  86.4  425s
 12482  2574 158901.151   26  119 158857.296 159036.293  0.11%  86.4  430s
 12693  2571 158861.676   28  101 158857.296 159033.792  0.11%  86.3  435s
 12911  2580 158865.990   28   84 158857.296 159031.616  0.11%  86.1  440s
 13104  2566 158876.023   28  107 158857.296 159028.302  0.11%  86.1  445s
 13331  2556 158863.016   26  100 158857.296 159025.713  0.11%  85.9  450s
 13541  2543 158871.101   25  119 158857.296 159021.657  0.10%  85.8  455s
 13763  2524 158902.342   23  113 158857.296 159019.362  0.10%  85.7  460s
 14009  2517 158859.512   32   85 158857.296 159016.296  0.10%  85.5  465s
 14207  2499 158942.197   25  104 158857.296 159013.398  0.10%  85.4  470s
 14410  2496     cutoff   28      158857.296 159011.714  0.10%  85.4  475s
 14617  2506     cutoff   24      158857.296 159009.047  0.10%  85.3  480s
 14712  2505 158884.855   33   79 158857.296 159008.092  0.09%  85.3  485s
 14809  2503 158876.747   27   90 158857.296 159006.816  0.09%  85.2  490s
 15047  2501 158874.768   25   95 158857.296 159004.820  0.09%  85.0  495s
 15249  2472 158878.446   23  111 158857.296 159002.210  0.09%  85.0  500s
 15465  2453 158873.074   28   99 158857.296 159000.010  0.09%  84.9  505s
 15702  2432 158865.920   26  113 158857.296 158997.102  0.09%  84.7  510s
 15885  2409     cutoff   25      158857.296 158995.314  0.09%  84.7  515s
 16092  2399 158950.986   29  108 158857.296 158993.398  0.09%  84.7  520s
 16294  2382 158890.364   26  101 158857.296 158990.782  0.08%  84.7  525s
 16485  2342 158861.113   27  100 158857.296 158987.471  0.08%  84.8  530s
 16755  2337 158861.975   27  105 158857.296 158985.086  0.08%  84.6  535s
 16959  2301 158868.308   32   90 158857.296 158982.463  0.08%  84.5  540s
 17170  2289 158941.059   21  120 158857.296 158980.181  0.08%  84.4  545s
 17392  2271 158878.454   30   98 158857.296 158978.539  0.08%  84.4  550s
 17620  2249 158932.372   28   99 158857.296 158975.861  0.07%  84.3  555s
 17841  2231 158874.628   26  103 158857.296 158973.487  0.07%  84.2  560s
 18066  2199 158929.934   27   96 158857.296 158970.442  0.07%  84.1  565s
 18331  2157     cutoff   30      158857.296 158967.637  0.07%  83.9  570s
 18555  2108     cutoff   27      158857.296 158963.830  0.07%  83.7  575s
 18810  2065     cutoff   34      158857.296 158960.801  0.07%  83.5  580s
 19045  2005 158862.260   28   83 158857.296 158957.653  0.06%  83.4  585s
 19283  1959 158948.880   30   97 158857.296 158955.050  0.06%  83.3  590s
 19555  1909 158892.520   27   86 158857.296 158951.494  0.06%  83.1  595s
 19809  1844     cutoff   33      158857.296 158948.421  0.06%  82.9  600s
 20113  1802     cutoff   31      158857.296 158945.169  0.06%  82.5  605s
 20400  1724     cutoff   29      158857.296 158941.699  0.05%  82.2  610s
 20685  1654     cutoff   29      158857.296 158938.034  0.05%  81.9  615s
 20925  1567 158902.669   28  105 158857.296 158933.569  0.05%  81.7  620s
 21205  1520 158906.763   31   65 158857.296 158930.752  0.05%  81.4  625s
 21508  1453 158903.006   25   96 158857.296 158927.547  0.04%  81.1  630s
 21789  1334     cutoff   31      158857.296 158923.170  0.04%  80.8  635s
 22110  1217     cutoff   28      158857.296 158918.780  0.04%  80.4  640s
 22411  1080 158873.727   34   76 158857.296 158914.475  0.04%  80.1  645s
 22741   911 158865.532   32   92 158857.296 158909.023  0.03%  79.6  650s
 23071   753 158867.352   27   90 158857.296 158903.361  0.03%  79.2  655s
 23446   563     cutoff   31      158857.296 158896.468  0.02%  78.6  660s
 23843   319 158864.321   32   81 158857.296 158886.357  0.02%  77.9  665s

Cutting planes:
  Gomory: 1
  Lift-and-project: 2
  MIR: 341
  Flow cover: 207
  RLT: 12
  Relax-and-lift: 9
  Lazy constraints: 1472

Explored 24259 nodes (1871127 simplex iterations) in 669.12 seconds (865.84 work units)
Thread count was 1 (of 52 available processors)

Solution count 10: 158857 158856 158836 ... 157521

Optimal solution found (tolerance 0.00e+00)
Best objective 1.588572955474e+05, best bound 1.588572955474e+05, gap 0.0000%

User-callback calls 132717, time in user-callback 18.04 sec

CPU time spent in the second stage: 669.12 sec
The LP relaxation bound at the root node: 159728.541313
Termination status of the second stage: OPTIMAL

------------------ end of the second stage -----------------

Total CPU time: 726.33 sec
Percentage optimality gap: 0.00 %
CPU time spent in separating the cuts: 71.37 sec
Number of explored nodes: 24259
Objective value of the returned solution: 158857.295547
Optimal facility locations: [2, 11, 17, 47, 48, 72, 74, 85, 91, 96, 100, 102, 108, 121, 125, 128, 131, 141, 150, 164, 170, 212, 224, 225, 237, 239, 261, 277, 288, 298, 331, 341, 355, 356, 372, 373, 374, 388, 389]

@end of file
