Set parameter TimeLimit to value 7200
Setting B&C+SI: The proposed B&C algorithm based on formulation (16) (equipped with the submodular inequalities).

----------------- start of the first stage -----------------

Iter     Best Incumbent      BestBound     Gap      Time  #VioCuts
1                 0.000     350081.316   100.0       0.2       800
2            147772.121     314952.855    53.1       0.8      1594
3            197830.461     265128.275    25.4       1.8      1555
4            215278.660     238058.281     9.6       3.1      1403
5            215278.660     231241.300     6.9       4.2       924
6            215278.660     228348.880     5.7       5.9       487
7            215278.660     227215.027     5.3       7.2       287
8            215278.660     226682.871     5.0       8.6       152
9            215278.660     226520.439     5.0       9.7        54
10           215278.660     226481.417     4.9      10.9        20
11           215278.660     226458.777     4.9      12.1         5
12           215278.660     226453.917     4.9      13.2         6
13           215278.660     226446.165     4.9      14.4         2
14           215278.660     226444.483     4.9      15.5         0

CPU time spent in the first stage: 17.13 sec
Upper bound returned at the end of the first stage: 226444.483348
Objective value of the optimal solution or the best incumbent at the end of the first stage: 215278.659971
Number of cuts added at the end of the first stage for the initialization of the relaxed MILP problem: 927
Termination status of the first stage: LP Optimal

------------------ end of the first stage ------------------


----------------- start of the second stage ----------------

Gurobi Optimizer version 11.0.1 build v11.0.1rc0 (linux64 - "CentOS Linux 7 (Core)")

CPU model: Intel(R) Xeon(R) Gold 6230R CPU @ 2.10GHz, instruction set [SSE2|AVX|AVX2|AVX512]
Thread count: 52 physical cores, 52 logical processors, using up to 1 threads


Warning: excessive time spent in model updates.
Consider calling update less frequently.

Optimize a model with 1731 rows, 1000 columns and 13205 nonzeros
Model fingerprint: 0xe6537e21
Variable types: 800 continuous, 200 integer (0 binary)
Coefficient statistics:
  Matrix range     [7e-07, 2e+03]
  Objective range  [1e+01, 2e+03]
  Bounds range     [1e+00, 1e+00]
  RHS range        [2e-04, 4e+05]

Loaded user MIP start with objective 215279

Presolve removed 804 rows and 0 columns
Presolve time: 0.03s
Presolved: 927 rows, 1000 columns, 9402 nonzeros
Variable types: 800 continuous, 200 integer (200 binary)

Root relaxation: objective 2.264200e+05, 341 iterations, 0.02 seconds (0.02 work units)

    Nodes    |    Current Node    |     Objective Bounds      |     Work
 Expl Unexpl |  Obj  Depth IntInf | Incumbent    BestBd   Gap | It/Node Time

     0     0 226420.014    0  103 215278.660 226420.014  5.18%     -    0s
     0     0 226410.852    0  106 215278.660 226410.852  5.17%     -    0s
     0     2 226410.789    0  106 215278.660 226410.789  5.17%     -    0s
*   87    84              80    219917.11643 226385.029  2.94%  29.4    0s
*  149   104              55    222371.15948 226383.239  1.80%  36.1    1s
*  426   333              69    222527.56868 226209.969  1.65%  41.7    3s
   560   436 225162.048   18  106 222527.569 226164.049  1.63%  40.9    6s
   566   440 223276.925   30  106 222527.569 225717.340  1.43%  40.4   10s
   574   445 222766.917   61  114 222527.569 225179.706  1.19%  39.9   15s
   631   485 223482.944   39   67 222527.569 225076.143  1.15%  52.5   20s
   784   554 224723.911   14   99 222527.569 225070.829  1.14%  57.7   25s
*  918   529              82    223127.40807 225070.829  0.87%  56.9   27s
   977   550 224958.236   14  111 223127.408 225070.555  0.87%  60.5   30s
  1104   608 224121.224   24   91 223127.408 225068.225  0.87%  66.7   35s
* 1211   567              80    223181.67908 225068.225  0.85%  64.6   36s
  1371   649 223786.343   27   71 223181.679 224895.091  0.77%  68.6   40s
  1560   744 223951.426   24   90 223181.679 224859.085  0.75%  71.1   45s
  1798   854 224547.956   17  108 223181.679 224781.878  0.72%  73.3   50s
  1956   966     cutoff   34      223181.679 224778.928  0.72%  74.5   55s
  2135  1090 223315.157   24   82 223181.679 224726.317  0.69%  76.0   60s
H 2203   973                    223345.91123 224722.750  0.62%  76.1   61s
  2334  1038 223744.376   23   88 223345.911 224689.448  0.60%  76.6   65s
  2454  1108 224014.640   24   68 223345.911 224663.190  0.59%  77.3   70s
H 2506  1083                    223390.19956 224663.190  0.57%  76.9   71s
* 2517   844              57    223556.06011 224663.190  0.50%  76.7   71s
  2588   883 223641.389   27   72 223556.060 224645.903  0.49%  76.9   75s
H 2615   802                    223635.05979 224635.025  0.45%  77.0   76s
H 2669   830                    223636.02996 224632.045  0.45%  77.3   80s
  2725   855 223666.484   31   71 223636.030 224625.353  0.44%  77.8   85s
  2911   904 224016.778   24   84 223636.030 224596.170  0.43%  78.2   90s
  3061   971 224201.715   22   87 223636.030 224570.496  0.42%  79.2   95s
  3239  1050 224232.860   20   96 223636.030 224550.306  0.41%  79.5  100s
  3429  1109 224189.228   20   96 223636.030 224536.330  0.40%  80.5  108s
  3499  1129     cutoff   28      223636.030 224532.217  0.40%  80.5  110s
  3671  1202 224165.463   21  107 223636.030 224517.023  0.39%  80.7  115s
  3870  1283 223674.053   29   83 223636.030 224511.081  0.39%  81.1  120s
  3991  1331 223794.533   25   89 223636.030 224491.210  0.38%  81.2  125s
  4211  1446 223677.885   29   82 223636.030 224484.900  0.38%  81.7  130s
  4434  1518 223994.223   21  102 223636.030 224465.334  0.37%  81.7  135s
  4626  1577 224214.880   23   94 223636.030 224453.412  0.37%  82.0  140s
  4745  1623 224090.784   21   93 223636.030 224448.851  0.36%  81.9  146s
  4865  1659 224375.433   20  102 223636.030 224442.711  0.36%  82.0  150s
  5063  1734 224074.190   21  104 223636.030 224436.195  0.36%  82.3  155s
  5215  1806 223713.250   34   94 223636.030 224428.973  0.35%  82.5  160s
  5433  1875 224086.419   20   96 223636.030 224417.763  0.35%  82.8  165s
  5639  1949 224053.619   20  103 223636.030 224409.484  0.35%  83.0  170s
  5879  2036 223950.161   24  101 223636.030 224396.710  0.34%  83.1  175s
  6097  2094 223947.454   23   78 223636.030 224387.151  0.34%  83.3  180s
  6280  2137 224017.059   24   91 223636.030 224375.125  0.33%  83.4  185s
  6454  2200 224095.851   20  101 223636.030 224365.348  0.33%  83.7  190s
  6708  2268 224000.269   23   95 223636.030 224352.377  0.32%  83.7  195s
  6933  2350 223925.714   27   81 223636.030 224345.057  0.32%  83.7  200s
  7187  2435 224194.886   22   95 223636.030 224335.641  0.31%  83.5  205s
  7360  2480 223727.566   33   83 223636.030 224328.824  0.31%  83.7  210s
  7552  2540 223674.734   27   71 223636.030 224323.838  0.31%  83.4  215s
  7752  2606     cutoff   28      223636.030 224321.412  0.31%  83.3  220s
  7964  2682 223722.410   28   93 223636.030 224314.387  0.30%  83.6  225s
  8185  2725 224000.270   22   96 223636.030 224306.638  0.30%  83.6  231s
  8358  2805 223670.992   28   66 223636.030 224302.769  0.30%  83.9  235s
  8602  2873 223640.774   31   80 223636.030 224294.616  0.29%  84.0  240s
  8831  2945 223686.363   26   73 223636.030 224288.157  0.29%  83.9  245s
  8960  2977 223895.700   20   92 223636.030 224286.425  0.29%  83.8  250s
  9169  3045 223972.344   23   89 223636.030 224278.128  0.29%  83.8  255s
  9418  3111 223659.886   26   79 223636.030 224275.285  0.29%  83.9  260s
  9642  3153 224062.289   21  100 223636.030 224272.030  0.28%  83.9  268s
  9704  3191 223781.740   34   66 223636.030 224271.319  0.28%  83.9  270s
  9969  3252     cutoff   22      223636.030 224264.660  0.28%  83.8  275s
 10194  3314 223682.496   29   78 223636.030 224258.526  0.28%  83.9  280s
 10463  3393 223669.755   30   69 223636.030 224250.376  0.27%  83.9  285s
 10721  3458 223965.014   24  101 223636.030 224243.953  0.27%  83.8  290s
 10943  3507 224009.178   23   99 223636.030 224240.384  0.27%  83.9  295s
 11198  3594 223861.409   22   89 223636.030 224233.988  0.27%  83.9  300s
 11428  3636     cutoff   24      223636.030 224229.403  0.27%  84.0  305s
 11698  3689 223905.920   22  101 223636.030 224223.315  0.26%  84.0  310s
 11947  3755 223694.479   28   79 223636.030 224219.126  0.26%  83.9  315s
 12213  3813 223871.968   22   94 223636.030 224213.743  0.26%  83.8  320s
 12491  3904 223764.556   23   86 223636.030 224209.768  0.26%  83.7  325s
 12669  3947 223905.918   22   88 223636.030 224206.414  0.26%  83.8  330s
 12939  4006 223876.305   22  106 223636.030 224202.122  0.25%  83.8  335s
 13226  4060 223880.007   22   93 223636.030 224198.438  0.25%  83.6  340s
 13482  4129 223862.854   30   86 223636.030 224191.892  0.25%  83.6  345s
 13739  4186 223827.363   26   93 223636.030 224186.096  0.25%  83.6  350s
 13981  4235 223685.076   24   79 223636.030 224179.885  0.24%  83.6  355s
 14233  4287 223654.185   26   81 223636.030 224176.551  0.24%  83.7  360s
 14502  4352 223662.880   23   91 223636.030 224174.285  0.24%  83.6  365s
 14756  4406 223937.112   22   99 223636.030 224167.975  0.24%  83.7  370s
 15007  4463 223698.712   29   79 223636.030 224161.505  0.23%  83.7  375s
 15050  4475 224003.550   25   97 223636.030 224160.991  0.23%  83.7  380s
 15313  4547 223906.757   29   71 223636.030 224157.298  0.23%  83.7  385s
 15557  4587 223945.887   29   84 223636.030 224150.737  0.23%  83.8  390s
 15810  4642 223788.688   25   78 223636.030 224147.538  0.23%  83.7  395s
 16076  4683 224106.730   23  102 223636.030 224145.491  0.23%  83.7  400s
 16367  4747 223812.926   23   84 223636.030 224140.359  0.23%  83.5  405s
 16620  4788 224060.794   26   86 223636.030 224135.930  0.22%  83.5  410s
 16923  4859 224016.266   24   97 223636.030 224133.662  0.22%  83.4  415s
 17184  4908 223770.112   23   77 223636.030 224129.765  0.22%  83.4  420s
 17450  4961 223651.757   30   74 223636.030 224124.659  0.22%  83.3  425s
 17716  5014 223663.990   34   69 223636.030 224119.785  0.22%  83.3  430s
 18006  5057 223925.383   25   83 223636.030 224116.564  0.21%  83.1  435s
 18134  5079 224009.651   20   91 223636.030 224113.082  0.21%  83.1  440s
 18423  5146 223712.237   29   79 223636.030 224108.172  0.21%  83.0  445s
 18695  5201 223960.572   27   96 223636.030 224104.508  0.21%  83.0  450s
 18949  5272 223980.974   27   88 223636.030 224101.648  0.21%  83.0  455s
 19199  5311     cutoff   24      223636.030 224099.787  0.21%  83.0  460s
 19465  5354 223680.157   24   84 223636.030 224096.014  0.21%  83.0  465s
 19709  5396 223847.494   22   86 223636.030 224093.637  0.20%  83.0  470s
 19980  5455     cutoff   26      223636.030 224090.220  0.20%  82.9  475s
 20251  5513 223874.923   23   93 223636.030 224086.784  0.20%  82.9  480s
 20537  5570 223684.169   34   78 223636.030 224083.327  0.20%  82.7  485s
 20841  5626 223777.514   21   88 223636.030 224081.201  0.20%  82.6  490s
 21105  5676 223671.188   30   81 223636.030 224077.041  0.20%  82.6  495s
 21403  5737 223892.423   23   90 223636.030 224073.820  0.20%  82.5  500s
 21684  5796 223979.318   24   79 223636.030 224072.409  0.20%  82.4  505s
 21944  5832 223649.025   24   89 223636.030 224070.061  0.19%  82.4  510s
 22192  5872 223807.242   28   92 223636.030 224068.305  0.19%  82.4  515s
 22457  5934 223638.744   28   79 223636.030 224066.235  0.19%  82.4  520s
 22738  5993 223979.058   24   89 223636.030 224062.291  0.19%  82.4  525s
 23011  6050 223642.370   28   75 223636.030 224060.423  0.19%  82.4  530s
 23322  6094 223695.204   33   82 223636.030 224057.768  0.19%  82.2  535s
 23593  6145 223699.996   31   86 223636.030 224055.101  0.19%  82.1  540s
 23866  6172 223816.572   22   96 223636.030 224052.446  0.19%  82.1  545s
 24135  6208 223909.199   25   80 223636.030 224049.671  0.18%  82.1  550s
 24426  6273 223783.296   28   90 223636.030 224047.099  0.18%  82.0  555s
 24694  6327 223744.868   27   81 223636.030 224044.708  0.18%  82.0  560s
 24970  6373 223938.729   27   84 223636.030 224041.735  0.18%  81.9  565s
 25259  6452 223866.786   26   76 223636.030 224039.739  0.18%  81.8  570s
 25561  6494 223700.598   33   66 223636.030 224037.866  0.18%  81.7  575s
 25878  6542 223980.232   24   91 223636.030 224035.572  0.18%  81.6  580s
 26197  6602 223922.207   22   93 223636.030 224032.915  0.18%  81.4  585s
 26491  6650 223776.677   29   82 223636.030 224030.803  0.18%  81.4  590s
 26778  6686 223726.150   29   79 223636.030 224028.344  0.18%  81.3  595s
 27072  6735 223822.729   22   96 223636.030 224026.692  0.17%  81.3  600s
 27350  6777 223778.207   25   86 223636.030 224025.490  0.17%  81.2  605s
 27674  6845 223643.546   27   85 223636.030 224023.586  0.17%  81.1  610s
 27966  6886 223664.679   26   81 223636.030 224021.168  0.17%  81.1  615s
 28269  6930 223885.272   24   85 223636.030 224019.197  0.17%  80.9  620s
 28588  6976 223666.255   24   97 223636.030 224017.394  0.17%  80.8  625s
 28859  7036 223765.240   23  103 223636.030 224016.141  0.17%  80.8  630s
 29151  7071 223679.686   25   80 223636.030 224014.386  0.17%  80.7  635s
 29444  7124 223762.654   26   86 223636.030 224011.756  0.17%  80.7  640s
 29745  7162 223647.052   25   85 223636.030 224010.058  0.17%  80.6  645s
 30000  7201 223775.194   26   88 223636.030 224008.443  0.17%  80.7  650s
 30281  7234 223815.062   28   82 223636.030 224007.324  0.17%  80.6  655s
 30554  7259 223764.419   27   84 223636.030 224005.925  0.17%  80.7  660s
 30825  7305 223869.928   31   82 223636.030 224004.238  0.16%  80.6  665s
 31122  7332     cutoff   28      223636.030 224002.338  0.16%  80.6  670s
 31415  7377 223814.279   21   94 223636.030 224000.076  0.16%  80.5  675s
 31677  7419 223810.507   23   99 223636.030 223998.505  0.16%  80.5  680s
 31963  7463 223819.589   24   80 223636.030 223997.218  0.16%  80.5  685s
 32180  7495 223971.020   26   88 223636.030 223996.286  0.16%  80.4  690s
 32456  7526     cutoff   25      223636.030 223994.850  0.16%  80.4  695s
 32728  7551 223790.685   21   97 223636.030 223992.816  0.16%  80.4  700s
 33011  7588 223704.177   33   68 223636.030 223990.687  0.16%  80.4  705s
 33309  7625 223752.120   33   72 223636.030 223988.700  0.16%  80.3  710s
 33608  7669 223828.600   28   89 223636.030 223987.161  0.16%  80.3  715s
 33910  7724 223879.607   24   96 223636.030 223985.687  0.16%  80.2  720s
 34204  7759 223682.298   29   86 223636.030 223984.359  0.16%  80.2  725s
 34493  7806 223833.831   25   87 223636.030 223982.860  0.16%  80.1  730s
 34788  7842 223685.428   29   71 223636.030 223981.258  0.15%  80.1  735s
 35066  7859     cutoff   29      223636.030 223979.857  0.15%  80.1  740s
 35370  7899 223892.074   29   75 223636.030 223979.170  0.15%  80.0  745s
 35677  7948 223772.404   29   79 223636.030 223977.849  0.15%  80.0  750s
 36003  7999 223820.209   24   97 223636.030 223976.779  0.15%  79.8  755s
 36304  8040     cutoff   24      223636.030 223975.648  0.15%  79.8  760s
 36567  8076 223723.426   29   71 223636.030 223974.566  0.15%  79.8  765s
 36888  8114 223649.105   27   83 223636.030 223973.241  0.15%  79.7  770s
 37171  8145 223660.053   28   69 223636.030 223971.832  0.15%  79.7  775s
 37474  8176 223857.512   25   83 223636.030 223970.803  0.15%  79.7  780s
 37739  8196     cutoff   30      223636.030 223968.879  0.15%  79.7  785s
 38044  8225 223872.144   28   86 223636.030 223967.130  0.15%  79.6  790s
 38349  8267 223770.346   27   86 223636.030 223966.015  0.15%  79.6  795s
 38668  8298 223714.899   26   97 223636.030 223964.846  0.15%  79.5  800s
 38972  8324 223694.947   31   69 223636.030 223964.025  0.15%  79.5  805s
 39286  8363 223758.749   27   68 223636.030 223962.824  0.15%  79.4  810s
 39572  8387 223797.018   21   93 223636.030 223961.279  0.15%  79.4  815s
 39837  8416 223738.033   32   75 223636.030 223960.133  0.14%  79.4  820s
 39874  8417 223810.499   29   84 223636.030 223960.030  0.14%  79.4  831s
 40066  8432 223755.934   24   76 223636.030 223959.627  0.14%  79.4  835s
 40334  8457 223688.174   25   79 223636.030 223958.440  0.14%  79.4  840s
 40607  8480     cutoff   34      223636.030 223957.543  0.14%  79.4  845s
 40905  8509 223663.128   25   87 223636.030 223956.965  0.14%  79.4  850s
 41101  8524 223841.944   26   82 223636.030 223956.036  0.14%  79.4  855s
 41385  8569 223691.861   30   78 223636.030 223954.880  0.14%  79.3  860s
 41695  8601 223849.500   30   85 223636.030 223953.651  0.14%  79.3  865s
 41965  8610 223852.877   27   90 223636.030 223952.275  0.14%  79.3  870s
 42204  8625 223756.878   22   89 223636.030 223951.596  0.14%  79.4  875s
 42544  8648     cutoff   29      223636.030 223950.521  0.14%  79.3  880s
 42840  8666 223816.234   25   93 223636.030 223949.385  0.14%  79.3  885s
 43002  8687 223854.570   30   85 223636.030 223948.570  0.14%  79.3  890s
 43279  8711 223835.672   25   93 223636.030 223947.379  0.14%  79.3  895s
 43579  8731 223666.744   27   79 223636.030 223946.519  0.14%  79.3  900s
 43878  8755 223716.305   26   86 223636.030 223945.589  0.14%  79.2  905s
 44155  8776 223666.817   28   77 223636.030 223944.617  0.14%  79.2  910s
 44472  8810 223774.309   27   81 223636.030 223943.514  0.14%  79.2  915s
 44724  8830 223648.059   34   60 223636.030 223942.479  0.14%  79.2  920s
 45042  8850 223872.055   24   80 223636.030 223941.238  0.14%  79.2  925s
 45388  8883 223852.948   28   85 223636.030 223939.977  0.14%  79.1  930s
 45682  8909 223653.785   28   76 223636.030 223938.979  0.14%  79.1  935s
 46008  8941 223827.192   27   83 223636.030 223937.585  0.13%  79.0  940s
 46332  8984 223663.872   34   78 223636.030 223936.256  0.13%  78.9  945s
 46647  9011 223800.267   25   92 223636.030 223934.992  0.13%  78.9  950s
 46932  9033     cutoff   31      223636.030 223933.842  0.13%  78.8  955s
 47254  9053 223648.273   31   72 223636.030 223932.722  0.13%  78.8  960s
 47560  9088 223819.896   24   76 223636.030 223931.609  0.13%  78.7  965s
 47918  9115 223674.062   23   94 223636.030 223930.837  0.13%  78.6  970s
 48190  9139 223690.161   28   74 223636.030 223930.171  0.13%  78.6  975s
 48480  9164 223663.840   28   87 223636.030 223929.337  0.13%  78.5  980s
 48741  9167 223808.276   25   84 223636.030 223928.117  0.13%  78.5  985s
 49034  9186 223682.698   30   65 223636.030 223927.005  0.13%  78.5  990s
 49324  9204 223896.484   24   95 223636.030 223926.148  0.13%  78.5  995s
 49645  9215 223656.507   26   96 223636.030 223925.216  0.13%  78.5 1000s
 49837  9230 223813.434   22   83 223636.030 223924.529  0.13%  78.5 1006s
 50071  9254 223824.324   24   95 223636.030 223923.892  0.13%  78.4 1010s
 50368  9265 223786.573   27   80 223636.030 223922.879  0.13%  78.4 1015s
 50700  9278 223823.911   22   91 223636.030 223921.786  0.13%  78.4 1020s
 51005  9294     cutoff   28      223636.030 223920.973  0.13%  78.3 1025s
 51279  9299     cutoff   33      223636.030 223919.651  0.13%  78.3 1030s
 51605  9308 223798.774   26   80 223636.030 223918.643  0.13%  78.3 1035s
 51898  9313 223775.671   24   76 223636.030 223917.596  0.13%  78.3 1040s
 52213  9337 223696.762   29   80 223636.030 223916.839  0.13%  78.2 1045s
 52556  9360 223829.990   29   85 223636.030 223915.925  0.13%  78.1 1050s
 52863  9371 223837.387   27   75 223636.030 223915.190  0.12%  78.1 1055s
 53170  9380 223736.375   26   85 223636.030 223914.168  0.12%  78.0 1060s
 53514  9398 223652.198   24  103 223636.030 223912.851  0.12%  78.0 1065s
 53821  9407 223653.208   33   70 223636.030 223911.806  0.12%  77.9 1070s
 54141  9419 223805.956   28   81 223636.030 223910.912  0.12%  77.9 1075s
 54421  9433 223636.524   30   74 223636.030 223910.135  0.12%  77.9 1080s
 54705  9448 223838.426   29   77 223636.030 223909.071  0.12%  77.9 1085s
 55044  9479     cutoff   31      223636.030 223908.175  0.12%  77.8 1090s
 55350  9487 223838.350   24   87 223636.030 223907.066  0.12%  77.8 1095s
 55639  9488 223887.482   26   81 223636.030 223906.140  0.12%  77.8 1100s
 55921  9499     cutoff   27      223636.030 223905.254  0.12%  77.8 1105s
 56248  9511 223745.947   28   88 223636.030 223903.913  0.12%  77.7 1110s
 56530  9504 223871.045   25   92 223636.030 223903.021  0.12%  77.7 1115s
 56859  9514     cutoff   26      223636.030 223902.127  0.12%  77.7 1120s
 57179  9527 223852.640   23   84 223636.030 223901.149  0.12%  77.6 1125s
 57478  9539 223653.848   27   79 223636.030 223900.433  0.12%  77.6 1130s
 57780  9551 223700.613   26   84 223636.030 223899.596  0.12%  77.6 1136s
 58004  9565 223825.735   31   84 223636.030 223898.867  0.12%  77.6 1140s
 58305  9575 223652.753   24   60 223636.030 223898.011  0.12%  77.5 1145s
 58634  9581 223796.958   27   81 223636.030 223896.776  0.12%  77.5 1150s
 58957  9579     cutoff   33      223636.030 223896.019  0.12%  77.4 1155s
 59227  9582 223819.404   27   78 223636.030 223895.052  0.12%  77.5 1160s
 59556  9589 223740.967   25   84 223636.030 223893.933  0.12%  77.4 1165s
 59895  9605 223843.465   24   77 223636.030 223892.853  0.11%  77.3 1170s
 60153  9604 223701.502   31   77 223636.030 223891.970  0.11%  77.4 1175s
 60499  9618 223740.977   28   75 223636.030 223891.190  0.11%  77.3 1180s
 60833  9606 223721.512   30   87 223636.030 223890.418  0.11%  77.3 1185s
 61142  9606 223814.796   26   87 223636.030 223889.586  0.11%  77.2 1190s
 61448  9603 223729.671   28   85 223636.030 223888.646  0.11%  77.2 1195s
 61708  9603     cutoff   30      223636.030 223887.898  0.11%  77.2 1200s
 61975  9604 223785.078   29   81 223636.030 223887.351  0.11%  77.2 1205s
 62262  9605 223670.200   29   82 223636.030 223886.782  0.11%  77.1 1210s
 62574  9603 223798.948   24   89 223636.030 223885.965  0.11%  77.1 1215s
 62880  9604     cutoff   30      223636.030 223885.163  0.11%  77.1 1220s
 63169  9595 223639.705   35   69 223636.030 223884.229  0.11%  77.1 1225s
 63461  9577 223697.024   27   77 223636.030 223883.300  0.11%  77.1 1230s
 63744  9584 223865.545   30   82 223636.030 223882.351  0.11%  77.1 1235s
 64022  9584 223736.888   29   80 223636.030 223881.376  0.11%  77.1 1240s
 64303  9569 223815.624   26   97 223636.030 223880.445  0.11%  77.1 1245s
 64589  9554 223785.917   28   74 223636.030 223879.518  0.11%  77.1 1250s
 64872  9536 223737.170   28   78 223636.030 223878.459  0.11%  77.1 1255s
 65105  9527 223720.096   29   76 223636.030 223877.753  0.11%  77.1 1262s
 65259  9524 223717.026   26   89 223636.030 223877.487  0.11%  77.1 1265s
 65526  9506 223724.998   31   75 223636.030 223876.572  0.11%  77.2 1270s
 65844  9494 223801.385   25   85 223636.030 223875.690  0.11%  77.1 1275s
 66133  9471 223708.241   24   80 223636.030 223874.552  0.11%  77.1 1280s
 66450  9470     cutoff   35      223636.030 223873.643  0.11%  77.1 1285s
 66596  9475 223656.480   31   77 223636.030 223873.173  0.11%  77.1 1294s
 66624  9473     cutoff   32      223636.030 223873.067  0.11%  77.1 1295s
 66922  9469     cutoff   32      223636.030 223872.401  0.11%  77.1 1300s
 67193  9467 223692.843   28   66 223636.030 223871.842  0.11%  77.1 1305s
 67471  9456     cutoff   25      223636.030 223870.878  0.11%  77.1 1310s
 67780  9455 223660.022   24   75 223636.030 223869.894  0.10%  77.1 1315s
 68084  9440 223682.428   29   85 223636.030 223869.015  0.10%  77.1 1320s
 68389  9429 223649.297   31   72 223636.030 223868.145  0.10%  77.0 1325s
 68679  9411 223752.651   27   79 223636.030 223867.470  0.10%  77.0 1330s
 68945  9398 223706.987   25   82 223636.030 223866.429  0.10%  77.1 1335s
 69245  9392 223743.925   25   77 223636.030 223865.502  0.10%  77.0 1340s
 69519  9376     cutoff   25      223636.030 223864.542  0.10%  77.1 1345s
 69804  9377 223750.178   29   73 223636.030 223863.772  0.10%  77.1 1350s
 70067  9366 223717.249   31   80 223636.030 223863.086  0.10%  77.1 1355s
 70365  9368 223643.168   34   53 223636.030 223862.096  0.10%  77.1 1360s
 70698  9348     cutoff   32      223636.030 223861.190  0.10%  77.0 1365s
 70992  9337 223694.081   27   78 223636.030 223860.762  0.10%  77.0 1370s
 71155  9332 223742.004   25   97 223636.030 223860.438  0.10%  77.0 1375s
 71441  9309 223636.914   26   75 223636.030 223859.262  0.10%  77.1 1380s
 71725  9293 223805.603   24   88 223636.030 223858.173  0.10%  77.0 1385s
 72012  9285 223712.388   28   81 223636.030 223857.283  0.10%  77.1 1390s
 72349  9280 223770.662   28   81 223636.030 223856.269  0.10%  77.0 1395s
 72603  9258 223680.570   24   90 223636.030 223855.502  0.10%  77.1 1400s
 72903  9235 223798.690   26   67 223636.030 223854.557  0.10%  77.1 1405s
 73207  9220 223655.723   27   92 223636.030 223853.805  0.10%  77.1 1410s
 73479  9203 223705.130   24   99 223636.030 223853.061  0.10%  77.1 1415s
 73762  9180 223675.033   28   87 223636.030 223852.337  0.10%  77.1 1420s
 74026  9146 223720.982   29   72 223636.030 223851.469  0.10%  77.1 1425s
 74329  9134 223784.372   26   80 223636.030 223850.690  0.10%  77.1 1430s
 74614  9114 223756.814   28   87 223636.030 223849.588  0.10%  77.1 1435s
 74895  9097 223747.911   27   77 223636.030 223848.930  0.10%  77.1 1440s
 75202  9083 223673.227   31   87 223636.030 223848.292  0.09%  77.1 1445s
 75473  9059 223714.881   32   79 223636.030 223847.392  0.09%  77.1 1450s
 75759  9020 223709.720   28   80 223636.030 223846.466  0.09%  77.1 1455s
 76065  9005 223646.739   31   64 223636.030 223845.731  0.09%  77.1 1460s
 76356  8965 223743.731   25   83 223636.030 223845.006  0.09%  77.1 1465s
 76667  8936     cutoff   29      223636.030 223844.094  0.09%  77.1 1470s
 76915  8904 223655.531   24   82 223636.030 223843.164  0.09%  77.2 1475s
 77190  8871 223669.287   27   98 223636.030 223842.418  0.09%  77.2 1480s
 77501  8845 223654.173   26   92 223636.030 223841.444  0.09%  77.2 1485s
 77793  8813 223669.513   23   89 223636.030 223840.506  0.09%  77.2 1490s
 78060  8779 223691.889   27   82 223636.030 223839.439  0.09%  77.2 1495s
 78352  8744 223746.670   24   78 223636.030 223838.212  0.09%  77.2 1500s
 78647  8711     cutoff   31      223636.030 223837.365  0.09%  77.2 1505s
 78942  8671 223675.724   26   93 223636.030 223836.261  0.09%  77.2 1510s
 79229  8630 223699.464   30   66 223636.030 223835.409  0.09%  77.2 1515s
 79518  8604     cutoff   27      223636.030 223834.766  0.09%  77.2 1520s
 79806  8569 223659.241   30   96 223636.030 223833.704  0.09%  77.2 1525s
 80088  8542 223782.644   27   74 223636.030 223832.803  0.09%  77.2 1530s
 80393  8517 223791.464   24   91 223636.030 223831.994  0.09%  77.2 1535s
 80701  8486     cutoff   34      223636.030 223831.282  0.09%  77.2 1540s
 80960  8449 223655.010   25   77 223636.030 223830.528  0.09%  77.2 1545s
 81219  8417 223680.422   24   95 223636.030 223830.001  0.09%  77.2 1552s
 81350  8392 223711.499   29   58 223636.030 223829.532  0.09%  77.2 1555s
 81617  8361 223707.961   26   89 223636.030 223828.713  0.09%  77.3 1560s
 81873  8323 223670.543   30   61 223636.030 223827.964  0.09%  77.3 1565s
 82007  8307 223705.278   29   73 223636.030 223827.512  0.09%  77.3 1571s
 82202  8279 223697.528   26   85 223636.030 223826.720  0.09%  77.3 1575s
 82464  8239 223658.650   27   69 223636.030 223825.779  0.08%  77.3 1580s
 82786  8216 223637.652   30   72 223636.030 223824.993  0.08%  77.3 1585s
 83116  8180 223685.131   25   96 223636.030 223824.309  0.08%  77.3 1590s
 83379  8154 223694.920   33   64 223636.030 223823.673  0.08%  77.3 1595s
 83658  8114 223656.343   28   80 223636.030 223822.888  0.08%  77.3 1600s
 83951  8080 223641.635   30   80 223636.030 223821.718  0.08%  77.3 1605s
 84240  8041 223733.731   29   83 223636.030 223820.505  0.08%  77.3 1610s
 84529  8006 223650.738   31   76 223636.030 223819.626  0.08%  77.3 1615s
 84810  7974 223673.208   27  100 223636.030 223818.776  0.08%  77.3 1620s
 85093  7926     cutoff   27      223636.030 223817.947  0.08%  77.3 1625s
 85397  7895 223689.291   27   72 223636.030 223817.174  0.08%  77.3 1630s
 85693  7862 223684.846   27   82 223636.030 223816.213  0.08%  77.3 1635s
 85946  7812 223640.754   31   78 223636.030 223815.260  0.08%  77.3 1640s
 86233  7771 223671.882   30   86 223636.030 223814.228  0.08%  77.3 1645s
 86516  7720 223668.605   29   76 223636.030 223813.086  0.08%  77.3 1650s
 86816  7680 223740.831   29   71 223636.030 223812.187  0.08%  77.3 1655s
 87105  7629     cutoff   29      223636.030 223811.250  0.08%  77.3 1660s
 87381  7583     cutoff   25      223636.030 223810.348  0.08%  77.3 1665s
 87664  7538     cutoff   31      223636.030 223809.214  0.08%  77.3 1670s
 87945  7489 223672.661   25   77 223636.030 223808.384  0.08%  77.4 1678s
 88057  7477 223659.883   29   95 223636.030 223808.127  0.08%  77.3 1680s
 88325  7428     cutoff   30      223636.030 223807.221  0.08%  77.3 1685s
 88611  7367     cutoff   23      223636.030 223805.991  0.08%  77.4 1690s
 88900  7317 223694.041   28   67 223636.030 223804.836  0.08%  77.4 1695s
 89218  7272 223639.497   28   67 223636.030 223803.627  0.07%  77.3 1700s
 89497  7209 223649.805   25   87 223636.030 223802.338  0.07%  77.4 1705s
 89536  7208 223653.458   26   89 223636.030 223802.251  0.07%  77.4 1719s
 89569  7200 223742.192   29   58 223636.030 223802.164  0.07%  77.4 1720s
 89875  7155 223668.432   33   74 223636.030 223801.203  0.07%  77.3 1725s
 90170  7081 223661.428   28   85 223636.030 223800.013  0.07%  77.3 1730s
 90452  7030     cutoff   28      223636.030 223798.939  0.07%  77.4 1735s
 90772  6990 223698.983   26   63 223636.030 223797.985  0.07%  77.3 1740s
 91056  6928     cutoff   31      223636.030 223796.852  0.07%  77.3 1745s
 91364  6876 223637.398   24   85 223636.030 223795.893  0.07%  77.3 1750s
 91664  6821     cutoff   26      223636.030 223794.789  0.07%  77.3 1755s
 91957  6751 223673.285   28   80 223636.030 223793.577  0.07%  77.3 1760s
 92256  6684 223654.503   27   92 223636.030 223792.592  0.07%  77.3 1765s
 92579  6629 223643.521   27   88 223636.030 223791.812  0.07%  77.3 1770s
 92870  6561 223684.122   30   72 223636.030 223790.518  0.07%  77.3 1775s
 93171  6496 223636.075   27   80 223636.030 223789.444  0.07%  77.3 1780s
 93465  6436 223695.374   28   65 223636.030 223788.155  0.07%  77.3 1785s
 93753  6376     cutoff   26      223636.030 223787.234  0.07%  77.3 1790s
 94031  6322 223654.418   28   74 223636.030 223786.181  0.07%  77.3 1795s
 94352  6261     cutoff   25      223636.030 223785.243  0.07%  77.3 1800s
 94643  6184 223666.279   29   68 223636.030 223783.936  0.07%  77.3 1805s
 94942  6114 223677.445   31   72 223636.030 223782.873  0.07%  77.3 1810s
 95253  6053 223650.913   29   74 223636.030 223781.673  0.07%  77.3 1815s
 95545  5975 223648.482   30   82 223636.030 223780.510  0.06%  77.3 1820s
 95861  5892 223651.586   28   62 223636.030 223779.143  0.06%  77.3 1825s
 96170  5814 223656.183   30   76 223636.030 223777.943  0.06%  77.3 1830s
 96462  5746     cutoff   25      223636.030 223776.673  0.06%  77.3 1835s
 96762  5658 223688.689   24   86 223636.030 223775.242  0.06%  77.3 1840s
 97051  5579     cutoff   33      223636.030 223774.033  0.06%  77.3 1845s
 97361  5494 223643.749   28   82 223636.030 223772.786  0.06%  77.3 1850s
 97674  5394     cutoff   29      223636.030 223771.401  0.06%  77.3 1855s
 97691  5387 223662.308   32   75 223636.030 223771.256  0.06%  77.3 1860s
 97951  5316     cutoff   28      223636.030 223769.895  0.06%  77.3 1865s
 98266  5231     cutoff   33      223636.030 223768.449  0.06%  77.3 1870s
 98600  5131     cutoff   33      223636.030 223766.983  0.06%  77.2 1875s
 98951  5055 223659.118   28   85 223636.030 223765.906  0.06%  77.2 1880s
 99278  4957 223688.287   29   81 223636.030 223764.125  0.06%  77.2 1885s
 99608  4854 223674.065   33   72 223636.030 223762.645  0.06%  77.1 1890s
 99927  4755 223655.580   27   87 223636.030 223760.823  0.06%  77.1 1895s
 100240  4655     cutoff   31      223636.030 223759.257  0.06%  77.1 1900s
 100565  4555 223685.831   34   54 223636.030 223757.633  0.05%  77.1 1905s
 100885  4466 223649.467   28   66 223636.030 223756.384  0.05%  77.1 1910s
 101174  4357     cutoff   31      223636.030 223754.949  0.05%  77.1 1915s
 101499  4243     cutoff   28      223636.030 223753.254  0.05%  77.1 1920s
 101813  4127 223685.665   24   94 223636.030 223751.074  0.05%  77.0 1925s
 102147  4006     cutoff   24      223636.030 223749.207  0.05%  77.0 1930s
 102471  3868 223685.636   32   73 223636.030 223747.368  0.05%  77.0 1935s
 102796  3743     cutoff   29      223636.030 223745.428  0.05%  77.0 1940s
 103128  3599     cutoff   29      223636.030 223743.166  0.05%  77.0 1945s
 103437  3465     cutoff   29      223636.030 223740.885  0.05%  77.0 1950s
 103753  3341 223701.043   27   84 223636.030 223738.625  0.05%  76.9 1955s
 104099  3190 223685.219   28   81 223636.030 223735.865  0.04%  76.9 1960s
 104445  3027 223691.221   26   69 223636.030 223732.907  0.04%  76.9 1965s
 104802  2874     cutoff   32      223636.030 223730.053  0.04%  76.8 1970s
 105162  2667 223643.212   29   77 223636.030 223726.227  0.04%  76.8 1975s
 105523  2477 223656.313   28   75 223636.030 223722.452  0.04%  76.7 1980s
 105865  2272     cutoff   28      223636.030 223718.202  0.04%  76.7 1985s
 106233  2054 223683.557   28   83 223636.030 223713.573  0.03%  76.6 1990s
 106621  1803 223647.167   28   84 223636.030 223708.044  0.03%  76.6 1995s
 107047  1484     cutoff   27      223636.030 223700.691  0.03%  76.5 2000s
 107490  1140 223638.378   28   79 223636.030 223690.213  0.02%  76.3 2005s
 108021   668     cutoff   29      223636.030 223671.939  0.02%  76.1 2010s

Cutting planes:
  Gomory: 4
  Implied bound: 1
  MIR: 844
  Flow cover: 704
  RLT: 36
  Relax-and-lift: 24
  Lazy constraints: 1016

Explored 108707 nodes (8239926 simplex iterations) in 2014.56 seconds (2541.16 work units)
Thread count was 1 (of 52 available processors)

Solution count 10: 223636 223635 223556 ... 219917

Optimal solution found (tolerance 0.00e+00)
Best objective 2.236360299563e+05, best bound 2.236360299563e+05, gap 0.0000%

User-callback calls 476418, time in user-callback 1.92 sec

CPU time spent in the second stage: 2014.56 sec
The LP relaxation bound at the root node: 226410.788980
Termination status of the second stage: OPTIMAL

------------------ end of the second stage -----------------

Total CPU time: 2030.05 sec
Percentage optimality gap: 0.00 %
CPU time spent in separating the cuts: 12.69 sec
Number of explored nodes: 108707
Objective value of the returned solution: 223636.029956
Optimal facility locations: [10, 16, 27, 28, 31, 38, 44, 53, 54, 56, 59, 64, 66, 77, 81, 83, 95, 100, 109, 113, 116, 121, 126, 128, 129, 130, 131, 147, 163, 168, 170, 185, 188, 191, 196]

@end of file
