Set parameter TimeLimit to value 7200
Setting B&C+SI: The proposed B&C algorithm based on formulation (16) (equipped with the submodular inequalities).

----------------- start of the first stage -----------------

Iter     Best Incumbent      BestBound     Gap      Time  #VioCuts
1                 0.000     347537.131   100.0       0.2       800
2            145477.867     298783.424    51.3       1.3      1586
3            173973.124     235272.127    26.1       2.5      1571
4            184146.376     209054.833    11.9       3.9      1409
5            186337.012     201890.298     7.7       5.3       898
6            186337.012     198964.077     6.3       7.3       607
7            186337.012     197832.801     5.8       9.6       330
8            186337.012     197059.138     5.4      11.3       196
9            186337.012     196697.788     5.3      13.1       126
10           186337.012     196506.418     5.2      14.8        57
11           186337.012     196422.713     5.1      16.5        39
12           186337.012     196381.529     5.1      18.1        27
13           186337.012     196328.055     5.1      19.8        17
14           186337.012     196321.844     5.1      21.3         6
15           186337.012     196319.381     5.1      23.1         0

CPU time spent in the first stage: 25.24 sec
Upper bound returned at the end of the first stage: 196319.380615
Objective value of the optimal solution or the best incumbent at the end of the first stage: 186337.011654
Number of cuts added at the end of the first stage for the initialization of the relaxed MILP problem: 950
Termination status of the first stage: LP Optimal

------------------ end of the first stage ------------------


----------------- start of the second stage ----------------

Gurobi Optimizer version 11.0.1 build v11.0.1rc0 (linux64 - "CentOS Linux 7 (Core)")

CPU model: Intel(R) Xeon(R) Gold 6230R CPU @ 2.10GHz, instruction set [SSE2|AVX|AVX2|AVX512]
Thread count: 52 physical cores, 52 logical processors, using up to 1 threads


Warning: excessive time spent in model updates.
Consider calling update less frequently.

Optimize a model with 1755 rows, 1100 columns and 17689 nonzeros
Model fingerprint: 0xb6879f30
Variable types: 800 continuous, 300 integer (0 binary)
Coefficient statistics:
  Matrix range     [1e-05, 2e+03]
  Objective range  [1e+01, 2e+03]
  Bounds range     [1e+00, 1e+00]
  RHS range        [3e-04, 4e+05]

Loaded user MIP start with objective 186337

Presolve removed 804 rows and 0 columns
Presolve time: 0.04s
Presolved: 951 rows, 1100 columns, 12489 nonzeros
Variable types: 800 continuous, 300 integer (300 binary)

Root relaxation: objective 1.962930e+05, 384 iterations, 0.02 seconds (0.03 work units)

    Nodes    |    Current Node    |     Objective Bounds      |     Work
 Expl Unexpl |  Obj  Depth IntInf | Incumbent    BestBd   Gap | It/Node Time

     0     0 196293.003    0  113 186337.012 196293.003  5.34%     -    0s
     0     0 196284.430    0  117 186337.012 196284.430  5.34%     -    0s
     0     2 196284.396    0  117 186337.012 196284.396  5.34%     -    0s
*  100    88              94    189618.43675 196284.396  3.52%  29.8    1s
*  259   193              88    191405.19516 196258.136  2.54%  33.7    2s
*  333   189              67    192296.92234 196255.340  2.06%  33.1    2s
H  378   210                    192960.73389 196234.388  1.70%  35.7    3s
   522   326 195839.003    4  111 192960.734 196196.498  1.68%  35.4    5s
   551   353 194804.230   46  122 192960.734 196196.498  1.68%  36.2   10s
   558   358 193720.870   46  128 192960.734 195320.725  1.22%  35.7   15s
   568   366 194768.865   23  124 192960.734 195235.076  1.18%  41.2   21s
   585   379 194967.228   29  114 192960.734 195159.273  1.14%  47.3   25s
   638   415 194115.723   55   76 192960.734 195159.273  1.14%  51.3   30s
   821   498 193769.387   62   78 192960.734 195097.974  1.11%  54.7   35s
  1019   586 194527.451   34  105 192960.734 194952.674  1.03%  57.7   40s
  1230   700 194816.714   28  124 192960.734 194949.149  1.03%  61.3   45s
  1360   776 193683.166   50   89 192960.734 194910.886  1.01%  65.7   50s
  1646   890 194537.133   32  113 192960.734 194894.415  1.00%  64.5   55s
  1847  1051 194066.110   44   85 192960.734 194883.775  1.00%  65.1   60s
  2120  1286 193899.322   41   83 192960.734 194858.243  0.98%  65.2   65s
H 2276  1356                    193037.98532 194857.969  0.94%  64.9   68s
H 2302  1340                    193068.36484 194847.839  0.92%  65.2   68s
  2310  1350 194173.352   43   98 193068.365 194847.839  0.92%  65.3   70s
  2395  1427 193260.808   57   54 193068.365 194847.552  0.92%  65.6   76s
  2624  1605 193125.263  105    8 193068.365 194831.802  0.91%  64.1   80s
  2807  1732 194543.107   39  113 193068.365 194798.515  0.90%  64.8   85s
  3008  1865 193820.193   47   90 193068.365 194772.074  0.88%  65.3   90s
  3227  2025 194172.866   38   99 193068.365 194740.370  0.87%  65.3   95s
H 3235  1746                    193220.49433 194740.370  0.79%  65.3   96s
  3366  1849 193649.271   43  112 193220.494 194727.462  0.78%  66.0  100s
  3526  1962 194313.161   31  120 193220.494 194711.635  0.77%  66.7  105s
  3704  2072 194440.673   36  111 193220.494 194692.683  0.76%  67.7  110s
H 3718  2080                    193222.86695 194692.683  0.76%  67.7  111s
  3833  2136 193851.175   44  105 193222.867 194687.473  0.76%  68.3  115s
  4004  2257 194389.814   36   98 193222.867 194682.907  0.76%  68.8  120s
  4200  2378 194025.195   35  112 193222.867 194664.692  0.75%  69.3  125s
  4381  2503 193583.326   47   88 193222.867 194658.884  0.74%  69.6  130s
  4500  2575 193664.605   50   96 193222.867 194647.286  0.74%  69.8  135s
  4675  2696 194240.355   37  103 193222.867 194627.047  0.73%  69.8  140s
  4894  2838 193291.258   47   85 193222.867 194609.777  0.72%  69.7  145s
  5125  2985 193933.812   39   92 193222.867 194598.235  0.71%  69.4  150s
  5299  3103 193801.029   47  106 193222.867 194591.683  0.71%  69.8  155s
  5438  3207 193628.091   44   98 193222.867 194587.966  0.71%  70.6  160s
  5621  3308 193819.652   43   91 193222.867 194578.763  0.70%  71.1  165s
H 5724  3209                    193297.85170 194574.421  0.66%  71.0  168s
  5774  3248     cutoff   62      193297.852 194572.923  0.66%  71.1  170s
H 5918  2570                    193509.34157 194567.632  0.55%  71.2  175s
  6106  2689 194032.437   41  104 193509.342 194555.626  0.54%  71.4  180s
  6315  2792 194290.504   38   97 193509.342 194546.500  0.54%  71.5  185s
  6538  2905 194208.981   36  103 193509.342 194536.893  0.53%  71.8  190s
  6719  3001 193716.825   46   96 193509.342 194533.421  0.53%  72.2  195s
  6797  3044 194403.068   32  105 193509.342 194527.570  0.53%  72.4  200s
  6931  3127     cutoff   43      193509.342 194524.526  0.52%  72.9  205s
  7081  3212 193651.459   45  101 193509.342 194519.486  0.52%  73.3  210s
H 7266  3168                    193557.00259 194515.498  0.50%  73.7  216s
  7441  3259 194269.031   34  112 193557.003 194508.923  0.49%  73.9  220s
  7640  3364 194076.430   30  119 193557.003 194503.258  0.49%  74.2  225s
  7817  3447 194248.239   36  106 193557.003 194492.931  0.48%  74.3  230s
  7950  3509 193830.758   45  108 193557.003 194489.699  0.48%  74.5  235s
  8160  3609 193952.054   37   94 193557.003 194480.736  0.48%  74.6  240s
  8360  3686 194131.773   36  106 193557.003 194473.151  0.47%  74.7  245s
  8478  3742 194293.438   36  111 193557.003 194470.305  0.47%  74.9  250s
  8607  3809 194132.676   39  110 193557.003 194466.905  0.47%  75.3  255s
  8828  3909 193727.142   46   85 193557.003 194463.418  0.47%  75.3  260s
  8993  3996 193692.131   42  104 193557.003 194461.234  0.47%  75.8  265s
  9113  4054 193859.610   44   94 193557.003 194458.252  0.47%  75.8  270s
  9242  4107 194040.283   40   95 193557.003 194456.785  0.46%  76.1  275s
  9495  4261     cutoff   44      193557.003 194452.639  0.46%  76.2  280s
  9643  4336 193772.380   43  104 193557.003 194448.809  0.46%  76.3  285s
  9879  4441 193586.708   49   74 193557.003 194444.094  0.46%  76.3  290s
 10087  4563 193887.024   42  107 193557.003 194440.250  0.46%  76.5  295s
 10270  4656 193569.940   50   79 193557.003 194435.662  0.45%  76.7  300s
 10371  4702 193591.478   48   96 193557.003 194432.030  0.45%  76.8  305s
 10614  4794     cutoff   49      193557.003 194424.678  0.45%  76.8  310s
 10822  4890 194104.365   35  119 193557.003 194417.576  0.44%  76.9  315s
 11071  4974 194110.584   35  113 193557.003 194413.405  0.44%  76.8  320s
 11295  5098 193987.571   39  102 193557.003 194407.558  0.44%  76.8  325s
 11490  5167 193948.848   43   92 193557.003 194404.339  0.44%  76.9  330s
 11703  5264 193706.816   51   83 193557.003 194401.690  0.44%  76.9  335s
 11914  5336     cutoff   42      193557.003 194395.623  0.43%  77.0  340s
 12103  5418 194128.388   38  115 193557.003 194394.164  0.43%  77.1  345s
 12299  5510 193752.523   48   90 193557.003 194389.523  0.43%  77.3  350s
 12460  5591 193593.178   46   94 193557.003 194387.729  0.43%  77.4  355s
 12693  5691 193887.529   38   99 193557.003 194383.906  0.43%  77.3  360s
 12943  5810 194109.494   36  106 193557.003 194376.419  0.42%  77.1  365s
 13194  5894     cutoff   39      193557.003 194373.073  0.42%  76.9  370s
 13387  6001 193730.964   46   92 193557.003 194367.133  0.42%  77.1  375s
 13624  6083     cutoff   50      193557.003 194363.493  0.42%  77.0  380s
 13800  6156 194214.453   35  117 193557.003 194359.918  0.41%  77.0  386s
 13971  6222 194035.746   38  105 193557.003 194357.587  0.41%  77.0  390s
 14227  6329 193704.096   47   88 193557.003 194352.867  0.41%  76.9  395s
 14475  6441     cutoff   48      193557.003 194349.602  0.41%  76.8  400s
 14585  6478 193582.422   42   73 193557.003 194347.841  0.41%  76.7  411s
 14767  6574 193749.362   44   96 193557.003 194345.881  0.41%  76.6  415s
 14965  6677 193711.130   46   99 193557.003 194342.144  0.41%  76.7  420s
 15197  6771 193940.440   44   82 193557.003 194337.994  0.40%  76.5  425s
 15435  6884 194068.309   37  112 193557.003 194334.334  0.40%  76.5  430s
 15689  6981     cutoff   46      193557.003 194331.057  0.40%  76.3  435s
 15899  7080 193754.259   45   87 193557.003 194329.183  0.40%  76.4  440s
 16118  7173 193749.681   48   96 193557.003 194325.786  0.40%  76.5  445s
 16327  7257 193760.204   40   84 193557.003 194322.367  0.40%  76.5  450s
 16591  7361 194031.103   40   98 193557.003 194320.322  0.39%  76.4  455s
 16755  7434 193788.915   44   97 193557.003 194318.799  0.39%  76.4  460s
 16958  7527 193827.977   38   98 193557.003 194316.542  0.39%  76.4  465s
 17194  7633 193625.255   51   71 193557.003 194313.754  0.39%  76.4  470s
 17399  7716     cutoff   47      193557.003 194310.164  0.39%  76.5  475s
 17620  7808 194142.340   38  107 193557.003 194307.049  0.39%  76.5  480s
 17862  7917 193644.478   54   77 193557.003 194304.786  0.39%  76.4  485s
 18107  7982 193972.997   50   88 193557.003 194300.823  0.38%  76.4  490s
 18341  8082 193567.763   53   64 193557.003 194298.610  0.38%  76.4  495s
 18573  8166 194000.599   41   93 193557.003 194295.137  0.38%  76.4  500s
 18818  8253 193594.086   49   76 193557.003 194293.555  0.38%  76.3  505s
 19033  8343 193968.339   42   91 193557.003 194291.996  0.38%  76.3  510s
 19280  8453     cutoff   46      193557.003 194289.073  0.38%  76.2  515s
 19525  8553 194049.257   41   98 193557.003 194286.082  0.38%  76.1  520s
 19630  8599 193621.384   43   84 193557.003 194284.863  0.38%  76.1  528s
 19691  8623 193803.189   43   91 193557.003 194283.828  0.38%  76.1  530s
 19940  8726 193853.647   38  103 193557.003 194281.765  0.37%  76.0  535s
 20136  8799 193794.495   44   98 193557.003 194279.548  0.37%  76.0  540s
 20365  8896 194058.003   42  100 193557.003 194277.745  0.37%  76.1  545s
 20612  8991 193682.038   44   98 193557.003 194275.543  0.37%  76.1  550s
 20832  9072 193687.633   49   79 193557.003 194273.782  0.37%  76.1  555s
 21083  9148 193849.352   42  102 193557.003 194270.920  0.37%  76.0  560s
 21294  9241 194022.791   40   92 193557.003 194269.321  0.37%  76.1  565s
 21518  9320 193957.791   42   94 193557.003 194267.081  0.37%  76.1  570s
 21751  9403 193866.626   48   89 193557.003 194265.502  0.37%  76.0  575s
 21993  9489 193615.052   49   85 193557.003 194264.015  0.37%  76.0  580s
 22200  9563 193720.676   42  101 193557.003 194262.086  0.36%  76.1  585s
 22436  9648 193968.966   42   96 193557.003 194259.331  0.36%  76.1  590s
 22622  9714 193975.458   35  106 193557.003 194257.965  0.36%  76.2  595s
 22844  9789 193776.898   42   99 193557.003 194256.883  0.36%  76.2  600s
 23052  9877 193804.664   42   87 193557.003 194254.069  0.36%  76.3  605s
 23312  9978 193909.436   38  110 193557.003 194251.720  0.36%  76.1  610s
 23520 10060 193670.482   40  101 193557.003 194249.872  0.36%  76.2  615s
 23788 10142 193631.454   40   91 193557.003 194247.039  0.36%  76.1  620s
 24027 10224 193639.105   41   92 193557.003 194244.520  0.36%  76.1  625s
 24254 10321 193637.576   39   92 193557.003 194242.488  0.35%  76.0  630s
 24519 10412 193600.469   51   93 193557.003 194241.576  0.35%  75.9  635s
 24751 10506     cutoff   48      193557.003 194240.126  0.35%  75.9  640s
 24948 10582 194065.731   42  108 193557.003 194238.818  0.35%  76.0  645s
 25165 10659 193699.169   40   84 193557.003 194236.924  0.35%  76.0  650s
 25386 10730 193619.935   46   98 193557.003 194235.329  0.35%  76.0  655s
 25638 10822 193690.893   49   86 193557.003 194233.620  0.35%  75.9  660s
 25898 10926     cutoff   44      193557.003 194231.264  0.35%  75.9  665s
 26123 11020 193642.879   44   81 193557.003 194228.143  0.35%  75.9  670s
 26373 11106 193992.360   36  105 193557.003 194226.215  0.35%  75.8  675s
 26600 11196 193615.471   44   89 193557.003 194224.188  0.34%  75.8  680s
 26816 11276 193947.995   40  104 193557.003 194221.628  0.34%  75.9  685s
 27003 11340 193832.311   40   97 193557.003 194220.913  0.34%  76.0  690s
 27199 11395 193731.436   47   91 193557.003 194220.024  0.34%  76.0  695s
 27442 11468 193567.413   39   95 193557.003 194218.611  0.34%  76.0  700s
 27650 11547 193858.054   39   97 193557.003 194216.526  0.34%  76.0  705s
 27871 11618 193773.101   43   97 193557.003 194214.825  0.34%  76.0  710s
 28061 11693 193872.706   44   87 193557.003 194213.568  0.34%  76.1  715s
 28294 11774 193569.229   47   79 193557.003 194212.683  0.34%  76.1  720s
 28526 11854 193638.378   55   87 193557.003 194211.730  0.34%  76.1  725s
 28747 11930 193834.755   41  102 193557.003 194210.745  0.34%  76.1  730s
 28987 12009 193615.076   44   98 193557.003 194210.046  0.34%  76.0  735s
 29205 12081 194055.920   35  114 193557.003 194208.557  0.34%  76.0  740s
 29441 12165 193674.893   45   76 193557.003 194207.182  0.34%  76.0  745s
 29664 12246 193714.310   42   90 193557.003 194205.493  0.34%  76.0  750s
 29903 12340 193585.029   50   91 193557.003 194203.685  0.33%  76.0  755s
 30130 12416 193888.400   44   90 193557.003 194202.558  0.33%  76.0  760s
 30383 12493 193675.646   44   90 193557.003 194200.170  0.33%  75.9  765s
 30635 12583 193578.230   46   80 193557.003 194198.626  0.33%  75.9  770s
 30863 12684 193579.491   48   72 193557.003 194197.611  0.33%  75.8  775s
 31071 12766     cutoff   50      193557.003 194196.610  0.33%  75.9  780s
 31299 12837 193802.608   37  104 193557.003 194194.665  0.33%  75.9  785s
 31571 12928 193926.552   36   87 193557.003 194192.687  0.33%  75.8  790s
 31797 13002 193656.349   39  106 193557.003 194191.428  0.33%  75.8  795s
 31986 13078 193824.716   39   99 193557.003 194190.248  0.33%  75.9  800s
 32225 13137 194020.668   37   97 193557.003 194188.965  0.33%  75.9  805s
 32421 13215 193565.256   49   92 193557.003 194187.826  0.33%  75.9  810s
 32683 13292 193569.886   48   92 193557.003 194186.294  0.33%  75.8  815s
 32958 13370 193981.187   39   98 193557.003 194184.508  0.32%  75.8  820s
 33193 13455 193997.051   42   94 193557.003 194182.952  0.32%  75.7  825s
 33449 13548 193563.103   40   95 193557.003 194181.662  0.32%  75.6  830s
 33680 13614 193943.056   39  113 193557.003 194179.527  0.32%  75.7  835s
 33885 13678 193726.637   41   93 193557.003 194178.485  0.32%  75.7  840s
 34117 13766 193800.654   44   98 193557.003 194177.135  0.32%  75.7  845s
 34355 13834 193935.335   40   97 193557.003 194175.923  0.32%  75.7  850s
 34460 13863 194025.908   40  107 193557.003 194174.937  0.32%  75.7  855s
 34679 13941     cutoff   44      193557.003 194173.616  0.32%  75.7  860s
 34905 14020 193699.504   38  105 193557.003 194172.676  0.32%  75.7  865s
 35114 14075 193932.001   38   99 193557.003 194171.773  0.32%  75.7  870s
 35362 14154 194009.969   44   93 193557.003 194170.468  0.32%  75.7  875s
 35625 14250 193730.498   46   81 193557.003 194168.970  0.32%  75.6  880s
 35889 14331 193782.272   39   94 193557.003 194167.603  0.32%  75.6  885s
 36151 14392     cutoff   45      193557.003 194165.431  0.31%  75.5  890s
 36402 14493 193723.383   42   92 193557.003 194163.869  0.31%  75.5  895s
 36656 14564 194069.755   32  116 193557.003 194163.403  0.31%  75.5  900s
 36903 14662 193930.981   42   81 193557.003 194162.330  0.31%  75.4  905s
 37183 14743 193670.328   39   98 193557.003 194161.191  0.31%  75.3  910s
 37415 14820 194020.044   40  100 193557.003 194159.779  0.31%  75.3  915s
 37658 14914 193969.523   38  104 193557.003 194158.458  0.31%  75.3  920s
 37941 14996 193909.766   44   95 193557.003 194157.544  0.31%  75.2  925s
 38159 15066 193588.477   38   90 193557.003 194156.346  0.31%  75.2  930s
 38385 15153     cutoff   43      193557.003 194155.386  0.31%  75.2  935s
 38604 15224     cutoff   43      193557.003 194154.565  0.31%  75.3  940s
 38824 15304 193778.725   47   85 193557.003 194153.432  0.31%  75.3  945s
 39096 15416 193948.930   40   95 193557.003 194151.798  0.31%  75.2  950s
 39327 15500 193860.375   38  111 193557.003 194150.937  0.31%  75.2  955s
 39531 15561 193944.990   37  113 193557.003 194150.275  0.31%  75.2  960s
 39738 15634 193978.241   39  114 193557.003 194149.329  0.31%  75.3  965s
 39946 15720 193798.269   44   85 193557.003 194148.425  0.31%  75.3  970s
 40150 15770 193565.534   39  106 193557.003 194147.300  0.30%  75.3  975s
 40349 15830 193802.276   40   98 193557.003 194146.429  0.30%  75.3  980s
 40584 15888 193783.093   38   96 193557.003 194145.206  0.30%  75.3  985s
 40778 15941 193587.887   42   96 193557.003 194144.388  0.30%  75.3  990s
 40987 15998 193990.522   40   79 193557.003 194143.298  0.30%  75.4  995s
 41260 16072 193912.104   37  104 193557.003 194142.227  0.30%  75.3 1000s
 41532 16151     cutoff   44      193557.003 194141.361  0.30%  75.2 1005s
 41775 16210 193837.031   36  110 193557.003 194139.611  0.30%  75.2 1010s
 41994 16264 193924.416   37  104 193557.003 194138.318  0.30%  75.2 1015s
 42211 16334 193893.656   37  120 193557.003 194137.455  0.30%  75.2 1020s
 42451 16417 193558.650   45   77 193557.003 194136.575  0.30%  75.2 1025s
 42730 16522     cutoff   48      193557.003 194135.290  0.30%  75.1 1030s
 42988 16593 193957.277   41  108 193557.003 194133.520  0.30%  75.1 1035s
 43278 16676 193705.618   40   80 193557.003 194132.198  0.30%  75.0 1040s
 43549 16748     cutoff   46      193557.003 194130.982  0.30%  74.9 1045s
 43799 16820 193595.536   38   91 193557.003 194130.060  0.30%  74.9 1050s
 44058 16892 193657.161   43   97 193557.003 194128.725  0.30%  74.9 1055s
 44219 16944 193571.521   40   89 193557.003 194128.375  0.30%  74.9 1060s
 44469 17015 193686.184   45   91 193557.003 194127.332  0.29%  74.9 1065s
 44738 17070 194069.609   42   93 193557.003 194126.108  0.29%  74.8 1070s
 44972 17149 193686.631   44   90 193557.003 194125.447  0.29%  74.8 1075s
 45165 17210 193851.631   40   95 193557.003 194124.747  0.29%  74.8 1080s
 45461 17289 193641.757   52   87 193557.003 194123.643  0.29%  74.7 1085s
 45732 17379 193578.171   44   91 193557.003 194122.523  0.29%  74.7 1090s
 45964 17441 193827.740   41   98 193557.003 194121.181  0.29%  74.7 1095s
 46218 17521 193959.102   39  102 193557.003 194120.040  0.29%  74.7 1100s
 46472 17568     cutoff   42      193557.003 194118.764  0.29%  74.6 1105s
 46679 17643 193574.832   46   89 193557.003 194117.827  0.29%  74.7 1110s
 46952 17714 193911.933   36   99 193557.003 194116.523  0.29%  74.6 1115s
 47082 17748 193959.879   39  101 193557.003 194115.805  0.29%  74.6 1120s
 47322 17816     cutoff   38      193557.003 194115.099  0.29%  74.6 1125s
 47566 17900 193576.124   49  102 193557.003 194114.006  0.29%  74.6 1130s
 47854 17976 193641.389   45   95 193557.003 194113.049  0.29%  74.5 1135s
 48091 18042 193732.425   35  115 193557.003 194111.809  0.29%  74.5 1140s
 48327 18095 194079.006   41  104 193557.003 194110.719  0.29%  74.5 1145s
 48543 18154 193612.993   46   91 193557.003 194109.936  0.29%  74.5 1150s
 48786 18225 193771.460   37   97 193557.003 194109.188  0.29%  74.5 1155s
 49012 18279 193960.025   38  105 193557.003 194108.060  0.28%  74.5 1160s
 49251 18356 193794.827   36  105 193557.003 194107.269  0.28%  74.4 1165s
 49462 18421 193748.985   34  106 193557.003 194106.519  0.28%  74.5 1170s
 49727 18482 193926.349   38  109 193557.003 194105.064  0.28%  74.4 1175s
 49999 18582 193874.461   43   83 193557.003 194104.225  0.28%  74.4 1180s
 50243 18645 193774.173   37  109 193557.003 194103.436  0.28%  74.3 1185s
 50470 18700 193576.080   34  107 193557.003 194102.146  0.28%  74.4 1190s
 50739 18742 194000.211   36  100 193557.003 194101.426  0.28%  74.3 1195s
 50989 18802 193831.517   43   95 193557.003 194100.414  0.28%  74.3 1200s
 51235 18873     cutoff   43      193557.003 194099.369  0.28%  74.2 1205s
 51475 18937 193594.398   44   94 193557.003 194098.728  0.28%  74.2 1210s
 51718 19014 193589.084   46   87 193557.003 194097.690  0.28%  74.2 1215s
 51990 19081     cutoff   37      193557.003 194096.595  0.28%  74.2 1220s
 52260 19161 193578.639   46   83 193557.003 194095.856  0.28%  74.2 1225s
 52505 19214 193764.431   46   82 193557.003 194094.943  0.28%  74.2 1230s
 52780 19278     cutoff   48      193557.003 194093.965  0.28%  74.1 1235s
 53054 19341 193919.528   38   96 193557.003 194093.132  0.28%  74.1 1240s
 53320 19412 193591.191   44   92 193557.003 194092.025  0.28%  74.0 1245s
 53495 19451 193734.038   45   86 193557.003 194091.397  0.28%  74.0 1250s
 53724 19504 193573.034   42  101 193557.003 194090.879  0.28%  74.0 1255s
 53973 19559 193561.087   53   81 193557.003 194090.245  0.28%  74.0 1260s
 54226 19627 193648.302   43   80 193557.003 194089.211  0.27%  74.0 1265s
 54473 19697 193777.940   49   96 193557.003 194088.132  0.27%  74.0 1270s
 54689 19737 193802.295   37   88 193557.003 194087.739  0.27%  74.0 1275s
 54919 19797 193821.611   42  104 193557.003 194087.218  0.27%  74.0 1280s
 55160 19862 193582.412   48   88 193557.003 194086.580  0.27%  74.0 1285s
 55399 19907 193798.851   45   91 193557.003 194085.688  0.27%  74.0 1290s
 55667 19966 193911.719   36  103 193557.003 194084.729  0.27%  73.9 1295s
 55928 20020 193636.182   50   82 193557.003 194083.997  0.27%  73.9 1300s
 56202 20098 193629.016   50   84 193557.003 194083.261  0.27%  73.9 1305s
 56463 20147 193757.476   41  106 193557.003 194082.298  0.27%  73.8 1310s
 56725 20221 193596.646   47   91 193557.003 194081.541  0.27%  73.8 1315s
 56998 20278 193917.036   46   93 193557.003 194080.820  0.27%  73.8 1320s
 57228 20328 193739.993   38  100 193557.003 194080.248  0.27%  73.8 1325s
 57464 20383 193602.588   49   80 193557.003 194079.515  0.27%  73.7 1334s
 57505 20392 193633.776   41   81 193557.003 194079.258  0.27%  73.7 1335s
 57750 20443 193820.960   36  103 193557.003 194078.264  0.27%  73.7 1340s
 58001 20530 193572.232   49   76 193557.003 194077.753  0.27%  73.7 1345s
 58233 20576 193879.424   38   96 193557.003 194077.360  0.27%  73.7 1350s
 58483 20660 193877.599   42   92 193557.003 194076.784  0.27%  73.7 1355s
 58719 20725 193559.644   35   98 193557.003 194076.230  0.27%  73.7 1360s
 58974 20797 193666.490   43   89 193557.003 194075.599  0.27%  73.6 1365s
 59183 20846 193672.684   45   77 193557.003 194074.896  0.27%  73.6 1370s
 59450 20911 193984.044   41   81 193557.003 194074.484  0.27%  73.6 1375s
 59742 21004 193835.687   44  104 193557.003 194073.934  0.27%  73.5 1380s
 59995 21068 193889.661   43   88 193557.003 194073.335  0.27%  73.5 1385s
 60205 21119 193944.995   38  110 193557.003 194072.758  0.27%  73.5 1390s
 60385 21166 193626.193   49   71 193557.003 194072.106  0.27%  73.5 1395s
 60657 21238 193599.078   44  100 193557.003 194071.291  0.27%  73.5 1400s
 60924 21301 193633.063   44   76 193557.003 194070.218  0.27%  73.5 1405s
 61200 21355 193774.051   42   96 193557.003 194069.603  0.26%  73.4 1410s
 61473 21415 193983.018   42  107 193557.003 194068.998  0.26%  73.4 1415s
 61742 21484 193977.870   38  106 193557.003 194067.880  0.26%  73.4 1420s
 61987 21572 193620.501   50   80 193557.003 194067.142  0.26%  73.3 1425s
 62197 21611 193626.491   45   82 193557.003 194066.499  0.26%  73.3 1430s
 62444 21672 193869.107   37  107 193557.003 194065.518  0.26%  73.3 1435s
 62686 21734 193778.444   35  111 193557.003 194064.759  0.26%  73.3 1440s
 62932 21796 193610.116   42   92 193557.003 194063.985  0.26%  73.3 1445s
 63177 21849 193602.679   45   86 193557.003 194062.965  0.26%  73.2 1450s
 63406 21899 193620.091   44   79 193557.003 194062.092  0.26%  73.2 1455s
 63656 21952 193959.928   43   87 193557.003 194061.501  0.26%  73.2 1460s
 63893 22007 193654.275   37  106 193557.003 194060.857  0.26%  73.2 1465s
 64135 22066 193626.731   45   89 193557.003 194060.243  0.26%  73.2 1470s
 64354 22113 193564.491   42   98 193557.003 194059.402  0.26%  73.2 1475s
 64582 22150 193869.204   38  110 193557.003 194058.216  0.26%  73.2 1480s
 64835 22198     cutoff   48      193557.003 194057.451  0.26%  73.2 1485s
 65065 22250 193577.759   47   84 193557.003 194056.529  0.26%  73.2 1490s
 65299 22302 193924.980   37  104 193557.003 194055.835  0.26%  73.3 1495s
 65434 22335 193718.650   41   95 193557.003 194055.350  0.26%  73.3 1512s
 65546 22363 193838.141   41   88 193557.003 194055.062  0.26%  73.3 1515s
 65687 22401 193907.488   43  108 193557.003 194054.587  0.26%  73.3 1520s
 65909 22450 193606.171   44   96 193557.003 194053.971  0.26%  73.3 1525s
 66145 22487 193668.787   45   83 193557.003 194053.466  0.26%  73.3 1530s
 66401 22558 193589.470   47   86 193557.003 194052.410  0.26%  73.3 1535s
 66662 22602 193591.214   51   84 193557.003 194051.579  0.26%  73.2 1540s
 66901 22644 193586.201   45   86 193557.003 194050.922  0.26%  73.2 1545s
 67163 22684 193717.110   40  103 193557.003 194050.075  0.25%  73.2 1550s
 67376 22723     cutoff   50      193557.003 194049.671  0.25%  73.2 1555s
 67609 22779 193874.007   43   90 193557.003 194049.217  0.25%  73.2 1560s
 67861 22831 193800.674   49   86 193557.003 194048.656  0.25%  73.2 1565s
 68134 22888 193869.681   48   87 193557.003 194047.545  0.25%  73.2 1570s
 68386 22932 193792.024   41   87 193557.003 194047.025  0.25%  73.2 1575s
 68648 22979 193761.369   47   81 193557.003 194046.124  0.25%  73.2 1580s
 68853 23012 193756.175   41   98 193557.003 194045.579  0.25%  73.3 1585s
 69085 23064 193820.746   42   92 193557.003 194044.882  0.25%  73.3 1590s
 69357 23126     cutoff   51      193557.003 194043.946  0.25%  73.2 1595s
 69597 23178 193628.210   44   73 193557.003 194043.316  0.25%  73.2 1600s
 69858 23210     cutoff   44      193557.003 194042.812  0.25%  73.2 1605s
 70091 23263 193902.218   42   90 193557.003 194042.288  0.25%  73.2 1610s
 70343 23327 193797.538   47   93 193557.003 194041.641  0.25%  73.3 1615s
 70516 23347 193575.198   44   85 193557.003 194041.233  0.25%  73.3 1621s
 70664 23372 193734.635   42   93 193557.003 194040.639  0.25%  73.3 1625s
 70907 23429 193801.581   51   87 193557.003 194039.796  0.25%  73.3 1630s
 71126 23471 193782.674   43   92 193557.003 194039.245  0.25%  73.3 1635s
 71361 23521 193826.885   40   86 193557.003 194038.356  0.25%  73.3 1640s
 71623 23572 193568.304   48   70 193557.003 194037.742  0.25%  73.3 1645s
 71838 23611 193822.723   42   90 193557.003 194037.237  0.25%  73.3 1650s
 72088 23664 193898.105   39   90 193557.003 194036.583  0.25%  73.3 1655s
 72320 23712 193695.686   41   98 193557.003 194035.797  0.25%  73.3 1660s
 72448 23726 193846.145   45   88 193557.003 194035.415  0.25%  73.4 1666s
 72645 23761 193837.104   41   85 193557.003 194034.874  0.25%  73.4 1670s
 72886 23800 193822.716   43   78 193557.003 194034.453  0.25%  73.4 1675s
 73123 23870 193560.062   43   80 193557.003 194033.704  0.25%  73.4 1680s
 73372 23905 193644.084   42   87 193557.003 194032.718  0.25%  73.4 1685s
 73595 23935 193884.916   43   97 193557.003 194032.163  0.25%  73.4 1690s
 73844 23992     cutoff   37      193557.003 194031.427  0.25%  73.4 1695s
 74087 24028 193850.275   41  106 193557.003 194030.803  0.24%  73.4 1700s
 74327 24078 193879.542   37  105 193557.003 194030.172  0.24%  73.4 1705s
 74547 24121 193838.638   37  102 193557.003 194029.453  0.24%  73.4 1710s
 74794 24175 193726.133   42   86 193557.003 194028.853  0.24%  73.4 1715s
 75038 24212 193775.095   38  113 193557.003 194027.964  0.24%  73.4 1720s
 75241 24258 193690.322   45   89 193557.003 194027.242  0.24%  73.5 1725s
 75487 24300 193566.982   45   77 193557.003 194026.491  0.24%  73.5 1730s
 75728 24329     cutoff   43      193557.003 194025.961  0.24%  73.5 1735s
 75925 24363 193757.290   46   79 193557.003 194025.406  0.24%  73.5 1740s
 76202 24418 193652.381   40  100 193557.003 194024.856  0.24%  73.5 1745s
 76435 24465 193837.710   45  101 193557.003 194024.412  0.24%  73.5 1750s
 76656 24507 193634.609   41   93 193557.003 194023.958  0.24%  73.5 1755s
 76912 24566 193654.006   42   92 193557.003 194023.459  0.24%  73.5 1760s
 77168 24618 193845.230   39   92 193557.003 194022.782  0.24%  73.5 1765s
 77426 24672 193558.215   50   80 193557.003 194022.289  0.24%  73.5 1770s
 77668 24718 193835.500   35  104 193557.003 194021.818  0.24%  73.5 1775s
 77896 24753 193707.786   45   86 193557.003 194021.224  0.24%  73.5 1780s
 78107 24791 193639.116   43   94 193557.003 194020.617  0.24%  73.5 1785s
 78330 24819 193592.495   39   91 193557.003 194020.078  0.24%  73.5 1790s
 78567 24851 193557.519   46   80 193557.003 194019.771  0.24%  73.5 1795s
 78798 24908     cutoff   50      193557.003 194019.001  0.24%  73.5 1800s
 79060 24947 193663.118   48   88 193557.003 194017.942  0.24%  73.5 1805s
 79335 24976 193706.939   42   84 193557.003 194017.488  0.24%  73.5 1810s
 79584 25021     cutoff   45      193557.003 194016.944  0.24%  73.5 1815s
 79832 25070     cutoff   41      193557.003 194016.349  0.24%  73.5 1820s
 80068 25125 193671.087   35  108 193557.003 194015.682  0.24%  73.5 1825s
 80298 25162 193680.687   44   80 193557.003 194015.191  0.24%  73.5 1830s
 80535 25190 193716.631   36  109 193557.003 194014.776  0.24%  73.5 1835s
 80803 25237 193633.808   45   91 193557.003 194014.151  0.24%  73.5 1840s
 81082 25288 193927.318   40  105 193557.003 194013.720  0.24%  73.5 1845s
 81322 25332 193730.590   45   89 193557.003 194013.120  0.24%  73.5 1850s
 81555 25390 193698.923   42   91 193557.003 194012.532  0.24%  73.5 1855s
 81768 25431 193766.133   41   80 193557.003 194011.966  0.24%  73.5 1860s
 81928 25456 193598.751   48   83 193557.003 194011.634  0.23%  73.6 1865s
 82147 25490 193823.974   40  109 193557.003 194010.974  0.23%  73.6 1870s
 82376 25529 193582.479   47   76 193557.003 194010.485  0.23%  73.6 1875s
 82619 25563 193602.475   53   62 193557.003 194010.002  0.23%  73.6 1880s
 82841 25588 193727.367   42   95 193557.003 194009.501  0.23%  73.6 1885s
 83074 25621 193794.427   42   84 193557.003 194008.972  0.23%  73.6 1890s
 83333 25670 193702.906   37   96 193557.003 194008.377  0.23%  73.6 1895s
 83575 25704 193654.990   47   83 193557.003 194007.781  0.23%  73.6 1900s
 83803 25735 193878.104   44   83 193557.003 194007.444  0.23%  73.6 1905s
 84047 25795 193695.955   43   93 193557.003 194007.012  0.23%  73.6 1910s
 84294 25823     cutoff   50      193557.003 194006.429  0.23%  73.6 1915s
 84546 25847 193785.431   38  105 193557.003 194005.762  0.23%  73.6 1920s
 84782 25884 193577.509   46   89 193557.003 194005.220  0.23%  73.6 1925s
 85024 25929 193671.164   47   86 193557.003 194004.716  0.23%  73.6 1930s
 85254 25967 193901.041   38  107 193557.003 194004.207  0.23%  73.6 1935s
 85506 26013 193573.858   44   99 193557.003 194003.777  0.23%  73.6 1940s
 85694 26032 193807.331   39   98 193557.003 194003.361  0.23%  73.6 1945s
 85930 26080 193729.211   45   90 193557.003 194003.036  0.23%  73.6 1950s
 86175 26109 193562.302   49   87 193557.003 194002.686  0.23%  73.6 1955s
 86421 26134 193596.329   47  100 193557.003 194002.043  0.23%  73.7 1960s
 86657 26171 193561.035   42   99 193557.003 194001.542  0.23%  73.7 1965s
 86874 26217 193758.370   38   94 193557.003 194000.975  0.23%  73.7 1970s
 87113 26242 193561.314   47   90 193557.003 194000.424  0.23%  73.7 1975s
 87310 26268 193759.577   41   87 193557.003 194000.066  0.23%  73.7 1980s
 87573 26300 193760.467   38  104 193557.003 193999.615  0.23%  73.7 1985s
 87818 26339 193666.340   36  100 193557.003 193999.290  0.23%  73.7 1990s
 88053 26363 193846.603   44   87 193557.003 193998.869  0.23%  73.7 1996s
 88209 26388 193753.625   43   88 193557.003 193998.436  0.23%  73.7 2000s
 88461 26424 193653.668   42   92 193557.003 193997.910  0.23%  73.7 2005s
 88695 26449 193568.183   40   97 193557.003 193997.087  0.23%  73.7 2010s
 88931 26478 193787.944   40  101 193557.003 193996.227  0.23%  73.7 2015s
 89155 26519 193758.443   43   92 193557.003 193995.567  0.23%  73.8 2020s
 89370 26547 193790.177   40  103 193557.003 193995.212  0.23%  73.8 2025s
 89420 26553 193594.114   40   78 193557.003 193995.155  0.23%  73.8 2030s
 89616 26575 193681.005   37  101 193557.003 193994.460  0.23%  73.8 2035s
 89839 26600 193733.046   40  112 193557.003 193994.046  0.23%  73.8 2040s
 90083 26625 193754.896   45   97 193557.003 193993.564  0.23%  73.8 2045s
 90308 26657 193779.447   42   99 193557.003 193993.298  0.23%  73.8 2050s
 90533 26693     cutoff   44      193557.003 193992.967  0.23%  73.8 2055s
 90760 26717 193859.803   50   91 193557.003 193992.499  0.22%  73.8 2060s
 91023 26748 193623.952   43   91 193557.003 193991.983  0.22%  73.8 2065s
 91268 26776     cutoff   44      193557.003 193991.623  0.22%  73.8 2070s
 91503 26807 193772.561   34  106 193557.003 193991.260  0.22%  73.8 2075s
 91765 26854 193781.840   34  110 193557.003 193990.463  0.22%  73.8 2080s
 92021 26897 193638.749   44  102 193557.003 193990.021  0.22%  73.8 2085s
 92276 26923 193830.530   41   87 193557.003 193989.500  0.22%  73.8 2090s
 92533 26964 193663.065   43  100 193557.003 193989.047  0.22%  73.8 2095s
 92795 27006 193620.746   40   92 193557.003 193988.642  0.22%  73.8 2100s
 93050 27035 193603.623   45   78 193557.003 193988.259  0.22%  73.8 2105s
 93287 27059 193800.655   35  111 193557.003 193987.834  0.22%  73.8 2110s
 93524 27099     cutoff   47      193557.003 193987.437  0.22%  73.8 2115s
 93751 27132 193841.284   40   85 193557.003 193986.775  0.22%  73.8 2120s
 93988 27173 193627.265   45   82 193557.003 193986.319  0.22%  73.8 2125s
 94220 27192 193595.785   40   98 193557.003 193985.833  0.22%  73.9 2130s
 94468 27216 193646.085   47   96 193557.003 193985.098  0.22%  73.9 2135s
 94698 27231 193592.165   44  111 193557.003 193984.727  0.22%  73.9 2140s
 94922 27269 193615.709   48   88 193557.003 193984.253  0.22%  73.9 2145s
 95160 27308     cutoff   49      193557.003 193983.404  0.22%  73.9 2150s
 95378 27332 193742.480   40  104 193557.003 193982.821  0.22%  73.9 2155s
 95601 27366 193759.024   34  109 193557.003 193982.362  0.22%  73.9 2160s
 95840 27384 193769.586   40   88 193557.003 193981.828  0.22%  73.9 2165s
 96101 27409 193750.999   43  104 193557.003 193981.225  0.22%  73.9 2170s
 96333 27444 193683.774   46   85 193557.003 193980.735  0.22%  73.9 2175s
 96555 27472 193626.607   45   84 193557.003 193980.279  0.22%  73.9 2180s
 96807 27491 193563.930   46   80 193557.003 193979.793  0.22%  73.9 2185s
 97034 27513 193821.895   39  102 193557.003 193979.303  0.22%  74.0 2190s
 97174 27531 193628.912   48   73 193557.003 193978.958  0.22%  74.0 2196s
 97343 27557 193684.312   48   82 193557.003 193978.557  0.22%  74.0 2200s
 97592 27570 193728.896   39   96 193557.003 193978.118  0.22%  74.0 2205s
 97819 27610 193609.514   48   91 193557.003 193977.791  0.22%  74.0 2210s
 98038 27628 193625.344   39   88 193557.003 193977.282  0.22%  74.0 2215s
 98276 27649 193598.651   43   85 193557.003 193976.781  0.22%  74.0 2220s
 98547 27681 193870.362   41   81 193557.003 193976.386  0.22%  74.0 2225s
 98812 27714 193605.713   47   88 193557.003 193976.000  0.22%  74.0 2230s
 99037 27748 193639.130   41   95 193557.003 193975.335  0.22%  74.0 2235s
 99283 27779 193786.463   42   89 193557.003 193974.782  0.22%  74.0 2240s
 99560 27799 193602.478   39   97 193557.003 193974.421  0.22%  74.0 2245s
 99613 27805 193711.131   42   94 193557.003 193974.303  0.22%  74.0 2252s
 99740 27818 193700.104   43   98 193557.003 193974.041  0.22%  74.0 2255s
 99997 27844 193744.066   32  102 193557.003 193973.369  0.22%  74.0 2260s
 100216 27870 193674.224   50   82 193557.003 193973.091  0.21%  74.0 2265s
 100454 27894 193795.980   38   88 193557.003 193972.730  0.21%  74.0 2270s
 100705 27915 193566.366   42   83 193557.003 193972.228  0.21%  74.0 2275s
 100960 27951 193572.667   52   89 193557.003 193971.709  0.21%  74.0 2280s
 101240 27983 193581.544   46   73 193557.003 193971.135  0.21%  74.0 2285s
 101476 27998 193672.111   47   90 193557.003 193970.432  0.21%  74.0 2290s
 101680 28028 193775.429   45   93 193557.003 193969.920  0.21%  74.0 2295s
 101903 28056 193827.082   45   92 193557.003 193969.530  0.21%  74.0 2300s
 102146 28101 193610.385   48   84 193557.003 193968.960  0.21%  74.0 2305s
 102247 28106 193877.639   42   91 193557.003 193968.832  0.21%  74.0 2319s
 102260 28108     cutoff   42      193557.003 193968.803  0.21%  74.0 2320s
 102490 28131 193713.892   47   73 193557.003 193968.317  0.21%  74.0 2325s
 102736 28149 193750.498   40   90 193557.003 193967.744  0.21%  74.0 2330s
 102980 28189     cutoff   46      193557.003 193967.371  0.21%  74.0 2335s
 103222 28230 193854.750   40   82 193557.003 193966.954  0.21%  74.0 2340s
 103483 28248 193656.316   40   97 193557.003 193966.481  0.21%  74.0 2345s
 103732 28263 193807.117   40  100 193557.003 193966.091  0.21%  74.0 2350s
 103942 28292 193770.436   40   86 193557.003 193965.831  0.21%  74.0 2355s
 104189 28320 193607.505   45   82 193557.003 193965.509  0.21%  74.0 2360s
 104423 28350 193737.303   45  108 193557.003 193964.823  0.21%  74.0 2365s
 104636 28370 193810.260   40   97 193557.003 193964.410  0.21%  74.0 2370s
 104899 28389 193801.416   32  111 193557.003 193964.004  0.21%  74.0 2375s
 105156 28419 193720.396   41   99 193557.003 193963.476  0.21%  74.0 2380s
 105364 28452 193664.100   43   96 193557.003 193962.842  0.21%  74.1 2385s
 105628 28486     cutoff   48      193557.003 193962.527  0.21%  74.0 2390s
 105887 28517 193782.844   43   99 193557.003 193962.068  0.21%  74.1 2395s
 106122 28554 193564.511   48   81 193557.003 193961.715  0.21%  74.1 2400s
 106394 28572     cutoff   39      193557.003 193961.304  0.21%  74.0 2405s
 106631 28601 193585.360   49   86 193557.003 193960.871  0.21%  74.0 2410s
 106855 28621 193599.666   46   79 193557.003 193960.453  0.21%  74.0 2415s
 107130 28636 193657.600   48   81 193557.003 193959.828  0.21%  74.0 2420s
 107393 28661     cutoff   37      193557.003 193959.350  0.21%  74.0 2425s
 107583 28682 193776.045   38   88 193557.003 193958.980  0.21%  74.0 2431s
 107758 28705 193657.634   44   82 193557.003 193958.657  0.21%  74.0 2435s
 108006 28724 193763.732   43   92 193557.003 193958.296  0.21%  74.0 2440s
 108237 28735 193857.615   45   87 193557.003 193957.926  0.21%  74.0 2445s
 108484 28767 193870.139   39   93 193557.003 193957.543  0.21%  74.0 2450s
 108726 28804     cutoff   50      193557.003 193957.070  0.21%  74.0 2455s
 108964 28831 193715.941   51   96 193557.003 193956.561  0.21%  74.0 2460s
 109220 28854 193721.309   40  106 193557.003 193955.938  0.21%  74.0 2465s
 109456 28872 193647.134   45   97 193557.003 193955.399  0.21%  74.0 2470s
 109692 28884 193600.402   44   80 193557.003 193954.902  0.21%  74.0 2475s
 109925 28902 193626.015   40   95 193557.003 193954.546  0.21%  74.0 2480s
 110146 28908 193648.492   41   88 193557.003 193954.204  0.21%  74.1 2485s
 110362 28928 193718.530   41   97 193557.003 193953.655  0.20%  74.1 2490s
 110601 28956 193871.874   42   81 193557.003 193953.184  0.20%  74.1 2495s
 110853 28975 193879.683   42   84 193557.003 193952.725  0.20%  74.1 2500s
 111103 29003 193743.677   44  103 193557.003 193952.254  0.20%  74.1 2505s
 111369 29031 193773.978   43   85 193557.003 193951.775  0.20%  74.1 2510s
 111624 29053 193748.245   37   97 193557.003 193951.169  0.20%  74.1 2515s
 111873 29081 193828.426   43   88 193557.003 193950.623  0.20%  74.1 2520s
 112129 29101 193833.185   40   91 193557.003 193950.219  0.20%  74.1 2525s
 112387 29129 193811.360   42  102 193557.003 193949.878  0.20%  74.1 2530s
 112642 29151 193746.404   37   99 193557.003 193949.449  0.20%  74.0 2535s
 112846 29170 193784.042   40   98 193557.003 193949.052  0.20%  74.1 2540s
 113089 29195 193578.869   44   97 193557.003 193948.743  0.20%  74.1 2545s
 113331 29215 193643.983   38  115 193557.003 193948.276  0.20%  74.1 2550s
 113592 29240 193607.274   44   79 193557.003 193947.881  0.20%  74.1 2555s
 113836 29257 193722.061   48   97 193557.003 193947.400  0.20%  74.1 2560s
 114077 29276 193652.578   42   97 193557.003 193946.916  0.20%  74.1 2565s
 114342 29302 193788.187   44   91 193557.003 193946.405  0.20%  74.1 2570s
 114586 29322 193662.836   43  100 193557.003 193946.026  0.20%  74.1 2575s
 114852 29350 193707.070   46   95 193557.003 193945.548  0.20%  74.1 2580s
 115109 29375 193661.204   43   89 193557.003 193945.042  0.20%  74.1 2585s
 115367 29401 193719.809   43  100 193557.003 193944.744  0.20%  74.0 2590s
 115609 29413 193569.586   47   90 193557.003 193944.148  0.20%  74.0 2595s
 115741 29427 193725.962   39   87 193557.003 193943.833  0.20%  74.1 2600s
 115992 29448 193773.981   39   99 193557.003 193943.355  0.20%  74.1 2605s
 116223 29471 193628.848   41   92 193557.003 193943.099  0.20%  74.1 2610s
 116479 29497     cutoff   52      193557.003 193942.576  0.20%  74.1 2615s
 116753 29514 193635.377   47   80 193557.003 193942.084  0.20%  74.0 2620s
 116997 29532 193559.799   41  102 193557.003 193941.676  0.20%  74.0 2625s
 117234 29548 193642.062   40  105 193557.003 193941.351  0.20%  74.1 2630s
 117482 29556 193568.858   42   92 193557.003 193941.103  0.20%  74.1 2635s
 117722 29573 193680.901   42   96 193557.003 193940.662  0.20%  74.1 2640s
 117954 29601 193670.557   44   85 193557.003 193940.121  0.20%  74.1 2645s
 118247 29617 193839.364   42   86 193557.003 193939.522  0.20%  74.0 2650s
 118486 29633 193584.056   48   87 193557.003 193939.170  0.20%  74.0 2655s
 118761 29649 193571.818   41   83 193557.003 193938.804  0.20%  74.0 2660s
 119046 29668 193557.048   49   75 193557.003 193938.287  0.20%  74.0 2665s
 119274 29677 193764.199   45   90 193557.003 193937.901  0.20%  74.0 2670s
 119530 29699 193584.985   43  107 193557.003 193937.694  0.20%  74.0 2675s
 119782 29723 193747.083   45   93 193557.003 193937.166  0.20%  74.0 2680s
 120015 29752     cutoff   45      193557.003 193936.938  0.20%  74.0 2685s
 120245 29772     cutoff   49      193557.003 193936.552  0.20%  74.0 2690s
 120513 29792 193738.407   42  109 193557.003 193936.110  0.20%  74.0 2695s
 120761 29805 193789.218   38   85 193557.003 193935.549  0.20%  74.0 2700s
 120998 29832 193688.200   41   82 193557.003 193935.281  0.20%  74.0 2705s
 121261 29851 193725.583   40  104 193557.003 193934.893  0.20%  74.0 2710s
 121503 29867     cutoff   47      193557.003 193934.483  0.20%  74.0 2715s
 121693 29885 193566.302   39   98 193557.003 193934.115  0.19%  74.0 2722s
 121804 29889 193632.621   54   85 193557.003 193933.989  0.19%  74.0 2725s
 122039 29897 193682.947   51   94 193557.003 193933.579  0.19%  74.0 2730s
 122295 29920 193586.502   41   83 193557.003 193933.254  0.19%  74.0 2735s
 122570 29947 193575.699   51   83 193557.003 193932.845  0.19%  74.0 2740s
 122801 29955     cutoff   45      193557.003 193932.382  0.19%  74.0 2745s
 123037 29980 193597.571   50   86 193557.003 193931.943  0.19%  74.1 2750s
 123285 29995 193691.181   44  106 193557.003 193931.373  0.19%  74.1 2755s
 123524 30003 193582.452   49   80 193557.003 193930.880  0.19%  74.1 2760s
 123763 30009     cutoff   43      193557.003 193930.550  0.19%  74.1 2765s
 124021 30034 193603.301   47   98 193557.003 193930.185  0.19%  74.1 2770s
 124239 30038     cutoff   46      193557.003 193929.759  0.19%  74.1 2775s
 124482 30059 193568.332   41   90 193557.003 193929.359  0.19%  74.1 2780s
 124729 30092 193621.799   47   72 193557.003 193928.965  0.19%  74.1 2785s
 124993 30111 193772.812   41   94 193557.003 193928.495  0.19%  74.1 2790s
 125239 30117 193636.033   45   93 193557.003 193928.145  0.19%  74.1 2795s
 125486 30124 193573.411   44   95 193557.003 193927.730  0.19%  74.1 2800s
 125714 30137 193797.325   42   95 193557.003 193927.530  0.19%  74.1 2805s
 125964 30154     cutoff   43      193557.003 193927.078  0.19%  74.1 2810s
 126200 30171 193696.980   45   79 193557.003 193926.764  0.19%  74.1 2815s
 126425 30189 193700.138   38  107 193557.003 193926.461  0.19%  74.1 2820s
 126674 30208 193561.046   43   83 193557.003 193926.080  0.19%  74.1 2825s
 126928 30225 193714.039   40  100 193557.003 193925.730  0.19%  74.1 2830s
 127167 30240 193626.653   42   95 193557.003 193925.494  0.19%  74.1 2835s
 127399 30260 193581.174   46   83 193557.003 193925.064  0.19%  74.1 2840s
 127649 30270 193732.035   38  103 193557.003 193924.590  0.19%  74.1 2845s
 127852 30272 193599.220   52   82 193557.003 193924.195  0.19%  74.1 2850s
 128112 30287 193632.634   46   78 193557.003 193923.934  0.19%  74.1 2855s
 128360 30299 193736.265   42  105 193557.003 193923.718  0.19%  74.1 2860s
 128592 30307 193709.120   42   88 193557.003 193923.412  0.19%  74.1 2865s
 128835 30330     cutoff   49      193557.003 193923.051  0.19%  74.1 2870s
 129054 30345 193568.022   44  103 193557.003 193922.660  0.19%  74.2 2875s
 129307 30352 193746.293   43   83 193557.003 193922.287  0.19%  74.2 2880s
 129548 30370     cutoff   43      193557.003 193921.832  0.19%  74.2 2885s
 129795 30391 193744.455   42   89 193557.003 193921.477  0.19%  74.2 2890s
 130016 30394 193663.869   45  107 193557.003 193920.887  0.19%  74.2 2895s
 130234 30405 193627.938   47  102 193557.003 193920.561  0.19%  74.2 2900s
 130475 30423 193673.584   38  105 193557.003 193920.107  0.19%  74.2 2905s
 130693 30433 193701.963   43   79 193557.003 193919.680  0.19%  74.2 2910s
 130953 30451 193588.729   45   93 193557.003 193919.256  0.19%  74.2 2915s
 130956 30450 193743.423   41  104 193557.003 193919.254  0.19%  74.2 2931s
 131091 30457 193590.528   41   94 193557.003 193919.083  0.19%  74.2 2935s
 131335 30461     cutoff   46      193557.003 193918.732  0.19%  74.2 2940s
 131577 30468 193557.291   47   81 193557.003 193918.430  0.19%  74.2 2945s
 131737 30476 193598.031   42   97 193557.003 193918.085  0.19%  74.2 2954s
 131743 30476 193714.015   38  105 193557.003 193918.050  0.19%  74.2 2955s
 131986 30498 193712.084   39   85 193557.003 193917.681  0.19%  74.2 2960s
 132230 30515 193679.606   47   78 193557.003 193917.323  0.19%  74.2 2965s
 132487 30518 193768.836   43  100 193557.003 193916.854  0.19%  74.2 2970s
 132721 30529 193572.375   47   88 193557.003 193916.537  0.19%  74.2 2975s
 132974 30537 193671.695   45   91 193557.003 193916.028  0.19%  74.2 2980s
 133196 30540 193581.836   45   90 193557.003 193915.832  0.19%  74.2 2985s
 133434 30545     cutoff   47      193557.003 193915.564  0.19%  74.2 2990s
 133710 30565     cutoff   57      193557.003 193915.117  0.19%  74.2 2995s
 133947 30581 193718.250   43   89 193557.003 193914.702  0.18%  74.2 3000s
 134210 30603 193626.913   49   91 193557.003 193914.337  0.18%  74.2 3005s
 134456 30615 193794.495   49   94 193557.003 193913.878  0.18%  74.2 3010s
 134700 30628 193596.633   46   87 193557.003 193913.641  0.18%  74.2 3015s
 134958 30644     cutoff   43      193557.003 193913.282  0.18%  74.2 3020s
 135202 30657 193599.259   45   80 193557.003 193912.977  0.18%  74.2 3025s
 135403 30665 193576.205   39   98 193557.003 193912.636  0.18%  74.2 3030s
 135660 30673 193695.253   44   86 193557.003 193912.166  0.18%  74.2 3035s
 135886 30679 193709.696   39   88 193557.003 193911.892  0.18%  74.2 3040s
 136120 30678 193673.247   44   96 193557.003 193911.646  0.18%  74.2 3045s
 136371 30681 193704.678   41   94 193557.003 193911.293  0.18%  74.2 3050s
 136497 30692 193659.732   42  107 193557.003 193911.144  0.18%  74.2 3055s
 136735 30694     cutoff   44      193557.003 193910.639  0.18%  74.2 3060s
 136993 30709     cutoff   45      193557.003 193910.271  0.18%  74.2 3065s
 137245 30729 193642.346   48   79 193557.003 193910.039  0.18%  74.2 3070s
 137458 30735 193817.725   41   94 193557.003 193909.762  0.18%  74.2 3075s
 137691 30751 193581.661   45   94 193557.003 193909.309  0.18%  74.2 3080s
 137912 30749     cutoff   45      193557.003 193908.936  0.18%  74.2 3085s
 138134 30762 193631.781   45   89 193557.003 193908.563  0.18%  74.2 3090s
 138364 30768 193623.370   45   95 193557.003 193908.205  0.18%  74.2 3095s
 138592 30773 193731.835   48   88 193557.003 193907.907  0.18%  74.3 3100s
 138826 30788 193738.630   41   83 193557.003 193907.568  0.18%  74.3 3105s
 139064 30791 193667.310   48   80 193557.003 193907.218  0.18%  74.3 3110s
 139288 30794 193690.895   45  102 193557.003 193906.856  0.18%  74.3 3115s
 139502 30791 193723.166   41  104 193557.003 193906.430  0.18%  74.3 3120s
 139725 30803 193715.046   44  103 193557.003 193906.052  0.18%  74.3 3125s
 139969 30813 193749.757   40  103 193557.003 193905.650  0.18%  74.3 3130s
 140203 30821 193628.157   45   87 193557.003 193905.337  0.18%  74.3 3135s
 140469 30832 193587.400   45   82 193557.003 193904.961  0.18%  74.3 3140s
 140736 30851 193713.491   43   98 193557.003 193904.609  0.18%  74.3 3145s
 140966 30859 193715.821   44   85 193557.003 193904.186  0.18%  74.3 3150s
 141215 30863 193614.347   53   94 193557.003 193903.777  0.18%  74.3 3155s
 141450 30869 193580.236   41   98 193557.003 193903.378  0.18%  74.3 3160s
 141662 30870 193737.916   38  104 193557.003 193902.922  0.18%  74.3 3165s
 141899 30877 193598.577   44   92 193557.003 193902.477  0.18%  74.3 3170s
 142127 30880 193763.175   42   95 193557.003 193902.158  0.18%  74.3 3175s
 142342 30890 193627.069   44   95 193557.003 193901.720  0.18%  74.3 3180s
 142585 30887 193764.597   46   92 193557.003 193901.305  0.18%  74.4 3185s
 142801 30889 193628.500   44   87 193557.003 193901.025  0.18%  74.4 3190s
 143022 30899 193596.918   46   87 193557.003 193900.771  0.18%  74.4 3195s
 143270 30914 193696.988   46   93 193557.003 193900.289  0.18%  74.4 3200s
 143502 30908 193708.386   38   87 193557.003 193899.861  0.18%  74.4 3205s
 143753 30924 193576.559   49   80 193557.003 193899.513  0.18%  74.4 3210s
 143973 30914     cutoff   50      193557.003 193899.083  0.18%  74.4 3215s
 144230 30921 193695.198   44   83 193557.003 193898.800  0.18%  74.4 3220s
 144432 30927     cutoff   47      193557.003 193898.513  0.18%  74.4 3225s
 144663 30923 193703.500   40   99 193557.003 193898.066  0.18%  74.4 3230s
 144920 30928 193703.611   44   88 193557.003 193897.752  0.18%  74.4 3235s
 145132 30931 193627.513   46   92 193557.003 193897.421  0.18%  74.4 3240s
 145339 30941 193589.433   41   97 193557.003 193897.151  0.18%  74.4 3245s
 145572 30936 193598.065   38  100 193557.003 193896.895  0.18%  74.5 3250s
 145821 30942 193802.517   42   87 193557.003 193896.509  0.18%  74.5 3255s
 146070 30942 193604.037   44   81 193557.003 193896.167  0.18%  74.5 3260s
 146306 30944 193769.822   47   89 193557.003 193895.822  0.18%  74.5 3265s
 146543 30951 193695.821   42  105 193557.003 193895.537  0.17%  74.5 3270s
 146762 30966 193614.449   41   90 193557.003 193895.268  0.17%  74.5 3275s
 147004 30971 193663.532   37   90 193557.003 193894.912  0.17%  74.5 3280s
 147153 30979 193784.532   40   91 193557.003 193894.634  0.17%  74.5 3286s
 147354 30994 193743.903   44   85 193557.003 193894.429  0.17%  74.5 3290s
 147611 31003     cutoff   48      193557.003 193894.012  0.17%  74.5 3295s
 147847 31000 193636.301   44   82 193557.003 193893.722  0.17%  74.5 3300s
 148091 30994 193616.983   43   90 193557.003 193893.426  0.17%  74.5 3305s
 148319 30999 193590.132   40   84 193557.003 193893.085  0.17%  74.5 3310s
 148554 30995 193761.632   40  102 193557.003 193892.696  0.17%  74.5 3315s
 148791 31003 193627.576   42   84 193557.003 193892.370  0.17%  74.5 3320s
 149031 31008 193616.182   40  102 193557.003 193892.035  0.17%  74.5 3325s
 149265 31008 193717.826   39   96 193557.003 193891.688  0.17%  74.5 3330s
 149492 31001 193627.675   51   95 193557.003 193891.319  0.17%  74.5 3335s
 149714 31001 193670.455   42  105 193557.003 193890.891  0.17%  74.6 3340s
 149937 30996     cutoff   49      193557.003 193890.592  0.17%  74.6 3345s
 150179 30997 193698.885   41   94 193557.003 193890.299  0.17%  74.6 3350s
 150413 31003 193616.994   47   75 193557.003 193890.062  0.17%  74.6 3355s
 150642 30998 193650.406   47   90 193557.003 193889.697  0.17%  74.6 3360s
 150880 30996 193743.176   38  100 193557.003 193889.399  0.17%  74.6 3365s
 151110 30986 193725.460   44   96 193557.003 193889.103  0.17%  74.6 3370s
 151346 30990 193662.185   46   78 193557.003 193888.775  0.17%  74.6 3375s
 151620 30982 193694.413   40   91 193557.003 193888.451  0.17%  74.6 3380s
 151872 30998 193649.627   46   87 193557.003 193888.146  0.17%  74.6 3385s
 152071 30989     cutoff   46      193557.003 193887.761  0.17%  74.6 3390s
 152299 30982 193570.353   46  103 193557.003 193887.392  0.17%  74.6 3395s
 152526 30982 193662.393   43   95 193557.003 193886.998  0.17%  74.6 3400s
 152779 30994 193728.184   44   93 193557.003 193886.657  0.17%  74.6 3405s
 153036 30988     cutoff   47      193557.003 193886.255  0.17%  74.6 3410s
 153260 30982 193603.075   44  104 193557.003 193885.948  0.17%  74.6 3415s
 153469 30976 193667.406   48   86 193557.003 193885.697  0.17%  74.6 3420s
 153676 30971 193738.562   44   83 193557.003 193885.291  0.17%  74.7 3425s
 153919 30974 193623.330   42   90 193557.003 193885.024  0.17%  74.7 3430s
 154146 30968     cutoff   49      193557.003 193884.585  0.17%  74.7 3435s
 154357 30961 193792.109   45   91 193557.003 193884.299  0.17%  74.7 3440s
 154573 30951 193589.307   42   81 193557.003 193883.948  0.17%  74.7 3445s
 154814 30953 193630.039   36  103 193557.003 193883.567  0.17%  74.7 3450s
 155040 30942     cutoff   42      193557.003 193883.206  0.17%  74.7 3455s
 155286 30923     cutoff   44      193557.003 193882.684  0.17%  74.7 3460s
 155513 30922 193734.056   41   85 193557.003 193882.346  0.17%  74.7 3465s
 155678 30913 193721.364   42  103 193557.003 193882.064  0.17%  74.7 3470s
 155898 30909 193560.283   48   93 193557.003 193881.772  0.17%  74.8 3475s
 156158 30912 193568.702   44   92 193557.003 193881.465  0.17%  74.8 3480s
 156357 30901 193766.333   36  110 193557.003 193881.078  0.17%  74.8 3485s
 156604 30909 193613.482   44   82 193557.003 193880.783  0.17%  74.8 3490s
 156849 30908 193662.430   44   80 193557.003 193880.337  0.17%  74.8 3495s
 157094 30901     cutoff   50      193557.003 193879.809  0.17%  74.8 3500s
 157348 30905 193636.734   38   89 193557.003 193879.339  0.17%  74.8 3505s
 157581 30894 193696.646   37  104 193557.003 193878.868  0.17%  74.8 3510s
 157819 30886 193597.692   42  101 193557.003 193878.377  0.17%  74.8 3515s
 158076 30876     cutoff   43      193557.003 193878.094  0.17%  74.8 3520s
 158304 30877 193812.827   37  107 193557.003 193877.655  0.17%  74.8 3525s
 158533 30889 193628.815   48   78 193557.003 193877.410  0.17%  74.8 3530s
 158759 30875 193565.620   48   81 193557.003 193877.053  0.17%  74.8 3535s
 158980 30869 193577.883   46   81 193557.003 193876.747  0.17%  74.8 3540s
 159234 30870 193693.415   45   96 193557.003 193876.356  0.16%  74.8 3545s
 159434 30859     cutoff   47      193557.003 193875.989  0.16%  74.8 3550s
 159508 30863 193649.461   48   72 193557.003 193875.880  0.16%  74.8 3555s
 159602 30861 193615.659   44   99 193557.003 193875.770  0.16%  74.8 3560s
 159813 30854 193770.568   41   85 193557.003 193875.498  0.16%  74.9 3565s
 160046 30857 193623.006   45   77 193557.003 193875.258  0.16%  74.9 3570s
 160271 30852 193689.878   43   96 193557.003 193874.868  0.16%  74.9 3575s
 160511 30842 193757.298   44   92 193557.003 193874.594  0.16%  74.9 3580s
 160729 30838 193709.970   47   75 193557.003 193874.218  0.16%  74.9 3585s
 160940 30841 193561.121   49   74 193557.003 193873.900  0.16%  74.9 3590s
 161190 30830 193667.249   47   79 193557.003 193873.494  0.16%  74.9 3595s
 161422 30824 193666.666   38  100 193557.003 193873.182  0.16%  74.9 3600s
 161653 30822 193652.843   40   84 193557.003 193872.923  0.16%  74.9 3605s
 161902 30819 193693.944   37  106 193557.003 193872.588  0.16%  74.9 3610s
 162135 30819 193657.038   46   94 193557.003 193872.183  0.16%  74.9 3615s
 162366 30825 193636.598   42   92 193557.003 193871.831  0.16%  74.9 3620s
 162597 30810 193754.571   43   92 193557.003 193871.472  0.16%  74.9 3625s
 162836 30804 193753.430   39  105 193557.003 193871.029  0.16%  74.9 3630s
 163073 30792 193578.198   42   85 193557.003 193870.667  0.16%  74.9 3635s
 163323 30792 193565.486   43   94 193557.003 193870.333  0.16%  74.9 3640s
 163543 30777 193654.731   37   92 193557.003 193870.009  0.16%  74.9 3645s
 163775 30768 193609.662   41   96 193557.003 193869.617  0.16%  74.9 3650s
 164016 30761 193583.659   45   99 193557.003 193869.268  0.16%  74.9 3655s
 164244 30745 193720.220   39   86 193557.003 193868.855  0.16%  74.9 3660s
 164497 30732 193606.583   43  106 193557.003 193868.531  0.16%  74.9 3665s
 164710 30718 193602.064   43  102 193557.003 193868.252  0.16%  74.9 3670s
 164931 30702 193572.505   51   93 193557.003 193867.953  0.16%  74.9 3675s
 165173 30696 193693.208   44   98 193557.003 193867.604  0.16%  75.0 3680s
 165406 30693 193605.931   48   88 193557.003 193867.252  0.16%  75.0 3685s
 165636 30684 193585.529   44   80 193557.003 193866.892  0.16%  75.0 3690s
 165861 30671 193644.579   37   99 193557.003 193866.623  0.16%  75.0 3695s
 166093 30663     cutoff   46      193557.003 193866.339  0.16%  75.0 3700s
 166332 30665     cutoff   42      193557.003 193866.055  0.16%  75.0 3705s
 166549 30662 193571.782   39   97 193557.003 193865.706  0.16%  75.0 3710s
 166695 30664 193638.039   48   87 193557.003 193865.395  0.16%  75.0 3715s
 166888 30650 193656.684   39  100 193557.003 193865.045  0.16%  75.0 3720s
 167111 30637 193644.347   41   91 193557.003 193864.667  0.16%  75.0 3725s
 167342 30629 193663.289   49   91 193557.003 193864.326  0.16%  75.0 3730s
 167534 30613 193711.412   45   98 193557.003 193864.086  0.16%  75.0 3735s
 167740 30611 193638.302   47   88 193557.003 193863.802  0.16%  75.0 3740s
 167964 30595 193584.966   42   84 193557.003 193863.423  0.16%  75.0 3745s
 168199 30578 193570.582   42   94 193557.003 193862.989  0.16%  75.0 3750s
 168410 30563     cutoff   43      193557.003 193862.625  0.16%  75.0 3755s
 168612 30555 193583.703   44   91 193557.003 193862.170  0.16%  75.1 3760s
 168714 30543 193598.147   50  102 193557.003 193861.967  0.16%  75.1 3780s
 168895 30530 193640.820   44   85 193557.003 193861.605  0.16%  75.1 3785s
 169114 30515 193578.044   47   77 193557.003 193861.189  0.16%  75.1 3790s
 169337 30503 193689.210   38   97 193557.003 193860.941  0.16%  75.1 3795s
 169540 30487 193750.515   45   81 193557.003 193860.610  0.16%  75.1 3800s
 169778 30470 193763.768   43   84 193557.003 193860.315  0.16%  75.1 3805s
 170024 30472 193606.306   42  103 193557.003 193860.097  0.16%  75.1 3810s
 170249 30476 193724.997   40   88 193557.003 193859.848  0.16%  75.1 3815s
 170476 30468 193634.725   46   93 193557.003 193859.644  0.16%  75.1 3820s
 170674 30454 193609.967   46   81 193557.003 193859.316  0.16%  75.2 3825s
 170895 30438 193673.163   49   85 193557.003 193859.011  0.16%  75.2 3830s
 171126 30429 193730.128   47   82 193557.003 193858.602  0.16%  75.2 3835s
 171338 30419 193612.369   43  101 193557.003 193858.242  0.16%  75.2 3840s
 171565 30408 193650.510   44   77 193557.003 193857.883  0.16%  75.2 3845s
 171818 30394 193687.140   48   94 193557.003 193857.648  0.16%  75.2 3850s
 172034 30382 193751.240   47   91 193557.003 193857.354  0.16%  75.2 3855s
 172266 30374 193573.188   49   95 193557.003 193857.073  0.16%  75.2 3860s
 172517 30369 193587.179   39   98 193557.003 193856.765  0.15%  75.2 3865s
 172754 30363     cutoff   44      193557.003 193856.512  0.15%  75.2 3870s
 172982 30352 193596.217   48   89 193557.003 193856.183  0.15%  75.2 3875s
 173207 30340 193616.472   44   87 193557.003 193855.861  0.15%  75.2 3880s
 173441 30326 193564.389   46   69 193557.003 193855.609  0.15%  75.2 3885s
 173654 30306 193677.688   49   83 193557.003 193855.311  0.15%  75.2 3890s
 173919 30299 193652.130   37   83 193557.003 193855.012  0.15%  75.2 3895s
 174033 30294 193644.469   38  102 193557.003 193854.777  0.15%  75.2 3900s
 174250 30279 193676.645   38   88 193557.003 193854.462  0.15%  75.3 3905s
 174488 30259 193680.715   44   83 193557.003 193854.095  0.15%  75.3 3910s
 174704 30247 193572.233   45   76 193557.003 193853.760  0.15%  75.3 3915s
 174931 30223     cutoff   47      193557.003 193853.343  0.15%  75.3 3920s
 175167 30205     cutoff   39      193557.003 193852.971  0.15%  75.3 3925s
 175407 30206 193571.742   43  101 193557.003 193852.717  0.15%  75.3 3930s
 175636 30191 193654.854   39   87 193557.003 193852.452  0.15%  75.3 3935s
 175903 30179     cutoff   44      193557.003 193852.090  0.15%  75.3 3940s
 176098 30157 193594.324   41  100 193557.003 193851.749  0.15%  75.3 3945s
 176304 30137 193612.176   45  109 193557.003 193851.360  0.15%  75.3 3950s
 176531 30124 193619.960   48   81 193557.003 193851.048  0.15%  75.3 3955s
 176755 30120 193608.565   39  111 193557.003 193850.770  0.15%  75.3 3960s
 176981 30108 193592.560   50   84 193557.003 193850.538  0.15%  75.4 3965s
 177197 30088 193645.339   41   81 193557.003 193850.212  0.15%  75.4 3970s
 177406 30082 193559.391   38  102 193557.003 193849.938  0.15%  75.4 3975s
 177663 30057 193781.851   48   86 193557.003 193849.608  0.15%  75.4 3980s
 177927 30055 193656.769   43   97 193557.003 193849.357  0.15%  75.4 3985s
 178163 30048 193641.669   41  115 193557.003 193849.113  0.15%  75.4 3990s
 178408 30035 193657.450   44   95 193557.003 193848.861  0.15%  75.4 3995s
 178640 30030 193626.624   45   86 193557.003 193848.530  0.15%  75.4 4000s
 178862 30016 193672.572   37   88 193557.003 193848.299  0.15%  75.4 4005s
 179089 30002 193563.420   55   60 193557.003 193847.991  0.15%  75.4 4010s
 179309 29980 193651.647   48   92 193557.003 193847.696  0.15%  75.4 4015s
 179548 29970 193655.007   40  100 193557.003 193847.454  0.15%  75.4 4020s
 179680 29954 193614.629   49   68 193557.003 193847.192  0.15%  75.4 4028s
 179750 29946 193644.629   36   99 193557.003 193847.082  0.15%  75.4 4030s
 179976 29928 193630.839   41   96 193557.003 193846.744  0.15%  75.4 4035s
 180190 29912 193625.743   37  105 193557.003 193846.407  0.15%  75.4 4040s
 180416 29895 193655.160   45   80 193557.003 193846.158  0.15%  75.4 4045s
 180559 29893 193566.539   49   62 193557.003 193845.954  0.15%  75.4 4050s
 180779 29868 193630.009   44   78 193557.003 193845.704  0.15%  75.5 4055s
 181011 29851 193710.787   42  114 193557.003 193845.450  0.15%  75.5 4060s
 181239 29837 193598.068   47   88 193557.003 193845.181  0.15%  75.5 4065s
 181468 29830     cutoff   41      193557.003 193844.791  0.15%  75.5 4070s
 181693 29808 193697.509   43   90 193557.003 193844.474  0.15%  75.5 4075s
 181921 29789     cutoff   50      193557.003 193844.168  0.15%  75.5 4080s
 182148 29767 193633.974   37   98 193557.003 193843.781  0.15%  75.5 4085s
 182381 29759 193631.077   42   89 193557.003 193843.375  0.15%  75.5 4090s
 182595 29747 193712.404   38  105 193557.003 193843.052  0.15%  75.5 4095s
 182806 29729 193650.657   50   89 193557.003 193842.767  0.15%  75.5 4100s
 183049 29712 193665.449   40  103 193557.003 193842.255  0.15%  75.5 4105s
 183262 29693 193722.056   39   89 193557.003 193842.004  0.15%  75.5 4110s
 183467 29682 193646.291   37  108 193557.003 193841.748  0.15%  75.5 4115s
 183675 29654 193592.316   42   90 193557.003 193841.417  0.15%  75.6 4120s
 183880 29636 193694.637   41   87 193557.003 193841.071  0.15%  75.6 4125s
 184122 29623 193623.619   44   80 193557.003 193840.707  0.15%  75.6 4130s
 184325 29609 193560.565   40   90 193557.003 193840.341  0.15%  75.6 4135s
 184557 29590 193565.535   46   88 193557.003 193840.047  0.15%  75.6 4140s
 184789 29571 193645.814   42   97 193557.003 193839.620  0.15%  75.6 4145s
 185008 29545 193580.428   50  101 193557.003 193839.220  0.15%  75.6 4150s
 185225 29523 193575.594   46   92 193557.003 193839.000  0.15%  75.6 4155s
 185456 29501 193637.786   43   91 193557.003 193838.654  0.15%  75.6 4160s
 185586 29489 193609.075   53   85 193557.003 193838.381  0.15%  75.6 4165s
 185770 29469 193676.759   44   90 193557.003 193838.016  0.15%  75.6 4170s
 185993 29453 193697.683   40  103 193557.003 193837.735  0.15%  75.6 4175s
 186219 29432 193627.198   41   79 193557.003 193837.485  0.14%  75.6 4180s
 186429 29417     cutoff   45      193557.003 193837.197  0.14%  75.7 4185s
 186651 29408 193614.962   40  105 193557.003 193836.887  0.14%  75.7 4190s
 186882 29400 193560.098   45   94 193557.003 193836.643  0.14%  75.7 4195s
 187121 29381 193604.757   43   90 193557.003 193836.378  0.14%  75.7 4200s
 187353 29365 193655.162   48   95 193557.003 193836.007  0.14%  75.7 4205s
 187586 29341 193646.726   45  102 193557.003 193835.747  0.14%  75.7 4210s
 187790 29323 193621.631   43   86 193557.003 193835.407  0.14%  75.7 4215s
 188020 29311 193656.571   44   83 193557.003 193835.030  0.14%  75.7 4220s
 188236 29281 193642.345   46   89 193557.003 193834.583  0.14%  75.7 4225s
 188448 29259 193661.585   50   94 193557.003 193834.183  0.14%  75.7 4230s
 188697 29245     cutoff   41      193557.003 193833.934  0.14%  75.7 4235s
 188908 29234 193612.808   45   98 193557.003 193833.635  0.14%  75.7 4240s
 189101 29212 193587.288   49   96 193557.003 193833.311  0.14%  75.7 4245s
 189320 29185     cutoff   41      193557.003 193833.003  0.14%  75.8 4250s
 189569 29158 193691.770   45   92 193557.003 193832.604  0.14%  75.8 4255s
 189762 29125 193726.797   37   89 193557.003 193832.200  0.14%  75.8 4260s
 189971 29105 193589.067   40   90 193557.003 193831.878  0.14%  75.8 4265s
 190195 29084     cutoff   45      193557.003 193831.522  0.14%  75.8 4270s
 190418 29063 193718.299   45   85 193557.003 193831.242  0.14%  75.8 4275s
 190653 29048     cutoff   47      193557.003 193831.035  0.14%  75.8 4280s
 190851 29026     cutoff   40      193557.003 193830.753  0.14%  75.8 4285s
 191054 29002 193567.683   39  102 193557.003 193830.418  0.14%  75.8 4290s
 191286 28980 193591.831   41  112 193557.003 193829.983  0.14%  75.8 4295s
 191495 28958 193622.742   45   83 193557.003 193829.669  0.14%  75.8 4300s
 191716 28934 193591.691   41   88 193557.003 193829.387  0.14%  75.9 4305s
 191945 28908 193582.337   42   90 193557.003 193829.004  0.14%  75.9 4310s
 192170 28880 193656.338   40   89 193557.003 193828.566  0.14%  75.9 4315s
 192385 28864 193563.144   43   77 193557.003 193828.303  0.14%  75.9 4320s
 192622 28841 193658.553   42  107 193557.003 193828.046  0.14%  75.9 4325s
 192838 28820 193575.390   39   99 193557.003 193827.593  0.14%  75.9 4330s
 193034 28797 193622.229   46   75 193557.003 193827.227  0.14%  75.9 4335s
 193226 28763     cutoff   35      193557.003 193826.916  0.14%  75.9 4340s
 193418 28743 193586.709   47   75 193557.003 193826.523  0.14%  75.9 4345s
 193617 28715 193617.331   48   80 193557.003 193826.069  0.14%  76.0 4351s
 193784 28694 193576.721   44   78 193557.003 193825.854  0.14%  76.0 4355s
 194000 28669     cutoff   39      193557.003 193825.565  0.14%  76.0 4360s
 194219 28649 193596.257   48   89 193557.003 193825.268  0.14%  76.0 4365s
 194442 28619 193569.077   47   82 193557.003 193824.935  0.14%  76.0 4370s
 194695 28601 193578.748   42   97 193557.003 193824.663  0.14%  76.0 4375s
 194908 28578     cutoff   49      193557.003 193824.410  0.14%  76.0 4380s
 195129 28548 193674.896   42   95 193557.003 193824.108  0.14%  76.0 4385s
 195351 28524 193606.911   43   93 193557.003 193823.813  0.14%  76.0 4390s
 195552 28500 193610.347   51   86 193557.003 193823.610  0.14%  76.0 4395s
 195781 28479 193637.634   45   73 193557.003 193823.379  0.14%  76.0 4400s
 196019 28459 193588.334   36   99 193557.003 193823.025  0.14%  76.0 4405s
 196260 28432 193629.258   41   92 193557.003 193822.707  0.14%  76.0 4410s
 196490 28409 193700.348   40  102 193557.003 193822.354  0.14%  76.0 4415s
 196719 28388 193586.524   51   71 193557.003 193822.106  0.14%  76.0 4420s
 196955 28360 193595.578   43   90 193557.003 193821.690  0.14%  76.0 4425s
 197190 28337 193639.284   41   93 193557.003 193821.315  0.14%  76.1 4430s
 197399 28314 193571.687   45   82 193557.003 193820.973  0.14%  76.1 4435s
 197609 28294 193611.733   42   82 193557.003 193820.613  0.14%  76.1 4440s
 197819 28265 193595.319   48   80 193557.003 193820.325  0.14%  76.1 4445s
 198040 28237 193668.800   47   76 193557.003 193819.960  0.14%  76.1 4450s
 198067 28236 193590.775   38   99 193557.003 193819.932  0.14%  76.1 4455s
 198297 28212 193668.171   41   91 193557.003 193819.670  0.14%  76.1 4460s
 198517 28177 193741.449   39  108 193557.003 193819.268  0.14%  76.1 4465s
 198749 28166 193575.176   42  108 193557.003 193819.011  0.14%  76.1 4470s
 198982 28140 193636.888   48   89 193557.003 193818.692  0.14%  76.1 4475s
 199221 28114 193655.402   38  103 193557.003 193818.343  0.14%  76.1 4480s
 199432 28089     cutoff   40      193557.003 193818.030  0.13%  76.1 4485s
 199640 28060     cutoff   45      193557.003 193817.651  0.13%  76.2 4490s
 199862 28033 193627.740   47   92 193557.003 193817.291  0.13%  76.2 4495s
 200077 28011 193721.828   44   97 193557.003 193817.124  0.13%  76.2 4500s
 200327 27993 193651.266   39  109 193557.003 193816.871  0.13%  76.2 4505s
 200547 27967 193594.731   39   81 193557.003 193816.525  0.13%  76.2 4510s
 200760 27943 193635.124   41   97 193557.003 193816.299  0.13%  76.2 4515s
 200975 27906 193572.767   44   86 193557.003 193815.937  0.13%  76.2 4520s
 201204 27886     cutoff   53      193557.003 193815.592  0.13%  76.2 4525s
 201425 27862 193586.196   48   82 193557.003 193815.339  0.13%  76.2 4530s
 201657 27838 193589.485   43  100 193557.003 193814.984  0.13%  76.2 4535s
 201874 27808 193620.850   43   92 193557.003 193814.731  0.13%  76.2 4540s
 202084 27778 193620.975   42   87 193557.003 193814.318  0.13%  76.2 4545s
 202312 27742     cutoff   44      193557.003 193814.016  0.13%  76.2 4550s
 202533 27733 193634.973   47   73 193557.003 193813.713  0.13%  76.3 4555s
 202783 27710 193674.599   40  110 193557.003 193813.336  0.13%  76.3 4560s
 203018 27681 193583.975   51   82 193557.003 193812.961  0.13%  76.3 4565s
 203231 27636 193730.576   44   96 193557.003 193812.579  0.13%  76.3 4570s
 203460 27612 193584.682   44   91 193557.003 193812.279  0.13%  76.3 4575s
 203690 27582 193691.534   44   86 193557.003 193812.003  0.13%  76.3 4580s
 203901 27552 193701.118   44   96 193557.003 193811.689  0.13%  76.3 4585s
 204097 27522 193616.088   43  105 193557.003 193811.405  0.13%  76.3 4590s
 204326 27492 193633.037   42   83 193557.003 193810.963  0.13%  76.3 4595s
 204569 27458     cutoff   53      193557.003 193810.667  0.13%  76.3 4600s
 204796 27427 193558.227   37   99 193557.003 193810.221  0.13%  76.3 4605s
 205016 27393 193571.705   44   76 193557.003 193809.855  0.13%  76.4 4610s
 205244 27363 193682.146   47   88 193557.003 193809.467  0.13%  76.4 4615s
 205458 27335 193566.246   50   82 193557.003 193809.168  0.13%  76.4 4620s
 205641 27301 193626.566   43   93 193557.003 193808.746  0.13%  76.4 4625s
 205870 27269 193580.016   49   83 193557.003 193808.452  0.13%  76.4 4630s
 206085 27247 193604.714   47   93 193557.003 193808.181  0.13%  76.4 4635s
 206309 27209 193606.906   39  106 193557.003 193807.696  0.13%  76.4 4640s
 206549 27183 193640.328   42  114 193557.003 193807.371  0.13%  76.4 4645s
 206767 27155 193626.811   41   99 193557.003 193807.135  0.13%  76.4 4650s
 206970 27114     cutoff   44      193557.003 193806.879  0.13%  76.5 4655s
 207207 27084     cutoff   43      193557.003 193806.540  0.13%  76.5 4660s
 207431 27060 193620.368   45   90 193557.003 193806.241  0.13%  76.5 4665s
 207653 27021     cutoff   46      193557.003 193805.813  0.13%  76.5 4670s
 207901 26990 193642.026   40  102 193557.003 193805.487  0.13%  76.5 4675s
 208126 26962     cutoff   46      193557.003 193805.215  0.13%  76.5 4680s
 208364 26930 193644.528   37   99 193557.003 193804.811  0.13%  76.5 4685s
 208578 26903 193717.593   40  107 193557.003 193804.524  0.13%  76.5 4690s
 208811 26869 193636.859   46   76 193557.003 193804.182  0.13%  76.5 4695s
 209042 26834 193566.362   45   95 193557.003 193803.843  0.13%  76.5 4700s
 209260 26806 193560.462   42   83 193557.003 193803.659  0.13%  76.5 4705s
 209480 26769 193592.892   44   99 193557.003 193803.337  0.13%  76.5 4710s
 209679 26734 193648.017   38   96 193557.003 193803.056  0.13%  76.6 4715s
 209894 26691 193638.366   32  106 193557.003 193802.720  0.13%  76.6 4720s
 210083 26661 193638.138   41   99 193557.003 193802.481  0.13%  76.6 4725s
 210314 26627 193570.490   49   70 193557.003 193802.152  0.13%  76.6 4730s
 210535 26600 193653.762   47   74 193557.003 193801.789  0.13%  76.6 4735s
 210701 26576 193629.602   41   89 193557.003 193801.523  0.13%  76.6 4741s
 210854 26556 193559.346   44   83 193557.003 193801.356  0.13%  76.6 4745s
 211062 26517 193655.050   46   80 193557.003 193800.998  0.13%  76.6 4750s
 211289 26482 193567.508   42   99 193557.003 193800.733  0.13%  76.6 4755s
 211505 26446 193621.387   43   97 193557.003 193800.393  0.13%  76.7 4760s
 211720 26405 193564.822   39   95 193557.003 193800.068  0.13%  76.7 4765s
 211933 26362 193582.110   39   91 193557.003 193799.704  0.13%  76.7 4770s
 212042 26339 193586.069   42   87 193557.003 193799.512  0.13%  76.7 4785s
 212265 26306 193643.352   42   92 193557.003 193799.127  0.13%  76.7 4790s
 212485 26268 193641.233   40   98 193557.003 193798.877  0.12%  76.7 4795s
 212702 26230 193581.126   43   93 193557.003 193798.508  0.12%  76.7 4800s
 212960 26199 193668.646   41  101 193557.003 193798.129  0.12%  76.7 4805s
 213184 26155     cutoff   32      193557.003 193797.630  0.12%  76.7 4810s
 213410 26117 193622.393   44   82 193557.003 193797.264  0.12%  76.7 4815s
 213590 26073 193610.277   38   96 193557.003 193796.812  0.12%  76.8 4820s
 213805 26031 193697.031   47   81 193557.003 193796.412  0.12%  76.8 4825s
 214028 25995 193634.458   44   99 193557.003 193796.123  0.12%  76.8 4830s
 214239 25957 193580.161   37   97 193557.003 193795.711  0.12%  76.8 4835s
 214467 25932 193610.940   44   99 193557.003 193795.381  0.12%  76.8 4840s
 214647 25894 193618.514   43   98 193557.003 193794.970  0.12%  76.8 4845s
 214867 25852 193595.428   45   82 193557.003 193794.506  0.12%  76.8 4850s
 215093 25818 193646.432   46   73 193557.003 193794.193  0.12%  76.8 4855s
 215312 25781 193650.410   46   94 193557.003 193793.874  0.12%  76.9 4860s
 215550 25753 193612.922   45  100 193557.003 193793.631  0.12%  76.9 4865s
 215810 25710 193640.299   39  102 193557.003 193793.367  0.12%  76.9 4870s
 216015 25671 193670.670   42   98 193557.003 193793.101  0.12%  76.9 4875s
 216229 25640     cutoff   47      193557.003 193792.830  0.12%  76.9 4880s
 216451 25607 193631.014   42  100 193557.003 193792.552  0.12%  76.9 4885s
 216649 25569 193647.084   42   80 193557.003 193792.218  0.12%  76.9 4890s
 216862 25531 193665.939   39   94 193557.003 193791.841  0.12%  76.9 4895s
 217062 25493 193563.831   45  104 193557.003 193791.472  0.12%  76.9 4900s
 217299 25461 193587.353   46   77 193557.003 193791.138  0.12%  76.9 4905s
 217528 25420 193566.006   44   89 193557.003 193790.791  0.12%  76.9 4910s
 217760 25377 193639.989   37  104 193557.003 193790.432  0.12%  76.9 4915s
 217969 25334 193646.065   44   81 193557.003 193790.031  0.12%  76.9 4920s
 218101 25317 193561.713   48   79 193557.003 193789.883  0.12%  77.0 4925s
 218378 25281 193582.047   34  108 193557.003 193789.545  0.12%  76.9 4930s
 218578 25246 193606.910   38   97 193557.003 193789.286  0.12%  77.0 4935s
 218808 25199     cutoff   45      193557.003 193788.846  0.12%  77.0 4940s
 219026 25168 193680.468   45   95 193557.003 193788.573  0.12%  77.0 4945s
 219263 25130 193588.614   38   98 193557.003 193788.155  0.12%  77.0 4950s
 219506 25094 193659.034   44   80 193557.003 193787.893  0.12%  77.0 4955s
 219710 25051 193614.732   39   99 193557.003 193787.605  0.12%  77.0 4960s
 219929 25021 193578.037   39   99 193557.003 193787.306  0.12%  77.0 4965s
 220154 24988 193581.767   42   88 193557.003 193787.044  0.12%  77.0 4970s
 220372 24945 193561.228   44   92 193557.003 193786.793  0.12%  77.0 4975s
 220558 24902 193613.339   40   79 193557.003 193786.495  0.12%  77.0 4980s
 220785 24864 193604.101   48   80 193557.003 193786.153  0.12%  77.0 4985s
 220861 24848 193600.781   38  105 193557.003 193785.992  0.12%  77.0 4990s
 221075 24799     cutoff   43      193557.003 193785.698  0.12%  77.1 4995s
 221309 24767 193606.398   46   77 193557.003 193785.385  0.12%  77.1 5000s
 221526 24726 193613.699   40   97 193557.003 193785.051  0.12%  77.1 5005s
 221710 24683     cutoff   45      193557.003 193784.686  0.12%  77.1 5010s
 221936 24639 193570.165   39  106 193557.003 193784.378  0.12%  77.1 5015s
 222134 24598 193558.870   42   90 193557.003 193784.080  0.12%  77.1 5020s
 222317 24564 193661.982   42  102 193557.003 193783.775  0.12%  77.1 5025s
 222536 24528 193613.686   46   97 193557.003 193783.562  0.12%  77.1 5030s
 222760 24479 193617.967   47   78 193557.003 193783.191  0.12%  77.1 5035s
 222976 24434 193608.064   45   79 193557.003 193782.829  0.12%  77.2 5040s
 223194 24390 193616.320   41   81 193557.003 193782.476  0.12%  77.2 5045s
 223420 24349 193565.363   45   93 193557.003 193782.188  0.12%  77.2 5050s
 223633 24307     cutoff   47      193557.003 193781.803  0.12%  77.2 5055s
 223828 24257 193612.181   51   78 193557.003 193781.400  0.12%  77.2 5060s
 224032 24209     cutoff   42      193557.003 193781.109  0.12%  77.2 5065s
 224249 24165     cutoff   45      193557.003 193780.747  0.12%  77.2 5070s
 224474 24132 193567.997   42   90 193557.003 193780.427  0.12%  77.2 5075s
 224606 24099 193568.254   46   89 193557.003 193780.236  0.12%  77.2 5080s
 224806 24050 193629.638   45   90 193557.003 193779.805  0.12%  77.3 5085s
 225022 24019 193577.006   43   95 193557.003 193779.443  0.11%  77.3 5090s
 225230 23974 193630.108   44   88 193557.003 193779.130  0.11%  77.3 5095s
 225468 23931 193620.637   42   86 193557.003 193778.696  0.11%  77.3 5100s
 225674 23886 193571.200   43   89 193557.003 193778.381  0.11%  77.3 5105s
 225881 23838 193571.483   49   84 193557.003 193778.037  0.11%  77.3 5110s
 226100 23791 193578.039   51   89 193557.003 193777.677  0.11%  77.3 5115s
 226327 23745     cutoff   42      193557.003 193777.343  0.11%  77.3 5120s
 226546 23694 193612.332   39   92 193557.003 193776.838  0.11%  77.3 5125s
 226741 23643 193573.825   45   93 193557.003 193776.522  0.11%  77.4 5130s
 226950 23593 193571.435   40   91 193557.003 193776.232  0.11%  77.4 5135s
 227165 23545     cutoff   42      193557.003 193775.774  0.11%  77.4 5140s
 227373 23511     cutoff   41      193557.003 193775.482  0.11%  77.4 5145s
 227575 23467 193602.668   41   84 193557.003 193775.007  0.11%  77.4 5150s
 227829 23428     cutoff   42      193557.003 193774.609  0.11%  77.4 5155s
 228033 23395 193594.305   40  108 193557.003 193774.347  0.11%  77.4 5160s
 228242 23346 193581.171   42   83 193557.003 193774.054  0.11%  77.4 5165s
 228461 23309 193641.894   45   87 193557.003 193773.760  0.11%  77.4 5170s
 228675 23261     cutoff   44      193557.003 193773.464  0.11%  77.4 5175s
 228899 23208     cutoff   39      193557.003 193773.078  0.11%  77.5 5180s
 228997 23189 193678.035   50   83 193557.003 193772.907  0.11%  77.5 5185s
 229219 23148 193557.464   50   91 193557.003 193772.610  0.11%  77.5 5190s
 229436 23098 193592.313   48   87 193557.003 193772.267  0.11%  77.5 5195s
 229670 23045 193624.539   42   90 193557.003 193771.867  0.11%  77.5 5200s
 229883 23004 193591.685   46   88 193557.003 193771.618  0.11%  77.5 5205s
 230107 22955 193587.036   42   82 193557.003 193771.227  0.11%  77.5 5210s
 230334 22908 193654.833   50   83 193557.003 193770.891  0.11%  77.5 5215s
 230565 22867     cutoff   47      193557.003 193770.597  0.11%  77.5 5220s
 230809 22825 193609.932   48   97 193557.003 193770.291  0.11%  77.5 5225s
 231028 22780     cutoff   35      193557.003 193769.919  0.11%  77.5 5230s
 231223 22729     cutoff   45      193557.003 193769.551  0.11%  77.5 5235s
 231460 22671 193626.276   43  108 193557.003 193769.117  0.11%  77.5 5240s
 231684 22621 193708.848   44   88 193557.003 193768.812  0.11%  77.5 5245s
 231914 22568     cutoff   46      193557.003 193768.365  0.11%  77.5 5250s
 232136 22524     cutoff   49      193557.003 193768.168  0.11%  77.5 5255s
 232358 22483     cutoff   40      193557.003 193767.795  0.11%  77.5 5260s
 232577 22436 193574.900   46   84 193557.003 193767.491  0.11%  77.6 5265s
 232796 22380     cutoff   50      193557.003 193767.047  0.11%  77.6 5270s
 233016 22329 193669.279   37   94 193557.003 193766.692  0.11%  77.6 5275s
 233243 22288 193644.650   49   73 193557.003 193766.385  0.11%  77.6 5280s
 233472 22227 193639.170   41  101 193557.003 193765.942  0.11%  77.6 5285s
 233694 22177     cutoff   48      193557.003 193765.628  0.11%  77.6 5290s
 233925 22132 193638.412   40  104 193557.003 193765.238  0.11%  77.6 5295s
 234144 22078 193643.953   42   89 193557.003 193764.825  0.11%  77.6 5300s
 234356 22023 193568.874   39  102 193557.003 193764.482  0.11%  77.6 5305s
 234546 21978 193565.083   40  103 193557.003 193764.202  0.11%  77.6 5310s
 234762 21919 193620.293   48   90 193557.003 193763.720  0.11%  77.6 5315s
 234966 21870 193558.742   46   91 193557.003 193763.309  0.11%  77.7 5320s
 235185 21811 193577.337   40   92 193557.003 193762.939  0.11%  77.7 5325s
 235370 21747     cutoff   43      193557.003 193762.529  0.11%  77.7 5330s
 235560 21685     cutoff   42      193557.003 193762.144  0.11%  77.7 5335s
 235774 21629     cutoff   42      193557.003 193761.856  0.11%  77.7 5340s
 235998 21552     cutoff   37      193557.003 193761.433  0.11%  77.7 5345s
 236186 21479 193574.893   49   86 193557.003 193760.807  0.11%  77.7 5350s
 236294 21439 193568.227   40  115 193557.003 193760.489  0.11%  77.8 5355s
 236489 21379 193576.306   42   90 193557.003 193760.055  0.10%  77.8 5360s
 236701 21329 193611.782   47   88 193557.003 193759.717  0.10%  77.8 5365s
 236931 21272 193577.560   40   91 193557.003 193759.249  0.10%  77.8 5370s
 237132 21212     cutoff   44      193557.003 193758.898  0.10%  77.8 5375s
 237321 21150 193583.438   46   85 193557.003 193758.499  0.10%  77.8 5380s
 237527 21082     cutoff   43      193557.003 193758.040  0.10%  77.8 5385s
 237717 21014     cutoff   40      193557.003 193757.541  0.10%  77.8 5390s
 237941 20955 193587.453   51   69 193557.003 193757.155  0.10%  77.9 5395s
 238003 20933 193561.272   40  100 193557.003 193757.063  0.10%  77.9 5417s
 238142 20899     cutoff   52      193557.003 193756.846  0.10%  77.9 5420s
 238341 20843 193589.122   42   91 193557.003 193756.370  0.10%  77.9 5425s
 238547 20782 193559.778   46   84 193557.003 193755.993  0.10%  77.9 5430s
 238742 20720 193595.031   44   71 193557.003 193755.572  0.10%  77.9 5435s
 238957 20664 193565.069   43   87 193557.003 193755.241  0.10%  77.9 5440s
 239154 20603 193639.390   41  105 193557.003 193754.823  0.10%  77.9 5445s
 239346 20544 193571.419   42  100 193557.003 193754.519  0.10%  77.9 5450s
 239545 20469 193638.431   44   88 193557.003 193753.955  0.10%  78.0 5455s
 239745 20403 193579.197   42   99 193557.003 193753.486  0.10%  78.0 5460s
 239948 20329     cutoff   42      193557.003 193753.024  0.10%  78.0 5465s
 240148 20274     cutoff   47      193557.003 193752.667  0.10%  78.0 5470s
 240331 20211     cutoff   39      193557.003 193752.346  0.10%  78.0 5475s
 240520 20141     cutoff   44      193557.003 193751.935  0.10%  78.0 5480s
 240735 20076 193557.468   43   88 193557.003 193751.506  0.10%  78.0 5485s
 240935 20010 193681.249   48   84 193557.003 193751.006  0.10%  78.1 5490s
 241153 19952 193591.372   45  109 193557.003 193750.592  0.10%  78.1 5495s
 241363 19896     cutoff   43      193557.003 193750.248  0.10%  78.1 5500s
 241571 19836     cutoff   53      193557.003 193749.875  0.10%  78.1 5505s
 241788 19778 193579.069   48   93 193557.003 193749.494  0.10%  78.1 5510s
 241995 19692     cutoff   45      193557.003 193748.905  0.10%  78.1 5515s
 242184 19625     cutoff   45      193557.003 193748.557  0.10%  78.1 5520s
 242365 19551     cutoff   39      193557.003 193748.160  0.10%  78.1 5525s
 242614 19485 193565.310   41   89 193557.003 193747.716  0.10%  78.1 5530s
 242829 19418 193561.871   45   89 193557.003 193747.284  0.10%  78.2 5535s
 243045 19350     cutoff   43      193557.003 193746.876  0.10%  78.2 5540s
 243243 19289 193580.620   46   90 193557.003 193746.542  0.10%  78.2 5545s
 243455 19238 193595.111   46   76 193557.003 193746.222  0.10%  78.2 5550s
 243665 19174 193576.186   46   85 193557.003 193745.814  0.10%  78.2 5555s
 243869 19107 193648.832   45   87 193557.003 193745.453  0.10%  78.2 5561s
 244011 19053     cutoff   40      193557.003 193745.217  0.10%  78.2 5565s
 244213 18987     cutoff   37      193557.003 193744.725  0.10%  78.2 5570s
 244436 18910 193619.510   46   90 193557.003 193744.237  0.10%  78.2 5575s
 244636 18847 193601.044   45   82 193557.003 193743.842  0.10%  78.2 5580s
 244882 18771 193612.248   50   82 193557.003 193743.165  0.10%  78.2 5585s
 245092 18710     cutoff   43      193557.003 193742.791  0.10%  78.3 5590s
 245270 18642 193558.593   49   87 193557.003 193742.331  0.10%  78.3 5595s
 245488 18567 193591.393   45   81 193557.003 193741.929  0.10%  78.3 5600s
 245662 18499 193582.746   49   72 193557.003 193741.546  0.10%  78.3 5605s
 245839 18438 193648.897   46   79 193557.003 193741.190  0.10%  78.3 5610s
 246022 18363 193570.641   42   97 193557.003 193740.809  0.09%  78.3 5615s
 246207 18285     cutoff   48      193557.003 193740.338  0.09%  78.3 5620s
 246420 18202     cutoff   43      193557.003 193739.776  0.09%  78.3 5625s
 246627 18124 193571.598   42  108 193557.003 193739.333  0.09%  78.3 5630s
 246831 18046     cutoff   53      193557.003 193738.866  0.09%  78.4 5635s
 247036 17971     cutoff   42      193557.003 193738.419  0.09%  78.4 5640s
 247232 17895 193636.324   50   70 193557.003 193737.992  0.09%  78.4 5645s
 247465 17811     cutoff   55      193557.003 193737.372  0.09%  78.4 5650s
 247688 17739 193585.545   46   91 193557.003 193736.959  0.09%  78.4 5655s
 247914 17665 193570.530   36  101 193557.003 193736.483  0.09%  78.4 5660s
 248126 17580 193600.590   44   81 193557.003 193735.948  0.09%  78.4 5665s
 248324 17496     cutoff   43      193557.003 193735.443  0.09%  78.4 5670s
 248529 17424 193557.997   49   90 193557.003 193735.051  0.09%  78.4 5675s
 248751 17337     cutoff   50      193557.003 193734.514  0.09%  78.4 5680s
 248963 17280     cutoff   39      193557.003 193734.127  0.09%  78.4 5685s
 249160 17194     cutoff   45      193557.003 193733.570  0.09%  78.4 5690s
 249347 17120 193574.357   45   82 193557.003 193733.113  0.09%  78.5 5695s
 249522 17051     cutoff   44      193557.003 193732.754  0.09%  78.5 5700s
 249727 16970 193584.478   54   72 193557.003 193732.248  0.09%  78.5 5705s
 249948 16877     cutoff   50      193557.003 193731.702  0.09%  78.5 5710s
 250058 16835 193598.494   46   85 193557.003 193731.400  0.09%  78.5 5717s
 250159 16804 193655.612   42   99 193557.003 193731.196  0.09%  78.5 5720s
 250360 16720     cutoff   42      193557.003 193730.796  0.09%  78.5 5725s
 250550 16625     cutoff   40      193557.003 193729.998  0.09%  78.5 5730s
 250755 16539 193637.026   43   77 193557.003 193729.412  0.09%  78.5 5735s
 250952 16439     cutoff   44      193557.003 193728.849  0.09%  78.5 5740s
 251137 16346 193604.665   43   86 193557.003 193728.360  0.09%  78.6 5745s
 251355 16246 193579.492   47  101 193557.003 193727.913  0.09%  78.6 5750s
 251586 16166     cutoff   48      193557.003 193727.401  0.09%  78.6 5755s
 251781 16085     cutoff   44      193557.003 193726.868  0.09%  78.6 5760s
 251990 16011 193618.032   41   89 193557.003 193726.463  0.09%  78.6 5765s
 252206 15905     cutoff   44      193557.003 193725.797  0.09%  78.6 5770s
 252416 15813     cutoff   41      193557.003 193725.275  0.09%  78.6 5775s
 252628 15718     cutoff   40      193557.003 193724.751  0.09%  78.6 5780s
 252845 15631     cutoff   48      193557.003 193724.225  0.09%  78.6 5785s
 253047 15535     cutoff   43      193557.003 193723.655  0.09%  78.6 5790s
 253258 15439     cutoff   50      193557.003 193723.067  0.09%  78.6 5795s
 253410 15358 193613.612   44   96 193557.003 193722.608  0.09%  78.7 5803s
 253486 15313     cutoff   48      193557.003 193722.301  0.09%  78.7 5805s
 253699 15213     cutoff   42      193557.003 193721.693  0.09%  78.7 5810s
 253922 15103     cutoff   43      193557.003 193720.972  0.08%  78.7 5815s
 254123 15014 193566.107   43   93 193557.003 193720.520  0.08%  78.7 5820s
 254366 14912     cutoff   46      193557.003 193719.764  0.08%  78.7 5825s
 254584 14804 193568.845   48   80 193557.003 193719.120  0.08%  78.7 5830s
 254805 14686     cutoff   37      193557.003 193718.462  0.08%  78.7 5835s
 255019 14594 193585.494   38  103 193557.003 193717.888  0.08%  78.7 5840s
 255242 14481     cutoff   42      193557.003 193717.152  0.08%  78.7 5845s
 255459 14387 193574.794   46   88 193557.003 193716.645  0.08%  78.7 5850s
 255696 14279 193572.482   40   88 193557.003 193716.064  0.08%  78.7 5855s
 255921 14182 193594.996   42   99 193557.003 193715.429  0.08%  78.7 5860s
 256129 14080 193592.663   42  105 193557.003 193714.743  0.08%  78.7 5865s
 256343 13972 193621.197   44   85 193557.003 193714.069  0.08%  78.8 5870s
 256564 13847     cutoff   42      193557.003 193713.281  0.08%  78.8 5875s
 256788 13747     cutoff   53      193557.003 193712.706  0.08%  78.8 5880s
 257029 13636     cutoff   46      193557.003 193712.042  0.08%  78.8 5885s
 257259 13518     cutoff   48      193557.003 193711.414  0.08%  78.8 5890s
 257483 13410 193560.735   45   89 193557.003 193710.676  0.08%  78.8 5895s
 257726 13307 193611.730   48   63 193557.003 193709.979  0.08%  78.8 5900s
 257984 13201 193558.847   44   90 193557.003 193709.225  0.08%  78.8 5905s
 258227 13110 193592.566   49   80 193557.003 193708.549  0.08%  78.8 5910s
 258452 12977     cutoff   45      193557.003 193707.606  0.08%  78.8 5915s
 258679 12857 193562.826   39   98 193557.003 193706.835  0.08%  78.8 5920s
 258916 12740     cutoff   40      193557.003 193706.006  0.08%  78.8 5925s
 259155 12623     cutoff   42      193557.003 193705.170  0.08%  78.8 5930s
 259406 12487     cutoff   40      193557.003 193704.241  0.08%  78.8 5935s
 259641 12347 193589.802   49   85 193557.003 193703.314  0.08%  78.8 5940s
 259892 12234 193560.124   45   91 193557.003 193702.594  0.08%  78.8 5945s
 260114 12111 193612.698   50   69 193557.003 193701.862  0.07%  78.8 5950s
 260361 11964 193596.597   47   89 193557.003 193700.871  0.07%  78.8 5955s
 260598 11825     cutoff   43      193557.003 193699.828  0.07%  78.8 5960s
 260862 11689 193594.010   52   69 193557.003 193698.944  0.07%  78.8 5965s
 261080 11570     cutoff   47      193557.003 193698.205  0.07%  78.8 5970s
 261319 11438     cutoff   39      193557.003 193697.270  0.07%  78.8 5975s
 261566 11306     cutoff   51      193557.003 193696.289  0.07%  78.8 5980s
 261803 11172     cutoff   41      193557.003 193695.140  0.07%  78.8 5985s
 262042 11046     cutoff   42      193557.003 193694.098  0.07%  78.8 5990s
 262309 10905     cutoff   41      193557.003 193693.025  0.07%  78.8 5995s
 262540 10747     cutoff   43      193557.003 193691.872  0.07%  78.8 6000s
 262808 10620 193565.995   46   70 193557.003 193690.999  0.07%  78.8 6005s
 263078 10471     cutoff   45      193557.003 193690.073  0.07%  78.8 6010s
 263347 10321 193564.177   41   96 193557.003 193688.933  0.07%  78.8 6015s
 263628 10184     cutoff   44      193557.003 193687.882  0.07%  78.7 6020s
 263892 10038     cutoff   44      193557.003 193686.498  0.07%  78.7 6025s
 264156  9907 193601.992   41   99 193557.003 193685.483  0.07%  78.7 6030s
 264424  9767 193601.540   44   83 193557.003 193684.424  0.07%  78.7 6035s
 264689  9619     cutoff   42      193557.003 193683.324  0.07%  78.7 6040s
 264946  9483     cutoff   43      193557.003 193682.098  0.06%  78.7 6045s
 265202  9316 193572.099   44   86 193557.003 193680.709  0.06%  78.7 6050s
 265446  9167 193568.442   42   87 193557.003 193679.516  0.06%  78.7 6055s
 265724  9013 193567.951   42   89 193557.003 193678.303  0.06%  78.7 6060s
 265995  8837     cutoff   45      193557.003 193676.880  0.06%  78.7 6065s
 266300  8672     cutoff   39      193557.003 193675.421  0.06%  78.7 6070s
 266590  8497     cutoff   44      193557.003 193674.099  0.06%  78.6 6075s
 266882  8306     cutoff   48      193557.003 193672.518  0.06%  78.6 6080s
 267187  8134 193584.154   52   71 193557.003 193671.227  0.06%  78.6 6085s
 267467  7974     cutoff   44      193557.003 193669.882  0.06%  78.6 6090s
 267756  7792     cutoff   43      193557.003 193668.316  0.06%  78.6 6095s
 268023  7595     cutoff   47      193557.003 193666.411  0.06%  78.6 6100s
 268285  7424     cutoff   42      193557.003 193664.824  0.06%  78.6 6105s
 268573  7230     cutoff   49      193557.003 193662.974  0.05%  78.6 6110s
 268866  7033 193616.349   35  104 193557.003 193661.366  0.05%  78.5 6115s
 269138  6852     cutoff   41      193557.003 193659.694  0.05%  78.5 6120s
 269457  6649 193580.991   47   77 193557.003 193657.666  0.05%  78.5 6125s
 269751  6457 193580.661   44   77 193557.003 193655.928  0.05%  78.5 6130s
 270066  6231     cutoff   43      193557.003 193653.797  0.05%  78.5 6135s
 270331  6016 193576.933   51   73 193557.003 193651.629  0.05%  78.4 6140s
 270591  5841     cutoff   44      193557.003 193649.711  0.05%  78.4 6145s
 270927  5623 193565.441   37  104 193557.003 193647.549  0.05%  78.4 6150s
 271267  5411     cutoff   44      193557.003 193645.142  0.05%  78.3 6155s
 271608  5153 193591.086   45   83 193557.003 193642.404  0.04%  78.3 6160s
 271934  4890     cutoff   45      193557.003 193639.422  0.04%  78.3 6165s
 272285  4601     cutoff   54      193557.003 193635.950  0.04%  78.2 6170s
 272645  4312 193563.577   46   75 193557.003 193632.273  0.04%  78.2 6175s
 273003  4013     cutoff   42      193557.003 193628.103  0.04%  78.2 6180s
 273408  3658     cutoff   46      193557.003 193623.498  0.03%  78.1 6185s
 273841  3291     cutoff   43      193557.003 193617.869  0.03%  78.1 6190s
 274274  2888     cutoff   44      193557.003 193611.864  0.03%  78.0 6195s
 274752  2442     cutoff   50      193557.003 193605.494  0.03%  77.9 6200s
 275245  1964     cutoff   37      193557.003 193597.148  0.02%  77.8 6205s
 275775  1444     cutoff   43      193557.003 193587.855  0.02%  77.7 6210s
 276361   858     cutoff   40      193557.003 193574.925  0.01%  77.6 6215s
 277039   180     cutoff   48      193557.003 193561.135  0.00%  77.4 6220s

Cutting planes:
  Gomory: 11
  Lift-and-project: 2
  MIR: 917
  Flow cover: 651
  RLT: 39
  Relax-and-lift: 10
  Lazy constraints: 1088

Explored 277220 nodes (21455367 simplex iterations) in 6221.17 seconds (7225.57 work units)
Thread count was 1 (of 52 available processors)

Solution count 10: 193557 193509 193298 ... 191405

Optimal solution found (tolerance 0.00e+00)
Best objective 1.935570025872e+05, best bound 1.935570025872e+05, gap 0.0000%

User-callback calls 1174847, time in user-callback 4.85 sec

CPU time spent in the second stage: 6221.17 sec
The LP relaxation bound at the root node: 196284.396103
Termination status of the second stage: OPTIMAL

------------------ end of the second stage -----------------

Total CPU time: 6244.25 sec
Percentage optimality gap: 0.00 %
CPU time spent in separating the cuts: 19.26 sec
Number of explored nodes: 277220
Objective value of the returned solution: 193557.002587
Optimal facility locations: [4, 12, 19, 31, 37, 38, 55, 70, 74, 90, 115, 116, 125, 139, 143, 144, 146, 150, 164, 169, 179, 183, 186, 195, 210, 212, 213, 216, 221, 249, 251, 256, 259, 272, 292, 295]

@end of file
